2023-03-08 12:30:01.068 [background-preinit] INFO  org.hibernate.validator.internal.util.Version:21 - HV000001: Hibernate Validator 6.2.5.Final
2023-03-08 12:30:01.132 [main] ERROR com.dataextract.PropertiesInitializer:51 - Exception while loading the application.properties, Error = E:\DataMigration_Git\DataMigrationAndExtractBranchGit\DATA_MIGRATION_RTGS\DataMigrationAndExtract\DataExtract\config\application.properties
2023-03-08 12:30:01.135 [main] ERROR com.dataextract.PropertiesInitializer:66 - Exception while loading the FileName.properties, Error = E:\DataMigration_Git\DataMigrationAndExtractBranchGit\DATA_MIGRATION_RTGS\DataMigrationAndExtract\DataExtract\config\FileName.properties
2023-03-08 12:30:01.144 [main] INFO  com.dataextract.DataExtractApp:55 - Starting DataExtractApp using Java 17.0.6 on WSIN181 with PID 8404 (E:\DataMigration\DATA_MIGRATION_RTGS\DataMigrationAndExtract\DataExtract\target\classes started by SheikKhadeer in E:\DataMigration\DATA_MIGRATION_RTGS\DataMigrationAndExtract\DataExtract)
2023-03-08 12:30:01.146 [main] INFO  com.dataextract.DataExtractApp:634 - No active profile set, falling back to 1 default profile: "app"
2023-03-08 12:30:01.587 [main] INFO  org.springframework.data.repository.config.RepositoryConfigurationDelegate:132 - Bootstrapping Spring Data JPA repositories in DEFAULT mode.
2023-03-08 12:30:01.673 [main] INFO  org.springframework.data.repository.config.RepositoryConfigurationDelegate:201 - Finished Spring Data repository scanning in 76 ms. Found 12 JPA repository interfaces.
2023-03-08 12:30:01.933 [main] INFO  com.ulisesbocchio.jasyptspringboot.configuration.EnableEncryptablePropertiesBeanFactoryPostProcessor:39 - Post-processing PropertySource instances
2023-03-08 12:30:01.959 [main] INFO  com.ulisesbocchio.jasyptspringboot.EncryptablePropertySourceConverter:56 - Converting PropertySource configurationProperties [org.springframework.boot.context.properties.source.ConfigurationPropertySourcesPropertySource] to AOP Proxy
2023-03-08 12:30:01.960 [main] INFO  com.ulisesbocchio.jasyptspringboot.EncryptablePropertySourceConverter:56 - Converting PropertySource commandLineArgs [org.springframework.core.env.SimpleCommandLinePropertySource] to EncryptableEnumerablePropertySourceWrapper
2023-03-08 12:30:01.961 [main] INFO  com.ulisesbocchio.jasyptspringboot.EncryptablePropertySourceConverter:56 - Converting PropertySource systemProperties [org.springframework.core.env.PropertiesPropertySource] to EncryptableMapPropertySourceWrapper
2023-03-08 12:30:01.961 [main] INFO  com.ulisesbocchio.jasyptspringboot.EncryptablePropertySourceConverter:56 - Converting PropertySource systemEnvironment [org.springframework.boot.env.SystemEnvironmentPropertySourceEnvironmentPostProcessor$OriginAwareSystemEnvironmentPropertySource] to EncryptableSystemEnvironmentPropertySourceWrapper
2023-03-08 12:30:01.962 [main] INFO  com.ulisesbocchio.jasyptspringboot.EncryptablePropertySourceConverter:56 - Converting PropertySource random [org.springframework.boot.env.RandomValuePropertySource] to EncryptablePropertySourceWrapper
2023-03-08 12:30:01.962 [main] INFO  com.ulisesbocchio.jasyptspringboot.EncryptablePropertySourceConverter:56 - Converting PropertySource Config resource 'file [config\application.properties]' via location 'optional:file:./config/' [org.springframework.boot.env.OriginTrackedMapPropertySource] to EncryptableMapPropertySourceWrapper
2023-03-08 12:30:01.963 [main] INFO  com.ulisesbocchio.jasyptspringboot.EncryptablePropertySourceConverter:56 - Converting PropertySource Config resource 'class path resource [application.properties]' via location 'optional:classpath:/' [org.springframework.boot.env.OriginTrackedMapPropertySource] to EncryptableMapPropertySourceWrapper
2023-03-08 12:30:01.963 [main] INFO  com.ulisesbocchio.jasyptspringboot.EncryptablePropertySourceConverter:56 - Converting PropertySource DataMigrationProperties [org.springframework.core.env.MapPropertySource] to EncryptableMapPropertySourceWrapper
2023-03-08 12:30:02.021 [main] INFO  com.ulisesbocchio.jasyptspringboot.filter.DefaultLazyPropertyFilter:31 - Property Filter custom Bean not found with name 'encryptablePropertyFilter'. Initializing Default Property Filter
2023-03-08 12:30:02.098 [main] INFO  com.ulisesbocchio.jasyptspringboot.resolver.DefaultLazyPropertyResolver:35 - Property Resolver custom Bean not found with name 'encryptablePropertyResolver'. Initializing Default Property Resolver
2023-03-08 12:30:02.102 [main] INFO  com.ulisesbocchio.jasyptspringboot.detector.DefaultLazyPropertyDetector:35 - Property Detector custom Bean not found with name 'encryptablePropertyDetector'. Initializing Default Property Detector
2023-03-08 12:30:02.146 [main] INFO  com.ulisesbocchio.jasyptspringboot.encryptor.DefaultLazyEncryptor:37 - String Encryptor custom Bean not found with name 'jasyptStringEncryptor'. Initializing Default String Encryptor
2023-03-08 12:30:02.159 [main] INFO  com.ulisesbocchio.jasyptspringboot.configuration.StringEncryptorBuilder:81 - Encryptor config not found for property jasypt.encryptor.key-obtention-iterations, using default value: 1000
2023-03-08 12:30:02.160 [main] INFO  com.ulisesbocchio.jasyptspringboot.configuration.StringEncryptorBuilder:81 - Encryptor config not found for property jasypt.encryptor.pool-size, using default value: 1
2023-03-08 12:30:02.160 [main] INFO  com.ulisesbocchio.jasyptspringboot.configuration.StringEncryptorBuilder:81 - Encryptor config not found for property jasypt.encryptor.provider-name, using default value: null
2023-03-08 12:30:02.161 [main] INFO  com.ulisesbocchio.jasyptspringboot.configuration.StringEncryptorBuilder:81 - Encryptor config not found for property jasypt.encryptor.provider-class-name, using default value: null
2023-03-08 12:30:02.162 [main] INFO  com.ulisesbocchio.jasyptspringboot.configuration.StringEncryptorBuilder:81 - Encryptor config not found for property jasypt.encryptor.salt-generator-classname, using default value: org.jasypt.salt.RandomSaltGenerator
2023-03-08 12:30:02.164 [main] INFO  com.ulisesbocchio.jasyptspringboot.configuration.StringEncryptorBuilder:81 - Encryptor config not found for property jasypt.encryptor.string-output-type, using default value: base64
2023-03-08 12:30:02.253 [main] INFO  org.hibernate.jpa.internal.util.LogHelper:31 - HHH000204: Processing PersistenceUnitInfo [name: default]
2023-03-08 12:30:02.314 [main] INFO  org.hibernate.Version:44 - HHH000412: Hibernate ORM core version 5.6.11.Final
2023-03-08 12:30:02.497 [main] INFO  org.hibernate.annotations.common.Version:56 - HCANN000001: Hibernate Commons Annotations {5.1.2.Final}
2023-03-08 12:30:02.687 [main] INFO  com.zaxxer.hikari.HikariDataSource:110 - HikariPool-1 - Starting...
