2023-02-13 15:24:24.073 [main] INFO  scrips.datamigration.App:55 - Starting App on WSIN181 with PID 252 (D:\DataMigration\DATA_MIGRATION_RTGS\DataMigrationAndExtract\DataMigration\target\classes started by SheikKhadeer in D:\DataMigration\DATA_MIGRATION_RTGS\DataMigrationAndExtract\DataMigration)
2023-02-13 15:24:24.081 [main] INFO  scrips.datamigration.App:651 - No active profile set, falling back to default profiles: app
2023-02-13 15:24:24.841 [main] INFO  org.springframework.data.repository.config.RepositoryConfigurationDelegate:127 - Bootstrapping Spring Data JPA repositories in DEFAULT mode.
2023-02-13 15:24:25.236 [main] INFO  org.springframework.data.repository.config.RepositoryConfigurationDelegate:187 - Finished Spring Data repository scanning in 386ms. Found 62 JPA repository interfaces.
2023-02-13 15:24:25.509 [main] INFO  com.ulisesbocchio.jasyptspringboot.configuration.EnableEncryptablePropertiesBeanFactoryPostProcessor:39 - Post-processing PropertySource instances
2023-02-13 15:24:25.530 [main] INFO  com.ulisesbocchio.jasyptspringboot.EncryptablePropertySourceConverter:56 - Converting PropertySource configurationProperties [org.springframework.boot.context.properties.source.ConfigurationPropertySourcesPropertySource] to AOP Proxy
2023-02-13 15:24:25.530 [main] INFO  com.ulisesbocchio.jasyptspringboot.EncryptablePropertySourceConverter:56 - Converting PropertySource commandLineArgs [org.springframework.core.env.SimpleCommandLinePropertySource] to EncryptableEnumerablePropertySourceWrapper
2023-02-13 15:24:25.531 [main] INFO  com.ulisesbocchio.jasyptspringboot.EncryptablePropertySourceConverter:56 - Converting PropertySource systemProperties [org.springframework.core.env.PropertiesPropertySource] to EncryptableMapPropertySourceWrapper
2023-02-13 15:24:25.531 [main] INFO  com.ulisesbocchio.jasyptspringboot.EncryptablePropertySourceConverter:56 - Converting PropertySource systemEnvironment [org.springframework.boot.env.SystemEnvironmentPropertySourceEnvironmentPostProcessor$OriginAwareSystemEnvironmentPropertySource] to EncryptableSystemEnvironmentPropertySourceWrapper
2023-02-13 15:24:25.532 [main] INFO  com.ulisesbocchio.jasyptspringboot.EncryptablePropertySourceConverter:56 - Converting PropertySource random [org.springframework.boot.env.RandomValuePropertySource] to EncryptablePropertySourceWrapper
2023-02-13 15:24:25.532 [main] INFO  com.ulisesbocchio.jasyptspringboot.EncryptablePropertySourceConverter:56 - Converting PropertySource applicationConfig: [file:./config/application.properties] [org.springframework.boot.env.OriginTrackedMapPropertySource] to EncryptableMapPropertySourceWrapper
2023-02-13 15:24:25.532 [main] INFO  com.ulisesbocchio.jasyptspringboot.EncryptablePropertySourceConverter:56 - Converting PropertySource applicationConfig: [classpath:/application.properties] [org.springframework.boot.env.OriginTrackedMapPropertySource] to EncryptableMapPropertySourceWrapper
2023-02-13 15:24:25.532 [main] INFO  com.ulisesbocchio.jasyptspringboot.EncryptablePropertySourceConverter:56 - Converting PropertySource DataMigrationProperties [org.springframework.core.env.MapPropertySource] to EncryptableMapPropertySourceWrapper
2023-02-13 15:24:25.615 [main] INFO  com.ulisesbocchio.jasyptspringboot.filter.DefaultLazyPropertyFilter:31 - Property Filter custom Bean not found with name 'encryptablePropertyFilter'. Initializing Default Property Filter
2023-02-13 15:24:25.686 [main] INFO  com.ulisesbocchio.jasyptspringboot.resolver.DefaultLazyPropertyResolver:35 - Property Resolver custom Bean not found with name 'encryptablePropertyResolver'. Initializing Default Property Resolver
2023-02-13 15:24:25.688 [main] INFO  com.ulisesbocchio.jasyptspringboot.detector.DefaultLazyPropertyDetector:35 - Property Detector custom Bean not found with name 'encryptablePropertyDetector'. Initializing Default Property Detector
2023-02-13 15:24:25.695 [main] INFO  com.ulisesbocchio.jasyptspringboot.encryptor.DefaultLazyEncryptor:37 - String Encryptor custom Bean not found with name 'jasyptStringEncryptor'. Initializing Default String Encryptor
2023-02-13 15:24:25.722 [main] INFO  com.ulisesbocchio.jasyptspringboot.configuration.StringEncryptorBuilder:81 - Encryptor config not found for property jasypt.encryptor.key-obtention-iterations, using default value: 1000
2023-02-13 15:24:25.723 [main] INFO  com.ulisesbocchio.jasyptspringboot.configuration.StringEncryptorBuilder:81 - Encryptor config not found for property jasypt.encryptor.pool-size, using default value: 1
2023-02-13 15:24:25.723 [main] INFO  com.ulisesbocchio.jasyptspringboot.configuration.StringEncryptorBuilder:81 - Encryptor config not found for property jasypt.encryptor.provider-name, using default value: null
2023-02-13 15:24:25.723 [main] INFO  com.ulisesbocchio.jasyptspringboot.configuration.StringEncryptorBuilder:81 - Encryptor config not found for property jasypt.encryptor.provider-class-name, using default value: null
2023-02-13 15:24:25.724 [main] INFO  com.ulisesbocchio.jasyptspringboot.configuration.StringEncryptorBuilder:81 - Encryptor config not found for property jasypt.encryptor.salt-generator-classname, using default value: org.jasypt.salt.RandomSaltGenerator
2023-02-13 15:24:25.726 [main] INFO  com.ulisesbocchio.jasyptspringboot.configuration.StringEncryptorBuilder:81 - Encryptor config not found for property jasypt.encryptor.string-output-type, using default value: base64
2023-02-13 15:24:25.883 [main] INFO  org.hibernate.jpa.internal.util.LogHelper:31 - HHH000204: Processing PersistenceUnitInfo [name: data]
2023-02-13 15:24:25.938 [main] INFO  org.hibernate.Version:44 - HHH000412: Hibernate ORM core version 5.4.15.Final
2023-02-13 15:24:26.065 [main] INFO  org.hibernate.annotations.common.Version:49 - HCANN000001: Hibernate Commons Annotations {5.1.0.Final}
2023-02-13 15:24:26.516 [main] INFO  com.zaxxer.hikari.HikariDataSource:110 - HikariPool-1 - Starting...
2023-02-13 15:24:26.653 [main] INFO  com.zaxxer.hikari.HikariDataSource:123 - HikariPool-1 - Start completed.
2023-02-13 15:24:26.683 [main] INFO  org.hibernate.dialect.Dialect:172 - HHH000400: Using dialect: org.hibernate.dialect.MySQL8Dialect
2023-02-13 15:24:26.754 [main] INFO  org.hibernate.envers.boot.internal.EnversServiceImpl:90 - Envers integration enabled? : true
2023-02-13 15:24:28.423 [main] INFO  org.hibernate.engine.transaction.jta.platform.internal.JtaPlatformInitiator:52 - HHH000490: Using JtaPlatform implementation: [org.hibernate.engine.transaction.jta.platform.internal.NoJtaPlatform]
2023-02-13 15:24:28.431 [main] INFO  org.springframework.orm.jpa.LocalContainerEntityManagerFactoryBean:416 - Initialized JPA EntityManagerFactory for persistence unit 'data'
2023-02-13 15:24:30.408 [main] INFO  scrips.datamigration.App:61 - Started App in 6.819 seconds (JVM running for 8.148)
2023-02-13 15:24:30.420 [main] INFO  scrips.datamigration.common.service.FkChecksEnableDisable:36 - disable FkChecks called
2023-02-13 15:24:30.439 [main] DEBUG org.hibernate.SQL:128 - SET FOREIGN_KEY_CHECKS = 0
2023-02-13 15:24:30.450 [main] INFO  scrips.datamigration.common.service.FkChecksEnableDisable:38 - disable FkChecks done
2023-02-13 15:24:30.483 [main] DEBUG org.hibernate.SQL:128 - SELECT @@GLOBAL.foreign_key_checks, @@SESSION.foreign_key_checks
2023-02-13 15:24:30.490 [main] INFO  scrips.datamigration.common.service.FkChecksEnableDisable:52 - foreign_key_checks status - 0
2023-02-13 15:24:30.491 [main] INFO  scrips.datamigration.controller.ScripsFileUploadController:131 - fileUploadCode - SSS_TRANSACTION_FILE_UPLOAD
2023-02-13 15:24:30.491 [main] INFO  scrips.datamigration.common.service.FileUploadService:82 - getFileHeaderByCode entered
2023-02-13 15:24:30.491 [main] INFO  scrips.datamigration.common.service.FileUploadService:88 - fileUploadHeaderOut - sss_transaction
2023-02-13 15:24:30.492 [main] INFO  scrips.datamigration.controller.ScripsFileUploadController:136 - Live table name ->sss_transaction
2023-02-13 15:24:30.494 [main] INFO  scrips.datamigration.common.service.FileUploadService:98 - fieldName  -  sss_reference
2023-02-13 15:24:30.494 [main] INFO  scrips.datamigration.common.service.FileUploadService:98 - fieldName  -  securities_code
2023-02-13 15:24:30.494 [main] INFO  scrips.datamigration.common.service.FileUploadService:98 - fieldName  -  transaction_type
2023-02-13 15:24:30.494 [main] INFO  scrips.datamigration.common.service.FileUploadService:98 - fieldName  -  settlement_date
2023-02-13 15:24:30.494 [main] INFO  scrips.datamigration.common.service.FileUploadService:98 - fieldName  -  trade_date
2023-02-13 15:24:30.494 [main] INFO  scrips.datamigration.common.service.FileUploadService:98 - fieldName  -  currency_code
2023-02-13 15:24:30.494 [main] INFO  scrips.datamigration.common.service.FileUploadService:98 - fieldName  -  settlement_amount
2023-02-13 15:24:30.495 [main] INFO  scrips.datamigration.common.service.FileUploadService:98 - fieldName  -  nominal_amount
2023-02-13 15:24:30.495 [main] INFO  scrips.datamigration.common.service.FileUploadService:98 - fieldName  -  deal_price
2023-02-13 15:24:30.495 [main] INFO  scrips.datamigration.common.service.FileUploadService:98 - fieldName  -  deliverer_member_code
2023-02-13 15:24:30.495 [main] INFO  scrips.datamigration.common.service.FileUploadService:98 - fieldName  -  receiver_member_code
2023-02-13 15:24:30.495 [main] INFO  scrips.datamigration.common.service.FileUploadService:98 - fieldName  -  transaction_reference
2023-02-13 15:24:30.495 [main] INFO  scrips.datamigration.common.service.FileUploadService:98 - fieldName  -  created_date
2023-02-13 15:24:30.495 [main] INFO  scrips.datamigration.common.service.FileUploadService:98 - fieldName  -  modified_date
2023-02-13 15:24:30.495 [main] INFO  scrips.datamigration.common.service.FileUploadService:98 - fieldName  -  receiver_member_swift_code
2023-02-13 15:24:30.495 [main] INFO  scrips.datamigration.common.service.FileUploadService:98 - fieldName  -  message_type
2023-02-13 15:24:30.495 [main] INFO  scrips.datamigration.common.service.FileUploadService:98 - fieldName  -  receiver_rtgs_member_code
2023-02-13 15:24:30.496 [main] INFO  scrips.datamigration.common.service.FileUploadService:98 - fieldName  -  deliverer_rtgs_member_code
2023-02-13 15:24:30.496 [main] INFO  scrips.datamigration.common.service.FileUploadService:98 - fieldName  -  deliverer_account_no
2023-02-13 15:24:30.496 [main] INFO  scrips.datamigration.common.service.FileUploadService:98 - fieldName  -  receiver_account_no
2023-02-13 15:24:30.496 [main] INFO  scrips.datamigration.common.service.FileUploadService:98 - fieldName  -  receiver_sender_id
2023-02-13 15:24:30.496 [main] INFO  scrips.datamigration.common.service.FileUploadService:98 - fieldName  -  deliverer_sender_id
2023-02-13 15:24:30.496 [main] INFO  scrips.datamigration.common.service.FileUploadService:98 - fieldName  -  accured_interest_amount
2023-02-13 15:24:30.496 [main] INFO  scrips.datamigration.common.service.FileUploadService:104 - fileUploadDetails - [scrips.datamigration.fileupload.JpaFileUploadDetails@60c95d8, scrips.datamigration.fileupload.JpaFileUploadDetails@40557b00, scrips.datamigration.fileupload.JpaFileUploadDetails@172e4d3a, scrips.datamigration.fileupload.JpaFileUploadDetails@74faa12, scrips.datamigration.fileupload.JpaFileUploadDetails@650f4d76, scrips.datamigration.fileupload.JpaFileUploadDetails@ee9b7ac, scrips.datamigration.fileupload.JpaFileUploadDetails@6b4b6cd6, scrips.datamigration.fileupload.JpaFileUploadDetails@11ae5497, scrips.datamigration.fileupload.JpaFileUploadDetails@ed5cf29, scrips.datamigration.fileupload.JpaFileUploadDetails@4dc24d88, scrips.datamigration.fileupload.JpaFileUploadDetails@7d5fb53a, scrips.datamigration.fileupload.JpaFileUploadDetails@1e364cea, scrips.datamigration.fileupload.JpaFileUploadDetails@3e3a7482, scrips.datamigration.fileupload.JpaFileUploadDetails@61cbd0c0, scrips.datamigration.fileupload.JpaFileUploadDetails@613d4fa6, scrips.datamigration.fileupload.JpaFileUploadDetails@4d400e77, scrips.datamigration.fileupload.JpaFileUploadDetails@2033fd39, scrips.datamigration.fileupload.JpaFileUploadDetails@1f41742f, scrips.datamigration.fileupload.JpaFileUploadDetails@148a581e, scrips.datamigration.fileupload.JpaFileUploadDetails@59f4df4e, scrips.datamigration.fileupload.JpaFileUploadDetails@66113b7c, scrips.datamigration.fileupload.JpaFileUploadDetails@7265db9d, scrips.datamigration.fileupload.JpaFileUploadDetails@34692767]
2023-02-13 15:24:30.497 [main] INFO  scrips.datamigration.common.service.FileUploadService:48 - ftp status n
2023-02-13 15:24:30.497 [main] INFO  scrips.datamigration.common.service.FileUploadService:64 - FTP Not Enabled,Reading files from MigrationFiles folder
2023-02-13 15:24:30.499 [main] INFO  scrips.datamigration.controller.ScripsFileUploadController:154 - fileRecords - ST2022061005005110298448|SGCANCELSHA7|RPC|20220310|20220310|SGD|1.|.3||MASGSGSG|ZYSASGS0|transaction2|2022-06-09 21:00:51|2022-06-10 10:30:02|2|sese.023.001.09|MAS00001|MASGSGSC|CTR00002|ALO00001|MRF|2|123456789123456789.1
2023-02-13 15:24:30.499 [main] INFO  scrips.datamigration.controller.ScripsFileUploadController:154 - fileRecords - ST2022061005005110298223|SGCANCELSHA7|RPC|20220310|20220310|SGD|1.|.3||MASGSGSG|ZYSASGS0|transaction2|2022-06-09 21:00:51|2022-06-10 10:30:02|2|sese.023.001.09|MAS00001|MASGSGSC|CTR00002|ALO00001|MRF|2|123456789123456789.1
2023-02-13 15:24:30.500 [main] INFO  scrips.datamigration.controller.ScripsFileUploadController:156 - 1:sss_reference
2023-02-13 15:24:30.500 [main] INFO  scrips.datamigration.controller.ScripsFileUploadController:156 - 2:securities_code
2023-02-13 15:24:30.500 [main] INFO  scrips.datamigration.controller.ScripsFileUploadController:156 - 3:transaction_type
2023-02-13 15:24:30.500 [main] INFO  scrips.datamigration.controller.ScripsFileUploadController:156 - 4:settlement_date
2023-02-13 15:24:30.500 [main] INFO  scrips.datamigration.controller.ScripsFileUploadController:156 - 5:trade_date
2023-02-13 15:24:30.500 [main] INFO  scrips.datamigration.controller.ScripsFileUploadController:156 - 6:currency_code
2023-02-13 15:24:30.500 [main] INFO  scrips.datamigration.controller.ScripsFileUploadController:156 - 7:settlement_amount
2023-02-13 15:24:30.500 [main] INFO  scrips.datamigration.controller.ScripsFileUploadController:156 - 8:nominal_amount
2023-02-13 15:24:30.501 [main] INFO  scrips.datamigration.controller.ScripsFileUploadController:156 - 9:deal_price
2023-02-13 15:24:30.501 [main] INFO  scrips.datamigration.controller.ScripsFileUploadController:156 - 10:deliverer_member_code
2023-02-13 15:24:30.501 [main] INFO  scrips.datamigration.controller.ScripsFileUploadController:156 - 11:receiver_member_code
2023-02-13 15:24:30.501 [main] INFO  scrips.datamigration.controller.ScripsFileUploadController:156 - 12:transaction_reference
2023-02-13 15:24:30.501 [main] INFO  scrips.datamigration.controller.ScripsFileUploadController:156 - 13:created_date
2023-02-13 15:24:30.501 [main] INFO  scrips.datamigration.controller.ScripsFileUploadController:156 - 14:modified_date
2023-02-13 15:24:30.501 [main] INFO  scrips.datamigration.controller.ScripsFileUploadController:156 - 15:receiver_member_swift_code
2023-02-13 15:24:30.501 [main] INFO  scrips.datamigration.controller.ScripsFileUploadController:156 - 16:message_type
2023-02-13 15:24:30.502 [main] INFO  scrips.datamigration.controller.ScripsFileUploadController:156 - 17:receiver_rtgs_member_code
2023-02-13 15:24:30.502 [main] INFO  scrips.datamigration.controller.ScripsFileUploadController:156 - 18:deliverer_rtgs_member_code
2023-02-13 15:24:30.502 [main] INFO  scrips.datamigration.controller.ScripsFileUploadController:156 - 19:deliverer_account_no
2023-02-13 15:24:30.502 [main] INFO  scrips.datamigration.controller.ScripsFileUploadController:156 - 20:receiver_account_no
2023-02-13 15:24:30.502 [main] INFO  scrips.datamigration.controller.ScripsFileUploadController:156 - 21:receiver_sender_id
2023-02-13 15:24:30.502 [main] INFO  scrips.datamigration.controller.ScripsFileUploadController:156 - 22:deliverer_sender_id
2023-02-13 15:24:30.502 [main] INFO  scrips.datamigration.controller.ScripsFileUploadController:156 - 23:accured_interest_amount
2023-02-13 15:24:30.508 [main] INFO  scrips.datamigration.sss.service.SssTransactionService:131 - Total records in File: {}2
2023-02-13 15:24:30.530 [main] DEBUG org.hibernate.SQL:128 - insert into transaction_source (accured_interest_amount, balance_type, created_date, currency_code, deal_price, deliverer_account_id, deliverer_account_no, deliverer_beneficiary_account, deliverer_channel, deliverer_member_code, deliverer_member_id, deliverer_onbehalf, deliverer_rtgs_account, deliverer_rtgs_member_code, deliverer_sender_id, erf_reference, grid_lock_indicator, haircut_rate, hold_indicator, id, message_log_id, message_type, migrated_date, modified_date, msg_received_timestamp, nominal_amount, original_account_no, payee_member_swift_code, payer_member_swift_code, payment_type, pdm_indicator, pending_cancellation_indicator, process_flag, processed_date, reason_code, receiver_account_id, receiver_account_no, receiver_channel, receiver_member_code, receiver_member_id, receiver_member_swift_code, receiver_onbehalf, receiver_rtgs_account, receiver_rtgs_member_code, receiver_sender_id, remarks, repo_closing_date, repo_closing_settlement_amount, repo_rate, rollover_count, securities_code, sender_member_code, sender_member_id, sender_member_swift_code, sender_type, settlement_amount, settlement_date, sss_reference, status, trade_date, transaction_reference, transaction_type, underlying_id) values (?, ?, ?, ?, ?, ?, ?, ?, ?, ?, ?, ?, ?, ?, ?, ?, ?, ?, ?, ?, ?, ?, ?, ?, ?, ?, ?, ?, ?, ?, ?, ?, ?, ?, ?, ?, ?, ?, ?, ?, ?, ?, ?, ?, ?, ?, ?, ?, ?, ?, ?, ?, ?, ?, ?, ?, ?, ?, ?, ?, ?, ?, ?)
2023-02-13 15:24:30.839 [main] DEBUG org.hibernate.SQL:128 - select jpasssmemb0_.id as id1_34_, jpasssmemb0_.account_operator as account38_34_, jpasssmemb0_.action as action2_34_, jpasssmemb0_.activation_date as activati3_34_, jpasssmemb0_.approval_remark as approval4_34_, jpasssmemb0_.approved_by as approved5_34_, jpasssmemb0_.approved_date as approved6_34_, jpasssmemb0_.auto_debit_indicator as auto_de39_34_, jpasssmemb0_.billing_profile_id as billing_8_34_, jpasssmemb0_.created_date as created_9_34_, jpasssmemb0_.effective_date as effecti10_34_, jpasssmemb0_.end_of_day_statement as end_of_40_34_, jpasssmemb0_.exempted_from_billing as exempte11_34_, jpasssmemb0_.exempted_from_system_limit as exempte12_34_, jpasssmemb0_.facility_eligibility_id as facilit41_34_, jpasssmemb0_.fall_back_account as fall_ba42_34_, jpasssmemb0_.fi_code as fi_code43_34_, jpasssmemb0_.fi_group as fi_grou13_34_, jpasssmemb0_.issuing_paying_agent as issuing44_34_, jpasssmemb0_.lei as lei14_34_, jpasssmemb0_.location as locatio15_34_, jpasssmemb0_.member_code as member_22_34_, jpasssmemb0_.member_status as member_23_34_, jpasssmemb0_.member_type as member_24_34_, jpasssmemb0_.modified_by as modifie25_34_, jpasssmemb0_.modified_date as modifie26_34_, jpasssmemb0_.name as name27_34_, jpasssmemb0_.primary_dealer as primary45_34_, jpasssmemb0_.rtgs_account as rtgs_ac46_34_, jpasssmemb0_.rtgs_member_code as rtgs_me47_34_, jpasssmemb0_.sector_id as sector_28_34_, jpasssmemb0_.short_name as short_n29_34_, jpasssmemb0_.statement_delivery_bic as stateme48_34_, jpasssmemb0_.status as status30_34_, jpasssmemb0_.swift_bic as swift_b31_34_, jpasssmemb0_.tax_profile_id as tax_pro33_34_, jpasssmemb0_.trader_status as trader_49_34_, jpasssmemb0_.uen as uen34_34_, jpasssmemb0_.verified_by as verifie35_34_, jpasssmemb0_.verified_date as verifie36_34_, jpasssmemb0_.workflow_status_id as workflo37_34_, jpasssmemb0_.zero_holdings_statement as zero_ho50_34_ from member jpasssmemb0_ where jpasssmemb0_.member_code=?
2023-02-13 15:24:30.967 [main] DEBUG org.hibernate.SQL:128 - select jpasssmemb0_.id as id1_34_, jpasssmemb0_.account_operator as account38_34_, jpasssmemb0_.action as action2_34_, jpasssmemb0_.activation_date as activati3_34_, jpasssmemb0_.approval_remark as approval4_34_, jpasssmemb0_.approved_by as approved5_34_, jpasssmemb0_.approved_date as approved6_34_, jpasssmemb0_.auto_debit_indicator as auto_de39_34_, jpasssmemb0_.billing_profile_id as billing_8_34_, jpasssmemb0_.created_date as created_9_34_, jpasssmemb0_.effective_date as effecti10_34_, jpasssmemb0_.end_of_day_statement as end_of_40_34_, jpasssmemb0_.exempted_from_billing as exempte11_34_, jpasssmemb0_.exempted_from_system_limit as exempte12_34_, jpasssmemb0_.facility_eligibility_id as facilit41_34_, jpasssmemb0_.fall_back_account as fall_ba42_34_, jpasssmemb0_.fi_code as fi_code43_34_, jpasssmemb0_.fi_group as fi_grou13_34_, jpasssmemb0_.issuing_paying_agent as issuing44_34_, jpasssmemb0_.lei as lei14_34_, jpasssmemb0_.location as locatio15_34_, jpasssmemb0_.member_code as member_22_34_, jpasssmemb0_.member_status as member_23_34_, jpasssmemb0_.member_type as member_24_34_, jpasssmemb0_.modified_by as modifie25_34_, jpasssmemb0_.modified_date as modifie26_34_, jpasssmemb0_.name as name27_34_, jpasssmemb0_.primary_dealer as primary45_34_, jpasssmemb0_.rtgs_account as rtgs_ac46_34_, jpasssmemb0_.rtgs_member_code as rtgs_me47_34_, jpasssmemb0_.sector_id as sector_28_34_, jpasssmemb0_.short_name as short_n29_34_, jpasssmemb0_.statement_delivery_bic as stateme48_34_, jpasssmemb0_.status as status30_34_, jpasssmemb0_.swift_bic as swift_b31_34_, jpasssmemb0_.tax_profile_id as tax_pro33_34_, jpasssmemb0_.trader_status as trader_49_34_, jpasssmemb0_.uen as uen34_34_, jpasssmemb0_.verified_by as verifie35_34_, jpasssmemb0_.verified_date as verifie36_34_, jpasssmemb0_.workflow_status_id as workflo37_34_, jpasssmemb0_.zero_holdings_statement as zero_ho50_34_ from member jpasssmemb0_ where jpasssmemb0_.member_code=?
2023-02-13 15:24:30.975 [main] DEBUG org.hibernate.SQL:128 - select jpasssacco0_.id as id1_0_, jpasssacco0_.account_id as account_2_0_, jpasssacco0_.account_status as account_3_0_, jpasssacco0_.action as action4_0_, jpasssacco0_.approval_remark as approval5_0_, jpasssacco0_.approved_by as approved6_0_, jpasssacco0_.approved_date as approved7_0_, jpasssacco0_.corporate_investor as corporat8_0_, jpasssacco0_.created_date as created_9_0_, jpasssacco0_.custody_account_type_id as custody10_0_, jpasssacco0_.description as descrip11_0_, jpasssacco0_.effective_date as effecti12_0_, jpasssacco0_.member_id as member_13_0_, jpasssacco0_.modified_by as modifie14_0_, jpasssacco0_.modified_date as modifie15_0_, jpasssacco0_.statement_delivery_bic as stateme16_0_, jpasssacco0_.status as status17_0_, jpasssacco0_.tax_profile_id as tax_pro18_0_, jpasssacco0_.workflow_status_id as workflo19_0_ from account jpasssacco0_ where jpasssacco0_.account_id=?
2023-02-13 15:24:31.031 [main] DEBUG org.hibernate.SQL:128 - select jpasssacco0_.id as id1_0_, jpasssacco0_.account_id as account_2_0_, jpasssacco0_.account_status as account_3_0_, jpasssacco0_.action as action4_0_, jpasssacco0_.approval_remark as approval5_0_, jpasssacco0_.approved_by as approved6_0_, jpasssacco0_.approved_date as approved7_0_, jpasssacco0_.corporate_investor as corporat8_0_, jpasssacco0_.created_date as created_9_0_, jpasssacco0_.custody_account_type_id as custody10_0_, jpasssacco0_.description as descrip11_0_, jpasssacco0_.effective_date as effecti12_0_, jpasssacco0_.member_id as member_13_0_, jpasssacco0_.modified_by as modifie14_0_, jpasssacco0_.modified_date as modifie15_0_, jpasssacco0_.statement_delivery_bic as stateme16_0_, jpasssacco0_.status as status17_0_, jpasssacco0_.tax_profile_id as tax_pro18_0_, jpasssacco0_.workflow_status_id as workflo19_0_ from account jpasssacco0_ where jpasssacco0_.account_id=?
2023-02-13 15:24:31.076 [main] DEBUG org.hibernate.SQL:128 - select jpassstran0_.id as id1_59_0_, jpassstran0_.accured_interest_amount as accured_2_59_0_, jpassstran0_.balance_type as balance_3_59_0_, jpassstran0_.created_date as created_4_59_0_, jpassstran0_.currency_code as currency5_59_0_, jpassstran0_.deal_price as deal_pri6_59_0_, jpassstran0_.deliverer_account_id as delivere7_59_0_, jpassstran0_.deliverer_account_no as delivere8_59_0_, jpassstran0_.deliverer_beneficiary_account as delivere9_59_0_, jpassstran0_.deliverer_channel as deliver10_59_0_, jpassstran0_.deliverer_member_code as deliver11_59_0_, jpassstran0_.deliverer_member_id as deliver12_59_0_, jpassstran0_.deliverer_onbehalf as deliver13_59_0_, jpassstran0_.deliverer_rtgs_account as deliver14_59_0_, jpassstran0_.deliverer_rtgs_member_code as deliver15_59_0_, jpassstran0_.deliverer_sender_id as deliver16_59_0_, jpassstran0_.erf_reference as erf_ref17_59_0_, jpassstran0_.grid_lock_indicator as grid_lo18_59_0_, jpassstran0_.haircut_rate as haircut19_59_0_, jpassstran0_.hold_indicator as hold_in20_59_0_, jpassstran0_.message_log_id as message21_59_0_, jpassstran0_.message_type as message22_59_0_, jpassstran0_.migrated_date as migrate23_59_0_, jpassstran0_.modified_date as modifie24_59_0_, jpassstran0_.msg_received_timestamp as msg_rec25_59_0_, jpassstran0_.nominal_amount as nominal26_59_0_, jpassstran0_.original_account_no as origina27_59_0_, jpassstran0_.payee_member_swift_code as payee_m28_59_0_, jpassstran0_.payer_member_swift_code as payer_m29_59_0_, jpassstran0_.payment_type as payment30_59_0_, jpassstran0_.pdm_indicator as pdm_ind31_59_0_, jpassstran0_.pending_cancellation_indicator as pending32_59_0_, jpassstran0_.process_flag as process33_59_0_, jpassstran0_.processed_date as process34_59_0_, jpassstran0_.reason_code as reason_35_59_0_, jpassstran0_.receiver_account_id as receive36_59_0_, jpassstran0_.receiver_account_no as receive37_59_0_, jpassstran0_.receiver_channel as receive38_59_0_, jpassstran0_.receiver_member_code as receive39_59_0_, jpassstran0_.receiver_member_id as receive40_59_0_, jpassstran0_.receiver_member_swift_code as receive41_59_0_, jpassstran0_.receiver_onbehalf as receive42_59_0_, jpassstran0_.receiver_rtgs_account as receive43_59_0_, jpassstran0_.receiver_rtgs_member_code as receive44_59_0_, jpassstran0_.receiver_sender_id as receive45_59_0_, jpassstran0_.remarks as remarks46_59_0_, jpassstran0_.repo_closing_date as repo_cl47_59_0_, jpassstran0_.repo_closing_settlement_amount as repo_cl48_59_0_, jpassstran0_.repo_rate as repo_ra49_59_0_, jpassstran0_.rollover_count as rollove50_59_0_, jpassstran0_.securities_code as securit51_59_0_, jpassstran0_.sender_member_code as sender_52_59_0_, jpassstran0_.sender_member_id as sender_53_59_0_, jpassstran0_.sender_member_swift_code as sender_54_59_0_, jpassstran0_.sender_type as sender_55_59_0_, jpassstran0_.settlement_amount as settlem56_59_0_, jpassstran0_.settlement_date as settlem57_59_0_, jpassstran0_.sss_reference as sss_ref58_59_0_, jpassstran0_.status as status59_59_0_, jpassstran0_.trade_date as trade_d60_59_0_, jpassstran0_.transaction_reference as transac61_59_0_, jpassstran0_.transaction_type as transac62_59_0_, jpassstran0_.underlying_id as underly63_59_0_ from transaction_temp jpassstran0_ where jpassstran0_.id=?
2023-02-13 15:24:31.115 [main] WARN  org.hibernate.engine.jdbc.spi.SqlExceptionHelper:137 - SQL Error: 1054, SQLState: 42S22
2023-02-13 15:24:31.116 [main] ERROR org.hibernate.engine.jdbc.spi.SqlExceptionHelper:142 - Unknown column 'jpassstran0_.migrated_date' in 'field list'
2023-02-13 15:24:31.117 [main] INFO  org.hibernate.event.internal.DefaultLoadEventListener:116 - HHH000327: Error performing load command
org.hibernate.exception.SQLGrammarException: could not extract ResultSet
	at org.hibernate.exception.internal.SQLExceptionTypeDelegate.convert(SQLExceptionTypeDelegate.java:63) ~[hibernate-core-5.4.15.Final.jar:5.4.15.Final]
	at org.hibernate.exception.internal.StandardSQLExceptionConverter.convert(StandardSQLExceptionConverter.java:42) ~[hibernate-core-5.4.15.Final.jar:5.4.15.Final]
	at org.hibernate.engine.jdbc.spi.SqlExceptionHelper.convert(SqlExceptionHelper.java:113) ~[hibernate-core-5.4.15.Final.jar:5.4.15.Final]
	at org.hibernate.engine.jdbc.spi.SqlExceptionHelper.convert(SqlExceptionHelper.java:99) ~[hibernate-core-5.4.15.Final.jar:5.4.15.Final]
	at org.hibernate.engine.jdbc.internal.ResultSetReturnImpl.extract(ResultSetReturnImpl.java:67) ~[hibernate-core-5.4.15.Final.jar:5.4.15.Final]
	at org.hibernate.loader.Loader.getResultSet(Loader.java:2292) ~[hibernate-core-5.4.15.Final.jar:5.4.15.Final]
	at org.hibernate.loader.Loader.executeQueryStatement(Loader.java:2050) ~[hibernate-core-5.4.15.Final.jar:5.4.15.Final]
	at org.hibernate.loader.Loader.executeQueryStatement(Loader.java:2012) ~[hibernate-core-5.4.15.Final.jar:5.4.15.Final]
	at org.hibernate.loader.Loader.doQuery(Loader.java:953) ~[hibernate-core-5.4.15.Final.jar:5.4.15.Final]
	at org.hibernate.loader.Loader.doQueryAndInitializeNonLazyCollections(Loader.java:354) ~[hibernate-core-5.4.15.Final.jar:5.4.15.Final]
	at org.hibernate.loader.Loader.doQueryAndInitializeNonLazyCollections(Loader.java:324) ~[hibernate-core-5.4.15.Final.jar:5.4.15.Final]
	at org.hibernate.loader.Loader.loadEntity(Loader.java:2410) ~[hibernate-core-5.4.15.Final.jar:5.4.15.Final]
	at org.hibernate.loader.entity.AbstractEntityLoader.load(AbstractEntityLoader.java:74) ~[hibernate-core-5.4.15.Final.jar:5.4.15.Final]
	at org.hibernate.loader.entity.AbstractEntityLoader.load(AbstractEntityLoader.java:63) ~[hibernate-core-5.4.15.Final.jar:5.4.15.Final]
	at org.hibernate.persister.entity.AbstractEntityPersister.doLoad(AbstractEntityPersister.java:4396) ~[hibernate-core-5.4.15.Final.jar:5.4.15.Final]
	at org.hibernate.persister.entity.AbstractEntityPersister.load(AbstractEntityPersister.java:4386) ~[hibernate-core-5.4.15.Final.jar:5.4.15.Final]
	at org.hibernate.event.internal.DefaultLoadEventListener.loadFromDatasource(DefaultLoadEventListener.java:569) ~[hibernate-core-5.4.15.Final.jar:5.4.15.Final]
	at org.hibernate.event.internal.DefaultLoadEventListener.doLoad(DefaultLoadEventListener.java:537) ~[hibernate-core-5.4.15.Final.jar:5.4.15.Final]
	at org.hibernate.event.internal.DefaultLoadEventListener.load(DefaultLoadEventListener.java:208) ~[hibernate-core-5.4.15.Final.jar:5.4.15.Final]
	at org.hibernate.event.internal.DefaultLoadEventListener.proxyOrLoad(DefaultLoadEventListener.java:332) ~[hibernate-core-5.4.15.Final.jar:5.4.15.Final]
	at org.hibernate.event.internal.DefaultLoadEventListener.doOnLoad(DefaultLoadEventListener.java:108) ~[hibernate-core-5.4.15.Final.jar:5.4.15.Final]
	at org.hibernate.event.internal.DefaultLoadEventListener.onLoad(DefaultLoadEventListener.java:74) ~[hibernate-core-5.4.15.Final.jar:5.4.15.Final]
	at org.hibernate.event.service.internal.EventListenerGroupImpl.fireEventOnEachListener(EventListenerGroupImpl.java:113) ~[hibernate-core-5.4.15.Final.jar:5.4.15.Final]
	at org.hibernate.internal.SessionImpl.fireLoadNoChecks(SessionImpl.java:1176) ~[hibernate-core-5.4.15.Final.jar:5.4.15.Final]
	at org.hibernate.internal.SessionImpl.fireLoad(SessionImpl.java:1165) ~[hibernate-core-5.4.15.Final.jar:5.4.15.Final]
	at org.hibernate.internal.SessionImpl.access$2100(SessionImpl.java:194) ~[hibernate-core-5.4.15.Final.jar:5.4.15.Final]
	at org.hibernate.internal.SessionImpl$IdentifierLoadAccessImpl.doLoad(SessionImpl.java:2776) ~[hibernate-core-5.4.15.Final.jar:5.4.15.Final]
	at org.hibernate.internal.SessionImpl$IdentifierLoadAccessImpl.lambda$load$1(SessionImpl.java:2757) ~[hibernate-core-5.4.15.Final.jar:5.4.15.Final]
	at org.hibernate.internal.SessionImpl$IdentifierLoadAccessImpl.perform(SessionImpl.java:2713) ~[hibernate-core-5.4.15.Final.jar:5.4.15.Final]
	at org.hibernate.internal.SessionImpl$IdentifierLoadAccessImpl.load(SessionImpl.java:2757) ~[hibernate-core-5.4.15.Final.jar:5.4.15.Final]
	at org.hibernate.internal.SessionImpl.get(SessionImpl.java:978) ~[hibernate-core-5.4.15.Final.jar:5.4.15.Final]
	at org.hibernate.event.internal.DefaultMergeEventListener.entityIsDetached(DefaultMergeEventListener.java:306) ~[hibernate-core-5.4.15.Final.jar:5.4.15.Final]
	at org.hibernate.event.internal.DefaultMergeEventListener.onMerge(DefaultMergeEventListener.java:172) ~[hibernate-core-5.4.15.Final.jar:5.4.15.Final]
	at org.hibernate.event.internal.DefaultMergeEventListener.onMerge(DefaultMergeEventListener.java:70) ~[hibernate-core-5.4.15.Final.jar:5.4.15.Final]
	at org.hibernate.event.service.internal.EventListenerGroupImpl.fireEventOnEachListener(EventListenerGroupImpl.java:102) ~[hibernate-core-5.4.15.Final.jar:5.4.15.Final]
	at org.hibernate.internal.SessionImpl.fireMerge(SessionImpl.java:783) ~[hibernate-core-5.4.15.Final.jar:5.4.15.Final]
	at org.hibernate.internal.SessionImpl.merge(SessionImpl.java:770) ~[hibernate-core-5.4.15.Final.jar:5.4.15.Final]
	at jdk.internal.reflect.NativeMethodAccessorImpl.invoke0(Native Method) ~[?:?]
	at jdk.internal.reflect.NativeMethodAccessorImpl.invoke(NativeMethodAccessorImpl.java:62) ~[?:?]
	at jdk.internal.reflect.DelegatingMethodAccessorImpl.invoke(DelegatingMethodAccessorImpl.java:43) ~[?:?]
	at java.lang.reflect.Method.invoke(Method.java:566) ~[?:?]
	at org.springframework.orm.jpa.SharedEntityManagerCreator$SharedEntityManagerInvocationHandler.invoke(SharedEntityManagerCreator.java:314) ~[spring-orm-5.2.6.RELEASE.jar:5.2.6.RELEASE]
	at com.sun.proxy.$Proxy89.merge(Unknown Source) ~[?:?]
	at org.springframework.data.jpa.repository.support.SimpleJpaRepository.save(SimpleJpaRepository.java:557) ~[spring-data-jpa-2.3.0.RELEASE.jar:2.3.0.RELEASE]
	at jdk.internal.reflect.NativeMethodAccessorImpl.invoke0(Native Method) ~[?:?]
	at jdk.internal.reflect.NativeMethodAccessorImpl.invoke(NativeMethodAccessorImpl.java:62) ~[?:?]
	at jdk.internal.reflect.DelegatingMethodAccessorImpl.invoke(DelegatingMethodAccessorImpl.java:43) ~[?:?]
	at java.lang.reflect.Method.invoke(Method.java:566) ~[?:?]
	at org.springframework.data.repository.core.support.ImplementationInvocationMetadata.invoke(ImplementationInvocationMetadata.java:72) ~[spring-data-commons-2.3.0.RELEASE.jar:2.3.0.RELEASE]
	at org.springframework.data.repository.core.support.RepositoryComposition$RepositoryFragments.invoke(RepositoryComposition.java:382) ~[spring-data-commons-2.3.0.RELEASE.jar:2.3.0.RELEASE]
	at org.springframework.data.repository.core.support.RepositoryComposition.invoke(RepositoryComposition.java:205) ~[spring-data-commons-2.3.0.RELEASE.jar:2.3.0.RELEASE]
	at org.springframework.data.repository.core.support.RepositoryFactorySupport$ImplementationMethodExecutionInterceptor.invoke(RepositoryFactorySupport.java:549) ~[spring-data-commons-2.3.0.RELEASE.jar:2.3.0.RELEASE]
	at org.springframework.aop.framework.ReflectiveMethodInvocation.proceed(ReflectiveMethodInvocation.java:186) ~[spring-aop-5.2.6.RELEASE.jar:5.2.6.RELEASE]
	at org.springframework.data.repository.core.support.QueryExecutorMethodInterceptor.doInvoke(QueryExecutorMethodInterceptor.java:155) ~[spring-data-commons-2.3.0.RELEASE.jar:2.3.0.RELEASE]
	at org.springframework.data.repository.core.support.QueryExecutorMethodInterceptor.invoke(QueryExecutorMethodInterceptor.java:130) ~[spring-data-commons-2.3.0.RELEASE.jar:2.3.0.RELEASE]
	at org.springframework.aop.framework.ReflectiveMethodInvocation.proceed(ReflectiveMethodInvocation.java:186) ~[spring-aop-5.2.6.RELEASE.jar:5.2.6.RELEASE]
	at org.springframework.data.projection.DefaultMethodInvokingMethodInterceptor.invoke(DefaultMethodInvokingMethodInterceptor.java:80) ~[spring-data-commons-2.3.0.RELEASE.jar:2.3.0.RELEASE]
	at org.springframework.aop.framework.ReflectiveMethodInvocation.proceed(ReflectiveMethodInvocation.java:186) ~[spring-aop-5.2.6.RELEASE.jar:5.2.6.RELEASE]
	at org.springframework.transaction.interceptor.TransactionAspectSupport.invokeWithinTransaction(TransactionAspectSupport.java:366) [spring-tx-5.2.6.RELEASE.jar:5.2.6.RELEASE]
	at org.springframework.transaction.interceptor.TransactionInterceptor.invoke(TransactionInterceptor.java:118) [spring-tx-5.2.6.RELEASE.jar:5.2.6.RELEASE]
	at org.springframework.aop.framework.ReflectiveMethodInvocation.proceed(ReflectiveMethodInvocation.java:186) [spring-aop-5.2.6.RELEASE.jar:5.2.6.RELEASE]
	at org.springframework.dao.support.PersistenceExceptionTranslationInterceptor.invoke(PersistenceExceptionTranslationInterceptor.java:139) [spring-tx-5.2.6.RELEASE.jar:5.2.6.RELEASE]
	at org.springframework.aop.framework.ReflectiveMethodInvocation.proceed(ReflectiveMethodInvocation.java:186) [spring-aop-5.2.6.RELEASE.jar:5.2.6.RELEASE]
	at org.springframework.data.jpa.repository.support.CrudMethodMetadataPostProcessor$CrudMethodMetadataPopulatingMethodInterceptor.invoke(CrudMethodMetadataPostProcessor.java:178) [spring-data-jpa-2.3.0.RELEASE.jar:2.3.0.RELEASE]
	at org.springframework.aop.framework.ReflectiveMethodInvocation.proceed(ReflectiveMethodInvocation.java:186) [spring-aop-5.2.6.RELEASE.jar:5.2.6.RELEASE]
	at org.springframework.aop.interceptor.ExposeInvocationInterceptor.invoke(ExposeInvocationInterceptor.java:95) [spring-aop-5.2.6.RELEASE.jar:5.2.6.RELEASE]
	at org.springframework.aop.framework.ReflectiveMethodInvocation.proceed(ReflectiveMethodInvocation.java:186) [spring-aop-5.2.6.RELEASE.jar:5.2.6.RELEASE]
	at org.springframework.aop.framework.JdkDynamicAopProxy.invoke(JdkDynamicAopProxy.java:212) [spring-aop-5.2.6.RELEASE.jar:5.2.6.RELEASE]
	at com.sun.proxy.$Proxy128.save(Unknown Source) [?:?]
	at scrips.datamigration.sss.service.SssTransactionService.convertTransactionSourceToTransactionTemp(SssTransactionService.java:394) [classes/:?]
	at scrips.datamigration.sss.service.SssTransactionService.migrateSssTransaction(SssTransactionService.java:67) [classes/:?]
	at scrips.datamigration.controller.ScripsFileUploadController.migrateFile(ScripsFileUploadController.java:171) [classes/:?]
	at scrips.datamigration.App.main(App.java:35) [classes/:?]
Caused by: java.sql.SQLSyntaxErrorException: Unknown column 'jpassstran0_.migrated_date' in 'field list'
	at com.mysql.cj.jdbc.exceptions.SQLError.createSQLException(SQLError.java:120) ~[mysql-connector-java-8.0.20.jar:8.0.20]
	at com.mysql.cj.jdbc.exceptions.SQLError.createSQLException(SQLError.java:97) ~[mysql-connector-java-8.0.20.jar:8.0.20]
	at com.mysql.cj.jdbc.exceptions.SQLExceptionsMapping.translateException(SQLExceptionsMapping.java:122) ~[mysql-connector-java-8.0.20.jar:8.0.20]
	at com.mysql.cj.jdbc.ClientPreparedStatement.executeInternal(ClientPreparedStatement.java:953) ~[mysql-connector-java-8.0.20.jar:8.0.20]
	at com.mysql.cj.jdbc.ClientPreparedStatement.executeQuery(ClientPreparedStatement.java:1003) ~[mysql-connector-java-8.0.20.jar:8.0.20]
	at com.zaxxer.hikari.pool.ProxyPreparedStatement.executeQuery(ProxyPreparedStatement.java:52) ~[HikariCP-3.4.5.jar:?]
	at com.zaxxer.hikari.pool.HikariProxyPreparedStatement.executeQuery(HikariProxyPreparedStatement.java) ~[HikariCP-3.4.5.jar:?]
	at org.hibernate.engine.jdbc.internal.ResultSetReturnImpl.extract(ResultSetReturnImpl.java:57) ~[hibernate-core-5.4.15.Final.jar:5.4.15.Final]
	... 68 more
2023-02-13 15:24:31.136 [main] ERROR scrips.datamigration.sss.service.SssTransactionService:454 - Error in temp could not extract ResultSet; SQL [n/a]; nested exception is org.hibernate.exception.SQLGrammarException: could not extract ResultSet
2023-02-13 15:24:31.141 [main] DEBUG org.hibernate.SQL:128 - select jpassstran0_.seq as seq1_58_0_, jpassstran0_.accured_interest_amount as accured_2_58_0_, jpassstran0_.balance_type as balance_3_58_0_, jpassstran0_.created_date as created_4_58_0_, jpassstran0_.currency_code as currency5_58_0_, jpassstran0_.deal_price as deal_pri6_58_0_, jpassstran0_.deliverer_account_id as delivere7_58_0_, jpassstran0_.deliverer_account_no as delivere8_58_0_, jpassstran0_.deliverer_beneficiary_account as delivere9_58_0_, jpassstran0_.deliverer_channel as deliver10_58_0_, jpassstran0_.deliverer_member_code as deliver11_58_0_, jpassstran0_.deliverer_member_id as deliver12_58_0_, jpassstran0_.deliverer_onbehalf as deliver13_58_0_, jpassstran0_.deliverer_rtgs_account as deliver14_58_0_, jpassstran0_.deliverer_rtgs_member_code as deliver15_58_0_, jpassstran0_.deliverer_sender_id as deliver16_58_0_, jpassstran0_.erf_reference as erf_ref17_58_0_, jpassstran0_.grid_lock_indicator as grid_lo18_58_0_, jpassstran0_.haircut_rate as haircut19_58_0_, jpassstran0_.hold_indicator as hold_in20_58_0_, jpassstran0_.id as id21_58_0_, jpassstran0_.message_log_id as message22_58_0_, jpassstran0_.message_type as message23_58_0_, jpassstran0_.migrated_date as migrate24_58_0_, jpassstran0_.modified_date as modifie25_58_0_, jpassstran0_.msg_received_timestamp as msg_rec26_58_0_, jpassstran0_.nominal_amount as nominal27_58_0_, jpassstran0_.original_account_no as origina28_58_0_, jpassstran0_.payee_member_swift_code as payee_m29_58_0_, jpassstran0_.payer_member_swift_code as payer_m30_58_0_, jpassstran0_.payment_type as payment31_58_0_, jpassstran0_.pdm_indicator as pdm_ind32_58_0_, jpassstran0_.pending_cancellation_indicator as pending33_58_0_, jpassstran0_.process_flag as process34_58_0_, jpassstran0_.processed_date as process35_58_0_, jpassstran0_.reason_code as reason_36_58_0_, jpassstran0_.receiver_account_id as receive37_58_0_, jpassstran0_.receiver_account_no as receive38_58_0_, jpassstran0_.receiver_channel as receive39_58_0_, jpassstran0_.receiver_member_code as receive40_58_0_, jpassstran0_.receiver_member_id as receive41_58_0_, jpassstran0_.receiver_member_swift_code as receive42_58_0_, jpassstran0_.receiver_onbehalf as receive43_58_0_, jpassstran0_.receiver_rtgs_account as receive44_58_0_, jpassstran0_.receiver_rtgs_member_code as receive45_58_0_, jpassstran0_.receiver_sender_id as receive46_58_0_, jpassstran0_.remarks as remarks47_58_0_, jpassstran0_.repo_closing_date as repo_cl48_58_0_, jpassstran0_.repo_closing_settlement_amount as repo_cl49_58_0_, jpassstran0_.repo_rate as repo_ra50_58_0_, jpassstran0_.rollover_count as rollove51_58_0_, jpassstran0_.securities_code as securit52_58_0_, jpassstran0_.sender_member_code as sender_53_58_0_, jpassstran0_.sender_member_id as sender_54_58_0_, jpassstran0_.sender_member_swift_code as sender_55_58_0_, jpassstran0_.sender_type as sender_56_58_0_, jpassstran0_.settlement_amount as settlem57_58_0_, jpassstran0_.settlement_date as settlem58_58_0_, jpassstran0_.sss_reference as sss_ref59_58_0_, jpassstran0_.status as status60_58_0_, jpassstran0_.trade_date as trade_d61_58_0_, jpassstran0_.transaction_reference as transac62_58_0_, jpassstran0_.transaction_type as transac63_58_0_, jpassstran0_.underlying_id as underly64_58_0_ from transaction_source jpassstran0_ where jpassstran0_.seq=?
2023-02-13 15:24:31.153 [main] DEBUG org.hibernate.SQL:128 - update transaction_source set accured_interest_amount=?, balance_type=?, created_date=?, currency_code=?, deal_price=?, deliverer_account_id=?, deliverer_account_no=?, deliverer_beneficiary_account=?, deliverer_channel=?, deliverer_member_code=?, deliverer_member_id=?, deliverer_onbehalf=?, deliverer_rtgs_account=?, deliverer_rtgs_member_code=?, deliverer_sender_id=?, erf_reference=?, grid_lock_indicator=?, haircut_rate=?, hold_indicator=?, id=?, message_log_id=?, message_type=?, migrated_date=?, modified_date=?, msg_received_timestamp=?, nominal_amount=?, original_account_no=?, payee_member_swift_code=?, payer_member_swift_code=?, payment_type=?, pdm_indicator=?, pending_cancellation_indicator=?, process_flag=?, processed_date=?, reason_code=?, receiver_account_id=?, receiver_account_no=?, receiver_channel=?, receiver_member_code=?, receiver_member_id=?, receiver_member_swift_code=?, receiver_onbehalf=?, receiver_rtgs_account=?, receiver_rtgs_member_code=?, receiver_sender_id=?, remarks=?, repo_closing_date=?, repo_closing_settlement_amount=?, repo_rate=?, rollover_count=?, securities_code=?, sender_member_code=?, sender_member_id=?, sender_member_swift_code=?, sender_type=?, settlement_amount=?, settlement_date=?, sss_reference=?, status=?, trade_date=?, transaction_reference=?, transaction_type=?, underlying_id=? where seq=?
2023-02-13 15:24:31.262 [main] DEBUG org.hibernate.SQL:128 - insert into transaction_source (accured_interest_amount, balance_type, created_date, currency_code, deal_price, deliverer_account_id, deliverer_account_no, deliverer_beneficiary_account, deliverer_channel, deliverer_member_code, deliverer_member_id, deliverer_onbehalf, deliverer_rtgs_account, deliverer_rtgs_member_code, deliverer_sender_id, erf_reference, grid_lock_indicator, haircut_rate, hold_indicator, id, message_log_id, message_type, migrated_date, modified_date, msg_received_timestamp, nominal_amount, original_account_no, payee_member_swift_code, payer_member_swift_code, payment_type, pdm_indicator, pending_cancellation_indicator, process_flag, processed_date, reason_code, receiver_account_id, receiver_account_no, receiver_channel, receiver_member_code, receiver_member_id, receiver_member_swift_code, receiver_onbehalf, receiver_rtgs_account, receiver_rtgs_member_code, receiver_sender_id, remarks, repo_closing_date, repo_closing_settlement_amount, repo_rate, rollover_count, securities_code, sender_member_code, sender_member_id, sender_member_swift_code, sender_type, settlement_amount, settlement_date, sss_reference, status, trade_date, transaction_reference, transaction_type, underlying_id) values (?, ?, ?, ?, ?, ?, ?, ?, ?, ?, ?, ?, ?, ?, ?, ?, ?, ?, ?, ?, ?, ?, ?, ?, ?, ?, ?, ?, ?, ?, ?, ?, ?, ?, ?, ?, ?, ?, ?, ?, ?, ?, ?, ?, ?, ?, ?, ?, ?, ?, ?, ?, ?, ?, ?, ?, ?, ?, ?, ?, ?, ?, ?)
2023-02-13 15:24:31.482 [main] DEBUG org.hibernate.SQL:128 - select jpasssmemb0_.id as id1_34_, jpasssmemb0_.account_operator as account38_34_, jpasssmemb0_.action as action2_34_, jpasssmemb0_.activation_date as activati3_34_, jpasssmemb0_.approval_remark as approval4_34_, jpasssmemb0_.approved_by as approved5_34_, jpasssmemb0_.approved_date as approved6_34_, jpasssmemb0_.auto_debit_indicator as auto_de39_34_, jpasssmemb0_.billing_profile_id as billing_8_34_, jpasssmemb0_.created_date as created_9_34_, jpasssmemb0_.effective_date as effecti10_34_, jpasssmemb0_.end_of_day_statement as end_of_40_34_, jpasssmemb0_.exempted_from_billing as exempte11_34_, jpasssmemb0_.exempted_from_system_limit as exempte12_34_, jpasssmemb0_.facility_eligibility_id as facilit41_34_, jpasssmemb0_.fall_back_account as fall_ba42_34_, jpasssmemb0_.fi_code as fi_code43_34_, jpasssmemb0_.fi_group as fi_grou13_34_, jpasssmemb0_.issuing_paying_agent as issuing44_34_, jpasssmemb0_.lei as lei14_34_, jpasssmemb0_.location as locatio15_34_, jpasssmemb0_.member_code as member_22_34_, jpasssmemb0_.member_status as member_23_34_, jpasssmemb0_.member_type as member_24_34_, jpasssmemb0_.modified_by as modifie25_34_, jpasssmemb0_.modified_date as modifie26_34_, jpasssmemb0_.name as name27_34_, jpasssmemb0_.primary_dealer as primary45_34_, jpasssmemb0_.rtgs_account as rtgs_ac46_34_, jpasssmemb0_.rtgs_member_code as rtgs_me47_34_, jpasssmemb0_.sector_id as sector_28_34_, jpasssmemb0_.short_name as short_n29_34_, jpasssmemb0_.statement_delivery_bic as stateme48_34_, jpasssmemb0_.status as status30_34_, jpasssmemb0_.swift_bic as swift_b31_34_, jpasssmemb0_.tax_profile_id as tax_pro33_34_, jpasssmemb0_.trader_status as trader_49_34_, jpasssmemb0_.uen as uen34_34_, jpasssmemb0_.verified_by as verifie35_34_, jpasssmemb0_.verified_date as verifie36_34_, jpasssmemb0_.workflow_status_id as workflo37_34_, jpasssmemb0_.zero_holdings_statement as zero_ho50_34_ from member jpasssmemb0_ where jpasssmemb0_.member_code=?
2023-02-13 15:24:31.491 [main] DEBUG org.hibernate.SQL:128 - select jpasssmemb0_.id as id1_34_, jpasssmemb0_.account_operator as account38_34_, jpasssmemb0_.action as action2_34_, jpasssmemb0_.activation_date as activati3_34_, jpasssmemb0_.approval_remark as approval4_34_, jpasssmemb0_.approved_by as approved5_34_, jpasssmemb0_.approved_date as approved6_34_, jpasssmemb0_.auto_debit_indicator as auto_de39_34_, jpasssmemb0_.billing_profile_id as billing_8_34_, jpasssmemb0_.created_date as created_9_34_, jpasssmemb0_.effective_date as effecti10_34_, jpasssmemb0_.end_of_day_statement as end_of_40_34_, jpasssmemb0_.exempted_from_billing as exempte11_34_, jpasssmemb0_.exempted_from_system_limit as exempte12_34_, jpasssmemb0_.facility_eligibility_id as facilit41_34_, jpasssmemb0_.fall_back_account as fall_ba42_34_, jpasssmemb0_.fi_code as fi_code43_34_, jpasssmemb0_.fi_group as fi_grou13_34_, jpasssmemb0_.issuing_paying_agent as issuing44_34_, jpasssmemb0_.lei as lei14_34_, jpasssmemb0_.location as locatio15_34_, jpasssmemb0_.member_code as member_22_34_, jpasssmemb0_.member_status as member_23_34_, jpasssmemb0_.member_type as member_24_34_, jpasssmemb0_.modified_by as modifie25_34_, jpasssmemb0_.modified_date as modifie26_34_, jpasssmemb0_.name as name27_34_, jpasssmemb0_.primary_dealer as primary45_34_, jpasssmemb0_.rtgs_account as rtgs_ac46_34_, jpasssmemb0_.rtgs_member_code as rtgs_me47_34_, jpasssmemb0_.sector_id as sector_28_34_, jpasssmemb0_.short_name as short_n29_34_, jpasssmemb0_.statement_delivery_bic as stateme48_34_, jpasssmemb0_.status as status30_34_, jpasssmemb0_.swift_bic as swift_b31_34_, jpasssmemb0_.tax_profile_id as tax_pro33_34_, jpasssmemb0_.trader_status as trader_49_34_, jpasssmemb0_.uen as uen34_34_, jpasssmemb0_.verified_by as verifie35_34_, jpasssmemb0_.verified_date as verifie36_34_, jpasssmemb0_.workflow_status_id as workflo37_34_, jpasssmemb0_.zero_holdings_statement as zero_ho50_34_ from member jpasssmemb0_ where jpasssmemb0_.member_code=?
2023-02-13 15:24:31.500 [main] DEBUG org.hibernate.SQL:128 - select jpasssacco0_.id as id1_0_, jpasssacco0_.account_id as account_2_0_, jpasssacco0_.account_status as account_3_0_, jpasssacco0_.action as action4_0_, jpasssacco0_.approval_remark as approval5_0_, jpasssacco0_.approved_by as approved6_0_, jpasssacco0_.approved_date as approved7_0_, jpasssacco0_.corporate_investor as corporat8_0_, jpasssacco0_.created_date as created_9_0_, jpasssacco0_.custody_account_type_id as custody10_0_, jpasssacco0_.description as descrip11_0_, jpasssacco0_.effective_date as effecti12_0_, jpasssacco0_.member_id as member_13_0_, jpasssacco0_.modified_by as modifie14_0_, jpasssacco0_.modified_date as modifie15_0_, jpasssacco0_.statement_delivery_bic as stateme16_0_, jpasssacco0_.status as status17_0_, jpasssacco0_.tax_profile_id as tax_pro18_0_, jpasssacco0_.workflow_status_id as workflo19_0_ from account jpasssacco0_ where jpasssacco0_.account_id=?
2023-02-13 15:24:31.506 [main] DEBUG org.hibernate.SQL:128 - select jpasssacco0_.id as id1_0_, jpasssacco0_.account_id as account_2_0_, jpasssacco0_.account_status as account_3_0_, jpasssacco0_.action as action4_0_, jpasssacco0_.approval_remark as approval5_0_, jpasssacco0_.approved_by as approved6_0_, jpasssacco0_.approved_date as approved7_0_, jpasssacco0_.corporate_investor as corporat8_0_, jpasssacco0_.created_date as created_9_0_, jpasssacco0_.custody_account_type_id as custody10_0_, jpasssacco0_.description as descrip11_0_, jpasssacco0_.effective_date as effecti12_0_, jpasssacco0_.member_id as member_13_0_, jpasssacco0_.modified_by as modifie14_0_, jpasssacco0_.modified_date as modifie15_0_, jpasssacco0_.statement_delivery_bic as stateme16_0_, jpasssacco0_.status as status17_0_, jpasssacco0_.tax_profile_id as tax_pro18_0_, jpasssacco0_.workflow_status_id as workflo19_0_ from account jpasssacco0_ where jpasssacco0_.account_id=?
2023-02-13 15:24:31.512 [main] DEBUG org.hibernate.SQL:128 - select jpassstran0_.id as id1_59_0_, jpassstran0_.accured_interest_amount as accured_2_59_0_, jpassstran0_.balance_type as balance_3_59_0_, jpassstran0_.created_date as created_4_59_0_, jpassstran0_.currency_code as currency5_59_0_, jpassstran0_.deal_price as deal_pri6_59_0_, jpassstran0_.deliverer_account_id as delivere7_59_0_, jpassstran0_.deliverer_account_no as delivere8_59_0_, jpassstran0_.deliverer_beneficiary_account as delivere9_59_0_, jpassstran0_.deliverer_channel as deliver10_59_0_, jpassstran0_.deliverer_member_code as deliver11_59_0_, jpassstran0_.deliverer_member_id as deliver12_59_0_, jpassstran0_.deliverer_onbehalf as deliver13_59_0_, jpassstran0_.deliverer_rtgs_account as deliver14_59_0_, jpassstran0_.deliverer_rtgs_member_code as deliver15_59_0_, jpassstran0_.deliverer_sender_id as deliver16_59_0_, jpassstran0_.erf_reference as erf_ref17_59_0_, jpassstran0_.grid_lock_indicator as grid_lo18_59_0_, jpassstran0_.haircut_rate as haircut19_59_0_, jpassstran0_.hold_indicator as hold_in20_59_0_, jpassstran0_.message_log_id as message21_59_0_, jpassstran0_.message_type as message22_59_0_, jpassstran0_.migrated_date as migrate23_59_0_, jpassstran0_.modified_date as modifie24_59_0_, jpassstran0_.msg_received_timestamp as msg_rec25_59_0_, jpassstran0_.nominal_amount as nominal26_59_0_, jpassstran0_.original_account_no as origina27_59_0_, jpassstran0_.payee_member_swift_code as payee_m28_59_0_, jpassstran0_.payer_member_swift_code as payer_m29_59_0_, jpassstran0_.payment_type as payment30_59_0_, jpassstran0_.pdm_indicator as pdm_ind31_59_0_, jpassstran0_.pending_cancellation_indicator as pending32_59_0_, jpassstran0_.process_flag as process33_59_0_, jpassstran0_.processed_date as process34_59_0_, jpassstran0_.reason_code as reason_35_59_0_, jpassstran0_.receiver_account_id as receive36_59_0_, jpassstran0_.receiver_account_no as receive37_59_0_, jpassstran0_.receiver_channel as receive38_59_0_, jpassstran0_.receiver_member_code as receive39_59_0_, jpassstran0_.receiver_member_id as receive40_59_0_, jpassstran0_.receiver_member_swift_code as receive41_59_0_, jpassstran0_.receiver_onbehalf as receive42_59_0_, jpassstran0_.receiver_rtgs_account as receive43_59_0_, jpassstran0_.receiver_rtgs_member_code as receive44_59_0_, jpassstran0_.receiver_sender_id as receive45_59_0_, jpassstran0_.remarks as remarks46_59_0_, jpassstran0_.repo_closing_date as repo_cl47_59_0_, jpassstran0_.repo_closing_settlement_amount as repo_cl48_59_0_, jpassstran0_.repo_rate as repo_ra49_59_0_, jpassstran0_.rollover_count as rollove50_59_0_, jpassstran0_.securities_code as securit51_59_0_, jpassstran0_.sender_member_code as sender_52_59_0_, jpassstran0_.sender_member_id as sender_53_59_0_, jpassstran0_.sender_member_swift_code as sender_54_59_0_, jpassstran0_.sender_type as sender_55_59_0_, jpassstran0_.settlement_amount as settlem56_59_0_, jpassstran0_.settlement_date as settlem57_59_0_, jpassstran0_.sss_reference as sss_ref58_59_0_, jpassstran0_.status as status59_59_0_, jpassstran0_.trade_date as trade_d60_59_0_, jpassstran0_.transaction_reference as transac61_59_0_, jpassstran0_.transaction_type as transac62_59_0_, jpassstran0_.underlying_id as underly63_59_0_ from transaction_temp jpassstran0_ where jpassstran0_.id=?
2023-02-13 15:24:31.515 [main] WARN  org.hibernate.engine.jdbc.spi.SqlExceptionHelper:137 - SQL Error: 1054, SQLState: 42S22
2023-02-13 15:24:31.515 [main] ERROR org.hibernate.engine.jdbc.spi.SqlExceptionHelper:142 - Unknown column 'jpassstran0_.migrated_date' in 'field list'
2023-02-13 15:24:31.516 [main] INFO  org.hibernate.event.internal.DefaultLoadEventListener:116 - HHH000327: Error performing load command
org.hibernate.exception.SQLGrammarException: could not extract ResultSet
	at org.hibernate.exception.internal.SQLExceptionTypeDelegate.convert(SQLExceptionTypeDelegate.java:63) ~[hibernate-core-5.4.15.Final.jar:5.4.15.Final]
	at org.hibernate.exception.internal.StandardSQLExceptionConverter.convert(StandardSQLExceptionConverter.java:42) ~[hibernate-core-5.4.15.Final.jar:5.4.15.Final]
	at org.hibernate.engine.jdbc.spi.SqlExceptionHelper.convert(SqlExceptionHelper.java:113) ~[hibernate-core-5.4.15.Final.jar:5.4.15.Final]
	at org.hibernate.engine.jdbc.spi.SqlExceptionHelper.convert(SqlExceptionHelper.java:99) ~[hibernate-core-5.4.15.Final.jar:5.4.15.Final]
	at org.hibernate.engine.jdbc.internal.ResultSetReturnImpl.extract(ResultSetReturnImpl.java:67) ~[hibernate-core-5.4.15.Final.jar:5.4.15.Final]
	at org.hibernate.loader.Loader.getResultSet(Loader.java:2292) ~[hibernate-core-5.4.15.Final.jar:5.4.15.Final]
	at org.hibernate.loader.Loader.executeQueryStatement(Loader.java:2050) ~[hibernate-core-5.4.15.Final.jar:5.4.15.Final]
	at org.hibernate.loader.Loader.executeQueryStatement(Loader.java:2012) ~[hibernate-core-5.4.15.Final.jar:5.4.15.Final]
	at org.hibernate.loader.Loader.doQuery(Loader.java:953) ~[hibernate-core-5.4.15.Final.jar:5.4.15.Final]
	at org.hibernate.loader.Loader.doQueryAndInitializeNonLazyCollections(Loader.java:354) ~[hibernate-core-5.4.15.Final.jar:5.4.15.Final]
	at org.hibernate.loader.Loader.doQueryAndInitializeNonLazyCollections(Loader.java:324) ~[hibernate-core-5.4.15.Final.jar:5.4.15.Final]
	at org.hibernate.loader.Loader.loadEntity(Loader.java:2410) ~[hibernate-core-5.4.15.Final.jar:5.4.15.Final]
	at org.hibernate.loader.entity.AbstractEntityLoader.load(AbstractEntityLoader.java:74) ~[hibernate-core-5.4.15.Final.jar:5.4.15.Final]
	at org.hibernate.loader.entity.AbstractEntityLoader.load(AbstractEntityLoader.java:63) ~[hibernate-core-5.4.15.Final.jar:5.4.15.Final]
	at org.hibernate.persister.entity.AbstractEntityPersister.doLoad(AbstractEntityPersister.java:4396) ~[hibernate-core-5.4.15.Final.jar:5.4.15.Final]
	at org.hibernate.persister.entity.AbstractEntityPersister.load(AbstractEntityPersister.java:4386) ~[hibernate-core-5.4.15.Final.jar:5.4.15.Final]
	at org.hibernate.event.internal.DefaultLoadEventListener.loadFromDatasource(DefaultLoadEventListener.java:569) ~[hibernate-core-5.4.15.Final.jar:5.4.15.Final]
	at org.hibernate.event.internal.DefaultLoadEventListener.doLoad(DefaultLoadEventListener.java:537) ~[hibernate-core-5.4.15.Final.jar:5.4.15.Final]
	at org.hibernate.event.internal.DefaultLoadEventListener.load(DefaultLoadEventListener.java:208) ~[hibernate-core-5.4.15.Final.jar:5.4.15.Final]
	at org.hibernate.event.internal.DefaultLoadEventListener.proxyOrLoad(DefaultLoadEventListener.java:332) ~[hibernate-core-5.4.15.Final.jar:5.4.15.Final]
	at org.hibernate.event.internal.DefaultLoadEventListener.doOnLoad(DefaultLoadEventListener.java:108) ~[hibernate-core-5.4.15.Final.jar:5.4.15.Final]
	at org.hibernate.event.internal.DefaultLoadEventListener.onLoad(DefaultLoadEventListener.java:74) ~[hibernate-core-5.4.15.Final.jar:5.4.15.Final]
	at org.hibernate.event.service.internal.EventListenerGroupImpl.fireEventOnEachListener(EventListenerGroupImpl.java:113) ~[hibernate-core-5.4.15.Final.jar:5.4.15.Final]
	at org.hibernate.internal.SessionImpl.fireLoadNoChecks(SessionImpl.java:1176) ~[hibernate-core-5.4.15.Final.jar:5.4.15.Final]
	at org.hibernate.internal.SessionImpl.fireLoad(SessionImpl.java:1165) ~[hibernate-core-5.4.15.Final.jar:5.4.15.Final]
	at org.hibernate.internal.SessionImpl.access$2100(SessionImpl.java:194) ~[hibernate-core-5.4.15.Final.jar:5.4.15.Final]
	at org.hibernate.internal.SessionImpl$IdentifierLoadAccessImpl.doLoad(SessionImpl.java:2776) ~[hibernate-core-5.4.15.Final.jar:5.4.15.Final]
	at org.hibernate.internal.SessionImpl$IdentifierLoadAccessImpl.lambda$load$1(SessionImpl.java:2757) ~[hibernate-core-5.4.15.Final.jar:5.4.15.Final]
	at org.hibernate.internal.SessionImpl$IdentifierLoadAccessImpl.perform(SessionImpl.java:2713) ~[hibernate-core-5.4.15.Final.jar:5.4.15.Final]
	at org.hibernate.internal.SessionImpl$IdentifierLoadAccessImpl.load(SessionImpl.java:2757) ~[hibernate-core-5.4.15.Final.jar:5.4.15.Final]
	at org.hibernate.internal.SessionImpl.get(SessionImpl.java:978) ~[hibernate-core-5.4.15.Final.jar:5.4.15.Final]
	at org.hibernate.event.internal.DefaultMergeEventListener.entityIsDetached(DefaultMergeEventListener.java:306) ~[hibernate-core-5.4.15.Final.jar:5.4.15.Final]
	at org.hibernate.event.internal.DefaultMergeEventListener.onMerge(DefaultMergeEventListener.java:172) ~[hibernate-core-5.4.15.Final.jar:5.4.15.Final]
	at org.hibernate.event.internal.DefaultMergeEventListener.onMerge(DefaultMergeEventListener.java:70) ~[hibernate-core-5.4.15.Final.jar:5.4.15.Final]
	at org.hibernate.event.service.internal.EventListenerGroupImpl.fireEventOnEachListener(EventListenerGroupImpl.java:102) ~[hibernate-core-5.4.15.Final.jar:5.4.15.Final]
	at org.hibernate.internal.SessionImpl.fireMerge(SessionImpl.java:783) ~[hibernate-core-5.4.15.Final.jar:5.4.15.Final]
	at org.hibernate.internal.SessionImpl.merge(SessionImpl.java:770) ~[hibernate-core-5.4.15.Final.jar:5.4.15.Final]
	at jdk.internal.reflect.NativeMethodAccessorImpl.invoke0(Native Method) ~[?:?]
	at jdk.internal.reflect.NativeMethodAccessorImpl.invoke(NativeMethodAccessorImpl.java:62) ~[?:?]
	at jdk.internal.reflect.DelegatingMethodAccessorImpl.invoke(DelegatingMethodAccessorImpl.java:43) ~[?:?]
	at java.lang.reflect.Method.invoke(Method.java:566) ~[?:?]
	at org.springframework.orm.jpa.SharedEntityManagerCreator$SharedEntityManagerInvocationHandler.invoke(SharedEntityManagerCreator.java:314) ~[spring-orm-5.2.6.RELEASE.jar:5.2.6.RELEASE]
	at com.sun.proxy.$Proxy89.merge(Unknown Source) ~[?:?]
	at org.springframework.data.jpa.repository.support.SimpleJpaRepository.save(SimpleJpaRepository.java:557) ~[spring-data-jpa-2.3.0.RELEASE.jar:2.3.0.RELEASE]
	at jdk.internal.reflect.NativeMethodAccessorImpl.invoke0(Native Method) ~[?:?]
	at jdk.internal.reflect.NativeMethodAccessorImpl.invoke(NativeMethodAccessorImpl.java:62) ~[?:?]
	at jdk.internal.reflect.DelegatingMethodAccessorImpl.invoke(DelegatingMethodAccessorImpl.java:43) ~[?:?]
	at java.lang.reflect.Method.invoke(Method.java:566) ~[?:?]
	at org.springframework.data.repository.core.support.ImplementationInvocationMetadata.invoke(ImplementationInvocationMetadata.java:72) ~[spring-data-commons-2.3.0.RELEASE.jar:2.3.0.RELEASE]
	at org.springframework.data.repository.core.support.RepositoryComposition$RepositoryFragments.invoke(RepositoryComposition.java:382) ~[spring-data-commons-2.3.0.RELEASE.jar:2.3.0.RELEASE]
	at org.springframework.data.repository.core.support.RepositoryComposition.invoke(RepositoryComposition.java:205) ~[spring-data-commons-2.3.0.RELEASE.jar:2.3.0.RELEASE]
	at org.springframework.data.repository.core.support.RepositoryFactorySupport$ImplementationMethodExecutionInterceptor.invoke(RepositoryFactorySupport.java:549) ~[spring-data-commons-2.3.0.RELEASE.jar:2.3.0.RELEASE]
	at org.springframework.aop.framework.ReflectiveMethodInvocation.proceed(ReflectiveMethodInvocation.java:186) ~[spring-aop-5.2.6.RELEASE.jar:5.2.6.RELEASE]
	at org.springframework.data.repository.core.support.QueryExecutorMethodInterceptor.doInvoke(QueryExecutorMethodInterceptor.java:155) ~[spring-data-commons-2.3.0.RELEASE.jar:2.3.0.RELEASE]
	at org.springframework.data.repository.core.support.QueryExecutorMethodInterceptor.invoke(QueryExecutorMethodInterceptor.java:130) ~[spring-data-commons-2.3.0.RELEASE.jar:2.3.0.RELEASE]
	at org.springframework.aop.framework.ReflectiveMethodInvocation.proceed(ReflectiveMethodInvocation.java:186) ~[spring-aop-5.2.6.RELEASE.jar:5.2.6.RELEASE]
	at org.springframework.data.projection.DefaultMethodInvokingMethodInterceptor.invoke(DefaultMethodInvokingMethodInterceptor.java:80) ~[spring-data-commons-2.3.0.RELEASE.jar:2.3.0.RELEASE]
	at org.springframework.aop.framework.ReflectiveMethodInvocation.proceed(ReflectiveMethodInvocation.java:186) ~[spring-aop-5.2.6.RELEASE.jar:5.2.6.RELEASE]
	at org.springframework.transaction.interceptor.TransactionAspectSupport.invokeWithinTransaction(TransactionAspectSupport.java:366) [spring-tx-5.2.6.RELEASE.jar:5.2.6.RELEASE]
	at org.springframework.transaction.interceptor.TransactionInterceptor.invoke(TransactionInterceptor.java:118) [spring-tx-5.2.6.RELEASE.jar:5.2.6.RELEASE]
	at org.springframework.aop.framework.ReflectiveMethodInvocation.proceed(ReflectiveMethodInvocation.java:186) [spring-aop-5.2.6.RELEASE.jar:5.2.6.RELEASE]
	at org.springframework.dao.support.PersistenceExceptionTranslationInterceptor.invoke(PersistenceExceptionTranslationInterceptor.java:139) [spring-tx-5.2.6.RELEASE.jar:5.2.6.RELEASE]
	at org.springframework.aop.framework.ReflectiveMethodInvocation.proceed(ReflectiveMethodInvocation.java:186) [spring-aop-5.2.6.RELEASE.jar:5.2.6.RELEASE]
	at org.springframework.data.jpa.repository.support.CrudMethodMetadataPostProcessor$CrudMethodMetadataPopulatingMethodInterceptor.invoke(CrudMethodMetadataPostProcessor.java:178) [spring-data-jpa-2.3.0.RELEASE.jar:2.3.0.RELEASE]
	at org.springframework.aop.framework.ReflectiveMethodInvocation.proceed(ReflectiveMethodInvocation.java:186) [spring-aop-5.2.6.RELEASE.jar:5.2.6.RELEASE]
	at org.springframework.aop.interceptor.ExposeInvocationInterceptor.invoke(ExposeInvocationInterceptor.java:95) [spring-aop-5.2.6.RELEASE.jar:5.2.6.RELEASE]
	at org.springframework.aop.framework.ReflectiveMethodInvocation.proceed(ReflectiveMethodInvocation.java:186) [spring-aop-5.2.6.RELEASE.jar:5.2.6.RELEASE]
	at org.springframework.aop.framework.JdkDynamicAopProxy.invoke(JdkDynamicAopProxy.java:212) [spring-aop-5.2.6.RELEASE.jar:5.2.6.RELEASE]
	at com.sun.proxy.$Proxy128.save(Unknown Source) [?:?]
	at scrips.datamigration.sss.service.SssTransactionService.convertTransactionSourceToTransactionTemp(SssTransactionService.java:394) [classes/:?]
	at scrips.datamigration.sss.service.SssTransactionService.migrateSssTransaction(SssTransactionService.java:67) [classes/:?]
	at scrips.datamigration.controller.ScripsFileUploadController.migrateFile(ScripsFileUploadController.java:171) [classes/:?]
	at scrips.datamigration.App.main(App.java:35) [classes/:?]
Caused by: java.sql.SQLSyntaxErrorException: Unknown column 'jpassstran0_.migrated_date' in 'field list'
	at com.mysql.cj.jdbc.exceptions.SQLError.createSQLException(SQLError.java:120) ~[mysql-connector-java-8.0.20.jar:8.0.20]
	at com.mysql.cj.jdbc.exceptions.SQLError.createSQLException(SQLError.java:97) ~[mysql-connector-java-8.0.20.jar:8.0.20]
	at com.mysql.cj.jdbc.exceptions.SQLExceptionsMapping.translateException(SQLExceptionsMapping.java:122) ~[mysql-connector-java-8.0.20.jar:8.0.20]
	at com.mysql.cj.jdbc.ClientPreparedStatement.executeInternal(ClientPreparedStatement.java:953) ~[mysql-connector-java-8.0.20.jar:8.0.20]
	at com.mysql.cj.jdbc.ClientPreparedStatement.executeQuery(ClientPreparedStatement.java:1003) ~[mysql-connector-java-8.0.20.jar:8.0.20]
	at com.zaxxer.hikari.pool.ProxyPreparedStatement.executeQuery(ProxyPreparedStatement.java:52) ~[HikariCP-3.4.5.jar:?]
	at com.zaxxer.hikari.pool.HikariProxyPreparedStatement.executeQuery(HikariProxyPreparedStatement.java) ~[HikariCP-3.4.5.jar:?]
	at org.hibernate.engine.jdbc.internal.ResultSetReturnImpl.extract(ResultSetReturnImpl.java:57) ~[hibernate-core-5.4.15.Final.jar:5.4.15.Final]
	... 68 more
2023-02-13 15:24:31.523 [main] ERROR scrips.datamigration.sss.service.SssTransactionService:454 - Error in temp could not extract ResultSet; SQL [n/a]; nested exception is org.hibernate.exception.SQLGrammarException: could not extract ResultSet
2023-02-13 15:24:31.539 [main] DEBUG org.hibernate.SQL:128 - select jpassstran0_.seq as seq1_58_0_, jpassstran0_.accured_interest_amount as accured_2_58_0_, jpassstran0_.balance_type as balance_3_58_0_, jpassstran0_.created_date as created_4_58_0_, jpassstran0_.currency_code as currency5_58_0_, jpassstran0_.deal_price as deal_pri6_58_0_, jpassstran0_.deliverer_account_id as delivere7_58_0_, jpassstran0_.deliverer_account_no as delivere8_58_0_, jpassstran0_.deliverer_beneficiary_account as delivere9_58_0_, jpassstran0_.deliverer_channel as deliver10_58_0_, jpassstran0_.deliverer_member_code as deliver11_58_0_, jpassstran0_.deliverer_member_id as deliver12_58_0_, jpassstran0_.deliverer_onbehalf as deliver13_58_0_, jpassstran0_.deliverer_rtgs_account as deliver14_58_0_, jpassstran0_.deliverer_rtgs_member_code as deliver15_58_0_, jpassstran0_.deliverer_sender_id as deliver16_58_0_, jpassstran0_.erf_reference as erf_ref17_58_0_, jpassstran0_.grid_lock_indicator as grid_lo18_58_0_, jpassstran0_.haircut_rate as haircut19_58_0_, jpassstran0_.hold_indicator as hold_in20_58_0_, jpassstran0_.id as id21_58_0_, jpassstran0_.message_log_id as message22_58_0_, jpassstran0_.message_type as message23_58_0_, jpassstran0_.migrated_date as migrate24_58_0_, jpassstran0_.modified_date as modifie25_58_0_, jpassstran0_.msg_received_timestamp as msg_rec26_58_0_, jpassstran0_.nominal_amount as nominal27_58_0_, jpassstran0_.original_account_no as origina28_58_0_, jpassstran0_.payee_member_swift_code as payee_m29_58_0_, jpassstran0_.payer_member_swift_code as payer_m30_58_0_, jpassstran0_.payment_type as payment31_58_0_, jpassstran0_.pdm_indicator as pdm_ind32_58_0_, jpassstran0_.pending_cancellation_indicator as pending33_58_0_, jpassstran0_.process_flag as process34_58_0_, jpassstran0_.processed_date as process35_58_0_, jpassstran0_.reason_code as reason_36_58_0_, jpassstran0_.receiver_account_id as receive37_58_0_, jpassstran0_.receiver_account_no as receive38_58_0_, jpassstran0_.receiver_channel as receive39_58_0_, jpassstran0_.receiver_member_code as receive40_58_0_, jpassstran0_.receiver_member_id as receive41_58_0_, jpassstran0_.receiver_member_swift_code as receive42_58_0_, jpassstran0_.receiver_onbehalf as receive43_58_0_, jpassstran0_.receiver_rtgs_account as receive44_58_0_, jpassstran0_.receiver_rtgs_member_code as receive45_58_0_, jpassstran0_.receiver_sender_id as receive46_58_0_, jpassstran0_.remarks as remarks47_58_0_, jpassstran0_.repo_closing_date as repo_cl48_58_0_, jpassstran0_.repo_closing_settlement_amount as repo_cl49_58_0_, jpassstran0_.repo_rate as repo_ra50_58_0_, jpassstran0_.rollover_count as rollove51_58_0_, jpassstran0_.securities_code as securit52_58_0_, jpassstran0_.sender_member_code as sender_53_58_0_, jpassstran0_.sender_member_id as sender_54_58_0_, jpassstran0_.sender_member_swift_code as sender_55_58_0_, jpassstran0_.sender_type as sender_56_58_0_, jpassstran0_.settlement_amount as settlem57_58_0_, jpassstran0_.settlement_date as settlem58_58_0_, jpassstran0_.sss_reference as sss_ref59_58_0_, jpassstran0_.status as status60_58_0_, jpassstran0_.trade_date as trade_d61_58_0_, jpassstran0_.transaction_reference as transac62_58_0_, jpassstran0_.transaction_type as transac63_58_0_, jpassstran0_.underlying_id as underly64_58_0_ from transaction_source jpassstran0_ where jpassstran0_.seq=?
2023-02-13 15:24:31.544 [main] DEBUG org.hibernate.SQL:128 - update transaction_source set accured_interest_amount=?, balance_type=?, created_date=?, currency_code=?, deal_price=?, deliverer_account_id=?, deliverer_account_no=?, deliverer_beneficiary_account=?, deliverer_channel=?, deliverer_member_code=?, deliverer_member_id=?, deliverer_onbehalf=?, deliverer_rtgs_account=?, deliverer_rtgs_member_code=?, deliverer_sender_id=?, erf_reference=?, grid_lock_indicator=?, haircut_rate=?, hold_indicator=?, id=?, message_log_id=?, message_type=?, migrated_date=?, modified_date=?, msg_received_timestamp=?, nominal_amount=?, original_account_no=?, payee_member_swift_code=?, payer_member_swift_code=?, payment_type=?, pdm_indicator=?, pending_cancellation_indicator=?, process_flag=?, processed_date=?, reason_code=?, receiver_account_id=?, receiver_account_no=?, receiver_channel=?, receiver_member_code=?, receiver_member_id=?, receiver_member_swift_code=?, receiver_onbehalf=?, receiver_rtgs_account=?, receiver_rtgs_member_code=?, receiver_sender_id=?, remarks=?, repo_closing_date=?, repo_closing_settlement_amount=?, repo_rate=?, rollover_count=?, securities_code=?, sender_member_code=?, sender_member_id=?, sender_member_swift_code=?, sender_type=?, settlement_amount=?, settlement_date=?, sss_reference=?, status=?, trade_date=?, transaction_reference=?, transaction_type=?, underlying_id=? where seq=?
2023-02-13 15:24:31.616 [main] INFO  scrips.datamigration.common.service.FkChecksEnableDisable:23 - enable FkChecks called
2023-02-13 15:24:31.616 [main] DEBUG org.hibernate.SQL:128 - SET FOREIGN_KEY_CHECKS = 1
2023-02-13 15:24:31.617 [main] INFO  scrips.datamigration.common.service.FkChecksEnableDisable:25 - enable FkChecks done
2023-02-13 15:24:31.618 [main] DEBUG org.hibernate.SQL:128 - SELECT @@GLOBAL.foreign_key_checks, @@SESSION.foreign_key_checks
2023-02-13 15:24:31.620 [main] INFO  scrips.datamigration.common.service.FkChecksEnableDisable:52 - foreign_key_checks status - 1
2023-02-13 15:24:31.621 [main] INFO  scrips.datamigration.App:77 - Process completed in (Hours:Minutes:Seconds) 0:0:8
2023-02-13 15:24:31.634 [SpringContextShutdownHook] INFO  org.springframework.orm.jpa.LocalContainerEntityManagerFactoryBean:598 - Closing JPA EntityManagerFactory for persistence unit 'data'
2023-02-13 15:24:31.637 [SpringContextShutdownHook] INFO  com.zaxxer.hikari.HikariDataSource:350 - HikariPool-1 - Shutdown initiated...
2023-02-13 15:24:31.648 [SpringContextShutdownHook] INFO  com.zaxxer.hikari.HikariDataSource:352 - HikariPool-1 - Shutdown completed.
