2023-02-13 14:30:55.692 [main] INFO  scrips.datamigration.App:55 - Starting App on WSIN181 with PID 11440 (D:\DataMigration\DATA_MIGRATION_RTGS\DataMigrationAndExtract\DataMigration\target\classes started by SheikKhadeer in D:\DataMigration\DATA_MIGRATION_RTGS\DataMigrationAndExtract\DataMigration)
2023-02-13 14:30:55.698 [main] INFO  scrips.datamigration.App:651 - No active profile set, falling back to default profiles: app
2023-02-13 14:30:56.429 [main] INFO  org.springframework.data.repository.config.RepositoryConfigurationDelegate:127 - Bootstrapping Spring Data JPA repositories in DEFAULT mode.
2023-02-13 14:30:56.838 [main] INFO  org.springframework.data.repository.config.RepositoryConfigurationDelegate:187 - Finished Spring Data repository scanning in 401ms. Found 62 JPA repository interfaces.
2023-02-13 14:30:57.116 [main] INFO  com.ulisesbocchio.jasyptspringboot.configuration.EnableEncryptablePropertiesBeanFactoryPostProcessor:39 - Post-processing PropertySource instances
2023-02-13 14:30:57.138 [main] INFO  com.ulisesbocchio.jasyptspringboot.EncryptablePropertySourceConverter:56 - Converting PropertySource configurationProperties [org.springframework.boot.context.properties.source.ConfigurationPropertySourcesPropertySource] to AOP Proxy
2023-02-13 14:30:57.138 [main] INFO  com.ulisesbocchio.jasyptspringboot.EncryptablePropertySourceConverter:56 - Converting PropertySource commandLineArgs [org.springframework.core.env.SimpleCommandLinePropertySource] to EncryptableEnumerablePropertySourceWrapper
2023-02-13 14:30:57.139 [main] INFO  com.ulisesbocchio.jasyptspringboot.EncryptablePropertySourceConverter:56 - Converting PropertySource systemProperties [org.springframework.core.env.PropertiesPropertySource] to EncryptableMapPropertySourceWrapper
2023-02-13 14:30:57.139 [main] INFO  com.ulisesbocchio.jasyptspringboot.EncryptablePropertySourceConverter:56 - Converting PropertySource systemEnvironment [org.springframework.boot.env.SystemEnvironmentPropertySourceEnvironmentPostProcessor$OriginAwareSystemEnvironmentPropertySource] to EncryptableSystemEnvironmentPropertySourceWrapper
2023-02-13 14:30:57.139 [main] INFO  com.ulisesbocchio.jasyptspringboot.EncryptablePropertySourceConverter:56 - Converting PropertySource random [org.springframework.boot.env.RandomValuePropertySource] to EncryptablePropertySourceWrapper
2023-02-13 14:30:57.140 [main] INFO  com.ulisesbocchio.jasyptspringboot.EncryptablePropertySourceConverter:56 - Converting PropertySource applicationConfig: [file:./config/application.properties] [org.springframework.boot.env.OriginTrackedMapPropertySource] to EncryptableMapPropertySourceWrapper
2023-02-13 14:30:57.140 [main] INFO  com.ulisesbocchio.jasyptspringboot.EncryptablePropertySourceConverter:56 - Converting PropertySource applicationConfig: [classpath:/application.properties] [org.springframework.boot.env.OriginTrackedMapPropertySource] to EncryptableMapPropertySourceWrapper
2023-02-13 14:30:57.140 [main] INFO  com.ulisesbocchio.jasyptspringboot.EncryptablePropertySourceConverter:56 - Converting PropertySource DataMigrationProperties [org.springframework.core.env.MapPropertySource] to EncryptableMapPropertySourceWrapper
2023-02-13 14:30:57.228 [main] INFO  com.ulisesbocchio.jasyptspringboot.filter.DefaultLazyPropertyFilter:31 - Property Filter custom Bean not found with name 'encryptablePropertyFilter'. Initializing Default Property Filter
2023-02-13 14:30:57.300 [main] INFO  com.ulisesbocchio.jasyptspringboot.resolver.DefaultLazyPropertyResolver:35 - Property Resolver custom Bean not found with name 'encryptablePropertyResolver'. Initializing Default Property Resolver
2023-02-13 14:30:57.303 [main] INFO  com.ulisesbocchio.jasyptspringboot.detector.DefaultLazyPropertyDetector:35 - Property Detector custom Bean not found with name 'encryptablePropertyDetector'. Initializing Default Property Detector
2023-02-13 14:30:57.309 [main] INFO  com.ulisesbocchio.jasyptspringboot.encryptor.DefaultLazyEncryptor:37 - String Encryptor custom Bean not found with name 'jasyptStringEncryptor'. Initializing Default String Encryptor
2023-02-13 14:30:57.337 [main] INFO  com.ulisesbocchio.jasyptspringboot.configuration.StringEncryptorBuilder:81 - Encryptor config not found for property jasypt.encryptor.key-obtention-iterations, using default value: 1000
2023-02-13 14:30:57.338 [main] INFO  com.ulisesbocchio.jasyptspringboot.configuration.StringEncryptorBuilder:81 - Encryptor config not found for property jasypt.encryptor.pool-size, using default value: 1
2023-02-13 14:30:57.338 [main] INFO  com.ulisesbocchio.jasyptspringboot.configuration.StringEncryptorBuilder:81 - Encryptor config not found for property jasypt.encryptor.provider-name, using default value: null
2023-02-13 14:30:57.339 [main] INFO  com.ulisesbocchio.jasyptspringboot.configuration.StringEncryptorBuilder:81 - Encryptor config not found for property jasypt.encryptor.provider-class-name, using default value: null
2023-02-13 14:30:57.339 [main] INFO  com.ulisesbocchio.jasyptspringboot.configuration.StringEncryptorBuilder:81 - Encryptor config not found for property jasypt.encryptor.salt-generator-classname, using default value: org.jasypt.salt.RandomSaltGenerator
2023-02-13 14:30:57.341 [main] INFO  com.ulisesbocchio.jasyptspringboot.configuration.StringEncryptorBuilder:81 - Encryptor config not found for property jasypt.encryptor.string-output-type, using default value: base64
2023-02-13 14:30:57.499 [main] INFO  org.hibernate.jpa.internal.util.LogHelper:31 - HHH000204: Processing PersistenceUnitInfo [name: data]
2023-02-13 14:30:57.555 [main] INFO  org.hibernate.Version:44 - HHH000412: Hibernate ORM core version 5.4.15.Final
2023-02-13 14:30:57.682 [main] INFO  org.hibernate.annotations.common.Version:49 - HCANN000001: Hibernate Commons Annotations {5.1.0.Final}
2023-02-13 14:30:58.106 [main] INFO  com.zaxxer.hikari.HikariDataSource:110 - HikariPool-1 - Starting...
2023-02-13 14:30:58.246 [main] INFO  com.zaxxer.hikari.HikariDataSource:123 - HikariPool-1 - Start completed.
2023-02-13 14:30:58.276 [main] INFO  org.hibernate.dialect.Dialect:172 - HHH000400: Using dialect: org.hibernate.dialect.MySQL8Dialect
2023-02-13 14:30:58.346 [main] INFO  org.hibernate.envers.boot.internal.EnversServiceImpl:90 - Envers integration enabled? : true
2023-02-13 14:31:00.033 [main] INFO  org.hibernate.engine.transaction.jta.platform.internal.JtaPlatformInitiator:52 - HHH000490: Using JtaPlatform implementation: [org.hibernate.engine.transaction.jta.platform.internal.NoJtaPlatform]
2023-02-13 14:31:00.041 [main] INFO  org.springframework.orm.jpa.LocalContainerEntityManagerFactoryBean:416 - Initialized JPA EntityManagerFactory for persistence unit 'data'
2023-02-13 14:31:01.955 [main] INFO  scrips.datamigration.App:61 - Started App in 6.734 seconds (JVM running for 8.222)
2023-02-13 14:31:01.966 [main] INFO  scrips.datamigration.common.service.FkChecksEnableDisable:36 - disable FkChecks called
2023-02-13 14:31:01.985 [main] DEBUG org.hibernate.SQL:128 - SET FOREIGN_KEY_CHECKS = 0
2023-02-13 14:31:01.996 [main] INFO  scrips.datamigration.common.service.FkChecksEnableDisable:38 - disable FkChecks done
2023-02-13 14:31:02.026 [main] DEBUG org.hibernate.SQL:128 - SELECT @@GLOBAL.foreign_key_checks, @@SESSION.foreign_key_checks
2023-02-13 14:31:02.034 [main] INFO  scrips.datamigration.common.service.FkChecksEnableDisable:52 - foreign_key_checks status - 0
2023-02-13 14:31:02.034 [main] INFO  scrips.datamigration.controller.ScripsFileUploadController:131 - fileUploadCode - SSS_SECURITIES_CODE_STATISTICS_FILE_UPLOAD
2023-02-13 14:31:02.034 [main] INFO  scrips.datamigration.common.service.FileUploadService:82 - getFileHeaderByCode entered
2023-02-13 14:31:02.034 [main] INFO  scrips.datamigration.common.service.FileUploadService:88 - fileUploadHeaderOut - sss_securities_code_statistics
2023-02-13 14:31:02.034 [main] INFO  scrips.datamigration.controller.ScripsFileUploadController:136 - Live table name ->sss_securities_code_statistics
2023-02-13 14:31:02.036 [main] INFO  scrips.datamigration.common.service.FileUploadService:98 - fieldName  -  securities_code
2023-02-13 14:31:02.036 [main] INFO  scrips.datamigration.common.service.FileUploadService:98 - fieldName  -  total_redeemed_amount
2023-02-13 14:31:02.036 [main] INFO  scrips.datamigration.common.service.FileUploadService:98 - fieldName  -  total_redeemed_amount_for_erf
2023-02-13 14:31:02.036 [main] INFO  scrips.datamigration.common.service.FileUploadService:98 - fieldName  -  outstanding_nominal_amount
2023-02-13 14:31:02.037 [main] INFO  scrips.datamigration.common.service.FileUploadService:98 - fieldName  -  next_coupon_date
2023-02-13 14:31:02.037 [main] INFO  scrips.datamigration.common.service.FileUploadService:98 - fieldName  -  last_coupon_date
2023-02-13 14:31:02.037 [main] INFO  scrips.datamigration.common.service.FileUploadService:98 - fieldName  -  next_index_end_date
2023-02-13 14:31:02.037 [main] INFO  scrips.datamigration.common.service.FileUploadService:98 - fieldName  -  amount_alloted_to_central_bank
2023-02-13 14:31:02.037 [main] INFO  scrips.datamigration.common.service.FileUploadService:98 - fieldName  -  amount_alloted_to_others
2023-02-13 14:31:02.037 [main] INFO  scrips.datamigration.common.service.FileUploadService:98 - fieldName  -  total_nominal_amount_issued_for_erf
2023-02-13 14:31:02.037 [main] INFO  scrips.datamigration.common.service.FileUploadService:104 - fileUploadDetails - [scrips.datamigration.fileupload.JpaFileUploadDetails@1e364cea, scrips.datamigration.fileupload.JpaFileUploadDetails@3e3a7482, scrips.datamigration.fileupload.JpaFileUploadDetails@61cbd0c0, scrips.datamigration.fileupload.JpaFileUploadDetails@613d4fa6, scrips.datamigration.fileupload.JpaFileUploadDetails@4d400e77, scrips.datamigration.fileupload.JpaFileUploadDetails@2033fd39, scrips.datamigration.fileupload.JpaFileUploadDetails@1f41742f, scrips.datamigration.fileupload.JpaFileUploadDetails@148a581e, scrips.datamigration.fileupload.JpaFileUploadDetails@59f4df4e, scrips.datamigration.fileupload.JpaFileUploadDetails@66113b7c]
2023-02-13 14:31:02.038 [main] INFO  scrips.datamigration.sss.service.SssSecuritiesFileDataService:36 - ftp status n
2023-02-13 14:31:02.038 [main] INFO  scrips.datamigration.sss.service.SssSecuritiesFileDataService:148 - fieldName  -  ISIN_CODE
2023-02-13 14:31:02.038 [main] INFO  scrips.datamigration.sss.service.SssSecuritiesFileDataService:148 - fieldName  -  DESCRIPTION
2023-02-13 14:31:02.038 [main] INFO  scrips.datamigration.sss.service.SssSecuritiesFileDataService:148 - fieldName  -  ISIN_TYPE
2023-02-13 14:31:02.038 [main] INFO  scrips.datamigration.sss.service.SssSecuritiesFileDataService:148 - fieldName  -  ISSUE_CODE
2023-02-13 14:31:02.038 [main] INFO  scrips.datamigration.sss.service.SssSecuritiesFileDataService:148 - fieldName  -  ISIN_STATUS
2023-02-13 14:31:02.038 [main] INFO  scrips.datamigration.sss.service.SssSecuritiesFileDataService:148 - fieldName  -  TAXABLE
2023-02-13 14:31:02.039 [main] INFO  scrips.datamigration.sss.service.SssSecuritiesFileDataService:148 - fieldName  -  TRADABLE
2023-02-13 14:31:02.039 [main] INFO  scrips.datamigration.sss.service.SssSecuritiesFileDataService:148 - fieldName  -  CREDIT_RATING
2023-02-13 14:31:02.039 [main] INFO  scrips.datamigration.sss.service.SssSecuritiesFileDataService:148 - fieldName  -  ELIGIBLE_FOR_ILF
2023-02-13 14:31:02.039 [main] INFO  scrips.datamigration.sss.service.SssSecuritiesFileDataService:148 - fieldName  -  ILF_HAIRCUT_SETTING
2023-02-13 14:31:02.039 [main] INFO  scrips.datamigration.sss.service.SssSecuritiesFileDataService:148 - fieldName  -  HAIRCUT_PERCENTAGE_FOR_ILF
2023-02-13 14:31:02.039 [main] INFO  scrips.datamigration.sss.service.SssSecuritiesFileDataService:148 - fieldName  -  MATURITY_DATE
2023-02-13 14:31:02.039 [main] INFO  scrips.datamigration.sss.service.SssSecuritiesFileDataService:148 - fieldName  -  OPTIONAL_MATURITY_DATE
2023-02-13 14:31:02.039 [main] INFO  scrips.datamigration.sss.service.SssSecuritiesFileDataService:148 - fieldName  -  AUCTION_DATE
2023-02-13 14:31:02.040 [main] INFO  scrips.datamigration.sss.service.SssSecuritiesFileDataService:148 - fieldName  -  FIRST_ISSUANCE_DATE
2023-02-13 14:31:02.040 [main] INFO  scrips.datamigration.sss.service.SssSecuritiesFileDataService:148 - fieldName  -  FIRST_ISSUANCE_AMOUNT
2023-02-13 14:31:02.040 [main] INFO  scrips.datamigration.sss.service.SssSecuritiesFileDataService:148 - fieldName  -  RE_OPENING_AUCTION_DATE
2023-02-13 14:31:02.040 [main] INFO  scrips.datamigration.sss.service.SssSecuritiesFileDataService:148 - fieldName  -  RE_OPENING_ALLOTMENT_DATE
2023-02-13 14:31:02.040 [main] INFO  scrips.datamigration.sss.service.SssSecuritiesFileDataService:148 - fieldName  -  RE_OPENING_TOTAL_ALLOTMENT_AMOUNT
2023-02-13 14:31:02.040 [main] INFO  scrips.datamigration.sss.service.SssSecuritiesFileDataService:148 - fieldName  -  TOTAL_ISSUED_AMOUNT
2023-02-13 14:31:02.040 [main] INFO  scrips.datamigration.sss.service.SssSecuritiesFileDataService:148 - fieldName  -  OUTSTANDING_NOMINAL_AMOUNT
2023-02-13 14:31:02.041 [main] INFO  scrips.datamigration.sss.service.SssSecuritiesFileDataService:148 - fieldName  -  AMOUNT_ALLOCATED_TO_MAS
2023-02-13 14:31:02.041 [main] INFO  scrips.datamigration.sss.service.SssSecuritiesFileDataService:148 - fieldName  -  AMOUNT_ALLOCATED_TO_OTHERS
2023-02-13 14:31:02.041 [main] INFO  scrips.datamigration.sss.service.SssSecuritiesFileDataService:148 - fieldName  -  MAS_APPLIED_AMOUNT
2023-02-13 14:31:02.041 [main] INFO  scrips.datamigration.sss.service.SssSecuritiesFileDataService:148 - fieldName  -  UNIT_SIZE
2023-02-13 14:31:02.041 [main] INFO  scrips.datamigration.sss.service.SssSecuritiesFileDataService:148 - fieldName  -  DENOMINATION
2023-02-13 14:31:02.041 [main] INFO  scrips.datamigration.sss.service.SssSecuritiesFileDataService:148 - fieldName  -  CURRENCY_CODE
2023-02-13 14:31:02.041 [main] INFO  scrips.datamigration.sss.service.SssSecuritiesFileDataService:148 - fieldName  -  REDEMPTION_PRICE
2023-02-13 14:31:02.042 [main] INFO  scrips.datamigration.sss.service.SssSecuritiesFileDataService:148 - fieldName  -  COUPON_RATE
2023-02-13 14:31:02.042 [main] INFO  scrips.datamigration.sss.service.SssSecuritiesFileDataService:148 - fieldName  -  EX_DATE_PERIOD
2023-02-13 14:31:02.042 [main] INFO  scrips.datamigration.sss.service.SssSecuritiesFileDataService:148 - fieldName  -  EX_DATE
2023-02-13 14:31:02.042 [main] INFO  scrips.datamigration.sss.service.SssSecuritiesFileDataService:148 - fieldName  -  COUPON_PAYMENT_FREQUENCY
2023-02-13 14:31:02.042 [main] INFO  scrips.datamigration.sss.service.SssSecuritiesFileDataService:148 - fieldName  -  LAST_COUPON_DATE
2023-02-13 14:31:02.042 [main] INFO  scrips.datamigration.sss.service.SssSecuritiesFileDataService:148 - fieldName  -  NEXT_COUPON_DATE
2023-02-13 14:31:02.042 [main] INFO  scrips.datamigration.sss.service.SssSecuritiesFileDataService:148 - fieldName  -  OPTIONAL_COUPON_DATE
2023-02-13 14:31:02.043 [main] INFO  scrips.datamigration.sss.service.SssSecuritiesFileDataService:148 - fieldName  -  DAYS_OF_ACCRUED_INTEREST
2023-02-13 14:31:02.043 [main] INFO  scrips.datamigration.sss.service.SssSecuritiesFileDataService:148 - fieldName  -  TENURE
2023-02-13 14:31:02.043 [main] INFO  scrips.datamigration.sss.service.SssSecuritiesFileDataService:148 - fieldName  -  AVERAGE_YIELD
2023-02-13 14:31:02.043 [main] INFO  scrips.datamigration.sss.service.SssSecuritiesFileDataService:148 - fieldName  -  CUTOFF_YIELD
2023-02-13 14:31:02.043 [main] INFO  scrips.datamigration.sss.service.SssSecuritiesFileDataService:148 - fieldName  -  AVERAGE_YIELD_PRICE
2023-02-13 14:31:02.043 [main] INFO  scrips.datamigration.sss.service.SssSecuritiesFileDataService:148 - fieldName  -  CUTOFF_YIELD_PRICE
2023-02-13 14:31:02.043 [main] INFO  scrips.datamigration.sss.service.SssSecuritiesFileDataService:148 - fieldName  -  RE_OPENING_MAS_APPLIED_AMOUNT
2023-02-13 14:31:02.043 [main] INFO  scrips.datamigration.sss.service.SssSecuritiesFileDataService:148 - fieldName  -  TOTAL_REDEEMED_AMOUNT
2023-02-13 14:31:02.043 [main] INFO  scrips.datamigration.sss.service.SssSecuritiesFileDataService:148 - fieldName  -  ISIN_SUB_TYPE
2023-02-13 14:31:02.044 [main] INFO  scrips.datamigration.sss.service.SssSecuritiesFileDataService:154 - fileUploadDetails - [scrips.datamigration.fileupload.JpaFileUploadDetails@7265db9d, scrips.datamigration.fileupload.JpaFileUploadDetails@34692767, scrips.datamigration.fileupload.JpaFileUploadDetails@4b98900b, scrips.datamigration.fileupload.JpaFileUploadDetails@24bd88df, scrips.datamigration.fileupload.JpaFileUploadDetails@78d816e6, scrips.datamigration.fileupload.JpaFileUploadDetails@5775485, scrips.datamigration.fileupload.JpaFileUploadDetails@ae094e8, scrips.datamigration.fileupload.JpaFileUploadDetails@42531e1b, scrips.datamigration.fileupload.JpaFileUploadDetails@7a845f91, scrips.datamigration.fileupload.JpaFileUploadDetails@4568ef38, scrips.datamigration.fileupload.JpaFileUploadDetails@4b2164a9, scrips.datamigration.fileupload.JpaFileUploadDetails@11581810, scrips.datamigration.fileupload.JpaFileUploadDetails@49f8b57d, scrips.datamigration.fileupload.JpaFileUploadDetails@4b6b9255, scrips.datamigration.fileupload.JpaFileUploadDetails@bafb3bd, scrips.datamigration.fileupload.JpaFileUploadDetails@5ae6a240, scrips.datamigration.fileupload.JpaFileUploadDetails@56b9a73c, scrips.datamigration.fileupload.JpaFileUploadDetails@41576e84, scrips.datamigration.fileupload.JpaFileUploadDetails@37930f48, scrips.datamigration.fileupload.JpaFileUploadDetails@58084f58, scrips.datamigration.fileupload.JpaFileUploadDetails@43139322, scrips.datamigration.fileupload.JpaFileUploadDetails@39caf68a, scrips.datamigration.fileupload.JpaFileUploadDetails@160c47b4, scrips.datamigration.fileupload.JpaFileUploadDetails@ce4a8a2, scrips.datamigration.fileupload.JpaFileUploadDetails@53b1a09f, scrips.datamigration.fileupload.JpaFileUploadDetails@3d2162c5, scrips.datamigration.fileupload.JpaFileUploadDetails@49e4b332, scrips.datamigration.fileupload.JpaFileUploadDetails@606cb314, scrips.datamigration.fileupload.JpaFileUploadDetails@3e8742de, scrips.datamigration.fileupload.JpaFileUploadDetails@8862881, scrips.datamigration.fileupload.JpaFileUploadDetails@64176780, scrips.datamigration.fileupload.JpaFileUploadDetails@61668c05, scrips.datamigration.fileupload.JpaFileUploadDetails@6573b345, scrips.datamigration.fileupload.JpaFileUploadDetails@5c085d4a, scrips.datamigration.fileupload.JpaFileUploadDetails@3fc0a2c, scrips.datamigration.fileupload.JpaFileUploadDetails@562fa8f2, scrips.datamigration.fileupload.JpaFileUploadDetails@2e3ec0e9, scrips.datamigration.fileupload.JpaFileUploadDetails@30422a69, scrips.datamigration.fileupload.JpaFileUploadDetails@530cfb27, scrips.datamigration.fileupload.JpaFileUploadDetails@78cfa18c, scrips.datamigration.fileupload.JpaFileUploadDetails@202e0ff4, scrips.datamigration.fileupload.JpaFileUploadDetails@19e78fa, scrips.datamigration.fileupload.JpaFileUploadDetails@357f7e2d, scrips.datamigration.fileupload.JpaFileUploadDetails@30396acf]
2023-02-13 14:31:02.047 [main] INFO  scrips.datamigration.sss.service.SssSecuritiesFileDataService:64 - fileSourceData - ISIN Code;Description;ISIN Type;Issue Code;ISIN Status;Taxable;Tradable;Credit Rating;Eligible for ILF;ILF Haircut Setting;Haircut Percentage for ILF;Maturity Date;Optional Maturity Date;Auction Date;First Issuance Date;First Issuance Amount;Re-Opening - Auction Date;Re-Opening - Allotment Date;Re-Opening - Total Allotment Amount;Total Issued Amount;Outstanding Nominal Amount;Amount Allocated to MAS;Amount Allocated to Others;MAS Applied Amount;Unit Size;Denomination;Currency Code;Redemption Price;Coupon Rate;Ex-date Period;Ex-date;Coupon Payment Frequency;Last Coupon Date;Next Coupon Date;Optional Coupon Date;Days of Accrued Interest;Tenure;Average Yield;Cutoff Yield;Average Yield Price;Cutoff Yield Price;Re-Opening - MAS Applied Amount;Total Redeemed Amount;ISIN Sub Type
2023-02-13 14:31:02.047 [main] INFO  scrips.datamigration.sss.service.SssSecuritiesFileDataService:64 - fileSourceData - BCSISTEST012;99YR BOND 2017 DUE 010199 AUTOSFNP;BN;M1TOSFNP;A;Y;Y;AAA;Y;A;00300000;20240101; ;20171228;20171229;000001000000000;20221026;20221027;000900000000000;000902800000000;000902799998000;000001500000000;000901300000000;000001000000000;1000;000000000001000;SGD;10000000;00120000;3;20230529;S;20221201;20230601;20180601;182;050;00000000;0000;00000000;00000000;000900000000000;000000000002000;NA
2023-02-13 14:31:02.047 [main] INFO  scrips.datamigration.sss.service.SssSecuritiesFileDataService:64 - fileSourceData - BCSISMBIL001;MAS Bill;MB;BN2005M;A;Y;Y;AAA;Y;Y;00100000;20251231; ;20210518;20210519;000000100000000; ; ;000000000000000;000000100000000;000000100000000;000000000900000;000000099100000;000000000100000;1000;000000000001000;SGD;10000000;00000000;0; ;N; ; ; ; ;241;00000000;00012;00000000;00000000;000000000000000;000000000000000;NA
2023-02-13 14:31:02.047 [main] INFO  scrips.datamigration.sss.service.SssSecuritiesFileDataService:64 - fileSourceData - MEPSUAT00016;10YR SBOND 2016 DUE220426 GX16501W;SB;GX16501W;A;Y;N;AAA;N;N;00000000;20231022; ;20160421;20160422;000000000287500; ; ;000000000000000;000000000287500;000000000242500;000000000000000;000000000287500;000000000000000;1000;000000000000500;SGD;10000000;00700000;3;20230419;S;20221022;20230422;20161022; ;010;00000000;1001;00000000;00000000;000000000000000;000000000045000;NA
2023-02-13 14:31:02.048 [main] INFO  scrips.datamigration.sss.service.SssSecuritiesFileDataService:64 - fileSourceData - MEPSUAT00024;10YR SBOND 2016 DUE250426 GX16502N;SB;GX16502N;A;Y;N;AAA;N;N;00000000;20241025; ;20160422;20160425;000000000300000; ; ;000000000000000;000000000300000;000000000170000;000000000000000;000000000300000;000000000000000;1000;000000000000500;SGD;10000000;00293000;3;20230420;S;20221025;20230425;20161025; ;010;00000000;005;00000000;00000000;000000000000000;000000000130000;NA
2023-02-13 14:31:02.048 [main] INFO  scrips.datamigration.sss.service.SssSecuritiesFileDataService:66 - Headings - 1:ISIN_CODE
2023-02-13 14:31:02.048 [main] INFO  scrips.datamigration.sss.service.SssSecuritiesFileDataService:66 - Headings - 2:DESCRIPTION
2023-02-13 14:31:02.048 [main] INFO  scrips.datamigration.sss.service.SssSecuritiesFileDataService:66 - Headings - 3:ISIN_TYPE
2023-02-13 14:31:02.048 [main] INFO  scrips.datamigration.sss.service.SssSecuritiesFileDataService:66 - Headings - 4:ISSUE_CODE
2023-02-13 14:31:02.048 [main] INFO  scrips.datamigration.sss.service.SssSecuritiesFileDataService:66 - Headings - 5:ISIN_STATUS
2023-02-13 14:31:02.048 [main] INFO  scrips.datamigration.sss.service.SssSecuritiesFileDataService:66 - Headings - 6:TAXABLE
2023-02-13 14:31:02.048 [main] INFO  scrips.datamigration.sss.service.SssSecuritiesFileDataService:66 - Headings - 7:TRADABLE
2023-02-13 14:31:02.049 [main] INFO  scrips.datamigration.sss.service.SssSecuritiesFileDataService:66 - Headings - 8:CREDIT_RATING
2023-02-13 14:31:02.049 [main] INFO  scrips.datamigration.sss.service.SssSecuritiesFileDataService:66 - Headings - 9:ELIGIBLE_FOR_ILF
2023-02-13 14:31:02.049 [main] INFO  scrips.datamigration.sss.service.SssSecuritiesFileDataService:66 - Headings - 10:ILF_HAIRCUT_SETTING
2023-02-13 14:31:02.049 [main] INFO  scrips.datamigration.sss.service.SssSecuritiesFileDataService:66 - Headings - 11:HAIRCUT_PERCENTAGE_FOR_ILF
2023-02-13 14:31:02.049 [main] INFO  scrips.datamigration.sss.service.SssSecuritiesFileDataService:66 - Headings - 12:MATURITY_DATE
2023-02-13 14:31:02.049 [main] INFO  scrips.datamigration.sss.service.SssSecuritiesFileDataService:66 - Headings - 13:OPTIONAL_MATURITY_DATE
2023-02-13 14:31:02.049 [main] INFO  scrips.datamigration.sss.service.SssSecuritiesFileDataService:66 - Headings - 14:AUCTION_DATE
2023-02-13 14:31:02.049 [main] INFO  scrips.datamigration.sss.service.SssSecuritiesFileDataService:66 - Headings - 15:FIRST_ISSUANCE_DATE
2023-02-13 14:31:02.050 [main] INFO  scrips.datamigration.sss.service.SssSecuritiesFileDataService:66 - Headings - 16:FIRST_ISSUANCE_AMOUNT
2023-02-13 14:31:02.050 [main] INFO  scrips.datamigration.sss.service.SssSecuritiesFileDataService:66 - Headings - 17:RE_OPENING_AUCTION_DATE
2023-02-13 14:31:02.050 [main] INFO  scrips.datamigration.sss.service.SssSecuritiesFileDataService:66 - Headings - 18:RE_OPENING_ALLOTMENT_DATE
2023-02-13 14:31:02.050 [main] INFO  scrips.datamigration.sss.service.SssSecuritiesFileDataService:66 - Headings - 19:RE_OPENING_TOTAL_ALLOTMENT_AMOUNT
2023-02-13 14:31:02.050 [main] INFO  scrips.datamigration.sss.service.SssSecuritiesFileDataService:66 - Headings - 20:TOTAL_ISSUED_AMOUNT
2023-02-13 14:31:02.050 [main] INFO  scrips.datamigration.sss.service.SssSecuritiesFileDataService:66 - Headings - 21:OUTSTANDING_NOMINAL_AMOUNT
2023-02-13 14:31:02.050 [main] INFO  scrips.datamigration.sss.service.SssSecuritiesFileDataService:66 - Headings - 22:AMOUNT_ALLOCATED_TO_MAS
2023-02-13 14:31:02.050 [main] INFO  scrips.datamigration.sss.service.SssSecuritiesFileDataService:66 - Headings - 23:AMOUNT_ALLOCATED_TO_OTHERS
2023-02-13 14:31:02.050 [main] INFO  scrips.datamigration.sss.service.SssSecuritiesFileDataService:66 - Headings - 24:MAS_APPLIED_AMOUNT
2023-02-13 14:31:02.051 [main] INFO  scrips.datamigration.sss.service.SssSecuritiesFileDataService:66 - Headings - 25:UNIT_SIZE
2023-02-13 14:31:02.051 [main] INFO  scrips.datamigration.sss.service.SssSecuritiesFileDataService:66 - Headings - 26:DENOMINATION
2023-02-13 14:31:02.051 [main] INFO  scrips.datamigration.sss.service.SssSecuritiesFileDataService:66 - Headings - 27:CURRENCY_CODE
2023-02-13 14:31:02.051 [main] INFO  scrips.datamigration.sss.service.SssSecuritiesFileDataService:66 - Headings - 28:REDEMPTION_PRICE
2023-02-13 14:31:02.051 [main] INFO  scrips.datamigration.sss.service.SssSecuritiesFileDataService:66 - Headings - 29:COUPON_RATE
2023-02-13 14:31:02.051 [main] INFO  scrips.datamigration.sss.service.SssSecuritiesFileDataService:66 - Headings - 30:EX_DATE_PERIOD
2023-02-13 14:31:02.051 [main] INFO  scrips.datamigration.sss.service.SssSecuritiesFileDataService:66 - Headings - 31:EX_DATE
2023-02-13 14:31:02.051 [main] INFO  scrips.datamigration.sss.service.SssSecuritiesFileDataService:66 - Headings - 32:COUPON_PAYMENT_FREQUENCY
2023-02-13 14:31:02.051 [main] INFO  scrips.datamigration.sss.service.SssSecuritiesFileDataService:66 - Headings - 33:LAST_COUPON_DATE
2023-02-13 14:31:02.051 [main] INFO  scrips.datamigration.sss.service.SssSecuritiesFileDataService:66 - Headings - 34:NEXT_COUPON_DATE
2023-02-13 14:31:02.051 [main] INFO  scrips.datamigration.sss.service.SssSecuritiesFileDataService:66 - Headings - 35:OPTIONAL_COUPON_DATE
2023-02-13 14:31:02.052 [main] INFO  scrips.datamigration.sss.service.SssSecuritiesFileDataService:66 - Headings - 36:DAYS_OF_ACCRUED_INTEREST
2023-02-13 14:31:02.052 [main] INFO  scrips.datamigration.sss.service.SssSecuritiesFileDataService:66 - Headings - 37:TENURE
2023-02-13 14:31:02.052 [main] INFO  scrips.datamigration.sss.service.SssSecuritiesFileDataService:66 - Headings - 38:AVERAGE_YIELD
2023-02-13 14:31:02.052 [main] INFO  scrips.datamigration.sss.service.SssSecuritiesFileDataService:66 - Headings - 39:CUTOFF_YIELD
2023-02-13 14:31:02.052 [main] INFO  scrips.datamigration.sss.service.SssSecuritiesFileDataService:66 - Headings - 40:AVERAGE_YIELD_PRICE
2023-02-13 14:31:02.052 [main] INFO  scrips.datamigration.sss.service.SssSecuritiesFileDataService:66 - Headings - 41:CUTOFF_YIELD_PRICE
2023-02-13 14:31:02.052 [main] INFO  scrips.datamigration.sss.service.SssSecuritiesFileDataService:66 - Headings - 42:RE_OPENING_MAS_APPLIED_AMOUNT
2023-02-13 14:31:02.052 [main] INFO  scrips.datamigration.sss.service.SssSecuritiesFileDataService:66 - Headings - 43:TOTAL_REDEEMED_AMOUNT
2023-02-13 14:31:02.052 [main] INFO  scrips.datamigration.sss.service.SssSecuritiesFileDataService:66 - Headings - 44:ISIN_SUB_TYPE
2023-02-13 14:31:02.057 [main] INFO  scrips.datamigration.sss.service.SssSecuritiesFileDataService:218 - Total records in File: {}5
2023-02-13 14:31:02.058 [main] INFO  scrips.datamigration.controller.ScripsFileUploadController:154 - fileRecords - BCSISTEST012;000000000002000;000902799998000;000902799998000;20230601;20221201;20230601;000001500000000;000901300000000;000902799998000
2023-02-13 14:31:02.059 [main] INFO  scrips.datamigration.controller.ScripsFileUploadController:154 - fileRecords - BCSISMBIL001;000000000000000;000000100000000;000000100000000;;;;000000000900000;000000099100000;000000100000000
2023-02-13 14:31:02.059 [main] INFO  scrips.datamigration.controller.ScripsFileUploadController:154 - fileRecords - MEPSUAT00016;000000000045000;000000000242500;000000000242500;20230422;20221022;20230422;000000000000000;000000000287500;000000000242500
2023-02-13 14:31:02.059 [main] INFO  scrips.datamigration.controller.ScripsFileUploadController:154 - fileRecords - MEPSUAT00024;000000000130000;000000000170000;000000000170000;20230425;20221025;20230425;000000000000000;000000000300000;000000000170000
2023-02-13 14:31:02.059 [main] INFO  scrips.datamigration.controller.ScripsFileUploadController:156 - 1:securities_code
2023-02-13 14:31:02.060 [main] INFO  scrips.datamigration.controller.ScripsFileUploadController:156 - 2:total_redeemed_amount
2023-02-13 14:31:02.060 [main] INFO  scrips.datamigration.controller.ScripsFileUploadController:156 - 3:total_redeemed_amount_for_erf
2023-02-13 14:31:02.060 [main] INFO  scrips.datamigration.controller.ScripsFileUploadController:156 - 4:outstanding_nominal_amount
2023-02-13 14:31:02.060 [main] INFO  scrips.datamigration.controller.ScripsFileUploadController:156 - 5:next_coupon_date
2023-02-13 14:31:02.060 [main] INFO  scrips.datamigration.controller.ScripsFileUploadController:156 - 6:last_coupon_date
2023-02-13 14:31:02.060 [main] INFO  scrips.datamigration.controller.ScripsFileUploadController:156 - 7:next_index_end_date
2023-02-13 14:31:02.060 [main] INFO  scrips.datamigration.controller.ScripsFileUploadController:156 - 8:amount_alloted_to_central_bank
2023-02-13 14:31:02.060 [main] INFO  scrips.datamigration.controller.ScripsFileUploadController:156 - 9:amount_alloted_to_others
2023-02-13 14:31:02.060 [main] INFO  scrips.datamigration.controller.ScripsFileUploadController:156 - 10:total_nominal_amount_issued_for_erf
2023-02-13 14:31:02.065 [main] INFO  scrips.datamigration.sss.service.SssSecuritiesCodeStatisticsService:100 - Total records in File: {}4
2023-02-13 14:31:02.085 [main] DEBUG org.hibernate.SQL:128 - insert into securities_code_statistics_source (amount_allotted_to_central_bank, amount_allotted_to_others, id, last_coupon_date, migrated_date, next_coupon_date, next_index_end_date, outstanding_nominal_amount, remarks, securities_code, total_nominal_amount_issued_for_erf, total_redeemed_amount, total_redeemed_amount_for_erf) values (?, ?, ?, ?, ?, ?, ?, ?, ?, ?, ?, ?, ?)
2023-02-13 14:31:02.330 [main] DEBUG org.hibernate.SQL:128 - select jpassssecu0_.id as id1_42_0_, jpassssecu0_.amount_allotted_to_central_bank as amount_a2_42_0_, jpassssecu0_.amount_allotted_to_others as amount_a3_42_0_, jpassssecu0_.last_coupon_date as last_cou4_42_0_, jpassssecu0_.migrated_date as migrated5_42_0_, jpassssecu0_.next_coupon_date as next_cou6_42_0_, jpassssecu0_.next_index_end_date as next_ind7_42_0_, jpassssecu0_.outstanding_nominal_amount as outstand8_42_0_, jpassssecu0_.remarks as remarks9_42_0_, jpassssecu0_.securities_code as securit10_42_0_, jpassssecu0_.total_nominal_amount_issued_for_erf as total_n11_42_0_, jpassssecu0_.total_redeemed_amount as total_r12_42_0_, jpassssecu0_.total_redeemed_amount_for_erf as total_r13_42_0_ from securities_code_statistics_temp jpassssecu0_ where jpassssecu0_.id=?
2023-02-13 14:31:02.352 [main] DEBUG org.hibernate.SQL:128 - insert into securities_code_statistics_temp (amount_allotted_to_central_bank, amount_allotted_to_others, last_coupon_date, migrated_date, next_coupon_date, next_index_end_date, outstanding_nominal_amount, remarks, securities_code, total_nominal_amount_issued_for_erf, total_redeemed_amount, total_redeemed_amount_for_erf, id) values (?, ?, ?, ?, ?, ?, ?, ?, ?, ?, ?, ?, ?)
2023-02-13 14:31:02.562 [main] DEBUG org.hibernate.SQL:128 - insert into securities_code_statistics_source (amount_allotted_to_central_bank, amount_allotted_to_others, id, last_coupon_date, migrated_date, next_coupon_date, next_index_end_date, outstanding_nominal_amount, remarks, securities_code, total_nominal_amount_issued_for_erf, total_redeemed_amount, total_redeemed_amount_for_erf) values (?, ?, ?, ?, ?, ?, ?, ?, ?, ?, ?, ?, ?)
2023-02-13 14:31:02.681 [main] DEBUG org.hibernate.SQL:128 - select jpassssecu0_.id as id1_42_0_, jpassssecu0_.amount_allotted_to_central_bank as amount_a2_42_0_, jpassssecu0_.amount_allotted_to_others as amount_a3_42_0_, jpassssecu0_.last_coupon_date as last_cou4_42_0_, jpassssecu0_.migrated_date as migrated5_42_0_, jpassssecu0_.next_coupon_date as next_cou6_42_0_, jpassssecu0_.next_index_end_date as next_ind7_42_0_, jpassssecu0_.outstanding_nominal_amount as outstand8_42_0_, jpassssecu0_.remarks as remarks9_42_0_, jpassssecu0_.securities_code as securit10_42_0_, jpassssecu0_.total_nominal_amount_issued_for_erf as total_n11_42_0_, jpassssecu0_.total_redeemed_amount as total_r12_42_0_, jpassssecu0_.total_redeemed_amount_for_erf as total_r13_42_0_ from securities_code_statistics_temp jpassssecu0_ where jpassssecu0_.id=?
2023-02-13 14:31:02.687 [main] DEBUG org.hibernate.SQL:128 - insert into securities_code_statistics_temp (amount_allotted_to_central_bank, amount_allotted_to_others, last_coupon_date, migrated_date, next_coupon_date, next_index_end_date, outstanding_nominal_amount, remarks, securities_code, total_nominal_amount_issued_for_erf, total_redeemed_amount, total_redeemed_amount_for_erf, id) values (?, ?, ?, ?, ?, ?, ?, ?, ?, ?, ?, ?, ?)
2023-02-13 14:31:02.849 [main] DEBUG org.hibernate.SQL:128 - insert into securities_code_statistics_source (amount_allotted_to_central_bank, amount_allotted_to_others, id, last_coupon_date, migrated_date, next_coupon_date, next_index_end_date, outstanding_nominal_amount, remarks, securities_code, total_nominal_amount_issued_for_erf, total_redeemed_amount, total_redeemed_amount_for_erf) values (?, ?, ?, ?, ?, ?, ?, ?, ?, ?, ?, ?, ?)
2023-02-13 14:31:03.096 [main] DEBUG org.hibernate.SQL:128 - select jpassssecu0_.id as id1_42_0_, jpassssecu0_.amount_allotted_to_central_bank as amount_a2_42_0_, jpassssecu0_.amount_allotted_to_others as amount_a3_42_0_, jpassssecu0_.last_coupon_date as last_cou4_42_0_, jpassssecu0_.migrated_date as migrated5_42_0_, jpassssecu0_.next_coupon_date as next_cou6_42_0_, jpassssecu0_.next_index_end_date as next_ind7_42_0_, jpassssecu0_.outstanding_nominal_amount as outstand8_42_0_, jpassssecu0_.remarks as remarks9_42_0_, jpassssecu0_.securities_code as securit10_42_0_, jpassssecu0_.total_nominal_amount_issued_for_erf as total_n11_42_0_, jpassssecu0_.total_redeemed_amount as total_r12_42_0_, jpassssecu0_.total_redeemed_amount_for_erf as total_r13_42_0_ from securities_code_statistics_temp jpassssecu0_ where jpassssecu0_.id=?
2023-02-13 14:31:03.100 [main] DEBUG org.hibernate.SQL:128 - insert into securities_code_statistics_temp (amount_allotted_to_central_bank, amount_allotted_to_others, last_coupon_date, migrated_date, next_coupon_date, next_index_end_date, outstanding_nominal_amount, remarks, securities_code, total_nominal_amount_issued_for_erf, total_redeemed_amount, total_redeemed_amount_for_erf, id) values (?, ?, ?, ?, ?, ?, ?, ?, ?, ?, ?, ?, ?)
2023-02-13 14:31:03.487 [main] DEBUG org.hibernate.SQL:128 - insert into securities_code_statistics_source (amount_allotted_to_central_bank, amount_allotted_to_others, id, last_coupon_date, migrated_date, next_coupon_date, next_index_end_date, outstanding_nominal_amount, remarks, securities_code, total_nominal_amount_issued_for_erf, total_redeemed_amount, total_redeemed_amount_for_erf) values (?, ?, ?, ?, ?, ?, ?, ?, ?, ?, ?, ?, ?)
2023-02-13 14:31:03.829 [main] DEBUG org.hibernate.SQL:128 - select jpassssecu0_.id as id1_42_0_, jpassssecu0_.amount_allotted_to_central_bank as amount_a2_42_0_, jpassssecu0_.amount_allotted_to_others as amount_a3_42_0_, jpassssecu0_.last_coupon_date as last_cou4_42_0_, jpassssecu0_.migrated_date as migrated5_42_0_, jpassssecu0_.next_coupon_date as next_cou6_42_0_, jpassssecu0_.next_index_end_date as next_ind7_42_0_, jpassssecu0_.outstanding_nominal_amount as outstand8_42_0_, jpassssecu0_.remarks as remarks9_42_0_, jpassssecu0_.securities_code as securit10_42_0_, jpassssecu0_.total_nominal_amount_issued_for_erf as total_n11_42_0_, jpassssecu0_.total_redeemed_amount as total_r12_42_0_, jpassssecu0_.total_redeemed_amount_for_erf as total_r13_42_0_ from securities_code_statistics_temp jpassssecu0_ where jpassssecu0_.id=?
2023-02-13 14:31:03.836 [main] DEBUG org.hibernate.SQL:128 - insert into securities_code_statistics_temp (amount_allotted_to_central_bank, amount_allotted_to_others, last_coupon_date, migrated_date, next_coupon_date, next_index_end_date, outstanding_nominal_amount, remarks, securities_code, total_nominal_amount_issued_for_erf, total_redeemed_amount, total_redeemed_amount_for_erf, id) values (?, ?, ?, ?, ?, ?, ?, ?, ?, ?, ?, ?, ?)
2023-02-13 14:31:04.470 [main] DEBUG org.hibernate.SQL:128 - select jpassssecu0_.securities_code as securiti1_40_, jpassssecu0_.amount_allotted_to_central_bank as amount_a2_40_, jpassssecu0_.amount_allotted_to_others as amount_a3_40_, jpassssecu0_.last_coupon_date as last_cou4_40_, jpassssecu0_.next_coupon_date as next_cou5_40_, jpassssecu0_.next_index_end_date as next_ind6_40_, jpassssecu0_.outstanding_nominal_amount as outstand7_40_, jpassssecu0_.total_nominal_amount_issued_for_erf as total_no8_40_, jpassssecu0_.total_redeemed_amount as total_re9_40_, jpassssecu0_.total_redeemed_amount_for_erf as total_r10_40_ from securities_code_statistics jpassssecu0_ where jpassssecu0_.securities_code=?
2023-02-13 14:31:04.667 [main] DEBUG org.hibernate.SQL:128 - select jpassssecu0_.securities_code as securiti1_40_0_, jpassssecu0_.amount_allotted_to_central_bank as amount_a2_40_0_, jpassssecu0_.amount_allotted_to_others as amount_a3_40_0_, jpassssecu0_.last_coupon_date as last_cou4_40_0_, jpassssecu0_.next_coupon_date as next_cou5_40_0_, jpassssecu0_.next_index_end_date as next_ind6_40_0_, jpassssecu0_.outstanding_nominal_amount as outstand7_40_0_, jpassssecu0_.total_nominal_amount_issued_for_erf as total_no8_40_0_, jpassssecu0_.total_redeemed_amount as total_re9_40_0_, jpassssecu0_.total_redeemed_amount_for_erf as total_r10_40_0_ from securities_code_statistics jpassssecu0_ where jpassssecu0_.securities_code=?
2023-02-13 14:31:04.673 [main] DEBUG org.hibernate.SQL:128 - insert into securities_code_statistics (amount_allotted_to_central_bank, amount_allotted_to_others, last_coupon_date, next_coupon_date, next_index_end_date, outstanding_nominal_amount, total_nominal_amount_issued_for_erf, total_redeemed_amount, total_redeemed_amount_for_erf, securities_code) values (?, ?, ?, ?, ?, ?, ?, ?, ?, ?)
2023-02-13 14:31:04.847 [main] DEBUG org.hibernate.SQL:128 - select jpassssecu0_.securities_code as securiti1_40_, jpassssecu0_.amount_allotted_to_central_bank as amount_a2_40_, jpassssecu0_.amount_allotted_to_others as amount_a3_40_, jpassssecu0_.last_coupon_date as last_cou4_40_, jpassssecu0_.next_coupon_date as next_cou5_40_, jpassssecu0_.next_index_end_date as next_ind6_40_, jpassssecu0_.outstanding_nominal_amount as outstand7_40_, jpassssecu0_.total_nominal_amount_issued_for_erf as total_no8_40_, jpassssecu0_.total_redeemed_amount as total_re9_40_, jpassssecu0_.total_redeemed_amount_for_erf as total_r10_40_ from securities_code_statistics jpassssecu0_ where jpassssecu0_.securities_code=?
2023-02-13 14:31:04.851 [main] DEBUG org.hibernate.SQL:128 - select jpassssecu0_.securities_code as securiti1_40_0_, jpassssecu0_.amount_allotted_to_central_bank as amount_a2_40_0_, jpassssecu0_.amount_allotted_to_others as amount_a3_40_0_, jpassssecu0_.last_coupon_date as last_cou4_40_0_, jpassssecu0_.next_coupon_date as next_cou5_40_0_, jpassssecu0_.next_index_end_date as next_ind6_40_0_, jpassssecu0_.outstanding_nominal_amount as outstand7_40_0_, jpassssecu0_.total_nominal_amount_issued_for_erf as total_no8_40_0_, jpassssecu0_.total_redeemed_amount as total_re9_40_0_, jpassssecu0_.total_redeemed_amount_for_erf as total_r10_40_0_ from securities_code_statistics jpassssecu0_ where jpassssecu0_.securities_code=?
2023-02-13 14:31:04.853 [main] DEBUG org.hibernate.SQL:128 - insert into securities_code_statistics (amount_allotted_to_central_bank, amount_allotted_to_others, last_coupon_date, next_coupon_date, next_index_end_date, outstanding_nominal_amount, total_nominal_amount_issued_for_erf, total_redeemed_amount, total_redeemed_amount_for_erf, securities_code) values (?, ?, ?, ?, ?, ?, ?, ?, ?, ?)
2023-02-13 14:31:05.077 [main] DEBUG org.hibernate.SQL:128 - select jpassssecu0_.securities_code as securiti1_40_, jpassssecu0_.amount_allotted_to_central_bank as amount_a2_40_, jpassssecu0_.amount_allotted_to_others as amount_a3_40_, jpassssecu0_.last_coupon_date as last_cou4_40_, jpassssecu0_.next_coupon_date as next_cou5_40_, jpassssecu0_.next_index_end_date as next_ind6_40_, jpassssecu0_.outstanding_nominal_amount as outstand7_40_, jpassssecu0_.total_nominal_amount_issued_for_erf as total_no8_40_, jpassssecu0_.total_redeemed_amount as total_re9_40_, jpassssecu0_.total_redeemed_amount_for_erf as total_r10_40_ from securities_code_statistics jpassssecu0_ where jpassssecu0_.securities_code=?
2023-02-13 14:31:05.081 [main] DEBUG org.hibernate.SQL:128 - select jpassssecu0_.securities_code as securiti1_40_0_, jpassssecu0_.amount_allotted_to_central_bank as amount_a2_40_0_, jpassssecu0_.amount_allotted_to_others as amount_a3_40_0_, jpassssecu0_.last_coupon_date as last_cou4_40_0_, jpassssecu0_.next_coupon_date as next_cou5_40_0_, jpassssecu0_.next_index_end_date as next_ind6_40_0_, jpassssecu0_.outstanding_nominal_amount as outstand7_40_0_, jpassssecu0_.total_nominal_amount_issued_for_erf as total_no8_40_0_, jpassssecu0_.total_redeemed_amount as total_re9_40_0_, jpassssecu0_.total_redeemed_amount_for_erf as total_r10_40_0_ from securities_code_statistics jpassssecu0_ where jpassssecu0_.securities_code=?
2023-02-13 14:31:05.084 [main] DEBUG org.hibernate.SQL:128 - insert into securities_code_statistics (amount_allotted_to_central_bank, amount_allotted_to_others, last_coupon_date, next_coupon_date, next_index_end_date, outstanding_nominal_amount, total_nominal_amount_issued_for_erf, total_redeemed_amount, total_redeemed_amount_for_erf, securities_code) values (?, ?, ?, ?, ?, ?, ?, ?, ?, ?)
2023-02-13 14:31:05.298 [main] DEBUG org.hibernate.SQL:128 - select jpassssecu0_.securities_code as securiti1_40_, jpassssecu0_.amount_allotted_to_central_bank as amount_a2_40_, jpassssecu0_.amount_allotted_to_others as amount_a3_40_, jpassssecu0_.last_coupon_date as last_cou4_40_, jpassssecu0_.next_coupon_date as next_cou5_40_, jpassssecu0_.next_index_end_date as next_ind6_40_, jpassssecu0_.outstanding_nominal_amount as outstand7_40_, jpassssecu0_.total_nominal_amount_issued_for_erf as total_no8_40_, jpassssecu0_.total_redeemed_amount as total_re9_40_, jpassssecu0_.total_redeemed_amount_for_erf as total_r10_40_ from securities_code_statistics jpassssecu0_ where jpassssecu0_.securities_code=?
2023-02-13 14:31:05.300 [main] DEBUG org.hibernate.SQL:128 - select jpassssecu0_.securities_code as securiti1_40_0_, jpassssecu0_.amount_allotted_to_central_bank as amount_a2_40_0_, jpassssecu0_.amount_allotted_to_others as amount_a3_40_0_, jpassssecu0_.last_coupon_date as last_cou4_40_0_, jpassssecu0_.next_coupon_date as next_cou5_40_0_, jpassssecu0_.next_index_end_date as next_ind6_40_0_, jpassssecu0_.outstanding_nominal_amount as outstand7_40_0_, jpassssecu0_.total_nominal_amount_issued_for_erf as total_no8_40_0_, jpassssecu0_.total_redeemed_amount as total_re9_40_0_, jpassssecu0_.total_redeemed_amount_for_erf as total_r10_40_0_ from securities_code_statistics jpassssecu0_ where jpassssecu0_.securities_code=?
2023-02-13 14:31:05.303 [main] DEBUG org.hibernate.SQL:128 - insert into securities_code_statistics (amount_allotted_to_central_bank, amount_allotted_to_others, last_coupon_date, next_coupon_date, next_index_end_date, outstanding_nominal_amount, total_nominal_amount_issued_for_erf, total_redeemed_amount, total_redeemed_amount_for_erf, securities_code) values (?, ?, ?, ?, ?, ?, ?, ?, ?, ?)
2023-02-13 14:31:05.507 [main] INFO  scrips.datamigration.common.service.FkChecksEnableDisable:23 - enable FkChecks called
2023-02-13 14:31:05.509 [main] DEBUG org.hibernate.SQL:128 - SET FOREIGN_KEY_CHECKS = 1
2023-02-13 14:31:05.511 [main] INFO  scrips.datamigration.common.service.FkChecksEnableDisable:25 - enable FkChecks done
2023-02-13 14:31:05.514 [main] DEBUG org.hibernate.SQL:128 - SELECT @@GLOBAL.foreign_key_checks, @@SESSION.foreign_key_checks
2023-02-13 14:31:05.520 [main] INFO  scrips.datamigration.common.service.FkChecksEnableDisable:52 - foreign_key_checks status - 1
2023-02-13 14:31:05.522 [main] INFO  scrips.datamigration.App:77 - Process completed in (Hours:Minutes:Seconds) 0:0:10
2023-02-13 14:31:05.568 [SpringContextShutdownHook] INFO  org.springframework.orm.jpa.LocalContainerEntityManagerFactoryBean:598 - Closing JPA EntityManagerFactory for persistence unit 'data'
2023-02-13 14:31:05.573 [SpringContextShutdownHook] INFO  com.zaxxer.hikari.HikariDataSource:350 - HikariPool-1 - Shutdown initiated...
2023-02-13 14:31:05.590 [SpringContextShutdownHook] INFO  com.zaxxer.hikari.HikariDataSource:352 - HikariPool-1 - Shutdown completed.
