2023-02-07 10:48:54.488 [main] INFO  scrips.datamigration.App:55 - Starting App on WSIN181 with PID 4000 (D:\DataMigration\DATA_MIGRATION_RTGS\DataMigrationAndExtract\DataMigration\target\classes started by SheikKhadeer in D:\DataMigration\DATA_MIGRATION_RTGS\DataMigrationAndExtract\DataMigration)
2023-02-07 10:48:54.493 [main] INFO  scrips.datamigration.App:651 - No active profile set, falling back to default profiles: app
2023-02-07 10:48:55.478 [main] INFO  org.springframework.data.repository.config.RepositoryConfigurationDelegate:127 - Bootstrapping Spring Data JPA repositories in DEFAULT mode.
2023-02-07 10:48:56.007 [main] INFO  org.springframework.data.repository.config.RepositoryConfigurationDelegate:187 - Finished Spring Data repository scanning in 514ms. Found 60 JPA repository interfaces.
2023-02-07 10:48:56.370 [main] INFO  com.ulisesbocchio.jasyptspringboot.configuration.EnableEncryptablePropertiesBeanFactoryPostProcessor:39 - Post-processing PropertySource instances
2023-02-07 10:48:56.401 [main] INFO  com.ulisesbocchio.jasyptspringboot.EncryptablePropertySourceConverter:56 - Converting PropertySource configurationProperties [org.springframework.boot.context.properties.source.ConfigurationPropertySourcesPropertySource] to AOP Proxy
2023-02-07 10:48:56.401 [main] INFO  com.ulisesbocchio.jasyptspringboot.EncryptablePropertySourceConverter:56 - Converting PropertySource commandLineArgs [org.springframework.core.env.SimpleCommandLinePropertySource] to EncryptableEnumerablePropertySourceWrapper
2023-02-07 10:48:56.402 [main] INFO  com.ulisesbocchio.jasyptspringboot.EncryptablePropertySourceConverter:56 - Converting PropertySource systemProperties [org.springframework.core.env.PropertiesPropertySource] to EncryptableMapPropertySourceWrapper
2023-02-07 10:48:56.402 [main] INFO  com.ulisesbocchio.jasyptspringboot.EncryptablePropertySourceConverter:56 - Converting PropertySource systemEnvironment [org.springframework.boot.env.SystemEnvironmentPropertySourceEnvironmentPostProcessor$OriginAwareSystemEnvironmentPropertySource] to EncryptableSystemEnvironmentPropertySourceWrapper
2023-02-07 10:48:56.403 [main] INFO  com.ulisesbocchio.jasyptspringboot.EncryptablePropertySourceConverter:56 - Converting PropertySource random [org.springframework.boot.env.RandomValuePropertySource] to EncryptablePropertySourceWrapper
2023-02-07 10:48:56.403 [main] INFO  com.ulisesbocchio.jasyptspringboot.EncryptablePropertySourceConverter:56 - Converting PropertySource applicationConfig: [file:./config/application.properties] [org.springframework.boot.env.OriginTrackedMapPropertySource] to EncryptableMapPropertySourceWrapper
2023-02-07 10:48:56.403 [main] INFO  com.ulisesbocchio.jasyptspringboot.EncryptablePropertySourceConverter:56 - Converting PropertySource applicationConfig: [classpath:/application.properties] [org.springframework.boot.env.OriginTrackedMapPropertySource] to EncryptableMapPropertySourceWrapper
2023-02-07 10:48:56.404 [main] INFO  com.ulisesbocchio.jasyptspringboot.EncryptablePropertySourceConverter:56 - Converting PropertySource DataMigrationProperties [org.springframework.core.env.MapPropertySource] to EncryptableMapPropertySourceWrapper
2023-02-07 10:48:56.518 [main] INFO  com.ulisesbocchio.jasyptspringboot.filter.DefaultLazyPropertyFilter:31 - Property Filter custom Bean not found with name 'encryptablePropertyFilter'. Initializing Default Property Filter
2023-02-07 10:48:56.616 [main] INFO  com.ulisesbocchio.jasyptspringboot.resolver.DefaultLazyPropertyResolver:35 - Property Resolver custom Bean not found with name 'encryptablePropertyResolver'. Initializing Default Property Resolver
2023-02-07 10:48:56.621 [main] INFO  com.ulisesbocchio.jasyptspringboot.detector.DefaultLazyPropertyDetector:35 - Property Detector custom Bean not found with name 'encryptablePropertyDetector'. Initializing Default Property Detector
2023-02-07 10:48:56.631 [main] INFO  com.ulisesbocchio.jasyptspringboot.encryptor.DefaultLazyEncryptor:37 - String Encryptor custom Bean not found with name 'jasyptStringEncryptor'. Initializing Default String Encryptor
2023-02-07 10:48:56.669 [main] INFO  com.ulisesbocchio.jasyptspringboot.configuration.StringEncryptorBuilder:81 - Encryptor config not found for property jasypt.encryptor.key-obtention-iterations, using default value: 1000
2023-02-07 10:48:56.671 [main] INFO  com.ulisesbocchio.jasyptspringboot.configuration.StringEncryptorBuilder:81 - Encryptor config not found for property jasypt.encryptor.pool-size, using default value: 1
2023-02-07 10:48:56.671 [main] INFO  com.ulisesbocchio.jasyptspringboot.configuration.StringEncryptorBuilder:81 - Encryptor config not found for property jasypt.encryptor.provider-name, using default value: null
2023-02-07 10:48:56.673 [main] INFO  com.ulisesbocchio.jasyptspringboot.configuration.StringEncryptorBuilder:81 - Encryptor config not found for property jasypt.encryptor.provider-class-name, using default value: null
2023-02-07 10:48:56.674 [main] INFO  com.ulisesbocchio.jasyptspringboot.configuration.StringEncryptorBuilder:81 - Encryptor config not found for property jasypt.encryptor.salt-generator-classname, using default value: org.jasypt.salt.RandomSaltGenerator
2023-02-07 10:48:56.676 [main] INFO  com.ulisesbocchio.jasyptspringboot.configuration.StringEncryptorBuilder:81 - Encryptor config not found for property jasypt.encryptor.string-output-type, using default value: base64
2023-02-07 10:48:56.895 [main] INFO  org.hibernate.jpa.internal.util.LogHelper:31 - HHH000204: Processing PersistenceUnitInfo [name: data]
2023-02-07 10:48:56.970 [main] INFO  org.hibernate.Version:44 - HHH000412: Hibernate ORM core version 5.4.15.Final
2023-02-07 10:48:57.135 [main] INFO  org.hibernate.annotations.common.Version:49 - HCANN000001: Hibernate Commons Annotations {5.1.0.Final}
2023-02-07 10:48:57.726 [main] INFO  com.zaxxer.hikari.HikariDataSource:110 - HikariPool-1 - Starting...
2023-02-07 10:48:57.938 [main] INFO  com.zaxxer.hikari.HikariDataSource:123 - HikariPool-1 - Start completed.
2023-02-07 10:48:57.979 [main] INFO  org.hibernate.dialect.Dialect:172 - HHH000400: Using dialect: org.hibernate.dialect.MySQL8Dialect
2023-02-07 10:48:58.093 [main] INFO  org.hibernate.envers.boot.internal.EnversServiceImpl:90 - Envers integration enabled? : true
2023-02-07 10:49:00.646 [main] INFO  org.hibernate.engine.transaction.jta.platform.internal.JtaPlatformInitiator:52 - HHH000490: Using JtaPlatform implementation: [org.hibernate.engine.transaction.jta.platform.internal.NoJtaPlatform]
2023-02-07 10:49:00.658 [main] INFO  org.springframework.orm.jpa.LocalContainerEntityManagerFactoryBean:416 - Initialized JPA EntityManagerFactory for persistence unit 'data'
2023-02-07 10:49:03.486 [main] INFO  scrips.datamigration.App:61 - Started App in 9.654 seconds (JVM running for 11.356)
2023-02-07 10:49:03.495 [main] INFO  scrips.datamigration.controller.ReportController:45 - 2022-12-20 - CBM_COST_CENTRE_DETAIL_REPORT
2023-02-07 10:49:03.495 [main] INFO  scrips.datamigration.common.service.GenerateReportService:94 - process started for :CBM_COST_CENTRE_DETAIL_REPORT
2023-02-07 10:49:03.532 [main] DEBUG org.hibernate.SQL:128 - select case when jpacbmcost2_.cost_centre is null then '' else jpacbmcost2_.cost_centre end as col_0_0_, case when jpacbmcost1_.cost_centre is null then '' else jpacbmcost1_.cost_centre end as col_1_0_, case when jpacbmcost0_.cost_centre is null then '' else jpacbmcost0_.cost_centre end as col_2_0_, case when jpacbmcost2_.description is null then '' else jpacbmcost2_.description end as col_3_0_, case when jpacbmcost1_.description is null then '' else jpacbmcost1_.description end as col_4_0_, case when jpacbmcost0_.description is null then '' else jpacbmcost0_.description end as col_5_0_, case when jpacbmcost2_.created_date is null then '' else jpacbmcost2_.created_date end as col_6_0_, case when jpacbmcost1_.created_date is null then '' else jpacbmcost1_.created_date end as col_7_0_, case when jpacbmcost0_.created_date is null then '' else jpacbmcost0_.created_date end as col_8_0_, case when jpacbmcost2_.modified_date is null then '' else jpacbmcost2_.modified_date end as col_9_0_, case when jpacbmcost1_.modified_date is null then '' else jpacbmcost1_.modified_date end as col_10_0_, case when jpacbmcost0_.modified_date is null then '' else jpacbmcost0_.modified_date end as col_11_0_, case when jpacbmcost0_.remarks is null then case when jpacbmcost1_.remarks is null then '' else jpacbmcost1_.remarks end else jpacbmcost0_.remarks end as col_12_0_ from cbm_cost_centre_source jpacbmcost0_ left outer join cbm_cost_centre_temp jpacbmcost1_ on (jpacbmcost0_.id=jpacbmcost1_.id) left outer join cbm_cost_centre jpacbmcost2_ on (jpacbmcost0_.cost_centre=jpacbmcost2_.cost_centre and (jpacbmcost1_.remarks is null)) where date(jpacbmcost0_.migrated_date)=? order by jpacbmcost0_.seq asc
2023-02-07 10:49:03.629 [main] DEBUG org.hibernate.SQL:128 - select count(*) as col_0_0_ from cbm_cost_centre_temp jpacbmcost0_ inner join cbm_cost_centre jpacbmcost1_ on (jpacbmcost0_.cost_centre=jpacbmcost1_.cost_centre and (jpacbmcost0_.remarks is null)) where date(jpacbmcost1_.created_date)=?
2023-02-07 10:49:03.633 [main] INFO  scrips.datamigration.common.service.GenerateReportService:202 - Path -> D:/DataMigration/DATA_MIGRATION_RTGS/DataMigrationAndExtract/DataMigration/reports/
2023-02-07 10:49:05.311 [main] WARN  net.sf.jasperreports.engine.export.PdfGlyphRenderer:68 - Unpatched iText found, cannot use glyph rendering
2023-02-07 10:49:05.555 [main] INFO  scrips.datamigration.App:77 - Process completed in (Hours:Minutes:Seconds) 0:0:11
2023-02-07 10:49:05.574 [SpringContextShutdownHook] INFO  org.springframework.orm.jpa.LocalContainerEntityManagerFactoryBean:598 - Closing JPA EntityManagerFactory for persistence unit 'data'
2023-02-07 10:49:05.576 [SpringContextShutdownHook] INFO  com.zaxxer.hikari.HikariDataSource:350 - HikariPool-1 - Shutdown initiated...
2023-02-07 10:49:05.590 [SpringContextShutdownHook] INFO  com.zaxxer.hikari.HikariDataSource:352 - HikariPool-1 - Shutdown completed.
