2023-02-06 15:12:29.276 [main] INFO  scrips.datamigration.App:55 - Starting App on WSIN181 with PID 10204 (D:\DataMigration\DATA_MIGRATION_RTGS\DataMigrationAndExtract\DataMigration\target\classes started by SheikKhadeer in D:\DataMigration\DATA_MIGRATION_RTGS\DataMigrationAndExtract\DataMigration)
2023-02-06 15:12:29.281 [main] INFO  scrips.datamigration.App:651 - No active profile set, falling back to default profiles: app
2023-02-06 15:12:30.052 [main] INFO  org.springframework.data.repository.config.RepositoryConfigurationDelegate:127 - Bootstrapping Spring Data JPA repositories in DEFAULT mode.
2023-02-06 15:12:30.496 [main] INFO  org.springframework.data.repository.config.RepositoryConfigurationDelegate:187 - Finished Spring Data repository scanning in 436ms. Found 60 JPA repository interfaces.
2023-02-06 15:12:30.778 [main] INFO  com.ulisesbocchio.jasyptspringboot.configuration.EnableEncryptablePropertiesBeanFactoryPostProcessor:39 - Post-processing PropertySource instances
2023-02-06 15:12:30.800 [main] INFO  com.ulisesbocchio.jasyptspringboot.EncryptablePropertySourceConverter:56 - Converting PropertySource configurationProperties [org.springframework.boot.context.properties.source.ConfigurationPropertySourcesPropertySource] to AOP Proxy
2023-02-06 15:12:30.800 [main] INFO  com.ulisesbocchio.jasyptspringboot.EncryptablePropertySourceConverter:56 - Converting PropertySource commandLineArgs [org.springframework.core.env.SimpleCommandLinePropertySource] to EncryptableEnumerablePropertySourceWrapper
2023-02-06 15:12:30.801 [main] INFO  com.ulisesbocchio.jasyptspringboot.EncryptablePropertySourceConverter:56 - Converting PropertySource systemProperties [org.springframework.core.env.PropertiesPropertySource] to EncryptableMapPropertySourceWrapper
2023-02-06 15:12:30.801 [main] INFO  com.ulisesbocchio.jasyptspringboot.EncryptablePropertySourceConverter:56 - Converting PropertySource systemEnvironment [org.springframework.boot.env.SystemEnvironmentPropertySourceEnvironmentPostProcessor$OriginAwareSystemEnvironmentPropertySource] to EncryptableSystemEnvironmentPropertySourceWrapper
2023-02-06 15:12:30.801 [main] INFO  com.ulisesbocchio.jasyptspringboot.EncryptablePropertySourceConverter:56 - Converting PropertySource random [org.springframework.boot.env.RandomValuePropertySource] to EncryptablePropertySourceWrapper
2023-02-06 15:12:30.802 [main] INFO  com.ulisesbocchio.jasyptspringboot.EncryptablePropertySourceConverter:56 - Converting PropertySource applicationConfig: [file:./config/application.properties] [org.springframework.boot.env.OriginTrackedMapPropertySource] to EncryptableMapPropertySourceWrapper
2023-02-06 15:12:30.802 [main] INFO  com.ulisesbocchio.jasyptspringboot.EncryptablePropertySourceConverter:56 - Converting PropertySource applicationConfig: [classpath:/application.properties] [org.springframework.boot.env.OriginTrackedMapPropertySource] to EncryptableMapPropertySourceWrapper
2023-02-06 15:12:30.802 [main] INFO  com.ulisesbocchio.jasyptspringboot.EncryptablePropertySourceConverter:56 - Converting PropertySource DataMigrationProperties [org.springframework.core.env.MapPropertySource] to EncryptableMapPropertySourceWrapper
2023-02-06 15:12:30.894 [main] INFO  com.ulisesbocchio.jasyptspringboot.filter.DefaultLazyPropertyFilter:31 - Property Filter custom Bean not found with name 'encryptablePropertyFilter'. Initializing Default Property Filter
2023-02-06 15:12:30.970 [main] INFO  com.ulisesbocchio.jasyptspringboot.resolver.DefaultLazyPropertyResolver:35 - Property Resolver custom Bean not found with name 'encryptablePropertyResolver'. Initializing Default Property Resolver
2023-02-06 15:12:30.973 [main] INFO  com.ulisesbocchio.jasyptspringboot.detector.DefaultLazyPropertyDetector:35 - Property Detector custom Bean not found with name 'encryptablePropertyDetector'. Initializing Default Property Detector
2023-02-06 15:12:30.981 [main] INFO  com.ulisesbocchio.jasyptspringboot.encryptor.DefaultLazyEncryptor:37 - String Encryptor custom Bean not found with name 'jasyptStringEncryptor'. Initializing Default String Encryptor
2023-02-06 15:12:31.008 [main] INFO  com.ulisesbocchio.jasyptspringboot.configuration.StringEncryptorBuilder:81 - Encryptor config not found for property jasypt.encryptor.key-obtention-iterations, using default value: 1000
2023-02-06 15:12:31.009 [main] INFO  com.ulisesbocchio.jasyptspringboot.configuration.StringEncryptorBuilder:81 - Encryptor config not found for property jasypt.encryptor.pool-size, using default value: 1
2023-02-06 15:12:31.009 [main] INFO  com.ulisesbocchio.jasyptspringboot.configuration.StringEncryptorBuilder:81 - Encryptor config not found for property jasypt.encryptor.provider-name, using default value: null
2023-02-06 15:12:31.010 [main] INFO  com.ulisesbocchio.jasyptspringboot.configuration.StringEncryptorBuilder:81 - Encryptor config not found for property jasypt.encryptor.provider-class-name, using default value: null
2023-02-06 15:12:31.011 [main] INFO  com.ulisesbocchio.jasyptspringboot.configuration.StringEncryptorBuilder:81 - Encryptor config not found for property jasypt.encryptor.salt-generator-classname, using default value: org.jasypt.salt.RandomSaltGenerator
2023-02-06 15:12:31.013 [main] INFO  com.ulisesbocchio.jasyptspringboot.configuration.StringEncryptorBuilder:81 - Encryptor config not found for property jasypt.encryptor.string-output-type, using default value: base64
2023-02-06 15:12:31.190 [main] INFO  org.hibernate.jpa.internal.util.LogHelper:31 - HHH000204: Processing PersistenceUnitInfo [name: data]
2023-02-06 15:12:31.245 [main] INFO  org.hibernate.Version:44 - HHH000412: Hibernate ORM core version 5.4.15.Final
2023-02-06 15:12:31.370 [main] INFO  org.hibernate.annotations.common.Version:49 - HCANN000001: Hibernate Commons Annotations {5.1.0.Final}
2023-02-06 15:12:31.836 [main] INFO  com.zaxxer.hikari.HikariDataSource:110 - HikariPool-1 - Starting...
2023-02-06 15:12:31.985 [main] INFO  com.zaxxer.hikari.HikariDataSource:123 - HikariPool-1 - Start completed.
2023-02-06 15:12:32.018 [main] INFO  org.hibernate.dialect.Dialect:172 - HHH000400: Using dialect: org.hibernate.dialect.MySQL8Dialect
2023-02-06 15:12:32.100 [main] INFO  org.hibernate.envers.boot.internal.EnversServiceImpl:90 - Envers integration enabled? : true
2023-02-06 15:12:33.850 [main] INFO  org.hibernate.engine.transaction.jta.platform.internal.JtaPlatformInitiator:52 - HHH000490: Using JtaPlatform implementation: [org.hibernate.engine.transaction.jta.platform.internal.NoJtaPlatform]
2023-02-06 15:12:33.859 [main] INFO  org.springframework.orm.jpa.LocalContainerEntityManagerFactoryBean:416 - Initialized JPA EntityManagerFactory for persistence unit 'data'
2023-02-06 15:12:35.817 [main] INFO  scrips.datamigration.App:61 - Started App in 7.087 seconds (JVM running for 8.54)
2023-02-06 15:12:35.827 [main] INFO  scrips.datamigration.controller.ReportController:44 -   - SSS_SECURITIES_POSITION_STATS_DETAIL_REPORT
2023-02-06 15:12:35.827 [main] INFO  scrips.datamigration.common.service.GenerateReportService:84 - process started for :SSS_SECURITIES_POSITION_STATS_DETAIL_REPORT
2023-02-06 15:12:35.866 [main] DEBUG org.hibernate.SQL:128 - select case when jpassssecu2_.securities_code is null then '' else jpassssecu2_.securities_code end as col_0_0_, case when jpassssecu1_.securities_code is null then '' else jpassssecu1_.securities_code end as col_1_0_, case when jpassssecu0_.securities_code is null then '' else jpassssecu0_.securities_code end as col_2_0_, case when jpassssecu2_.value_date is null then '' else jpassssecu2_.value_date end as col_3_0_, case when jpassssecu1_.value_date is null then '' else jpassssecu1_.value_date end as col_4_0_, case when jpassssecu0_.value_date is null then '' else jpassssecu0_.value_date end as col_5_0_, case when jpassssecu2_.opening_nominal_amount is null then '' else jpassssecu2_.opening_nominal_amount end as col_6_0_, case when jpassssecu1_.opening_nominal_amount is null then '' else jpassssecu1_.opening_nominal_amount end as col_7_0_, case when jpassssecu0_.opening_nominal_amount is null then '' else jpassssecu0_.opening_nominal_amount end as col_8_0_, case when jpassssecu2_.closing_nominal_amount is null then '' else jpassssecu2_.closing_nominal_amount end as col_9_0_, case when jpassssecu1_.closing_nominal_amount is null then '' else jpassssecu1_.closing_nominal_amount end as col_10_0_, case when jpassssecu0_.closing_nominal_amount is null then '' else jpassssecu0_.closing_nominal_amount end as col_11_0_, case when jpassssecu2_.settled_count is null then '' else jpassssecu2_.settled_count end as col_12_0_, case when jpassssecu1_.settled_count is null then '' else jpassssecu1_.settled_count end as col_13_0_, case when jpassssecu0_.settled_count is null then '' else jpassssecu0_.settled_count end as col_14_0_, case when jpassssecu2_.settled_amount is null then '' else jpassssecu2_.settled_amount end as col_15_0_, case when jpassssecu1_.settled_amount is null then '' else jpassssecu1_.settled_amount end as col_16_0_, case when jpassssecu0_.settled_amount is null then '' else jpassssecu0_.settled_amount end as col_17_0_, case when jpassssecu2_.receipt_count is null then '' else jpassssecu2_.receipt_count end as col_18_0_, case when jpassssecu1_.receipt_count is null then '' else jpassssecu1_.receipt_count end as col_19_0_, case when jpassssecu0_.receipt_count is null then '' else jpassssecu0_.receipt_count end as col_20_0_, case when jpassssecu2_.receipt_amount is null then '' else jpassssecu2_.receipt_amount end as col_21_0_, case when jpassssecu1_.receipt_amount is null then '' else jpassssecu1_.receipt_amount end as col_22_0_, case when jpassssecu0_.receipt_amount is null then '' else jpassssecu0_.receipt_amount end as col_23_0_, case when jpassssecu2_.queued_count is null then '' else jpassssecu2_.queued_count end as col_24_0_, case when jpassssecu1_.queued_count is null then '' else jpassssecu1_.queued_count end as col_25_0_, case when jpassssecu0_.queued_count is null then '' else jpassssecu0_.queued_count end as col_26_0_, case when jpassssecu2_.queued_amount is null then '' else jpassssecu2_.queued_amount end as col_27_0_, case when jpassssecu1_.queued_amount is null then '' else jpassssecu1_.queued_amount end as col_28_0_, case when jpassssecu0_.queued_amount is null then '' else jpassssecu0_.queued_amount end as col_29_0_, case when jpassssecu2_.rejected_count is null then '' else jpassssecu2_.rejected_count end as col_30_0_, case when jpassssecu1_.rejected_count is null then '' else jpassssecu1_.rejected_count end as col_31_0_, case when jpassssecu0_.rejected_count is null then '' else jpassssecu0_.rejected_count end as col_32_0_, case when jpassssecu2_.rejected_amount is null then '' else jpassssecu2_.rejected_amount end as col_33_0_, case when jpassssecu1_.rejected_amount is null then '' else jpassssecu1_.rejected_amount end as col_34_0_, case when jpassssecu0_.rejected_amount is null then '' else jpassssecu0_.rejected_amount end as col_35_0_, case when jpassssecu2_.cancelled_count is null then '' else jpassssecu2_.cancelled_count end as col_36_0_, case when jpassssecu1_.cancelled_count is null then '' else jpassssecu1_.cancelled_count end as col_37_0_, case when jpassssecu0_.cancelled_count is null then '' else jpassssecu0_.cancelled_count end as col_38_0_, case when jpassssecu2_.cancelled_amount is null then '' else jpassssecu2_.cancelled_amount end as col_39_0_, case when jpassssecu1_.cancelled_amount is null then '' else jpassssecu1_.cancelled_amount end as col_40_0_, case when jpassssecu0_.cancelled_amount is null then '' else jpassssecu0_.cancelled_amount end as col_41_0_, case when jpassssecu2_.account_id is null then '' else jpassssecu2_.account_id end as col_42_0_, case when jpassssecu1_.account_id is null then '' else jpassssecu1_.account_id end as col_43_0_, case when jpassssecu0_.account_id is null then '' else jpassssecu0_.account_id end as col_44_0_, case when jpassssecu0_.remarks is null then case when jpassssecu1_.remarks is null then '' else jpassssecu1_.remarks end else jpassssecu0_.remarks end as col_45_0_ from securities_position_stats_source jpassssecu0_ left outer join securities_position_stats_temp jpassssecu1_ on (jpassssecu0_.id=jpassssecu1_.id) left outer join securities_position_stats jpassssecu2_ on (jpassssecu2_.securities_code=jpassssecu0_.securities_code and (jpassssecu1_.remarks is null)) order by jpassssecu0_.seq asc
2023-02-06 15:12:35.892 [main] DEBUG org.hibernate.SQL:128 - select count(*) as col_0_0_ from securities_position_stats_temp jpassssecu0_ inner join securities_position_stats jpassssecu1_ on (jpassssecu1_.securities_code=jpassssecu0_.securities_code and (jpassssecu0_.remarks is null))
2023-02-06 15:12:35.894 [main] INFO  scrips.datamigration.common.service.GenerateReportService:177 - Path -> D:/DataMigration/DATA_MIGRATION_RTGS/DataMigrationAndExtract/DataMigration/reports/
2023-02-06 15:12:36.451 [main] ERROR org.apache.commons.digester.Digester:1791 - Parse Fatal Error at line 504 column 1: Content is not allowed in trailing section.
org.xml.sax.SAXParseException: Content is not allowed in trailing section.
	at com.sun.org.apache.xerces.internal.util.ErrorHandlerWrapper.createSAXParseException(ErrorHandlerWrapper.java:204) ~[?:?]
	at com.sun.org.apache.xerces.internal.util.ErrorHandlerWrapper.fatalError(ErrorHandlerWrapper.java:178) [?:?]
	at com.sun.org.apache.xerces.internal.impl.XMLErrorReporter.reportError(XMLErrorReporter.java:400) [?:?]
	at com.sun.org.apache.xerces.internal.impl.XMLErrorReporter.reportError(XMLErrorReporter.java:327) [?:?]
	at com.sun.org.apache.xerces.internal.impl.XMLScanner.reportFatalError(XMLScanner.java:1465) [?:?]
	at com.sun.org.apache.xerces.internal.impl.XMLDocumentScannerImpl$TrailingMiscDriver.next(XMLDocumentScannerImpl.java:1433) [?:?]
	at com.sun.org.apache.xerces.internal.impl.XMLDocumentScannerImpl.next(XMLDocumentScannerImpl.java:605) [?:?]
	at com.sun.org.apache.xerces.internal.impl.XMLNSDocumentScannerImpl.next(XMLNSDocumentScannerImpl.java:112) [?:?]
	at com.sun.org.apache.xerces.internal.impl.XMLDocumentFragmentScannerImpl.scanDocument(XMLDocumentFragmentScannerImpl.java:534) [?:?]
	at com.sun.org.apache.xerces.internal.parsers.XML11Configuration.parse(XML11Configuration.java:888) [?:?]
	at com.sun.org.apache.xerces.internal.parsers.XML11Configuration.parse(XML11Configuration.java:824) [?:?]
	at com.sun.org.apache.xerces.internal.parsers.XMLParser.parse(XMLParser.java:141) [?:?]
	at com.sun.org.apache.xerces.internal.parsers.AbstractSAXParser.parse(AbstractSAXParser.java:1216) [?:?]
	at com.sun.org.apache.xerces.internal.jaxp.SAXParserImpl$JAXPSAXParser.parse(SAXParserImpl.java:635) [?:?]
	at org.apache.commons.digester.Digester.parse(Digester.java:1892) [commons-digester-2.1.jar:2.1]
	at net.sf.jasperreports.engine.xml.JRXmlLoader.loadXML(JRXmlLoader.java:299) [jasperreports-6.17.0.jar:6.17.0-6d93193241dd8cc42629e188b94f9e0bc5722efd]
	at net.sf.jasperreports.engine.xml.JRXmlLoader.loadXML(JRXmlLoader.java:286) [jasperreports-6.17.0.jar:6.17.0-6d93193241dd8cc42629e188b94f9e0bc5722efd]
	at net.sf.jasperreports.engine.xml.JRXmlLoader.load(JRXmlLoader.java:275) [jasperreports-6.17.0.jar:6.17.0-6d93193241dd8cc42629e188b94f9e0bc5722efd]
	at net.sf.jasperreports.engine.xml.JRXmlLoader.load(JRXmlLoader.java:220) [jasperreports-6.17.0.jar:6.17.0-6d93193241dd8cc42629e188b94f9e0bc5722efd]
	at net.sf.jasperreports.engine.xml.JRXmlLoader.load(JRXmlLoader.java:195) [jasperreports-6.17.0.jar:6.17.0-6d93193241dd8cc42629e188b94f9e0bc5722efd]
	at net.sf.jasperreports.engine.xml.JRXmlLoader.load(JRXmlLoader.java:186) [jasperreports-6.17.0.jar:6.17.0-6d93193241dd8cc42629e188b94f9e0bc5722efd]
	at net.sf.jasperreports.engine.JasperCompileManager.compile(JasperCompileManager.java:289) [jasperreports-6.17.0.jar:6.17.0-6d93193241dd8cc42629e188b94f9e0bc5722efd]
	at net.sf.jasperreports.engine.JasperCompileManager.compileReport(JasperCompileManager.java:576) [jasperreports-6.17.0.jar:6.17.0-6d93193241dd8cc42629e188b94f9e0bc5722efd]
	at scrips.datamigration.common.service.GenerateReportService.generateReportUsingJava(GenerateReportService.java:179) [classes/:?]
	at scrips.datamigration.common.service.GenerateReportService.exportReport(GenerateReportService.java:167) [classes/:?]
	at scrips.datamigration.controller.ReportController.generateReport(ReportController.java:46) [classes/:?]
	at scrips.datamigration.App.main(App.java:55) [classes/:?]
2023-02-06 15:12:36.461 [main] INFO  scrips.datamigration.App:77 - Process completed in (Hours:Minutes:Seconds) 0:0:7
2023-02-06 15:12:36.476 [SpringContextShutdownHook] INFO  org.springframework.orm.jpa.LocalContainerEntityManagerFactoryBean:598 - Closing JPA EntityManagerFactory for persistence unit 'data'
2023-02-06 15:12:36.479 [SpringContextShutdownHook] INFO  com.zaxxer.hikari.HikariDataSource:350 - HikariPool-1 - Shutdown initiated...
2023-02-06 15:12:36.493 [SpringContextShutdownHook] INFO  com.zaxxer.hikari.HikariDataSource:352 - HikariPool-1 - Shutdown completed.
