2023-01-30 10:33:38.811 [main] INFO  scrips.datamigration.App:55 - Starting App on WSIN181 with PID 7456 (D:\DataMigration\DATA_MIGRATION_RTGS\DataMigrationAndExtract\DataMigration\target\classes started by SheikKhadeer in D:\DataMigration\DATA_MIGRATION_RTGS\DataMigrationAndExtract\DataMigration)
2023-01-30 10:33:38.817 [main] INFO  scrips.datamigration.App:651 - No active profile set, falling back to default profiles: app
2023-01-30 10:33:39.551 [main] INFO  org.springframework.data.repository.config.RepositoryConfigurationDelegate:127 - Bootstrapping Spring Data JPA repositories in DEFAULT mode.
2023-01-30 10:33:40.004 [main] INFO  org.springframework.data.repository.config.RepositoryConfigurationDelegate:187 - Finished Spring Data repository scanning in 444ms. Found 60 JPA repository interfaces.
2023-01-30 10:33:40.302 [main] INFO  com.ulisesbocchio.jasyptspringboot.configuration.EnableEncryptablePropertiesBeanFactoryPostProcessor:39 - Post-processing PropertySource instances
2023-01-30 10:33:40.328 [main] INFO  com.ulisesbocchio.jasyptspringboot.EncryptablePropertySourceConverter:56 - Converting PropertySource configurationProperties [org.springframework.boot.context.properties.source.ConfigurationPropertySourcesPropertySource] to AOP Proxy
2023-01-30 10:33:40.328 [main] INFO  com.ulisesbocchio.jasyptspringboot.EncryptablePropertySourceConverter:56 - Converting PropertySource commandLineArgs [org.springframework.core.env.SimpleCommandLinePropertySource] to EncryptableEnumerablePropertySourceWrapper
2023-01-30 10:33:40.329 [main] INFO  com.ulisesbocchio.jasyptspringboot.EncryptablePropertySourceConverter:56 - Converting PropertySource systemProperties [org.springframework.core.env.PropertiesPropertySource] to EncryptableMapPropertySourceWrapper
2023-01-30 10:33:40.329 [main] INFO  com.ulisesbocchio.jasyptspringboot.EncryptablePropertySourceConverter:56 - Converting PropertySource systemEnvironment [org.springframework.boot.env.SystemEnvironmentPropertySourceEnvironmentPostProcessor$OriginAwareSystemEnvironmentPropertySource] to EncryptableSystemEnvironmentPropertySourceWrapper
2023-01-30 10:33:40.330 [main] INFO  com.ulisesbocchio.jasyptspringboot.EncryptablePropertySourceConverter:56 - Converting PropertySource random [org.springframework.boot.env.RandomValuePropertySource] to EncryptablePropertySourceWrapper
2023-01-30 10:33:40.330 [main] INFO  com.ulisesbocchio.jasyptspringboot.EncryptablePropertySourceConverter:56 - Converting PropertySource applicationConfig: [file:./config/application.properties] [org.springframework.boot.env.OriginTrackedMapPropertySource] to EncryptableMapPropertySourceWrapper
2023-01-30 10:33:40.330 [main] INFO  com.ulisesbocchio.jasyptspringboot.EncryptablePropertySourceConverter:56 - Converting PropertySource applicationConfig: [classpath:/application.properties] [org.springframework.boot.env.OriginTrackedMapPropertySource] to EncryptableMapPropertySourceWrapper
2023-01-30 10:33:40.330 [main] INFO  com.ulisesbocchio.jasyptspringboot.EncryptablePropertySourceConverter:56 - Converting PropertySource DataMigrationProperties [org.springframework.core.env.MapPropertySource] to EncryptableMapPropertySourceWrapper
2023-01-30 10:33:40.433 [main] INFO  com.ulisesbocchio.jasyptspringboot.filter.DefaultLazyPropertyFilter:31 - Property Filter custom Bean not found with name 'encryptablePropertyFilter'. Initializing Default Property Filter
2023-01-30 10:33:40.554 [main] INFO  com.ulisesbocchio.jasyptspringboot.resolver.DefaultLazyPropertyResolver:35 - Property Resolver custom Bean not found with name 'encryptablePropertyResolver'. Initializing Default Property Resolver
2023-01-30 10:33:40.558 [main] INFO  com.ulisesbocchio.jasyptspringboot.detector.DefaultLazyPropertyDetector:35 - Property Detector custom Bean not found with name 'encryptablePropertyDetector'. Initializing Default Property Detector
2023-01-30 10:33:40.568 [main] INFO  com.ulisesbocchio.jasyptspringboot.encryptor.DefaultLazyEncryptor:37 - String Encryptor custom Bean not found with name 'jasyptStringEncryptor'. Initializing Default String Encryptor
2023-01-30 10:33:40.608 [main] INFO  com.ulisesbocchio.jasyptspringboot.configuration.StringEncryptorBuilder:81 - Encryptor config not found for property jasypt.encryptor.key-obtention-iterations, using default value: 1000
2023-01-30 10:33:40.609 [main] INFO  com.ulisesbocchio.jasyptspringboot.configuration.StringEncryptorBuilder:81 - Encryptor config not found for property jasypt.encryptor.pool-size, using default value: 1
2023-01-30 10:33:40.610 [main] INFO  com.ulisesbocchio.jasyptspringboot.configuration.StringEncryptorBuilder:81 - Encryptor config not found for property jasypt.encryptor.provider-name, using default value: null
2023-01-30 10:33:40.611 [main] INFO  com.ulisesbocchio.jasyptspringboot.configuration.StringEncryptorBuilder:81 - Encryptor config not found for property jasypt.encryptor.provider-class-name, using default value: null
2023-01-30 10:33:40.612 [main] INFO  com.ulisesbocchio.jasyptspringboot.configuration.StringEncryptorBuilder:81 - Encryptor config not found for property jasypt.encryptor.salt-generator-classname, using default value: org.jasypt.salt.RandomSaltGenerator
2023-01-30 10:33:40.616 [main] INFO  com.ulisesbocchio.jasyptspringboot.configuration.StringEncryptorBuilder:81 - Encryptor config not found for property jasypt.encryptor.string-output-type, using default value: base64
2023-01-30 10:33:40.847 [main] INFO  org.hibernate.jpa.internal.util.LogHelper:31 - HHH000204: Processing PersistenceUnitInfo [name: data]
2023-01-30 10:33:40.931 [main] INFO  org.hibernate.Version:44 - HHH000412: Hibernate ORM core version 5.4.15.Final
2023-01-30 10:33:41.105 [main] INFO  org.hibernate.annotations.common.Version:49 - HCANN000001: Hibernate Commons Annotations {5.1.0.Final}
2023-01-30 10:33:41.547 [main] INFO  com.zaxxer.hikari.HikariDataSource:110 - HikariPool-1 - Starting...
2023-01-30 10:33:41.840 [main] INFO  com.zaxxer.hikari.HikariDataSource:123 - HikariPool-1 - Start completed.
2023-01-30 10:33:41.880 [main] INFO  org.hibernate.dialect.Dialect:172 - HHH000400: Using dialect: org.hibernate.dialect.MySQL8Dialect
2023-01-30 10:33:41.960 [main] INFO  org.hibernate.envers.boot.internal.EnversServiceImpl:90 - Envers integration enabled? : true
2023-01-30 10:33:43.829 [main] INFO  org.hibernate.engine.transaction.jta.platform.internal.JtaPlatformInitiator:52 - HHH000490: Using JtaPlatform implementation: [org.hibernate.engine.transaction.jta.platform.internal.NoJtaPlatform]
2023-01-30 10:33:43.837 [main] INFO  org.springframework.orm.jpa.LocalContainerEntityManagerFactoryBean:416 - Initialized JPA EntityManagerFactory for persistence unit 'data'
2023-01-30 10:33:45.986 [main] INFO  scrips.datamigration.App:61 - Started App in 7.733 seconds (JVM running for 9.332)
2023-01-30 10:33:46.000 [main] INFO  scrips.datamigration.common.service.FkChecksEnableDisable:36 - disable FkChecks called
2023-01-30 10:33:46.023 [main] DEBUG org.hibernate.SQL:128 - SET FOREIGN_KEY_CHECKS = 0
2023-01-30 10:33:46.037 [main] INFO  scrips.datamigration.common.service.FkChecksEnableDisable:38 - disable FkChecks done
2023-01-30 10:33:46.075 [main] DEBUG org.hibernate.SQL:128 - SELECT @@GLOBAL.foreign_key_checks, @@SESSION.foreign_key_checks
2023-01-30 10:33:46.083 [main] INFO  scrips.datamigration.common.service.FkChecksEnableDisable:52 - foreign_key_checks status - 0
2023-01-30 10:33:46.147 [main] INFO  scrips.datamigration.controller.ScripsFileUploadController:131 - fileUploadCode - SSS_SECURITIES_CODE_FILE_UPLOAD
2023-01-30 10:33:46.148 [main] INFO  scrips.datamigration.common.service.FileUploadService:82 - getFileHeaderByCode entered
2023-01-30 10:33:46.149 [main] INFO  scrips.datamigration.common.service.FileUploadService:88 - fileUploadHeaderOut - securities_code
2023-01-30 10:33:46.150 [main] INFO  scrips.datamigration.controller.ScripsFileUploadController:136 - Live table name ->securities_code
2023-01-30 10:33:46.160 [main] INFO  scrips.datamigration.common.service.FileUploadService:98 - fieldName  -  securities_code;issue_code;description;securities_status;currency_code;denomination;first_auction_date;first_issuance_date;first_issuance_amount;redemption_date;optional_redemption_date;redemption_price;optional_redemption_price;central_bank_applied_amount;coupon_payment_frequency;coupon_rate;average_yield;record_date_period;tenor_period;issue_price;issue_yield;first_coupon_date
2023-01-30 10:33:46.162 [main] INFO  scrips.datamigration.common.service.FileUploadService:104 - fileUploadDetails - [scrips.datamigration.fileupload.JpaFileUploadDetails@1a2454b0]
2023-01-30 10:33:46.164 [main] INFO  scrips.datamigration.sss.service.SssSecuritiesFileDataService:36 - ftp status n
2023-01-30 10:33:46.165 [main] INFO  scrips.datamigration.sss.service.SssSecuritiesFileDataService:148 - fieldName  -  ISIN_CODE;DESCRIPTION;ISIN_TYPE;ISSUE_CODE;ISIN_STATUS;TAXABLE;TRADABLE;CREDIT_RATING;ELIGIBLE_FOR_ILF;ILF_HAIRCUT_SETTING;HAIRCUT_PERCENTAGE_FOR_ILF;MATURITY_DATE;OPTIONAL_MATURITY_DATE;AUCTION_DATE;FIRST_ISSUANCE_DATE;FIRST_ISSUANCE_AMOUNT;RE_OPENING_AUCTION_DATE;RE_OPENING_ALLOTMENT_DATE;RE_OPENING_TOTAL_ALLOTMENT_AMOUNT;TOTAL_ISSUED_AMOUNT;OUTSTANDING_NOMINAL_AMOUNT;AMOUNT_ALLOCATED_TO_MAS;AMOUNT_ALLOCATED_TO_OTHERS;MAS_APPLIED_AMOUNT;UNIT_SIZE;DENOMINATION;CURRENCY_CODE;REDEMPTION_PRICE;COUPON_RATE;EX_DATE_PERIOD;EX_DATE;COUPON_PAYMENT_FREQUENCY;LAST_COUPON_DATE;NEXT_COUPON_DATE;OPTIONAL_COUPON_DATE;DAYS_OF_ACCRUED_INTEREST;TENURE;AVERAGE_YIELD;CUTOFF_YIELD;AVERAGE_YIELD_PRICE;CUTOFF_YIELD_PRICE;RE_OPENING_MAS_APPLIED_AMOUNT;TOTAL_REDEEMED_AMOUNT;ISIN_SUB_TYPE
2023-01-30 10:33:46.166 [main] INFO  scrips.datamigration.sss.service.SssSecuritiesFileDataService:154 - fileUploadDetails - [scrips.datamigration.fileupload.JpaFileUploadDetails@46ce6678]
2023-01-30 10:33:46.201 [main] INFO  scrips.datamigration.sss.service.SssSecuritiesFileDataService:64 - fileSourceData - ISIN Code;Description;ISIN Type;Issue Code;ISIN Status;Taxable;Tradable;Credit Rating;Eligible for ILF;ILF Haircut Setting;Haircut Percentage for ILF;Maturity Date;Optional Maturity Date;Auction Date;First Issuance Date;First Issuance Amount;Re-Opening - Auction Date;Re-Opening - Allotment Date;Re-Opening - Total Allotment Amount;Total Issued Amount;Outstanding Nominal Amount;Amount Allocated to MAS;Amount Allocated to Others;MAS Applied Amount;Unit Size;Denomination;Currency Code;Redemption Price;Coupon Rate;Ex-date Period;Ex-date;Coupon Payment Frequency;Last Coupon Date;Next Coupon Date;Optional Coupon Date;Days of Accrued Interest;Tenure;Average Yield;Cutoff Yield;Average Yield Price;Cutoff Yield Price;Re-Opening - MAS Applied Amount;Total Redeemed Amount;ISIN Sub Type
2023-01-30 10:33:46.202 [main] INFO  scrips.datamigration.sss.service.SssSecuritiesFileDataService:64 - fileSourceData - BCSISTEST012;99YR BOND 2017 DUE 010199 AUTOSFNP;BN;M1TOSFNP;A;Y;Y;AAA;Y;A;00300000;20240101; ;20171228;20171229;000001000000000;20221026;20221027;000900000000000;000902800000000;000902799998000;000001500000000;000901300000000;000001000000000;1000;000000000001000;SGD;10000000;00120000;3;20230529;S;20221201;20230601;20180601;182;050;00000000;0000;00000000;00000000;000900000000000;000000000002000;NA
2023-01-30 10:33:46.202 [main] INFO  scrips.datamigration.sss.service.SssSecuritiesFileDataService:64 - fileSourceData - BCSISMBIL001;MAS Bill;MB;BN2005M;A;Y;Y;AAA;Y;Y;00100000;20251231; ;20210518;20210519;000000100000000; ; ;000000000000000;000000100000000;000000100000000;000000000900000;000000099100000;000000000100000;1000;000000000001000;SGD;10000000;00000000;0; ;N; ; ; ; ;241;00000000;00012;00000000;00000000;000000000000000;000000000000000;NA
2023-01-30 10:33:46.202 [main] INFO  scrips.datamigration.sss.service.SssSecuritiesFileDataService:64 - fileSourceData - MEPSUAT00016;10YR SBOND 2016 DUE220426 GX16501W;SB;GX16501W;A;Y;N;AAA;N;N;00000000;20231022; ;20160421;20160422;000000000287500; ; ;000000000000000;000000000287500;000000000242500;000000000000000;000000000287500;000000000000000;1000;000000000000500;SGD;10000000;00700000;3;20230419;S;20221022;20230422;20161022; ;010;00000000;1001;00000000;00000000;000000000000000;000000000045000;NA
2023-01-30 10:33:46.203 [main] INFO  scrips.datamigration.sss.service.SssSecuritiesFileDataService:64 - fileSourceData - MEPSUAT00024;10YR SBOND 2016 DUE250426 GX16502N;SB;GX16502N;A;Y;N;AAA;N;N;00000000;20241025; ;20160422;20160425;000000000300000; ; ;000000000000000;000000000300000;000000000170000;000000000000000;000000000300000;000000000000000;1000;000000000000500;SGD;10000000;00293000;3;20230420;S;20221025;20230425;20161025; ;010;00000000;005;00000000;00000000;000000000000000;000000000130000;NA
2023-01-30 10:33:46.204 [main] INFO  scrips.datamigration.sss.service.SssSecuritiesFileDataService:66 - Headings - 1:ISIN_CODE;DESCRIPTION;ISIN_TYPE;ISSUE_CODE;ISIN_STATUS;TAXABLE;TRADABLE;CREDIT_RATING;ELIGIBLE_FOR_ILF;ILF_HAIRCUT_SETTING;HAIRCUT_PERCENTAGE_FOR_ILF;MATURITY_DATE;OPTIONAL_MATURITY_DATE;AUCTION_DATE;FIRST_ISSUANCE_DATE;FIRST_ISSUANCE_AMOUNT;RE_OPENING_AUCTION_DATE;RE_OPENING_ALLOTMENT_DATE;RE_OPENING_TOTAL_ALLOTMENT_AMOUNT;TOTAL_ISSUED_AMOUNT;OUTSTANDING_NOMINAL_AMOUNT;AMOUNT_ALLOCATED_TO_MAS;AMOUNT_ALLOCATED_TO_OTHERS;MAS_APPLIED_AMOUNT;UNIT_SIZE;DENOMINATION;CURRENCY_CODE;REDEMPTION_PRICE;COUPON_RATE;EX_DATE_PERIOD;EX_DATE;COUPON_PAYMENT_FREQUENCY;LAST_COUPON_DATE;NEXT_COUPON_DATE;OPTIONAL_COUPON_DATE;DAYS_OF_ACCRUED_INTEREST;TENURE;AVERAGE_YIELD;CUTOFF_YIELD;AVERAGE_YIELD_PRICE;CUTOFF_YIELD_PRICE;RE_OPENING_MAS_APPLIED_AMOUNT;TOTAL_REDEEMED_AMOUNT;ISIN_SUB_TYPE
2023-01-30 10:33:46.205 [main] ERROR scrips.datamigration.sss.service.SssSecuritiesFileDataService:171 - Invalid  - Invalid number of columns received
2023-01-30 10:33:46.206 [main] ERROR scrips.datamigration.sss.service.SssSecuritiesFileDataService:171 - Invalid  - Invalid number of columns received
2023-01-30 10:33:46.206 [main] ERROR scrips.datamigration.sss.service.SssSecuritiesFileDataService:171 - Invalid  - Invalid number of columns received
2023-01-30 10:33:46.206 [main] ERROR scrips.datamigration.sss.service.SssSecuritiesFileDataService:171 - Invalid  - Invalid number of columns received
2023-01-30 10:33:46.207 [main] INFO  scrips.datamigration.sss.service.SssSecuritiesFileDataService:218 - Total records in File: {}5
2023-01-30 10:33:46.208 [main] INFO  scrips.datamigration.common.service.FkChecksEnableDisable:23 - enable FkChecks called
2023-01-30 10:33:46.209 [main] DEBUG org.hibernate.SQL:128 - SET FOREIGN_KEY_CHECKS = 1
2023-01-30 10:33:46.210 [main] INFO  scrips.datamigration.common.service.FkChecksEnableDisable:25 - enable FkChecks done
2023-01-30 10:33:46.211 [main] DEBUG org.hibernate.SQL:128 - SELECT @@GLOBAL.foreign_key_checks, @@SESSION.foreign_key_checks
2023-01-30 10:33:46.214 [main] INFO  scrips.datamigration.common.service.FkChecksEnableDisable:52 - foreign_key_checks status - 1
2023-01-30 10:33:46.214 [main] INFO  scrips.datamigration.App:77 - Process completed in (Hours:Minutes:Seconds) 0:0:8
2023-01-30 10:33:46.238 [SpringContextShutdownHook] INFO  org.springframework.orm.jpa.LocalContainerEntityManagerFactoryBean:598 - Closing JPA EntityManagerFactory for persistence unit 'data'
2023-01-30 10:33:46.241 [SpringContextShutdownHook] INFO  com.zaxxer.hikari.HikariDataSource:350 - HikariPool-1 - Shutdown initiated...
2023-01-30 10:33:46.253 [SpringContextShutdownHook] INFO  com.zaxxer.hikari.HikariDataSource:352 - HikariPool-1 - Shutdown completed.
