2023-02-10 17:48:59.935 [main] INFO  scrips.datamigration.App:55 - Starting App on WSIN181 with PID 1196 (D:\DataMigration\DATA_MIGRATION_RTGS\DataMigrationAndExtract\DataMigration\target\classes started by SheikKhadeer in D:\DataMigration\DATA_MIGRATION_RTGS\DataMigrationAndExtract\DataMigration)
2023-02-10 17:48:59.941 [main] INFO  scrips.datamigration.App:651 - No active profile set, falling back to default profiles: app
2023-02-10 17:49:00.906 [main] INFO  org.springframework.data.repository.config.RepositoryConfigurationDelegate:127 - Bootstrapping Spring Data JPA repositories in DEFAULT mode.
2023-02-10 17:49:01.443 [main] INFO  org.springframework.data.repository.config.RepositoryConfigurationDelegate:187 - Finished Spring Data repository scanning in 522ms. Found 61 JPA repository interfaces.
2023-02-10 17:49:01.841 [main] INFO  com.ulisesbocchio.jasyptspringboot.configuration.EnableEncryptablePropertiesBeanFactoryPostProcessor:39 - Post-processing PropertySource instances
2023-02-10 17:49:01.865 [main] INFO  com.ulisesbocchio.jasyptspringboot.EncryptablePropertySourceConverter:56 - Converting PropertySource configurationProperties [org.springframework.boot.context.properties.source.ConfigurationPropertySourcesPropertySource] to AOP Proxy
2023-02-10 17:49:01.866 [main] INFO  com.ulisesbocchio.jasyptspringboot.EncryptablePropertySourceConverter:56 - Converting PropertySource commandLineArgs [org.springframework.core.env.SimpleCommandLinePropertySource] to EncryptableEnumerablePropertySourceWrapper
2023-02-10 17:49:01.866 [main] INFO  com.ulisesbocchio.jasyptspringboot.EncryptablePropertySourceConverter:56 - Converting PropertySource systemProperties [org.springframework.core.env.PropertiesPropertySource] to EncryptableMapPropertySourceWrapper
2023-02-10 17:49:01.866 [main] INFO  com.ulisesbocchio.jasyptspringboot.EncryptablePropertySourceConverter:56 - Converting PropertySource systemEnvironment [org.springframework.boot.env.SystemEnvironmentPropertySourceEnvironmentPostProcessor$OriginAwareSystemEnvironmentPropertySource] to EncryptableSystemEnvironmentPropertySourceWrapper
2023-02-10 17:49:01.867 [main] INFO  com.ulisesbocchio.jasyptspringboot.EncryptablePropertySourceConverter:56 - Converting PropertySource random [org.springframework.boot.env.RandomValuePropertySource] to EncryptablePropertySourceWrapper
2023-02-10 17:49:01.867 [main] INFO  com.ulisesbocchio.jasyptspringboot.EncryptablePropertySourceConverter:56 - Converting PropertySource applicationConfig: [file:./config/application.properties] [org.springframework.boot.env.OriginTrackedMapPropertySource] to EncryptableMapPropertySourceWrapper
2023-02-10 17:49:01.867 [main] INFO  com.ulisesbocchio.jasyptspringboot.EncryptablePropertySourceConverter:56 - Converting PropertySource applicationConfig: [classpath:/application.properties] [org.springframework.boot.env.OriginTrackedMapPropertySource] to EncryptableMapPropertySourceWrapper
2023-02-10 17:49:01.868 [main] INFO  com.ulisesbocchio.jasyptspringboot.EncryptablePropertySourceConverter:56 - Converting PropertySource DataMigrationProperties [org.springframework.core.env.MapPropertySource] to EncryptableMapPropertySourceWrapper
2023-02-10 17:49:02.006 [main] INFO  com.ulisesbocchio.jasyptspringboot.filter.DefaultLazyPropertyFilter:31 - Property Filter custom Bean not found with name 'encryptablePropertyFilter'. Initializing Default Property Filter
2023-02-10 17:49:02.104 [main] INFO  com.ulisesbocchio.jasyptspringboot.resolver.DefaultLazyPropertyResolver:35 - Property Resolver custom Bean not found with name 'encryptablePropertyResolver'. Initializing Default Property Resolver
2023-02-10 17:49:02.108 [main] INFO  com.ulisesbocchio.jasyptspringboot.detector.DefaultLazyPropertyDetector:35 - Property Detector custom Bean not found with name 'encryptablePropertyDetector'. Initializing Default Property Detector
2023-02-10 17:49:02.116 [main] INFO  com.ulisesbocchio.jasyptspringboot.encryptor.DefaultLazyEncryptor:37 - String Encryptor custom Bean not found with name 'jasyptStringEncryptor'. Initializing Default String Encryptor
2023-02-10 17:49:02.131 [main] INFO  com.ulisesbocchio.jasyptspringboot.configuration.StringEncryptorBuilder:81 - Encryptor config not found for property jasypt.encryptor.key-obtention-iterations, using default value: 1000
2023-02-10 17:49:02.132 [main] INFO  com.ulisesbocchio.jasyptspringboot.configuration.StringEncryptorBuilder:81 - Encryptor config not found for property jasypt.encryptor.pool-size, using default value: 1
2023-02-10 17:49:02.132 [main] INFO  com.ulisesbocchio.jasyptspringboot.configuration.StringEncryptorBuilder:81 - Encryptor config not found for property jasypt.encryptor.provider-name, using default value: null
2023-02-10 17:49:02.133 [main] INFO  com.ulisesbocchio.jasyptspringboot.configuration.StringEncryptorBuilder:81 - Encryptor config not found for property jasypt.encryptor.provider-class-name, using default value: null
2023-02-10 17:49:02.133 [main] INFO  com.ulisesbocchio.jasyptspringboot.configuration.StringEncryptorBuilder:81 - Encryptor config not found for property jasypt.encryptor.salt-generator-classname, using default value: org.jasypt.salt.RandomSaltGenerator
2023-02-10 17:49:02.135 [main] INFO  com.ulisesbocchio.jasyptspringboot.configuration.StringEncryptorBuilder:81 - Encryptor config not found for property jasypt.encryptor.string-output-type, using default value: base64
2023-02-10 17:49:02.295 [main] INFO  org.hibernate.jpa.internal.util.LogHelper:31 - HHH000204: Processing PersistenceUnitInfo [name: data]
2023-02-10 17:49:02.355 [main] INFO  org.hibernate.Version:44 - HHH000412: Hibernate ORM core version 5.4.15.Final
2023-02-10 17:49:02.506 [main] INFO  org.hibernate.annotations.common.Version:49 - HCANN000001: Hibernate Commons Annotations {5.1.0.Final}
2023-02-10 17:49:02.978 [main] INFO  com.zaxxer.hikari.HikariDataSource:110 - HikariPool-1 - Starting...
2023-02-10 17:49:03.166 [main] INFO  com.zaxxer.hikari.HikariDataSource:123 - HikariPool-1 - Start completed.
2023-02-10 17:49:03.207 [main] INFO  org.hibernate.dialect.Dialect:172 - HHH000400: Using dialect: org.hibernate.dialect.MySQL8Dialect
2023-02-10 17:49:03.321 [main] INFO  org.hibernate.envers.boot.internal.EnversServiceImpl:90 - Envers integration enabled? : true
2023-02-10 17:49:05.229 [main] INFO  org.hibernate.engine.transaction.jta.platform.internal.JtaPlatformInitiator:52 - HHH000490: Using JtaPlatform implementation: [org.hibernate.engine.transaction.jta.platform.internal.NoJtaPlatform]
2023-02-10 17:49:05.238 [main] INFO  org.springframework.orm.jpa.LocalContainerEntityManagerFactoryBean:416 - Initialized JPA EntityManagerFactory for persistence unit 'data'
2023-02-10 17:49:07.552 [main] INFO  scrips.datamigration.App:61 - Started App in 8.176 seconds (JVM running for 9.997)
2023-02-10 17:49:07.566 [main] INFO  scrips.datamigration.controller.ReportController:44 -   - CONTROL_TOTAL_REPORT
2023-02-10 17:49:07.566 [main] INFO  scrips.datamigration.common.service.GenerateReportService:107 - process started for :CONTROL_TOTAL_REPORT
2023-02-10 17:49:07.594 [main] DEBUG org.hibernate.SQL:128 - select 'Account' as col_0_0_, count(*) as col_1_0_, (select count(*) from account_source jpaaccount2_) as col_2_0_ from account_source jpaaccount0_ inner join account jpaaccount1_ on (jpaaccount0_.id=jpaaccount1_.id)
2023-02-10 17:49:07.615 [main] DEBUG org.hibernate.SQL:128 - select 'Account Position' as col_0_0_, count(*) as col_1_0_, (select count(*) from account_position_source jpaaccount2_) as col_2_0_ from account_position_source jpaaccount0_ inner join account_position jpaaccount1_ on (jpaaccount0_.account_id=jpaaccount1_.account_id and (jpaaccount0_.remarks is null))
2023-02-10 17:49:07.618 [main] DEBUG org.hibernate.SQL:128 - select 'Cbm Deposit Rate' as col_0_0_, count(*) as col_1_0_, (select count(*) from cbm_deposit_rate_source jpacbmdepo2_) as col_2_0_ from cbm_deposit_rate_source jpacbmdepo0_ inner join cbm_deposit_rate jpacbmdepo1_ on (jpacbmdepo0_.id=jpacbmdepo1_.id and (jpacbmdepo0_.remarks is null))
2023-02-10 17:49:19.849 [main] DEBUG org.hibernate.SQL:128 - select 'Cbm Cost Centre' as col_0_0_, count(*) as col_1_0_, (select count(*) from cbm_cost_centre_source jpacbmcost2_) as col_2_0_ from cbm_cost_centre_source jpacbmcost0_ right outer join cbm_cost_centre jpacbmcost1_ on (jpacbmcost0_.cost_centre=jpacbmcost1_.cost_centre and jpacbmcost0_.migrated_date=jpacbmcost1_.created_date and (jpacbmcost0_.remarks is null))
2023-02-10 17:49:20.322 [main] DEBUG org.hibernate.SQL:128 - select 'Cbm Gl Account' as col_0_0_, count(*) as col_1_0_, (select count(*) from cbm_gl_account_source jpacbmglac2_) as col_2_0_ from cbm_gl_account_source jpacbmglac0_ inner join cbm_gl_account jpacbmglac1_ on (jpacbmglac0_.gl_account=jpacbmglac1_.gl_account and jpacbmglac0_.migrated_date=jpacbmglac1_.created_date and (jpacbmglac0_.remarks is null))
