2023-02-23 11:37:26.834 [main] INFO  scrips.datamigration.App:55 - Starting App on WSIN181 with PID 16168 (E:\DataMigration\DATA_MIGRATION_RTGS\DataMigrationAndExtract\DataMigration\target\classes started by SheikKhadeer in E:\DataMigration\DATA_MIGRATION_RTGS\DataMigrationAndExtract\DataMigration)
2023-02-23 11:37:26.841 [main] INFO  scrips.datamigration.App:651 - No active profile set, falling back to default profiles: app
2023-02-23 11:37:27.345 [main] INFO  org.springframework.data.repository.config.RepositoryConfigurationDelegate:127 - Bootstrapping Spring Data JPA repositories in DEFAULT mode.
2023-02-23 11:37:27.583 [main] INFO  org.springframework.data.repository.config.RepositoryConfigurationDelegate:187 - Finished Spring Data repository scanning in 228ms. Found 63 JPA repository interfaces.
2023-02-23 11:37:27.868 [main] INFO  com.ulisesbocchio.jasyptspringboot.configuration.EnableEncryptablePropertiesBeanFactoryPostProcessor:39 - Post-processing PropertySource instances
2023-02-23 11:37:27.903 [main] INFO  com.ulisesbocchio.jasyptspringboot.EncryptablePropertySourceConverter:56 - Converting PropertySource configurationProperties [org.springframework.boot.context.properties.source.ConfigurationPropertySourcesPropertySource] to AOP Proxy
2023-02-23 11:37:27.903 [main] INFO  com.ulisesbocchio.jasyptspringboot.EncryptablePropertySourceConverter:56 - Converting PropertySource commandLineArgs [org.springframework.core.env.SimpleCommandLinePropertySource] to EncryptableEnumerablePropertySourceWrapper
2023-02-23 11:37:27.904 [main] INFO  com.ulisesbocchio.jasyptspringboot.EncryptablePropertySourceConverter:56 - Converting PropertySource systemProperties [org.springframework.core.env.PropertiesPropertySource] to EncryptableMapPropertySourceWrapper
2023-02-23 11:37:27.904 [main] INFO  com.ulisesbocchio.jasyptspringboot.EncryptablePropertySourceConverter:56 - Converting PropertySource systemEnvironment [org.springframework.boot.env.SystemEnvironmentPropertySourceEnvironmentPostProcessor$OriginAwareSystemEnvironmentPropertySource] to EncryptableSystemEnvironmentPropertySourceWrapper
2023-02-23 11:37:27.904 [main] INFO  com.ulisesbocchio.jasyptspringboot.EncryptablePropertySourceConverter:56 - Converting PropertySource random [org.springframework.boot.env.RandomValuePropertySource] to EncryptablePropertySourceWrapper
2023-02-23 11:37:27.904 [main] INFO  com.ulisesbocchio.jasyptspringboot.EncryptablePropertySourceConverter:56 - Converting PropertySource applicationConfig: [file:./config/application.properties] [org.springframework.boot.env.OriginTrackedMapPropertySource] to EncryptableMapPropertySourceWrapper
2023-02-23 11:37:27.905 [main] INFO  com.ulisesbocchio.jasyptspringboot.EncryptablePropertySourceConverter:56 - Converting PropertySource applicationConfig: [classpath:/application.properties] [org.springframework.boot.env.OriginTrackedMapPropertySource] to EncryptableMapPropertySourceWrapper
2023-02-23 11:37:27.905 [main] INFO  com.ulisesbocchio.jasyptspringboot.EncryptablePropertySourceConverter:56 - Converting PropertySource DataMigrationProperties [org.springframework.core.env.MapPropertySource] to EncryptableMapPropertySourceWrapper
2023-02-23 11:37:28.006 [main] INFO  com.ulisesbocchio.jasyptspringboot.filter.DefaultLazyPropertyFilter:31 - Property Filter custom Bean not found with name 'encryptablePropertyFilter'. Initializing Default Property Filter
2023-02-23 11:37:28.098 [main] INFO  com.ulisesbocchio.jasyptspringboot.resolver.DefaultLazyPropertyResolver:35 - Property Resolver custom Bean not found with name 'encryptablePropertyResolver'. Initializing Default Property Resolver
2023-02-23 11:37:28.100 [main] INFO  com.ulisesbocchio.jasyptspringboot.detector.DefaultLazyPropertyDetector:35 - Property Detector custom Bean not found with name 'encryptablePropertyDetector'. Initializing Default Property Detector
2023-02-23 11:37:28.234 [main] INFO  org.hibernate.jpa.internal.util.LogHelper:31 - HHH000204: Processing PersistenceUnitInfo [name: data]
2023-02-23 11:37:28.308 [main] INFO  org.hibernate.Version:44 - HHH000412: Hibernate ORM core version 5.4.15.Final
2023-02-23 11:37:28.459 [main] INFO  org.hibernate.annotations.common.Version:49 - HCANN000001: Hibernate Commons Annotations {5.1.0.Final}
2023-02-23 11:37:28.701 [main] INFO  com.zaxxer.hikari.HikariDataSource:110 - HikariPool-1 - Starting...
2023-02-23 11:37:28.843 [main] INFO  com.zaxxer.hikari.HikariDataSource:123 - HikariPool-1 - Start completed.
2023-02-23 11:37:28.871 [main] INFO  org.hibernate.dialect.Dialect:172 - HHH000400: Using dialect: org.hibernate.dialect.MySQL8Dialect
2023-02-23 11:37:28.953 [main] INFO  org.hibernate.envers.boot.internal.EnversServiceImpl:90 - Envers integration enabled? : true
2023-02-23 11:37:30.737 [main] INFO  org.hibernate.engine.transaction.jta.platform.internal.JtaPlatformInitiator:52 - HHH000490: Using JtaPlatform implementation: [org.hibernate.engine.transaction.jta.platform.internal.NoJtaPlatform]
2023-02-23 11:37:30.745 [main] INFO  org.springframework.orm.jpa.LocalContainerEntityManagerFactoryBean:416 - Initialized JPA EntityManagerFactory for persistence unit 'data'
2023-02-23 11:37:33.204 [main] INFO  scrips.datamigration.App:61 - Started App in 6.952 seconds (JVM running for 7.957)
2023-02-23 11:37:33.216 [main] INFO  scrips.datamigration.common.service.FkChecksEnableDisable:36 - disable FkChecks called
2023-02-23 11:37:33.234 [main] DEBUG org.hibernate.SQL:128 - SET FOREIGN_KEY_CHECKS = 0
2023-02-23 11:37:33.244 [main] INFO  scrips.datamigration.common.service.FkChecksEnableDisable:38 - disable FkChecks done
2023-02-23 11:37:33.271 [main] DEBUG org.hibernate.SQL:128 - SELECT @@GLOBAL.foreign_key_checks, @@SESSION.foreign_key_checks
2023-02-23 11:37:33.278 [main] INFO  scrips.datamigration.common.service.FkChecksEnableDisable:52 - foreign_key_checks status - 0
2023-02-23 11:37:33.278 [main] INFO  scrips.datamigration.controller.ScripsFileUploadController:131 - fileUploadCode - ACCOUNT_POSITION_FILE_UPLOAD
2023-02-23 11:37:33.279 [main] INFO  scrips.datamigration.common.service.FileUploadService:82 - getFileHeaderByCode entered
2023-02-23 11:37:33.279 [main] INFO  scrips.datamigration.common.service.FileUploadService:88 - fileUploadHeaderOut - account_position
2023-02-23 11:37:33.279 [main] INFO  scrips.datamigration.controller.ScripsFileUploadController:136 - Live table name ->account_position
2023-02-23 11:37:33.280 [main] INFO  scrips.datamigration.common.service.FileUploadService:98 - fieldName  -  account_id
2023-02-23 11:37:33.280 [main] INFO  scrips.datamigration.common.service.FileUploadService:98 - fieldName  -  currency_code
2023-02-23 11:37:33.281 [main] INFO  scrips.datamigration.common.service.FileUploadService:98 - fieldName  -  member_code
2023-02-23 11:37:33.281 [main] INFO  scrips.datamigration.common.service.FileUploadService:98 - fieldName  -  current_account_balance
2023-02-23 11:37:33.281 [main] INFO  scrips.datamigration.common.service.FileUploadService:98 - fieldName  -  opening_account_balance
2023-02-23 11:37:33.281 [main] INFO  scrips.datamigration.common.service.FileUploadService:98 - fieldName  -  available_balance
2023-02-23 11:37:33.281 [main] INFO  scrips.datamigration.common.service.FileUploadService:98 - fieldName  -  created_date
2023-02-23 11:37:33.281 [main] INFO  scrips.datamigration.common.service.FileUploadService:104 - fileUploadDetails - [scrips.datamigration.fileupload.JpaFileUploadDetails@6aca85da, scrips.datamigration.fileupload.JpaFileUploadDetails@15200332, scrips.datamigration.fileupload.JpaFileUploadDetails@1d123972, scrips.datamigration.fileupload.JpaFileUploadDetails@4567dcbc, scrips.datamigration.fileupload.JpaFileUploadDetails@7b3d759f, scrips.datamigration.fileupload.JpaFileUploadDetails@6e11d059, scrips.datamigration.fileupload.JpaFileUploadDetails@62c4ad40]
2023-02-23 11:37:33.282 [main] INFO  scrips.datamigration.common.service.FileUploadService:48 - ftp status n
2023-02-23 11:37:33.282 [main] INFO  scrips.datamigration.common.service.FileUploadService:64 - FTP Not Enabled,Reading files from MigrationFiles folder
2023-02-23 11:37:33.284 [main] INFO  scrips.datamigration.controller.ScripsFileUploadController:154 - fileRecords - 12355|SGD|MASGSGSG|123456789123456789.12345|123456789123456789.|.12345|2022-06-27 19:00:05
2023-02-23 11:37:33.285 [main] INFO  scrips.datamigration.controller.ScripsFileUploadController:156 - 1:account_id
2023-02-23 11:37:33.285 [main] INFO  scrips.datamigration.controller.ScripsFileUploadController:156 - 2:currency_code
2023-02-23 11:37:33.285 [main] INFO  scrips.datamigration.controller.ScripsFileUploadController:156 - 3:member_code
2023-02-23 11:37:33.285 [main] INFO  scrips.datamigration.controller.ScripsFileUploadController:156 - 4:current_account_balance
2023-02-23 11:37:33.285 [main] INFO  scrips.datamigration.controller.ScripsFileUploadController:156 - 5:opening_account_balance
2023-02-23 11:37:33.285 [main] INFO  scrips.datamigration.controller.ScripsFileUploadController:156 - 6:available_balance
2023-02-23 11:37:33.285 [main] INFO  scrips.datamigration.controller.ScripsFileUploadController:156 - 7:created_date
2023-02-23 11:37:33.289 [main] INFO  scrips.datamigration.rtgs.service.AccountPositionService:99 - Total records in File: {}1
2023-02-23 11:37:33.311 [main] DEBUG org.hibernate.SQL:128 - insert into account_position_source (account_id, available_balance, created_date, currency_code, current_account_balance, id, member_id, migrated_date, modified_date, opening_account_balance, queue_amount, queue_count, remarks, settled_payments_amount, settled_payments_count, settled_receipts_amount, settled_receipts_count) values (?, ?, ?, ?, ?, ?, ?, ?, ?, ?, ?, ?, ?, ?, ?, ?, ?)
2023-02-23 11:37:33.359 [main] DEBUG org.hibernate.SQL:128 - select jpamember0_.id as id1_34_, jpamember0_.action as action2_34_, jpamember0_.activation_date as activati3_34_, jpamember0_.approval_remark as approval4_34_, jpamember0_.approved_by as approved5_34_, jpamember0_.approved_date as approved6_34_, jpamember0_.bank_code as bank_cod7_34_, jpamember0_.billing_profile_id as billing_8_34_, jpamember0_.created_date as created_9_34_, jpamember0_.effective_date as effecti10_34_, jpamember0_.exempted_from_billing as exempte11_34_, jpamember0_.exempted_from_system_limit as exempte12_34_, jpamember0_.fi_group as fi_grou13_34_, jpamember0_.lei as lei14_34_, jpamember0_.location as locatio15_34_, jpamember0_.mcb_average as mcb_ave16_34_, jpamember0_.mcb_eod_maximum as mcb_eod17_34_, jpamember0_.mcb_eod_minimum as mcb_eod18_34_, jpamember0_.mcb_id as mcb_id19_34_, jpamember0_.mcb_intraday as mcb_int20_34_, jpamember0_.member_classification as member_21_34_, jpamember0_.member_code as member_22_34_, jpamember0_.member_status as member_23_34_, jpamember0_.member_type as member_24_34_, jpamember0_.modified_by as modifie25_34_, jpamember0_.modified_date as modifie26_34_, jpamember0_.name as name27_34_, jpamember0_.sector_id as sector_28_34_, jpamember0_.short_name as short_n29_34_, jpamember0_.status as status30_34_, jpamember0_.swift_bic as swift_b31_34_, jpamember0_.swift_member as swift_m32_34_, jpamember0_.tax_profile_id as tax_pro33_34_, jpamember0_.uen as uen34_34_, jpamember0_.verified_by as verifie35_34_, jpamember0_.verified_date as verifie36_34_, jpamember0_.workflow_status_id as workflo37_34_ from member jpamember0_ where jpamember0_.member_code=?
2023-02-23 11:37:33.375 [main] DEBUG org.hibernate.SQL:128 - select jpaaccount0_.id as id1_3_0_, jpaaccount0_.account_id as account_2_3_0_, jpaaccount0_.available_balance as availabl3_3_0_, jpaaccount0_.created_date as created_4_3_0_, jpaaccount0_.currency_code as currency5_3_0_, jpaaccount0_.current_account_balance as current_6_3_0_, jpaaccount0_.member_id as member_i7_3_0_, jpaaccount0_.modified_date as modified8_3_0_, jpaaccount0_.opening_account_balance as opening_9_3_0_, jpaaccount0_.queue_amount as queue_a10_3_0_, jpaaccount0_.queue_count as queue_c11_3_0_, jpaaccount0_.remarks as remarks12_3_0_, jpaaccount0_.settled_payments_amount as settled13_3_0_, jpaaccount0_.settled_payments_count as settled14_3_0_, jpaaccount0_.settled_receipts_amount as settled15_3_0_, jpaaccount0_.settled_receipts_count as settled16_3_0_ from account_position_temp jpaaccount0_ where jpaaccount0_.id=?
2023-02-23 11:37:33.386 [main] DEBUG org.hibernate.SQL:128 - insert into account_position_temp (account_id, available_balance, created_date, currency_code, current_account_balance, member_id, modified_date, opening_account_balance, queue_amount, queue_count, remarks, settled_payments_amount, settled_payments_count, settled_receipts_amount, settled_receipts_count, id) values (?, ?, ?, ?, ?, ?, ?, ?, ?, ?, ?, ?, ?, ?, ?, ?)
2023-02-23 11:37:33.525 [main] DEBUG org.hibernate.SQL:128 - select jpaaccount0_.account_id as account_1_1_, jpaaccount0_.available_balance as availabl2_1_, jpaaccount0_.created_date as created_3_1_, jpaaccount0_.currency_code as currency4_1_, jpaaccount0_.current_account_balance as current_5_1_, jpaaccount0_.member_id as member_i6_1_, jpaaccount0_.modified_date as modified7_1_, jpaaccount0_.opening_account_balance as opening_8_1_, jpaaccount0_.queue_amount as queue_am9_1_, jpaaccount0_.queue_count as queue_c10_1_, jpaaccount0_.settled_payments_amount as settled11_1_, jpaaccount0_.settled_payments_count as settled12_1_, jpaaccount0_.settled_receipts_amount as settled13_1_, jpaaccount0_.settled_receipts_count as settled14_1_ from account_position jpaaccount0_ where jpaaccount0_.account_id=?
2023-02-23 11:37:33.531 [main] DEBUG org.hibernate.SQL:128 - select jpaaccount0_.account_id as account_1_1_0_, jpaaccount0_.available_balance as availabl2_1_0_, jpaaccount0_.created_date as created_3_1_0_, jpaaccount0_.currency_code as currency4_1_0_, jpaaccount0_.current_account_balance as current_5_1_0_, jpaaccount0_.member_id as member_i6_1_0_, jpaaccount0_.modified_date as modified7_1_0_, jpaaccount0_.opening_account_balance as opening_8_1_0_, jpaaccount0_.queue_amount as queue_am9_1_0_, jpaaccount0_.queue_count as queue_c10_1_0_, jpaaccount0_.settled_payments_amount as settled11_1_0_, jpaaccount0_.settled_payments_count as settled12_1_0_, jpaaccount0_.settled_receipts_amount as settled13_1_0_, jpaaccount0_.settled_receipts_count as settled14_1_0_ from account_position jpaaccount0_ where jpaaccount0_.account_id=?
2023-02-23 11:37:33.533 [main] DEBUG org.hibernate.SQL:128 - insert into account_position (available_balance, created_date, currency_code, current_account_balance, member_id, modified_date, opening_account_balance, queue_amount, queue_count, settled_payments_amount, settled_payments_count, settled_receipts_amount, settled_receipts_count, account_id) values (?, ?, ?, ?, ?, ?, ?, ?, ?, ?, ?, ?, ?, ?)
2023-02-23 11:37:33.542 [main] INFO  scrips.datamigration.common.service.FkChecksEnableDisable:23 - enable FkChecks called
2023-02-23 11:37:33.543 [main] DEBUG org.hibernate.SQL:128 - SET FOREIGN_KEY_CHECKS = 1
2023-02-23 11:37:33.543 [main] INFO  scrips.datamigration.common.service.FkChecksEnableDisable:25 - enable FkChecks done
2023-02-23 11:37:33.545 [main] DEBUG org.hibernate.SQL:128 - SELECT @@GLOBAL.foreign_key_checks, @@SESSION.foreign_key_checks
2023-02-23 11:37:33.546 [main] INFO  scrips.datamigration.common.service.FkChecksEnableDisable:52 - foreign_key_checks status - 1
2023-02-23 11:37:33.547 [main] INFO  scrips.datamigration.App:77 - Process completed in (Hours:Minutes:Seconds) 0:0:7
2023-02-23 11:37:33.560 [SpringContextShutdownHook] INFO  org.springframework.orm.jpa.LocalContainerEntityManagerFactoryBean:598 - Closing JPA EntityManagerFactory for persistence unit 'data'
2023-02-23 11:37:33.561 [SpringContextShutdownHook] INFO  com.zaxxer.hikari.HikariDataSource:350 - HikariPool-1 - Shutdown initiated...
2023-02-23 11:37:33.569 [SpringContextShutdownHook] INFO  com.zaxxer.hikari.HikariDataSource:352 - HikariPool-1 - Shutdown completed.
