2023-02-27 09:39:59.198 [main] INFO  scrips.datamigration.App:55 - Starting App on WSIN181 with PID 15736 (E:\DataMigration\DATA_MIGRATION_RTGS\DataMigrationAndExtract\DataMigration\target\classes started by SheikKhadeer in E:\DataMigration\DATA_MIGRATION_RTGS\DataMigrationAndExtract\DataMigration)
2023-02-27 09:39:59.206 [main] INFO  scrips.datamigration.App:651 - No active profile set, falling back to default profiles: app
2023-02-27 09:39:59.731 [main] INFO  org.springframework.data.repository.config.RepositoryConfigurationDelegate:127 - Bootstrapping Spring Data JPA repositories in DEFAULT mode.
2023-02-27 09:39:59.987 [main] INFO  org.springframework.data.repository.config.RepositoryConfigurationDelegate:187 - Finished Spring Data repository scanning in 247ms. Found 63 JPA repository interfaces.
2023-02-27 09:40:00.331 [main] INFO  com.ulisesbocchio.jasyptspringboot.configuration.EnableEncryptablePropertiesBeanFactoryPostProcessor:39 - Post-processing PropertySource instances
2023-02-27 09:40:00.359 [main] INFO  com.ulisesbocchio.jasyptspringboot.EncryptablePropertySourceConverter:56 - Converting PropertySource configurationProperties [org.springframework.boot.context.properties.source.ConfigurationPropertySourcesPropertySource] to AOP Proxy
2023-02-27 09:40:00.359 [main] INFO  com.ulisesbocchio.jasyptspringboot.EncryptablePropertySourceConverter:56 - Converting PropertySource commandLineArgs [org.springframework.core.env.SimpleCommandLinePropertySource] to EncryptableEnumerablePropertySourceWrapper
2023-02-27 09:40:00.360 [main] INFO  com.ulisesbocchio.jasyptspringboot.EncryptablePropertySourceConverter:56 - Converting PropertySource systemProperties [org.springframework.core.env.PropertiesPropertySource] to EncryptableMapPropertySourceWrapper
2023-02-27 09:40:00.360 [main] INFO  com.ulisesbocchio.jasyptspringboot.EncryptablePropertySourceConverter:56 - Converting PropertySource systemEnvironment [org.springframework.boot.env.SystemEnvironmentPropertySourceEnvironmentPostProcessor$OriginAwareSystemEnvironmentPropertySource] to EncryptableSystemEnvironmentPropertySourceWrapper
2023-02-27 09:40:00.360 [main] INFO  com.ulisesbocchio.jasyptspringboot.EncryptablePropertySourceConverter:56 - Converting PropertySource random [org.springframework.boot.env.RandomValuePropertySource] to EncryptablePropertySourceWrapper
2023-02-27 09:40:00.361 [main] INFO  com.ulisesbocchio.jasyptspringboot.EncryptablePropertySourceConverter:56 - Converting PropertySource applicationConfig: [file:./config/application.properties] [org.springframework.boot.env.OriginTrackedMapPropertySource] to EncryptableMapPropertySourceWrapper
2023-02-27 09:40:00.362 [main] INFO  com.ulisesbocchio.jasyptspringboot.EncryptablePropertySourceConverter:56 - Converting PropertySource applicationConfig: [classpath:/application.properties] [org.springframework.boot.env.OriginTrackedMapPropertySource] to EncryptableMapPropertySourceWrapper
2023-02-27 09:40:00.362 [main] INFO  com.ulisesbocchio.jasyptspringboot.EncryptablePropertySourceConverter:56 - Converting PropertySource DataMigrationProperties [org.springframework.core.env.MapPropertySource] to EncryptableMapPropertySourceWrapper
2023-02-27 09:40:00.467 [main] INFO  com.ulisesbocchio.jasyptspringboot.filter.DefaultLazyPropertyFilter:31 - Property Filter custom Bean not found with name 'encryptablePropertyFilter'. Initializing Default Property Filter
2023-02-27 09:40:00.569 [main] INFO  com.ulisesbocchio.jasyptspringboot.resolver.DefaultLazyPropertyResolver:35 - Property Resolver custom Bean not found with name 'encryptablePropertyResolver'. Initializing Default Property Resolver
2023-02-27 09:40:00.572 [main] INFO  com.ulisesbocchio.jasyptspringboot.detector.DefaultLazyPropertyDetector:35 - Property Detector custom Bean not found with name 'encryptablePropertyDetector'. Initializing Default Property Detector
2023-02-27 09:40:00.705 [main] INFO  org.hibernate.jpa.internal.util.LogHelper:31 - HHH000204: Processing PersistenceUnitInfo [name: data]
2023-02-27 09:40:00.795 [main] INFO  org.hibernate.Version:44 - HHH000412: Hibernate ORM core version 5.4.15.Final
2023-02-27 09:40:00.928 [main] INFO  org.hibernate.annotations.common.Version:49 - HCANN000001: Hibernate Commons Annotations {5.1.0.Final}
2023-02-27 09:40:01.172 [main] INFO  com.zaxxer.hikari.HikariDataSource:110 - HikariPool-1 - Starting...
2023-02-27 09:40:01.333 [main] INFO  com.zaxxer.hikari.HikariDataSource:123 - HikariPool-1 - Start completed.
2023-02-27 09:40:01.362 [main] INFO  org.hibernate.dialect.Dialect:172 - HHH000400: Using dialect: org.hibernate.dialect.MySQL8Dialect
2023-02-27 09:40:01.455 [main] INFO  org.hibernate.envers.boot.internal.EnversServiceImpl:90 - Envers integration enabled? : true
2023-02-27 09:40:03.503 [main] INFO  org.hibernate.engine.transaction.jta.platform.internal.JtaPlatformInitiator:52 - HHH000490: Using JtaPlatform implementation: [org.hibernate.engine.transaction.jta.platform.internal.NoJtaPlatform]
2023-02-27 09:40:03.518 [main] INFO  org.springframework.orm.jpa.LocalContainerEntityManagerFactoryBean:416 - Initialized JPA EntityManagerFactory for persistence unit 'data'
2023-02-27 09:40:05.884 [main] INFO  scrips.datamigration.App:61 - Started App in 7.212 seconds (JVM running for 8.273)
2023-02-27 09:40:05.889 [main] INFO  scrips.datamigration.controller.ReportController:44 - 2023-02-22 - CONTROL_TOTAL_REPORT
2023-02-27 09:40:05.889 [main] INFO  scrips.datamigration.common.service.GenerateReportService:114 - process started for :CONTROL_TOTAL_REPORT
2023-02-27 09:40:05.919 [main] DEBUG org.hibernate.SQL:128 - select 'Account' as col_0_0_, count(*) as col_1_0_, (select count(*) from account_source jpaaccount3_ where ? is null or date(jpaaccount3_.migrated_date)=?) as col_2_0_ from account_source jpaaccount0_ right outer join account_temp jpaaccount1_ on (jpaaccount0_.id=jpaaccount1_.id) right outer join account jpaaccount2_ on (jpaaccount1_.id=jpaaccount2_.id and (jpaaccount1_.remarks is null)) where ? is null or date(jpaaccount2_.created_date)=?
2023-02-27 09:40:05.941 [main] DEBUG org.hibernate.SQL:128 - select 'Account Position' as col_0_0_, count(*) as col_1_0_, (select count(*) from account_position_source jpaaccount3_ where ? is null or date(jpaaccount3_.migrated_date)=?) as col_2_0_ from account_position_source jpaaccount0_ right outer join account_position_temp jpaaccount1_ on (jpaaccount0_.id=jpaaccount1_.id) right outer join account_position jpaaccount2_ on (jpaaccount1_.account_id=jpaaccount2_.account_id and (jpaaccount1_.remarks is null)) where ? is null or date(jpaaccount2_.modified_date)=?
2023-02-27 09:40:05.944 [main] DEBUG org.hibernate.SQL:128 - select 'Cbm Deposit Rate' as col_0_0_, count(*) as col_1_0_, (select count(*) from cbm_deposit_rate_source jpacbmdepo3_ where ? is null or date(jpacbmdepo3_.migrated_date)=?) as col_2_0_ from cbm_deposit_rate_source jpacbmdepo0_ right outer join cbm_deposit_rate_temp jpacbmdepo1_ on (jpacbmdepo0_.id=jpacbmdepo1_.id) right outer join cbm_deposit_rate jpacbmdepo2_ on (jpacbmdepo1_.id=jpacbmdepo2_.id and (jpacbmdepo1_.remarks is null)) where ? is null or date(jpacbmdepo2_.created_date)=?
2023-02-27 09:40:05.949 [main] DEBUG org.hibernate.SQL:128 - select 'Cbm Cost Centre' as col_0_0_, count(*) as col_1_0_, (select count(*) from cbm_cost_centre_source jpacbmcost3_ where ? is null or date(jpacbmcost3_.migrated_date)=?) as col_2_0_ from cbm_cost_centre_source jpacbmcost0_ right outer join cbm_cost_centre_temp jpacbmcost1_ on (jpacbmcost0_.id=jpacbmcost1_.id) right outer join cbm_cost_centre jpacbmcost2_ on (jpacbmcost1_.cost_centre=jpacbmcost2_.cost_centre and (jpacbmcost1_.remarks is null)) where ? is null or date(jpacbmcost2_.created_date)=?
2023-02-27 09:40:05.952 [main] DEBUG org.hibernate.SQL:128 - select 'Cbm Gl Account' as col_0_0_, count(*) as col_1_0_, (select count(*) from cbm_gl_account_source jpacbmglac3_ where ? is null or date(jpacbmglac3_.migrated_date)=?) as col_2_0_ from cbm_gl_account_source jpacbmglac0_ right outer join cbm_gl_account_temp jpacbmglac1_ on (jpacbmglac0_.id=jpacbmglac1_.id) right outer join cbm_gl_account jpacbmglac2_ on (jpacbmglac1_.gl_account=jpacbmglac2_.gl_account and (jpacbmglac1_.remarks is null)) where ? is null or date(jpacbmglac2_.created_date)=?
2023-02-27 09:40:05.955 [main] DEBUG org.hibernate.SQL:128 - select 'Cbm Liabilities Base' as col_0_0_, count(*) as col_1_0_, (select count(*) from cbm_liabilities_base_source jpacbmliab3_ where ? is null or date(jpacbmliab3_.migrated_date)=?) as col_2_0_ from cbm_liabilities_base_source jpacbmliab0_ right outer join cbm_liabilities_base_temp jpacbmliab1_ on (jpacbmliab0_.id=jpacbmliab1_.id) right outer join cbm_liabilities_base jpacbmliab2_ on (jpacbmliab1_.member_id=jpacbmliab2_.member_id and (jpacbmliab1_.remarks is null)) where ? is null or date(jpacbmliab2_.created_date)=?
2023-02-27 09:40:05.959 [main] DEBUG org.hibernate.SQL:128 - select 'Cbm Liabilities Base Detail' as col_0_0_, count(*) as col_1_0_, (select count(*) from cbm_liabilities_base_detail_source jpacbmliab3_ where ? is null or date(jpacbmliab3_.migrated_date)=?) as col_2_0_ from cbm_liabilities_base_detail_source jpacbmliab0_ right outer join cbm_liabilities_base_detail_temp jpacbmliab1_ on (jpacbmliab0_.id=jpacbmliab1_.id) right outer join cbm_liabilities_base_detail jpacbmliab2_ on (jpacbmliab1_.live_table_id=jpacbmliab2_.id and (jpacbmliab1_.remarks is null)) where ? is null or date(jpacbmliab1_.migrated_date)=?
2023-02-27 09:40:05.963 [main] INFO  scrips.datamigration.common.service.GenerateReportService:262 - Path -> E:/DataMigration/DATA_MIGRATION_RTGS/DataMigrationAndExtract/DataMigration/reports/
2023-02-27 09:40:07.417 [main] WARN  net.sf.jasperreports.engine.export.PdfGlyphRenderer:68 - Unpatched iText found, cannot use glyph rendering
2023-02-27 09:40:07.616 [main] INFO  scrips.datamigration.App:77 - Process completed in (Hours:Minutes:Seconds) 0:0:9
2023-02-27 09:40:07.631 [SpringContextShutdownHook] INFO  org.springframework.orm.jpa.LocalContainerEntityManagerFactoryBean:598 - Closing JPA EntityManagerFactory for persistence unit 'data'
2023-02-27 09:40:07.633 [SpringContextShutdownHook] INFO  com.zaxxer.hikari.HikariDataSource:350 - HikariPool-1 - Shutdown initiated...
2023-02-27 09:40:07.642 [SpringContextShutdownHook] INFO  com.zaxxer.hikari.HikariDataSource:352 - HikariPool-1 - Shutdown completed.
