2023-02-03 17:03:34.568 [main] INFO  scrips.datamigration.App:55 - Starting App on WSIN181 with PID 12568 (D:\DataMigration\DATA_MIGRATION_RTGS\DataMigrationAndExtract\DataMigration\target\classes started by SheikKhadeer in D:\DataMigration\DATA_MIGRATION_RTGS\DataMigrationAndExtract\DataMigration)
2023-02-03 17:03:34.574 [main] INFO  scrips.datamigration.App:651 - No active profile set, falling back to default profiles: app
2023-02-03 17:03:35.476 [main] INFO  org.springframework.data.repository.config.RepositoryConfigurationDelegate:127 - Bootstrapping Spring Data JPA repositories in DEFAULT mode.
2023-02-03 17:03:35.932 [main] INFO  org.springframework.data.repository.config.RepositoryConfigurationDelegate:187 - Finished Spring Data repository scanning in 445ms. Found 60 JPA repository interfaces.
2023-02-03 17:03:36.238 [main] INFO  com.ulisesbocchio.jasyptspringboot.configuration.EnableEncryptablePropertiesBeanFactoryPostProcessor:39 - Post-processing PropertySource instances
2023-02-03 17:03:36.265 [main] INFO  com.ulisesbocchio.jasyptspringboot.EncryptablePropertySourceConverter:56 - Converting PropertySource configurationProperties [org.springframework.boot.context.properties.source.ConfigurationPropertySourcesPropertySource] to AOP Proxy
2023-02-03 17:03:36.266 [main] INFO  com.ulisesbocchio.jasyptspringboot.EncryptablePropertySourceConverter:56 - Converting PropertySource commandLineArgs [org.springframework.core.env.SimpleCommandLinePropertySource] to EncryptableEnumerablePropertySourceWrapper
2023-02-03 17:03:36.266 [main] INFO  com.ulisesbocchio.jasyptspringboot.EncryptablePropertySourceConverter:56 - Converting PropertySource systemProperties [org.springframework.core.env.PropertiesPropertySource] to EncryptableMapPropertySourceWrapper
2023-02-03 17:03:36.267 [main] INFO  com.ulisesbocchio.jasyptspringboot.EncryptablePropertySourceConverter:56 - Converting PropertySource systemEnvironment [org.springframework.boot.env.SystemEnvironmentPropertySourceEnvironmentPostProcessor$OriginAwareSystemEnvironmentPropertySource] to EncryptableSystemEnvironmentPropertySourceWrapper
2023-02-03 17:03:36.267 [main] INFO  com.ulisesbocchio.jasyptspringboot.EncryptablePropertySourceConverter:56 - Converting PropertySource random [org.springframework.boot.env.RandomValuePropertySource] to EncryptablePropertySourceWrapper
2023-02-03 17:03:36.267 [main] INFO  com.ulisesbocchio.jasyptspringboot.EncryptablePropertySourceConverter:56 - Converting PropertySource applicationConfig: [file:./config/application.properties] [org.springframework.boot.env.OriginTrackedMapPropertySource] to EncryptableMapPropertySourceWrapper
2023-02-03 17:03:36.268 [main] INFO  com.ulisesbocchio.jasyptspringboot.EncryptablePropertySourceConverter:56 - Converting PropertySource applicationConfig: [classpath:/application.properties] [org.springframework.boot.env.OriginTrackedMapPropertySource] to EncryptableMapPropertySourceWrapper
2023-02-03 17:03:36.268 [main] INFO  com.ulisesbocchio.jasyptspringboot.EncryptablePropertySourceConverter:56 - Converting PropertySource DataMigrationProperties [org.springframework.core.env.MapPropertySource] to EncryptableMapPropertySourceWrapper
2023-02-03 17:03:36.388 [main] INFO  com.ulisesbocchio.jasyptspringboot.filter.DefaultLazyPropertyFilter:31 - Property Filter custom Bean not found with name 'encryptablePropertyFilter'. Initializing Default Property Filter
2023-02-03 17:03:36.494 [main] INFO  com.ulisesbocchio.jasyptspringboot.resolver.DefaultLazyPropertyResolver:35 - Property Resolver custom Bean not found with name 'encryptablePropertyResolver'. Initializing Default Property Resolver
2023-02-03 17:03:36.498 [main] INFO  com.ulisesbocchio.jasyptspringboot.detector.DefaultLazyPropertyDetector:35 - Property Detector custom Bean not found with name 'encryptablePropertyDetector'. Initializing Default Property Detector
2023-02-03 17:03:36.521 [main] INFO  com.ulisesbocchio.jasyptspringboot.encryptor.DefaultLazyEncryptor:37 - String Encryptor custom Bean not found with name 'jasyptStringEncryptor'. Initializing Default String Encryptor
2023-02-03 17:03:36.557 [main] INFO  com.ulisesbocchio.jasyptspringboot.configuration.StringEncryptorBuilder:81 - Encryptor config not found for property jasypt.encryptor.key-obtention-iterations, using default value: 1000
2023-02-03 17:03:36.558 [main] INFO  com.ulisesbocchio.jasyptspringboot.configuration.StringEncryptorBuilder:81 - Encryptor config not found for property jasypt.encryptor.pool-size, using default value: 1
2023-02-03 17:03:36.559 [main] INFO  com.ulisesbocchio.jasyptspringboot.configuration.StringEncryptorBuilder:81 - Encryptor config not found for property jasypt.encryptor.provider-name, using default value: null
2023-02-03 17:03:36.560 [main] INFO  com.ulisesbocchio.jasyptspringboot.configuration.StringEncryptorBuilder:81 - Encryptor config not found for property jasypt.encryptor.provider-class-name, using default value: null
2023-02-03 17:03:36.560 [main] INFO  com.ulisesbocchio.jasyptspringboot.configuration.StringEncryptorBuilder:81 - Encryptor config not found for property jasypt.encryptor.salt-generator-classname, using default value: org.jasypt.salt.RandomSaltGenerator
2023-02-03 17:03:36.563 [main] INFO  com.ulisesbocchio.jasyptspringboot.configuration.StringEncryptorBuilder:81 - Encryptor config not found for property jasypt.encryptor.string-output-type, using default value: base64
2023-02-03 17:03:36.742 [main] INFO  org.hibernate.jpa.internal.util.LogHelper:31 - HHH000204: Processing PersistenceUnitInfo [name: data]
2023-02-03 17:03:36.806 [main] INFO  org.hibernate.Version:44 - HHH000412: Hibernate ORM core version 5.4.15.Final
2023-02-03 17:03:36.964 [main] INFO  org.hibernate.annotations.common.Version:49 - HCANN000001: Hibernate Commons Annotations {5.1.0.Final}
2023-02-03 17:03:37.447 [main] INFO  com.zaxxer.hikari.HikariDataSource:110 - HikariPool-1 - Starting...
2023-02-03 17:03:37.609 [main] INFO  com.zaxxer.hikari.HikariDataSource:123 - HikariPool-1 - Start completed.
2023-02-03 17:03:37.640 [main] INFO  org.hibernate.dialect.Dialect:172 - HHH000400: Using dialect: org.hibernate.dialect.MySQL8Dialect
2023-02-03 17:03:37.728 [main] INFO  org.hibernate.envers.boot.internal.EnversServiceImpl:90 - Envers integration enabled? : true
2023-02-03 17:03:40.575 [main] INFO  org.hibernate.engine.transaction.jta.platform.internal.JtaPlatformInitiator:52 - HHH000490: Using JtaPlatform implementation: [org.hibernate.engine.transaction.jta.platform.internal.NoJtaPlatform]
2023-02-03 17:03:40.585 [main] INFO  org.springframework.orm.jpa.LocalContainerEntityManagerFactoryBean:416 - Initialized JPA EntityManagerFactory for persistence unit 'data'
2023-02-03 17:03:43.321 [main] INFO  scrips.datamigration.App:61 - Started App in 9.426 seconds (JVM running for 11.184)
2023-02-03 17:03:43.331 [main] INFO  scrips.datamigration.controller.ReportController:44 -   - CBM_GL_ACCOUNT_DETAIL_REPORT
2023-02-03 17:03:43.332 [main] INFO  scrips.datamigration.common.service.GenerateReportService:97 - process started for :CBM_GL_ACCOUNT_DETAIL_REPORT
2023-02-03 17:03:43.378 [main] DEBUG org.hibernate.SQL:128 - select case when jpacbmglac2_.gl_account is null then '' else jpacbmglac2_.gl_account end as col_0_0_, case when jpacbmglac1_.gl_account is null then '' else jpacbmglac1_.gl_account end as col_1_0_, case when jpacbmglac0_.gl_account is null then '' else jpacbmglac0_.gl_account end as col_2_0_, case when jpacbmglac2_.gl_account_indicator is null then '' else jpacbmglac2_.gl_account_indicator end as col_3_0_, case when jpacbmglac1_.gl_account_indicator is null then '' else jpacbmglac1_.gl_account_indicator end as col_4_0_, case when jpacbmglac0_.gl_account_indicator is null then '' else jpacbmglac0_.gl_account_indicator end as col_5_0_, case when jpacbmglac2_.gl_account_description is null then '' else jpacbmglac2_.gl_account_description end as col_6_0_, case when jpacbmglac1_.gl_account_description is null then '' else jpacbmglac1_.gl_account_description end as col_7_0_, case when jpacbmglac0_.gl_account_description is null then '' else jpacbmglac0_.gl_account_description end as col_8_0_, case when jpacbmglac2_.created_date is null then '' else jpacbmglac2_.created_date end as col_9_0_, case when jpacbmglac1_.created_date is null then '' else jpacbmglac1_.created_date end as col_10_0_, case when jpacbmglac0_.created_date is null then '' else jpacbmglac0_.created_date end as col_11_0_, case when jpacbmglac2_.modified_date is null then '' else jpacbmglac2_.modified_date end as col_12_0_, case when jpacbmglac1_.modified_date is null then '' else jpacbmglac1_.modified_date end as col_13_0_, case when jpacbmglac0_.modified_date is null then '' else jpacbmglac0_.modified_date end as col_14_0_, case when jpacbmglac0_.remarks is null then case when jpacbmglac1_.remarks is null then '' else jpacbmglac1_.remarks end else jpacbmglac0_.remarks end as col_15_0_ from cbm_gl_account_source jpacbmglac0_ left outer join cbm_gl_account_temp jpacbmglac1_ on (jpacbmglac0_.id=jpacbmglac1_.id) left outer join cbm_gl_account jpacbmglac2_ on (jpacbmglac0_.gl_account=jpacbmglac2_.gl_account and (jpacbmglac1_.remarks is null)) order by jpacbmglac0_.seq asc
2023-02-03 17:03:43.465 [main] DEBUG org.hibernate.SQL:128 - select count(*) as col_0_0_ from cbm_gl_account_temp jpacbmglac0_ inner join cbm_gl_account jpacbmglac1_ on (jpacbmglac0_.gl_account=jpacbmglac1_.gl_account)
2023-02-03 17:03:43.468 [main] INFO  scrips.datamigration.common.service.GenerateReportService:186 - Path -> D:/DataMigration/DATA_MIGRATION_RTGS/DataMigrationAndExtract/DataMigration/reports/
2023-02-03 17:03:45.110 [main] WARN  net.sf.jasperreports.engine.export.PdfGlyphRenderer:68 - Unpatched iText found, cannot use glyph rendering
2023-02-03 17:03:45.400 [main] INFO  scrips.datamigration.App:77 - Process completed in (Hours:Minutes:Seconds) 0:0:11
2023-02-03 17:03:45.429 [SpringContextShutdownHook] INFO  org.springframework.orm.jpa.LocalContainerEntityManagerFactoryBean:598 - Closing JPA EntityManagerFactory for persistence unit 'data'
2023-02-03 17:03:45.433 [SpringContextShutdownHook] INFO  com.zaxxer.hikari.HikariDataSource:350 - HikariPool-1 - Shutdown initiated...
2023-02-03 17:03:45.454 [SpringContextShutdownHook] INFO  com.zaxxer.hikari.HikariDataSource:352 - HikariPool-1 - Shutdown completed.
