2023-02-27 09:39:25.014 [main] INFO  scrips.datamigration.App:55 - Starting App on WSIN181 with PID 1216 (E:\DataMigration\DATA_MIGRATION_RTGS\DataMigrationAndExtract\DataMigration\target\classes started by SheikKhadeer in E:\DataMigration\DATA_MIGRATION_RTGS\DataMigrationAndExtract\DataMigration)
2023-02-27 09:39:25.020 [main] INFO  scrips.datamigration.App:651 - No active profile set, falling back to default profiles: app
2023-02-27 09:39:25.554 [main] INFO  org.springframework.data.repository.config.RepositoryConfigurationDelegate:127 - Bootstrapping Spring Data JPA repositories in DEFAULT mode.
2023-02-27 09:39:25.807 [main] INFO  org.springframework.data.repository.config.RepositoryConfigurationDelegate:187 - Finished Spring Data repository scanning in 244ms. Found 63 JPA repository interfaces.
2023-02-27 09:39:26.177 [main] INFO  com.ulisesbocchio.jasyptspringboot.configuration.EnableEncryptablePropertiesBeanFactoryPostProcessor:39 - Post-processing PropertySource instances
2023-02-27 09:39:26.214 [main] INFO  com.ulisesbocchio.jasyptspringboot.EncryptablePropertySourceConverter:56 - Converting PropertySource configurationProperties [org.springframework.boot.context.properties.source.ConfigurationPropertySourcesPropertySource] to AOP Proxy
2023-02-27 09:39:26.215 [main] INFO  com.ulisesbocchio.jasyptspringboot.EncryptablePropertySourceConverter:56 - Converting PropertySource commandLineArgs [org.springframework.core.env.SimpleCommandLinePropertySource] to EncryptableEnumerablePropertySourceWrapper
2023-02-27 09:39:26.215 [main] INFO  com.ulisesbocchio.jasyptspringboot.EncryptablePropertySourceConverter:56 - Converting PropertySource systemProperties [org.springframework.core.env.PropertiesPropertySource] to EncryptableMapPropertySourceWrapper
2023-02-27 09:39:26.216 [main] INFO  com.ulisesbocchio.jasyptspringboot.EncryptablePropertySourceConverter:56 - Converting PropertySource systemEnvironment [org.springframework.boot.env.SystemEnvironmentPropertySourceEnvironmentPostProcessor$OriginAwareSystemEnvironmentPropertySource] to EncryptableSystemEnvironmentPropertySourceWrapper
2023-02-27 09:39:26.217 [main] INFO  com.ulisesbocchio.jasyptspringboot.EncryptablePropertySourceConverter:56 - Converting PropertySource random [org.springframework.boot.env.RandomValuePropertySource] to EncryptablePropertySourceWrapper
2023-02-27 09:39:26.217 [main] INFO  com.ulisesbocchio.jasyptspringboot.EncryptablePropertySourceConverter:56 - Converting PropertySource applicationConfig: [file:./config/application.properties] [org.springframework.boot.env.OriginTrackedMapPropertySource] to EncryptableMapPropertySourceWrapper
2023-02-27 09:39:26.218 [main] INFO  com.ulisesbocchio.jasyptspringboot.EncryptablePropertySourceConverter:56 - Converting PropertySource applicationConfig: [classpath:/application.properties] [org.springframework.boot.env.OriginTrackedMapPropertySource] to EncryptableMapPropertySourceWrapper
2023-02-27 09:39:26.218 [main] INFO  com.ulisesbocchio.jasyptspringboot.EncryptablePropertySourceConverter:56 - Converting PropertySource DataMigrationProperties [org.springframework.core.env.MapPropertySource] to EncryptableMapPropertySourceWrapper
2023-02-27 09:39:26.312 [main] INFO  com.ulisesbocchio.jasyptspringboot.filter.DefaultLazyPropertyFilter:31 - Property Filter custom Bean not found with name 'encryptablePropertyFilter'. Initializing Default Property Filter
2023-02-27 09:39:26.432 [main] INFO  com.ulisesbocchio.jasyptspringboot.resolver.DefaultLazyPropertyResolver:35 - Property Resolver custom Bean not found with name 'encryptablePropertyResolver'. Initializing Default Property Resolver
2023-02-27 09:39:26.435 [main] INFO  com.ulisesbocchio.jasyptspringboot.detector.DefaultLazyPropertyDetector:35 - Property Detector custom Bean not found with name 'encryptablePropertyDetector'. Initializing Default Property Detector
2023-02-27 09:39:26.584 [main] INFO  org.hibernate.jpa.internal.util.LogHelper:31 - HHH000204: Processing PersistenceUnitInfo [name: data]
2023-02-27 09:39:26.662 [main] INFO  org.hibernate.Version:44 - HHH000412: Hibernate ORM core version 5.4.15.Final
2023-02-27 09:39:26.810 [main] INFO  org.hibernate.annotations.common.Version:49 - HCANN000001: Hibernate Commons Annotations {5.1.0.Final}
2023-02-27 09:39:27.063 [main] INFO  com.zaxxer.hikari.HikariDataSource:110 - HikariPool-1 - Starting...
2023-02-27 09:39:27.218 [main] INFO  com.zaxxer.hikari.HikariDataSource:123 - HikariPool-1 - Start completed.
2023-02-27 09:39:27.247 [main] INFO  org.hibernate.dialect.Dialect:172 - HHH000400: Using dialect: org.hibernate.dialect.MySQL8Dialect
2023-02-27 09:39:27.333 [main] INFO  org.hibernate.envers.boot.internal.EnversServiceImpl:90 - Envers integration enabled? : true
2023-02-27 09:39:29.405 [main] INFO  org.hibernate.engine.transaction.jta.platform.internal.JtaPlatformInitiator:52 - HHH000490: Using JtaPlatform implementation: [org.hibernate.engine.transaction.jta.platform.internal.NoJtaPlatform]
2023-02-27 09:39:29.412 [main] INFO  org.springframework.orm.jpa.LocalContainerEntityManagerFactoryBean:416 - Initialized JPA EntityManagerFactory for persistence unit 'data'
2023-02-27 09:39:31.916 [main] INFO  scrips.datamigration.App:61 - Started App in 7.549 seconds (JVM running for 10.53)
2023-02-27 09:39:31.922 [main] INFO  scrips.datamigration.controller.ReportController:44 - 2023-02-22 - CONTROL_TOTAL_REPORT
2023-02-27 09:39:31.923 [main] INFO  scrips.datamigration.common.service.GenerateReportService:114 - process started for :CONTROL_TOTAL_REPORT
2023-02-27 09:39:31.954 [main] DEBUG org.hibernate.SQL:128 - select 'Account' as col_0_0_, count(*) as col_1_0_, (select count(*) from account_source jpaaccount3_ where ? is null or date(jpaaccount3_.migrated_date)=?) as col_2_0_ from account_source jpaaccount0_ right outer join account_temp jpaaccount1_ on (jpaaccount0_.id=jpaaccount1_.id) right outer join account jpaaccount2_ on (jpaaccount1_.id=jpaaccount2_.id and (jpaaccount1_.remarks is null)) where ? is null or date(jpaaccount2_.created_date)=?
2023-02-27 09:39:31.986 [main] DEBUG org.hibernate.SQL:128 - select 'Account Position' as col_0_0_, count(*) as col_1_0_, (select count(*) from account_position_source jpaaccount3_ where ? is null or date(jpaaccount3_.migrated_date)=?) as col_2_0_ from account_position_source jpaaccount0_ right outer join account_position_temp jpaaccount1_ on (jpaaccount0_.id=jpaaccount1_.id) right outer join account_position jpaaccount2_ on (jpaaccount1_.account_id=jpaaccount2_.account_id and (jpaaccount1_.remarks is null)) where ? is null or date(jpaaccount2_.modified_date)=?
2023-02-27 09:39:32.002 [main] WARN  org.hibernate.engine.jdbc.spi.SqlExceptionHelper:137 - SQL Error: 1146, SQLState: 42S02
2023-02-27 09:39:32.003 [main] ERROR org.hibernate.engine.jdbc.spi.SqlExceptionHelper:142 - Table 'sss_nets_mig.account_position' doesn't exist
2023-02-27 09:39:32.024 [main] INFO  scrips.datamigration.App:77 - Process completed in (Hours:Minutes:Seconds) 0:0:7
2023-02-27 09:39:32.055 [SpringContextShutdownHook] INFO  org.springframework.orm.jpa.LocalContainerEntityManagerFactoryBean:598 - Closing JPA EntityManagerFactory for persistence unit 'data'
2023-02-27 09:39:32.057 [SpringContextShutdownHook] INFO  com.zaxxer.hikari.HikariDataSource:350 - HikariPool-1 - Shutdown initiated...
2023-02-27 09:39:32.068 [SpringContextShutdownHook] INFO  com.zaxxer.hikari.HikariDataSource:352 - HikariPool-1 - Shutdown completed.
