2023-02-07 15:02:43.704 [main] INFO  scrips.datamigration.App:55 - Starting App on WSIN181 with PID 12824 (D:\DataMigration\DATA_MIGRATION_RTGS\DataMigrationAndExtract\DataMigration\target\classes started by SheikKhadeer in D:\DataMigration\DATA_MIGRATION_RTGS\DataMigrationAndExtract\DataMigration)
2023-02-07 15:02:43.709 [main] INFO  scrips.datamigration.App:651 - No active profile set, falling back to default profiles: app
2023-02-07 15:02:44.470 [main] INFO  org.springframework.data.repository.config.RepositoryConfigurationDelegate:127 - Bootstrapping Spring Data JPA repositories in DEFAULT mode.
2023-02-07 15:02:44.912 [main] INFO  org.springframework.data.repository.config.RepositoryConfigurationDelegate:187 - Finished Spring Data repository scanning in 432ms. Found 60 JPA repository interfaces.
2023-02-07 15:02:45.233 [main] INFO  com.ulisesbocchio.jasyptspringboot.configuration.EnableEncryptablePropertiesBeanFactoryPostProcessor:39 - Post-processing PropertySource instances
2023-02-07 15:02:45.256 [main] INFO  com.ulisesbocchio.jasyptspringboot.EncryptablePropertySourceConverter:56 - Converting PropertySource configurationProperties [org.springframework.boot.context.properties.source.ConfigurationPropertySourcesPropertySource] to AOP Proxy
2023-02-07 15:02:45.256 [main] INFO  com.ulisesbocchio.jasyptspringboot.EncryptablePropertySourceConverter:56 - Converting PropertySource commandLineArgs [org.springframework.core.env.SimpleCommandLinePropertySource] to EncryptableEnumerablePropertySourceWrapper
2023-02-07 15:02:45.257 [main] INFO  com.ulisesbocchio.jasyptspringboot.EncryptablePropertySourceConverter:56 - Converting PropertySource systemProperties [org.springframework.core.env.PropertiesPropertySource] to EncryptableMapPropertySourceWrapper
2023-02-07 15:02:45.257 [main] INFO  com.ulisesbocchio.jasyptspringboot.EncryptablePropertySourceConverter:56 - Converting PropertySource systemEnvironment [org.springframework.boot.env.SystemEnvironmentPropertySourceEnvironmentPostProcessor$OriginAwareSystemEnvironmentPropertySource] to EncryptableSystemEnvironmentPropertySourceWrapper
2023-02-07 15:02:45.257 [main] INFO  com.ulisesbocchio.jasyptspringboot.EncryptablePropertySourceConverter:56 - Converting PropertySource random [org.springframework.boot.env.RandomValuePropertySource] to EncryptablePropertySourceWrapper
2023-02-07 15:02:45.258 [main] INFO  com.ulisesbocchio.jasyptspringboot.EncryptablePropertySourceConverter:56 - Converting PropertySource applicationConfig: [file:./config/application.properties] [org.springframework.boot.env.OriginTrackedMapPropertySource] to EncryptableMapPropertySourceWrapper
2023-02-07 15:02:45.258 [main] INFO  com.ulisesbocchio.jasyptspringboot.EncryptablePropertySourceConverter:56 - Converting PropertySource applicationConfig: [classpath:/application.properties] [org.springframework.boot.env.OriginTrackedMapPropertySource] to EncryptableMapPropertySourceWrapper
2023-02-07 15:02:45.258 [main] INFO  com.ulisesbocchio.jasyptspringboot.EncryptablePropertySourceConverter:56 - Converting PropertySource DataMigrationProperties [org.springframework.core.env.MapPropertySource] to EncryptableMapPropertySourceWrapper
2023-02-07 15:02:45.349 [main] INFO  com.ulisesbocchio.jasyptspringboot.filter.DefaultLazyPropertyFilter:31 - Property Filter custom Bean not found with name 'encryptablePropertyFilter'. Initializing Default Property Filter
2023-02-07 15:02:45.443 [main] INFO  com.ulisesbocchio.jasyptspringboot.resolver.DefaultLazyPropertyResolver:35 - Property Resolver custom Bean not found with name 'encryptablePropertyResolver'. Initializing Default Property Resolver
2023-02-07 15:02:45.446 [main] INFO  com.ulisesbocchio.jasyptspringboot.detector.DefaultLazyPropertyDetector:35 - Property Detector custom Bean not found with name 'encryptablePropertyDetector'. Initializing Default Property Detector
2023-02-07 15:02:45.453 [main] INFO  com.ulisesbocchio.jasyptspringboot.encryptor.DefaultLazyEncryptor:37 - String Encryptor custom Bean not found with name 'jasyptStringEncryptor'. Initializing Default String Encryptor
2023-02-07 15:02:45.479 [main] INFO  com.ulisesbocchio.jasyptspringboot.configuration.StringEncryptorBuilder:81 - Encryptor config not found for property jasypt.encryptor.key-obtention-iterations, using default value: 1000
2023-02-07 15:02:45.480 [main] INFO  com.ulisesbocchio.jasyptspringboot.configuration.StringEncryptorBuilder:81 - Encryptor config not found for property jasypt.encryptor.pool-size, using default value: 1
2023-02-07 15:02:45.480 [main] INFO  com.ulisesbocchio.jasyptspringboot.configuration.StringEncryptorBuilder:81 - Encryptor config not found for property jasypt.encryptor.provider-name, using default value: null
2023-02-07 15:02:45.481 [main] INFO  com.ulisesbocchio.jasyptspringboot.configuration.StringEncryptorBuilder:81 - Encryptor config not found for property jasypt.encryptor.provider-class-name, using default value: null
2023-02-07 15:02:45.482 [main] INFO  com.ulisesbocchio.jasyptspringboot.configuration.StringEncryptorBuilder:81 - Encryptor config not found for property jasypt.encryptor.salt-generator-classname, using default value: org.jasypt.salt.RandomSaltGenerator
2023-02-07 15:02:45.484 [main] INFO  com.ulisesbocchio.jasyptspringboot.configuration.StringEncryptorBuilder:81 - Encryptor config not found for property jasypt.encryptor.string-output-type, using default value: base64
2023-02-07 15:02:45.669 [main] INFO  org.hibernate.jpa.internal.util.LogHelper:31 - HHH000204: Processing PersistenceUnitInfo [name: data]
2023-02-07 15:02:45.726 [main] INFO  org.hibernate.Version:44 - HHH000412: Hibernate ORM core version 5.4.15.Final
2023-02-07 15:02:45.856 [main] INFO  org.hibernate.annotations.common.Version:49 - HCANN000001: Hibernate Commons Annotations {5.1.0.Final}
2023-02-07 15:02:46.314 [main] INFO  com.zaxxer.hikari.HikariDataSource:110 - HikariPool-1 - Starting...
2023-02-07 15:02:46.464 [main] INFO  com.zaxxer.hikari.HikariDataSource:123 - HikariPool-1 - Start completed.
2023-02-07 15:02:46.542 [main] INFO  org.hibernate.dialect.Dialect:172 - HHH000400: Using dialect: org.hibernate.dialect.MySQL8Dialect
2023-02-07 15:02:46.643 [main] INFO  org.hibernate.envers.boot.internal.EnversServiceImpl:90 - Envers integration enabled? : true
2023-02-07 15:02:48.369 [main] INFO  org.hibernate.engine.transaction.jta.platform.internal.JtaPlatformInitiator:52 - HHH000490: Using JtaPlatform implementation: [org.hibernate.engine.transaction.jta.platform.internal.NoJtaPlatform]
2023-02-07 15:02:48.377 [main] INFO  org.springframework.orm.jpa.LocalContainerEntityManagerFactoryBean:416 - Initialized JPA EntityManagerFactory for persistence unit 'data'
2023-02-07 15:02:50.360 [main] INFO  scrips.datamigration.App:61 - Started App in 7.194 seconds (JVM running for 8.908)
2023-02-07 15:02:50.374 [main] INFO  scrips.datamigration.common.service.FkChecksEnableDisable:36 - disable FkChecks called
2023-02-07 15:02:50.395 [main] DEBUG org.hibernate.SQL:128 - SET FOREIGN_KEY_CHECKS = 0
2023-02-07 15:02:50.407 [main] INFO  scrips.datamigration.common.service.FkChecksEnableDisable:38 - disable FkChecks done
2023-02-07 15:02:50.438 [main] DEBUG org.hibernate.SQL:128 - SELECT @@GLOBAL.foreign_key_checks, @@SESSION.foreign_key_checks
2023-02-07 15:02:50.445 [main] INFO  scrips.datamigration.common.service.FkChecksEnableDisable:52 - foreign_key_checks status - 0
2023-02-07 15:02:50.446 [main] INFO  scrips.datamigration.controller.ScripsFileUploadController:131 - fileUploadCode - CBM_SORA_RATE_FILE_UPLOAD
2023-02-07 15:02:50.446 [main] INFO  scrips.datamigration.common.service.FileUploadService:82 - getFileHeaderByCode entered
2023-02-07 15:02:50.447 [main] INFO  scrips.datamigration.common.service.FileUploadService:88 - fileUploadHeaderOut - cbm_sora_rate
2023-02-07 15:02:50.447 [main] INFO  scrips.datamigration.controller.ScripsFileUploadController:136 - Live table name ->cbm_sora_rate
2023-02-07 15:02:50.449 [main] INFO  scrips.datamigration.common.service.FileUploadService:98 - fieldName  -  reference_rate
2023-02-07 15:02:50.449 [main] INFO  scrips.datamigration.common.service.FileUploadService:98 - fieldName  -  publication_date
2023-02-07 15:02:50.449 [main] INFO  scrips.datamigration.common.service.FileUploadService:98 - fieldName  -  value_date
2023-02-07 15:02:50.450 [main] INFO  scrips.datamigration.common.service.FileUploadService:98 - fieldName  -  rate
2023-02-07 15:02:50.450 [main] INFO  scrips.datamigration.common.service.FileUploadService:104 - fileUploadDetails - [scrips.datamigration.fileupload.JpaFileUploadDetails@44a1e5d2, scrips.datamigration.fileupload.JpaFileUploadDetails@48adb967, scrips.datamigration.fileupload.JpaFileUploadDetails@136cd71b, scrips.datamigration.fileupload.JpaFileUploadDetails@631f188a]
2023-02-07 15:02:50.450 [main] INFO  scrips.datamigration.common.service.FileUploadService:48 - ftp status n
2023-02-07 15:02:50.450 [main] INFO  scrips.datamigration.common.service.FileUploadService:64 - FTP Not Enabled,Reading files from MigrationFiles folder
2023-02-07 15:02:50.453 [main] INFO  scrips.datamigration.controller.ScripsFileUploadController:154 - fileRecords - SORA INDEX|20220516|20220505|.1234567890
2023-02-07 15:02:50.453 [main] INFO  scrips.datamigration.controller.ScripsFileUploadController:156 - 1:reference_rate
2023-02-07 15:02:50.453 [main] INFO  scrips.datamigration.controller.ScripsFileUploadController:156 - 2:publication_date
2023-02-07 15:02:50.453 [main] INFO  scrips.datamigration.controller.ScripsFileUploadController:156 - 3:value_date
2023-02-07 15:02:50.454 [main] INFO  scrips.datamigration.controller.ScripsFileUploadController:156 - 4:rate
2023-02-07 15:02:50.457 [main] INFO  scrips.datamigration.rtgs.service.CbmSoraRateService:94 - Total records in File: {}1
2023-02-07 15:02:50.495 [main] DEBUG org.hibernate.SQL:128 - select jpauser0_.id as id1_60_, jpauser0_.access_level as access_l2_60_, jpauser0_.action as action3_60_, jpauser0_.approval_remark as approval4_60_, jpauser0_.approved_by as approved5_60_, jpauser0_.approved_date as approved6_60_, jpauser0_.created_date as created_7_60_, jpauser0_.currency_code as currency8_60_, jpauser0_.effective_date as effectiv9_60_, jpauser0_.email as email10_60_, jpauser0_.first_activation_date as first_a11_60_, jpauser0_.last_login_datetime as last_lo12_60_, jpauser0_.login_attempts as login_a13_60_, jpauser0_.member_id as member_14_60_, jpauser0_.modified_by as modifie15_60_, jpauser0_.modified_date as modifie16_60_, jpauser0_.name as name17_60_, jpauser0_.password as passwor18_60_, jpauser0_.password_expiry_date as passwor19_60_, jpauser0_.phone_no as phone_n20_60_, jpauser0_.status as status21_60_, jpauser0_.swift_net_id as swift_n22_60_, jpauser0_.user_id as user_id23_60_, jpauser0_.user_status as user_st24_60_, jpauser0_.workflow_status_id as workflo25_60_ from user jpauser0_ where jpauser0_.name=?
2023-02-07 15:02:50.525 [main] DEBUG org.hibernate.SQL:128 - insert into cbm_sora_rate_source (action, approval_remark, approved_by, approved_date, created_date, effective_date, id, migrated_date, modified_by, modified_date, publication_date, rate, reference_rate, remarks, status, value_date, workflow_status_id) values (?, ?, ?, ?, ?, ?, ?, ?, ?, ?, ?, ?, ?, ?, ?, ?, ?)
2023-02-07 15:02:50.701 [main] DEBUG org.hibernate.SQL:128 - select jpacbmsora0_.id as id1_26_0_, jpacbmsora0_.action as action2_26_0_, jpacbmsora0_.approval_remark as approval3_26_0_, jpacbmsora0_.approved_by as approved4_26_0_, jpacbmsora0_.approved_date as approved5_26_0_, jpacbmsora0_.created_date as created_6_26_0_, jpacbmsora0_.effective_date as effectiv7_26_0_, jpacbmsora0_.modified_by as modified8_26_0_, jpacbmsora0_.modified_date as modified9_26_0_, jpacbmsora0_.publication_date as publica10_26_0_, jpacbmsora0_.rate as rate11_26_0_, jpacbmsora0_.reference_rate as referen12_26_0_, jpacbmsora0_.remarks as remarks13_26_0_, jpacbmsora0_.status as status14_26_0_, jpacbmsora0_.value_date as value_d15_26_0_, jpacbmsora0_.workflow_status_id as workflo16_26_0_ from cbm_sora_rate_temp jpacbmsora0_ where jpacbmsora0_.id=?
2023-02-07 15:02:50.762 [main] DEBUG org.hibernate.SQL:128 - insert into cbm_sora_rate_temp (action, approval_remark, approved_by, approved_date, created_date, effective_date, modified_by, modified_date, publication_date, rate, reference_rate, remarks, status, value_date, workflow_status_id, id) values (?, ?, ?, ?, ?, ?, ?, ?, ?, ?, ?, ?, ?, ?, ?, ?)
2023-02-07 15:02:51.026 [main] DEBUG org.hibernate.SQL:128 - select jpacbmsora0_.reference_rate as referenc1_24_, jpacbmsora0_.value_date as value_da2_24_, jpacbmsora0_.action as action3_24_, jpacbmsora0_.approval_remark as approval4_24_, jpacbmsora0_.approved_by as approved5_24_, jpacbmsora0_.approved_date as approved6_24_, jpacbmsora0_.created_date as created_7_24_, jpacbmsora0_.effective_date as effectiv8_24_, jpacbmsora0_.modified_by as modified9_24_, jpacbmsora0_.modified_date as modifie10_24_, jpacbmsora0_.publication_date as publica11_24_, jpacbmsora0_.rate as rate12_24_, jpacbmsora0_.status as status13_24_, jpacbmsora0_.workflow_status_id as workflo14_24_ from cbm_sora_rate jpacbmsora0_ where jpacbmsora0_.reference_rate=? and jpacbmsora0_.value_date=?
2023-02-07 15:02:51.055 [main] DEBUG org.hibernate.SQL:128 - select jpacbmsora0_.reference_rate as referenc1_24_0_, jpacbmsora0_.value_date as value_da2_24_0_, jpacbmsora0_.action as action3_24_0_, jpacbmsora0_.approval_remark as approval4_24_0_, jpacbmsora0_.approved_by as approved5_24_0_, jpacbmsora0_.approved_date as approved6_24_0_, jpacbmsora0_.created_date as created_7_24_0_, jpacbmsora0_.effective_date as effectiv8_24_0_, jpacbmsora0_.modified_by as modified9_24_0_, jpacbmsora0_.modified_date as modifie10_24_0_, jpacbmsora0_.publication_date as publica11_24_0_, jpacbmsora0_.rate as rate12_24_0_, jpacbmsora0_.status as status13_24_0_, jpacbmsora0_.workflow_status_id as workflo14_24_0_ from cbm_sora_rate jpacbmsora0_ where jpacbmsora0_.reference_rate=? and jpacbmsora0_.value_date=?
2023-02-07 15:02:51.061 [main] DEBUG org.hibernate.SQL:128 - insert into cbm_sora_rate (action, approval_remark, approved_by, approved_date, created_date, effective_date, modified_by, modified_date, publication_date, rate, status, workflow_status_id, reference_rate, value_date) values (?, ?, ?, ?, ?, ?, ?, ?, ?, ?, ?, ?, ?, ?)
2023-02-07 15:02:51.327 [main] INFO  scrips.datamigration.common.service.FkChecksEnableDisable:23 - enable FkChecks called
2023-02-07 15:02:51.328 [main] DEBUG org.hibernate.SQL:128 - SET FOREIGN_KEY_CHECKS = 1
2023-02-07 15:02:51.331 [main] INFO  scrips.datamigration.common.service.FkChecksEnableDisable:25 - enable FkChecks done
2023-02-07 15:02:51.334 [main] DEBUG org.hibernate.SQL:128 - SELECT @@GLOBAL.foreign_key_checks, @@SESSION.foreign_key_checks
2023-02-07 15:02:51.340 [main] INFO  scrips.datamigration.common.service.FkChecksEnableDisable:52 - foreign_key_checks status - 1
2023-02-07 15:02:51.341 [main] INFO  scrips.datamigration.App:77 - Process completed in (Hours:Minutes:Seconds) 0:0:8
2023-02-07 15:02:51.395 [SpringContextShutdownHook] INFO  org.springframework.orm.jpa.LocalContainerEntityManagerFactoryBean:598 - Closing JPA EntityManagerFactory for persistence unit 'data'
2023-02-07 15:02:51.402 [SpringContextShutdownHook] INFO  com.zaxxer.hikari.HikariDataSource:350 - HikariPool-1 - Shutdown initiated...
2023-02-07 15:02:51.447 [SpringContextShutdownHook] INFO  com.zaxxer.hikari.HikariDataSource:352 - HikariPool-1 - Shutdown completed.
