2023-02-23 11:56:13.858 [main] INFO  scrips.datamigration.App:55 - Starting App on WSIN181 with PID 1952 (E:\DataMigration\DATA_MIGRATION_RTGS\DataMigrationAndExtract\DataMigration\target\classes started by SheikKhadeer in E:\DataMigration\DATA_MIGRATION_RTGS\DataMigrationAndExtract\DataMigration)
2023-02-23 11:56:13.866 [main] INFO  scrips.datamigration.App:651 - No active profile set, falling back to default profiles: app
2023-02-23 11:56:14.522 [main] INFO  org.springframework.data.repository.config.RepositoryConfigurationDelegate:127 - Bootstrapping Spring Data JPA repositories in DEFAULT mode.
2023-02-23 11:56:14.789 [main] INFO  org.springframework.data.repository.config.RepositoryConfigurationDelegate:187 - Finished Spring Data repository scanning in 256ms. Found 63 JPA repository interfaces.
2023-02-23 11:56:15.067 [main] INFO  com.ulisesbocchio.jasyptspringboot.configuration.EnableEncryptablePropertiesBeanFactoryPostProcessor:39 - Post-processing PropertySource instances
2023-02-23 11:56:15.093 [main] INFO  com.ulisesbocchio.jasyptspringboot.EncryptablePropertySourceConverter:56 - Converting PropertySource configurationProperties [org.springframework.boot.context.properties.source.ConfigurationPropertySourcesPropertySource] to AOP Proxy
2023-02-23 11:56:15.093 [main] INFO  com.ulisesbocchio.jasyptspringboot.EncryptablePropertySourceConverter:56 - Converting PropertySource commandLineArgs [org.springframework.core.env.SimpleCommandLinePropertySource] to EncryptableEnumerablePropertySourceWrapper
2023-02-23 11:56:15.094 [main] INFO  com.ulisesbocchio.jasyptspringboot.EncryptablePropertySourceConverter:56 - Converting PropertySource systemProperties [org.springframework.core.env.PropertiesPropertySource] to EncryptableMapPropertySourceWrapper
2023-02-23 11:56:15.095 [main] INFO  com.ulisesbocchio.jasyptspringboot.EncryptablePropertySourceConverter:56 - Converting PropertySource systemEnvironment [org.springframework.boot.env.SystemEnvironmentPropertySourceEnvironmentPostProcessor$OriginAwareSystemEnvironmentPropertySource] to EncryptableSystemEnvironmentPropertySourceWrapper
2023-02-23 11:56:15.095 [main] INFO  com.ulisesbocchio.jasyptspringboot.EncryptablePropertySourceConverter:56 - Converting PropertySource random [org.springframework.boot.env.RandomValuePropertySource] to EncryptablePropertySourceWrapper
2023-02-23 11:56:15.095 [main] INFO  com.ulisesbocchio.jasyptspringboot.EncryptablePropertySourceConverter:56 - Converting PropertySource applicationConfig: [file:./config/application.properties] [org.springframework.boot.env.OriginTrackedMapPropertySource] to EncryptableMapPropertySourceWrapper
2023-02-23 11:56:15.096 [main] INFO  com.ulisesbocchio.jasyptspringboot.EncryptablePropertySourceConverter:56 - Converting PropertySource applicationConfig: [classpath:/application.properties] [org.springframework.boot.env.OriginTrackedMapPropertySource] to EncryptableMapPropertySourceWrapper
2023-02-23 11:56:15.096 [main] INFO  com.ulisesbocchio.jasyptspringboot.EncryptablePropertySourceConverter:56 - Converting PropertySource DataMigrationProperties [org.springframework.core.env.MapPropertySource] to EncryptableMapPropertySourceWrapper
2023-02-23 11:56:15.256 [main] INFO  com.ulisesbocchio.jasyptspringboot.filter.DefaultLazyPropertyFilter:31 - Property Filter custom Bean not found with name 'encryptablePropertyFilter'. Initializing Default Property Filter
2023-02-23 11:56:15.376 [main] INFO  com.ulisesbocchio.jasyptspringboot.resolver.DefaultLazyPropertyResolver:35 - Property Resolver custom Bean not found with name 'encryptablePropertyResolver'. Initializing Default Property Resolver
2023-02-23 11:56:15.379 [main] INFO  com.ulisesbocchio.jasyptspringboot.detector.DefaultLazyPropertyDetector:35 - Property Detector custom Bean not found with name 'encryptablePropertyDetector'. Initializing Default Property Detector
2023-02-23 11:56:15.534 [main] INFO  org.hibernate.jpa.internal.util.LogHelper:31 - HHH000204: Processing PersistenceUnitInfo [name: data]
2023-02-23 11:56:15.619 [main] INFO  org.hibernate.Version:44 - HHH000412: Hibernate ORM core version 5.4.15.Final
2023-02-23 11:56:15.777 [main] INFO  org.hibernate.annotations.common.Version:49 - HCANN000001: Hibernate Commons Annotations {5.1.0.Final}
2023-02-23 11:56:16.025 [main] INFO  com.zaxxer.hikari.HikariDataSource:110 - HikariPool-1 - Starting...
2023-02-23 11:56:16.169 [main] INFO  com.zaxxer.hikari.HikariDataSource:123 - HikariPool-1 - Start completed.
2023-02-23 11:56:16.197 [main] INFO  org.hibernate.dialect.Dialect:172 - HHH000400: Using dialect: org.hibernate.dialect.MySQL8Dialect
2023-02-23 11:56:16.279 [main] INFO  org.hibernate.envers.boot.internal.EnversServiceImpl:90 - Envers integration enabled? : true
2023-02-23 11:56:18.065 [main] INFO  org.hibernate.engine.transaction.jta.platform.internal.JtaPlatformInitiator:52 - HHH000490: Using JtaPlatform implementation: [org.hibernate.engine.transaction.jta.platform.internal.NoJtaPlatform]
2023-02-23 11:56:18.073 [main] INFO  org.springframework.orm.jpa.LocalContainerEntityManagerFactoryBean:416 - Initialized JPA EntityManagerFactory for persistence unit 'data'
2023-02-23 11:56:20.333 [main] INFO  scrips.datamigration.App:61 - Started App in 7.157 seconds (JVM running for 8.534)
2023-02-23 11:56:20.337 [main] INFO  scrips.datamigration.controller.ReportController:44 -   - CONTROL_TOTAL_REPORT
2023-02-23 11:56:20.338 [main] INFO  scrips.datamigration.common.service.GenerateReportService:114 - process started for :CONTROL_TOTAL_REPORT
2023-02-23 11:56:20.338 [main] ERROR scrips.datamigration.common.service.GenerateReportService:250 - Default case
2023-02-23 11:56:20.338 [main] INFO  scrips.datamigration.common.service.GenerateReportService:262 - Path -> E:/DataMigration/DATA_MIGRATION_RTGS/DataMigrationAndExtract/DataMigration/reports/
2023-02-23 11:56:21.589 [main] WARN  net.sf.jasperreports.engine.export.PdfGlyphRenderer:68 - Unpatched iText found, cannot use glyph rendering
2023-02-23 11:56:21.659 [main] INFO  scrips.datamigration.App:77 - Process completed in (Hours:Minutes:Seconds) 0:0:8
2023-02-23 11:56:21.673 [SpringContextShutdownHook] INFO  org.springframework.orm.jpa.LocalContainerEntityManagerFactoryBean:598 - Closing JPA EntityManagerFactory for persistence unit 'data'
2023-02-23 11:56:21.675 [SpringContextShutdownHook] INFO  com.zaxxer.hikari.HikariDataSource:350 - HikariPool-1 - Shutdown initiated...
2023-02-23 11:56:21.684 [SpringContextShutdownHook] INFO  com.zaxxer.hikari.HikariDataSource:352 - HikariPool-1 - Shutdown completed.
