2023-02-13 17:54:47.477 [main] INFO  scrips.datamigration.App:55 - Starting App on WSIN181 with PID 7768 (D:\DataMigration\DATA_MIGRATION_RTGS\DataMigrationAndExtract\DataMigration\target\classes started by SheikKhadeer in D:\DataMigration\DATA_MIGRATION_RTGS\DataMigrationAndExtract\DataMigration)
2023-02-13 17:54:47.483 [main] INFO  scrips.datamigration.App:651 - No active profile set, falling back to default profiles: app
2023-02-13 17:54:48.235 [main] INFO  org.springframework.data.repository.config.RepositoryConfigurationDelegate:127 - Bootstrapping Spring Data JPA repositories in DEFAULT mode.
2023-02-13 17:54:48.667 [main] INFO  org.springframework.data.repository.config.RepositoryConfigurationDelegate:187 - Finished Spring Data repository scanning in 425ms. Found 62 JPA repository interfaces.
2023-02-13 17:54:48.977 [main] INFO  com.ulisesbocchio.jasyptspringboot.configuration.EnableEncryptablePropertiesBeanFactoryPostProcessor:39 - Post-processing PropertySource instances
2023-02-13 17:54:49.000 [main] INFO  com.ulisesbocchio.jasyptspringboot.EncryptablePropertySourceConverter:56 - Converting PropertySource configurationProperties [org.springframework.boot.context.properties.source.ConfigurationPropertySourcesPropertySource] to AOP Proxy
2023-02-13 17:54:49.001 [main] INFO  com.ulisesbocchio.jasyptspringboot.EncryptablePropertySourceConverter:56 - Converting PropertySource commandLineArgs [org.springframework.core.env.SimpleCommandLinePropertySource] to EncryptableEnumerablePropertySourceWrapper
2023-02-13 17:54:49.001 [main] INFO  com.ulisesbocchio.jasyptspringboot.EncryptablePropertySourceConverter:56 - Converting PropertySource systemProperties [org.springframework.core.env.PropertiesPropertySource] to EncryptableMapPropertySourceWrapper
2023-02-13 17:54:49.001 [main] INFO  com.ulisesbocchio.jasyptspringboot.EncryptablePropertySourceConverter:56 - Converting PropertySource systemEnvironment [org.springframework.boot.env.SystemEnvironmentPropertySourceEnvironmentPostProcessor$OriginAwareSystemEnvironmentPropertySource] to EncryptableSystemEnvironmentPropertySourceWrapper
2023-02-13 17:54:49.002 [main] INFO  com.ulisesbocchio.jasyptspringboot.EncryptablePropertySourceConverter:56 - Converting PropertySource random [org.springframework.boot.env.RandomValuePropertySource] to EncryptablePropertySourceWrapper
2023-02-13 17:54:49.002 [main] INFO  com.ulisesbocchio.jasyptspringboot.EncryptablePropertySourceConverter:56 - Converting PropertySource applicationConfig: [file:./config/application.properties] [org.springframework.boot.env.OriginTrackedMapPropertySource] to EncryptableMapPropertySourceWrapper
2023-02-13 17:54:49.003 [main] INFO  com.ulisesbocchio.jasyptspringboot.EncryptablePropertySourceConverter:56 - Converting PropertySource applicationConfig: [classpath:/application.properties] [org.springframework.boot.env.OriginTrackedMapPropertySource] to EncryptableMapPropertySourceWrapper
2023-02-13 17:54:49.003 [main] INFO  com.ulisesbocchio.jasyptspringboot.EncryptablePropertySourceConverter:56 - Converting PropertySource DataMigrationProperties [org.springframework.core.env.MapPropertySource] to EncryptableMapPropertySourceWrapper
2023-02-13 17:54:49.088 [main] INFO  com.ulisesbocchio.jasyptspringboot.filter.DefaultLazyPropertyFilter:31 - Property Filter custom Bean not found with name 'encryptablePropertyFilter'. Initializing Default Property Filter
2023-02-13 17:54:49.160 [main] INFO  com.ulisesbocchio.jasyptspringboot.resolver.DefaultLazyPropertyResolver:35 - Property Resolver custom Bean not found with name 'encryptablePropertyResolver'. Initializing Default Property Resolver
2023-02-13 17:54:49.163 [main] INFO  com.ulisesbocchio.jasyptspringboot.detector.DefaultLazyPropertyDetector:35 - Property Detector custom Bean not found with name 'encryptablePropertyDetector'. Initializing Default Property Detector
2023-02-13 17:54:49.169 [main] INFO  com.ulisesbocchio.jasyptspringboot.encryptor.DefaultLazyEncryptor:37 - String Encryptor custom Bean not found with name 'jasyptStringEncryptor'. Initializing Default String Encryptor
2023-02-13 17:54:49.182 [main] INFO  com.ulisesbocchio.jasyptspringboot.configuration.StringEncryptorBuilder:81 - Encryptor config not found for property jasypt.encryptor.key-obtention-iterations, using default value: 1000
2023-02-13 17:54:49.183 [main] INFO  com.ulisesbocchio.jasyptspringboot.configuration.StringEncryptorBuilder:81 - Encryptor config not found for property jasypt.encryptor.pool-size, using default value: 1
2023-02-13 17:54:49.183 [main] INFO  com.ulisesbocchio.jasyptspringboot.configuration.StringEncryptorBuilder:81 - Encryptor config not found for property jasypt.encryptor.provider-name, using default value: null
2023-02-13 17:54:49.184 [main] INFO  com.ulisesbocchio.jasyptspringboot.configuration.StringEncryptorBuilder:81 - Encryptor config not found for property jasypt.encryptor.provider-class-name, using default value: null
2023-02-13 17:54:49.184 [main] INFO  com.ulisesbocchio.jasyptspringboot.configuration.StringEncryptorBuilder:81 - Encryptor config not found for property jasypt.encryptor.salt-generator-classname, using default value: org.jasypt.salt.RandomSaltGenerator
2023-02-13 17:54:49.186 [main] INFO  com.ulisesbocchio.jasyptspringboot.configuration.StringEncryptorBuilder:81 - Encryptor config not found for property jasypt.encryptor.string-output-type, using default value: base64
2023-02-13 17:54:49.362 [main] INFO  org.hibernate.jpa.internal.util.LogHelper:31 - HHH000204: Processing PersistenceUnitInfo [name: data]
2023-02-13 17:54:49.420 [main] INFO  org.hibernate.Version:44 - HHH000412: Hibernate ORM core version 5.4.15.Final
2023-02-13 17:54:49.552 [main] INFO  org.hibernate.annotations.common.Version:49 - HCANN000001: Hibernate Commons Annotations {5.1.0.Final}
2023-02-13 17:54:49.988 [main] INFO  com.zaxxer.hikari.HikariDataSource:110 - HikariPool-1 - Starting...
2023-02-13 17:54:50.146 [main] INFO  com.zaxxer.hikari.HikariDataSource:123 - HikariPool-1 - Start completed.
2023-02-13 17:54:50.177 [main] INFO  org.hibernate.dialect.Dialect:172 - HHH000400: Using dialect: org.hibernate.dialect.MySQL8Dialect
2023-02-13 17:54:50.250 [main] INFO  org.hibernate.envers.boot.internal.EnversServiceImpl:90 - Envers integration enabled? : true
2023-02-13 17:54:52.137 [main] INFO  org.hibernate.engine.transaction.jta.platform.internal.JtaPlatformInitiator:52 - HHH000490: Using JtaPlatform implementation: [org.hibernate.engine.transaction.jta.platform.internal.NoJtaPlatform]
2023-02-13 17:54:52.144 [main] INFO  org.springframework.orm.jpa.LocalContainerEntityManagerFactoryBean:416 - Initialized JPA EntityManagerFactory for persistence unit 'data'
2023-02-13 17:54:54.278 [main] INFO  scrips.datamigration.App:61 - Started App in 7.378 seconds (JVM running for 8.823)
2023-02-13 17:54:54.285 [main] INFO  scrips.datamigration.controller.ReportController:44 - 2023-02-07 - CONTROL_TOTAL_REPORT
2023-02-13 17:54:54.285 [main] INFO  scrips.datamigration.common.service.GenerateReportService:109 - process started for :CONTROL_TOTAL_REPORT
2023-02-13 17:54:54.322 [main] DEBUG org.hibernate.SQL:128 - select 'Account' as col_0_0_, count(*) as col_1_0_, (select count(*) from account_source jpaaccount2_ where ? is null or date(jpaaccount2_.migrated_date)=?) as col_2_0_ from account_source jpaaccount0_ right outer join account jpaaccount1_ on (jpaaccount0_.id=jpaaccount1_.id) where ? is null or date(jpaaccount1_.created_date)=?
2023-02-13 17:54:54.345 [main] DEBUG org.hibernate.SQL:128 - select 'Account Position' as col_0_0_, count(*) as col_1_0_, (select count(*) from account_position_source jpaaccount2_ where ? is null or date(jpaaccount2_.migrated_date)=?) as col_2_0_ from account_position_source jpaaccount0_ right outer join account_position jpaaccount1_ on (jpaaccount0_.account_id=jpaaccount1_.account_id and (jpaaccount0_.remarks is null)) where ? is null or date(jpaaccount1_.modified_date)=?
2023-02-13 17:54:54.348 [main] DEBUG org.hibernate.SQL:128 - select 'Cbm Deposit Rate' as col_0_0_, count(*) as col_1_0_, (select count(*) from cbm_deposit_rate_source jpacbmdepo2_ where ? is null or date(jpacbmdepo2_.migrated_date)=?) as col_2_0_ from cbm_deposit_rate_source jpacbmdepo0_ right outer join cbm_deposit_rate jpacbmdepo1_ on (jpacbmdepo0_.id=jpacbmdepo1_.id and (jpacbmdepo0_.remarks is null)) where ? is null or date(jpacbmdepo1_.created_date)=?
2023-02-13 17:54:54.351 [main] DEBUG org.hibernate.SQL:128 - select 'Cbm Cost Centre' as col_0_0_, count(*) as col_1_0_, (select count(*) from cbm_cost_centre_source jpacbmcost3_ where ? is null or date(jpacbmcost3_.migrated_date)=?) as col_2_0_ from cbm_cost_centre_source jpacbmcost0_ right outer join cbm_cost_centre_temp jpacbmcost1_ on (jpacbmcost0_.id=jpacbmcost1_.id) right outer join cbm_cost_centre jpacbmcost2_ on (jpacbmcost1_.cost_centre=jpacbmcost2_.cost_centre and (jpacbmcost1_.remarks is null)) where ? is null or date(jpacbmcost2_.created_date)=?
2023-02-13 17:54:54.353 [main] DEBUG org.hibernate.SQL:128 - select 'Cbm Gl Account' as col_0_0_, count(*) as col_1_0_, (select count(*) from cbm_gl_account_source jpacbmglac2_ where ? is null or date(jpacbmglac2_.migrated_date)=?) as col_2_0_ from cbm_gl_account_source jpacbmglac0_ right outer join cbm_gl_account jpacbmglac1_ on (jpacbmglac0_.gl_account=jpacbmglac1_.gl_account and (jpacbmglac0_.remarks is null)) where ? is null or date(jpacbmglac1_.created_date)=?
2023-02-13 17:54:54.357 [main] DEBUG org.hibernate.SQL:128 - select 'Cbm Liabilities Base' as col_0_0_, count(*) as col_1_0_, (select count(*) from cbm_liabilities_base_source jpacbmliab3_ where ? is null or date(jpacbmliab3_.migrated_date)=?) as col_2_0_ from cbm_liabilities_base_source jpacbmliab0_ right outer join cbm_liabilities_base_temp jpacbmliab1_ on (jpacbmliab0_.id=jpacbmliab1_.id) right outer join cbm_liabilities_base jpacbmliab2_ on (jpacbmliab1_.member_id=jpacbmliab2_.member_id and (jpacbmliab0_.remarks is null)) where ? is null or date(jpacbmliab2_.created_date)=?
2023-02-13 17:54:54.360 [main] DEBUG org.hibernate.SQL:128 - select 'Cbm Liabilities Base Detail' as col_0_0_, count(*) as col_1_0_, (select count(*) from cbm_liabilities_base_detail_source jpacbmliab3_ where ? is null or date(jpacbmliab3_.migrated_date)=?) as col_2_0_ from cbm_liabilities_base_detail_source jpacbmliab0_ right outer join cbm_liabilities_base_detail_temp jpacbmliab1_ on (jpacbmliab0_.id=jpacbmliab1_.id) right outer join cbm_liabilities_base_detail jpacbmliab2_ on (jpacbmliab1_.live_table_id=jpacbmliab2_.id and (jpacbmliab0_.remarks is null)) where ? is null or date(jpacbmliab1_.migrated_date)=?
2023-02-13 17:54:54.362 [main] INFO  scrips.datamigration.common.service.GenerateReportService:250 - Path -> D:/DataMigration/DATA_MIGRATION_RTGS/DataMigrationAndExtract/DataMigration/reports/
2023-02-13 17:54:55.832 [main] WARN  net.sf.jasperreports.engine.export.PdfGlyphRenderer:68 - Unpatched iText found, cannot use glyph rendering
2023-02-13 17:54:55.989 [main] INFO  scrips.datamigration.App:77 - Process completed in (Hours:Minutes:Seconds) 0:0:9
2023-02-13 17:54:56.003 [SpringContextShutdownHook] INFO  org.springframework.orm.jpa.LocalContainerEntityManagerFactoryBean:598 - Closing JPA EntityManagerFactory for persistence unit 'data'
2023-02-13 17:54:56.005 [SpringContextShutdownHook] INFO  com.zaxxer.hikari.HikariDataSource:350 - HikariPool-1 - Shutdown initiated...
2023-02-13 17:54:56.017 [SpringContextShutdownHook] INFO  com.zaxxer.hikari.HikariDataSource:352 - HikariPool-1 - Shutdown completed.
