2023-02-23 11:31:14.105 [main] INFO  scrips.datamigration.App:55 - Starting App on WSIN181 with PID 14384 (E:\DataMigration\DATA_MIGRATION_RTGS\DataMigrationAndExtract\DataMigration\target\classes started by SheikKhadeer in E:\DataMigration\DATA_MIGRATION_RTGS\DataMigrationAndExtract\DataMigration)
2023-02-23 11:31:14.110 [main] INFO  scrips.datamigration.App:651 - No active profile set, falling back to default profiles: app
2023-02-23 11:31:14.590 [main] INFO  org.springframework.data.repository.config.RepositoryConfigurationDelegate:127 - Bootstrapping Spring Data JPA repositories in DEFAULT mode.
2023-02-23 11:31:14.828 [main] INFO  org.springframework.data.repository.config.RepositoryConfigurationDelegate:187 - Finished Spring Data repository scanning in 215ms. Found 63 JPA repository interfaces.
2023-02-23 11:31:15.102 [main] INFO  com.ulisesbocchio.jasyptspringboot.configuration.EnableEncryptablePropertiesBeanFactoryPostProcessor:39 - Post-processing PropertySource instances
2023-02-23 11:31:15.127 [main] INFO  com.ulisesbocchio.jasyptspringboot.EncryptablePropertySourceConverter:56 - Converting PropertySource configurationProperties [org.springframework.boot.context.properties.source.ConfigurationPropertySourcesPropertySource] to AOP Proxy
2023-02-23 11:31:15.127 [main] INFO  com.ulisesbocchio.jasyptspringboot.EncryptablePropertySourceConverter:56 - Converting PropertySource commandLineArgs [org.springframework.core.env.SimpleCommandLinePropertySource] to EncryptableEnumerablePropertySourceWrapper
2023-02-23 11:31:15.128 [main] INFO  com.ulisesbocchio.jasyptspringboot.EncryptablePropertySourceConverter:56 - Converting PropertySource systemProperties [org.springframework.core.env.PropertiesPropertySource] to EncryptableMapPropertySourceWrapper
2023-02-23 11:31:15.128 [main] INFO  com.ulisesbocchio.jasyptspringboot.EncryptablePropertySourceConverter:56 - Converting PropertySource systemEnvironment [org.springframework.boot.env.SystemEnvironmentPropertySourceEnvironmentPostProcessor$OriginAwareSystemEnvironmentPropertySource] to EncryptableSystemEnvironmentPropertySourceWrapper
2023-02-23 11:31:15.128 [main] INFO  com.ulisesbocchio.jasyptspringboot.EncryptablePropertySourceConverter:56 - Converting PropertySource random [org.springframework.boot.env.RandomValuePropertySource] to EncryptablePropertySourceWrapper
2023-02-23 11:31:15.129 [main] INFO  com.ulisesbocchio.jasyptspringboot.EncryptablePropertySourceConverter:56 - Converting PropertySource applicationConfig: [file:./config/application.properties] [org.springframework.boot.env.OriginTrackedMapPropertySource] to EncryptableMapPropertySourceWrapper
2023-02-23 11:31:15.129 [main] INFO  com.ulisesbocchio.jasyptspringboot.EncryptablePropertySourceConverter:56 - Converting PropertySource applicationConfig: [classpath:/application.properties] [org.springframework.boot.env.OriginTrackedMapPropertySource] to EncryptableMapPropertySourceWrapper
2023-02-23 11:31:15.129 [main] INFO  com.ulisesbocchio.jasyptspringboot.EncryptablePropertySourceConverter:56 - Converting PropertySource DataMigrationProperties [org.springframework.core.env.MapPropertySource] to EncryptableMapPropertySourceWrapper
2023-02-23 11:31:15.213 [main] INFO  com.ulisesbocchio.jasyptspringboot.filter.DefaultLazyPropertyFilter:31 - Property Filter custom Bean not found with name 'encryptablePropertyFilter'. Initializing Default Property Filter
2023-02-23 11:31:15.297 [main] INFO  com.ulisesbocchio.jasyptspringboot.resolver.DefaultLazyPropertyResolver:35 - Property Resolver custom Bean not found with name 'encryptablePropertyResolver'. Initializing Default Property Resolver
2023-02-23 11:31:15.301 [main] INFO  com.ulisesbocchio.jasyptspringboot.detector.DefaultLazyPropertyDetector:35 - Property Detector custom Bean not found with name 'encryptablePropertyDetector'. Initializing Default Property Detector
2023-02-23 11:31:15.426 [main] INFO  org.hibernate.jpa.internal.util.LogHelper:31 - HHH000204: Processing PersistenceUnitInfo [name: data]
2023-02-23 11:31:15.500 [main] INFO  org.hibernate.Version:44 - HHH000412: Hibernate ORM core version 5.4.15.Final
2023-02-23 11:31:15.632 [main] INFO  org.hibernate.annotations.common.Version:49 - HCANN000001: Hibernate Commons Annotations {5.1.0.Final}
2023-02-23 11:31:15.862 [main] INFO  com.zaxxer.hikari.HikariDataSource:110 - HikariPool-1 - Starting...
2023-02-23 11:31:16.003 [main] INFO  com.zaxxer.hikari.HikariDataSource:123 - HikariPool-1 - Start completed.
2023-02-23 11:31:16.031 [main] INFO  org.hibernate.dialect.Dialect:172 - HHH000400: Using dialect: org.hibernate.dialect.MySQL8Dialect
2023-02-23 11:31:16.118 [main] INFO  org.hibernate.envers.boot.internal.EnversServiceImpl:90 - Envers integration enabled? : true
2023-02-23 11:31:17.847 [main] INFO  org.hibernate.engine.transaction.jta.platform.internal.JtaPlatformInitiator:52 - HHH000490: Using JtaPlatform implementation: [org.hibernate.engine.transaction.jta.platform.internal.NoJtaPlatform]
2023-02-23 11:31:17.854 [main] INFO  org.springframework.orm.jpa.LocalContainerEntityManagerFactoryBean:416 - Initialized JPA EntityManagerFactory for persistence unit 'data'
2023-02-23 11:31:20.067 [main] INFO  scrips.datamigration.App:61 - Started App in 6.507 seconds (JVM running for 7.583)
2023-02-23 11:31:20.079 [main] INFO  scrips.datamigration.common.service.FkChecksEnableDisable:36 - disable FkChecks called
2023-02-23 11:31:20.098 [main] DEBUG org.hibernate.SQL:128 - SET FOREIGN_KEY_CHECKS = 0
2023-02-23 11:31:20.109 [main] INFO  scrips.datamigration.common.service.FkChecksEnableDisable:38 - disable FkChecks done
2023-02-23 11:31:20.136 [main] DEBUG org.hibernate.SQL:128 - SELECT @@GLOBAL.foreign_key_checks, @@SESSION.foreign_key_checks
2023-02-23 11:31:20.143 [main] INFO  scrips.datamigration.common.service.FkChecksEnableDisable:52 - foreign_key_checks status - 0
2023-02-23 11:31:20.144 [main] INFO  scrips.datamigration.controller.ScripsFileUploadController:131 - fileUploadCode - SSS_SECURITIES_CODE_STATISTICS_FILE_UPLOAD
2023-02-23 11:31:20.144 [main] INFO  scrips.datamigration.common.service.FileUploadService:82 - getFileHeaderByCode entered
2023-02-23 11:31:20.144 [main] INFO  scrips.datamigration.common.service.FileUploadService:88 - fileUploadHeaderOut - sss_securities_code_statistics
2023-02-23 11:31:20.144 [main] INFO  scrips.datamigration.controller.ScripsFileUploadController:136 - Live table name ->sss_securities_code_statistics
2023-02-23 11:31:20.145 [main] INFO  scrips.datamigration.common.service.FileUploadService:98 - fieldName  -  securities_code
2023-02-23 11:31:20.146 [main] INFO  scrips.datamigration.common.service.FileUploadService:98 - fieldName  -  total_redeemed_amount
2023-02-23 11:31:20.146 [main] INFO  scrips.datamigration.common.service.FileUploadService:98 - fieldName  -  total_redeemed_amount_for_erf
2023-02-23 11:31:20.146 [main] INFO  scrips.datamigration.common.service.FileUploadService:98 - fieldName  -  outstanding_nominal_amount
2023-02-23 11:31:20.146 [main] INFO  scrips.datamigration.common.service.FileUploadService:98 - fieldName  -  next_coupon_date
2023-02-23 11:31:20.146 [main] INFO  scrips.datamigration.common.service.FileUploadService:98 - fieldName  -  last_coupon_date
2023-02-23 11:31:20.146 [main] INFO  scrips.datamigration.common.service.FileUploadService:98 - fieldName  -  next_index_end_date
2023-02-23 11:31:20.147 [main] INFO  scrips.datamigration.common.service.FileUploadService:98 - fieldName  -  amount_alloted_to_central_bank
2023-02-23 11:31:20.147 [main] INFO  scrips.datamigration.common.service.FileUploadService:98 - fieldName  -  amount_alloted_to_others
2023-02-23 11:31:20.147 [main] INFO  scrips.datamigration.common.service.FileUploadService:98 - fieldName  -  total_nominal_amount_issued_for_erf
2023-02-23 11:31:20.147 [main] INFO  scrips.datamigration.common.service.FileUploadService:104 - fileUploadDetails - [scrips.datamigration.fileupload.JpaFileUploadDetails@58a01e47, scrips.datamigration.fileupload.JpaFileUploadDetails@6149184e, scrips.datamigration.fileupload.JpaFileUploadDetails@6f3a8d5e, scrips.datamigration.fileupload.JpaFileUploadDetails@680f7a5e, scrips.datamigration.fileupload.JpaFileUploadDetails@3005133e, scrips.datamigration.fileupload.JpaFileUploadDetails@19a7e618, scrips.datamigration.fileupload.JpaFileUploadDetails@22ccd80f, scrips.datamigration.fileupload.JpaFileUploadDetails@31829b82, scrips.datamigration.fileupload.JpaFileUploadDetails@2986e26f, scrips.datamigration.fileupload.JpaFileUploadDetails@fb74661]
2023-02-23 11:31:20.147 [main] INFO  scrips.datamigration.sss.service.SssSecuritiesFileDataService:36 - ftp status n
2023-02-23 11:31:20.148 [main] INFO  scrips.datamigration.sss.service.SssSecuritiesFileDataService:148 - fieldName  -  ISIN_CODE
2023-02-23 11:31:20.148 [main] INFO  scrips.datamigration.sss.service.SssSecuritiesFileDataService:148 - fieldName  -  DESCRIPTION
2023-02-23 11:31:20.148 [main] INFO  scrips.datamigration.sss.service.SssSecuritiesFileDataService:148 - fieldName  -  ISIN_TYPE
2023-02-23 11:31:20.148 [main] INFO  scrips.datamigration.sss.service.SssSecuritiesFileDataService:148 - fieldName  -  ISSUE_CODE
2023-02-23 11:31:20.148 [main] INFO  scrips.datamigration.sss.service.SssSecuritiesFileDataService:148 - fieldName  -  ISIN_STATUS
2023-02-23 11:31:20.148 [main] INFO  scrips.datamigration.sss.service.SssSecuritiesFileDataService:148 - fieldName  -  TAXABLE
2023-02-23 11:31:20.148 [main] INFO  scrips.datamigration.sss.service.SssSecuritiesFileDataService:148 - fieldName  -  TRADABLE
2023-02-23 11:31:20.148 [main] INFO  scrips.datamigration.sss.service.SssSecuritiesFileDataService:148 - fieldName  -  CREDIT_RATING
2023-02-23 11:31:20.149 [main] INFO  scrips.datamigration.sss.service.SssSecuritiesFileDataService:148 - fieldName  -  ELIGIBLE_FOR_ILF
2023-02-23 11:31:20.149 [main] INFO  scrips.datamigration.sss.service.SssSecuritiesFileDataService:148 - fieldName  -  ILF_HAIRCUT_SETTING
2023-02-23 11:31:20.149 [main] INFO  scrips.datamigration.sss.service.SssSecuritiesFileDataService:148 - fieldName  -  HAIRCUT_PERCENTAGE_FOR_ILF
2023-02-23 11:31:20.149 [main] INFO  scrips.datamigration.sss.service.SssSecuritiesFileDataService:148 - fieldName  -  MATURITY_DATE
2023-02-23 11:31:20.149 [main] INFO  scrips.datamigration.sss.service.SssSecuritiesFileDataService:148 - fieldName  -  OPTIONAL_MATURITY_DATE
2023-02-23 11:31:20.149 [main] INFO  scrips.datamigration.sss.service.SssSecuritiesFileDataService:148 - fieldName  -  AUCTION_DATE
2023-02-23 11:31:20.149 [main] INFO  scrips.datamigration.sss.service.SssSecuritiesFileDataService:148 - fieldName  -  FIRST_ISSUANCE_DATE
2023-02-23 11:31:20.150 [main] INFO  scrips.datamigration.sss.service.SssSecuritiesFileDataService:148 - fieldName  -  FIRST_ISSUANCE_AMOUNT
2023-02-23 11:31:20.150 [main] INFO  scrips.datamigration.sss.service.SssSecuritiesFileDataService:148 - fieldName  -  RE_OPENING_AUCTION_DATE
2023-02-23 11:31:20.150 [main] INFO  scrips.datamigration.sss.service.SssSecuritiesFileDataService:148 - fieldName  -  RE_OPENING_ALLOTMENT_DATE
2023-02-23 11:31:20.150 [main] INFO  scrips.datamigration.sss.service.SssSecuritiesFileDataService:148 - fieldName  -  RE_OPENING_TOTAL_ALLOTMENT_AMOUNT
2023-02-23 11:31:20.151 [main] INFO  scrips.datamigration.sss.service.SssSecuritiesFileDataService:148 - fieldName  -  TOTAL_ISSUED_AMOUNT
2023-02-23 11:31:20.151 [main] INFO  scrips.datamigration.sss.service.SssSecuritiesFileDataService:148 - fieldName  -  OUTSTANDING_NOMINAL_AMOUNT
2023-02-23 11:31:20.151 [main] INFO  scrips.datamigration.sss.service.SssSecuritiesFileDataService:148 - fieldName  -  AMOUNT_ALLOCATED_TO_MAS
2023-02-23 11:31:20.151 [main] INFO  scrips.datamigration.sss.service.SssSecuritiesFileDataService:148 - fieldName  -  AMOUNT_ALLOCATED_TO_OTHERS
2023-02-23 11:31:20.151 [main] INFO  scrips.datamigration.sss.service.SssSecuritiesFileDataService:148 - fieldName  -  MAS_APPLIED_AMOUNT
2023-02-23 11:31:20.151 [main] INFO  scrips.datamigration.sss.service.SssSecuritiesFileDataService:148 - fieldName  -  UNIT_SIZE
2023-02-23 11:31:20.152 [main] INFO  scrips.datamigration.sss.service.SssSecuritiesFileDataService:148 - fieldName  -  DENOMINATION
2023-02-23 11:31:20.152 [main] INFO  scrips.datamigration.sss.service.SssSecuritiesFileDataService:148 - fieldName  -  CURRENCY_CODE
2023-02-23 11:31:20.152 [main] INFO  scrips.datamigration.sss.service.SssSecuritiesFileDataService:148 - fieldName  -  REDEMPTION_PRICE
2023-02-23 11:31:20.152 [main] INFO  scrips.datamigration.sss.service.SssSecuritiesFileDataService:148 - fieldName  -  COUPON_RATE
2023-02-23 11:31:20.152 [main] INFO  scrips.datamigration.sss.service.SssSecuritiesFileDataService:148 - fieldName  -  EX_DATE_PERIOD
2023-02-23 11:31:20.152 [main] INFO  scrips.datamigration.sss.service.SssSecuritiesFileDataService:148 - fieldName  -  EX_DATE
2023-02-23 11:31:20.152 [main] INFO  scrips.datamigration.sss.service.SssSecuritiesFileDataService:148 - fieldName  -  COUPON_PAYMENT_FREQUENCY
2023-02-23 11:31:20.152 [main] INFO  scrips.datamigration.sss.service.SssSecuritiesFileDataService:148 - fieldName  -  LAST_COUPON_DATE
2023-02-23 11:31:20.152 [main] INFO  scrips.datamigration.sss.service.SssSecuritiesFileDataService:148 - fieldName  -  NEXT_COUPON_DATE
2023-02-23 11:31:20.152 [main] INFO  scrips.datamigration.sss.service.SssSecuritiesFileDataService:148 - fieldName  -  OPTIONAL_COUPON_DATE
2023-02-23 11:31:20.153 [main] INFO  scrips.datamigration.sss.service.SssSecuritiesFileDataService:148 - fieldName  -  DAYS_OF_ACCRUED_INTEREST
2023-02-23 11:31:20.153 [main] INFO  scrips.datamigration.sss.service.SssSecuritiesFileDataService:148 - fieldName  -  TENURE
2023-02-23 11:31:20.153 [main] INFO  scrips.datamigration.sss.service.SssSecuritiesFileDataService:148 - fieldName  -  AVERAGE_YIELD
2023-02-23 11:31:20.153 [main] INFO  scrips.datamigration.sss.service.SssSecuritiesFileDataService:148 - fieldName  -  CUTOFF_YIELD
2023-02-23 11:31:20.153 [main] INFO  scrips.datamigration.sss.service.SssSecuritiesFileDataService:148 - fieldName  -  AVERAGE_YIELD_PRICE
2023-02-23 11:31:20.153 [main] INFO  scrips.datamigration.sss.service.SssSecuritiesFileDataService:148 - fieldName  -  CUTOFF_YIELD_PRICE
2023-02-23 11:31:20.153 [main] INFO  scrips.datamigration.sss.service.SssSecuritiesFileDataService:148 - fieldName  -  RE_OPENING_MAS_APPLIED_AMOUNT
2023-02-23 11:31:20.153 [main] INFO  scrips.datamigration.sss.service.SssSecuritiesFileDataService:148 - fieldName  -  TOTAL_REDEEMED_AMOUNT
2023-02-23 11:31:20.153 [main] INFO  scrips.datamigration.sss.service.SssSecuritiesFileDataService:148 - fieldName  -  ISIN_SUB_TYPE
2023-02-23 11:31:20.154 [main] INFO  scrips.datamigration.sss.service.SssSecuritiesFileDataService:154 - fileUploadDetails - [scrips.datamigration.fileupload.JpaFileUploadDetails@4b7feb38, scrips.datamigration.fileupload.JpaFileUploadDetails@6e04275e, scrips.datamigration.fileupload.JpaFileUploadDetails@700f356b, scrips.datamigration.fileupload.JpaFileUploadDetails@453ef145, scrips.datamigration.fileupload.JpaFileUploadDetails@712ce4f1, scrips.datamigration.fileupload.JpaFileUploadDetails@3edd135d, scrips.datamigration.fileupload.JpaFileUploadDetails@3770dd80, scrips.datamigration.fileupload.JpaFileUploadDetails@5f6b6f2, scrips.datamigration.fileupload.JpaFileUploadDetails@136bd1d1, scrips.datamigration.fileupload.JpaFileUploadDetails@45fa7f1a, scrips.datamigration.fileupload.JpaFileUploadDetails@74d736f8, scrips.datamigration.fileupload.JpaFileUploadDetails@44264fb6, scrips.datamigration.fileupload.JpaFileUploadDetails@90efbba, scrips.datamigration.fileupload.JpaFileUploadDetails@1f9a472e, scrips.datamigration.fileupload.JpaFileUploadDetails@52b7d2d3, scrips.datamigration.fileupload.JpaFileUploadDetails@249a7ccc, scrips.datamigration.fileupload.JpaFileUploadDetails@5ab780ce, scrips.datamigration.fileupload.JpaFileUploadDetails@17d90f81, scrips.datamigration.fileupload.JpaFileUploadDetails@7b1466e3, scrips.datamigration.fileupload.JpaFileUploadDetails@c9f1951, scrips.datamigration.fileupload.JpaFileUploadDetails@6a4859fc, scrips.datamigration.fileupload.JpaFileUploadDetails@3532f633, scrips.datamigration.fileupload.JpaFileUploadDetails@6d49bd08, scrips.datamigration.fileupload.JpaFileUploadDetails@19e86461, scrips.datamigration.fileupload.JpaFileUploadDetails@31475919, scrips.datamigration.fileupload.JpaFileUploadDetails@13e6b26c, scrips.datamigration.fileupload.JpaFileUploadDetails@33e7ece5, scrips.datamigration.fileupload.JpaFileUploadDetails@69765d94, scrips.datamigration.fileupload.JpaFileUploadDetails@62f25e32, scrips.datamigration.fileupload.JpaFileUploadDetails@44a1e5d2, scrips.datamigration.fileupload.JpaFileUploadDetails@48adb967, scrips.datamigration.fileupload.JpaFileUploadDetails@136cd71b, scrips.datamigration.fileupload.JpaFileUploadDetails@631f188a, scrips.datamigration.fileupload.JpaFileUploadDetails@285bee4e, scrips.datamigration.fileupload.JpaFileUploadDetails@d181ca3, scrips.datamigration.fileupload.JpaFileUploadDetails@78b9d614, scrips.datamigration.fileupload.JpaFileUploadDetails@63f95ac1, scrips.datamigration.fileupload.JpaFileUploadDetails@14a7e16e, scrips.datamigration.fileupload.JpaFileUploadDetails@59171a5d, scrips.datamigration.fileupload.JpaFileUploadDetails@6f286e1d, scrips.datamigration.fileupload.JpaFileUploadDetails@46ae1e6b, scrips.datamigration.fileupload.JpaFileUploadDetails@6d293b41, scrips.datamigration.fileupload.JpaFileUploadDetails@c0d114b, scrips.datamigration.fileupload.JpaFileUploadDetails@2079ce51]
2023-02-23 11:31:20.159 [main] INFO  scrips.datamigration.sss.service.SssSecuritiesFileDataService:64 - fileSourceData - ISIN Code;Description;ISIN Type;Issue Code;ISIN Status;Taxable;Tradable;Credit Rating;Eligible for ILF;ILF Haircut Setting;Haircut Percentage for ILF;Maturity Date;Optional Maturity Date;Auction Date;First Issuance Date;First Issuance Amount;Re-Opening - Auction Date;Re-Opening - Allotment Date;Re-Opening - Total Allotment Amount;Total Issued Amount;Outstanding Nominal Amount;Amount Allocated to MAS;Amount Allocated to Others;MAS Applied Amount;Unit Size;Denomination;Currency Code;Redemption Price;Coupon Rate;Ex-date Period;Ex-date;Coupon Payment Frequency;Last Coupon Date;Next Coupon Date;Optional Coupon Date;Days of Accrued Interest;Tenure;Average Yield;Cutoff Yield;Average Yield Price;Cutoff Yield Price;Re-Opening - MAS Applied Amount;Total Redeemed Amount;ISIN Sub Type
2023-02-23 11:31:20.159 [main] INFO  scrips.datamigration.sss.service.SssSecuritiesFileDataService:64 - fileSourceData - BCSISTEST012;99YR BOND 2017 DUE 010199 AUTOSFNP;BN;M1TOSFNP;A;Y;Y;AAA;Y;A;00300000;20240101; ;20171228;20171229;000001000000000;20221026;20221027;000900000000000;000902800000000;000902799998000;000001500000000;000901300000000;000001000000000;1000;000000000001000;SGD;10000000;00120000;3;20230529;S;20221201;20230601;20180601;182;050;00000000;0000;00000000;00000000;000900000000000;000000000002000;NA
2023-02-23 11:31:20.159 [main] INFO  scrips.datamigration.sss.service.SssSecuritiesFileDataService:64 - fileSourceData - BCSISMBIL001;MAS Bill;MB;BN2005M;A;Y;Y;AAA;Y;Y;00100000;20251231; ;20210518;20210519;000000100000000; ; ;000000000000000;000000100000000;000000100000000;000000000900000;000000099100000;000000000100000;1000;000000000001000;SGD;10000000;00000000;0; ;N; ; ; ; ;241;00000000;00012;00000000;00000000;000000000000000;000000000000000;NA
2023-02-23 11:31:20.159 [main] INFO  scrips.datamigration.sss.service.SssSecuritiesFileDataService:64 - fileSourceData - MEPSUAT00016;10YR SBOND 2016 DUE220426 GX16501W;SB;GX16501W;A;Y;N;AAA;N;N;00000000;20231022; ;20160421;20160422;000000000287500; ; ;000000000000000;000000000287500;000000000242500;000000000000000;000000000287500;000000000000000;1000;000000000000500;SGD;10000000;00700000;3;20230419;S;20221022;20230422;20161022; ;010;00000000;1001;00000000;00000000;000000000000000;000000000045000;NA
2023-02-23 11:31:20.160 [main] INFO  scrips.datamigration.sss.service.SssSecuritiesFileDataService:64 - fileSourceData - MEPSUAT00024;10YR SBOND 2016 DUE250426 GX16502N;SB;GX16502N;A;Y;N;AAA;N;N;00000000;20241025; ;20160422;20160425;000000000300000; ; ;000000000000000;000000000300000;000000000170000;000000000000000;000000000300000;000000000000000;1000;000000000000500;SGD;10000000;00293000;3;20230420;S;20221025;20230425;20161025; ;010;00000000;005;00000000;00000000;000000000000000;000000000130000;NA
2023-02-23 11:31:20.160 [main] INFO  scrips.datamigration.sss.service.SssSecuritiesFileDataService:66 - Headings - 1:ISIN_CODE
2023-02-23 11:31:20.160 [main] INFO  scrips.datamigration.sss.service.SssSecuritiesFileDataService:66 - Headings - 2:DESCRIPTION
2023-02-23 11:31:20.160 [main] INFO  scrips.datamigration.sss.service.SssSecuritiesFileDataService:66 - Headings - 3:ISIN_TYPE
2023-02-23 11:31:20.160 [main] INFO  scrips.datamigration.sss.service.SssSecuritiesFileDataService:66 - Headings - 4:ISSUE_CODE
2023-02-23 11:31:20.160 [main] INFO  scrips.datamigration.sss.service.SssSecuritiesFileDataService:66 - Headings - 5:ISIN_STATUS
2023-02-23 11:31:20.160 [main] INFO  scrips.datamigration.sss.service.SssSecuritiesFileDataService:66 - Headings - 6:TAXABLE
2023-02-23 11:31:20.161 [main] INFO  scrips.datamigration.sss.service.SssSecuritiesFileDataService:66 - Headings - 7:TRADABLE
2023-02-23 11:31:20.161 [main] INFO  scrips.datamigration.sss.service.SssSecuritiesFileDataService:66 - Headings - 8:CREDIT_RATING
2023-02-23 11:31:20.161 [main] INFO  scrips.datamigration.sss.service.SssSecuritiesFileDataService:66 - Headings - 9:ELIGIBLE_FOR_ILF
2023-02-23 11:31:20.161 [main] INFO  scrips.datamigration.sss.service.SssSecuritiesFileDataService:66 - Headings - 10:ILF_HAIRCUT_SETTING
2023-02-23 11:31:20.161 [main] INFO  scrips.datamigration.sss.service.SssSecuritiesFileDataService:66 - Headings - 11:HAIRCUT_PERCENTAGE_FOR_ILF
2023-02-23 11:31:20.161 [main] INFO  scrips.datamigration.sss.service.SssSecuritiesFileDataService:66 - Headings - 12:MATURITY_DATE
2023-02-23 11:31:20.161 [main] INFO  scrips.datamigration.sss.service.SssSecuritiesFileDataService:66 - Headings - 13:OPTIONAL_MATURITY_DATE
2023-02-23 11:31:20.161 [main] INFO  scrips.datamigration.sss.service.SssSecuritiesFileDataService:66 - Headings - 14:AUCTION_DATE
2023-02-23 11:31:20.161 [main] INFO  scrips.datamigration.sss.service.SssSecuritiesFileDataService:66 - Headings - 15:FIRST_ISSUANCE_DATE
2023-02-23 11:31:20.161 [main] INFO  scrips.datamigration.sss.service.SssSecuritiesFileDataService:66 - Headings - 16:FIRST_ISSUANCE_AMOUNT
2023-02-23 11:31:20.162 [main] INFO  scrips.datamigration.sss.service.SssSecuritiesFileDataService:66 - Headings - 17:RE_OPENING_AUCTION_DATE
2023-02-23 11:31:20.162 [main] INFO  scrips.datamigration.sss.service.SssSecuritiesFileDataService:66 - Headings - 18:RE_OPENING_ALLOTMENT_DATE
2023-02-23 11:31:20.162 [main] INFO  scrips.datamigration.sss.service.SssSecuritiesFileDataService:66 - Headings - 19:RE_OPENING_TOTAL_ALLOTMENT_AMOUNT
2023-02-23 11:31:20.162 [main] INFO  scrips.datamigration.sss.service.SssSecuritiesFileDataService:66 - Headings - 20:TOTAL_ISSUED_AMOUNT
2023-02-23 11:31:20.162 [main] INFO  scrips.datamigration.sss.service.SssSecuritiesFileDataService:66 - Headings - 21:OUTSTANDING_NOMINAL_AMOUNT
2023-02-23 11:31:20.162 [main] INFO  scrips.datamigration.sss.service.SssSecuritiesFileDataService:66 - Headings - 22:AMOUNT_ALLOCATED_TO_MAS
2023-02-23 11:31:20.162 [main] INFO  scrips.datamigration.sss.service.SssSecuritiesFileDataService:66 - Headings - 23:AMOUNT_ALLOCATED_TO_OTHERS
2023-02-23 11:31:20.163 [main] INFO  scrips.datamigration.sss.service.SssSecuritiesFileDataService:66 - Headings - 24:MAS_APPLIED_AMOUNT
2023-02-23 11:31:20.163 [main] INFO  scrips.datamigration.sss.service.SssSecuritiesFileDataService:66 - Headings - 25:UNIT_SIZE
2023-02-23 11:31:20.163 [main] INFO  scrips.datamigration.sss.service.SssSecuritiesFileDataService:66 - Headings - 26:DENOMINATION
2023-02-23 11:31:20.163 [main] INFO  scrips.datamigration.sss.service.SssSecuritiesFileDataService:66 - Headings - 27:CURRENCY_CODE
2023-02-23 11:31:20.163 [main] INFO  scrips.datamigration.sss.service.SssSecuritiesFileDataService:66 - Headings - 28:REDEMPTION_PRICE
2023-02-23 11:31:20.163 [main] INFO  scrips.datamigration.sss.service.SssSecuritiesFileDataService:66 - Headings - 29:COUPON_RATE
2023-02-23 11:31:20.164 [main] INFO  scrips.datamigration.sss.service.SssSecuritiesFileDataService:66 - Headings - 30:EX_DATE_PERIOD
2023-02-23 11:31:20.164 [main] INFO  scrips.datamigration.sss.service.SssSecuritiesFileDataService:66 - Headings - 31:EX_DATE
2023-02-23 11:31:20.164 [main] INFO  scrips.datamigration.sss.service.SssSecuritiesFileDataService:66 - Headings - 32:COUPON_PAYMENT_FREQUENCY
2023-02-23 11:31:20.165 [main] INFO  scrips.datamigration.sss.service.SssSecuritiesFileDataService:66 - Headings - 33:LAST_COUPON_DATE
2023-02-23 11:31:20.165 [main] INFO  scrips.datamigration.sss.service.SssSecuritiesFileDataService:66 - Headings - 34:NEXT_COUPON_DATE
2023-02-23 11:31:20.165 [main] INFO  scrips.datamigration.sss.service.SssSecuritiesFileDataService:66 - Headings - 35:OPTIONAL_COUPON_DATE
2023-02-23 11:31:20.165 [main] INFO  scrips.datamigration.sss.service.SssSecuritiesFileDataService:66 - Headings - 36:DAYS_OF_ACCRUED_INTEREST
2023-02-23 11:31:20.165 [main] INFO  scrips.datamigration.sss.service.SssSecuritiesFileDataService:66 - Headings - 37:TENURE
2023-02-23 11:31:20.165 [main] INFO  scrips.datamigration.sss.service.SssSecuritiesFileDataService:66 - Headings - 38:AVERAGE_YIELD
2023-02-23 11:31:20.166 [main] INFO  scrips.datamigration.sss.service.SssSecuritiesFileDataService:66 - Headings - 39:CUTOFF_YIELD
2023-02-23 11:31:20.166 [main] INFO  scrips.datamigration.sss.service.SssSecuritiesFileDataService:66 - Headings - 40:AVERAGE_YIELD_PRICE
2023-02-23 11:31:20.166 [main] INFO  scrips.datamigration.sss.service.SssSecuritiesFileDataService:66 - Headings - 41:CUTOFF_YIELD_PRICE
2023-02-23 11:31:20.166 [main] INFO  scrips.datamigration.sss.service.SssSecuritiesFileDataService:66 - Headings - 42:RE_OPENING_MAS_APPLIED_AMOUNT
2023-02-23 11:31:20.166 [main] INFO  scrips.datamigration.sss.service.SssSecuritiesFileDataService:66 - Headings - 43:TOTAL_REDEEMED_AMOUNT
2023-02-23 11:31:20.166 [main] INFO  scrips.datamigration.sss.service.SssSecuritiesFileDataService:66 - Headings - 44:ISIN_SUB_TYPE
2023-02-23 11:31:20.169 [main] INFO  scrips.datamigration.sss.service.SssSecuritiesFileDataService:218 - Total records in File: {}5
2023-02-23 11:31:20.170 [main] INFO  scrips.datamigration.controller.ScripsFileUploadController:154 - fileRecords - BCSISTEST012;000000000002000;000902799998000;000902799998000;20230601;20221201;20230601;000001500000000;000901300000000;000902799998000
2023-02-23 11:31:20.170 [main] INFO  scrips.datamigration.controller.ScripsFileUploadController:154 - fileRecords - BCSISMBIL001;000000000000000;000000100000000;000000100000000;;;;000000000900000;000000099100000;000000100000000
2023-02-23 11:31:20.170 [main] INFO  scrips.datamigration.controller.ScripsFileUploadController:154 - fileRecords - MEPSUAT00016;000000000045000;000000000242500;000000000242500;20230422;20221022;20230422;000000000000000;000000000287500;000000000242500
2023-02-23 11:31:20.171 [main] INFO  scrips.datamigration.controller.ScripsFileUploadController:154 - fileRecords - MEPSUAT00024;000000000130000;000000000170000;000000000170000;20230425;20221025;20230425;000000000000000;000000000300000;000000000170000
2023-02-23 11:31:20.171 [main] INFO  scrips.datamigration.controller.ScripsFileUploadController:156 - 1:securities_code
2023-02-23 11:31:20.171 [main] INFO  scrips.datamigration.controller.ScripsFileUploadController:156 - 2:total_redeemed_amount
2023-02-23 11:31:20.171 [main] INFO  scrips.datamigration.controller.ScripsFileUploadController:156 - 3:total_redeemed_amount_for_erf
2023-02-23 11:31:20.171 [main] INFO  scrips.datamigration.controller.ScripsFileUploadController:156 - 4:outstanding_nominal_amount
2023-02-23 11:31:20.171 [main] INFO  scrips.datamigration.controller.ScripsFileUploadController:156 - 5:next_coupon_date
2023-02-23 11:31:20.172 [main] INFO  scrips.datamigration.controller.ScripsFileUploadController:156 - 6:last_coupon_date
2023-02-23 11:31:20.172 [main] INFO  scrips.datamigration.controller.ScripsFileUploadController:156 - 7:next_index_end_date
2023-02-23 11:31:20.172 [main] INFO  scrips.datamigration.controller.ScripsFileUploadController:156 - 8:amount_alloted_to_central_bank
2023-02-23 11:31:20.172 [main] INFO  scrips.datamigration.controller.ScripsFileUploadController:156 - 9:amount_alloted_to_others
2023-02-23 11:31:20.172 [main] INFO  scrips.datamigration.controller.ScripsFileUploadController:156 - 10:total_nominal_amount_issued_for_erf
2023-02-23 11:31:20.177 [main] INFO  scrips.datamigration.sss.service.SssSecuritiesCodeStatisticsService:100 - Total records in File: {}4
2023-02-23 11:31:20.205 [main] DEBUG org.hibernate.SQL:128 - insert into securities_code_statistics_source (amount_allotted_to_central_bank, amount_allotted_to_others, id, last_coupon_date, migrated_date, next_coupon_date, next_index_end_date, outstanding_nominal_amount, remarks, securities_code, total_nominal_amount_issued_for_erf, total_redeemed_amount, total_redeemed_amount_for_erf) values (?, ?, ?, ?, ?, ?, ?, ?, ?, ?, ?, ?, ?)
2023-02-23 11:31:20.239 [main] DEBUG org.hibernate.SQL:128 - select jpassssecu0_.id as id1_42_0_, jpassssecu0_.amount_allotted_to_central_bank as amount_a2_42_0_, jpassssecu0_.amount_allotted_to_others as amount_a3_42_0_, jpassssecu0_.last_coupon_date as last_cou4_42_0_, jpassssecu0_.migrated_date as migrated5_42_0_, jpassssecu0_.next_coupon_date as next_cou6_42_0_, jpassssecu0_.next_index_end_date as next_ind7_42_0_, jpassssecu0_.outstanding_nominal_amount as outstand8_42_0_, jpassssecu0_.remarks as remarks9_42_0_, jpassssecu0_.securities_code as securit10_42_0_, jpassssecu0_.total_nominal_amount_issued_for_erf as total_n11_42_0_, jpassssecu0_.total_redeemed_amount as total_r12_42_0_, jpassssecu0_.total_redeemed_amount_for_erf as total_r13_42_0_ from securities_code_statistics_temp jpassssecu0_ where jpassssecu0_.id=?
2023-02-23 11:31:20.249 [main] DEBUG org.hibernate.SQL:128 - insert into securities_code_statistics_temp (amount_allotted_to_central_bank, amount_allotted_to_others, last_coupon_date, migrated_date, next_coupon_date, next_index_end_date, outstanding_nominal_amount, remarks, securities_code, total_nominal_amount_issued_for_erf, total_redeemed_amount, total_redeemed_amount_for_erf, id) values (?, ?, ?, ?, ?, ?, ?, ?, ?, ?, ?, ?, ?)
2023-02-23 11:31:20.260 [main] DEBUG org.hibernate.SQL:128 - insert into securities_code_statistics_source (amount_allotted_to_central_bank, amount_allotted_to_others, id, last_coupon_date, migrated_date, next_coupon_date, next_index_end_date, outstanding_nominal_amount, remarks, securities_code, total_nominal_amount_issued_for_erf, total_redeemed_amount, total_redeemed_amount_for_erf) values (?, ?, ?, ?, ?, ?, ?, ?, ?, ?, ?, ?, ?)
2023-02-23 11:31:20.272 [main] DEBUG org.hibernate.SQL:128 - select jpassssecu0_.id as id1_42_0_, jpassssecu0_.amount_allotted_to_central_bank as amount_a2_42_0_, jpassssecu0_.amount_allotted_to_others as amount_a3_42_0_, jpassssecu0_.last_coupon_date as last_cou4_42_0_, jpassssecu0_.migrated_date as migrated5_42_0_, jpassssecu0_.next_coupon_date as next_cou6_42_0_, jpassssecu0_.next_index_end_date as next_ind7_42_0_, jpassssecu0_.outstanding_nominal_amount as outstand8_42_0_, jpassssecu0_.remarks as remarks9_42_0_, jpassssecu0_.securities_code as securit10_42_0_, jpassssecu0_.total_nominal_amount_issued_for_erf as total_n11_42_0_, jpassssecu0_.total_redeemed_amount as total_r12_42_0_, jpassssecu0_.total_redeemed_amount_for_erf as total_r13_42_0_ from securities_code_statistics_temp jpassssecu0_ where jpassssecu0_.id=?
2023-02-23 11:31:20.275 [main] DEBUG org.hibernate.SQL:128 - insert into securities_code_statistics_temp (amount_allotted_to_central_bank, amount_allotted_to_others, last_coupon_date, migrated_date, next_coupon_date, next_index_end_date, outstanding_nominal_amount, remarks, securities_code, total_nominal_amount_issued_for_erf, total_redeemed_amount, total_redeemed_amount_for_erf, id) values (?, ?, ?, ?, ?, ?, ?, ?, ?, ?, ?, ?, ?)
2023-02-23 11:31:20.286 [main] DEBUG org.hibernate.SQL:128 - insert into securities_code_statistics_source (amount_allotted_to_central_bank, amount_allotted_to_others, id, last_coupon_date, migrated_date, next_coupon_date, next_index_end_date, outstanding_nominal_amount, remarks, securities_code, total_nominal_amount_issued_for_erf, total_redeemed_amount, total_redeemed_amount_for_erf) values (?, ?, ?, ?, ?, ?, ?, ?, ?, ?, ?, ?, ?)
2023-02-23 11:31:20.296 [main] DEBUG org.hibernate.SQL:128 - select jpassssecu0_.id as id1_42_0_, jpassssecu0_.amount_allotted_to_central_bank as amount_a2_42_0_, jpassssecu0_.amount_allotted_to_others as amount_a3_42_0_, jpassssecu0_.last_coupon_date as last_cou4_42_0_, jpassssecu0_.migrated_date as migrated5_42_0_, jpassssecu0_.next_coupon_date as next_cou6_42_0_, jpassssecu0_.next_index_end_date as next_ind7_42_0_, jpassssecu0_.outstanding_nominal_amount as outstand8_42_0_, jpassssecu0_.remarks as remarks9_42_0_, jpassssecu0_.securities_code as securit10_42_0_, jpassssecu0_.total_nominal_amount_issued_for_erf as total_n11_42_0_, jpassssecu0_.total_redeemed_amount as total_r12_42_0_, jpassssecu0_.total_redeemed_amount_for_erf as total_r13_42_0_ from securities_code_statistics_temp jpassssecu0_ where jpassssecu0_.id=?
2023-02-23 11:31:20.298 [main] DEBUG org.hibernate.SQL:128 - insert into securities_code_statistics_temp (amount_allotted_to_central_bank, amount_allotted_to_others, last_coupon_date, migrated_date, next_coupon_date, next_index_end_date, outstanding_nominal_amount, remarks, securities_code, total_nominal_amount_issued_for_erf, total_redeemed_amount, total_redeemed_amount_for_erf, id) values (?, ?, ?, ?, ?, ?, ?, ?, ?, ?, ?, ?, ?)
2023-02-23 11:31:20.310 [main] DEBUG org.hibernate.SQL:128 - insert into securities_code_statistics_source (amount_allotted_to_central_bank, amount_allotted_to_others, id, last_coupon_date, migrated_date, next_coupon_date, next_index_end_date, outstanding_nominal_amount, remarks, securities_code, total_nominal_amount_issued_for_erf, total_redeemed_amount, total_redeemed_amount_for_erf) values (?, ?, ?, ?, ?, ?, ?, ?, ?, ?, ?, ?, ?)
2023-02-23 11:31:20.321 [main] DEBUG org.hibernate.SQL:128 - select jpassssecu0_.id as id1_42_0_, jpassssecu0_.amount_allotted_to_central_bank as amount_a2_42_0_, jpassssecu0_.amount_allotted_to_others as amount_a3_42_0_, jpassssecu0_.last_coupon_date as last_cou4_42_0_, jpassssecu0_.migrated_date as migrated5_42_0_, jpassssecu0_.next_coupon_date as next_cou6_42_0_, jpassssecu0_.next_index_end_date as next_ind7_42_0_, jpassssecu0_.outstanding_nominal_amount as outstand8_42_0_, jpassssecu0_.remarks as remarks9_42_0_, jpassssecu0_.securities_code as securit10_42_0_, jpassssecu0_.total_nominal_amount_issued_for_erf as total_n11_42_0_, jpassssecu0_.total_redeemed_amount as total_r12_42_0_, jpassssecu0_.total_redeemed_amount_for_erf as total_r13_42_0_ from securities_code_statistics_temp jpassssecu0_ where jpassssecu0_.id=?
2023-02-23 11:31:20.323 [main] DEBUG org.hibernate.SQL:128 - insert into securities_code_statistics_temp (amount_allotted_to_central_bank, amount_allotted_to_others, last_coupon_date, migrated_date, next_coupon_date, next_index_end_date, outstanding_nominal_amount, remarks, securities_code, total_nominal_amount_issued_for_erf, total_redeemed_amount, total_redeemed_amount_for_erf, id) values (?, ?, ?, ?, ?, ?, ?, ?, ?, ?, ?, ?, ?)
2023-02-23 11:31:20.467 [main] DEBUG org.hibernate.SQL:128 - select jpassssecu0_.securities_code as securiti1_40_, jpassssecu0_.amount_allotted_to_central_bank as amount_a2_40_, jpassssecu0_.amount_allotted_to_others as amount_a3_40_, jpassssecu0_.last_coupon_date as last_cou4_40_, jpassssecu0_.next_coupon_date as next_cou5_40_, jpassssecu0_.next_index_end_date as next_ind6_40_, jpassssecu0_.outstanding_nominal_amount as outstand7_40_, jpassssecu0_.total_nominal_amount_issued_for_erf as total_no8_40_, jpassssecu0_.total_redeemed_amount as total_re9_40_, jpassssecu0_.total_redeemed_amount_for_erf as total_r10_40_ from securities_code_statistics jpassssecu0_ where jpassssecu0_.securities_code=?
2023-02-23 11:31:20.472 [main] DEBUG org.hibernate.SQL:128 - select jpassssecu0_.securities_code as securiti1_40_0_, jpassssecu0_.amount_allotted_to_central_bank as amount_a2_40_0_, jpassssecu0_.amount_allotted_to_others as amount_a3_40_0_, jpassssecu0_.last_coupon_date as last_cou4_40_0_, jpassssecu0_.next_coupon_date as next_cou5_40_0_, jpassssecu0_.next_index_end_date as next_ind6_40_0_, jpassssecu0_.outstanding_nominal_amount as outstand7_40_0_, jpassssecu0_.total_nominal_amount_issued_for_erf as total_no8_40_0_, jpassssecu0_.total_redeemed_amount as total_re9_40_0_, jpassssecu0_.total_redeemed_amount_for_erf as total_r10_40_0_ from securities_code_statistics jpassssecu0_ where jpassssecu0_.securities_code=?
2023-02-23 11:31:20.474 [main] DEBUG org.hibernate.SQL:128 - insert into securities_code_statistics (amount_allotted_to_central_bank, amount_allotted_to_others, last_coupon_date, next_coupon_date, next_index_end_date, outstanding_nominal_amount, total_nominal_amount_issued_for_erf, total_redeemed_amount, total_redeemed_amount_for_erf, securities_code) values (?, ?, ?, ?, ?, ?, ?, ?, ?, ?)
2023-02-23 11:31:20.523 [main] DEBUG org.hibernate.SQL:128 - select jpassssecu0_.securities_code as securiti1_40_, jpassssecu0_.amount_allotted_to_central_bank as amount_a2_40_, jpassssecu0_.amount_allotted_to_others as amount_a3_40_, jpassssecu0_.last_coupon_date as last_cou4_40_, jpassssecu0_.next_coupon_date as next_cou5_40_, jpassssecu0_.next_index_end_date as next_ind6_40_, jpassssecu0_.outstanding_nominal_amount as outstand7_40_, jpassssecu0_.total_nominal_amount_issued_for_erf as total_no8_40_, jpassssecu0_.total_redeemed_amount as total_re9_40_, jpassssecu0_.total_redeemed_amount_for_erf as total_r10_40_ from securities_code_statistics jpassssecu0_ where jpassssecu0_.securities_code=?
2023-02-23 11:31:20.526 [main] DEBUG org.hibernate.SQL:128 - select jpassssecu0_.securities_code as securiti1_40_0_, jpassssecu0_.amount_allotted_to_central_bank as amount_a2_40_0_, jpassssecu0_.amount_allotted_to_others as amount_a3_40_0_, jpassssecu0_.last_coupon_date as last_cou4_40_0_, jpassssecu0_.next_coupon_date as next_cou5_40_0_, jpassssecu0_.next_index_end_date as next_ind6_40_0_, jpassssecu0_.outstanding_nominal_amount as outstand7_40_0_, jpassssecu0_.total_nominal_amount_issued_for_erf as total_no8_40_0_, jpassssecu0_.total_redeemed_amount as total_re9_40_0_, jpassssecu0_.total_redeemed_amount_for_erf as total_r10_40_0_ from securities_code_statistics jpassssecu0_ where jpassssecu0_.securities_code=?
2023-02-23 11:31:20.528 [main] DEBUG org.hibernate.SQL:128 - insert into securities_code_statistics (amount_allotted_to_central_bank, amount_allotted_to_others, last_coupon_date, next_coupon_date, next_index_end_date, outstanding_nominal_amount, total_nominal_amount_issued_for_erf, total_redeemed_amount, total_redeemed_amount_for_erf, securities_code) values (?, ?, ?, ?, ?, ?, ?, ?, ?, ?)
2023-02-23 11:31:20.574 [main] DEBUG org.hibernate.SQL:128 - select jpassssecu0_.securities_code as securiti1_40_, jpassssecu0_.amount_allotted_to_central_bank as amount_a2_40_, jpassssecu0_.amount_allotted_to_others as amount_a3_40_, jpassssecu0_.last_coupon_date as last_cou4_40_, jpassssecu0_.next_coupon_date as next_cou5_40_, jpassssecu0_.next_index_end_date as next_ind6_40_, jpassssecu0_.outstanding_nominal_amount as outstand7_40_, jpassssecu0_.total_nominal_amount_issued_for_erf as total_no8_40_, jpassssecu0_.total_redeemed_amount as total_re9_40_, jpassssecu0_.total_redeemed_amount_for_erf as total_r10_40_ from securities_code_statistics jpassssecu0_ where jpassssecu0_.securities_code=?
2023-02-23 11:31:20.576 [main] DEBUG org.hibernate.SQL:128 - select jpassssecu0_.securities_code as securiti1_40_0_, jpassssecu0_.amount_allotted_to_central_bank as amount_a2_40_0_, jpassssecu0_.amount_allotted_to_others as amount_a3_40_0_, jpassssecu0_.last_coupon_date as last_cou4_40_0_, jpassssecu0_.next_coupon_date as next_cou5_40_0_, jpassssecu0_.next_index_end_date as next_ind6_40_0_, jpassssecu0_.outstanding_nominal_amount as outstand7_40_0_, jpassssecu0_.total_nominal_amount_issued_for_erf as total_no8_40_0_, jpassssecu0_.total_redeemed_amount as total_re9_40_0_, jpassssecu0_.total_redeemed_amount_for_erf as total_r10_40_0_ from securities_code_statistics jpassssecu0_ where jpassssecu0_.securities_code=?
2023-02-23 11:31:20.577 [main] DEBUG org.hibernate.SQL:128 - insert into securities_code_statistics (amount_allotted_to_central_bank, amount_allotted_to_others, last_coupon_date, next_coupon_date, next_index_end_date, outstanding_nominal_amount, total_nominal_amount_issued_for_erf, total_redeemed_amount, total_redeemed_amount_for_erf, securities_code) values (?, ?, ?, ?, ?, ?, ?, ?, ?, ?)
2023-02-23 11:31:20.626 [main] DEBUG org.hibernate.SQL:128 - select jpassssecu0_.securities_code as securiti1_40_, jpassssecu0_.amount_allotted_to_central_bank as amount_a2_40_, jpassssecu0_.amount_allotted_to_others as amount_a3_40_, jpassssecu0_.last_coupon_date as last_cou4_40_, jpassssecu0_.next_coupon_date as next_cou5_40_, jpassssecu0_.next_index_end_date as next_ind6_40_, jpassssecu0_.outstanding_nominal_amount as outstand7_40_, jpassssecu0_.total_nominal_amount_issued_for_erf as total_no8_40_, jpassssecu0_.total_redeemed_amount as total_re9_40_, jpassssecu0_.total_redeemed_amount_for_erf as total_r10_40_ from securities_code_statistics jpassssecu0_ where jpassssecu0_.securities_code=?
2023-02-23 11:31:20.628 [main] DEBUG org.hibernate.SQL:128 - select jpassssecu0_.securities_code as securiti1_40_0_, jpassssecu0_.amount_allotted_to_central_bank as amount_a2_40_0_, jpassssecu0_.amount_allotted_to_others as amount_a3_40_0_, jpassssecu0_.last_coupon_date as last_cou4_40_0_, jpassssecu0_.next_coupon_date as next_cou5_40_0_, jpassssecu0_.next_index_end_date as next_ind6_40_0_, jpassssecu0_.outstanding_nominal_amount as outstand7_40_0_, jpassssecu0_.total_nominal_amount_issued_for_erf as total_no8_40_0_, jpassssecu0_.total_redeemed_amount as total_re9_40_0_, jpassssecu0_.total_redeemed_amount_for_erf as total_r10_40_0_ from securities_code_statistics jpassssecu0_ where jpassssecu0_.securities_code=?
2023-02-23 11:31:20.631 [main] DEBUG org.hibernate.SQL:128 - insert into securities_code_statistics (amount_allotted_to_central_bank, amount_allotted_to_others, last_coupon_date, next_coupon_date, next_index_end_date, outstanding_nominal_amount, total_nominal_amount_issued_for_erf, total_redeemed_amount, total_redeemed_amount_for_erf, securities_code) values (?, ?, ?, ?, ?, ?, ?, ?, ?, ?)
2023-02-23 11:31:20.641 [main] INFO  scrips.datamigration.common.service.FkChecksEnableDisable:23 - enable FkChecks called
2023-02-23 11:31:20.642 [main] DEBUG org.hibernate.SQL:128 - SET FOREIGN_KEY_CHECKS = 1
2023-02-23 11:31:20.643 [main] INFO  scrips.datamigration.common.service.FkChecksEnableDisable:25 - enable FkChecks done
2023-02-23 11:31:20.644 [main] DEBUG org.hibernate.SQL:128 - SELECT @@GLOBAL.foreign_key_checks, @@SESSION.foreign_key_checks
2023-02-23 11:31:20.648 [main] INFO  scrips.datamigration.common.service.FkChecksEnableDisable:52 - foreign_key_checks status - 1
2023-02-23 11:31:20.648 [main] INFO  scrips.datamigration.App:77 - Process completed in (Hours:Minutes:Seconds) 0:0:7
2023-02-23 11:31:20.666 [SpringContextShutdownHook] INFO  org.springframework.orm.jpa.LocalContainerEntityManagerFactoryBean:598 - Closing JPA EntityManagerFactory for persistence unit 'data'
2023-02-23 11:31:20.668 [SpringContextShutdownHook] INFO  com.zaxxer.hikari.HikariDataSource:350 - HikariPool-1 - Shutdown initiated...
2023-02-23 11:31:20.676 [SpringContextShutdownHook] INFO  com.zaxxer.hikari.HikariDataSource:352 - HikariPool-1 - Shutdown completed.
