2023-02-23 11:44:59.562 [main] INFO  scrips.datamigration.App:55 - Starting App on WSIN181 with PID 228 (E:\DataMigration\DATA_MIGRATION_RTGS\DataMigrationAndExtract\DataMigration\target\classes started by SheikKhadeer in E:\DataMigration\DATA_MIGRATION_RTGS\DataMigrationAndExtract\DataMigration)
2023-02-23 11:44:59.569 [main] INFO  scrips.datamigration.App:651 - No active profile set, falling back to default profiles: app
2023-02-23 11:45:00.110 [main] INFO  org.springframework.data.repository.config.RepositoryConfigurationDelegate:127 - Bootstrapping Spring Data JPA repositories in DEFAULT mode.
2023-02-23 11:45:00.372 [main] INFO  org.springframework.data.repository.config.RepositoryConfigurationDelegate:187 - Finished Spring Data repository scanning in 248ms. Found 63 JPA repository interfaces.
2023-02-23 11:45:00.662 [main] INFO  com.ulisesbocchio.jasyptspringboot.configuration.EnableEncryptablePropertiesBeanFactoryPostProcessor:39 - Post-processing PropertySource instances
2023-02-23 11:45:00.685 [main] INFO  com.ulisesbocchio.jasyptspringboot.EncryptablePropertySourceConverter:56 - Converting PropertySource configurationProperties [org.springframework.boot.context.properties.source.ConfigurationPropertySourcesPropertySource] to AOP Proxy
2023-02-23 11:45:00.686 [main] INFO  com.ulisesbocchio.jasyptspringboot.EncryptablePropertySourceConverter:56 - Converting PropertySource commandLineArgs [org.springframework.core.env.SimpleCommandLinePropertySource] to EncryptableEnumerablePropertySourceWrapper
2023-02-23 11:45:00.686 [main] INFO  com.ulisesbocchio.jasyptspringboot.EncryptablePropertySourceConverter:56 - Converting PropertySource systemProperties [org.springframework.core.env.PropertiesPropertySource] to EncryptableMapPropertySourceWrapper
2023-02-23 11:45:00.686 [main] INFO  com.ulisesbocchio.jasyptspringboot.EncryptablePropertySourceConverter:56 - Converting PropertySource systemEnvironment [org.springframework.boot.env.SystemEnvironmentPropertySourceEnvironmentPostProcessor$OriginAwareSystemEnvironmentPropertySource] to EncryptableSystemEnvironmentPropertySourceWrapper
2023-02-23 11:45:00.687 [main] INFO  com.ulisesbocchio.jasyptspringboot.EncryptablePropertySourceConverter:56 - Converting PropertySource random [org.springframework.boot.env.RandomValuePropertySource] to EncryptablePropertySourceWrapper
2023-02-23 11:45:00.687 [main] INFO  com.ulisesbocchio.jasyptspringboot.EncryptablePropertySourceConverter:56 - Converting PropertySource applicationConfig: [file:./config/application.properties] [org.springframework.boot.env.OriginTrackedMapPropertySource] to EncryptableMapPropertySourceWrapper
2023-02-23 11:45:00.687 [main] INFO  com.ulisesbocchio.jasyptspringboot.EncryptablePropertySourceConverter:56 - Converting PropertySource applicationConfig: [classpath:/application.properties] [org.springframework.boot.env.OriginTrackedMapPropertySource] to EncryptableMapPropertySourceWrapper
2023-02-23 11:45:00.687 [main] INFO  com.ulisesbocchio.jasyptspringboot.EncryptablePropertySourceConverter:56 - Converting PropertySource DataMigrationProperties [org.springframework.core.env.MapPropertySource] to EncryptableMapPropertySourceWrapper
2023-02-23 11:45:00.773 [main] INFO  com.ulisesbocchio.jasyptspringboot.filter.DefaultLazyPropertyFilter:31 - Property Filter custom Bean not found with name 'encryptablePropertyFilter'. Initializing Default Property Filter
2023-02-23 11:45:00.859 [main] INFO  com.ulisesbocchio.jasyptspringboot.resolver.DefaultLazyPropertyResolver:35 - Property Resolver custom Bean not found with name 'encryptablePropertyResolver'. Initializing Default Property Resolver
2023-02-23 11:45:00.861 [main] INFO  com.ulisesbocchio.jasyptspringboot.detector.DefaultLazyPropertyDetector:35 - Property Detector custom Bean not found with name 'encryptablePropertyDetector'. Initializing Default Property Detector
2023-02-23 11:45:00.999 [main] INFO  org.hibernate.jpa.internal.util.LogHelper:31 - HHH000204: Processing PersistenceUnitInfo [name: data]
2023-02-23 11:45:01.068 [main] INFO  org.hibernate.Version:44 - HHH000412: Hibernate ORM core version 5.4.15.Final
2023-02-23 11:45:01.211 [main] INFO  org.hibernate.annotations.common.Version:49 - HCANN000001: Hibernate Commons Annotations {5.1.0.Final}
2023-02-23 11:45:01.524 [main] INFO  com.zaxxer.hikari.HikariDataSource:110 - HikariPool-1 - Starting...
2023-02-23 11:45:01.710 [main] INFO  com.zaxxer.hikari.HikariDataSource:123 - HikariPool-1 - Start completed.
2023-02-23 11:45:01.741 [main] INFO  org.hibernate.dialect.Dialect:172 - HHH000400: Using dialect: org.hibernate.dialect.MySQL8Dialect
2023-02-23 11:45:01.836 [main] INFO  org.hibernate.envers.boot.internal.EnversServiceImpl:90 - Envers integration enabled? : true
2023-02-23 11:45:03.710 [main] INFO  org.hibernate.engine.transaction.jta.platform.internal.JtaPlatformInitiator:52 - HHH000490: Using JtaPlatform implementation: [org.hibernate.engine.transaction.jta.platform.internal.NoJtaPlatform]
2023-02-23 11:45:03.719 [main] INFO  org.springframework.orm.jpa.LocalContainerEntityManagerFactoryBean:416 - Initialized JPA EntityManagerFactory for persistence unit 'data'
2023-02-23 11:45:06.082 [main] INFO  scrips.datamigration.App:61 - Started App in 7.082 seconds (JVM running for 8.089)
2023-02-23 11:45:06.098 [main] INFO  scrips.datamigration.common.service.FkChecksEnableDisable:36 - disable FkChecks called
2023-02-23 11:45:06.118 [main] DEBUG org.hibernate.SQL:128 - SET FOREIGN_KEY_CHECKS = 0
2023-02-23 11:45:06.131 [main] INFO  scrips.datamigration.common.service.FkChecksEnableDisable:38 - disable FkChecks done
2023-02-23 11:45:06.161 [main] DEBUG org.hibernate.SQL:128 - SELECT @@GLOBAL.foreign_key_checks, @@SESSION.foreign_key_checks
2023-02-23 11:45:06.168 [main] INFO  scrips.datamigration.common.service.FkChecksEnableDisable:52 - foreign_key_checks status - 0
2023-02-23 11:45:06.169 [main] INFO  scrips.datamigration.controller.ScripsFileUploadController:131 - fileUploadCode - CBM_GL_ACCOUNT_FILE_UPLOAD
2023-02-23 11:45:06.169 [main] INFO  scrips.datamigration.common.service.FileUploadService:82 - getFileHeaderByCode entered
2023-02-23 11:45:06.169 [main] INFO  scrips.datamigration.common.service.FileUploadService:88 - fileUploadHeaderOut - cbm_gl_account
2023-02-23 11:45:06.169 [main] INFO  scrips.datamigration.controller.ScripsFileUploadController:136 - Live table name ->cbm_gl_account
2023-02-23 11:45:06.171 [main] INFO  scrips.datamigration.common.service.FileUploadService:98 - fieldName  -  gl_account
2023-02-23 11:45:06.171 [main] INFO  scrips.datamigration.common.service.FileUploadService:98 - fieldName  -  gl_account_description
2023-02-23 11:45:06.171 [main] INFO  scrips.datamigration.common.service.FileUploadService:104 - fileUploadDetails - [scrips.datamigration.fileupload.JpaFileUploadDetails@5841716b, scrips.datamigration.fileupload.JpaFileUploadDetails@550a78ed]
2023-02-23 11:45:06.171 [main] INFO  scrips.datamigration.common.service.FileUploadService:48 - ftp status n
2023-02-23 11:45:06.171 [main] INFO  scrips.datamigration.common.service.FileUploadService:64 - FTP Not Enabled,Reading files from MigrationFiles folder
2023-02-23 11:45:06.173 [main] INFO  scrips.datamigration.controller.ScripsFileUploadController:154 - fileRecords - 12010311BANKGRF|Description For 12010311BANKGRF
2023-02-23 11:45:06.174 [main] INFO  scrips.datamigration.controller.ScripsFileUploadController:154 - fileRecords - 12010311BANKGRF|Description For 12010311BANKGRG
2023-02-23 11:45:06.174 [main] INFO  scrips.datamigration.controller.ScripsFileUploadController:154 - fileRecords - 12010312BANKGRY|Description For 12010311BANKGRH
2023-02-23 11:45:06.174 [main] INFO  scrips.datamigration.controller.ScripsFileUploadController:154 - fileRecords - 12010311BANKGR@|Description For 12010311BANKGRG
2023-02-23 11:45:06.174 [main] INFO  scrips.datamigration.controller.ScripsFileUploadController:154 - fileRecords - 12010312BANKGRY|Description For 12010311BANKGR@
2023-02-23 11:45:06.175 [main] INFO  scrips.datamigration.controller.ScripsFileUploadController:156 - 1:gl_account
2023-02-23 11:45:06.175 [main] INFO  scrips.datamigration.controller.ScripsFileUploadController:156 - 2:gl_account_description
2023-02-23 11:45:06.178 [main] INFO  scrips.datamigration.rtgs.service.CbmGlAccountService:85 - Total records in File: {}5
2023-02-23 11:45:06.201 [main] DEBUG org.hibernate.SQL:128 - insert into cbm_gl_account_source (created_date, gl_account, gl_account_description, gl_account_indicator, id, migrated_date, modified_date, remarks) values (?, ?, ?, ?, ?, ?, ?, ?)
2023-02-23 11:45:06.234 [main] DEBUG org.hibernate.SQL:128 - select jpacbmglac0_.id as id1_17_0_, jpacbmglac0_.created_date as created_2_17_0_, jpacbmglac0_.gl_account as gl_accou3_17_0_, jpacbmglac0_.gl_account_description as gl_accou4_17_0_, jpacbmglac0_.gl_account_indicator as gl_accou5_17_0_, jpacbmglac0_.modified_date as modified6_17_0_, jpacbmglac0_.remarks as remarks7_17_0_ from cbm_gl_account_temp jpacbmglac0_ where jpacbmglac0_.id=?
2023-02-23 11:45:06.247 [main] DEBUG org.hibernate.SQL:128 - insert into cbm_gl_account_temp (created_date, gl_account, gl_account_description, gl_account_indicator, modified_date, remarks, id) values (?, ?, ?, ?, ?, ?, ?)
2023-02-23 11:45:06.259 [main] DEBUG org.hibernate.SQL:128 - insert into cbm_gl_account_source (created_date, gl_account, gl_account_description, gl_account_indicator, id, migrated_date, modified_date, remarks) values (?, ?, ?, ?, ?, ?, ?, ?)
2023-02-23 11:45:06.271 [main] DEBUG org.hibernate.SQL:128 - select jpacbmglac0_.id as id1_17_0_, jpacbmglac0_.created_date as created_2_17_0_, jpacbmglac0_.gl_account as gl_accou3_17_0_, jpacbmglac0_.gl_account_description as gl_accou4_17_0_, jpacbmglac0_.gl_account_indicator as gl_accou5_17_0_, jpacbmglac0_.modified_date as modified6_17_0_, jpacbmglac0_.remarks as remarks7_17_0_ from cbm_gl_account_temp jpacbmglac0_ where jpacbmglac0_.id=?
2023-02-23 11:45:06.273 [main] DEBUG org.hibernate.SQL:128 - insert into cbm_gl_account_temp (created_date, gl_account, gl_account_description, gl_account_indicator, modified_date, remarks, id) values (?, ?, ?, ?, ?, ?, ?)
2023-02-23 11:45:06.285 [main] DEBUG org.hibernate.SQL:128 - insert into cbm_gl_account_source (created_date, gl_account, gl_account_description, gl_account_indicator, id, migrated_date, modified_date, remarks) values (?, ?, ?, ?, ?, ?, ?, ?)
2023-02-23 11:45:06.295 [main] DEBUG org.hibernate.SQL:128 - select jpacbmglac0_.id as id1_17_0_, jpacbmglac0_.created_date as created_2_17_0_, jpacbmglac0_.gl_account as gl_accou3_17_0_, jpacbmglac0_.gl_account_description as gl_accou4_17_0_, jpacbmglac0_.gl_account_indicator as gl_accou5_17_0_, jpacbmglac0_.modified_date as modified6_17_0_, jpacbmglac0_.remarks as remarks7_17_0_ from cbm_gl_account_temp jpacbmglac0_ where jpacbmglac0_.id=?
2023-02-23 11:45:06.297 [main] DEBUG org.hibernate.SQL:128 - insert into cbm_gl_account_temp (created_date, gl_account, gl_account_description, gl_account_indicator, modified_date, remarks, id) values (?, ?, ?, ?, ?, ?, ?)
2023-02-23 11:45:06.308 [main] DEBUG org.hibernate.SQL:128 - insert into cbm_gl_account_source (created_date, gl_account, gl_account_description, gl_account_indicator, id, migrated_date, modified_date, remarks) values (?, ?, ?, ?, ?, ?, ?, ?)
2023-02-23 11:45:06.318 [main] DEBUG org.hibernate.SQL:128 - insert into cbm_gl_account_source (created_date, gl_account, gl_account_description, gl_account_indicator, id, migrated_date, modified_date, remarks) values (?, ?, ?, ?, ?, ?, ?, ?)
2023-02-23 11:45:06.328 [main] DEBUG org.hibernate.SQL:128 - select jpacbmglac0_.id as id1_17_0_, jpacbmglac0_.created_date as created_2_17_0_, jpacbmglac0_.gl_account as gl_accou3_17_0_, jpacbmglac0_.gl_account_description as gl_accou4_17_0_, jpacbmglac0_.gl_account_indicator as gl_accou5_17_0_, jpacbmglac0_.modified_date as modified6_17_0_, jpacbmglac0_.remarks as remarks7_17_0_ from cbm_gl_account_temp jpacbmglac0_ where jpacbmglac0_.id=?
2023-02-23 11:45:06.330 [main] DEBUG org.hibernate.SQL:128 - insert into cbm_gl_account_temp (created_date, gl_account, gl_account_description, gl_account_indicator, modified_date, remarks, id) values (?, ?, ?, ?, ?, ?, ?)
2023-02-23 11:45:06.422 [main] DEBUG org.hibernate.SQL:128 - select jpacbmglac0_.gl_account as gl_accou1_15_, jpacbmglac0_.created_date as created_2_15_, jpacbmglac0_.gl_account_description as gl_accou3_15_, jpacbmglac0_.gl_account_indicator as gl_accou4_15_, jpacbmglac0_.modified_date as modified5_15_ from cbm_gl_account jpacbmglac0_ where jpacbmglac0_.gl_account=?
2023-02-23 11:45:06.429 [main] DEBUG org.hibernate.SQL:128 - select jpacbmglac0_.gl_account as gl_accou1_15_0_, jpacbmglac0_.created_date as created_2_15_0_, jpacbmglac0_.gl_account_description as gl_accou3_15_0_, jpacbmglac0_.gl_account_indicator as gl_accou4_15_0_, jpacbmglac0_.modified_date as modified5_15_0_ from cbm_gl_account jpacbmglac0_ where jpacbmglac0_.gl_account=?
2023-02-23 11:45:06.431 [main] DEBUG org.hibernate.SQL:128 - insert into cbm_gl_account (created_date, gl_account_description, gl_account_indicator, modified_date, gl_account) values (?, ?, ?, ?, ?)
2023-02-23 11:45:06.451 [main] DEBUG org.hibernate.SQL:128 - select jpacbmglac0_.gl_account as gl_accou1_15_, jpacbmglac0_.created_date as created_2_15_, jpacbmglac0_.gl_account_description as gl_accou3_15_, jpacbmglac0_.gl_account_indicator as gl_accou4_15_, jpacbmglac0_.modified_date as modified5_15_ from cbm_gl_account jpacbmglac0_ where jpacbmglac0_.gl_account=?
2023-02-23 11:45:06.458 [main] DEBUG org.hibernate.SQL:128 - select jpacbmglac0_.id as id1_17_0_, jpacbmglac0_.created_date as created_2_17_0_, jpacbmglac0_.gl_account as gl_accou3_17_0_, jpacbmglac0_.gl_account_description as gl_accou4_17_0_, jpacbmglac0_.gl_account_indicator as gl_accou5_17_0_, jpacbmglac0_.modified_date as modified6_17_0_, jpacbmglac0_.remarks as remarks7_17_0_ from cbm_gl_account_temp jpacbmglac0_ where jpacbmglac0_.id=?
2023-02-23 11:45:06.461 [main] DEBUG org.hibernate.SQL:128 - update cbm_gl_account_temp set created_date=?, gl_account=?, gl_account_description=?, gl_account_indicator=?, modified_date=?, remarks=? where id=?
2023-02-23 11:45:06.484 [main] DEBUG org.hibernate.SQL:128 - select jpacbmglac0_.gl_account as gl_accou1_15_, jpacbmglac0_.created_date as created_2_15_, jpacbmglac0_.gl_account_description as gl_accou3_15_, jpacbmglac0_.gl_account_indicator as gl_accou4_15_, jpacbmglac0_.modified_date as modified5_15_ from cbm_gl_account jpacbmglac0_ where jpacbmglac0_.gl_account=?
2023-02-23 11:45:06.487 [main] DEBUG org.hibernate.SQL:128 - select jpacbmglac0_.gl_account as gl_accou1_15_0_, jpacbmglac0_.created_date as created_2_15_0_, jpacbmglac0_.gl_account_description as gl_accou3_15_0_, jpacbmglac0_.gl_account_indicator as gl_accou4_15_0_, jpacbmglac0_.modified_date as modified5_15_0_ from cbm_gl_account jpacbmglac0_ where jpacbmglac0_.gl_account=?
2023-02-23 11:45:06.489 [main] DEBUG org.hibernate.SQL:128 - insert into cbm_gl_account (created_date, gl_account_description, gl_account_indicator, modified_date, gl_account) values (?, ?, ?, ?, ?)
2023-02-23 11:45:06.509 [main] DEBUG org.hibernate.SQL:128 - select jpacbmglac0_.gl_account as gl_accou1_15_, jpacbmglac0_.created_date as created_2_15_, jpacbmglac0_.gl_account_description as gl_accou3_15_, jpacbmglac0_.gl_account_indicator as gl_accou4_15_, jpacbmglac0_.modified_date as modified5_15_ from cbm_gl_account jpacbmglac0_ where jpacbmglac0_.gl_account=?
2023-02-23 11:45:06.512 [main] DEBUG org.hibernate.SQL:128 - select jpacbmglac0_.id as id1_17_0_, jpacbmglac0_.created_date as created_2_17_0_, jpacbmglac0_.gl_account as gl_accou3_17_0_, jpacbmglac0_.gl_account_description as gl_accou4_17_0_, jpacbmglac0_.gl_account_indicator as gl_accou5_17_0_, jpacbmglac0_.modified_date as modified6_17_0_, jpacbmglac0_.remarks as remarks7_17_0_ from cbm_gl_account_temp jpacbmglac0_ where jpacbmglac0_.id=?
2023-02-23 11:45:06.514 [main] DEBUG org.hibernate.SQL:128 - update cbm_gl_account_temp set created_date=?, gl_account=?, gl_account_description=?, gl_account_indicator=?, modified_date=?, remarks=? where id=?
2023-02-23 11:45:06.524 [main] INFO  scrips.datamigration.common.service.FkChecksEnableDisable:23 - enable FkChecks called
2023-02-23 11:45:06.525 [main] DEBUG org.hibernate.SQL:128 - SET FOREIGN_KEY_CHECKS = 1
2023-02-23 11:45:06.526 [main] INFO  scrips.datamigration.common.service.FkChecksEnableDisable:25 - enable FkChecks done
2023-02-23 11:45:06.527 [main] DEBUG org.hibernate.SQL:128 - SELECT @@GLOBAL.foreign_key_checks, @@SESSION.foreign_key_checks
2023-02-23 11:45:06.530 [main] INFO  scrips.datamigration.common.service.FkChecksEnableDisable:52 - foreign_key_checks status - 1
2023-02-23 11:45:06.531 [main] INFO  scrips.datamigration.App:77 - Process completed in (Hours:Minutes:Seconds) 0:0:7
2023-02-23 11:45:06.549 [SpringContextShutdownHook] INFO  org.springframework.orm.jpa.LocalContainerEntityManagerFactoryBean:598 - Closing JPA EntityManagerFactory for persistence unit 'data'
2023-02-23 11:45:06.551 [SpringContextShutdownHook] INFO  com.zaxxer.hikari.HikariDataSource:350 - HikariPool-1 - Shutdown initiated...
2023-02-23 11:45:06.559 [SpringContextShutdownHook] INFO  com.zaxxer.hikari.HikariDataSource:352 - HikariPool-1 - Shutdown completed.
