2023-02-27 09:45:01.238 [main] INFO  scrips.datamigration.App:55 - Starting App on WSIN181 with PID 1312 (E:\DataMigration\DATA_MIGRATION_RTGS\DataMigrationAndExtract\DataMigration\target\classes started by SheikKhadeer in E:\DataMigration\DATA_MIGRATION_RTGS\DataMigrationAndExtract\DataMigration)
2023-02-27 09:45:01.243 [main] INFO  scrips.datamigration.App:651 - No active profile set, falling back to default profiles: app
2023-02-27 09:45:01.791 [main] INFO  org.springframework.data.repository.config.RepositoryConfigurationDelegate:127 - Bootstrapping Spring Data JPA repositories in DEFAULT mode.
2023-02-27 09:45:02.043 [main] INFO  org.springframework.data.repository.config.RepositoryConfigurationDelegate:187 - Finished Spring Data repository scanning in 242ms. Found 63 JPA repository interfaces.
2023-02-27 09:45:02.327 [main] INFO  com.ulisesbocchio.jasyptspringboot.configuration.EnableEncryptablePropertiesBeanFactoryPostProcessor:39 - Post-processing PropertySource instances
2023-02-27 09:45:02.350 [main] INFO  com.ulisesbocchio.jasyptspringboot.EncryptablePropertySourceConverter:56 - Converting PropertySource configurationProperties [org.springframework.boot.context.properties.source.ConfigurationPropertySourcesPropertySource] to AOP Proxy
2023-02-27 09:45:02.350 [main] INFO  com.ulisesbocchio.jasyptspringboot.EncryptablePropertySourceConverter:56 - Converting PropertySource commandLineArgs [org.springframework.core.env.SimpleCommandLinePropertySource] to EncryptableEnumerablePropertySourceWrapper
2023-02-27 09:45:02.351 [main] INFO  com.ulisesbocchio.jasyptspringboot.EncryptablePropertySourceConverter:56 - Converting PropertySource systemProperties [org.springframework.core.env.PropertiesPropertySource] to EncryptableMapPropertySourceWrapper
2023-02-27 09:45:02.351 [main] INFO  com.ulisesbocchio.jasyptspringboot.EncryptablePropertySourceConverter:56 - Converting PropertySource systemEnvironment [org.springframework.boot.env.SystemEnvironmentPropertySourceEnvironmentPostProcessor$OriginAwareSystemEnvironmentPropertySource] to EncryptableSystemEnvironmentPropertySourceWrapper
2023-02-27 09:45:02.351 [main] INFO  com.ulisesbocchio.jasyptspringboot.EncryptablePropertySourceConverter:56 - Converting PropertySource random [org.springframework.boot.env.RandomValuePropertySource] to EncryptablePropertySourceWrapper
2023-02-27 09:45:02.352 [main] INFO  com.ulisesbocchio.jasyptspringboot.EncryptablePropertySourceConverter:56 - Converting PropertySource applicationConfig: [file:./config/application.properties] [org.springframework.boot.env.OriginTrackedMapPropertySource] to EncryptableMapPropertySourceWrapper
2023-02-27 09:45:02.352 [main] INFO  com.ulisesbocchio.jasyptspringboot.EncryptablePropertySourceConverter:56 - Converting PropertySource applicationConfig: [classpath:/application.properties] [org.springframework.boot.env.OriginTrackedMapPropertySource] to EncryptableMapPropertySourceWrapper
2023-02-27 09:45:02.352 [main] INFO  com.ulisesbocchio.jasyptspringboot.EncryptablePropertySourceConverter:56 - Converting PropertySource DataMigrationProperties [org.springframework.core.env.MapPropertySource] to EncryptableMapPropertySourceWrapper
2023-02-27 09:45:02.438 [main] INFO  com.ulisesbocchio.jasyptspringboot.filter.DefaultLazyPropertyFilter:31 - Property Filter custom Bean not found with name 'encryptablePropertyFilter'. Initializing Default Property Filter
2023-02-27 09:45:02.526 [main] INFO  com.ulisesbocchio.jasyptspringboot.resolver.DefaultLazyPropertyResolver:35 - Property Resolver custom Bean not found with name 'encryptablePropertyResolver'. Initializing Default Property Resolver
2023-02-27 09:45:02.528 [main] INFO  com.ulisesbocchio.jasyptspringboot.detector.DefaultLazyPropertyDetector:35 - Property Detector custom Bean not found with name 'encryptablePropertyDetector'. Initializing Default Property Detector
2023-02-27 09:45:02.657 [main] INFO  org.hibernate.jpa.internal.util.LogHelper:31 - HHH000204: Processing PersistenceUnitInfo [name: data]
2023-02-27 09:45:02.718 [main] INFO  org.hibernate.Version:44 - HHH000412: Hibernate ORM core version 5.4.15.Final
2023-02-27 09:45:02.871 [main] INFO  org.hibernate.annotations.common.Version:49 - HCANN000001: Hibernate Commons Annotations {5.1.0.Final}
2023-02-27 09:45:03.121 [main] INFO  com.zaxxer.hikari.HikariDataSource:110 - HikariPool-1 - Starting...
2023-02-27 09:45:03.463 [main] INFO  com.zaxxer.hikari.HikariDataSource:123 - HikariPool-1 - Start completed.
2023-02-27 09:45:03.501 [main] INFO  org.hibernate.dialect.Dialect:172 - HHH000400: Using dialect: org.hibernate.dialect.MySQL8Dialect
2023-02-27 09:45:03.586 [main] INFO  org.hibernate.envers.boot.internal.EnversServiceImpl:90 - Envers integration enabled? : true
2023-02-27 09:45:05.383 [main] INFO  org.hibernate.engine.transaction.jta.platform.internal.JtaPlatformInitiator:52 - HHH000490: Using JtaPlatform implementation: [org.hibernate.engine.transaction.jta.platform.internal.NoJtaPlatform]
2023-02-27 09:45:05.391 [main] INFO  org.springframework.orm.jpa.LocalContainerEntityManagerFactoryBean:416 - Initialized JPA EntityManagerFactory for persistence unit 'data'
2023-02-27 09:45:08.674 [main] INFO  scrips.datamigration.App:61 - Started App in 7.964 seconds (JVM running for 9.115)
2023-02-27 09:45:08.689 [main] INFO  scrips.datamigration.common.service.FkChecksEnableDisable:36 - disable FkChecks called
2023-02-27 09:45:08.713 [main] DEBUG org.hibernate.SQL:128 - SET FOREIGN_KEY_CHECKS = 0
2023-02-27 09:45:08.729 [main] INFO  scrips.datamigration.common.service.FkChecksEnableDisable:38 - disable FkChecks done
2023-02-27 09:45:08.770 [main] DEBUG org.hibernate.SQL:128 - SELECT @@GLOBAL.foreign_key_checks, @@SESSION.foreign_key_checks
2023-02-27 09:45:08.780 [main] INFO  scrips.datamigration.common.service.FkChecksEnableDisable:52 - foreign_key_checks status - 0
2023-02-27 09:45:08.781 [main] INFO  scrips.datamigration.controller.ScripsFileUploadController:131 - fileUploadCode - CBM_LIABILITIES_BASE_DETAIL_FILE_UPLOAD
2023-02-27 09:45:08.781 [main] INFO  scrips.datamigration.common.service.FileUploadService:82 - getFileHeaderByCode entered
2023-02-27 09:45:08.782 [main] INFO  scrips.datamigration.common.service.FileUploadService:88 - fileUploadHeaderOut - cbm_liabilities_base_detail
2023-02-27 09:45:08.782 [main] INFO  scrips.datamigration.controller.ScripsFileUploadController:136 - Live table name ->cbm_liabilities_base_detail
2023-02-27 09:45:08.784 [main] INFO  scrips.datamigration.common.service.FileUploadService:98 - fieldName  -  member_code
2023-02-27 09:45:08.784 [main] INFO  scrips.datamigration.common.service.FileUploadService:98 - fieldName  -  start_date
2023-02-27 09:45:08.784 [main] INFO  scrips.datamigration.common.service.FileUploadService:98 - fieldName  -  end_date
2023-02-27 09:45:08.785 [main] INFO  scrips.datamigration.common.service.FileUploadService:98 - fieldName  -  ql_lb
2023-02-27 09:45:08.785 [main] INFO  scrips.datamigration.common.service.FileUploadService:104 - fileUploadDetails - [scrips.datamigration.fileupload.JpaFileUploadDetails@712ce4f1, scrips.datamigration.fileupload.JpaFileUploadDetails@3edd135d, scrips.datamigration.fileupload.JpaFileUploadDetails@3770dd80, scrips.datamigration.fileupload.JpaFileUploadDetails@5f6b6f2]
2023-02-27 09:45:08.786 [main] INFO  scrips.datamigration.common.service.FileUploadService:48 - ftp status n
2023-02-27 09:45:08.786 [main] INFO  scrips.datamigration.common.service.FileUploadService:64 - FTP Not Enabled,Reading files from MigrationFiles folder
2023-02-27 09:45:08.789 [main] INFO  scrips.datamigration.controller.ScripsFileUploadController:154 - fileRecords - MASGSGSG|2023-08-28 13:32:21|2022-04-14 12:25:01|12356789123456789.12345
2023-02-27 09:45:08.790 [main] INFO  scrips.datamigration.controller.ScripsFileUploadController:154 - fileRecords - MASGSGSG|2023-08-15 13:32:21|2022-04-14 12:25:01|12345.
2023-02-27 09:45:08.790 [main] INFO  scrips.datamigration.controller.ScripsFileUploadController:154 - fileRecords - MASGSGSG|2024-08-15 13:32:21|2022-04-14 12:25:01|.1234
2023-02-27 09:45:08.790 [main] INFO  scrips.datamigration.controller.ScripsFileUploadController:154 - fileRecords - MASGSGSG|2023-08-25 13:32:21|2022-04-14 12:25:01|.
2023-02-27 09:45:08.790 [main] INFO  scrips.datamigration.controller.ScripsFileUploadController:154 - fileRecords - MASGSGSG|2023-08-28 13:32:21|2022-04-14 12:25:01|-125
2023-02-27 09:45:08.790 [main] INFO  scrips.datamigration.controller.ScripsFileUploadController:154 - fileRecords - MASGSGSG|2023-08-15 13:32:21|2022-04-14 12:25:01|TEST
2023-02-27 09:45:08.790 [main] INFO  scrips.datamigration.controller.ScripsFileUploadController:154 - fileRecords - MASGSGSG|TEST|2022-04-14 12:25:01|1234567891234567890.11
2023-02-27 09:45:08.791 [main] INFO  scrips.datamigration.controller.ScripsFileUploadController:154 - fileRecords - MASGSGSG|2023-08-15 13:32:21|TEST|113.1234556
2023-02-27 09:45:08.791 [main] INFO  scrips.datamigration.controller.ScripsFileUploadController:154 - fileRecords - MASGSGSG|15/08/2023 13:32:21|2022-04-14 12:25:01|250.000
2023-02-27 09:45:08.791 [main] INFO  scrips.datamigration.controller.ScripsFileUploadController:156 - 1:member_code
2023-02-27 09:45:08.792 [main] INFO  scrips.datamigration.controller.ScripsFileUploadController:156 - 2:start_date
2023-02-27 09:45:08.792 [main] INFO  scrips.datamigration.controller.ScripsFileUploadController:156 - 3:end_date
2023-02-27 09:45:08.792 [main] INFO  scrips.datamigration.controller.ScripsFileUploadController:156 - 4:ql_lb
2023-02-27 09:45:08.807 [main] INFO  scrips.datamigration.rtgs.service.CbmLiabilitiesBaseDetailService:94 - Total records in File: {}9
2023-02-27 09:45:08.835 [main] DEBUG org.hibernate.SQL:128 - insert into cbm_liabilities_base_detail_source (end_date, id, member_id, migrated_date, ql_lb, remarks, start_date) values (?, ?, ?, ?, ?, ?, ?)
2023-02-27 09:45:09.354 [main] DEBUG org.hibernate.SQL:128 - select jpamember0_.id as id1_34_, jpamember0_.action as action2_34_, jpamember0_.activation_date as activati3_34_, jpamember0_.approval_remark as approval4_34_, jpamember0_.approved_by as approved5_34_, jpamember0_.approved_date as approved6_34_, jpamember0_.bank_code as bank_cod7_34_, jpamember0_.billing_profile_id as billing_8_34_, jpamember0_.created_date as created_9_34_, jpamember0_.effective_date as effecti10_34_, jpamember0_.exempted_from_billing as exempte11_34_, jpamember0_.exempted_from_system_limit as exempte12_34_, jpamember0_.fi_group as fi_grou13_34_, jpamember0_.lei as lei14_34_, jpamember0_.location as locatio15_34_, jpamember0_.mcb_average as mcb_ave16_34_, jpamember0_.mcb_eod_maximum as mcb_eod17_34_, jpamember0_.mcb_eod_minimum as mcb_eod18_34_, jpamember0_.mcb_id as mcb_id19_34_, jpamember0_.mcb_intraday as mcb_int20_34_, jpamember0_.member_classification as member_21_34_, jpamember0_.member_code as member_22_34_, jpamember0_.member_status as member_23_34_, jpamember0_.member_type as member_24_34_, jpamember0_.modified_by as modifie25_34_, jpamember0_.modified_date as modifie26_34_, jpamember0_.name as name27_34_, jpamember0_.sector_id as sector_28_34_, jpamember0_.short_name as short_n29_34_, jpamember0_.status as status30_34_, jpamember0_.swift_bic as swift_b31_34_, jpamember0_.swift_member as swift_m32_34_, jpamember0_.tax_profile_id as tax_pro33_34_, jpamember0_.uen as uen34_34_, jpamember0_.verified_by as verifie35_34_, jpamember0_.verified_date as verifie36_34_, jpamember0_.workflow_status_id as workflo37_34_ from member jpamember0_ where jpamember0_.member_code=?
2023-02-27 09:45:09.372 [main] DEBUG org.hibernate.SQL:128 - select jpacbmliab0_.id as id1_21_0_, jpacbmliab0_.end_date as end_date2_21_0_, jpacbmliab0_.live_table_id as live_tab3_21_0_, jpacbmliab0_.member_id as member_i4_21_0_, jpacbmliab0_.migrated_date as migrated5_21_0_, jpacbmliab0_.ql_lb as ql_lb6_21_0_, jpacbmliab0_.remarks as remarks7_21_0_, jpacbmliab0_.start_date as start_da8_21_0_ from cbm_liabilities_base_detail_temp jpacbmliab0_ where jpacbmliab0_.id=?
2023-02-27 09:45:09.382 [main] DEBUG org.hibernate.SQL:128 - insert into cbm_liabilities_base_detail_temp (end_date, live_table_id, member_id, migrated_date, ql_lb, remarks, start_date, id) values (?, ?, ?, ?, ?, ?, ?, ?)
2023-02-27 09:45:09.892 [main] DEBUG org.hibernate.SQL:128 - insert into cbm_liabilities_base_detail_source (end_date, id, member_id, migrated_date, ql_lb, remarks, start_date) values (?, ?, ?, ?, ?, ?, ?)
2023-02-27 09:45:10.599 [main] DEBUG org.hibernate.SQL:128 - select jpamember0_.id as id1_34_, jpamember0_.action as action2_34_, jpamember0_.activation_date as activati3_34_, jpamember0_.approval_remark as approval4_34_, jpamember0_.approved_by as approved5_34_, jpamember0_.approved_date as approved6_34_, jpamember0_.bank_code as bank_cod7_34_, jpamember0_.billing_profile_id as billing_8_34_, jpamember0_.created_date as created_9_34_, jpamember0_.effective_date as effecti10_34_, jpamember0_.exempted_from_billing as exempte11_34_, jpamember0_.exempted_from_system_limit as exempte12_34_, jpamember0_.fi_group as fi_grou13_34_, jpamember0_.lei as lei14_34_, jpamember0_.location as locatio15_34_, jpamember0_.mcb_average as mcb_ave16_34_, jpamember0_.mcb_eod_maximum as mcb_eod17_34_, jpamember0_.mcb_eod_minimum as mcb_eod18_34_, jpamember0_.mcb_id as mcb_id19_34_, jpamember0_.mcb_intraday as mcb_int20_34_, jpamember0_.member_classification as member_21_34_, jpamember0_.member_code as member_22_34_, jpamember0_.member_status as member_23_34_, jpamember0_.member_type as member_24_34_, jpamember0_.modified_by as modifie25_34_, jpamember0_.modified_date as modifie26_34_, jpamember0_.name as name27_34_, jpamember0_.sector_id as sector_28_34_, jpamember0_.short_name as short_n29_34_, jpamember0_.status as status30_34_, jpamember0_.swift_bic as swift_b31_34_, jpamember0_.swift_member as swift_m32_34_, jpamember0_.tax_profile_id as tax_pro33_34_, jpamember0_.uen as uen34_34_, jpamember0_.verified_by as verifie35_34_, jpamember0_.verified_date as verifie36_34_, jpamember0_.workflow_status_id as workflo37_34_ from member jpamember0_ where jpamember0_.member_code=?
2023-02-27 09:45:10.610 [main] DEBUG org.hibernate.SQL:128 - select jpacbmliab0_.id as id1_21_0_, jpacbmliab0_.end_date as end_date2_21_0_, jpacbmliab0_.live_table_id as live_tab3_21_0_, jpacbmliab0_.member_id as member_i4_21_0_, jpacbmliab0_.migrated_date as migrated5_21_0_, jpacbmliab0_.ql_lb as ql_lb6_21_0_, jpacbmliab0_.remarks as remarks7_21_0_, jpacbmliab0_.start_date as start_da8_21_0_ from cbm_liabilities_base_detail_temp jpacbmliab0_ where jpacbmliab0_.id=?
2023-02-27 09:45:10.614 [main] DEBUG org.hibernate.SQL:128 - insert into cbm_liabilities_base_detail_temp (end_date, live_table_id, member_id, migrated_date, ql_lb, remarks, start_date, id) values (?, ?, ?, ?, ?, ?, ?, ?)
2023-02-27 09:45:10.909 [main] DEBUG org.hibernate.SQL:128 - insert into cbm_liabilities_base_detail_source (end_date, id, member_id, migrated_date, ql_lb, remarks, start_date) values (?, ?, ?, ?, ?, ?, ?)
2023-02-27 09:45:11.353 [main] DEBUG org.hibernate.SQL:128 - select jpamember0_.id as id1_34_, jpamember0_.action as action2_34_, jpamember0_.activation_date as activati3_34_, jpamember0_.approval_remark as approval4_34_, jpamember0_.approved_by as approved5_34_, jpamember0_.approved_date as approved6_34_, jpamember0_.bank_code as bank_cod7_34_, jpamember0_.billing_profile_id as billing_8_34_, jpamember0_.created_date as created_9_34_, jpamember0_.effective_date as effecti10_34_, jpamember0_.exempted_from_billing as exempte11_34_, jpamember0_.exempted_from_system_limit as exempte12_34_, jpamember0_.fi_group as fi_grou13_34_, jpamember0_.lei as lei14_34_, jpamember0_.location as locatio15_34_, jpamember0_.mcb_average as mcb_ave16_34_, jpamember0_.mcb_eod_maximum as mcb_eod17_34_, jpamember0_.mcb_eod_minimum as mcb_eod18_34_, jpamember0_.mcb_id as mcb_id19_34_, jpamember0_.mcb_intraday as mcb_int20_34_, jpamember0_.member_classification as member_21_34_, jpamember0_.member_code as member_22_34_, jpamember0_.member_status as member_23_34_, jpamember0_.member_type as member_24_34_, jpamember0_.modified_by as modifie25_34_, jpamember0_.modified_date as modifie26_34_, jpamember0_.name as name27_34_, jpamember0_.sector_id as sector_28_34_, jpamember0_.short_name as short_n29_34_, jpamember0_.status as status30_34_, jpamember0_.swift_bic as swift_b31_34_, jpamember0_.swift_member as swift_m32_34_, jpamember0_.tax_profile_id as tax_pro33_34_, jpamember0_.uen as uen34_34_, jpamember0_.verified_by as verifie35_34_, jpamember0_.verified_date as verifie36_34_, jpamember0_.workflow_status_id as workflo37_34_ from member jpamember0_ where jpamember0_.member_code=?
2023-02-27 09:45:11.359 [main] DEBUG org.hibernate.SQL:128 - select jpacbmliab0_.id as id1_21_0_, jpacbmliab0_.end_date as end_date2_21_0_, jpacbmliab0_.live_table_id as live_tab3_21_0_, jpacbmliab0_.member_id as member_i4_21_0_, jpacbmliab0_.migrated_date as migrated5_21_0_, jpacbmliab0_.ql_lb as ql_lb6_21_0_, jpacbmliab0_.remarks as remarks7_21_0_, jpacbmliab0_.start_date as start_da8_21_0_ from cbm_liabilities_base_detail_temp jpacbmliab0_ where jpacbmliab0_.id=?
2023-02-27 09:45:11.360 [main] DEBUG org.hibernate.SQL:128 - insert into cbm_liabilities_base_detail_temp (end_date, live_table_id, member_id, migrated_date, ql_lb, remarks, start_date, id) values (?, ?, ?, ?, ?, ?, ?, ?)
2023-02-27 09:45:11.742 [main] DEBUG org.hibernate.SQL:128 - insert into cbm_liabilities_base_detail_source (end_date, id, member_id, migrated_date, ql_lb, remarks, start_date) values (?, ?, ?, ?, ?, ?, ?)
2023-02-27 09:45:12.087 [main] DEBUG org.hibernate.SQL:128 - insert into cbm_liabilities_base_detail_source (end_date, id, member_id, migrated_date, ql_lb, remarks, start_date) values (?, ?, ?, ?, ?, ?, ?)
2023-02-27 09:45:12.300 [main] DEBUG org.hibernate.SQL:128 - insert into cbm_liabilities_base_detail_source (end_date, id, member_id, migrated_date, ql_lb, remarks, start_date) values (?, ?, ?, ?, ?, ?, ?)
2023-02-27 09:45:12.587 [main] DEBUG org.hibernate.SQL:128 - insert into cbm_liabilities_base_detail_source (end_date, id, member_id, migrated_date, ql_lb, remarks, start_date) values (?, ?, ?, ?, ?, ?, ?)
2023-02-27 09:45:13.035 [main] DEBUG org.hibernate.SQL:128 - insert into cbm_liabilities_base_detail_source (end_date, id, member_id, migrated_date, ql_lb, remarks, start_date) values (?, ?, ?, ?, ?, ?, ?)
2023-02-27 09:45:13.296 [main] DEBUG org.hibernate.SQL:128 - insert into cbm_liabilities_base_detail_source (end_date, id, member_id, migrated_date, ql_lb, remarks, start_date) values (?, ?, ?, ?, ?, ?, ?)
2023-02-27 09:45:13.709 [main] DEBUG org.hibernate.SQL:128 - insert into cbm_liabilities_base_detail (end_date, member_id, ql_lb, start_date) values (?, ?, ?, ?)
2023-02-27 09:45:13.921 [main] DEBUG org.hibernate.SQL:128 - select jpacbmliab0_.id as id1_21_0_, jpacbmliab0_.end_date as end_date2_21_0_, jpacbmliab0_.live_table_id as live_tab3_21_0_, jpacbmliab0_.member_id as member_i4_21_0_, jpacbmliab0_.migrated_date as migrated5_21_0_, jpacbmliab0_.ql_lb as ql_lb6_21_0_, jpacbmliab0_.remarks as remarks7_21_0_, jpacbmliab0_.start_date as start_da8_21_0_ from cbm_liabilities_base_detail_temp jpacbmliab0_ where jpacbmliab0_.id=?
2023-02-27 09:45:13.932 [main] DEBUG org.hibernate.SQL:128 - update cbm_liabilities_base_detail_temp set end_date=?, live_table_id=?, member_id=?, migrated_date=?, ql_lb=?, remarks=?, start_date=? where id=?
2023-02-27 09:45:14.205 [main] DEBUG org.hibernate.SQL:128 - insert into cbm_liabilities_base_detail (end_date, member_id, ql_lb, start_date) values (?, ?, ?, ?)
2023-02-27 09:45:14.507 [main] DEBUG org.hibernate.SQL:128 - select jpacbmliab0_.id as id1_21_0_, jpacbmliab0_.end_date as end_date2_21_0_, jpacbmliab0_.live_table_id as live_tab3_21_0_, jpacbmliab0_.member_id as member_i4_21_0_, jpacbmliab0_.migrated_date as migrated5_21_0_, jpacbmliab0_.ql_lb as ql_lb6_21_0_, jpacbmliab0_.remarks as remarks7_21_0_, jpacbmliab0_.start_date as start_da8_21_0_ from cbm_liabilities_base_detail_temp jpacbmliab0_ where jpacbmliab0_.id=?
2023-02-27 09:45:14.514 [main] DEBUG org.hibernate.SQL:128 - update cbm_liabilities_base_detail_temp set end_date=?, live_table_id=?, member_id=?, migrated_date=?, ql_lb=?, remarks=?, start_date=? where id=?
2023-02-27 09:45:14.728 [main] DEBUG org.hibernate.SQL:128 - insert into cbm_liabilities_base_detail (end_date, member_id, ql_lb, start_date) values (?, ?, ?, ?)
2023-02-27 09:45:15.082 [main] DEBUG org.hibernate.SQL:128 - select jpacbmliab0_.id as id1_21_0_, jpacbmliab0_.end_date as end_date2_21_0_, jpacbmliab0_.live_table_id as live_tab3_21_0_, jpacbmliab0_.member_id as member_i4_21_0_, jpacbmliab0_.migrated_date as migrated5_21_0_, jpacbmliab0_.ql_lb as ql_lb6_21_0_, jpacbmliab0_.remarks as remarks7_21_0_, jpacbmliab0_.start_date as start_da8_21_0_ from cbm_liabilities_base_detail_temp jpacbmliab0_ where jpacbmliab0_.id=?
2023-02-27 09:45:15.090 [main] DEBUG org.hibernate.SQL:128 - update cbm_liabilities_base_detail_temp set end_date=?, live_table_id=?, member_id=?, migrated_date=?, ql_lb=?, remarks=?, start_date=? where id=?
2023-02-27 09:45:15.370 [main] INFO  scrips.datamigration.common.service.FkChecksEnableDisable:23 - enable FkChecks called
2023-02-27 09:45:15.372 [main] DEBUG org.hibernate.SQL:128 - SET FOREIGN_KEY_CHECKS = 1
2023-02-27 09:45:15.374 [main] INFO  scrips.datamigration.common.service.FkChecksEnableDisable:25 - enable FkChecks done
2023-02-27 09:45:15.377 [main] DEBUG org.hibernate.SQL:128 - SELECT @@GLOBAL.foreign_key_checks, @@SESSION.foreign_key_checks
2023-02-27 09:45:15.380 [main] INFO  scrips.datamigration.common.service.FkChecksEnableDisable:52 - foreign_key_checks status - 1
2023-02-27 09:45:15.381 [main] INFO  scrips.datamigration.App:77 - Process completed in (Hours:Minutes:Seconds) 0:0:14
2023-02-27 09:45:15.404 [SpringContextShutdownHook] INFO  org.springframework.orm.jpa.LocalContainerEntityManagerFactoryBean:598 - Closing JPA EntityManagerFactory for persistence unit 'data'
2023-02-27 09:45:15.406 [SpringContextShutdownHook] INFO  com.zaxxer.hikari.HikariDataSource:350 - HikariPool-1 - Shutdown initiated...
2023-02-27 09:45:15.424 [SpringContextShutdownHook] INFO  com.zaxxer.hikari.HikariDataSource:352 - HikariPool-1 - Shutdown completed.
