2023-02-06 15:34:10.009 [main] INFO  scrips.datamigration.App:55 - Starting App on WSIN181 with PID 12424 (D:\DataMigration\DATA_MIGRATION_RTGS\DataMigrationAndExtract\DataMigration\target\classes started by SheikKhadeer in D:\DataMigration\DATA_MIGRATION_RTGS\DataMigrationAndExtract\DataMigration)
2023-02-06 15:34:10.015 [main] INFO  scrips.datamigration.App:651 - No active profile set, falling back to default profiles: app
2023-02-06 15:34:11.035 [main] INFO  org.springframework.data.repository.config.RepositoryConfigurationDelegate:127 - Bootstrapping Spring Data JPA repositories in DEFAULT mode.
2023-02-06 15:34:11.545 [main] INFO  org.springframework.data.repository.config.RepositoryConfigurationDelegate:187 - Finished Spring Data repository scanning in 496ms. Found 60 JPA repository interfaces.
2023-02-06 15:34:11.830 [main] INFO  com.ulisesbocchio.jasyptspringboot.configuration.EnableEncryptablePropertiesBeanFactoryPostProcessor:39 - Post-processing PropertySource instances
2023-02-06 15:34:11.853 [main] INFO  com.ulisesbocchio.jasyptspringboot.EncryptablePropertySourceConverter:56 - Converting PropertySource configurationProperties [org.springframework.boot.context.properties.source.ConfigurationPropertySourcesPropertySource] to AOP Proxy
2023-02-06 15:34:11.853 [main] INFO  com.ulisesbocchio.jasyptspringboot.EncryptablePropertySourceConverter:56 - Converting PropertySource commandLineArgs [org.springframework.core.env.SimpleCommandLinePropertySource] to EncryptableEnumerablePropertySourceWrapper
2023-02-06 15:34:11.854 [main] INFO  com.ulisesbocchio.jasyptspringboot.EncryptablePropertySourceConverter:56 - Converting PropertySource systemProperties [org.springframework.core.env.PropertiesPropertySource] to EncryptableMapPropertySourceWrapper
2023-02-06 15:34:11.854 [main] INFO  com.ulisesbocchio.jasyptspringboot.EncryptablePropertySourceConverter:56 - Converting PropertySource systemEnvironment [org.springframework.boot.env.SystemEnvironmentPropertySourceEnvironmentPostProcessor$OriginAwareSystemEnvironmentPropertySource] to EncryptableSystemEnvironmentPropertySourceWrapper
2023-02-06 15:34:11.854 [main] INFO  com.ulisesbocchio.jasyptspringboot.EncryptablePropertySourceConverter:56 - Converting PropertySource random [org.springframework.boot.env.RandomValuePropertySource] to EncryptablePropertySourceWrapper
2023-02-06 15:34:11.855 [main] INFO  com.ulisesbocchio.jasyptspringboot.EncryptablePropertySourceConverter:56 - Converting PropertySource applicationConfig: [file:./config/application.properties] [org.springframework.boot.env.OriginTrackedMapPropertySource] to EncryptableMapPropertySourceWrapper
2023-02-06 15:34:11.855 [main] INFO  com.ulisesbocchio.jasyptspringboot.EncryptablePropertySourceConverter:56 - Converting PropertySource applicationConfig: [classpath:/application.properties] [org.springframework.boot.env.OriginTrackedMapPropertySource] to EncryptableMapPropertySourceWrapper
2023-02-06 15:34:11.855 [main] INFO  com.ulisesbocchio.jasyptspringboot.EncryptablePropertySourceConverter:56 - Converting PropertySource DataMigrationProperties [org.springframework.core.env.MapPropertySource] to EncryptableMapPropertySourceWrapper
2023-02-06 15:34:11.945 [main] INFO  com.ulisesbocchio.jasyptspringboot.filter.DefaultLazyPropertyFilter:31 - Property Filter custom Bean not found with name 'encryptablePropertyFilter'. Initializing Default Property Filter
2023-02-06 15:34:12.025 [main] INFO  com.ulisesbocchio.jasyptspringboot.resolver.DefaultLazyPropertyResolver:35 - Property Resolver custom Bean not found with name 'encryptablePropertyResolver'. Initializing Default Property Resolver
2023-02-06 15:34:12.028 [main] INFO  com.ulisesbocchio.jasyptspringboot.detector.DefaultLazyPropertyDetector:35 - Property Detector custom Bean not found with name 'encryptablePropertyDetector'. Initializing Default Property Detector
2023-02-06 15:34:12.035 [main] INFO  com.ulisesbocchio.jasyptspringboot.encryptor.DefaultLazyEncryptor:37 - String Encryptor custom Bean not found with name 'jasyptStringEncryptor'. Initializing Default String Encryptor
2023-02-06 15:34:12.068 [main] INFO  com.ulisesbocchio.jasyptspringboot.configuration.StringEncryptorBuilder:81 - Encryptor config not found for property jasypt.encryptor.key-obtention-iterations, using default value: 1000
2023-02-06 15:34:12.068 [main] INFO  com.ulisesbocchio.jasyptspringboot.configuration.StringEncryptorBuilder:81 - Encryptor config not found for property jasypt.encryptor.pool-size, using default value: 1
2023-02-06 15:34:12.069 [main] INFO  com.ulisesbocchio.jasyptspringboot.configuration.StringEncryptorBuilder:81 - Encryptor config not found for property jasypt.encryptor.provider-name, using default value: null
2023-02-06 15:34:12.070 [main] INFO  com.ulisesbocchio.jasyptspringboot.configuration.StringEncryptorBuilder:81 - Encryptor config not found for property jasypt.encryptor.provider-class-name, using default value: null
2023-02-06 15:34:12.070 [main] INFO  com.ulisesbocchio.jasyptspringboot.configuration.StringEncryptorBuilder:81 - Encryptor config not found for property jasypt.encryptor.salt-generator-classname, using default value: org.jasypt.salt.RandomSaltGenerator
2023-02-06 15:34:12.072 [main] INFO  com.ulisesbocchio.jasyptspringboot.configuration.StringEncryptorBuilder:81 - Encryptor config not found for property jasypt.encryptor.string-output-type, using default value: base64
2023-02-06 15:34:12.246 [main] INFO  org.hibernate.jpa.internal.util.LogHelper:31 - HHH000204: Processing PersistenceUnitInfo [name: data]
2023-02-06 15:34:12.304 [main] INFO  org.hibernate.Version:44 - HHH000412: Hibernate ORM core version 5.4.15.Final
2023-02-06 15:34:12.441 [main] INFO  org.hibernate.annotations.common.Version:49 - HCANN000001: Hibernate Commons Annotations {5.1.0.Final}
2023-02-06 15:34:12.906 [main] INFO  com.zaxxer.hikari.HikariDataSource:110 - HikariPool-1 - Starting...
2023-02-06 15:34:13.075 [main] INFO  com.zaxxer.hikari.HikariDataSource:123 - HikariPool-1 - Start completed.
2023-02-06 15:34:13.117 [main] INFO  org.hibernate.dialect.Dialect:172 - HHH000400: Using dialect: org.hibernate.dialect.MySQL8Dialect
2023-02-06 15:34:13.209 [main] INFO  org.hibernate.envers.boot.internal.EnversServiceImpl:90 - Envers integration enabled? : true
2023-02-06 15:34:15.159 [main] INFO  org.hibernate.engine.transaction.jta.platform.internal.JtaPlatformInitiator:52 - HHH000490: Using JtaPlatform implementation: [org.hibernate.engine.transaction.jta.platform.internal.NoJtaPlatform]
2023-02-06 15:34:15.168 [main] INFO  org.springframework.orm.jpa.LocalContainerEntityManagerFactoryBean:416 - Initialized JPA EntityManagerFactory for persistence unit 'data'
2023-02-06 15:34:17.163 [main] INFO  scrips.datamigration.App:61 - Started App in 7.726 seconds (JVM running for 9.189)
2023-02-06 15:34:17.171 [main] INFO  scrips.datamigration.controller.ReportController:44 -   - SSS_SECURITIES_CODE_STATISTICS_DETAIL_REPORT
2023-02-06 15:34:17.171 [main] INFO  scrips.datamigration.common.service.GenerateReportService:88 - process started for :SSS_SECURITIES_CODE_STATISTICS_DETAIL_REPORT
2023-02-06 15:34:17.200 [main] DEBUG org.hibernate.SQL:128 - select case when jpassssecu2_.securities_code is null then '' else jpassssecu2_.securities_code end as col_0_0_, case when jpassssecu1_.securities_code is null then '' else jpassssecu1_.securities_code end as col_1_0_, case when jpassssecu0_.securities_code is null then '' else jpassssecu0_.securities_code end as col_2_0_, case when jpassssecu2_.total_redeemed_amount is null then '' else jpassssecu2_.total_redeemed_amount end as col_3_0_, case when jpassssecu1_.total_redeemed_amount is null then '' else jpassssecu1_.total_redeemed_amount end as col_4_0_, case when jpassssecu0_.total_redeemed_amount is null then '' else jpassssecu0_.total_redeemed_amount end as col_5_0_, case when jpassssecu2_.total_nominal_amount_issued_for_erf is null then '' else jpassssecu2_.total_nominal_amount_issued_for_erf end as col_6_0_, case when jpassssecu1_.total_nominal_amount_issued_for_erf is null then '' else jpassssecu1_.total_nominal_amount_issued_for_erf end as col_7_0_, case when jpassssecu0_.total_nominal_amount_issued_for_erf is null then '' else jpassssecu0_.total_nominal_amount_issued_for_erf end as col_8_0_, case when jpassssecu2_.total_redeemed_amount_for_erf is null then '' else jpassssecu2_.total_redeemed_amount_for_erf end as col_9_0_, case when jpassssecu1_.total_redeemed_amount_for_erf is null then '' else jpassssecu1_.total_redeemed_amount_for_erf end as col_10_0_, case when jpassssecu0_.total_redeemed_amount_for_erf is null then '' else jpassssecu0_.total_redeemed_amount_for_erf end as col_11_0_, case when jpassssecu2_.outstanding_nominal_amount is null then '' else jpassssecu2_.outstanding_nominal_amount end as col_12_0_, case when jpassssecu1_.outstanding_nominal_amount is null then '' else jpassssecu1_.outstanding_nominal_amount end as col_13_0_, case when jpassssecu0_.outstanding_nominal_amount is null then '' else jpassssecu0_.outstanding_nominal_amount end as col_14_0_, case when jpassssecu2_.next_coupon_date is null then '' else jpassssecu2_.next_coupon_date end as col_15_0_, case when jpassssecu1_.next_coupon_date is null then '' else jpassssecu1_.next_coupon_date end as col_16_0_, case when jpassssecu0_.next_coupon_date is null then '' else jpassssecu0_.next_coupon_date end as col_17_0_, case when jpassssecu2_.last_coupon_date is null then '' else jpassssecu2_.last_coupon_date end as col_18_0_, case when jpassssecu1_.last_coupon_date is null then '' else jpassssecu1_.last_coupon_date end as col_19_0_, case when jpassssecu0_.last_coupon_date is null then '' else jpassssecu0_.last_coupon_date end as col_20_0_, case when jpassssecu2_.next_index_end_date is null then '' else jpassssecu2_.next_index_end_date end as col_21_0_, case when jpassssecu1_.next_index_end_date is null then '' else jpassssecu1_.next_index_end_date end as col_22_0_, case when jpassssecu0_.next_index_end_date is null then '' else jpassssecu0_.next_index_end_date end as col_23_0_, case when jpassssecu2_.amount_allotted_to_central_bank is null then '' else jpassssecu2_.amount_allotted_to_central_bank end as col_24_0_, case when jpassssecu1_.amount_allotted_to_central_bank is null then '' else jpassssecu1_.amount_allotted_to_central_bank end as col_25_0_, case when jpassssecu0_.amount_allotted_to_central_bank is null then '' else jpassssecu0_.amount_allotted_to_central_bank end as col_26_0_, case when jpassssecu2_.amount_allotted_to_others is null then '' else jpassssecu2_.amount_allotted_to_others end as col_27_0_, case when jpassssecu1_.amount_allotted_to_others is null then '' else jpassssecu1_.amount_allotted_to_others end as col_28_0_, case when jpassssecu0_.amount_allotted_to_others is null then '' else jpassssecu0_.amount_allotted_to_others end as col_29_0_, case when jpassssecu0_.remarks is null then case when jpassssecu1_.remarks is null then '' else jpassssecu1_.remarks end else jpassssecu0_.remarks end as col_30_0_ from securities_code_statistics_source jpassssecu0_ left outer join securities_code_statistics_temp jpassssecu1_ on (jpassssecu0_.id=jpassssecu1_.id) left outer join securities_code_statistics jpassssecu2_ on (jpassssecu2_.securities_code=jpassssecu0_.securities_code and (jpassssecu1_.remarks is null)) order by jpassssecu0_.seq asc
2023-02-06 15:34:17.425 [main] DEBUG org.hibernate.SQL:128 - select count(*) as col_0_0_ from securities_code_statistics_temp jpassssecu0_ inner join securities_code_statistics jpassssecu1_ on (jpassssecu1_.securities_code=jpassssecu0_.securities_code and (jpassssecu0_.remarks is null))
2023-02-06 15:34:17.432 [main] INFO  scrips.datamigration.common.service.GenerateReportService:185 - Path -> D:/DataMigration/DATA_MIGRATION_RTGS/DataMigrationAndExtract/DataMigration/reports/
2023-02-06 15:34:19.107 [main] WARN  net.sf.jasperreports.engine.export.PdfGlyphRenderer:68 - Unpatched iText found, cannot use glyph rendering
2023-02-06 15:34:19.382 [main] INFO  scrips.datamigration.App:77 - Process completed in (Hours:Minutes:Seconds) 0:0:10
2023-02-06 15:34:19.401 [SpringContextShutdownHook] INFO  org.springframework.orm.jpa.LocalContainerEntityManagerFactoryBean:598 - Closing JPA EntityManagerFactory for persistence unit 'data'
2023-02-06 15:34:19.404 [SpringContextShutdownHook] INFO  com.zaxxer.hikari.HikariDataSource:350 - HikariPool-1 - Shutdown initiated...
2023-02-06 15:34:19.419 [SpringContextShutdownHook] INFO  com.zaxxer.hikari.HikariDataSource:352 - HikariPool-1 - Shutdown completed.
