2023-02-13 17:27:24.686 [main] INFO  scrips.datamigration.App:55 - Starting App on WSIN181 with PID 13260 (D:\DataMigration\DATA_MIGRATION_RTGS\DataMigrationAndExtract\DataMigration\target\classes started by SheikKhadeer in D:\DataMigration\DATA_MIGRATION_RTGS\DataMigrationAndExtract\DataMigration)
2023-02-13 17:27:24.691 [main] INFO  scrips.datamigration.App:651 - No active profile set, falling back to default profiles: app
2023-02-13 17:27:25.406 [main] INFO  org.springframework.data.repository.config.RepositoryConfigurationDelegate:127 - Bootstrapping Spring Data JPA repositories in DEFAULT mode.
2023-02-13 17:27:25.817 [main] INFO  org.springframework.data.repository.config.RepositoryConfigurationDelegate:187 - Finished Spring Data repository scanning in 401ms. Found 62 JPA repository interfaces.
2023-02-13 17:27:26.123 [main] INFO  com.ulisesbocchio.jasyptspringboot.configuration.EnableEncryptablePropertiesBeanFactoryPostProcessor:39 - Post-processing PropertySource instances
2023-02-13 17:27:26.146 [main] INFO  com.ulisesbocchio.jasyptspringboot.EncryptablePropertySourceConverter:56 - Converting PropertySource configurationProperties [org.springframework.boot.context.properties.source.ConfigurationPropertySourcesPropertySource] to AOP Proxy
2023-02-13 17:27:26.147 [main] INFO  com.ulisesbocchio.jasyptspringboot.EncryptablePropertySourceConverter:56 - Converting PropertySource commandLineArgs [org.springframework.core.env.SimpleCommandLinePropertySource] to EncryptableEnumerablePropertySourceWrapper
2023-02-13 17:27:26.147 [main] INFO  com.ulisesbocchio.jasyptspringboot.EncryptablePropertySourceConverter:56 - Converting PropertySource systemProperties [org.springframework.core.env.PropertiesPropertySource] to EncryptableMapPropertySourceWrapper
2023-02-13 17:27:26.147 [main] INFO  com.ulisesbocchio.jasyptspringboot.EncryptablePropertySourceConverter:56 - Converting PropertySource systemEnvironment [org.springframework.boot.env.SystemEnvironmentPropertySourceEnvironmentPostProcessor$OriginAwareSystemEnvironmentPropertySource] to EncryptableSystemEnvironmentPropertySourceWrapper
2023-02-13 17:27:26.148 [main] INFO  com.ulisesbocchio.jasyptspringboot.EncryptablePropertySourceConverter:56 - Converting PropertySource random [org.springframework.boot.env.RandomValuePropertySource] to EncryptablePropertySourceWrapper
2023-02-13 17:27:26.148 [main] INFO  com.ulisesbocchio.jasyptspringboot.EncryptablePropertySourceConverter:56 - Converting PropertySource applicationConfig: [file:./config/application.properties] [org.springframework.boot.env.OriginTrackedMapPropertySource] to EncryptableMapPropertySourceWrapper
2023-02-13 17:27:26.149 [main] INFO  com.ulisesbocchio.jasyptspringboot.EncryptablePropertySourceConverter:56 - Converting PropertySource applicationConfig: [classpath:/application.properties] [org.springframework.boot.env.OriginTrackedMapPropertySource] to EncryptableMapPropertySourceWrapper
2023-02-13 17:27:26.149 [main] INFO  com.ulisesbocchio.jasyptspringboot.EncryptablePropertySourceConverter:56 - Converting PropertySource DataMigrationProperties [org.springframework.core.env.MapPropertySource] to EncryptableMapPropertySourceWrapper
2023-02-13 17:27:26.234 [main] INFO  com.ulisesbocchio.jasyptspringboot.filter.DefaultLazyPropertyFilter:31 - Property Filter custom Bean not found with name 'encryptablePropertyFilter'. Initializing Default Property Filter
2023-02-13 17:27:26.322 [main] INFO  com.ulisesbocchio.jasyptspringboot.resolver.DefaultLazyPropertyResolver:35 - Property Resolver custom Bean not found with name 'encryptablePropertyResolver'. Initializing Default Property Resolver
2023-02-13 17:27:26.327 [main] INFO  com.ulisesbocchio.jasyptspringboot.detector.DefaultLazyPropertyDetector:35 - Property Detector custom Bean not found with name 'encryptablePropertyDetector'. Initializing Default Property Detector
2023-02-13 17:27:26.365 [main] INFO  com.ulisesbocchio.jasyptspringboot.encryptor.DefaultLazyEncryptor:37 - String Encryptor custom Bean not found with name 'jasyptStringEncryptor'. Initializing Default String Encryptor
2023-02-13 17:27:26.416 [main] INFO  com.ulisesbocchio.jasyptspringboot.configuration.StringEncryptorBuilder:81 - Encryptor config not found for property jasypt.encryptor.key-obtention-iterations, using default value: 1000
2023-02-13 17:27:26.417 [main] INFO  com.ulisesbocchio.jasyptspringboot.configuration.StringEncryptorBuilder:81 - Encryptor config not found for property jasypt.encryptor.pool-size, using default value: 1
2023-02-13 17:27:26.418 [main] INFO  com.ulisesbocchio.jasyptspringboot.configuration.StringEncryptorBuilder:81 - Encryptor config not found for property jasypt.encryptor.provider-name, using default value: null
2023-02-13 17:27:26.419 [main] INFO  com.ulisesbocchio.jasyptspringboot.configuration.StringEncryptorBuilder:81 - Encryptor config not found for property jasypt.encryptor.provider-class-name, using default value: null
2023-02-13 17:27:26.426 [main] INFO  com.ulisesbocchio.jasyptspringboot.configuration.StringEncryptorBuilder:81 - Encryptor config not found for property jasypt.encryptor.salt-generator-classname, using default value: org.jasypt.salt.RandomSaltGenerator
2023-02-13 17:27:26.429 [main] INFO  com.ulisesbocchio.jasyptspringboot.configuration.StringEncryptorBuilder:81 - Encryptor config not found for property jasypt.encryptor.string-output-type, using default value: base64
2023-02-13 17:27:26.704 [main] INFO  org.hibernate.jpa.internal.util.LogHelper:31 - HHH000204: Processing PersistenceUnitInfo [name: data]
2023-02-13 17:27:26.795 [main] INFO  org.hibernate.Version:44 - HHH000412: Hibernate ORM core version 5.4.15.Final
2023-02-13 17:27:26.977 [main] INFO  org.hibernate.annotations.common.Version:49 - HCANN000001: Hibernate Commons Annotations {5.1.0.Final}
2023-02-13 17:27:27.498 [main] INFO  com.zaxxer.hikari.HikariDataSource:110 - HikariPool-1 - Starting...
2023-02-13 17:27:27.799 [main] INFO  com.zaxxer.hikari.HikariDataSource:123 - HikariPool-1 - Start completed.
2023-02-13 17:27:27.839 [main] INFO  org.hibernate.dialect.Dialect:172 - HHH000400: Using dialect: org.hibernate.dialect.MySQL8Dialect
2023-02-13 17:27:27.945 [main] INFO  org.hibernate.envers.boot.internal.EnversServiceImpl:90 - Envers integration enabled? : true
2023-02-13 17:27:29.815 [main] INFO  org.hibernate.engine.transaction.jta.platform.internal.JtaPlatformInitiator:52 - HHH000490: Using JtaPlatform implementation: [org.hibernate.engine.transaction.jta.platform.internal.NoJtaPlatform]
2023-02-13 17:27:29.823 [main] INFO  org.springframework.orm.jpa.LocalContainerEntityManagerFactoryBean:416 - Initialized JPA EntityManagerFactory for persistence unit 'data'
2023-02-13 17:27:31.908 [main] INFO  scrips.datamigration.App:61 - Started App in 7.85 seconds (JVM running for 9.359)
2023-02-13 17:27:31.915 [main] INFO  scrips.datamigration.controller.ReportController:44 - 2023-02-07 - CBM_GL_ACCOUNT_DETAIL_REPORT
2023-02-13 17:27:31.916 [main] INFO  scrips.datamigration.common.service.GenerateReportService:109 - process started for :CBM_GL_ACCOUNT_DETAIL_REPORT
2023-02-13 17:27:31.948 [main] DEBUG org.hibernate.SQL:128 - select case when jpacbmglac2_.gl_account is null then '' else jpacbmglac2_.gl_account end as col_0_0_, case when jpacbmglac1_.gl_account is null then '' else jpacbmglac1_.gl_account end as col_1_0_, case when jpacbmglac0_.gl_account is null then '' else jpacbmglac0_.gl_account end as col_2_0_, case when jpacbmglac2_.gl_account_indicator is null then '' else jpacbmglac2_.gl_account_indicator end as col_3_0_, case when jpacbmglac1_.gl_account_indicator is null then '' else jpacbmglac1_.gl_account_indicator end as col_4_0_, case when jpacbmglac0_.gl_account_indicator is null then '' else jpacbmglac0_.gl_account_indicator end as col_5_0_, case when jpacbmglac2_.gl_account_description is null then '' else jpacbmglac2_.gl_account_description end as col_6_0_, case when jpacbmglac1_.gl_account_description is null then '' else jpacbmglac1_.gl_account_description end as col_7_0_, case when jpacbmglac0_.gl_account_description is null then '' else jpacbmglac0_.gl_account_description end as col_8_0_, case when jpacbmglac2_.created_date is null then '' else jpacbmglac2_.created_date end as col_9_0_, case when jpacbmglac1_.created_date is null then '' else jpacbmglac1_.created_date end as col_10_0_, case when jpacbmglac0_.created_date is null then '' else jpacbmglac0_.created_date end as col_11_0_, case when jpacbmglac2_.modified_date is null then '' else jpacbmglac2_.modified_date end as col_12_0_, case when jpacbmglac1_.modified_date is null then '' else jpacbmglac1_.modified_date end as col_13_0_, case when jpacbmglac0_.modified_date is null then '' else jpacbmglac0_.modified_date end as col_14_0_, case when jpacbmglac0_.remarks is null then case when jpacbmglac1_.remarks is null then '' else jpacbmglac1_.remarks end else jpacbmglac0_.remarks end as col_15_0_ from cbm_gl_account_source jpacbmglac0_ left outer join cbm_gl_account_temp jpacbmglac1_ on (jpacbmglac0_.id=jpacbmglac1_.id) left outer join cbm_gl_account jpacbmglac2_ on (jpacbmglac0_.gl_account=jpacbmglac2_.gl_account and (jpacbmglac1_.remarks is null)) where ? is null or date(jpacbmglac0_.migrated_date)=? order by jpacbmglac0_.seq asc
2023-02-13 17:27:31.973 [main] DEBUG org.hibernate.SQL:128 - select count(*) as col_0_0_ from cbm_gl_account_temp jpacbmglac0_ inner join cbm_gl_account jpacbmglac1_ on (jpacbmglac1_.gl_account=jpacbmglac0_.gl_account and (jpacbmglac0_.remarks is null)) where ? is null or date(jpacbmglac1_.created_date)=?
2023-02-13 17:27:31.976 [main] INFO  scrips.datamigration.common.service.GenerateReportService:250 - Path -> D:/DataMigration/DATA_MIGRATION_RTGS/DataMigrationAndExtract/DataMigration/reports/
2023-02-13 17:27:33.296 [main] WARN  net.sf.jasperreports.engine.export.PdfGlyphRenderer:68 - Unpatched iText found, cannot use glyph rendering
2023-02-13 17:27:33.453 [main] INFO  scrips.datamigration.App:77 - Process completed in (Hours:Minutes:Seconds) 0:0:9
2023-02-13 17:27:33.468 [SpringContextShutdownHook] INFO  org.springframework.orm.jpa.LocalContainerEntityManagerFactoryBean:598 - Closing JPA EntityManagerFactory for persistence unit 'data'
2023-02-13 17:27:33.471 [SpringContextShutdownHook] INFO  com.zaxxer.hikari.HikariDataSource:350 - HikariPool-1 - Shutdown initiated...
2023-02-13 17:27:33.485 [SpringContextShutdownHook] INFO  com.zaxxer.hikari.HikariDataSource:352 - HikariPool-1 - Shutdown completed.
