2023-02-23 11:55:15.305 [main] INFO  scrips.datamigration.App:55 - Starting App on WSIN181 with PID 13468 (E:\DataMigration\DATA_MIGRATION_RTGS\DataMigrationAndExtract\DataMigration\target\classes started by SheikKhadeer in E:\DataMigration\DATA_MIGRATION_RTGS\DataMigrationAndExtract\DataMigration)
2023-02-23 11:55:15.313 [main] INFO  scrips.datamigration.App:651 - No active profile set, falling back to default profiles: app
2023-02-23 11:55:16.019 [main] INFO  org.springframework.data.repository.config.RepositoryConfigurationDelegate:127 - Bootstrapping Spring Data JPA repositories in DEFAULT mode.
2023-02-23 11:55:16.321 [main] INFO  org.springframework.data.repository.config.RepositoryConfigurationDelegate:187 - Finished Spring Data repository scanning in 290ms. Found 63 JPA repository interfaces.
2023-02-23 11:55:16.599 [main] INFO  com.ulisesbocchio.jasyptspringboot.configuration.EnableEncryptablePropertiesBeanFactoryPostProcessor:39 - Post-processing PropertySource instances
2023-02-23 11:55:16.621 [main] INFO  com.ulisesbocchio.jasyptspringboot.EncryptablePropertySourceConverter:56 - Converting PropertySource configurationProperties [org.springframework.boot.context.properties.source.ConfigurationPropertySourcesPropertySource] to AOP Proxy
2023-02-23 11:55:16.622 [main] INFO  com.ulisesbocchio.jasyptspringboot.EncryptablePropertySourceConverter:56 - Converting PropertySource commandLineArgs [org.springframework.core.env.SimpleCommandLinePropertySource] to EncryptableEnumerablePropertySourceWrapper
2023-02-23 11:55:16.622 [main] INFO  com.ulisesbocchio.jasyptspringboot.EncryptablePropertySourceConverter:56 - Converting PropertySource systemProperties [org.springframework.core.env.PropertiesPropertySource] to EncryptableMapPropertySourceWrapper
2023-02-23 11:55:16.623 [main] INFO  com.ulisesbocchio.jasyptspringboot.EncryptablePropertySourceConverter:56 - Converting PropertySource systemEnvironment [org.springframework.boot.env.SystemEnvironmentPropertySourceEnvironmentPostProcessor$OriginAwareSystemEnvironmentPropertySource] to EncryptableSystemEnvironmentPropertySourceWrapper
2023-02-23 11:55:16.623 [main] INFO  com.ulisesbocchio.jasyptspringboot.EncryptablePropertySourceConverter:56 - Converting PropertySource random [org.springframework.boot.env.RandomValuePropertySource] to EncryptablePropertySourceWrapper
2023-02-23 11:55:16.623 [main] INFO  com.ulisesbocchio.jasyptspringboot.EncryptablePropertySourceConverter:56 - Converting PropertySource applicationConfig: [file:./config/application.properties] [org.springframework.boot.env.OriginTrackedMapPropertySource] to EncryptableMapPropertySourceWrapper
2023-02-23 11:55:16.624 [main] INFO  com.ulisesbocchio.jasyptspringboot.EncryptablePropertySourceConverter:56 - Converting PropertySource applicationConfig: [classpath:/application.properties] [org.springframework.boot.env.OriginTrackedMapPropertySource] to EncryptableMapPropertySourceWrapper
2023-02-23 11:55:16.624 [main] INFO  com.ulisesbocchio.jasyptspringboot.EncryptablePropertySourceConverter:56 - Converting PropertySource DataMigrationProperties [org.springframework.core.env.MapPropertySource] to EncryptableMapPropertySourceWrapper
2023-02-23 11:55:16.710 [main] INFO  com.ulisesbocchio.jasyptspringboot.filter.DefaultLazyPropertyFilter:31 - Property Filter custom Bean not found with name 'encryptablePropertyFilter'. Initializing Default Property Filter
2023-02-23 11:55:16.810 [main] INFO  com.ulisesbocchio.jasyptspringboot.resolver.DefaultLazyPropertyResolver:35 - Property Resolver custom Bean not found with name 'encryptablePropertyResolver'. Initializing Default Property Resolver
2023-02-23 11:55:16.812 [main] INFO  com.ulisesbocchio.jasyptspringboot.detector.DefaultLazyPropertyDetector:35 - Property Detector custom Bean not found with name 'encryptablePropertyDetector'. Initializing Default Property Detector
2023-02-23 11:55:16.939 [main] INFO  org.hibernate.jpa.internal.util.LogHelper:31 - HHH000204: Processing PersistenceUnitInfo [name: data]
2023-02-23 11:55:16.997 [main] INFO  org.hibernate.Version:44 - HHH000412: Hibernate ORM core version 5.4.15.Final
2023-02-23 11:55:17.176 [main] INFO  org.hibernate.annotations.common.Version:49 - HCANN000001: Hibernate Commons Annotations {5.1.0.Final}
2023-02-23 11:55:17.417 [main] INFO  com.zaxxer.hikari.HikariDataSource:110 - HikariPool-1 - Starting...
2023-02-23 11:55:17.559 [main] INFO  com.zaxxer.hikari.HikariDataSource:123 - HikariPool-1 - Start completed.
2023-02-23 11:55:17.588 [main] INFO  org.hibernate.dialect.Dialect:172 - HHH000400: Using dialect: org.hibernate.dialect.MySQL8Dialect
2023-02-23 11:55:17.668 [main] INFO  org.hibernate.envers.boot.internal.EnversServiceImpl:90 - Envers integration enabled? : true
2023-02-23 11:55:19.548 [main] INFO  org.hibernate.engine.transaction.jta.platform.internal.JtaPlatformInitiator:52 - HHH000490: Using JtaPlatform implementation: [org.hibernate.engine.transaction.jta.platform.internal.NoJtaPlatform]
2023-02-23 11:55:19.559 [main] INFO  org.springframework.orm.jpa.LocalContainerEntityManagerFactoryBean:416 - Initialized JPA EntityManagerFactory for persistence unit 'data'
2023-02-23 11:55:21.860 [main] INFO  scrips.datamigration.App:61 - Started App in 7.295 seconds (JVM running for 8.652)
2023-02-23 11:55:21.865 [main] INFO  scrips.datamigration.controller.ReportController:44 -   - CBM_GL_ACCOUNT_DETAIL_REPORT
2023-02-23 11:55:21.866 [main] INFO  scrips.datamigration.common.service.GenerateReportService:114 - process started for :CBM_GL_ACCOUNT_DETAIL_REPORT
2023-02-23 11:55:21.913 [main] DEBUG org.hibernate.SQL:128 - select case when jpacbmglac2_.gl_account is null then '' else jpacbmglac2_.gl_account end as col_0_0_, case when jpacbmglac1_.gl_account is null then '' else jpacbmglac1_.gl_account end as col_1_0_, case when jpacbmglac0_.gl_account is null then '' else jpacbmglac0_.gl_account end as col_2_0_, case when jpacbmglac2_.gl_account_indicator is null then '' else jpacbmglac2_.gl_account_indicator end as col_3_0_, case when jpacbmglac1_.gl_account_indicator is null then '' else jpacbmglac1_.gl_account_indicator end as col_4_0_, case when jpacbmglac0_.gl_account_indicator is null then '' else jpacbmglac0_.gl_account_indicator end as col_5_0_, case when jpacbmglac2_.gl_account_description is null then '' else jpacbmglac2_.gl_account_description end as col_6_0_, case when jpacbmglac1_.gl_account_description is null then '' else jpacbmglac1_.gl_account_description end as col_7_0_, case when jpacbmglac0_.gl_account_description is null then '' else jpacbmglac0_.gl_account_description end as col_8_0_, case when jpacbmglac2_.created_date is null then '' else jpacbmglac2_.created_date end as col_9_0_, case when jpacbmglac1_.created_date is null then '' else jpacbmglac1_.created_date end as col_10_0_, case when jpacbmglac0_.created_date is null then '' else jpacbmglac0_.created_date end as col_11_0_, case when jpacbmglac2_.modified_date is null then '' else jpacbmglac2_.modified_date end as col_12_0_, case when jpacbmglac1_.modified_date is null then '' else jpacbmglac1_.modified_date end as col_13_0_, case when jpacbmglac0_.modified_date is null then '' else jpacbmglac0_.modified_date end as col_14_0_, case when jpacbmglac0_.remarks is null then case when jpacbmglac1_.remarks is null then '' else jpacbmglac1_.remarks end else jpacbmglac0_.remarks end as col_15_0_ from cbm_gl_account_source jpacbmglac0_ left outer join cbm_gl_account_temp jpacbmglac1_ on (jpacbmglac0_.id=jpacbmglac1_.id) left outer join cbm_gl_account jpacbmglac2_ on (jpacbmglac0_.gl_account=jpacbmglac2_.gl_account and (jpacbmglac1_.remarks is null)) where ? is null or date(jpacbmglac0_.migrated_date)=? order by jpacbmglac0_.seq asc
2023-02-23 11:55:21.936 [main] DEBUG org.hibernate.SQL:128 - select count(*) as col_0_0_ from cbm_gl_account_temp jpacbmglac0_ inner join cbm_gl_account jpacbmglac1_ on (jpacbmglac1_.gl_account=jpacbmglac0_.gl_account and (jpacbmglac0_.remarks is null)) where ? is null or date(jpacbmglac1_.created_date)=?
2023-02-23 11:55:21.938 [main] INFO  scrips.datamigration.common.service.GenerateReportService:262 - Path -> E:/DataMigration/DATA_MIGRATION_RTGS/DataMigrationAndExtract/DataMigration/reports/
2023-02-23 11:55:23.333 [main] WARN  net.sf.jasperreports.engine.export.PdfGlyphRenderer:68 - Unpatched iText found, cannot use glyph rendering
2023-02-23 11:55:23.728 [main] INFO  scrips.datamigration.App:77 - Process completed in (Hours:Minutes:Seconds) 0:0:9
2023-02-23 11:55:23.793 [SpringContextShutdownHook] INFO  org.springframework.orm.jpa.LocalContainerEntityManagerFactoryBean:598 - Closing JPA EntityManagerFactory for persistence unit 'data'
2023-02-23 11:55:23.797 [SpringContextShutdownHook] INFO  com.zaxxer.hikari.HikariDataSource:350 - HikariPool-1 - Shutdown initiated...
2023-02-23 11:55:23.827 [SpringContextShutdownHook] INFO  com.zaxxer.hikari.HikariDataSource:352 - HikariPool-1 - Shutdown completed.
