2023-02-14 11:49:02.473 [main] INFO  scrips.datamigration.App:55 - Starting App on WSIN181 with PID 13112 (D:\DataMigration\DATA_MIGRATION_RTGS\DataMigrationAndExtract\DataMigration\target\classes started by SheikKhadeer in D:\DataMigration\DATA_MIGRATION_RTGS\DataMigrationAndExtract\DataMigration)
2023-02-14 11:49:02.481 [main] INFO  scrips.datamigration.App:651 - No active profile set, falling back to default profiles: app
2023-02-14 11:49:03.574 [main] INFO  org.springframework.data.repository.config.RepositoryConfigurationDelegate:127 - Bootstrapping Spring Data JPA repositories in DEFAULT mode.
2023-02-14 11:49:04.048 [main] INFO  org.springframework.data.repository.config.RepositoryConfigurationDelegate:187 - Finished Spring Data repository scanning in 460ms. Found 63 JPA repository interfaces.
2023-02-14 11:49:04.416 [main] INFO  com.ulisesbocchio.jasyptspringboot.configuration.EnableEncryptablePropertiesBeanFactoryPostProcessor:39 - Post-processing PropertySource instances
2023-02-14 11:49:04.443 [main] INFO  com.ulisesbocchio.jasyptspringboot.EncryptablePropertySourceConverter:56 - Converting PropertySource configurationProperties [org.springframework.boot.context.properties.source.ConfigurationPropertySourcesPropertySource] to AOP Proxy
2023-02-14 11:49:04.444 [main] INFO  com.ulisesbocchio.jasyptspringboot.EncryptablePropertySourceConverter:56 - Converting PropertySource commandLineArgs [org.springframework.core.env.SimpleCommandLinePropertySource] to EncryptableEnumerablePropertySourceWrapper
2023-02-14 11:49:04.444 [main] INFO  com.ulisesbocchio.jasyptspringboot.EncryptablePropertySourceConverter:56 - Converting PropertySource systemProperties [org.springframework.core.env.PropertiesPropertySource] to EncryptableMapPropertySourceWrapper
2023-02-14 11:49:04.445 [main] INFO  com.ulisesbocchio.jasyptspringboot.EncryptablePropertySourceConverter:56 - Converting PropertySource systemEnvironment [org.springframework.boot.env.SystemEnvironmentPropertySourceEnvironmentPostProcessor$OriginAwareSystemEnvironmentPropertySource] to EncryptableSystemEnvironmentPropertySourceWrapper
2023-02-14 11:49:04.445 [main] INFO  com.ulisesbocchio.jasyptspringboot.EncryptablePropertySourceConverter:56 - Converting PropertySource random [org.springframework.boot.env.RandomValuePropertySource] to EncryptablePropertySourceWrapper
2023-02-14 11:49:04.445 [main] INFO  com.ulisesbocchio.jasyptspringboot.EncryptablePropertySourceConverter:56 - Converting PropertySource applicationConfig: [file:./config/application.properties] [org.springframework.boot.env.OriginTrackedMapPropertySource] to EncryptableMapPropertySourceWrapper
2023-02-14 11:49:04.445 [main] INFO  com.ulisesbocchio.jasyptspringboot.EncryptablePropertySourceConverter:56 - Converting PropertySource applicationConfig: [classpath:/application.properties] [org.springframework.boot.env.OriginTrackedMapPropertySource] to EncryptableMapPropertySourceWrapper
2023-02-14 11:49:04.446 [main] INFO  com.ulisesbocchio.jasyptspringboot.EncryptablePropertySourceConverter:56 - Converting PropertySource DataMigrationProperties [org.springframework.core.env.MapPropertySource] to EncryptableMapPropertySourceWrapper
2023-02-14 11:49:04.582 [main] INFO  com.ulisesbocchio.jasyptspringboot.filter.DefaultLazyPropertyFilter:31 - Property Filter custom Bean not found with name 'encryptablePropertyFilter'. Initializing Default Property Filter
2023-02-14 11:49:04.710 [main] INFO  com.ulisesbocchio.jasyptspringboot.resolver.DefaultLazyPropertyResolver:35 - Property Resolver custom Bean not found with name 'encryptablePropertyResolver'. Initializing Default Property Resolver
2023-02-14 11:49:04.715 [main] INFO  com.ulisesbocchio.jasyptspringboot.detector.DefaultLazyPropertyDetector:35 - Property Detector custom Bean not found with name 'encryptablePropertyDetector'. Initializing Default Property Detector
2023-02-14 11:49:04.725 [main] INFO  com.ulisesbocchio.jasyptspringboot.encryptor.DefaultLazyEncryptor:37 - String Encryptor custom Bean not found with name 'jasyptStringEncryptor'. Initializing Default String Encryptor
2023-02-14 11:49:04.749 [main] INFO  com.ulisesbocchio.jasyptspringboot.configuration.StringEncryptorBuilder:81 - Encryptor config not found for property jasypt.encryptor.key-obtention-iterations, using default value: 1000
2023-02-14 11:49:04.750 [main] INFO  com.ulisesbocchio.jasyptspringboot.configuration.StringEncryptorBuilder:81 - Encryptor config not found for property jasypt.encryptor.pool-size, using default value: 1
2023-02-14 11:49:04.751 [main] INFO  com.ulisesbocchio.jasyptspringboot.configuration.StringEncryptorBuilder:81 - Encryptor config not found for property jasypt.encryptor.provider-name, using default value: null
2023-02-14 11:49:04.751 [main] INFO  com.ulisesbocchio.jasyptspringboot.configuration.StringEncryptorBuilder:81 - Encryptor config not found for property jasypt.encryptor.provider-class-name, using default value: null
2023-02-14 11:49:04.752 [main] INFO  com.ulisesbocchio.jasyptspringboot.configuration.StringEncryptorBuilder:81 - Encryptor config not found for property jasypt.encryptor.salt-generator-classname, using default value: org.jasypt.salt.RandomSaltGenerator
2023-02-14 11:49:04.755 [main] INFO  com.ulisesbocchio.jasyptspringboot.configuration.StringEncryptorBuilder:81 - Encryptor config not found for property jasypt.encryptor.string-output-type, using default value: base64
2023-02-14 11:49:05.004 [main] INFO  org.hibernate.jpa.internal.util.LogHelper:31 - HHH000204: Processing PersistenceUnitInfo [name: data]
2023-02-14 11:49:05.075 [main] INFO  org.hibernate.Version:44 - HHH000412: Hibernate ORM core version 5.4.15.Final
2023-02-14 11:49:05.234 [main] INFO  org.hibernate.annotations.common.Version:49 - HCANN000001: Hibernate Commons Annotations {5.1.0.Final}
2023-02-14 11:49:05.684 [main] INFO  com.zaxxer.hikari.HikariDataSource:110 - HikariPool-1 - Starting...
2023-02-14 11:49:05.885 [main] INFO  com.zaxxer.hikari.HikariDataSource:123 - HikariPool-1 - Start completed.
2023-02-14 11:49:05.927 [main] INFO  org.hibernate.dialect.Dialect:172 - HHH000400: Using dialect: org.hibernate.dialect.MySQL8Dialect
2023-02-14 11:49:06.035 [main] INFO  org.hibernate.envers.boot.internal.EnversServiceImpl:90 - Envers integration enabled? : true
2023-02-14 11:49:07.885 [main] INFO  org.hibernate.engine.transaction.jta.platform.internal.JtaPlatformInitiator:52 - HHH000490: Using JtaPlatform implementation: [org.hibernate.engine.transaction.jta.platform.internal.NoJtaPlatform]
2023-02-14 11:49:07.893 [main] INFO  org.springframework.orm.jpa.LocalContainerEntityManagerFactoryBean:416 - Initialized JPA EntityManagerFactory for persistence unit 'data'
2023-02-14 11:49:10.227 [main] INFO  scrips.datamigration.App:61 - Started App in 8.405 seconds (JVM running for 10.417)
2023-02-14 11:49:10.240 [main] INFO  scrips.datamigration.controller.ReportController:44 -   - ACCOUNT_SUMMARY_REPORT
2023-02-14 11:49:10.241 [main] INFO  scrips.datamigration.common.service.GenerateReportService:114 - process started for :ACCOUNT_SUMMARY_REPORT
2023-02-14 11:49:18.667 [main] DEBUG org.hibernate.SQL:128 - select 'Account type' as col_0_0_, count(case when accountType=AGDA then '' else accountType end) as col_1_0_, count(case when accountType=AGDA then '' else accountType end) as col_2_0_ from account_source jpaaccount0_ inner join account jpaaccount1_ on
2023-02-14 11:49:19.913 [main] WARN  org.hibernate.engine.jdbc.spi.SqlExceptionHelper:137 - SQL Error: 1064, SQLState: 42000
2023-02-14 11:49:19.922 [main] ERROR org.hibernate.engine.jdbc.spi.SqlExceptionHelper:142 - You have an error in your SQL syntax; check the manual that corresponds to your MySQL server version for the right syntax to use near '' at line 1
2023-02-14 11:49:45.899 [main] INFO  scrips.datamigration.App:77 - Process completed in (Hours:Minutes:Seconds) 0:0:42
2023-02-14 11:49:45.953 [SpringContextShutdownHook] INFO  org.springframework.orm.jpa.LocalContainerEntityManagerFactoryBean:598 - Closing JPA EntityManagerFactory for persistence unit 'data'
2023-02-14 11:49:45.957 [SpringContextShutdownHook] INFO  com.zaxxer.hikari.HikariDataSource:350 - HikariPool-1 - Shutdown initiated...
2023-02-14 11:49:45.972 [SpringContextShutdownHook] INFO  com.zaxxer.hikari.HikariDataSource:352 - HikariPool-1 - Shutdown completed.
