2023-02-07 14:56:26.476 [main] INFO  scrips.datamigration.App:55 - Starting App on WSIN181 with PID 13892 (D:\DataMigration\DATA_MIGRATION_RTGS\DataMigrationAndExtract\DataMigration\target\classes started by SheikKhadeer in D:\DataMigration\DATA_MIGRATION_RTGS\DataMigrationAndExtract\DataMigration)
2023-02-07 14:56:26.482 [main] INFO  scrips.datamigration.App:651 - No active profile set, falling back to default profiles: app
2023-02-07 14:56:27.470 [main] INFO  org.springframework.data.repository.config.RepositoryConfigurationDelegate:127 - Bootstrapping Spring Data JPA repositories in DEFAULT mode.
2023-02-07 14:56:28.099 [main] INFO  org.springframework.data.repository.config.RepositoryConfigurationDelegate:187 - Finished Spring Data repository scanning in 618ms. Found 60 JPA repository interfaces.
2023-02-07 14:56:28.659 [main] INFO  com.ulisesbocchio.jasyptspringboot.configuration.EnableEncryptablePropertiesBeanFactoryPostProcessor:39 - Post-processing PropertySource instances
2023-02-07 14:56:28.693 [main] INFO  com.ulisesbocchio.jasyptspringboot.EncryptablePropertySourceConverter:56 - Converting PropertySource configurationProperties [org.springframework.boot.context.properties.source.ConfigurationPropertySourcesPropertySource] to AOP Proxy
2023-02-07 14:56:28.694 [main] INFO  com.ulisesbocchio.jasyptspringboot.EncryptablePropertySourceConverter:56 - Converting PropertySource commandLineArgs [org.springframework.core.env.SimpleCommandLinePropertySource] to EncryptableEnumerablePropertySourceWrapper
2023-02-07 14:56:28.694 [main] INFO  com.ulisesbocchio.jasyptspringboot.EncryptablePropertySourceConverter:56 - Converting PropertySource systemProperties [org.springframework.core.env.PropertiesPropertySource] to EncryptableMapPropertySourceWrapper
2023-02-07 14:56:28.695 [main] INFO  com.ulisesbocchio.jasyptspringboot.EncryptablePropertySourceConverter:56 - Converting PropertySource systemEnvironment [org.springframework.boot.env.SystemEnvironmentPropertySourceEnvironmentPostProcessor$OriginAwareSystemEnvironmentPropertySource] to EncryptableSystemEnvironmentPropertySourceWrapper
2023-02-07 14:56:28.695 [main] INFO  com.ulisesbocchio.jasyptspringboot.EncryptablePropertySourceConverter:56 - Converting PropertySource random [org.springframework.boot.env.RandomValuePropertySource] to EncryptablePropertySourceWrapper
2023-02-07 14:56:28.695 [main] INFO  com.ulisesbocchio.jasyptspringboot.EncryptablePropertySourceConverter:56 - Converting PropertySource applicationConfig: [file:./config/application.properties] [org.springframework.boot.env.OriginTrackedMapPropertySource] to EncryptableMapPropertySourceWrapper
2023-02-07 14:56:28.696 [main] INFO  com.ulisesbocchio.jasyptspringboot.EncryptablePropertySourceConverter:56 - Converting PropertySource applicationConfig: [classpath:/application.properties] [org.springframework.boot.env.OriginTrackedMapPropertySource] to EncryptableMapPropertySourceWrapper
2023-02-07 14:56:28.696 [main] INFO  com.ulisesbocchio.jasyptspringboot.EncryptablePropertySourceConverter:56 - Converting PropertySource DataMigrationProperties [org.springframework.core.env.MapPropertySource] to EncryptableMapPropertySourceWrapper
2023-02-07 14:56:28.797 [main] INFO  com.ulisesbocchio.jasyptspringboot.filter.DefaultLazyPropertyFilter:31 - Property Filter custom Bean not found with name 'encryptablePropertyFilter'. Initializing Default Property Filter
2023-02-07 14:56:28.919 [main] INFO  com.ulisesbocchio.jasyptspringboot.resolver.DefaultLazyPropertyResolver:35 - Property Resolver custom Bean not found with name 'encryptablePropertyResolver'. Initializing Default Property Resolver
2023-02-07 14:56:28.922 [main] INFO  com.ulisesbocchio.jasyptspringboot.detector.DefaultLazyPropertyDetector:35 - Property Detector custom Bean not found with name 'encryptablePropertyDetector'. Initializing Default Property Detector
2023-02-07 14:56:28.930 [main] INFO  com.ulisesbocchio.jasyptspringboot.encryptor.DefaultLazyEncryptor:37 - String Encryptor custom Bean not found with name 'jasyptStringEncryptor'. Initializing Default String Encryptor
2023-02-07 14:56:28.959 [main] INFO  com.ulisesbocchio.jasyptspringboot.configuration.StringEncryptorBuilder:81 - Encryptor config not found for property jasypt.encryptor.key-obtention-iterations, using default value: 1000
2023-02-07 14:56:28.960 [main] INFO  com.ulisesbocchio.jasyptspringboot.configuration.StringEncryptorBuilder:81 - Encryptor config not found for property jasypt.encryptor.pool-size, using default value: 1
2023-02-07 14:56:28.960 [main] INFO  com.ulisesbocchio.jasyptspringboot.configuration.StringEncryptorBuilder:81 - Encryptor config not found for property jasypt.encryptor.provider-name, using default value: null
2023-02-07 14:56:28.961 [main] INFO  com.ulisesbocchio.jasyptspringboot.configuration.StringEncryptorBuilder:81 - Encryptor config not found for property jasypt.encryptor.provider-class-name, using default value: null
2023-02-07 14:56:28.961 [main] INFO  com.ulisesbocchio.jasyptspringboot.configuration.StringEncryptorBuilder:81 - Encryptor config not found for property jasypt.encryptor.salt-generator-classname, using default value: org.jasypt.salt.RandomSaltGenerator
2023-02-07 14:56:28.963 [main] INFO  com.ulisesbocchio.jasyptspringboot.configuration.StringEncryptorBuilder:81 - Encryptor config not found for property jasypt.encryptor.string-output-type, using default value: base64
2023-02-07 14:56:29.166 [main] INFO  org.hibernate.jpa.internal.util.LogHelper:31 - HHH000204: Processing PersistenceUnitInfo [name: data]
2023-02-07 14:56:29.232 [main] INFO  org.hibernate.Version:44 - HHH000412: Hibernate ORM core version 5.4.15.Final
2023-02-07 14:56:29.410 [main] INFO  org.hibernate.annotations.common.Version:49 - HCANN000001: Hibernate Commons Annotations {5.1.0.Final}
2023-02-07 14:56:29.945 [main] INFO  com.zaxxer.hikari.HikariDataSource:110 - HikariPool-1 - Starting...
2023-02-07 14:56:30.119 [main] INFO  com.zaxxer.hikari.HikariDataSource:123 - HikariPool-1 - Start completed.
2023-02-07 14:56:30.153 [main] INFO  org.hibernate.dialect.Dialect:172 - HHH000400: Using dialect: org.hibernate.dialect.MySQL8Dialect
2023-02-07 14:56:30.238 [main] INFO  org.hibernate.envers.boot.internal.EnversServiceImpl:90 - Envers integration enabled? : true
2023-02-07 14:56:32.323 [main] INFO  org.hibernate.engine.transaction.jta.platform.internal.JtaPlatformInitiator:52 - HHH000490: Using JtaPlatform implementation: [org.hibernate.engine.transaction.jta.platform.internal.NoJtaPlatform]
2023-02-07 14:56:32.330 [main] INFO  org.springframework.orm.jpa.LocalContainerEntityManagerFactoryBean:416 - Initialized JPA EntityManagerFactory for persistence unit 'data'
2023-02-07 14:56:34.532 [main] INFO  scrips.datamigration.App:61 - Started App in 8.662 seconds (JVM running for 10.167)
2023-02-07 14:56:34.546 [main] INFO  scrips.datamigration.common.service.FkChecksEnableDisable:36 - disable FkChecks called
2023-02-07 14:56:34.571 [main] DEBUG org.hibernate.SQL:128 - SET FOREIGN_KEY_CHECKS = 0
2023-02-07 14:56:34.588 [main] INFO  scrips.datamigration.common.service.FkChecksEnableDisable:38 - disable FkChecks done
2023-02-07 14:56:34.628 [main] DEBUG org.hibernate.SQL:128 - SELECT @@GLOBAL.foreign_key_checks, @@SESSION.foreign_key_checks
2023-02-07 14:56:34.639 [main] INFO  scrips.datamigration.common.service.FkChecksEnableDisable:52 - foreign_key_checks status - 0
2023-02-07 14:56:34.640 [main] INFO  scrips.datamigration.controller.ScripsFileUploadController:131 - fileUploadCode - CBM_DEPOSIT_RATE_FILE_UPLOAD
2023-02-07 14:56:34.641 [main] INFO  scrips.datamigration.common.service.FileUploadService:82 - getFileHeaderByCode entered
2023-02-07 14:56:34.641 [main] INFO  scrips.datamigration.common.service.FileUploadService:88 - fileUploadHeaderOut - cbm_deposit_rate
2023-02-07 14:56:34.642 [main] INFO  scrips.datamigration.controller.ScripsFileUploadController:136 - Live table name ->cbm_deposit_rate
2023-02-07 14:56:34.647 [main] INFO  scrips.datamigration.common.service.FileUploadService:98 - fieldName  -  tenor_period
2023-02-07 14:56:34.648 [main] INFO  scrips.datamigration.common.service.FileUploadService:98 - fieldName  -  deposit_rate
2023-02-07 14:56:34.648 [main] INFO  scrips.datamigration.common.service.FileUploadService:104 - fileUploadDetails - [scrips.datamigration.fileupload.JpaFileUploadDetails@7b1466e3, scrips.datamigration.fileupload.JpaFileUploadDetails@c9f1951]
2023-02-07 14:56:34.649 [main] INFO  scrips.datamigration.common.service.FileUploadService:48 - ftp status n
2023-02-07 14:56:34.649 [main] INFO  scrips.datamigration.common.service.FileUploadService:64 - FTP Not Enabled,Reading files from MigrationFiles folder
2023-02-07 14:56:34.653 [main] INFO  scrips.datamigration.controller.ScripsFileUploadController:154 - fileRecords - 1|22
2023-02-07 14:56:34.653 [main] INFO  scrips.datamigration.controller.ScripsFileUploadController:156 - 1:tenor_period
2023-02-07 14:56:34.653 [main] INFO  scrips.datamigration.controller.ScripsFileUploadController:156 - 2:deposit_rate
2023-02-07 14:56:34.659 [main] INFO  scrips.datamigration.rtgs.service.CbmDepositRateService:94 - Total records in File: {}1
2023-02-07 14:56:34.710 [main] DEBUG org.hibernate.SQL:128 - select jpauser0_.id as id1_60_, jpauser0_.access_level as access_l2_60_, jpauser0_.action as action3_60_, jpauser0_.approval_remark as approval4_60_, jpauser0_.approved_by as approved5_60_, jpauser0_.approved_date as approved6_60_, jpauser0_.created_date as created_7_60_, jpauser0_.currency_code as currency8_60_, jpauser0_.effective_date as effectiv9_60_, jpauser0_.email as email10_60_, jpauser0_.first_activation_date as first_a11_60_, jpauser0_.last_login_datetime as last_lo12_60_, jpauser0_.login_attempts as login_a13_60_, jpauser0_.member_id as member_14_60_, jpauser0_.modified_by as modifie15_60_, jpauser0_.modified_date as modifie16_60_, jpauser0_.name as name17_60_, jpauser0_.password as passwor18_60_, jpauser0_.password_expiry_date as passwor19_60_, jpauser0_.phone_no as phone_n20_60_, jpauser0_.status as status21_60_, jpauser0_.swift_net_id as swift_n22_60_, jpauser0_.user_id as user_id23_60_, jpauser0_.user_status as user_st24_60_, jpauser0_.workflow_status_id as workflo25_60_ from user jpauser0_ where jpauser0_.name=?
2023-02-07 14:56:34.757 [main] DEBUG org.hibernate.SQL:128 - insert into cbm_deposit_rate_source (action, approval_remark, approved_by, approved_date, created_date, deposit_rate, effective_date, facility_id, id, migrated_date, modified_by, modified_date, remarks, status, tenor_period, workflow_status_id) values (?, ?, ?, ?, ?, ?, ?, ?, ?, ?, ?, ?, ?, ?, ?, ?)
2023-02-07 14:56:34.934 [main] DEBUG org.hibernate.SQL:128 - select jpacbmdepo0_.id as id1_14_0_, jpacbmdepo0_.action as action2_14_0_, jpacbmdepo0_.approval_remark as approval3_14_0_, jpacbmdepo0_.approved_by as approved4_14_0_, jpacbmdepo0_.approved_date as approved5_14_0_, jpacbmdepo0_.created_date as created_6_14_0_, jpacbmdepo0_.deposit_rate as deposit_7_14_0_, jpacbmdepo0_.effective_date as effectiv8_14_0_, jpacbmdepo0_.facility_id as facility9_14_0_, jpacbmdepo0_.modified_by as modifie10_14_0_, jpacbmdepo0_.modified_date as modifie11_14_0_, jpacbmdepo0_.remarks as remarks12_14_0_, jpacbmdepo0_.status as status13_14_0_, jpacbmdepo0_.tenor_period as tenor_p14_14_0_, jpacbmdepo0_.workflow_status_id as workflo15_14_0_ from cbm_deposit_rate_temp jpacbmdepo0_ where jpacbmdepo0_.id=?
2023-02-07 14:56:34.980 [main] DEBUG org.hibernate.SQL:128 - insert into cbm_deposit_rate_temp (action, approval_remark, approved_by, approved_date, created_date, deposit_rate, effective_date, facility_id, modified_by, modified_date, remarks, status, tenor_period, workflow_status_id, id) values (?, ?, ?, ?, ?, ?, ?, ?, ?, ?, ?, ?, ?, ?, ?)
2023-02-07 14:56:35.195 [main] DEBUG org.hibernate.SQL:128 - select jpacbmdepo0_.id as id1_12_0_, jpacbmdepo0_.action as action2_12_0_, jpacbmdepo0_.approval_remark as approval3_12_0_, jpacbmdepo0_.approved_by as approved4_12_0_, jpacbmdepo0_.approved_date as approved5_12_0_, jpacbmdepo0_.created_date as created_6_12_0_, jpacbmdepo0_.deposit_rate as deposit_7_12_0_, jpacbmdepo0_.effective_date as effectiv8_12_0_, jpacbmdepo0_.facility_id as facility9_12_0_, jpacbmdepo0_.modified_by as modifie10_12_0_, jpacbmdepo0_.modified_date as modifie11_12_0_, jpacbmdepo0_.status as status12_12_0_, jpacbmdepo0_.tenor_period as tenor_p13_12_0_, jpacbmdepo0_.workflow_status_id as workflo14_12_0_ from cbm_deposit_rate jpacbmdepo0_ where jpacbmdepo0_.id=?
2023-02-07 14:56:35.212 [main] DEBUG org.hibernate.SQL:128 - insert into cbm_deposit_rate (action, approval_remark, approved_by, approved_date, created_date, deposit_rate, effective_date, facility_id, modified_by, modified_date, status, tenor_period, workflow_status_id, id) values (?, ?, ?, ?, ?, ?, ?, ?, ?, ?, ?, ?, ?, ?)
2023-02-07 14:56:35.277 [main] INFO  scrips.datamigration.common.service.FkChecksEnableDisable:23 - enable FkChecks called
2023-02-07 14:56:35.278 [main] DEBUG org.hibernate.SQL:128 - SET FOREIGN_KEY_CHECKS = 1
2023-02-07 14:56:35.279 [main] INFO  scrips.datamigration.common.service.FkChecksEnableDisable:25 - enable FkChecks done
2023-02-07 14:56:35.281 [main] DEBUG org.hibernate.SQL:128 - SELECT @@GLOBAL.foreign_key_checks, @@SESSION.foreign_key_checks
2023-02-07 14:56:35.284 [main] INFO  scrips.datamigration.common.service.FkChecksEnableDisable:52 - foreign_key_checks status - 1
2023-02-07 14:56:35.285 [main] INFO  scrips.datamigration.App:77 - Process completed in (Hours:Minutes:Seconds) 0:0:9
2023-02-07 14:56:35.310 [SpringContextShutdownHook] INFO  org.springframework.orm.jpa.LocalContainerEntityManagerFactoryBean:598 - Closing JPA EntityManagerFactory for persistence unit 'data'
2023-02-07 14:56:35.312 [SpringContextShutdownHook] INFO  com.zaxxer.hikari.HikariDataSource:350 - HikariPool-1 - Shutdown initiated...
2023-02-07 14:56:35.327 [SpringContextShutdownHook] INFO  com.zaxxer.hikari.HikariDataSource:352 - HikariPool-1 - Shutdown completed.
