2023-02-07 14:58:55.289 [main] INFO  scrips.datamigration.App:55 - Starting App on WSIN181 with PID 13768 (D:\DataMigration\DATA_MIGRATION_RTGS\DataMigrationAndExtract\DataMigration\target\classes started by SheikKhadeer in D:\DataMigration\DATA_MIGRATION_RTGS\DataMigrationAndExtract\DataMigration)
2023-02-07 14:58:55.295 [main] INFO  scrips.datamigration.App:651 - No active profile set, falling back to default profiles: app
2023-02-07 14:58:56.127 [main] INFO  org.springframework.data.repository.config.RepositoryConfigurationDelegate:127 - Bootstrapping Spring Data JPA repositories in DEFAULT mode.
2023-02-07 14:58:56.600 [main] INFO  org.springframework.data.repository.config.RepositoryConfigurationDelegate:187 - Finished Spring Data repository scanning in 458ms. Found 60 JPA repository interfaces.
2023-02-07 14:58:56.925 [main] INFO  com.ulisesbocchio.jasyptspringboot.configuration.EnableEncryptablePropertiesBeanFactoryPostProcessor:39 - Post-processing PropertySource instances
2023-02-07 14:58:56.952 [main] INFO  com.ulisesbocchio.jasyptspringboot.EncryptablePropertySourceConverter:56 - Converting PropertySource configurationProperties [org.springframework.boot.context.properties.source.ConfigurationPropertySourcesPropertySource] to AOP Proxy
2023-02-07 14:58:56.952 [main] INFO  com.ulisesbocchio.jasyptspringboot.EncryptablePropertySourceConverter:56 - Converting PropertySource commandLineArgs [org.springframework.core.env.SimpleCommandLinePropertySource] to EncryptableEnumerablePropertySourceWrapper
2023-02-07 14:58:56.953 [main] INFO  com.ulisesbocchio.jasyptspringboot.EncryptablePropertySourceConverter:56 - Converting PropertySource systemProperties [org.springframework.core.env.PropertiesPropertySource] to EncryptableMapPropertySourceWrapper
2023-02-07 14:58:56.953 [main] INFO  com.ulisesbocchio.jasyptspringboot.EncryptablePropertySourceConverter:56 - Converting PropertySource systemEnvironment [org.springframework.boot.env.SystemEnvironmentPropertySourceEnvironmentPostProcessor$OriginAwareSystemEnvironmentPropertySource] to EncryptableSystemEnvironmentPropertySourceWrapper
2023-02-07 14:58:56.953 [main] INFO  com.ulisesbocchio.jasyptspringboot.EncryptablePropertySourceConverter:56 - Converting PropertySource random [org.springframework.boot.env.RandomValuePropertySource] to EncryptablePropertySourceWrapper
2023-02-07 14:58:56.954 [main] INFO  com.ulisesbocchio.jasyptspringboot.EncryptablePropertySourceConverter:56 - Converting PropertySource applicationConfig: [file:./config/application.properties] [org.springframework.boot.env.OriginTrackedMapPropertySource] to EncryptableMapPropertySourceWrapper
2023-02-07 14:58:56.954 [main] INFO  com.ulisesbocchio.jasyptspringboot.EncryptablePropertySourceConverter:56 - Converting PropertySource applicationConfig: [classpath:/application.properties] [org.springframework.boot.env.OriginTrackedMapPropertySource] to EncryptableMapPropertySourceWrapper
2023-02-07 14:58:56.954 [main] INFO  com.ulisesbocchio.jasyptspringboot.EncryptablePropertySourceConverter:56 - Converting PropertySource DataMigrationProperties [org.springframework.core.env.MapPropertySource] to EncryptableMapPropertySourceWrapper
2023-02-07 14:58:57.047 [main] INFO  com.ulisesbocchio.jasyptspringboot.filter.DefaultLazyPropertyFilter:31 - Property Filter custom Bean not found with name 'encryptablePropertyFilter'. Initializing Default Property Filter
2023-02-07 14:58:57.129 [main] INFO  com.ulisesbocchio.jasyptspringboot.resolver.DefaultLazyPropertyResolver:35 - Property Resolver custom Bean not found with name 'encryptablePropertyResolver'. Initializing Default Property Resolver
2023-02-07 14:58:57.133 [main] INFO  com.ulisesbocchio.jasyptspringboot.detector.DefaultLazyPropertyDetector:35 - Property Detector custom Bean not found with name 'encryptablePropertyDetector'. Initializing Default Property Detector
2023-02-07 14:58:57.140 [main] INFO  com.ulisesbocchio.jasyptspringboot.encryptor.DefaultLazyEncryptor:37 - String Encryptor custom Bean not found with name 'jasyptStringEncryptor'. Initializing Default String Encryptor
2023-02-07 14:58:57.169 [main] INFO  com.ulisesbocchio.jasyptspringboot.configuration.StringEncryptorBuilder:81 - Encryptor config not found for property jasypt.encryptor.key-obtention-iterations, using default value: 1000
2023-02-07 14:58:57.170 [main] INFO  com.ulisesbocchio.jasyptspringboot.configuration.StringEncryptorBuilder:81 - Encryptor config not found for property jasypt.encryptor.pool-size, using default value: 1
2023-02-07 14:58:57.170 [main] INFO  com.ulisesbocchio.jasyptspringboot.configuration.StringEncryptorBuilder:81 - Encryptor config not found for property jasypt.encryptor.provider-name, using default value: null
2023-02-07 14:58:57.171 [main] INFO  com.ulisesbocchio.jasyptspringboot.configuration.StringEncryptorBuilder:81 - Encryptor config not found for property jasypt.encryptor.provider-class-name, using default value: null
2023-02-07 14:58:57.172 [main] INFO  com.ulisesbocchio.jasyptspringboot.configuration.StringEncryptorBuilder:81 - Encryptor config not found for property jasypt.encryptor.salt-generator-classname, using default value: org.jasypt.salt.RandomSaltGenerator
2023-02-07 14:58:57.174 [main] INFO  com.ulisesbocchio.jasyptspringboot.configuration.StringEncryptorBuilder:81 - Encryptor config not found for property jasypt.encryptor.string-output-type, using default value: base64
2023-02-07 14:58:57.349 [main] INFO  org.hibernate.jpa.internal.util.LogHelper:31 - HHH000204: Processing PersistenceUnitInfo [name: data]
2023-02-07 14:58:57.404 [main] INFO  org.hibernate.Version:44 - HHH000412: Hibernate ORM core version 5.4.15.Final
2023-02-07 14:58:57.541 [main] INFO  org.hibernate.annotations.common.Version:49 - HCANN000001: Hibernate Commons Annotations {5.1.0.Final}
2023-02-07 14:58:58.044 [main] INFO  com.zaxxer.hikari.HikariDataSource:110 - HikariPool-1 - Starting...
2023-02-07 14:58:58.202 [main] INFO  com.zaxxer.hikari.HikariDataSource:123 - HikariPool-1 - Start completed.
2023-02-07 14:58:58.234 [main] INFO  org.hibernate.dialect.Dialect:172 - HHH000400: Using dialect: org.hibernate.dialect.MySQL8Dialect
2023-02-07 14:58:58.330 [main] INFO  org.hibernate.envers.boot.internal.EnversServiceImpl:90 - Envers integration enabled? : true
2023-02-07 14:59:00.585 [main] INFO  org.hibernate.engine.transaction.jta.platform.internal.JtaPlatformInitiator:52 - HHH000490: Using JtaPlatform implementation: [org.hibernate.engine.transaction.jta.platform.internal.NoJtaPlatform]
2023-02-07 14:59:00.595 [main] INFO  org.springframework.orm.jpa.LocalContainerEntityManagerFactoryBean:416 - Initialized JPA EntityManagerFactory for persistence unit 'data'
2023-02-07 14:59:03.071 [main] INFO  scrips.datamigration.App:61 - Started App in 8.357 seconds (JVM running for 10.015)
2023-02-07 14:59:03.087 [main] INFO  scrips.datamigration.common.service.FkChecksEnableDisable:36 - disable FkChecks called
2023-02-07 14:59:03.109 [main] DEBUG org.hibernate.SQL:128 - SET FOREIGN_KEY_CHECKS = 0
2023-02-07 14:59:03.123 [main] INFO  scrips.datamigration.common.service.FkChecksEnableDisable:38 - disable FkChecks done
2023-02-07 14:59:03.159 [main] DEBUG org.hibernate.SQL:128 - SELECT @@GLOBAL.foreign_key_checks, @@SESSION.foreign_key_checks
2023-02-07 14:59:03.167 [main] INFO  scrips.datamigration.common.service.FkChecksEnableDisable:52 - foreign_key_checks status - 0
2023-02-07 14:59:03.168 [main] INFO  scrips.datamigration.controller.ScripsFileUploadController:131 - fileUploadCode - CBM_LIABILITIES_BASE_FILE_UPLOAD
2023-02-07 14:59:03.168 [main] INFO  scrips.datamigration.common.service.FileUploadService:82 - getFileHeaderByCode entered
2023-02-07 14:59:03.168 [main] INFO  scrips.datamigration.common.service.FileUploadService:88 - fileUploadHeaderOut - cbm_liabilities_base
2023-02-07 14:59:03.169 [main] INFO  scrips.datamigration.controller.ScripsFileUploadController:136 - Live table name ->cbm_liabilities_base
2023-02-07 14:59:03.171 [main] INFO  scrips.datamigration.common.service.FileUploadService:98 - fieldName  -  member_code
2023-02-07 14:59:03.171 [main] INFO  scrips.datamigration.common.service.FileUploadService:98 - fieldName  -  currency_code
2023-02-07 14:59:03.172 [main] INFO  scrips.datamigration.common.service.FileUploadService:98 - fieldName  -  ql_lb_type
2023-02-07 14:59:03.172 [main] INFO  scrips.datamigration.common.service.FileUploadService:98 - fieldName  -  effective_date
2023-02-07 14:59:03.172 [main] INFO  scrips.datamigration.common.service.FileUploadService:104 - fileUploadDetails - [scrips.datamigration.fileupload.JpaFileUploadDetails@69c70b62, scrips.datamigration.fileupload.JpaFileUploadDetails@664c0019, scrips.datamigration.fileupload.JpaFileUploadDetails@495fa126, scrips.datamigration.fileupload.JpaFileUploadDetails@392da875]
2023-02-07 14:59:03.172 [main] INFO  scrips.datamigration.common.service.FileUploadService:48 - ftp status n
2023-02-07 14:59:03.173 [main] INFO  scrips.datamigration.common.service.FileUploadService:64 - FTP Not Enabled,Reading files from MigrationFiles folder
2023-02-07 14:59:03.176 [main] INFO  scrips.datamigration.controller.ScripsFileUploadController:154 - fileRecords - MASGSGSG|SGD|MCB|2022-06-02 00:00:00
2023-02-07 14:59:03.177 [main] INFO  scrips.datamigration.controller.ScripsFileUploadController:156 - 1:member_code
2023-02-07 14:59:03.177 [main] INFO  scrips.datamigration.controller.ScripsFileUploadController:156 - 2:currency_code
2023-02-07 14:59:03.177 [main] INFO  scrips.datamigration.controller.ScripsFileUploadController:156 - 3:ql_lb_type
2023-02-07 14:59:03.178 [main] INFO  scrips.datamigration.controller.ScripsFileUploadController:156 - 4:effective_date
2023-02-07 14:59:03.182 [main] INFO  scrips.datamigration.rtgs.service.CbmLiabilitiesBaseService:106 - Total records in File: {}1
2023-02-07 14:59:03.214 [main] DEBUG org.hibernate.SQL:128 - select jpauser0_.id as id1_60_, jpauser0_.access_level as access_l2_60_, jpauser0_.action as action3_60_, jpauser0_.approval_remark as approval4_60_, jpauser0_.approved_by as approved5_60_, jpauser0_.approved_date as approved6_60_, jpauser0_.created_date as created_7_60_, jpauser0_.currency_code as currency8_60_, jpauser0_.effective_date as effectiv9_60_, jpauser0_.email as email10_60_, jpauser0_.first_activation_date as first_a11_60_, jpauser0_.last_login_datetime as last_lo12_60_, jpauser0_.login_attempts as login_a13_60_, jpauser0_.member_id as member_14_60_, jpauser0_.modified_by as modifie15_60_, jpauser0_.modified_date as modifie16_60_, jpauser0_.name as name17_60_, jpauser0_.password as passwor18_60_, jpauser0_.password_expiry_date as passwor19_60_, jpauser0_.phone_no as phone_n20_60_, jpauser0_.status as status21_60_, jpauser0_.swift_net_id as swift_n22_60_, jpauser0_.user_id as user_id23_60_, jpauser0_.user_status as user_st24_60_, jpauser0_.workflow_status_id as workflo25_60_ from user jpauser0_ where jpauser0_.name=?
2023-02-07 14:59:03.255 [main] DEBUG org.hibernate.SQL:128 - insert into cbm_liabilities_base_source (action, approval_remark, approved_by, approved_date, created_date, currency_code, effective_date, id, mcb_id, member_id, migrated_date, modified_by, modified_date, ql_lb_type, remarks, sector_id, status, workflow_status_id) values (?, ?, ?, ?, ?, ?, ?, ?, ?, ?, ?, ?, ?, ?, ?, ?, ?, ?)
2023-02-07 14:59:03.421 [main] DEBUG org.hibernate.SQL:128 - select jpamember0_.id as id1_34_, jpamember0_.action as action2_34_, jpamember0_.activation_date as activati3_34_, jpamember0_.approval_remark as approval4_34_, jpamember0_.approved_by as approved5_34_, jpamember0_.approved_date as approved6_34_, jpamember0_.bank_code as bank_cod7_34_, jpamember0_.billing_profile_id as billing_8_34_, jpamember0_.created_date as created_9_34_, jpamember0_.effective_date as effecti10_34_, jpamember0_.exempted_from_billing as exempte11_34_, jpamember0_.exempted_from_system_limit as exempte12_34_, jpamember0_.fi_group as fi_grou13_34_, jpamember0_.lei as lei14_34_, jpamember0_.location as locatio15_34_, jpamember0_.mcb_average as mcb_ave16_34_, jpamember0_.mcb_eod_maximum as mcb_eod17_34_, jpamember0_.mcb_eod_minimum as mcb_eod18_34_, jpamember0_.mcb_id as mcb_id19_34_, jpamember0_.mcb_intraday as mcb_int20_34_, jpamember0_.member_classification as member_21_34_, jpamember0_.member_code as member_22_34_, jpamember0_.member_status as member_23_34_, jpamember0_.member_type as member_24_34_, jpamember0_.modified_by as modifie25_34_, jpamember0_.modified_date as modifie26_34_, jpamember0_.name as name27_34_, jpamember0_.sector_id as sector_28_34_, jpamember0_.short_name as short_n29_34_, jpamember0_.status as status30_34_, jpamember0_.swift_bic as swift_b31_34_, jpamember0_.swift_member as swift_m32_34_, jpamember0_.tax_profile_id as tax_pro33_34_, jpamember0_.uen as uen34_34_, jpamember0_.verified_by as verifie35_34_, jpamember0_.verified_date as verifie36_34_, jpamember0_.workflow_status_id as workflo37_34_ from member jpamember0_ where jpamember0_.member_code=?
2023-02-07 14:59:03.517 [main] DEBUG org.hibernate.SQL:128 - select jpacbmliab0_.id as id1_23_0_, jpacbmliab0_.action as action2_23_0_, jpacbmliab0_.approval_remark as approval3_23_0_, jpacbmliab0_.approved_by as approved4_23_0_, jpacbmliab0_.approved_date as approved5_23_0_, jpacbmliab0_.created_date as created_6_23_0_, jpacbmliab0_.currency_code as currency7_23_0_, jpacbmliab0_.effective_date as effectiv8_23_0_, jpacbmliab0_.member_id as member_i9_23_0_, jpacbmliab0_.modified_by as modifie10_23_0_, jpacbmliab0_.modified_date as modifie11_23_0_, jpacbmliab0_.ql_lb_type as ql_lb_t12_23_0_, jpacbmliab0_.remarks as remarks13_23_0_, jpacbmliab0_.status as status14_23_0_, jpacbmliab0_.workflow_status_id as workflo15_23_0_ from cbm_liabilities_base_temp jpacbmliab0_ where jpacbmliab0_.id=?
2023-02-07 14:59:03.570 [main] DEBUG org.hibernate.SQL:128 - insert into cbm_liabilities_base_temp (action, approval_remark, approved_by, approved_date, created_date, currency_code, effective_date, member_id, modified_by, modified_date, ql_lb_type, remarks, status, workflow_status_id, id) values (?, ?, ?, ?, ?, ?, ?, ?, ?, ?, ?, ?, ?, ?, ?)
2023-02-07 14:59:04.020 [main] DEBUG org.hibernate.SQL:128 - select jpacbmliab0_.member_id as member_i1_18_, jpacbmliab0_.action as action2_18_, jpacbmliab0_.approval_remark as approval3_18_, jpacbmliab0_.approved_by as approved4_18_, jpacbmliab0_.approved_date as approved5_18_, jpacbmliab0_.created_date as created_6_18_, jpacbmliab0_.currency_code as currency7_18_, jpacbmliab0_.effective_date as effectiv8_18_, jpacbmliab0_.modified_by as modified9_18_, jpacbmliab0_.modified_date as modifie10_18_, jpacbmliab0_.ql_lb_type as ql_lb_t11_18_, jpacbmliab0_.status as status12_18_, jpacbmliab0_.workflow_status_id as workflo13_18_ from cbm_liabilities_base jpacbmliab0_ where jpacbmliab0_.member_id=?
2023-02-07 14:59:04.043 [main] DEBUG org.hibernate.SQL:128 - select jpacbmliab0_.id as id1_23_0_, jpacbmliab0_.action as action2_23_0_, jpacbmliab0_.approval_remark as approval3_23_0_, jpacbmliab0_.approved_by as approved4_23_0_, jpacbmliab0_.approved_date as approved5_23_0_, jpacbmliab0_.created_date as created_6_23_0_, jpacbmliab0_.currency_code as currency7_23_0_, jpacbmliab0_.effective_date as effectiv8_23_0_, jpacbmliab0_.member_id as member_i9_23_0_, jpacbmliab0_.modified_by as modifie10_23_0_, jpacbmliab0_.modified_date as modifie11_23_0_, jpacbmliab0_.ql_lb_type as ql_lb_t12_23_0_, jpacbmliab0_.remarks as remarks13_23_0_, jpacbmliab0_.status as status14_23_0_, jpacbmliab0_.workflow_status_id as workflo15_23_0_ from cbm_liabilities_base_temp jpacbmliab0_ where jpacbmliab0_.id=?
2023-02-07 14:59:04.048 [main] DEBUG org.hibernate.SQL:128 - update cbm_liabilities_base_temp set action=?, approval_remark=?, approved_by=?, approved_date=?, created_date=?, currency_code=?, effective_date=?, member_id=?, modified_by=?, modified_date=?, ql_lb_type=?, remarks=?, status=?, workflow_status_id=? where id=?
2023-02-07 14:59:04.107 [main] INFO  scrips.datamigration.common.service.FkChecksEnableDisable:23 - enable FkChecks called
2023-02-07 14:59:04.109 [main] DEBUG org.hibernate.SQL:128 - SET FOREIGN_KEY_CHECKS = 1
2023-02-07 14:59:04.111 [main] INFO  scrips.datamigration.common.service.FkChecksEnableDisable:25 - enable FkChecks done
2023-02-07 14:59:04.115 [main] DEBUG org.hibernate.SQL:128 - SELECT @@GLOBAL.foreign_key_checks, @@SESSION.foreign_key_checks
2023-02-07 14:59:04.122 [main] INFO  scrips.datamigration.common.service.FkChecksEnableDisable:52 - foreign_key_checks status - 1
2023-02-07 14:59:04.123 [main] INFO  scrips.datamigration.App:77 - Process completed in (Hours:Minutes:Seconds) 0:0:9
2023-02-07 14:59:04.199 [SpringContextShutdownHook] INFO  org.springframework.orm.jpa.LocalContainerEntityManagerFactoryBean:598 - Closing JPA EntityManagerFactory for persistence unit 'data'
2023-02-07 14:59:04.212 [SpringContextShutdownHook] INFO  com.zaxxer.hikari.HikariDataSource:350 - HikariPool-1 - Shutdown initiated...
2023-02-07 14:59:04.266 [SpringContextShutdownHook] INFO  com.zaxxer.hikari.HikariDataSource:352 - HikariPool-1 - Shutdown completed.
