2023-02-13 15:07:23.385 [main] INFO  scrips.datamigration.App:55 - Starting App on WSIN181 with PID 8424 (D:\DataMigration\DATA_MIGRATION_RTGS\DataMigrationAndExtract\DataMigration\target\classes started by SheikKhadeer in D:\DataMigration\DATA_MIGRATION_RTGS\DataMigrationAndExtract\DataMigration)
2023-02-13 15:07:23.390 [main] INFO  scrips.datamigration.App:651 - No active profile set, falling back to default profiles: app
2023-02-13 15:07:24.095 [main] INFO  org.springframework.data.repository.config.RepositoryConfigurationDelegate:127 - Bootstrapping Spring Data JPA repositories in DEFAULT mode.
2023-02-13 15:07:24.516 [main] INFO  org.springframework.data.repository.config.RepositoryConfigurationDelegate:187 - Finished Spring Data repository scanning in 413ms. Found 62 JPA repository interfaces.
2023-02-13 15:07:24.800 [main] INFO  com.ulisesbocchio.jasyptspringboot.configuration.EnableEncryptablePropertiesBeanFactoryPostProcessor:39 - Post-processing PropertySource instances
2023-02-13 15:07:24.822 [main] INFO  com.ulisesbocchio.jasyptspringboot.EncryptablePropertySourceConverter:56 - Converting PropertySource configurationProperties [org.springframework.boot.context.properties.source.ConfigurationPropertySourcesPropertySource] to AOP Proxy
2023-02-13 15:07:24.823 [main] INFO  com.ulisesbocchio.jasyptspringboot.EncryptablePropertySourceConverter:56 - Converting PropertySource commandLineArgs [org.springframework.core.env.SimpleCommandLinePropertySource] to EncryptableEnumerablePropertySourceWrapper
2023-02-13 15:07:24.823 [main] INFO  com.ulisesbocchio.jasyptspringboot.EncryptablePropertySourceConverter:56 - Converting PropertySource systemProperties [org.springframework.core.env.PropertiesPropertySource] to EncryptableMapPropertySourceWrapper
2023-02-13 15:07:24.823 [main] INFO  com.ulisesbocchio.jasyptspringboot.EncryptablePropertySourceConverter:56 - Converting PropertySource systemEnvironment [org.springframework.boot.env.SystemEnvironmentPropertySourceEnvironmentPostProcessor$OriginAwareSystemEnvironmentPropertySource] to EncryptableSystemEnvironmentPropertySourceWrapper
2023-02-13 15:07:24.824 [main] INFO  com.ulisesbocchio.jasyptspringboot.EncryptablePropertySourceConverter:56 - Converting PropertySource random [org.springframework.boot.env.RandomValuePropertySource] to EncryptablePropertySourceWrapper
2023-02-13 15:07:24.824 [main] INFO  com.ulisesbocchio.jasyptspringboot.EncryptablePropertySourceConverter:56 - Converting PropertySource applicationConfig: [file:./config/application.properties] [org.springframework.boot.env.OriginTrackedMapPropertySource] to EncryptableMapPropertySourceWrapper
2023-02-13 15:07:24.824 [main] INFO  com.ulisesbocchio.jasyptspringboot.EncryptablePropertySourceConverter:56 - Converting PropertySource applicationConfig: [classpath:/application.properties] [org.springframework.boot.env.OriginTrackedMapPropertySource] to EncryptableMapPropertySourceWrapper
2023-02-13 15:07:24.824 [main] INFO  com.ulisesbocchio.jasyptspringboot.EncryptablePropertySourceConverter:56 - Converting PropertySource DataMigrationProperties [org.springframework.core.env.MapPropertySource] to EncryptableMapPropertySourceWrapper
2023-02-13 15:07:24.911 [main] INFO  com.ulisesbocchio.jasyptspringboot.filter.DefaultLazyPropertyFilter:31 - Property Filter custom Bean not found with name 'encryptablePropertyFilter'. Initializing Default Property Filter
2023-02-13 15:07:24.982 [main] INFO  com.ulisesbocchio.jasyptspringboot.resolver.DefaultLazyPropertyResolver:35 - Property Resolver custom Bean not found with name 'encryptablePropertyResolver'. Initializing Default Property Resolver
2023-02-13 15:07:24.985 [main] INFO  com.ulisesbocchio.jasyptspringboot.detector.DefaultLazyPropertyDetector:35 - Property Detector custom Bean not found with name 'encryptablePropertyDetector'. Initializing Default Property Detector
2023-02-13 15:07:24.992 [main] INFO  com.ulisesbocchio.jasyptspringboot.encryptor.DefaultLazyEncryptor:37 - String Encryptor custom Bean not found with name 'jasyptStringEncryptor'. Initializing Default String Encryptor
2023-02-13 15:07:25.023 [main] INFO  com.ulisesbocchio.jasyptspringboot.configuration.StringEncryptorBuilder:81 - Encryptor config not found for property jasypt.encryptor.key-obtention-iterations, using default value: 1000
2023-02-13 15:07:25.023 [main] INFO  com.ulisesbocchio.jasyptspringboot.configuration.StringEncryptorBuilder:81 - Encryptor config not found for property jasypt.encryptor.pool-size, using default value: 1
2023-02-13 15:07:25.024 [main] INFO  com.ulisesbocchio.jasyptspringboot.configuration.StringEncryptorBuilder:81 - Encryptor config not found for property jasypt.encryptor.provider-name, using default value: null
2023-02-13 15:07:25.025 [main] INFO  com.ulisesbocchio.jasyptspringboot.configuration.StringEncryptorBuilder:81 - Encryptor config not found for property jasypt.encryptor.provider-class-name, using default value: null
2023-02-13 15:07:25.025 [main] INFO  com.ulisesbocchio.jasyptspringboot.configuration.StringEncryptorBuilder:81 - Encryptor config not found for property jasypt.encryptor.salt-generator-classname, using default value: org.jasypt.salt.RandomSaltGenerator
2023-02-13 15:07:25.027 [main] INFO  com.ulisesbocchio.jasyptspringboot.configuration.StringEncryptorBuilder:81 - Encryptor config not found for property jasypt.encryptor.string-output-type, using default value: base64
2023-02-13 15:07:25.201 [main] INFO  org.hibernate.jpa.internal.util.LogHelper:31 - HHH000204: Processing PersistenceUnitInfo [name: data]
2023-02-13 15:07:25.258 [main] INFO  org.hibernate.Version:44 - HHH000412: Hibernate ORM core version 5.4.15.Final
2023-02-13 15:07:25.395 [main] INFO  org.hibernate.annotations.common.Version:49 - HCANN000001: Hibernate Commons Annotations {5.1.0.Final}
2023-02-13 15:07:25.851 [main] INFO  com.zaxxer.hikari.HikariDataSource:110 - HikariPool-1 - Starting...
2023-02-13 15:07:25.995 [main] INFO  com.zaxxer.hikari.HikariDataSource:123 - HikariPool-1 - Start completed.
2023-02-13 15:07:26.025 [main] INFO  org.hibernate.dialect.Dialect:172 - HHH000400: Using dialect: org.hibernate.dialect.MySQL8Dialect
2023-02-13 15:07:26.103 [main] INFO  org.hibernate.envers.boot.internal.EnversServiceImpl:90 - Envers integration enabled? : true
2023-02-13 15:07:27.744 [main] INFO  org.hibernate.engine.transaction.jta.platform.internal.JtaPlatformInitiator:52 - HHH000490: Using JtaPlatform implementation: [org.hibernate.engine.transaction.jta.platform.internal.NoJtaPlatform]
2023-02-13 15:07:27.752 [main] INFO  org.springframework.orm.jpa.LocalContainerEntityManagerFactoryBean:416 - Initialized JPA EntityManagerFactory for persistence unit 'data'
2023-02-13 15:07:29.699 [main] INFO  scrips.datamigration.App:61 - Started App in 6.81 seconds (JVM running for 8.102)
2023-02-13 15:07:29.710 [main] INFO  scrips.datamigration.common.service.FkChecksEnableDisable:36 - disable FkChecks called
2023-02-13 15:07:29.730 [main] DEBUG org.hibernate.SQL:128 - SET FOREIGN_KEY_CHECKS = 0
2023-02-13 15:07:29.741 [main] INFO  scrips.datamigration.common.service.FkChecksEnableDisable:38 - disable FkChecks done
2023-02-13 15:07:29.771 [main] DEBUG org.hibernate.SQL:128 - SELECT @@GLOBAL.foreign_key_checks, @@SESSION.foreign_key_checks
2023-02-13 15:07:29.778 [main] INFO  scrips.datamigration.common.service.FkChecksEnableDisable:52 - foreign_key_checks status - 0
2023-02-13 15:07:29.778 [main] INFO  scrips.datamigration.controller.ScripsFileUploadController:131 - fileUploadCode - SSS_SECURITIES_PRICE_FILE_UPLOAD
2023-02-13 15:07:29.778 [main] INFO  scrips.datamigration.common.service.FileUploadService:82 - getFileHeaderByCode entered
2023-02-13 15:07:29.779 [main] INFO  scrips.datamigration.common.service.FileUploadService:88 - fileUploadHeaderOut - sss_securities_price
2023-02-13 15:07:29.779 [main] INFO  scrips.datamigration.controller.ScripsFileUploadController:136 - Live table name ->sss_securities_price
2023-02-13 15:07:29.781 [main] INFO  scrips.datamigration.common.service.FileUploadService:98 - fieldName  -  securities_code
2023-02-13 15:07:29.781 [main] INFO  scrips.datamigration.common.service.FileUploadService:98 - fieldName  -  pricing_date
2023-02-13 15:07:29.781 [main] INFO  scrips.datamigration.common.service.FileUploadService:98 - fieldName  -  price
2023-02-13 15:07:29.781 [main] INFO  scrips.datamigration.common.service.FileUploadService:98 - fieldName  -  issue_code
2023-02-13 15:07:29.782 [main] INFO  scrips.datamigration.common.service.FileUploadService:104 - fileUploadDetails - [scrips.datamigration.fileupload.JpaFileUploadDetails@e13cc49, scrips.datamigration.fileupload.JpaFileUploadDetails@60c95d8, scrips.datamigration.fileupload.JpaFileUploadDetails@40557b00, scrips.datamigration.fileupload.JpaFileUploadDetails@172e4d3a]
2023-02-13 15:07:29.782 [main] INFO  scrips.datamigration.sss.service.SssSecuritiesFileDataService:36 - ftp status n
2023-02-13 15:07:29.782 [main] INFO  scrips.datamigration.sss.service.SssSecuritiesFileDataService:148 - fieldName  -  ISIN_CODE
2023-02-13 15:07:29.782 [main] INFO  scrips.datamigration.sss.service.SssSecuritiesFileDataService:148 - fieldName  -  DESCRIPTION
2023-02-13 15:07:29.782 [main] INFO  scrips.datamigration.sss.service.SssSecuritiesFileDataService:148 - fieldName  -  ISIN_TYPE
2023-02-13 15:07:29.782 [main] INFO  scrips.datamigration.sss.service.SssSecuritiesFileDataService:148 - fieldName  -  ISSUE_CODE
2023-02-13 15:07:29.783 [main] INFO  scrips.datamigration.sss.service.SssSecuritiesFileDataService:148 - fieldName  -  ISIN_STATUS
2023-02-13 15:07:29.783 [main] INFO  scrips.datamigration.sss.service.SssSecuritiesFileDataService:148 - fieldName  -  TAXABLE
2023-02-13 15:07:29.783 [main] INFO  scrips.datamigration.sss.service.SssSecuritiesFileDataService:148 - fieldName  -  TRADABLE
2023-02-13 15:07:29.783 [main] INFO  scrips.datamigration.sss.service.SssSecuritiesFileDataService:148 - fieldName  -  CREDIT_RATING
2023-02-13 15:07:29.783 [main] INFO  scrips.datamigration.sss.service.SssSecuritiesFileDataService:148 - fieldName  -  ELIGIBLE_FOR_ILF
2023-02-13 15:07:29.783 [main] INFO  scrips.datamigration.sss.service.SssSecuritiesFileDataService:148 - fieldName  -  ILF_HAIRCUT_SETTING
2023-02-13 15:07:29.783 [main] INFO  scrips.datamigration.sss.service.SssSecuritiesFileDataService:148 - fieldName  -  HAIRCUT_PERCENTAGE_FOR_ILF
2023-02-13 15:07:29.783 [main] INFO  scrips.datamigration.sss.service.SssSecuritiesFileDataService:148 - fieldName  -  MATURITY_DATE
2023-02-13 15:07:29.783 [main] INFO  scrips.datamigration.sss.service.SssSecuritiesFileDataService:148 - fieldName  -  OPTIONAL_MATURITY_DATE
2023-02-13 15:07:29.784 [main] INFO  scrips.datamigration.sss.service.SssSecuritiesFileDataService:148 - fieldName  -  AUCTION_DATE
2023-02-13 15:07:29.784 [main] INFO  scrips.datamigration.sss.service.SssSecuritiesFileDataService:148 - fieldName  -  FIRST_ISSUANCE_DATE
2023-02-13 15:07:29.784 [main] INFO  scrips.datamigration.sss.service.SssSecuritiesFileDataService:148 - fieldName  -  FIRST_ISSUANCE_AMOUNT
2023-02-13 15:07:29.784 [main] INFO  scrips.datamigration.sss.service.SssSecuritiesFileDataService:148 - fieldName  -  RE_OPENING_AUCTION_DATE
2023-02-13 15:07:29.784 [main] INFO  scrips.datamigration.sss.service.SssSecuritiesFileDataService:148 - fieldName  -  RE_OPENING_ALLOTMENT_DATE
2023-02-13 15:07:29.784 [main] INFO  scrips.datamigration.sss.service.SssSecuritiesFileDataService:148 - fieldName  -  RE_OPENING_TOTAL_ALLOTMENT_AMOUNT
2023-02-13 15:07:29.784 [main] INFO  scrips.datamigration.sss.service.SssSecuritiesFileDataService:148 - fieldName  -  TOTAL_ISSUED_AMOUNT
2023-02-13 15:07:29.784 [main] INFO  scrips.datamigration.sss.service.SssSecuritiesFileDataService:148 - fieldName  -  OUTSTANDING_NOMINAL_AMOUNT
2023-02-13 15:07:29.784 [main] INFO  scrips.datamigration.sss.service.SssSecuritiesFileDataService:148 - fieldName  -  AMOUNT_ALLOCATED_TO_MAS
2023-02-13 15:07:29.784 [main] INFO  scrips.datamigration.sss.service.SssSecuritiesFileDataService:148 - fieldName  -  AMOUNT_ALLOCATED_TO_OTHERS
2023-02-13 15:07:29.785 [main] INFO  scrips.datamigration.sss.service.SssSecuritiesFileDataService:148 - fieldName  -  MAS_APPLIED_AMOUNT
2023-02-13 15:07:29.785 [main] INFO  scrips.datamigration.sss.service.SssSecuritiesFileDataService:148 - fieldName  -  UNIT_SIZE
2023-02-13 15:07:29.785 [main] INFO  scrips.datamigration.sss.service.SssSecuritiesFileDataService:148 - fieldName  -  DENOMINATION
2023-02-13 15:07:29.785 [main] INFO  scrips.datamigration.sss.service.SssSecuritiesFileDataService:148 - fieldName  -  CURRENCY_CODE
2023-02-13 15:07:29.785 [main] INFO  scrips.datamigration.sss.service.SssSecuritiesFileDataService:148 - fieldName  -  REDEMPTION_PRICE
2023-02-13 15:07:29.785 [main] INFO  scrips.datamigration.sss.service.SssSecuritiesFileDataService:148 - fieldName  -  COUPON_RATE
2023-02-13 15:07:29.785 [main] INFO  scrips.datamigration.sss.service.SssSecuritiesFileDataService:148 - fieldName  -  EX_DATE_PERIOD
2023-02-13 15:07:29.785 [main] INFO  scrips.datamigration.sss.service.SssSecuritiesFileDataService:148 - fieldName  -  EX_DATE
2023-02-13 15:07:29.786 [main] INFO  scrips.datamigration.sss.service.SssSecuritiesFileDataService:148 - fieldName  -  COUPON_PAYMENT_FREQUENCY
2023-02-13 15:07:29.786 [main] INFO  scrips.datamigration.sss.service.SssSecuritiesFileDataService:148 - fieldName  -  LAST_COUPON_DATE
2023-02-13 15:07:29.786 [main] INFO  scrips.datamigration.sss.service.SssSecuritiesFileDataService:148 - fieldName  -  NEXT_COUPON_DATE
2023-02-13 15:07:29.786 [main] INFO  scrips.datamigration.sss.service.SssSecuritiesFileDataService:148 - fieldName  -  OPTIONAL_COUPON_DATE
2023-02-13 15:07:29.786 [main] INFO  scrips.datamigration.sss.service.SssSecuritiesFileDataService:148 - fieldName  -  DAYS_OF_ACCRUED_INTEREST
2023-02-13 15:07:29.786 [main] INFO  scrips.datamigration.sss.service.SssSecuritiesFileDataService:148 - fieldName  -  TENURE
2023-02-13 15:07:29.786 [main] INFO  scrips.datamigration.sss.service.SssSecuritiesFileDataService:148 - fieldName  -  AVERAGE_YIELD
2023-02-13 15:07:29.786 [main] INFO  scrips.datamigration.sss.service.SssSecuritiesFileDataService:148 - fieldName  -  CUTOFF_YIELD
2023-02-13 15:07:29.786 [main] INFO  scrips.datamigration.sss.service.SssSecuritiesFileDataService:148 - fieldName  -  AVERAGE_YIELD_PRICE
2023-02-13 15:07:29.786 [main] INFO  scrips.datamigration.sss.service.SssSecuritiesFileDataService:148 - fieldName  -  CUTOFF_YIELD_PRICE
2023-02-13 15:07:29.787 [main] INFO  scrips.datamigration.sss.service.SssSecuritiesFileDataService:148 - fieldName  -  RE_OPENING_MAS_APPLIED_AMOUNT
2023-02-13 15:07:29.787 [main] INFO  scrips.datamigration.sss.service.SssSecuritiesFileDataService:148 - fieldName  -  TOTAL_REDEEMED_AMOUNT
2023-02-13 15:07:29.787 [main] INFO  scrips.datamigration.sss.service.SssSecuritiesFileDataService:148 - fieldName  -  ISIN_SUB_TYPE
2023-02-13 15:07:29.787 [main] INFO  scrips.datamigration.sss.service.SssSecuritiesFileDataService:154 - fileUploadDetails - [scrips.datamigration.fileupload.JpaFileUploadDetails@74faa12, scrips.datamigration.fileupload.JpaFileUploadDetails@650f4d76, scrips.datamigration.fileupload.JpaFileUploadDetails@ee9b7ac, scrips.datamigration.fileupload.JpaFileUploadDetails@6b4b6cd6, scrips.datamigration.fileupload.JpaFileUploadDetails@11ae5497, scrips.datamigration.fileupload.JpaFileUploadDetails@ed5cf29, scrips.datamigration.fileupload.JpaFileUploadDetails@4dc24d88, scrips.datamigration.fileupload.JpaFileUploadDetails@7d5fb53a, scrips.datamigration.fileupload.JpaFileUploadDetails@1e364cea, scrips.datamigration.fileupload.JpaFileUploadDetails@3e3a7482, scrips.datamigration.fileupload.JpaFileUploadDetails@61cbd0c0, scrips.datamigration.fileupload.JpaFileUploadDetails@613d4fa6, scrips.datamigration.fileupload.JpaFileUploadDetails@4d400e77, scrips.datamigration.fileupload.JpaFileUploadDetails@2033fd39, scrips.datamigration.fileupload.JpaFileUploadDetails@1f41742f, scrips.datamigration.fileupload.JpaFileUploadDetails@148a581e, scrips.datamigration.fileupload.JpaFileUploadDetails@59f4df4e, scrips.datamigration.fileupload.JpaFileUploadDetails@66113b7c, scrips.datamigration.fileupload.JpaFileUploadDetails@7265db9d, scrips.datamigration.fileupload.JpaFileUploadDetails@34692767, scrips.datamigration.fileupload.JpaFileUploadDetails@4b98900b, scrips.datamigration.fileupload.JpaFileUploadDetails@24bd88df, scrips.datamigration.fileupload.JpaFileUploadDetails@78d816e6, scrips.datamigration.fileupload.JpaFileUploadDetails@5775485, scrips.datamigration.fileupload.JpaFileUploadDetails@ae094e8, scrips.datamigration.fileupload.JpaFileUploadDetails@42531e1b, scrips.datamigration.fileupload.JpaFileUploadDetails@7a845f91, scrips.datamigration.fileupload.JpaFileUploadDetails@4568ef38, scrips.datamigration.fileupload.JpaFileUploadDetails@4b2164a9, scrips.datamigration.fileupload.JpaFileUploadDetails@11581810, scrips.datamigration.fileupload.JpaFileUploadDetails@49f8b57d, scrips.datamigration.fileupload.JpaFileUploadDetails@4b6b9255, scrips.datamigration.fileupload.JpaFileUploadDetails@bafb3bd, scrips.datamigration.fileupload.JpaFileUploadDetails@5ae6a240, scrips.datamigration.fileupload.JpaFileUploadDetails@56b9a73c, scrips.datamigration.fileupload.JpaFileUploadDetails@41576e84, scrips.datamigration.fileupload.JpaFileUploadDetails@37930f48, scrips.datamigration.fileupload.JpaFileUploadDetails@58084f58, scrips.datamigration.fileupload.JpaFileUploadDetails@43139322, scrips.datamigration.fileupload.JpaFileUploadDetails@39caf68a, scrips.datamigration.fileupload.JpaFileUploadDetails@160c47b4, scrips.datamigration.fileupload.JpaFileUploadDetails@ce4a8a2, scrips.datamigration.fileupload.JpaFileUploadDetails@53b1a09f, scrips.datamigration.fileupload.JpaFileUploadDetails@3d2162c5]
2023-02-13 15:07:29.790 [main] INFO  scrips.datamigration.sss.service.SssSecuritiesFileDataService:64 - fileSourceData - ISIN Code;Description;ISIN Type;Issue Code;ISIN Status;Taxable;Tradable;Credit Rating;Eligible for ILF;ILF Haircut Setting;Haircut Percentage for ILF;Maturity Date;Optional Maturity Date;Auction Date;First Issuance Date;First Issuance Amount;Re-Opening - Auction Date;Re-Opening - Allotment Date;Re-Opening - Total Allotment Amount;Total Issued Amount;Outstanding Nominal Amount;Amount Allocated to MAS;Amount Allocated to Others;MAS Applied Amount;Unit Size;Denomination;Currency Code;Redemption Price;Coupon Rate;Ex-date Period;Ex-date;Coupon Payment Frequency;Last Coupon Date;Next Coupon Date;Optional Coupon Date;Days of Accrued Interest;Tenure;Average Yield;Cutoff Yield;Average Yield Price;Cutoff Yield Price;Re-Opening - MAS Applied Amount;Total Redeemed Amount;ISIN Sub Type
2023-02-13 15:07:29.791 [main] INFO  scrips.datamigration.sss.service.SssSecuritiesFileDataService:64 - fileSourceData - BCSISTEST012;99YR BOND 2017 DUE 010199 AUTOSFNP;BN;M1TOSFNP;A;Y;Y;AAA;Y;A;00300000;20240101; ;20171228;20171229;000001000000000;20221026;20221027;000900000000000;000902800000000;000902799998000;000001500000000;000901300000000;000001000000000;1000;000000000001000;SGD;10000000;00120000;3;20230529;S;20221201;20230601;20180601;182;050;00000000;0000;00000000;00000000;000900000000000;000000000002000;NA
2023-02-13 15:07:29.791 [main] INFO  scrips.datamigration.sss.service.SssSecuritiesFileDataService:64 - fileSourceData - BCSISMBIL001;MAS Bill;MB;BN2005M;A;Y;Y;AAA;Y;Y;00100000;20251231; ;20210518;20210519;000000100000000; ; ;000000000000000;000000100000000;000000100000000;000000000900000;000000099100000;000000000100000;1000;000000000001000;SGD;10000000;00000000;0; ;N; ; ; ; ;241;00000000;00012;00000000;00000000;000000000000000;000000000000000;NA
2023-02-13 15:07:29.791 [main] INFO  scrips.datamigration.sss.service.SssSecuritiesFileDataService:64 - fileSourceData - MEPSUAT00016;10YR SBOND 2016 DUE220426 GX16501W;SB;GX16501W;A;Y;N;AAA;N;N;00000000;20231022; ;20160421;20160422;000000000287500; ; ;000000000000000;000000000287500;000000000242500;000000000000000;000000000287500;000000000000000;1000;000000000000500;SGD;10000000;00700000;3;20230419;S;20221022;20230422;20161022; ;010;00000000;1001;00000000;00000000;000000000000000;000000000045000;NA
2023-02-13 15:07:29.791 [main] INFO  scrips.datamigration.sss.service.SssSecuritiesFileDataService:64 - fileSourceData - MEPSUAT00024;10YR SBOND 2016 DUE250426 GX16502N;SB;GX16502N;A;Y;N;AAA;N;N;00000000;20241025; ;20160422;20160425;000000000300000; ; ;000000000000000;000000000300000;000000000170000;000000000000000;000000000300000;000000000000000;1000;000000000000500;SGD;10000000;00293000;3;20230420;S;20221025;20230425;20161025; ;010;00000000;005;00000000;00000000;000000000000000;000000000130000;NA
2023-02-13 15:07:29.791 [main] INFO  scrips.datamigration.sss.service.SssSecuritiesFileDataService:66 - Headings - 1:ISIN_CODE
2023-02-13 15:07:29.791 [main] INFO  scrips.datamigration.sss.service.SssSecuritiesFileDataService:66 - Headings - 2:DESCRIPTION
2023-02-13 15:07:29.792 [main] INFO  scrips.datamigration.sss.service.SssSecuritiesFileDataService:66 - Headings - 3:ISIN_TYPE
2023-02-13 15:07:29.792 [main] INFO  scrips.datamigration.sss.service.SssSecuritiesFileDataService:66 - Headings - 4:ISSUE_CODE
2023-02-13 15:07:29.792 [main] INFO  scrips.datamigration.sss.service.SssSecuritiesFileDataService:66 - Headings - 5:ISIN_STATUS
2023-02-13 15:07:29.792 [main] INFO  scrips.datamigration.sss.service.SssSecuritiesFileDataService:66 - Headings - 6:TAXABLE
2023-02-13 15:07:29.792 [main] INFO  scrips.datamigration.sss.service.SssSecuritiesFileDataService:66 - Headings - 7:TRADABLE
2023-02-13 15:07:29.792 [main] INFO  scrips.datamigration.sss.service.SssSecuritiesFileDataService:66 - Headings - 8:CREDIT_RATING
2023-02-13 15:07:29.792 [main] INFO  scrips.datamigration.sss.service.SssSecuritiesFileDataService:66 - Headings - 9:ELIGIBLE_FOR_ILF
2023-02-13 15:07:29.792 [main] INFO  scrips.datamigration.sss.service.SssSecuritiesFileDataService:66 - Headings - 10:ILF_HAIRCUT_SETTING
2023-02-13 15:07:29.792 [main] INFO  scrips.datamigration.sss.service.SssSecuritiesFileDataService:66 - Headings - 11:HAIRCUT_PERCENTAGE_FOR_ILF
2023-02-13 15:07:29.793 [main] INFO  scrips.datamigration.sss.service.SssSecuritiesFileDataService:66 - Headings - 12:MATURITY_DATE
2023-02-13 15:07:29.793 [main] INFO  scrips.datamigration.sss.service.SssSecuritiesFileDataService:66 - Headings - 13:OPTIONAL_MATURITY_DATE
2023-02-13 15:07:29.793 [main] INFO  scrips.datamigration.sss.service.SssSecuritiesFileDataService:66 - Headings - 14:AUCTION_DATE
2023-02-13 15:07:29.793 [main] INFO  scrips.datamigration.sss.service.SssSecuritiesFileDataService:66 - Headings - 15:FIRST_ISSUANCE_DATE
2023-02-13 15:07:29.793 [main] INFO  scrips.datamigration.sss.service.SssSecuritiesFileDataService:66 - Headings - 16:FIRST_ISSUANCE_AMOUNT
2023-02-13 15:07:29.793 [main] INFO  scrips.datamigration.sss.service.SssSecuritiesFileDataService:66 - Headings - 17:RE_OPENING_AUCTION_DATE
2023-02-13 15:07:29.793 [main] INFO  scrips.datamigration.sss.service.SssSecuritiesFileDataService:66 - Headings - 18:RE_OPENING_ALLOTMENT_DATE
2023-02-13 15:07:29.793 [main] INFO  scrips.datamigration.sss.service.SssSecuritiesFileDataService:66 - Headings - 19:RE_OPENING_TOTAL_ALLOTMENT_AMOUNT
2023-02-13 15:07:29.794 [main] INFO  scrips.datamigration.sss.service.SssSecuritiesFileDataService:66 - Headings - 20:TOTAL_ISSUED_AMOUNT
2023-02-13 15:07:29.794 [main] INFO  scrips.datamigration.sss.service.SssSecuritiesFileDataService:66 - Headings - 21:OUTSTANDING_NOMINAL_AMOUNT
2023-02-13 15:07:29.794 [main] INFO  scrips.datamigration.sss.service.SssSecuritiesFileDataService:66 - Headings - 22:AMOUNT_ALLOCATED_TO_MAS
2023-02-13 15:07:29.794 [main] INFO  scrips.datamigration.sss.service.SssSecuritiesFileDataService:66 - Headings - 23:AMOUNT_ALLOCATED_TO_OTHERS
2023-02-13 15:07:29.794 [main] INFO  scrips.datamigration.sss.service.SssSecuritiesFileDataService:66 - Headings - 24:MAS_APPLIED_AMOUNT
2023-02-13 15:07:29.794 [main] INFO  scrips.datamigration.sss.service.SssSecuritiesFileDataService:66 - Headings - 25:UNIT_SIZE
2023-02-13 15:07:29.794 [main] INFO  scrips.datamigration.sss.service.SssSecuritiesFileDataService:66 - Headings - 26:DENOMINATION
2023-02-13 15:07:29.794 [main] INFO  scrips.datamigration.sss.service.SssSecuritiesFileDataService:66 - Headings - 27:CURRENCY_CODE
2023-02-13 15:07:29.794 [main] INFO  scrips.datamigration.sss.service.SssSecuritiesFileDataService:66 - Headings - 28:REDEMPTION_PRICE
2023-02-13 15:07:29.795 [main] INFO  scrips.datamigration.sss.service.SssSecuritiesFileDataService:66 - Headings - 29:COUPON_RATE
2023-02-13 15:07:29.795 [main] INFO  scrips.datamigration.sss.service.SssSecuritiesFileDataService:66 - Headings - 30:EX_DATE_PERIOD
2023-02-13 15:07:29.795 [main] INFO  scrips.datamigration.sss.service.SssSecuritiesFileDataService:66 - Headings - 31:EX_DATE
2023-02-13 15:07:29.795 [main] INFO  scrips.datamigration.sss.service.SssSecuritiesFileDataService:66 - Headings - 32:COUPON_PAYMENT_FREQUENCY
2023-02-13 15:07:29.795 [main] INFO  scrips.datamigration.sss.service.SssSecuritiesFileDataService:66 - Headings - 33:LAST_COUPON_DATE
2023-02-13 15:07:29.795 [main] INFO  scrips.datamigration.sss.service.SssSecuritiesFileDataService:66 - Headings - 34:NEXT_COUPON_DATE
2023-02-13 15:07:29.795 [main] INFO  scrips.datamigration.sss.service.SssSecuritiesFileDataService:66 - Headings - 35:OPTIONAL_COUPON_DATE
2023-02-13 15:07:29.796 [main] INFO  scrips.datamigration.sss.service.SssSecuritiesFileDataService:66 - Headings - 36:DAYS_OF_ACCRUED_INTEREST
2023-02-13 15:07:29.796 [main] INFO  scrips.datamigration.sss.service.SssSecuritiesFileDataService:66 - Headings - 37:TENURE
2023-02-13 15:07:29.796 [main] INFO  scrips.datamigration.sss.service.SssSecuritiesFileDataService:66 - Headings - 38:AVERAGE_YIELD
2023-02-13 15:07:29.796 [main] INFO  scrips.datamigration.sss.service.SssSecuritiesFileDataService:66 - Headings - 39:CUTOFF_YIELD
2023-02-13 15:07:29.796 [main] INFO  scrips.datamigration.sss.service.SssSecuritiesFileDataService:66 - Headings - 40:AVERAGE_YIELD_PRICE
2023-02-13 15:07:29.796 [main] INFO  scrips.datamigration.sss.service.SssSecuritiesFileDataService:66 - Headings - 41:CUTOFF_YIELD_PRICE
2023-02-13 15:07:29.796 [main] INFO  scrips.datamigration.sss.service.SssSecuritiesFileDataService:66 - Headings - 42:RE_OPENING_MAS_APPLIED_AMOUNT
2023-02-13 15:07:29.796 [main] INFO  scrips.datamigration.sss.service.SssSecuritiesFileDataService:66 - Headings - 43:TOTAL_REDEEMED_AMOUNT
2023-02-13 15:07:29.797 [main] INFO  scrips.datamigration.sss.service.SssSecuritiesFileDataService:66 - Headings - 44:ISIN_SUB_TYPE
2023-02-13 15:07:29.802 [main] INFO  scrips.datamigration.sss.service.SssSecuritiesFileDataService:218 - Total records in File: {}5
2023-02-13 15:07:29.803 [main] INFO  scrips.datamigration.controller.ScripsFileUploadController:154 - fileRecords - BCSISTEST012;20221201;10000000;M1TOSFNP
2023-02-13 15:07:29.804 [main] INFO  scrips.datamigration.controller.ScripsFileUploadController:154 - fileRecords - BCSISMBIL001;;10000000;BN2005M
2023-02-13 15:07:29.804 [main] INFO  scrips.datamigration.controller.ScripsFileUploadController:154 - fileRecords - MEPSUAT00016;20221022;10000000;GX16501W
2023-02-13 15:07:29.804 [main] INFO  scrips.datamigration.controller.ScripsFileUploadController:154 - fileRecords - MEPSUAT00024;20221025;10000000;GX16502N
2023-02-13 15:07:29.804 [main] INFO  scrips.datamigration.controller.ScripsFileUploadController:156 - 1:securities_code
2023-02-13 15:07:29.804 [main] INFO  scrips.datamigration.controller.ScripsFileUploadController:156 - 2:pricing_date
2023-02-13 15:07:29.804 [main] INFO  scrips.datamigration.controller.ScripsFileUploadController:156 - 3:price
2023-02-13 15:07:29.805 [main] INFO  scrips.datamigration.controller.ScripsFileUploadController:156 - 4:issue_code
2023-02-13 15:07:29.809 [main] INFO  scrips.datamigration.rtgs.service.AccountPositionService:101 - Total records in File: {}4
2023-02-13 15:07:29.841 [main] DEBUG org.hibernate.SQL:128 - select jpauser0_.id as id1_60_, jpauser0_.access_level as access_l2_60_, jpauser0_.action as action3_60_, jpauser0_.approval_remark as approval4_60_, jpauser0_.approved_by as approved5_60_, jpauser0_.approved_date as approved6_60_, jpauser0_.created_date as created_7_60_, jpauser0_.currency_code as currency8_60_, jpauser0_.effective_date as effectiv9_60_, jpauser0_.email as email10_60_, jpauser0_.first_activation_date as first_a11_60_, jpauser0_.last_login_datetime as last_lo12_60_, jpauser0_.login_attempts as login_a13_60_, jpauser0_.member_id as member_14_60_, jpauser0_.modified_by as modifie15_60_, jpauser0_.modified_date as modifie16_60_, jpauser0_.name as name17_60_, jpauser0_.password as passwor18_60_, jpauser0_.password_expiry_date as passwor19_60_, jpauser0_.phone_no as phone_n20_60_, jpauser0_.status as status21_60_, jpauser0_.swift_net_id as swift_n22_60_, jpauser0_.user_id as user_id23_60_, jpauser0_.user_status as user_st24_60_, jpauser0_.workflow_status_id as workflo25_60_ from user jpauser0_ where jpauser0_.name=?
2023-02-13 15:07:29.894 [main] DEBUG org.hibernate.SQL:128 - insert into securities_price_source (action, approval_remark, approved_by, approved_date, created_date, description, effective_date, id, issue_code, migrated_date, modified_by, modified_date, price, pricing_date, pricing_type, remarks, securities_code, status, workflow_status_id) values (?, ?, ?, ?, ?, ?, ?, ?, ?, ?, ?, ?, ?, ?, ?, ?, ?, ?, ?)
2023-02-13 15:07:29.990 [main] DEBUG org.hibernate.SQL:128 - select jpassssecu0_.securities_code as securiti1_38_, jpassssecu0_.action as action2_38_, jpassssecu0_.approval_remark as approval3_38_, jpassssecu0_.approved_by as approved4_38_, jpassssecu0_.approved_date as approved5_38_, jpassssecu0_.average_yield as average_6_38_, jpassssecu0_.benchmark_indicator as benchmar7_38_, jpassssecu0_.central_bank_applied_amount as central_8_38_, jpassssecu0_.coupon_payment_frequency as coupon_p9_38_, jpassssecu0_.coupon_rate as coupon_10_38_, jpassssecu0_.coupon_structure as coupon_11_38_, jpassssecu0_.created_date as created12_38_, jpassssecu0_.currency_code as currenc13_38_, jpassssecu0_.day_count_convention as day_cou14_38_, jpassssecu0_.denomination as denomin15_38_, jpassssecu0_.description as descrip16_38_, jpassssecu0_.effective_date as effecti17_38_, jpassssecu0_.facility_eligibility_id as facilit18_38_, jpassssecu0_.first_auction_date as first_a19_38_, jpassssecu0_.first_coupon_date as first_c20_38_, jpassssecu0_.first_issuance_amount as first_i21_38_, jpassssecu0_.first_issuance_date as first_i22_38_, jpassssecu0_.haircut_id as haircut23_38_, jpassssecu0_.ipa as ipa24_38_, jpassssecu0_.issue_code as issue_c25_38_, jpassssecu0_.issue_price as issue_p26_38_, jpassssecu0_.issue_yield as issue_y27_38_, jpassssecu0_.issuer_id as issuer_28_38_, jpassssecu0_.modified_by as modifie29_38_, jpassssecu0_.modified_date as modifie30_38_, jpassssecu0_.optional_redemption_date as optiona31_38_, jpassssecu0_.optional_redemption_price as optiona32_38_, jpassssecu0_.record_date_period as record_33_38_, jpassssecu0_.redemption_date as redempt34_38_, jpassssecu0_.redemption_price as redempt35_38_, jpassssecu0_.redemption_reimburse as redempt36_38_, jpassssecu0_.rounding_option as roundin37_38_, jpassssecu0_.securities_status as securit38_38_, jpassssecu0_.securities_tenor_period_unit as securit39_38_, jpassssecu0_.securities_type_id as securit40_38_, jpassssecu0_.status as status41_38_, jpassssecu0_.tax_scheme_id as tax_sch42_38_, jpassssecu0_.tenor_period as tenor_p43_38_, jpassssecu0_.tradable as tradabl44_38_, jpassssecu0_.workflow_status_id as workflo45_38_ from securities_code jpassssecu0_ where jpassssecu0_.securities_code=?
2023-02-13 15:07:30.009 [main] DEBUG org.hibernate.SQL:128 - select jpassssecu0_.id as id1_51_0_, jpassssecu0_.action as action2_51_0_, jpassssecu0_.approval_remark as approval3_51_0_, jpassssecu0_.approved_by as approved4_51_0_, jpassssecu0_.approved_date as approved5_51_0_, jpassssecu0_.created_date as created_6_51_0_, jpassssecu0_.description as descript7_51_0_, jpassssecu0_.effective_date as effectiv8_51_0_, jpassssecu0_.issue_code as issue_co9_51_0_, jpassssecu0_.modified_by as modifie10_51_0_, jpassssecu0_.modified_date as modifie11_51_0_, jpassssecu0_.price as price12_51_0_, jpassssecu0_.pricing_date as pricing13_51_0_, jpassssecu0_.pricing_type as pricing14_51_0_, jpassssecu0_.remarks as remarks15_51_0_, jpassssecu0_.securities_code as securit16_51_0_, jpassssecu0_.status as status17_51_0_, jpassssecu0_.workflow_status_id as workflo18_51_0_ from securities_price_temp jpassssecu0_ where jpassssecu0_.id=?
2023-02-13 15:07:30.027 [main] DEBUG org.hibernate.SQL:128 - insert into securities_price_temp (action, approval_remark, approved_by, approved_date, created_date, description, effective_date, issue_code, modified_by, modified_date, price, pricing_date, pricing_type, remarks, securities_code, status, workflow_status_id, id) values (?, ?, ?, ?, ?, ?, ?, ?, ?, ?, ?, ?, ?, ?, ?, ?, ?, ?)
2023-02-13 15:07:30.160 [main] DEBUG org.hibernate.SQL:128 - insert into securities_price_source (action, approval_remark, approved_by, approved_date, created_date, description, effective_date, id, issue_code, migrated_date, modified_by, modified_date, price, pricing_date, pricing_type, remarks, securities_code, status, workflow_status_id) values (?, ?, ?, ?, ?, ?, ?, ?, ?, ?, ?, ?, ?, ?, ?, ?, ?, ?, ?)
2023-02-13 15:07:30.340 [main] DEBUG org.hibernate.SQL:128 - insert into securities_price_source (action, approval_remark, approved_by, approved_date, created_date, description, effective_date, id, issue_code, migrated_date, modified_by, modified_date, price, pricing_date, pricing_type, remarks, securities_code, status, workflow_status_id) values (?, ?, ?, ?, ?, ?, ?, ?, ?, ?, ?, ?, ?, ?, ?, ?, ?, ?, ?)
2023-02-13 15:07:30.495 [main] DEBUG org.hibernate.SQL:128 - select jpassssecu0_.securities_code as securiti1_38_, jpassssecu0_.action as action2_38_, jpassssecu0_.approval_remark as approval3_38_, jpassssecu0_.approved_by as approved4_38_, jpassssecu0_.approved_date as approved5_38_, jpassssecu0_.average_yield as average_6_38_, jpassssecu0_.benchmark_indicator as benchmar7_38_, jpassssecu0_.central_bank_applied_amount as central_8_38_, jpassssecu0_.coupon_payment_frequency as coupon_p9_38_, jpassssecu0_.coupon_rate as coupon_10_38_, jpassssecu0_.coupon_structure as coupon_11_38_, jpassssecu0_.created_date as created12_38_, jpassssecu0_.currency_code as currenc13_38_, jpassssecu0_.day_count_convention as day_cou14_38_, jpassssecu0_.denomination as denomin15_38_, jpassssecu0_.description as descrip16_38_, jpassssecu0_.effective_date as effecti17_38_, jpassssecu0_.facility_eligibility_id as facilit18_38_, jpassssecu0_.first_auction_date as first_a19_38_, jpassssecu0_.first_coupon_date as first_c20_38_, jpassssecu0_.first_issuance_amount as first_i21_38_, jpassssecu0_.first_issuance_date as first_i22_38_, jpassssecu0_.haircut_id as haircut23_38_, jpassssecu0_.ipa as ipa24_38_, jpassssecu0_.issue_code as issue_c25_38_, jpassssecu0_.issue_price as issue_p26_38_, jpassssecu0_.issue_yield as issue_y27_38_, jpassssecu0_.issuer_id as issuer_28_38_, jpassssecu0_.modified_by as modifie29_38_, jpassssecu0_.modified_date as modifie30_38_, jpassssecu0_.optional_redemption_date as optiona31_38_, jpassssecu0_.optional_redemption_price as optiona32_38_, jpassssecu0_.record_date_period as record_33_38_, jpassssecu0_.redemption_date as redempt34_38_, jpassssecu0_.redemption_price as redempt35_38_, jpassssecu0_.redemption_reimburse as redempt36_38_, jpassssecu0_.rounding_option as roundin37_38_, jpassssecu0_.securities_status as securit38_38_, jpassssecu0_.securities_tenor_period_unit as securit39_38_, jpassssecu0_.securities_type_id as securit40_38_, jpassssecu0_.status as status41_38_, jpassssecu0_.tax_scheme_id as tax_sch42_38_, jpassssecu0_.tenor_period as tenor_p43_38_, jpassssecu0_.tradable as tradabl44_38_, jpassssecu0_.workflow_status_id as workflo45_38_ from securities_code jpassssecu0_ where jpassssecu0_.securities_code=?
2023-02-13 15:07:30.511 [main] DEBUG org.hibernate.SQL:128 - select jpassssecu0_.id as id1_51_0_, jpassssecu0_.action as action2_51_0_, jpassssecu0_.approval_remark as approval3_51_0_, jpassssecu0_.approved_by as approved4_51_0_, jpassssecu0_.approved_date as approved5_51_0_, jpassssecu0_.created_date as created_6_51_0_, jpassssecu0_.description as descript7_51_0_, jpassssecu0_.effective_date as effectiv8_51_0_, jpassssecu0_.issue_code as issue_co9_51_0_, jpassssecu0_.modified_by as modifie10_51_0_, jpassssecu0_.modified_date as modifie11_51_0_, jpassssecu0_.price as price12_51_0_, jpassssecu0_.pricing_date as pricing13_51_0_, jpassssecu0_.pricing_type as pricing14_51_0_, jpassssecu0_.remarks as remarks15_51_0_, jpassssecu0_.securities_code as securit16_51_0_, jpassssecu0_.status as status17_51_0_, jpassssecu0_.workflow_status_id as workflo18_51_0_ from securities_price_temp jpassssecu0_ where jpassssecu0_.id=?
2023-02-13 15:07:30.521 [main] DEBUG org.hibernate.SQL:128 - insert into securities_price_temp (action, approval_remark, approved_by, approved_date, created_date, description, effective_date, issue_code, modified_by, modified_date, price, pricing_date, pricing_type, remarks, securities_code, status, workflow_status_id, id) values (?, ?, ?, ?, ?, ?, ?, ?, ?, ?, ?, ?, ?, ?, ?, ?, ?, ?)
2023-02-13 15:07:31.207 [main] DEBUG org.hibernate.SQL:128 - insert into securities_price_source (action, approval_remark, approved_by, approved_date, created_date, description, effective_date, id, issue_code, migrated_date, modified_by, modified_date, price, pricing_date, pricing_type, remarks, securities_code, status, workflow_status_id) values (?, ?, ?, ?, ?, ?, ?, ?, ?, ?, ?, ?, ?, ?, ?, ?, ?, ?, ?)
2023-02-13 15:07:31.462 [main] DEBUG org.hibernate.SQL:128 - select jpassssecu0_.securities_code as securiti1_38_, jpassssecu0_.action as action2_38_, jpassssecu0_.approval_remark as approval3_38_, jpassssecu0_.approved_by as approved4_38_, jpassssecu0_.approved_date as approved5_38_, jpassssecu0_.average_yield as average_6_38_, jpassssecu0_.benchmark_indicator as benchmar7_38_, jpassssecu0_.central_bank_applied_amount as central_8_38_, jpassssecu0_.coupon_payment_frequency as coupon_p9_38_, jpassssecu0_.coupon_rate as coupon_10_38_, jpassssecu0_.coupon_structure as coupon_11_38_, jpassssecu0_.created_date as created12_38_, jpassssecu0_.currency_code as currenc13_38_, jpassssecu0_.day_count_convention as day_cou14_38_, jpassssecu0_.denomination as denomin15_38_, jpassssecu0_.description as descrip16_38_, jpassssecu0_.effective_date as effecti17_38_, jpassssecu0_.facility_eligibility_id as facilit18_38_, jpassssecu0_.first_auction_date as first_a19_38_, jpassssecu0_.first_coupon_date as first_c20_38_, jpassssecu0_.first_issuance_amount as first_i21_38_, jpassssecu0_.first_issuance_date as first_i22_38_, jpassssecu0_.haircut_id as haircut23_38_, jpassssecu0_.ipa as ipa24_38_, jpassssecu0_.issue_code as issue_c25_38_, jpassssecu0_.issue_price as issue_p26_38_, jpassssecu0_.issue_yield as issue_y27_38_, jpassssecu0_.issuer_id as issuer_28_38_, jpassssecu0_.modified_by as modifie29_38_, jpassssecu0_.modified_date as modifie30_38_, jpassssecu0_.optional_redemption_date as optiona31_38_, jpassssecu0_.optional_redemption_price as optiona32_38_, jpassssecu0_.record_date_period as record_33_38_, jpassssecu0_.redemption_date as redempt34_38_, jpassssecu0_.redemption_price as redempt35_38_, jpassssecu0_.redemption_reimburse as redempt36_38_, jpassssecu0_.rounding_option as roundin37_38_, jpassssecu0_.securities_status as securit38_38_, jpassssecu0_.securities_tenor_period_unit as securit39_38_, jpassssecu0_.securities_type_id as securit40_38_, jpassssecu0_.status as status41_38_, jpassssecu0_.tax_scheme_id as tax_sch42_38_, jpassssecu0_.tenor_period as tenor_p43_38_, jpassssecu0_.tradable as tradabl44_38_, jpassssecu0_.workflow_status_id as workflo45_38_ from securities_code jpassssecu0_ where jpassssecu0_.securities_code=?
2023-02-13 15:07:31.610 [main] DEBUG org.hibernate.SQL:128 - select jpassssecu0_.id as id1_51_0_, jpassssecu0_.action as action2_51_0_, jpassssecu0_.approval_remark as approval3_51_0_, jpassssecu0_.approved_by as approved4_51_0_, jpassssecu0_.approved_date as approved5_51_0_, jpassssecu0_.created_date as created_6_51_0_, jpassssecu0_.description as descript7_51_0_, jpassssecu0_.effective_date as effectiv8_51_0_, jpassssecu0_.issue_code as issue_co9_51_0_, jpassssecu0_.modified_by as modifie10_51_0_, jpassssecu0_.modified_date as modifie11_51_0_, jpassssecu0_.price as price12_51_0_, jpassssecu0_.pricing_date as pricing13_51_0_, jpassssecu0_.pricing_type as pricing14_51_0_, jpassssecu0_.remarks as remarks15_51_0_, jpassssecu0_.securities_code as securit16_51_0_, jpassssecu0_.status as status17_51_0_, jpassssecu0_.workflow_status_id as workflo18_51_0_ from securities_price_temp jpassssecu0_ where jpassssecu0_.id=?
2023-02-13 15:07:31.626 [main] DEBUG org.hibernate.SQL:128 - insert into securities_price_temp (action, approval_remark, approved_by, approved_date, created_date, description, effective_date, issue_code, modified_by, modified_date, price, pricing_date, pricing_type, remarks, securities_code, status, workflow_status_id, id) values (?, ?, ?, ?, ?, ?, ?, ?, ?, ?, ?, ?, ?, ?, ?, ?, ?, ?)
2023-02-13 15:07:31.859 [main] DEBUG org.hibernate.SQL:128 - select jpassssecu0_.securities_code as securiti1_49_0_, jpassssecu0_.action as action2_49_0_, jpassssecu0_.approval_remark as approval3_49_0_, jpassssecu0_.approved_by as approved4_49_0_, jpassssecu0_.approved_date as approved5_49_0_, jpassssecu0_.created_date as created_6_49_0_, jpassssecu0_.description as descript7_49_0_, jpassssecu0_.effective_date as effectiv8_49_0_, jpassssecu0_.issue_code as issue_co9_49_0_, jpassssecu0_.modified_by as modifie10_49_0_, jpassssecu0_.modified_date as modifie11_49_0_, jpassssecu0_.price as price12_49_0_, jpassssecu0_.pricing_date as pricing13_49_0_, jpassssecu0_.pricing_type as pricing14_49_0_, jpassssecu0_.status as status15_49_0_, jpassssecu0_.workflow_status_id as workflo16_49_0_ from securities_price jpassssecu0_ where jpassssecu0_.securities_code=?
2023-02-13 15:07:31.994 [main] DEBUG org.hibernate.SQL:128 - update securities_price set action=?, approval_remark=?, approved_by=?, approved_date=?, created_date=?, description=?, effective_date=?, issue_code=?, modified_by=?, modified_date=?, price=?, pricing_date=?, pricing_type=?, status=?, workflow_status_id=? where securities_code=?
2023-02-13 15:07:32.165 [main] DEBUG org.hibernate.SQL:128 - select jpassssecu0_.securities_code as securiti1_49_0_, jpassssecu0_.action as action2_49_0_, jpassssecu0_.approval_remark as approval3_49_0_, jpassssecu0_.approved_by as approved4_49_0_, jpassssecu0_.approved_date as approved5_49_0_, jpassssecu0_.created_date as created_6_49_0_, jpassssecu0_.description as descript7_49_0_, jpassssecu0_.effective_date as effectiv8_49_0_, jpassssecu0_.issue_code as issue_co9_49_0_, jpassssecu0_.modified_by as modifie10_49_0_, jpassssecu0_.modified_date as modifie11_49_0_, jpassssecu0_.price as price12_49_0_, jpassssecu0_.pricing_date as pricing13_49_0_, jpassssecu0_.pricing_type as pricing14_49_0_, jpassssecu0_.status as status15_49_0_, jpassssecu0_.workflow_status_id as workflo16_49_0_ from securities_price jpassssecu0_ where jpassssecu0_.securities_code=?
2023-02-13 15:07:32.174 [main] DEBUG org.hibernate.SQL:128 - update securities_price set action=?, approval_remark=?, approved_by=?, approved_date=?, created_date=?, description=?, effective_date=?, issue_code=?, modified_by=?, modified_date=?, price=?, pricing_date=?, pricing_type=?, status=?, workflow_status_id=? where securities_code=?
2023-02-13 15:07:32.408 [main] DEBUG org.hibernate.SQL:128 - select jpassssecu0_.securities_code as securiti1_49_0_, jpassssecu0_.action as action2_49_0_, jpassssecu0_.approval_remark as approval3_49_0_, jpassssecu0_.approved_by as approved4_49_0_, jpassssecu0_.approved_date as approved5_49_0_, jpassssecu0_.created_date as created_6_49_0_, jpassssecu0_.description as descript7_49_0_, jpassssecu0_.effective_date as effectiv8_49_0_, jpassssecu0_.issue_code as issue_co9_49_0_, jpassssecu0_.modified_by as modifie10_49_0_, jpassssecu0_.modified_date as modifie11_49_0_, jpassssecu0_.price as price12_49_0_, jpassssecu0_.pricing_date as pricing13_49_0_, jpassssecu0_.pricing_type as pricing14_49_0_, jpassssecu0_.status as status15_49_0_, jpassssecu0_.workflow_status_id as workflo16_49_0_ from securities_price jpassssecu0_ where jpassssecu0_.securities_code=?
2023-02-13 15:07:32.416 [main] DEBUG org.hibernate.SQL:128 - update securities_price set action=?, approval_remark=?, approved_by=?, approved_date=?, created_date=?, description=?, effective_date=?, issue_code=?, modified_by=?, modified_date=?, price=?, pricing_date=?, pricing_type=?, status=?, workflow_status_id=? where securities_code=?
2023-02-13 15:07:32.559 [main] INFO  scrips.datamigration.common.service.FkChecksEnableDisable:23 - enable FkChecks called
2023-02-13 15:07:32.560 [main] DEBUG org.hibernate.SQL:128 - SET FOREIGN_KEY_CHECKS = 1
2023-02-13 15:07:32.562 [main] INFO  scrips.datamigration.common.service.FkChecksEnableDisable:25 - enable FkChecks done
2023-02-13 15:07:32.566 [main] DEBUG org.hibernate.SQL:128 - SELECT @@GLOBAL.foreign_key_checks, @@SESSION.foreign_key_checks
2023-02-13 15:07:32.570 [main] INFO  scrips.datamigration.common.service.FkChecksEnableDisable:52 - foreign_key_checks status - 1
2023-02-13 15:07:32.571 [main] INFO  scrips.datamigration.App:77 - Process completed in (Hours:Minutes:Seconds) 0:0:9
2023-02-13 15:07:32.615 [SpringContextShutdownHook] INFO  org.springframework.orm.jpa.LocalContainerEntityManagerFactoryBean:598 - Closing JPA EntityManagerFactory for persistence unit 'data'
2023-02-13 15:07:32.619 [SpringContextShutdownHook] INFO  com.zaxxer.hikari.HikariDataSource:350 - HikariPool-1 - Shutdown initiated...
2023-02-13 15:07:32.635 [SpringContextShutdownHook] INFO  com.zaxxer.hikari.HikariDataSource:352 - HikariPool-1 - Shutdown completed.
