2023-02-13 11:45:54.804 [main] INFO  scrips.datamigration.App:55 - Starting App on WSIN181 with PID 8068 (D:\DataMigration\DATA_MIGRATION_RTGS\DataMigrationAndExtract\DataMigration\target\classes started by SheikKhadeer in D:\DataMigration\DATA_MIGRATION_RTGS\DataMigrationAndExtract\DataMigration)
2023-02-13 11:45:54.811 [main] INFO  scrips.datamigration.App:651 - No active profile set, falling back to default profiles: app
2023-02-13 11:45:55.609 [main] INFO  org.springframework.data.repository.config.RepositoryConfigurationDelegate:127 - Bootstrapping Spring Data JPA repositories in DEFAULT mode.
2023-02-13 11:45:56.011 [main] INFO  org.springframework.data.repository.config.RepositoryConfigurationDelegate:187 - Finished Spring Data repository scanning in 393ms. Found 62 JPA repository interfaces.
2023-02-13 11:45:56.270 [main] INFO  com.ulisesbocchio.jasyptspringboot.configuration.EnableEncryptablePropertiesBeanFactoryPostProcessor:39 - Post-processing PropertySource instances
2023-02-13 11:45:56.292 [main] INFO  com.ulisesbocchio.jasyptspringboot.EncryptablePropertySourceConverter:56 - Converting PropertySource configurationProperties [org.springframework.boot.context.properties.source.ConfigurationPropertySourcesPropertySource] to AOP Proxy
2023-02-13 11:45:56.293 [main] INFO  com.ulisesbocchio.jasyptspringboot.EncryptablePropertySourceConverter:56 - Converting PropertySource commandLineArgs [org.springframework.core.env.SimpleCommandLinePropertySource] to EncryptableEnumerablePropertySourceWrapper
2023-02-13 11:45:56.293 [main] INFO  com.ulisesbocchio.jasyptspringboot.EncryptablePropertySourceConverter:56 - Converting PropertySource systemProperties [org.springframework.core.env.PropertiesPropertySource] to EncryptableMapPropertySourceWrapper
2023-02-13 11:45:56.293 [main] INFO  com.ulisesbocchio.jasyptspringboot.EncryptablePropertySourceConverter:56 - Converting PropertySource systemEnvironment [org.springframework.boot.env.SystemEnvironmentPropertySourceEnvironmentPostProcessor$OriginAwareSystemEnvironmentPropertySource] to EncryptableSystemEnvironmentPropertySourceWrapper
2023-02-13 11:45:56.294 [main] INFO  com.ulisesbocchio.jasyptspringboot.EncryptablePropertySourceConverter:56 - Converting PropertySource random [org.springframework.boot.env.RandomValuePropertySource] to EncryptablePropertySourceWrapper
2023-02-13 11:45:56.294 [main] INFO  com.ulisesbocchio.jasyptspringboot.EncryptablePropertySourceConverter:56 - Converting PropertySource applicationConfig: [file:./config/application.properties] [org.springframework.boot.env.OriginTrackedMapPropertySource] to EncryptableMapPropertySourceWrapper
2023-02-13 11:45:56.294 [main] INFO  com.ulisesbocchio.jasyptspringboot.EncryptablePropertySourceConverter:56 - Converting PropertySource applicationConfig: [classpath:/application.properties] [org.springframework.boot.env.OriginTrackedMapPropertySource] to EncryptableMapPropertySourceWrapper
2023-02-13 11:45:56.294 [main] INFO  com.ulisesbocchio.jasyptspringboot.EncryptablePropertySourceConverter:56 - Converting PropertySource DataMigrationProperties [org.springframework.core.env.MapPropertySource] to EncryptableMapPropertySourceWrapper
2023-02-13 11:45:56.379 [main] INFO  com.ulisesbocchio.jasyptspringboot.filter.DefaultLazyPropertyFilter:31 - Property Filter custom Bean not found with name 'encryptablePropertyFilter'. Initializing Default Property Filter
2023-02-13 11:45:56.450 [main] INFO  com.ulisesbocchio.jasyptspringboot.resolver.DefaultLazyPropertyResolver:35 - Property Resolver custom Bean not found with name 'encryptablePropertyResolver'. Initializing Default Property Resolver
2023-02-13 11:45:56.452 [main] INFO  com.ulisesbocchio.jasyptspringboot.detector.DefaultLazyPropertyDetector:35 - Property Detector custom Bean not found with name 'encryptablePropertyDetector'. Initializing Default Property Detector
2023-02-13 11:45:56.459 [main] INFO  com.ulisesbocchio.jasyptspringboot.encryptor.DefaultLazyEncryptor:37 - String Encryptor custom Bean not found with name 'jasyptStringEncryptor'. Initializing Default String Encryptor
2023-02-13 11:45:56.493 [main] INFO  com.ulisesbocchio.jasyptspringboot.configuration.StringEncryptorBuilder:81 - Encryptor config not found for property jasypt.encryptor.key-obtention-iterations, using default value: 1000
2023-02-13 11:45:56.494 [main] INFO  com.ulisesbocchio.jasyptspringboot.configuration.StringEncryptorBuilder:81 - Encryptor config not found for property jasypt.encryptor.pool-size, using default value: 1
2023-02-13 11:45:56.494 [main] INFO  com.ulisesbocchio.jasyptspringboot.configuration.StringEncryptorBuilder:81 - Encryptor config not found for property jasypt.encryptor.provider-name, using default value: null
2023-02-13 11:45:56.495 [main] INFO  com.ulisesbocchio.jasyptspringboot.configuration.StringEncryptorBuilder:81 - Encryptor config not found for property jasypt.encryptor.provider-class-name, using default value: null
2023-02-13 11:45:56.495 [main] INFO  com.ulisesbocchio.jasyptspringboot.configuration.StringEncryptorBuilder:81 - Encryptor config not found for property jasypt.encryptor.salt-generator-classname, using default value: org.jasypt.salt.RandomSaltGenerator
2023-02-13 11:45:56.497 [main] INFO  com.ulisesbocchio.jasyptspringboot.configuration.StringEncryptorBuilder:81 - Encryptor config not found for property jasypt.encryptor.string-output-type, using default value: base64
2023-02-13 11:45:56.651 [main] INFO  org.hibernate.jpa.internal.util.LogHelper:31 - HHH000204: Processing PersistenceUnitInfo [name: data]
2023-02-13 11:45:56.706 [main] INFO  org.hibernate.Version:44 - HHH000412: Hibernate ORM core version 5.4.15.Final
2023-02-13 11:45:56.833 [main] INFO  org.hibernate.annotations.common.Version:49 - HCANN000001: Hibernate Commons Annotations {5.1.0.Final}
2023-02-13 11:45:57.257 [main] INFO  com.zaxxer.hikari.HikariDataSource:110 - HikariPool-1 - Starting...
2023-02-13 11:45:57.395 [main] INFO  com.zaxxer.hikari.HikariDataSource:123 - HikariPool-1 - Start completed.
2023-02-13 11:45:57.425 [main] INFO  org.hibernate.dialect.Dialect:172 - HHH000400: Using dialect: org.hibernate.dialect.MySQL8Dialect
2023-02-13 11:45:57.506 [main] INFO  org.hibernate.envers.boot.internal.EnversServiceImpl:90 - Envers integration enabled? : true
2023-02-13 11:45:59.381 [main] INFO  org.hibernate.engine.transaction.jta.platform.internal.JtaPlatformInitiator:52 - HHH000490: Using JtaPlatform implementation: [org.hibernate.engine.transaction.jta.platform.internal.NoJtaPlatform]
2023-02-13 11:45:59.389 [main] INFO  org.springframework.orm.jpa.LocalContainerEntityManagerFactoryBean:416 - Initialized JPA EntityManagerFactory for persistence unit 'data'
2023-02-13 11:46:01.493 [main] INFO  scrips.datamigration.App:61 - Started App in 7.264 seconds (JVM running for 8.586)
2023-02-13 11:46:01.499 [main] INFO  scrips.datamigration.controller.ReportController:44 - 2023-02-08 - SSS_SUMMARY_REPORT
2023-02-13 11:46:01.500 [main] INFO  scrips.datamigration.common.service.GenerateReportService:109 - process started for :SSS_SUMMARY_REPORT
2023-02-13 11:46:01.526 [main] DEBUG org.hibernate.SQL:128 - select 'Allotment' as col_0_0_, count(*) as col_1_0_, (select count(*) from allotment_source jpasssallo2_) as col_2_0_ from allotment_source jpasssallo0_ inner join allotment jpasssallo1_ on (jpasssallo0_.id=jpasssallo1_.id)
2023-02-13 11:46:01.544 [main] DEBUG org.hibernate.SQL:128 - select 'Floating Rate' as col_0_0_, count(*) as col_1_0_, (select count(*) from floating_rate_source jpasssfloa2_) as col_2_0_ from floating_rate_source jpasssfloa0_ right outer join floating_rate jpasssfloa1_ on (jpasssfloa0_.reference_rate=jpasssfloa1_.reference_rate and jpasssfloa0_.value_date=jpasssfloa1_.value_date and jpasssfloa0_.migrated_date=jpasssfloa1_.created_date and (jpasssfloa0_.remarks is null))
2023-02-13 11:46:01.551 [main] DEBUG org.hibernate.SQL:128 - select 'Securities code' as col_0_0_, count(*) as col_1_0_, (select count(*) from securities_code_source jpassssecu3_ where ? is null or date(jpassssecu3_.migrated_date)=?) as col_2_0_ from securities_code_source jpassssecu0_ left outer join securities_code_temp jpassssecu1_ on (jpassssecu0_.id=jpassssecu1_.id) left outer join securities_code jpassssecu2_ on (jpassssecu1_.securities_code=jpassssecu2_.securities_code and jpassssecu0_.migrated_date=jpassssecu2_.created_date and (jpassssecu0_.remarks is null)) where ? is null or date(jpassssecu0_.migrated_date)=?
2023-02-13 11:46:01.562 [main] INFO  scrips.datamigration.common.service.GenerateReportService:246 - Path -> D:/DataMigration/DATA_MIGRATION_RTGS/DataMigrationAndExtract/DataMigration/reports/
2023-02-13 11:46:02.811 [main] WARN  net.sf.jasperreports.engine.export.PdfGlyphRenderer:68 - Unpatched iText found, cannot use glyph rendering
2023-02-13 11:46:02.982 [main] INFO  scrips.datamigration.App:77 - Process completed in (Hours:Minutes:Seconds) 0:0:8
2023-02-13 11:46:02.997 [SpringContextShutdownHook] INFO  org.springframework.orm.jpa.LocalContainerEntityManagerFactoryBean:598 - Closing JPA EntityManagerFactory for persistence unit 'data'
2023-02-13 11:46:03.000 [SpringContextShutdownHook] INFO  com.zaxxer.hikari.HikariDataSource:350 - HikariPool-1 - Shutdown initiated...
2023-02-13 11:46:03.011 [SpringContextShutdownHook] INFO  com.zaxxer.hikari.HikariDataSource:352 - HikariPool-1 - Shutdown completed.
