2023-02-23 11:43:50.432 [main] INFO  scrips.datamigration.App:55 - Starting App on WSIN181 with PID 13196 (E:\DataMigration\DATA_MIGRATION_RTGS\DataMigrationAndExtract\DataMigration\target\classes started by SheikKhadeer in E:\DataMigration\DATA_MIGRATION_RTGS\DataMigrationAndExtract\DataMigration)
2023-02-23 11:43:50.438 [main] INFO  scrips.datamigration.App:651 - No active profile set, falling back to default profiles: app
2023-02-23 11:43:50.959 [main] INFO  org.springframework.data.repository.config.RepositoryConfigurationDelegate:127 - Bootstrapping Spring Data JPA repositories in DEFAULT mode.
2023-02-23 11:43:51.206 [main] INFO  org.springframework.data.repository.config.RepositoryConfigurationDelegate:187 - Finished Spring Data repository scanning in 237ms. Found 63 JPA repository interfaces.
2023-02-23 11:43:51.496 [main] INFO  com.ulisesbocchio.jasyptspringboot.configuration.EnableEncryptablePropertiesBeanFactoryPostProcessor:39 - Post-processing PropertySource instances
2023-02-23 11:43:51.527 [main] INFO  com.ulisesbocchio.jasyptspringboot.EncryptablePropertySourceConverter:56 - Converting PropertySource configurationProperties [org.springframework.boot.context.properties.source.ConfigurationPropertySourcesPropertySource] to AOP Proxy
2023-02-23 11:43:51.527 [main] INFO  com.ulisesbocchio.jasyptspringboot.EncryptablePropertySourceConverter:56 - Converting PropertySource commandLineArgs [org.springframework.core.env.SimpleCommandLinePropertySource] to EncryptableEnumerablePropertySourceWrapper
2023-02-23 11:43:51.528 [main] INFO  com.ulisesbocchio.jasyptspringboot.EncryptablePropertySourceConverter:56 - Converting PropertySource systemProperties [org.springframework.core.env.PropertiesPropertySource] to EncryptableMapPropertySourceWrapper
2023-02-23 11:43:51.528 [main] INFO  com.ulisesbocchio.jasyptspringboot.EncryptablePropertySourceConverter:56 - Converting PropertySource systemEnvironment [org.springframework.boot.env.SystemEnvironmentPropertySourceEnvironmentPostProcessor$OriginAwareSystemEnvironmentPropertySource] to EncryptableSystemEnvironmentPropertySourceWrapper
2023-02-23 11:43:51.528 [main] INFO  com.ulisesbocchio.jasyptspringboot.EncryptablePropertySourceConverter:56 - Converting PropertySource random [org.springframework.boot.env.RandomValuePropertySource] to EncryptablePropertySourceWrapper
2023-02-23 11:43:51.529 [main] INFO  com.ulisesbocchio.jasyptspringboot.EncryptablePropertySourceConverter:56 - Converting PropertySource applicationConfig: [file:./config/application.properties] [org.springframework.boot.env.OriginTrackedMapPropertySource] to EncryptableMapPropertySourceWrapper
2023-02-23 11:43:51.529 [main] INFO  com.ulisesbocchio.jasyptspringboot.EncryptablePropertySourceConverter:56 - Converting PropertySource applicationConfig: [classpath:/application.properties] [org.springframework.boot.env.OriginTrackedMapPropertySource] to EncryptableMapPropertySourceWrapper
2023-02-23 11:43:51.529 [main] INFO  com.ulisesbocchio.jasyptspringboot.EncryptablePropertySourceConverter:56 - Converting PropertySource DataMigrationProperties [org.springframework.core.env.MapPropertySource] to EncryptableMapPropertySourceWrapper
2023-02-23 11:43:51.617 [main] INFO  com.ulisesbocchio.jasyptspringboot.filter.DefaultLazyPropertyFilter:31 - Property Filter custom Bean not found with name 'encryptablePropertyFilter'. Initializing Default Property Filter
2023-02-23 11:43:51.708 [main] INFO  com.ulisesbocchio.jasyptspringboot.resolver.DefaultLazyPropertyResolver:35 - Property Resolver custom Bean not found with name 'encryptablePropertyResolver'. Initializing Default Property Resolver
2023-02-23 11:43:51.711 [main] INFO  com.ulisesbocchio.jasyptspringboot.detector.DefaultLazyPropertyDetector:35 - Property Detector custom Bean not found with name 'encryptablePropertyDetector'. Initializing Default Property Detector
2023-02-23 11:43:51.843 [main] INFO  org.hibernate.jpa.internal.util.LogHelper:31 - HHH000204: Processing PersistenceUnitInfo [name: data]
2023-02-23 11:43:51.913 [main] INFO  org.hibernate.Version:44 - HHH000412: Hibernate ORM core version 5.4.15.Final
2023-02-23 11:43:52.120 [main] INFO  org.hibernate.annotations.common.Version:49 - HCANN000001: Hibernate Commons Annotations {5.1.0.Final}
2023-02-23 11:43:52.427 [main] INFO  com.zaxxer.hikari.HikariDataSource:110 - HikariPool-1 - Starting...
2023-02-23 11:43:52.613 [main] INFO  com.zaxxer.hikari.HikariDataSource:123 - HikariPool-1 - Start completed.
2023-02-23 11:43:52.654 [main] INFO  org.hibernate.dialect.Dialect:172 - HHH000400: Using dialect: org.hibernate.dialect.MySQL8Dialect
2023-02-23 11:43:52.773 [main] INFO  org.hibernate.envers.boot.internal.EnversServiceImpl:90 - Envers integration enabled? : true
2023-02-23 11:43:54.524 [main] INFO  org.hibernate.engine.transaction.jta.platform.internal.JtaPlatformInitiator:52 - HHH000490: Using JtaPlatform implementation: [org.hibernate.engine.transaction.jta.platform.internal.NoJtaPlatform]
2023-02-23 11:43:54.532 [main] INFO  org.springframework.orm.jpa.LocalContainerEntityManagerFactoryBean:416 - Initialized JPA EntityManagerFactory for persistence unit 'data'
2023-02-23 11:43:57.116 [main] INFO  scrips.datamigration.App:61 - Started App in 7.224 seconds (JVM running for 8.192)
2023-02-23 11:43:57.131 [main] INFO  scrips.datamigration.common.service.FkChecksEnableDisable:36 - disable FkChecks called
2023-02-23 11:43:57.154 [main] DEBUG org.hibernate.SQL:128 - SET FOREIGN_KEY_CHECKS = 0
2023-02-23 11:43:57.170 [main] INFO  scrips.datamigration.common.service.FkChecksEnableDisable:38 - disable FkChecks done
2023-02-23 11:43:57.205 [main] DEBUG org.hibernate.SQL:128 - SELECT @@GLOBAL.foreign_key_checks, @@SESSION.foreign_key_checks
2023-02-23 11:43:57.215 [main] INFO  scrips.datamigration.common.service.FkChecksEnableDisable:52 - foreign_key_checks status - 0
2023-02-23 11:43:57.216 [main] INFO  scrips.datamigration.controller.ScripsFileUploadController:131 - fileUploadCode - CBM_SORA_RATE_FILE_UPLOAD
2023-02-23 11:43:57.216 [main] INFO  scrips.datamigration.common.service.FileUploadService:82 - getFileHeaderByCode entered
2023-02-23 11:43:57.217 [main] INFO  scrips.datamigration.common.service.FileUploadService:88 - fileUploadHeaderOut - cbm_sora_rate
2023-02-23 11:43:57.217 [main] INFO  scrips.datamigration.controller.ScripsFileUploadController:136 - Live table name ->cbm_sora_rate
2023-02-23 11:43:57.219 [main] INFO  scrips.datamigration.common.service.FileUploadService:98 - fieldName  -  reference_rate
2023-02-23 11:43:57.220 [main] INFO  scrips.datamigration.common.service.FileUploadService:98 - fieldName  -  publication_date
2023-02-23 11:43:57.220 [main] INFO  scrips.datamigration.common.service.FileUploadService:98 - fieldName  -  value_date
2023-02-23 11:43:57.220 [main] INFO  scrips.datamigration.common.service.FileUploadService:98 - fieldName  -  rate
2023-02-23 11:43:57.221 [main] INFO  scrips.datamigration.common.service.FileUploadService:104 - fileUploadDetails - [scrips.datamigration.fileupload.JpaFileUploadDetails@69765d94, scrips.datamigration.fileupload.JpaFileUploadDetails@62f25e32, scrips.datamigration.fileupload.JpaFileUploadDetails@44a1e5d2, scrips.datamigration.fileupload.JpaFileUploadDetails@48adb967]
2023-02-23 11:43:57.221 [main] INFO  scrips.datamigration.common.service.FileUploadService:48 - ftp status n
2023-02-23 11:43:57.222 [main] INFO  scrips.datamigration.common.service.FileUploadService:64 - FTP Not Enabled,Reading files from MigrationFiles folder
2023-02-23 11:43:57.225 [main] INFO  scrips.datamigration.controller.ScripsFileUploadController:154 - fileRecords - SORA INDEX|20220506|20220515|.1234567890
2023-02-23 11:43:57.225 [main] INFO  scrips.datamigration.controller.ScripsFileUploadController:154 - fileRecords - SORA INDEX|20220506|20220515|123.
2023-02-23 11:43:57.226 [main] INFO  scrips.datamigration.controller.ScripsFileUploadController:154 - fileRecords - SORA RATE|20220508|20220508|123.1234567891
2023-02-23 11:43:57.226 [main] INFO  scrips.datamigration.controller.ScripsFileUploadController:154 - fileRecords - SORA RATE|20220506|20220510|
2023-02-23 11:43:57.226 [main] INFO  scrips.datamigration.controller.ScripsFileUploadController:154 - fileRecords - SORA RATE|20220508|20220508|1234.56
2023-02-23 11:43:57.226 [main] INFO  scrips.datamigration.controller.ScripsFileUploadController:154 - fileRecords - SORA RATE|20220506|20220511|123.123456789091
2023-02-23 11:43:57.226 [main] INFO  scrips.datamigration.controller.ScripsFileUploadController:154 - fileRecords - SORA INDEX|20220506|20220515|TEST
2023-02-23 11:43:57.227 [main] INFO  scrips.datamigration.controller.ScripsFileUploadController:154 - fileRecords - SORA INDEX|20220506|TEST|.
2023-02-23 11:43:57.227 [main] INFO  scrips.datamigration.controller.ScripsFileUploadController:154 - fileRecords - SORA INDEX|TEST|20220519|1.3000000000
2023-02-23 11:43:57.227 [main] INFO  scrips.datamigration.controller.ScripsFileUploadController:156 - 1:reference_rate
2023-02-23 11:43:57.228 [main] INFO  scrips.datamigration.controller.ScripsFileUploadController:156 - 2:publication_date
2023-02-23 11:43:57.228 [main] INFO  scrips.datamigration.controller.ScripsFileUploadController:156 - 3:value_date
2023-02-23 11:43:57.229 [main] INFO  scrips.datamigration.controller.ScripsFileUploadController:156 - 4:rate
2023-02-23 11:43:57.237 [main] INFO  scrips.datamigration.rtgs.service.CbmSoraRateService:94 - Total records in File: {}9
2023-02-23 11:43:57.269 [main] DEBUG org.hibernate.SQL:128 - select jpauser0_.id as id1_60_, jpauser0_.access_level as access_l2_60_, jpauser0_.action as action3_60_, jpauser0_.approval_remark as approval4_60_, jpauser0_.approved_by as approved5_60_, jpauser0_.approved_date as approved6_60_, jpauser0_.created_date as created_7_60_, jpauser0_.currency_code as currency8_60_, jpauser0_.effective_date as effectiv9_60_, jpauser0_.email as email10_60_, jpauser0_.first_activation_date as first_a11_60_, jpauser0_.last_login_datetime as last_lo12_60_, jpauser0_.login_attempts as login_a13_60_, jpauser0_.member_id as member_14_60_, jpauser0_.modified_by as modifie15_60_, jpauser0_.modified_date as modifie16_60_, jpauser0_.name as name17_60_, jpauser0_.password as passwor18_60_, jpauser0_.password_expiry_date as passwor19_60_, jpauser0_.phone_no as phone_n20_60_, jpauser0_.status as status21_60_, jpauser0_.swift_net_id as swift_n22_60_, jpauser0_.user_id as user_id23_60_, jpauser0_.user_status as user_st24_60_, jpauser0_.workflow_status_id as workflo25_60_ from user jpauser0_ where jpauser0_.name=?
2023-02-23 11:43:57.305 [main] DEBUG org.hibernate.SQL:128 - insert into cbm_sora_rate_source (action, approval_remark, approved_by, approved_date, created_date, effective_date, id, migrated_date, modified_by, modified_date, publication_date, rate, reference_rate, remarks, status, value_date, workflow_status_id) values (?, ?, ?, ?, ?, ?, ?, ?, ?, ?, ?, ?, ?, ?, ?, ?, ?)
2023-02-23 11:43:57.345 [main] DEBUG org.hibernate.SQL:128 - select jpacbmsora0_.id as id1_26_0_, jpacbmsora0_.action as action2_26_0_, jpacbmsora0_.approval_remark as approval3_26_0_, jpacbmsora0_.approved_by as approved4_26_0_, jpacbmsora0_.approved_date as approved5_26_0_, jpacbmsora0_.created_date as created_6_26_0_, jpacbmsora0_.effective_date as effectiv7_26_0_, jpacbmsora0_.modified_by as modified8_26_0_, jpacbmsora0_.modified_date as modified9_26_0_, jpacbmsora0_.publication_date as publica10_26_0_, jpacbmsora0_.rate as rate11_26_0_, jpacbmsora0_.reference_rate as referen12_26_0_, jpacbmsora0_.remarks as remarks13_26_0_, jpacbmsora0_.status as status14_26_0_, jpacbmsora0_.value_date as value_d15_26_0_, jpacbmsora0_.workflow_status_id as workflo16_26_0_ from cbm_sora_rate_temp jpacbmsora0_ where jpacbmsora0_.id=?
2023-02-23 11:43:57.364 [main] DEBUG org.hibernate.SQL:128 - insert into cbm_sora_rate_temp (action, approval_remark, approved_by, approved_date, created_date, effective_date, modified_by, modified_date, publication_date, rate, reference_rate, remarks, status, value_date, workflow_status_id, id) values (?, ?, ?, ?, ?, ?, ?, ?, ?, ?, ?, ?, ?, ?, ?, ?)
2023-02-23 11:43:57.378 [main] DEBUG org.hibernate.SQL:128 - insert into cbm_sora_rate_source (action, approval_remark, approved_by, approved_date, created_date, effective_date, id, migrated_date, modified_by, modified_date, publication_date, rate, reference_rate, remarks, status, value_date, workflow_status_id) values (?, ?, ?, ?, ?, ?, ?, ?, ?, ?, ?, ?, ?, ?, ?, ?, ?)
2023-02-23 11:43:57.390 [main] DEBUG org.hibernate.SQL:128 - select jpacbmsora0_.id as id1_26_0_, jpacbmsora0_.action as action2_26_0_, jpacbmsora0_.approval_remark as approval3_26_0_, jpacbmsora0_.approved_by as approved4_26_0_, jpacbmsora0_.approved_date as approved5_26_0_, jpacbmsora0_.created_date as created_6_26_0_, jpacbmsora0_.effective_date as effectiv7_26_0_, jpacbmsora0_.modified_by as modified8_26_0_, jpacbmsora0_.modified_date as modified9_26_0_, jpacbmsora0_.publication_date as publica10_26_0_, jpacbmsora0_.rate as rate11_26_0_, jpacbmsora0_.reference_rate as referen12_26_0_, jpacbmsora0_.remarks as remarks13_26_0_, jpacbmsora0_.status as status14_26_0_, jpacbmsora0_.value_date as value_d15_26_0_, jpacbmsora0_.workflow_status_id as workflo16_26_0_ from cbm_sora_rate_temp jpacbmsora0_ where jpacbmsora0_.id=?
2023-02-23 11:43:57.395 [main] DEBUG org.hibernate.SQL:128 - insert into cbm_sora_rate_temp (action, approval_remark, approved_by, approved_date, created_date, effective_date, modified_by, modified_date, publication_date, rate, reference_rate, remarks, status, value_date, workflow_status_id, id) values (?, ?, ?, ?, ?, ?, ?, ?, ?, ?, ?, ?, ?, ?, ?, ?)
2023-02-23 11:43:57.407 [main] DEBUG org.hibernate.SQL:128 - insert into cbm_sora_rate_source (action, approval_remark, approved_by, approved_date, created_date, effective_date, id, migrated_date, modified_by, modified_date, publication_date, rate, reference_rate, remarks, status, value_date, workflow_status_id) values (?, ?, ?, ?, ?, ?, ?, ?, ?, ?, ?, ?, ?, ?, ?, ?, ?)
2023-02-23 11:43:57.421 [main] DEBUG org.hibernate.SQL:128 - select jpacbmsora0_.id as id1_26_0_, jpacbmsora0_.action as action2_26_0_, jpacbmsora0_.approval_remark as approval3_26_0_, jpacbmsora0_.approved_by as approved4_26_0_, jpacbmsora0_.approved_date as approved5_26_0_, jpacbmsora0_.created_date as created_6_26_0_, jpacbmsora0_.effective_date as effectiv7_26_0_, jpacbmsora0_.modified_by as modified8_26_0_, jpacbmsora0_.modified_date as modified9_26_0_, jpacbmsora0_.publication_date as publica10_26_0_, jpacbmsora0_.rate as rate11_26_0_, jpacbmsora0_.reference_rate as referen12_26_0_, jpacbmsora0_.remarks as remarks13_26_0_, jpacbmsora0_.status as status14_26_0_, jpacbmsora0_.value_date as value_d15_26_0_, jpacbmsora0_.workflow_status_id as workflo16_26_0_ from cbm_sora_rate_temp jpacbmsora0_ where jpacbmsora0_.id=?
2023-02-23 11:43:57.424 [main] DEBUG org.hibernate.SQL:128 - insert into cbm_sora_rate_temp (action, approval_remark, approved_by, approved_date, created_date, effective_date, modified_by, modified_date, publication_date, rate, reference_rate, remarks, status, value_date, workflow_status_id, id) values (?, ?, ?, ?, ?, ?, ?, ?, ?, ?, ?, ?, ?, ?, ?, ?)
2023-02-23 11:43:57.435 [main] DEBUG org.hibernate.SQL:128 - insert into cbm_sora_rate_source (action, approval_remark, approved_by, approved_date, created_date, effective_date, id, migrated_date, modified_by, modified_date, publication_date, rate, reference_rate, remarks, status, value_date, workflow_status_id) values (?, ?, ?, ?, ?, ?, ?, ?, ?, ?, ?, ?, ?, ?, ?, ?, ?)
2023-02-23 11:43:57.447 [main] DEBUG org.hibernate.SQL:128 - select jpacbmsora0_.id as id1_26_0_, jpacbmsora0_.action as action2_26_0_, jpacbmsora0_.approval_remark as approval3_26_0_, jpacbmsora0_.approved_by as approved4_26_0_, jpacbmsora0_.approved_date as approved5_26_0_, jpacbmsora0_.created_date as created_6_26_0_, jpacbmsora0_.effective_date as effectiv7_26_0_, jpacbmsora0_.modified_by as modified8_26_0_, jpacbmsora0_.modified_date as modified9_26_0_, jpacbmsora0_.publication_date as publica10_26_0_, jpacbmsora0_.rate as rate11_26_0_, jpacbmsora0_.reference_rate as referen12_26_0_, jpacbmsora0_.remarks as remarks13_26_0_, jpacbmsora0_.status as status14_26_0_, jpacbmsora0_.value_date as value_d15_26_0_, jpacbmsora0_.workflow_status_id as workflo16_26_0_ from cbm_sora_rate_temp jpacbmsora0_ where jpacbmsora0_.id=?
2023-02-23 11:43:57.450 [main] DEBUG org.hibernate.SQL:128 - insert into cbm_sora_rate_temp (action, approval_remark, approved_by, approved_date, created_date, effective_date, modified_by, modified_date, publication_date, rate, reference_rate, remarks, status, value_date, workflow_status_id, id) values (?, ?, ?, ?, ?, ?, ?, ?, ?, ?, ?, ?, ?, ?, ?, ?)
2023-02-23 11:43:57.461 [main] DEBUG org.hibernate.SQL:128 - insert into cbm_sora_rate_source (action, approval_remark, approved_by, approved_date, created_date, effective_date, id, migrated_date, modified_by, modified_date, publication_date, rate, reference_rate, remarks, status, value_date, workflow_status_id) values (?, ?, ?, ?, ?, ?, ?, ?, ?, ?, ?, ?, ?, ?, ?, ?, ?)
2023-02-23 11:43:57.473 [main] DEBUG org.hibernate.SQL:128 - insert into cbm_sora_rate_source (action, approval_remark, approved_by, approved_date, created_date, effective_date, id, migrated_date, modified_by, modified_date, publication_date, rate, reference_rate, remarks, status, value_date, workflow_status_id) values (?, ?, ?, ?, ?, ?, ?, ?, ?, ?, ?, ?, ?, ?, ?, ?, ?)
2023-02-23 11:43:57.482 [main] DEBUG org.hibernate.SQL:128 - insert into cbm_sora_rate_source (action, approval_remark, approved_by, approved_date, created_date, effective_date, id, migrated_date, modified_by, modified_date, publication_date, rate, reference_rate, remarks, status, value_date, workflow_status_id) values (?, ?, ?, ?, ?, ?, ?, ?, ?, ?, ?, ?, ?, ?, ?, ?, ?)
2023-02-23 11:43:57.493 [main] DEBUG org.hibernate.SQL:128 - insert into cbm_sora_rate_source (action, approval_remark, approved_by, approved_date, created_date, effective_date, id, migrated_date, modified_by, modified_date, publication_date, rate, reference_rate, remarks, status, value_date, workflow_status_id) values (?, ?, ?, ?, ?, ?, ?, ?, ?, ?, ?, ?, ?, ?, ?, ?, ?)
2023-02-23 11:43:57.503 [main] DEBUG org.hibernate.SQL:128 - insert into cbm_sora_rate_source (action, approval_remark, approved_by, approved_date, created_date, effective_date, id, migrated_date, modified_by, modified_date, publication_date, rate, reference_rate, remarks, status, value_date, workflow_status_id) values (?, ?, ?, ?, ?, ?, ?, ?, ?, ?, ?, ?, ?, ?, ?, ?, ?)
2023-02-23 11:43:57.623 [main] DEBUG org.hibernate.SQL:128 - select jpacbmsora0_.reference_rate as referenc1_24_, jpacbmsora0_.value_date as value_da2_24_, jpacbmsora0_.action as action3_24_, jpacbmsora0_.approval_remark as approval4_24_, jpacbmsora0_.approved_by as approved5_24_, jpacbmsora0_.approved_date as approved6_24_, jpacbmsora0_.created_date as created_7_24_, jpacbmsora0_.effective_date as effectiv8_24_, jpacbmsora0_.modified_by as modified9_24_, jpacbmsora0_.modified_date as modifie10_24_, jpacbmsora0_.publication_date as publica11_24_, jpacbmsora0_.rate as rate12_24_, jpacbmsora0_.status as status13_24_, jpacbmsora0_.workflow_status_id as workflo14_24_ from cbm_sora_rate jpacbmsora0_ where jpacbmsora0_.reference_rate=? and jpacbmsora0_.value_date=?
2023-02-23 11:43:57.632 [main] DEBUG org.hibernate.SQL:128 - select jpacbmsora0_.reference_rate as referenc1_24_0_, jpacbmsora0_.value_date as value_da2_24_0_, jpacbmsora0_.action as action3_24_0_, jpacbmsora0_.approval_remark as approval4_24_0_, jpacbmsora0_.approved_by as approved5_24_0_, jpacbmsora0_.approved_date as approved6_24_0_, jpacbmsora0_.created_date as created_7_24_0_, jpacbmsora0_.effective_date as effectiv8_24_0_, jpacbmsora0_.modified_by as modified9_24_0_, jpacbmsora0_.modified_date as modifie10_24_0_, jpacbmsora0_.publication_date as publica11_24_0_, jpacbmsora0_.rate as rate12_24_0_, jpacbmsora0_.status as status13_24_0_, jpacbmsora0_.workflow_status_id as workflo14_24_0_ from cbm_sora_rate jpacbmsora0_ where jpacbmsora0_.reference_rate=? and jpacbmsora0_.value_date=?
2023-02-23 11:43:57.635 [main] DEBUG org.hibernate.SQL:128 - insert into cbm_sora_rate (action, approval_remark, approved_by, approved_date, created_date, effective_date, modified_by, modified_date, publication_date, rate, status, workflow_status_id, reference_rate, value_date) values (?, ?, ?, ?, ?, ?, ?, ?, ?, ?, ?, ?, ?, ?)
2023-02-23 11:43:57.685 [main] DEBUG org.hibernate.SQL:128 - select jpacbmsora0_.reference_rate as referenc1_24_, jpacbmsora0_.value_date as value_da2_24_, jpacbmsora0_.action as action3_24_, jpacbmsora0_.approval_remark as approval4_24_, jpacbmsora0_.approved_by as approved5_24_, jpacbmsora0_.approved_date as approved6_24_, jpacbmsora0_.created_date as created_7_24_, jpacbmsora0_.effective_date as effectiv8_24_, jpacbmsora0_.modified_by as modified9_24_, jpacbmsora0_.modified_date as modifie10_24_, jpacbmsora0_.publication_date as publica11_24_, jpacbmsora0_.rate as rate12_24_, jpacbmsora0_.status as status13_24_, jpacbmsora0_.workflow_status_id as workflo14_24_ from cbm_sora_rate jpacbmsora0_ where jpacbmsora0_.reference_rate=? and jpacbmsora0_.value_date=?
2023-02-23 11:43:57.690 [main] DEBUG org.hibernate.SQL:128 - select jpacbmsora0_.id as id1_26_0_, jpacbmsora0_.action as action2_26_0_, jpacbmsora0_.approval_remark as approval3_26_0_, jpacbmsora0_.approved_by as approved4_26_0_, jpacbmsora0_.approved_date as approved5_26_0_, jpacbmsora0_.created_date as created_6_26_0_, jpacbmsora0_.effective_date as effectiv7_26_0_, jpacbmsora0_.modified_by as modified8_26_0_, jpacbmsora0_.modified_date as modified9_26_0_, jpacbmsora0_.publication_date as publica10_26_0_, jpacbmsora0_.rate as rate11_26_0_, jpacbmsora0_.reference_rate as referen12_26_0_, jpacbmsora0_.remarks as remarks13_26_0_, jpacbmsora0_.status as status14_26_0_, jpacbmsora0_.value_date as value_d15_26_0_, jpacbmsora0_.workflow_status_id as workflo16_26_0_ from cbm_sora_rate_temp jpacbmsora0_ where jpacbmsora0_.id=?
2023-02-23 11:43:57.694 [main] DEBUG org.hibernate.SQL:128 - update cbm_sora_rate_temp set action=?, approval_remark=?, approved_by=?, approved_date=?, created_date=?, effective_date=?, modified_by=?, modified_date=?, publication_date=?, rate=?, reference_rate=?, remarks=?, status=?, value_date=?, workflow_status_id=? where id=?
2023-02-23 11:43:57.746 [main] DEBUG org.hibernate.SQL:128 - select jpacbmsora0_.reference_rate as referenc1_24_, jpacbmsora0_.value_date as value_da2_24_, jpacbmsora0_.action as action3_24_, jpacbmsora0_.approval_remark as approval4_24_, jpacbmsora0_.approved_by as approved5_24_, jpacbmsora0_.approved_date as approved6_24_, jpacbmsora0_.created_date as created_7_24_, jpacbmsora0_.effective_date as effectiv8_24_, jpacbmsora0_.modified_by as modified9_24_, jpacbmsora0_.modified_date as modifie10_24_, jpacbmsora0_.publication_date as publica11_24_, jpacbmsora0_.rate as rate12_24_, jpacbmsora0_.status as status13_24_, jpacbmsora0_.workflow_status_id as workflo14_24_ from cbm_sora_rate jpacbmsora0_ where jpacbmsora0_.reference_rate=? and jpacbmsora0_.value_date=?
2023-02-23 11:43:57.749 [main] DEBUG org.hibernate.SQL:128 - select jpacbmsora0_.reference_rate as referenc1_24_0_, jpacbmsora0_.value_date as value_da2_24_0_, jpacbmsora0_.action as action3_24_0_, jpacbmsora0_.approval_remark as approval4_24_0_, jpacbmsora0_.approved_by as approved5_24_0_, jpacbmsora0_.approved_date as approved6_24_0_, jpacbmsora0_.created_date as created_7_24_0_, jpacbmsora0_.effective_date as effectiv8_24_0_, jpacbmsora0_.modified_by as modified9_24_0_, jpacbmsora0_.modified_date as modifie10_24_0_, jpacbmsora0_.publication_date as publica11_24_0_, jpacbmsora0_.rate as rate12_24_0_, jpacbmsora0_.status as status13_24_0_, jpacbmsora0_.workflow_status_id as workflo14_24_0_ from cbm_sora_rate jpacbmsora0_ where jpacbmsora0_.reference_rate=? and jpacbmsora0_.value_date=?
2023-02-23 11:43:57.752 [main] DEBUG org.hibernate.SQL:128 - insert into cbm_sora_rate (action, approval_remark, approved_by, approved_date, created_date, effective_date, modified_by, modified_date, publication_date, rate, status, workflow_status_id, reference_rate, value_date) values (?, ?, ?, ?, ?, ?, ?, ?, ?, ?, ?, ?, ?, ?)
2023-02-23 11:43:57.803 [main] DEBUG org.hibernate.SQL:128 - select jpacbmsora0_.reference_rate as referenc1_24_, jpacbmsora0_.value_date as value_da2_24_, jpacbmsora0_.action as action3_24_, jpacbmsora0_.approval_remark as approval4_24_, jpacbmsora0_.approved_by as approved5_24_, jpacbmsora0_.approved_date as approved6_24_, jpacbmsora0_.created_date as created_7_24_, jpacbmsora0_.effective_date as effectiv8_24_, jpacbmsora0_.modified_by as modified9_24_, jpacbmsora0_.modified_date as modifie10_24_, jpacbmsora0_.publication_date as publica11_24_, jpacbmsora0_.rate as rate12_24_, jpacbmsora0_.status as status13_24_, jpacbmsora0_.workflow_status_id as workflo14_24_ from cbm_sora_rate jpacbmsora0_ where jpacbmsora0_.reference_rate=? and jpacbmsora0_.value_date=?
2023-02-23 11:43:57.805 [main] DEBUG org.hibernate.SQL:128 - select jpacbmsora0_.reference_rate as referenc1_24_0_, jpacbmsora0_.value_date as value_da2_24_0_, jpacbmsora0_.action as action3_24_0_, jpacbmsora0_.approval_remark as approval4_24_0_, jpacbmsora0_.approved_by as approved5_24_0_, jpacbmsora0_.approved_date as approved6_24_0_, jpacbmsora0_.created_date as created_7_24_0_, jpacbmsora0_.effective_date as effectiv8_24_0_, jpacbmsora0_.modified_by as modified9_24_0_, jpacbmsora0_.modified_date as modifie10_24_0_, jpacbmsora0_.publication_date as publica11_24_0_, jpacbmsora0_.rate as rate12_24_0_, jpacbmsora0_.status as status13_24_0_, jpacbmsora0_.workflow_status_id as workflo14_24_0_ from cbm_sora_rate jpacbmsora0_ where jpacbmsora0_.reference_rate=? and jpacbmsora0_.value_date=?
2023-02-23 11:43:57.807 [main] DEBUG org.hibernate.SQL:128 - insert into cbm_sora_rate (action, approval_remark, approved_by, approved_date, created_date, effective_date, modified_by, modified_date, publication_date, rate, status, workflow_status_id, reference_rate, value_date) values (?, ?, ?, ?, ?, ?, ?, ?, ?, ?, ?, ?, ?, ?)
2023-02-23 11:43:57.819 [main] INFO  scrips.datamigration.common.service.FkChecksEnableDisable:23 - enable FkChecks called
2023-02-23 11:43:57.819 [main] DEBUG org.hibernate.SQL:128 - SET FOREIGN_KEY_CHECKS = 1
2023-02-23 11:43:57.820 [main] INFO  scrips.datamigration.common.service.FkChecksEnableDisable:25 - enable FkChecks done
2023-02-23 11:43:57.821 [main] DEBUG org.hibernate.SQL:128 - SELECT @@GLOBAL.foreign_key_checks, @@SESSION.foreign_key_checks
2023-02-23 11:43:57.823 [main] INFO  scrips.datamigration.common.service.FkChecksEnableDisable:52 - foreign_key_checks status - 1
2023-02-23 11:43:57.824 [main] INFO  scrips.datamigration.App:77 - Process completed in (Hours:Minutes:Seconds) 0:0:8
2023-02-23 11:43:57.837 [SpringContextShutdownHook] INFO  org.springframework.orm.jpa.LocalContainerEntityManagerFactoryBean:598 - Closing JPA EntityManagerFactory for persistence unit 'data'
2023-02-23 11:43:57.839 [SpringContextShutdownHook] INFO  com.zaxxer.hikari.HikariDataSource:350 - HikariPool-1 - Shutdown initiated...
2023-02-23 11:43:57.846 [SpringContextShutdownHook] INFO  com.zaxxer.hikari.HikariDataSource:352 - HikariPool-1 - Shutdown completed.
