2023-02-08 14:46:58.217 [main] INFO  scrips.datamigration.App:55 - Starting App on WSIN181 with PID 7996 (D:\DataMigration\DATA_MIGRATION_RTGS\DataMigrationAndExtract\DataMigration\target\classes started by SheikKhadeer in D:\DataMigration\DATA_MIGRATION_RTGS\DataMigrationAndExtract\DataMigration)
2023-02-08 14:46:58.230 [main] INFO  scrips.datamigration.App:651 - No active profile set, falling back to default profiles: app
2023-02-08 14:46:59.010 [main] INFO  org.springframework.data.repository.config.RepositoryConfigurationDelegate:127 - Bootstrapping Spring Data JPA repositories in DEFAULT mode.
2023-02-08 14:46:59.449 [main] INFO  org.springframework.data.repository.config.RepositoryConfigurationDelegate:187 - Finished Spring Data repository scanning in 431ms. Found 60 JPA repository interfaces.
2023-02-08 14:46:59.742 [main] INFO  com.ulisesbocchio.jasyptspringboot.configuration.EnableEncryptablePropertiesBeanFactoryPostProcessor:39 - Post-processing PropertySource instances
2023-02-08 14:46:59.766 [main] INFO  com.ulisesbocchio.jasyptspringboot.EncryptablePropertySourceConverter:56 - Converting PropertySource configurationProperties [org.springframework.boot.context.properties.source.ConfigurationPropertySourcesPropertySource] to AOP Proxy
2023-02-08 14:46:59.766 [main] INFO  com.ulisesbocchio.jasyptspringboot.EncryptablePropertySourceConverter:56 - Converting PropertySource commandLineArgs [org.springframework.core.env.SimpleCommandLinePropertySource] to EncryptableEnumerablePropertySourceWrapper
2023-02-08 14:46:59.766 [main] INFO  com.ulisesbocchio.jasyptspringboot.EncryptablePropertySourceConverter:56 - Converting PropertySource systemProperties [org.springframework.core.env.PropertiesPropertySource] to EncryptableMapPropertySourceWrapper
2023-02-08 14:46:59.767 [main] INFO  com.ulisesbocchio.jasyptspringboot.EncryptablePropertySourceConverter:56 - Converting PropertySource systemEnvironment [org.springframework.boot.env.SystemEnvironmentPropertySourceEnvironmentPostProcessor$OriginAwareSystemEnvironmentPropertySource] to EncryptableSystemEnvironmentPropertySourceWrapper
2023-02-08 14:46:59.767 [main] INFO  com.ulisesbocchio.jasyptspringboot.EncryptablePropertySourceConverter:56 - Converting PropertySource random [org.springframework.boot.env.RandomValuePropertySource] to EncryptablePropertySourceWrapper
2023-02-08 14:46:59.767 [main] INFO  com.ulisesbocchio.jasyptspringboot.EncryptablePropertySourceConverter:56 - Converting PropertySource applicationConfig: [file:./config/application.properties] [org.springframework.boot.env.OriginTrackedMapPropertySource] to EncryptableMapPropertySourceWrapper
2023-02-08 14:46:59.768 [main] INFO  com.ulisesbocchio.jasyptspringboot.EncryptablePropertySourceConverter:56 - Converting PropertySource applicationConfig: [classpath:/application.properties] [org.springframework.boot.env.OriginTrackedMapPropertySource] to EncryptableMapPropertySourceWrapper
2023-02-08 14:46:59.768 [main] INFO  com.ulisesbocchio.jasyptspringboot.EncryptablePropertySourceConverter:56 - Converting PropertySource DataMigrationProperties [org.springframework.core.env.MapPropertySource] to EncryptableMapPropertySourceWrapper
2023-02-08 14:46:59.860 [main] INFO  com.ulisesbocchio.jasyptspringboot.filter.DefaultLazyPropertyFilter:31 - Property Filter custom Bean not found with name 'encryptablePropertyFilter'. Initializing Default Property Filter
2023-02-08 14:46:59.955 [main] INFO  com.ulisesbocchio.jasyptspringboot.resolver.DefaultLazyPropertyResolver:35 - Property Resolver custom Bean not found with name 'encryptablePropertyResolver'. Initializing Default Property Resolver
2023-02-08 14:46:59.959 [main] INFO  com.ulisesbocchio.jasyptspringboot.detector.DefaultLazyPropertyDetector:35 - Property Detector custom Bean not found with name 'encryptablePropertyDetector'. Initializing Default Property Detector
2023-02-08 14:46:59.965 [main] INFO  com.ulisesbocchio.jasyptspringboot.encryptor.DefaultLazyEncryptor:37 - String Encryptor custom Bean not found with name 'jasyptStringEncryptor'. Initializing Default String Encryptor
2023-02-08 14:46:59.992 [main] INFO  com.ulisesbocchio.jasyptspringboot.configuration.StringEncryptorBuilder:81 - Encryptor config not found for property jasypt.encryptor.key-obtention-iterations, using default value: 1000
2023-02-08 14:46:59.993 [main] INFO  com.ulisesbocchio.jasyptspringboot.configuration.StringEncryptorBuilder:81 - Encryptor config not found for property jasypt.encryptor.pool-size, using default value: 1
2023-02-08 14:46:59.994 [main] INFO  com.ulisesbocchio.jasyptspringboot.configuration.StringEncryptorBuilder:81 - Encryptor config not found for property jasypt.encryptor.provider-name, using default value: null
2023-02-08 14:46:59.994 [main] INFO  com.ulisesbocchio.jasyptspringboot.configuration.StringEncryptorBuilder:81 - Encryptor config not found for property jasypt.encryptor.provider-class-name, using default value: null
2023-02-08 14:46:59.995 [main] INFO  com.ulisesbocchio.jasyptspringboot.configuration.StringEncryptorBuilder:81 - Encryptor config not found for property jasypt.encryptor.salt-generator-classname, using default value: org.jasypt.salt.RandomSaltGenerator
2023-02-08 14:46:59.997 [main] INFO  com.ulisesbocchio.jasyptspringboot.configuration.StringEncryptorBuilder:81 - Encryptor config not found for property jasypt.encryptor.string-output-type, using default value: base64
2023-02-08 14:47:00.188 [main] INFO  org.hibernate.jpa.internal.util.LogHelper:31 - HHH000204: Processing PersistenceUnitInfo [name: data]
2023-02-08 14:47:00.243 [main] INFO  org.hibernate.Version:44 - HHH000412: Hibernate ORM core version 5.4.15.Final
2023-02-08 14:47:00.387 [main] INFO  org.hibernate.annotations.common.Version:49 - HCANN000001: Hibernate Commons Annotations {5.1.0.Final}
2023-02-08 14:47:00.845 [main] INFO  com.zaxxer.hikari.HikariDataSource:110 - HikariPool-1 - Starting...
2023-02-08 14:47:00.997 [main] INFO  com.zaxxer.hikari.HikariDataSource:123 - HikariPool-1 - Start completed.
2023-02-08 14:47:01.030 [main] INFO  org.hibernate.dialect.Dialect:172 - HHH000400: Using dialect: org.hibernate.dialect.MySQL8Dialect
2023-02-08 14:47:01.111 [main] INFO  org.hibernate.envers.boot.internal.EnversServiceImpl:90 - Envers integration enabled? : true
2023-02-08 14:47:03.007 [main] INFO  org.hibernate.engine.transaction.jta.platform.internal.JtaPlatformInitiator:52 - HHH000490: Using JtaPlatform implementation: [org.hibernate.engine.transaction.jta.platform.internal.NoJtaPlatform]
2023-02-08 14:47:03.016 [main] INFO  org.springframework.orm.jpa.LocalContainerEntityManagerFactoryBean:416 - Initialized JPA EntityManagerFactory for persistence unit 'data'
2023-02-08 14:47:05.044 [main] INFO  scrips.datamigration.App:61 - Started App in 7.364 seconds (JVM running for 9.064)
2023-02-08 14:47:05.058 [main] INFO  scrips.datamigration.common.service.FkChecksEnableDisable:36 - disable FkChecks called
2023-02-08 14:47:05.077 [main] DEBUG org.hibernate.SQL:128 - SET FOREIGN_KEY_CHECKS = 0
2023-02-08 14:47:05.088 [main] INFO  scrips.datamigration.common.service.FkChecksEnableDisable:38 - disable FkChecks done
2023-02-08 14:47:05.121 [main] DEBUG org.hibernate.SQL:128 - SELECT @@GLOBAL.foreign_key_checks, @@SESSION.foreign_key_checks
2023-02-08 14:47:05.128 [main] INFO  scrips.datamigration.common.service.FkChecksEnableDisable:52 - foreign_key_checks status - 0
2023-02-08 14:47:05.129 [main] INFO  scrips.datamigration.controller.ScripsFileUploadController:131 - fileUploadCode - SSS_ALLOTMENT_FILE_UPLOAD
2023-02-08 14:47:05.129 [main] INFO  scrips.datamigration.common.service.FileUploadService:82 - getFileHeaderByCode entered
2023-02-08 14:47:05.129 [main] INFO  scrips.datamigration.common.service.FileUploadService:88 - fileUploadHeaderOut - allotment
2023-02-08 14:47:05.130 [main] INFO  scrips.datamigration.controller.ScripsFileUploadController:136 - Live table name ->allotment
2023-02-08 14:47:05.132 [main] INFO  scrips.datamigration.common.service.FileUploadService:98 - fieldName  -  securities_code
2023-02-08 14:47:05.132 [main] INFO  scrips.datamigration.common.service.FileUploadService:98 - fieldName  -  auction_date
2023-02-08 14:47:05.133 [main] INFO  scrips.datamigration.common.service.FileUploadService:98 - fieldName  -  issuance_date
2023-02-08 14:47:05.133 [main] INFO  scrips.datamigration.common.service.FileUploadService:98 - fieldName  -  allotment_price
2023-02-08 14:47:05.133 [main] INFO  scrips.datamigration.common.service.FileUploadService:98 - fieldName  -  total_nominal_amount_to_be_alloted
2023-02-08 14:47:05.133 [main] INFO  scrips.datamigration.common.service.FileUploadService:98 - fieldName  -  first_allotment
2023-02-08 14:47:05.133 [main] INFO  scrips.datamigration.common.service.FileUploadService:98 - fieldName  -  total_settlement_amount
2023-02-08 14:47:05.134 [main] INFO  scrips.datamigration.common.service.FileUploadService:104 - fileUploadDetails - [scrips.datamigration.fileupload.JpaFileUploadDetails@4c697c25, scrips.datamigration.fileupload.JpaFileUploadDetails@ffa60c9, scrips.datamigration.fileupload.JpaFileUploadDetails@646ba7be, scrips.datamigration.fileupload.JpaFileUploadDetails@41194707, scrips.datamigration.fileupload.JpaFileUploadDetails@46969355, scrips.datamigration.fileupload.JpaFileUploadDetails@1ab64f66, scrips.datamigration.fileupload.JpaFileUploadDetails@23595dd9]
2023-02-08 14:47:05.134 [main] INFO  scrips.datamigration.common.service.FileUploadService:48 - ftp status n
2023-02-08 14:47:05.134 [main] INFO  scrips.datamigration.common.service.FileUploadService:64 - FTP Not Enabled,Reading files from MigrationFiles folder
2023-02-08 14:47:05.137 [main] INFO  scrips.datamigration.controller.ScripsFileUploadController:154 - fileRecords - MEPSUAT00016|20221010|2022-10-10|.44|1000000|1|12.
2023-02-08 14:47:05.137 [main] INFO  scrips.datamigration.controller.ScripsFileUploadController:154 - fileRecords - MEPSUAT00016|20221010|2022-10-10|.|1000000|1|.
2023-02-08 14:47:05.138 [main] INFO  scrips.datamigration.controller.ScripsFileUploadController:156 - 1:securities_code
2023-02-08 14:47:05.138 [main] INFO  scrips.datamigration.controller.ScripsFileUploadController:156 - 2:auction_date
2023-02-08 14:47:05.138 [main] INFO  scrips.datamigration.controller.ScripsFileUploadController:156 - 3:issuance_date
2023-02-08 14:47:05.138 [main] INFO  scrips.datamigration.controller.ScripsFileUploadController:156 - 4:allotment_price
2023-02-08 14:47:05.138 [main] INFO  scrips.datamigration.controller.ScripsFileUploadController:156 - 5:total_nominal_amount_to_be_alloted
2023-02-08 14:47:05.138 [main] INFO  scrips.datamigration.controller.ScripsFileUploadController:156 - 6:first_allotment
2023-02-08 14:47:05.138 [main] INFO  scrips.datamigration.controller.ScripsFileUploadController:156 - 7:total_settlement_amount
2023-02-08 14:47:05.142 [main] INFO  scrips.datamigration.sss.service.SssAllotmentService:105 - Total records in File: {}2
2023-02-08 14:47:05.171 [main] DEBUG org.hibernate.SQL:128 - select jpauser0_.id as id1_60_, jpauser0_.access_level as access_l2_60_, jpauser0_.action as action3_60_, jpauser0_.approval_remark as approval4_60_, jpauser0_.approved_by as approved5_60_, jpauser0_.approved_date as approved6_60_, jpauser0_.created_date as created_7_60_, jpauser0_.currency_code as currency8_60_, jpauser0_.effective_date as effectiv9_60_, jpauser0_.email as email10_60_, jpauser0_.first_activation_date as first_a11_60_, jpauser0_.last_login_datetime as last_lo12_60_, jpauser0_.login_attempts as login_a13_60_, jpauser0_.member_id as member_14_60_, jpauser0_.modified_by as modifie15_60_, jpauser0_.modified_date as modifie16_60_, jpauser0_.name as name17_60_, jpauser0_.password as passwor18_60_, jpauser0_.password_expiry_date as passwor19_60_, jpauser0_.phone_no as phone_n20_60_, jpauser0_.status as status21_60_, jpauser0_.swift_net_id as swift_n22_60_, jpauser0_.user_id as user_id23_60_, jpauser0_.user_status as user_st24_60_, jpauser0_.workflow_status_id as workflo25_60_ from user jpauser0_ where jpauser0_.name=?
2023-02-08 14:47:05.419 [main] DEBUG org.hibernate.SQL:128 - insert into allotment_source (action, allotment_price, approval_remark, approved_by, approved_date, auction_date, created_date, effective_date, first_allotment, id, issuance_date, migrated_date, modified_by, modified_date, planned_total_nominal_amount_allotted, processed, remarks, securities_code, status, total_nominal_amount_alloted, total_nominal_amount_to_be_alloted, total_settlement_amount, workflow_status_id) values (?, ?, ?, ?, ?, ?, ?, ?, ?, ?, ?, ?, ?, ?, ?, ?, ?, ?, ?, ?, ?, ?, ?)
2023-02-08 14:47:05.557 [main] DEBUG org.hibernate.SQL:128 - select jpassssecu0_.securities_code as securiti1_38_, jpassssecu0_.action as action2_38_, jpassssecu0_.approval_remark as approval3_38_, jpassssecu0_.approved_by as approved4_38_, jpassssecu0_.approved_date as approved5_38_, jpassssecu0_.average_yield as average_6_38_, jpassssecu0_.benchmark_indicator as benchmar7_38_, jpassssecu0_.central_bank_applied_amount as central_8_38_, jpassssecu0_.coupon_payment_frequency as coupon_p9_38_, jpassssecu0_.coupon_rate as coupon_10_38_, jpassssecu0_.coupon_structure as coupon_11_38_, jpassssecu0_.created_date as created12_38_, jpassssecu0_.currency_code as currenc13_38_, jpassssecu0_.day_count_convention as day_cou14_38_, jpassssecu0_.denomination as denomin15_38_, jpassssecu0_.description as descrip16_38_, jpassssecu0_.effective_date as effecti17_38_, jpassssecu0_.facility_eligibility_id as facilit18_38_, jpassssecu0_.first_auction_date as first_a19_38_, jpassssecu0_.first_coupon_date as first_c20_38_, jpassssecu0_.first_issuance_amount as first_i21_38_, jpassssecu0_.first_issuance_date as first_i22_38_, jpassssecu0_.haircut_id as haircut23_38_, jpassssecu0_.ipa as ipa24_38_, jpassssecu0_.issue_code as issue_c25_38_, jpassssecu0_.issue_price as issue_p26_38_, jpassssecu0_.issue_yield as issue_y27_38_, jpassssecu0_.issuer_id as issuer_28_38_, jpassssecu0_.modified_by as modifie29_38_, jpassssecu0_.modified_date as modifie30_38_, jpassssecu0_.optional_redemption_date as optiona31_38_, jpassssecu0_.optional_redemption_price as optiona32_38_, jpassssecu0_.record_date_period as record_33_38_, jpassssecu0_.redemption_date as redempt34_38_, jpassssecu0_.redemption_price as redempt35_38_, jpassssecu0_.redemption_reimburse as redempt36_38_, jpassssecu0_.rounding_option as roundin37_38_, jpassssecu0_.securities_status as securit38_38_, jpassssecu0_.securities_tenor_period_unit as securit39_38_, jpassssecu0_.securities_type_id as securit40_38_, jpassssecu0_.status as status41_38_, jpassssecu0_.tax_scheme_id as tax_sch42_38_, jpassssecu0_.tenor_period as tenor_p43_38_, jpassssecu0_.tradable as tradabl44_38_, jpassssecu0_.workflow_status_id as workflo45_38_ from securities_code jpassssecu0_ where jpassssecu0_.securities_code=?
2023-02-08 14:47:05.657 [main] DEBUG org.hibernate.SQL:128 - select jpasssallo0_.id as id1_8_0_, jpasssallo0_.action as action2_8_0_, jpasssallo0_.allotment_price as allotmen3_8_0_, jpasssallo0_.approval_remark as approval4_8_0_, jpasssallo0_.approved_by as approved5_8_0_, jpasssallo0_.approved_date as approved6_8_0_, jpasssallo0_.auction_date as auction_7_8_0_, jpasssallo0_.created_date as created_8_8_0_, jpasssallo0_.effective_date as effectiv9_8_0_, jpasssallo0_.first_allotment as first_a10_8_0_, jpasssallo0_.issuance_date as issuanc11_8_0_, jpasssallo0_.modified_by as modifie12_8_0_, jpasssallo0_.modified_date as modifie13_8_0_, jpasssallo0_.planned_total_nominal_amount_allotted as planned14_8_0_, jpasssallo0_.processed as process15_8_0_, jpasssallo0_.remarks as remarks16_8_0_, jpasssallo0_.securities_code as securit17_8_0_, jpasssallo0_.status as status18_8_0_, jpasssallo0_.total_nominal_amount_alloted as total_n19_8_0_, jpasssallo0_.total_nominal_amount_to_be_alloted as total_n20_8_0_, jpasssallo0_.total_settlement_amount as total_s21_8_0_, jpasssallo0_.workflow_status_id as workflo22_8_0_ from allotment_temp jpasssallo0_ where jpasssallo0_.id=?
2023-02-08 14:47:05.711 [main] DEBUG org.hibernate.SQL:128 - insert into allotment_temp (action, allotment_price, approval_remark, approved_by, approved_date, auction_date, created_date, effective_date, first_allotment, issuance_date, modified_by, modified_date, planned_total_nominal_amount_allotted, processed, remarks, securities_code, status, total_nominal_amount_alloted, total_nominal_amount_to_be_alloted, total_settlement_amount, workflow_status_id, id) values (?, ?, ?, ?, ?, ?, ?, ?, ?, ?, ?, ?, ?, ?, ?, ?, ?, ?, ?, ?, ?, ?)
2023-02-08 14:47:05.817 [main] DEBUG org.hibernate.SQL:128 - insert into allotment_source (action, allotment_price, approval_remark, approved_by, approved_date, auction_date, created_date, effective_date, first_allotment, id, issuance_date, migrated_date, modified_by, modified_date, planned_total_nominal_amount_allotted, processed, remarks, securities_code, status, total_nominal_amount_alloted, total_nominal_amount_to_be_alloted, total_settlement_amount, workflow_status_id) values (?, ?, ?, ?, ?, ?, ?, ?, ?, ?, ?, ?, ?, ?, ?, ?, ?, ?, ?, ?, ?, ?, ?)
2023-02-08 14:47:06.239 [main] DEBUG org.hibernate.SQL:128 - select jpasssallo0_.id as id1_6_0_, jpasssallo0_.action as action2_6_0_, jpasssallo0_.allotment_price as allotmen3_6_0_, jpasssallo0_.approval_remark as approval4_6_0_, jpasssallo0_.approved_by as approved5_6_0_, jpasssallo0_.approved_date as approved6_6_0_, jpasssallo0_.auction_date as auction_7_6_0_, jpasssallo0_.created_date as created_8_6_0_, jpasssallo0_.effective_date as effectiv9_6_0_, jpasssallo0_.first_allotment as first_a10_6_0_, jpasssallo0_.issuance_date as issuanc11_6_0_, jpasssallo0_.modified_by as modifie12_6_0_, jpasssallo0_.modified_date as modifie13_6_0_, jpasssallo0_.planned_total_nominal_amount_allotted as planned14_6_0_, jpasssallo0_.processed as process15_6_0_, jpasssallo0_.securities_code as securit16_6_0_, jpasssallo0_.status as status17_6_0_, jpasssallo0_.total_nominal_amount_alloted as total_n18_6_0_, jpasssallo0_.total_nominal_amount_to_be_alloted as total_n19_6_0_, jpasssallo0_.total_settlement_amount as total_s20_6_0_, jpasssallo0_.workflow_status_id as workflo21_6_0_ from allotment jpasssallo0_ where jpasssallo0_.id=?
2023-02-08 14:47:06.243 [main] DEBUG org.hibernate.SQL:128 - insert into allotment (action, allotment_price, approval_remark, approved_by, approved_date, auction_date, created_date, effective_date, first_allotment, issuance_date, modified_by, modified_date, planned_total_nominal_amount_allotted, processed, securities_code, status, total_nominal_amount_alloted, total_nominal_amount_to_be_alloted, total_settlement_amount, workflow_status_id, id) values (?, ?, ?, ?, ?, ?, ?, ?, ?, ?, ?, ?, ?, ?, ?, ?, ?, ?, ?, ?, ?)
2023-02-08 14:47:06.409 [main] INFO  scrips.datamigration.common.service.FkChecksEnableDisable:23 - enable FkChecks called
2023-02-08 14:47:06.410 [main] DEBUG org.hibernate.SQL:128 - SET FOREIGN_KEY_CHECKS = 1
2023-02-08 14:47:06.411 [main] INFO  scrips.datamigration.common.service.FkChecksEnableDisable:25 - enable FkChecks done
2023-02-08 14:47:06.414 [main] DEBUG org.hibernate.SQL:128 - SELECT @@GLOBAL.foreign_key_checks, @@SESSION.foreign_key_checks
2023-02-08 14:47:06.418 [main] INFO  scrips.datamigration.common.service.FkChecksEnableDisable:52 - foreign_key_checks status - 1
2023-02-08 14:47:06.420 [main] INFO  scrips.datamigration.App:77 - Process completed in (Hours:Minutes:Seconds) 0:0:8
2023-02-08 14:47:06.497 [SpringContextShutdownHook] INFO  org.springframework.orm.jpa.LocalContainerEntityManagerFactoryBean:598 - Closing JPA EntityManagerFactory for persistence unit 'data'
2023-02-08 14:47:06.509 [SpringContextShutdownHook] INFO  com.zaxxer.hikari.HikariDataSource:350 - HikariPool-1 - Shutdown initiated...
2023-02-08 14:47:06.560 [SpringContextShutdownHook] INFO  com.zaxxer.hikari.HikariDataSource:352 - HikariPool-1 - Shutdown completed.
