2023-02-27 09:44:49.143 [main] INFO  scrips.datamigration.App:55 - Starting App on WSIN181 with PID 14564 (E:\DataMigration\DATA_MIGRATION_RTGS\DataMigrationAndExtract\DataMigration\target\classes started by SheikKhadeer in E:\DataMigration\DATA_MIGRATION_RTGS\DataMigrationAndExtract\DataMigration)
2023-02-27 09:44:49.148 [main] INFO  scrips.datamigration.App:651 - No active profile set, falling back to default profiles: app
2023-02-27 09:44:49.635 [main] INFO  org.springframework.data.repository.config.RepositoryConfigurationDelegate:127 - Bootstrapping Spring Data JPA repositories in DEFAULT mode.
2023-02-27 09:44:49.872 [main] INFO  org.springframework.data.repository.config.RepositoryConfigurationDelegate:187 - Finished Spring Data repository scanning in 227ms. Found 63 JPA repository interfaces.
2023-02-27 09:44:50.165 [main] INFO  com.ulisesbocchio.jasyptspringboot.configuration.EnableEncryptablePropertiesBeanFactoryPostProcessor:39 - Post-processing PropertySource instances
2023-02-27 09:44:50.190 [main] INFO  com.ulisesbocchio.jasyptspringboot.EncryptablePropertySourceConverter:56 - Converting PropertySource configurationProperties [org.springframework.boot.context.properties.source.ConfigurationPropertySourcesPropertySource] to AOP Proxy
2023-02-27 09:44:50.191 [main] INFO  com.ulisesbocchio.jasyptspringboot.EncryptablePropertySourceConverter:56 - Converting PropertySource commandLineArgs [org.springframework.core.env.SimpleCommandLinePropertySource] to EncryptableEnumerablePropertySourceWrapper
2023-02-27 09:44:50.191 [main] INFO  com.ulisesbocchio.jasyptspringboot.EncryptablePropertySourceConverter:56 - Converting PropertySource systemProperties [org.springframework.core.env.PropertiesPropertySource] to EncryptableMapPropertySourceWrapper
2023-02-27 09:44:50.191 [main] INFO  com.ulisesbocchio.jasyptspringboot.EncryptablePropertySourceConverter:56 - Converting PropertySource systemEnvironment [org.springframework.boot.env.SystemEnvironmentPropertySourceEnvironmentPostProcessor$OriginAwareSystemEnvironmentPropertySource] to EncryptableSystemEnvironmentPropertySourceWrapper
2023-02-27 09:44:50.192 [main] INFO  com.ulisesbocchio.jasyptspringboot.EncryptablePropertySourceConverter:56 - Converting PropertySource random [org.springframework.boot.env.RandomValuePropertySource] to EncryptablePropertySourceWrapper
2023-02-27 09:44:50.192 [main] INFO  com.ulisesbocchio.jasyptspringboot.EncryptablePropertySourceConverter:56 - Converting PropertySource applicationConfig: [file:./config/application.properties] [org.springframework.boot.env.OriginTrackedMapPropertySource] to EncryptableMapPropertySourceWrapper
2023-02-27 09:44:50.192 [main] INFO  com.ulisesbocchio.jasyptspringboot.EncryptablePropertySourceConverter:56 - Converting PropertySource applicationConfig: [classpath:/application.properties] [org.springframework.boot.env.OriginTrackedMapPropertySource] to EncryptableMapPropertySourceWrapper
2023-02-27 09:44:50.192 [main] INFO  com.ulisesbocchio.jasyptspringboot.EncryptablePropertySourceConverter:56 - Converting PropertySource DataMigrationProperties [org.springframework.core.env.MapPropertySource] to EncryptableMapPropertySourceWrapper
2023-02-27 09:44:50.281 [main] INFO  com.ulisesbocchio.jasyptspringboot.filter.DefaultLazyPropertyFilter:31 - Property Filter custom Bean not found with name 'encryptablePropertyFilter'. Initializing Default Property Filter
2023-02-27 09:44:50.379 [main] INFO  com.ulisesbocchio.jasyptspringboot.resolver.DefaultLazyPropertyResolver:35 - Property Resolver custom Bean not found with name 'encryptablePropertyResolver'. Initializing Default Property Resolver
2023-02-27 09:44:50.383 [main] INFO  com.ulisesbocchio.jasyptspringboot.detector.DefaultLazyPropertyDetector:35 - Property Detector custom Bean not found with name 'encryptablePropertyDetector'. Initializing Default Property Detector
2023-02-27 09:44:50.523 [main] INFO  org.hibernate.jpa.internal.util.LogHelper:31 - HHH000204: Processing PersistenceUnitInfo [name: data]
2023-02-27 09:44:50.598 [main] INFO  org.hibernate.Version:44 - HHH000412: Hibernate ORM core version 5.4.15.Final
2023-02-27 09:44:50.735 [main] INFO  org.hibernate.annotations.common.Version:49 - HCANN000001: Hibernate Commons Annotations {5.1.0.Final}
2023-02-27 09:44:50.984 [main] INFO  com.zaxxer.hikari.HikariDataSource:110 - HikariPool-1 - Starting...
2023-02-27 09:44:51.130 [main] INFO  com.zaxxer.hikari.HikariDataSource:123 - HikariPool-1 - Start completed.
2023-02-27 09:44:51.159 [main] INFO  org.hibernate.dialect.Dialect:172 - HHH000400: Using dialect: org.hibernate.dialect.MySQL8Dialect
2023-02-27 09:44:51.250 [main] INFO  org.hibernate.envers.boot.internal.EnversServiceImpl:90 - Envers integration enabled? : true
2023-02-27 09:44:53.441 [main] INFO  org.hibernate.engine.transaction.jta.platform.internal.JtaPlatformInitiator:52 - HHH000490: Using JtaPlatform implementation: [org.hibernate.engine.transaction.jta.platform.internal.NoJtaPlatform]
2023-02-27 09:44:53.451 [main] INFO  org.springframework.orm.jpa.LocalContainerEntityManagerFactoryBean:416 - Initialized JPA EntityManagerFactory for persistence unit 'data'
2023-02-27 09:44:56.343 [main] INFO  scrips.datamigration.App:61 - Started App in 7.749 seconds (JVM running for 8.832)
2023-02-27 09:44:56.356 [main] INFO  scrips.datamigration.common.service.FkChecksEnableDisable:36 - disable FkChecks called
2023-02-27 09:44:56.374 [main] DEBUG org.hibernate.SQL:128 - SET FOREIGN_KEY_CHECKS = 0
2023-02-27 09:44:56.385 [main] INFO  scrips.datamigration.common.service.FkChecksEnableDisable:38 - disable FkChecks done
2023-02-27 09:44:56.414 [main] DEBUG org.hibernate.SQL:128 - SELECT @@GLOBAL.foreign_key_checks, @@SESSION.foreign_key_checks
2023-02-27 09:44:56.421 [main] INFO  scrips.datamigration.common.service.FkChecksEnableDisable:52 - foreign_key_checks status - 0
2023-02-27 09:44:56.422 [main] INFO  scrips.datamigration.controller.ScripsFileUploadController:131 - fileUploadCode - CBM_GL_ACCOUNT_FILE_UPLOAD
2023-02-27 09:44:56.422 [main] INFO  scrips.datamigration.common.service.FileUploadService:82 - getFileHeaderByCode entered
2023-02-27 09:44:56.422 [main] INFO  scrips.datamigration.common.service.FileUploadService:88 - fileUploadHeaderOut - cbm_gl_account
2023-02-27 09:44:56.423 [main] INFO  scrips.datamigration.controller.ScripsFileUploadController:136 - Live table name ->cbm_gl_account
2023-02-27 09:44:56.424 [main] INFO  scrips.datamigration.common.service.FileUploadService:98 - fieldName  -  gl_account
2023-02-27 09:44:56.424 [main] INFO  scrips.datamigration.common.service.FileUploadService:98 - fieldName  -  gl_account_description
2023-02-27 09:44:56.424 [main] INFO  scrips.datamigration.common.service.FileUploadService:104 - fileUploadDetails - [scrips.datamigration.fileupload.JpaFileUploadDetails@5f6b6f2, scrips.datamigration.fileupload.JpaFileUploadDetails@136bd1d1]
2023-02-27 09:44:56.424 [main] INFO  scrips.datamigration.common.service.FileUploadService:48 - ftp status n
2023-02-27 09:44:56.425 [main] INFO  scrips.datamigration.common.service.FileUploadService:64 - FTP Not Enabled,Reading files from MigrationFiles folder
2023-02-27 09:44:56.426 [main] INFO  scrips.datamigration.controller.ScripsFileUploadController:154 - fileRecords - 12010311BANKGRF|Description For 12010311BANKGRF
2023-02-27 09:44:56.427 [main] INFO  scrips.datamigration.controller.ScripsFileUploadController:154 - fileRecords - 12010311BANKGRF|Description For 12010311BANKGRG
2023-02-27 09:44:56.427 [main] INFO  scrips.datamigration.controller.ScripsFileUploadController:154 - fileRecords - 12010312BANKGRY|Description For 12010311BANKGRH
2023-02-27 09:44:56.427 [main] INFO  scrips.datamigration.controller.ScripsFileUploadController:154 - fileRecords - 12010311BANKGR@|Description For 12010311BANKGRG
2023-02-27 09:44:56.427 [main] INFO  scrips.datamigration.controller.ScripsFileUploadController:154 - fileRecords - 12010312BANKGRY|Description For 12010311BANKGR@
2023-02-27 09:44:56.427 [main] INFO  scrips.datamigration.controller.ScripsFileUploadController:156 - 1:gl_account
2023-02-27 09:44:56.428 [main] INFO  scrips.datamigration.controller.ScripsFileUploadController:156 - 2:gl_account_description
2023-02-27 09:44:56.432 [main] INFO  scrips.datamigration.rtgs.service.CbmGlAccountService:85 - Total records in File: {}5
2023-02-27 09:44:56.454 [main] DEBUG org.hibernate.SQL:128 - insert into cbm_gl_account_source (created_date, gl_account, gl_account_description, gl_account_indicator, id, migrated_date, modified_date, remarks) values (?, ?, ?, ?, ?, ?, ?, ?)
2023-02-27 09:44:56.526 [main] DEBUG org.hibernate.SQL:128 - select jpacbmglac0_.id as id1_17_0_, jpacbmglac0_.created_date as created_2_17_0_, jpacbmglac0_.gl_account as gl_accou3_17_0_, jpacbmglac0_.gl_account_description as gl_accou4_17_0_, jpacbmglac0_.gl_account_indicator as gl_accou5_17_0_, jpacbmglac0_.modified_date as modified6_17_0_, jpacbmglac0_.remarks as remarks7_17_0_ from cbm_gl_account_temp jpacbmglac0_ where jpacbmglac0_.id=?
2023-02-27 09:44:56.537 [main] DEBUG org.hibernate.SQL:128 - insert into cbm_gl_account_temp (created_date, gl_account, gl_account_description, gl_account_indicator, modified_date, remarks, id) values (?, ?, ?, ?, ?, ?, ?)
2023-02-27 09:44:56.573 [main] DEBUG org.hibernate.SQL:128 - insert into cbm_gl_account_source (created_date, gl_account, gl_account_description, gl_account_indicator, id, migrated_date, modified_date, remarks) values (?, ?, ?, ?, ?, ?, ?, ?)
2023-02-27 09:44:56.633 [main] DEBUG org.hibernate.SQL:128 - select jpacbmglac0_.id as id1_17_0_, jpacbmglac0_.created_date as created_2_17_0_, jpacbmglac0_.gl_account as gl_accou3_17_0_, jpacbmglac0_.gl_account_description as gl_accou4_17_0_, jpacbmglac0_.gl_account_indicator as gl_accou5_17_0_, jpacbmglac0_.modified_date as modified6_17_0_, jpacbmglac0_.remarks as remarks7_17_0_ from cbm_gl_account_temp jpacbmglac0_ where jpacbmglac0_.id=?
2023-02-27 09:44:56.636 [main] DEBUG org.hibernate.SQL:128 - insert into cbm_gl_account_temp (created_date, gl_account, gl_account_description, gl_account_indicator, modified_date, remarks, id) values (?, ?, ?, ?, ?, ?, ?)
2023-02-27 09:44:56.694 [main] DEBUG org.hibernate.SQL:128 - insert into cbm_gl_account_source (created_date, gl_account, gl_account_description, gl_account_indicator, id, migrated_date, modified_date, remarks) values (?, ?, ?, ?, ?, ?, ?, ?)
2023-02-27 09:44:56.705 [main] DEBUG org.hibernate.SQL:128 - select jpacbmglac0_.id as id1_17_0_, jpacbmglac0_.created_date as created_2_17_0_, jpacbmglac0_.gl_account as gl_accou3_17_0_, jpacbmglac0_.gl_account_description as gl_accou4_17_0_, jpacbmglac0_.gl_account_indicator as gl_accou5_17_0_, jpacbmglac0_.modified_date as modified6_17_0_, jpacbmglac0_.remarks as remarks7_17_0_ from cbm_gl_account_temp jpacbmglac0_ where jpacbmglac0_.id=?
2023-02-27 09:44:56.707 [main] DEBUG org.hibernate.SQL:128 - insert into cbm_gl_account_temp (created_date, gl_account, gl_account_description, gl_account_indicator, modified_date, remarks, id) values (?, ?, ?, ?, ?, ?, ?)
2023-02-27 09:44:56.784 [main] DEBUG org.hibernate.SQL:128 - insert into cbm_gl_account_source (created_date, gl_account, gl_account_description, gl_account_indicator, id, migrated_date, modified_date, remarks) values (?, ?, ?, ?, ?, ?, ?, ?)
2023-02-27 09:44:56.867 [main] DEBUG org.hibernate.SQL:128 - insert into cbm_gl_account_source (created_date, gl_account, gl_account_description, gl_account_indicator, id, migrated_date, modified_date, remarks) values (?, ?, ?, ?, ?, ?, ?, ?)
2023-02-27 09:44:56.950 [main] DEBUG org.hibernate.SQL:128 - select jpacbmglac0_.id as id1_17_0_, jpacbmglac0_.created_date as created_2_17_0_, jpacbmglac0_.gl_account as gl_accou3_17_0_, jpacbmglac0_.gl_account_description as gl_accou4_17_0_, jpacbmglac0_.gl_account_indicator as gl_accou5_17_0_, jpacbmglac0_.modified_date as modified6_17_0_, jpacbmglac0_.remarks as remarks7_17_0_ from cbm_gl_account_temp jpacbmglac0_ where jpacbmglac0_.id=?
2023-02-27 09:44:56.954 [main] DEBUG org.hibernate.SQL:128 - insert into cbm_gl_account_temp (created_date, gl_account, gl_account_description, gl_account_indicator, modified_date, remarks, id) values (?, ?, ?, ?, ?, ?, ?)
2023-02-27 09:44:57.127 [main] DEBUG org.hibernate.SQL:128 - select jpacbmglac0_.gl_account as gl_accou1_15_, jpacbmglac0_.created_date as created_2_15_, jpacbmglac0_.gl_account_description as gl_accou3_15_, jpacbmglac0_.gl_account_indicator as gl_accou4_15_, jpacbmglac0_.modified_date as modified5_15_ from cbm_gl_account jpacbmglac0_ where jpacbmglac0_.gl_account=?
2023-02-27 09:44:57.132 [main] DEBUG org.hibernate.SQL:128 - select jpacbmglac0_.gl_account as gl_accou1_15_0_, jpacbmglac0_.created_date as created_2_15_0_, jpacbmglac0_.gl_account_description as gl_accou3_15_0_, jpacbmglac0_.gl_account_indicator as gl_accou4_15_0_, jpacbmglac0_.modified_date as modified5_15_0_ from cbm_gl_account jpacbmglac0_ where jpacbmglac0_.gl_account=?
2023-02-27 09:44:57.134 [main] DEBUG org.hibernate.SQL:128 - insert into cbm_gl_account (created_date, gl_account_description, gl_account_indicator, modified_date, gl_account) values (?, ?, ?, ?, ?)
2023-02-27 09:44:57.197 [main] DEBUG org.hibernate.SQL:128 - select jpacbmglac0_.gl_account as gl_accou1_15_, jpacbmglac0_.created_date as created_2_15_, jpacbmglac0_.gl_account_description as gl_accou3_15_, jpacbmglac0_.gl_account_indicator as gl_accou4_15_, jpacbmglac0_.modified_date as modified5_15_ from cbm_gl_account jpacbmglac0_ where jpacbmglac0_.gl_account=?
2023-02-27 09:44:57.203 [main] DEBUG org.hibernate.SQL:128 - select jpacbmglac0_.id as id1_17_0_, jpacbmglac0_.created_date as created_2_17_0_, jpacbmglac0_.gl_account as gl_accou3_17_0_, jpacbmglac0_.gl_account_description as gl_accou4_17_0_, jpacbmglac0_.gl_account_indicator as gl_accou5_17_0_, jpacbmglac0_.modified_date as modified6_17_0_, jpacbmglac0_.remarks as remarks7_17_0_ from cbm_gl_account_temp jpacbmglac0_ where jpacbmglac0_.id=?
2023-02-27 09:44:57.207 [main] DEBUG org.hibernate.SQL:128 - update cbm_gl_account_temp set created_date=?, gl_account=?, gl_account_description=?, gl_account_indicator=?, modified_date=?, remarks=? where id=?
2023-02-27 09:44:57.276 [main] DEBUG org.hibernate.SQL:128 - select jpacbmglac0_.gl_account as gl_accou1_15_, jpacbmglac0_.created_date as created_2_15_, jpacbmglac0_.gl_account_description as gl_accou3_15_, jpacbmglac0_.gl_account_indicator as gl_accou4_15_, jpacbmglac0_.modified_date as modified5_15_ from cbm_gl_account jpacbmglac0_ where jpacbmglac0_.gl_account=?
2023-02-27 09:44:57.279 [main] DEBUG org.hibernate.SQL:128 - select jpacbmglac0_.gl_account as gl_accou1_15_0_, jpacbmglac0_.created_date as created_2_15_0_, jpacbmglac0_.gl_account_description as gl_accou3_15_0_, jpacbmglac0_.gl_account_indicator as gl_accou4_15_0_, jpacbmglac0_.modified_date as modified5_15_0_ from cbm_gl_account jpacbmglac0_ where jpacbmglac0_.gl_account=?
2023-02-27 09:44:57.281 [main] DEBUG org.hibernate.SQL:128 - insert into cbm_gl_account (created_date, gl_account_description, gl_account_indicator, modified_date, gl_account) values (?, ?, ?, ?, ?)
2023-02-27 09:44:57.360 [main] DEBUG org.hibernate.SQL:128 - select jpacbmglac0_.gl_account as gl_accou1_15_, jpacbmglac0_.created_date as created_2_15_, jpacbmglac0_.gl_account_description as gl_accou3_15_, jpacbmglac0_.gl_account_indicator as gl_accou4_15_, jpacbmglac0_.modified_date as modified5_15_ from cbm_gl_account jpacbmglac0_ where jpacbmglac0_.gl_account=?
2023-02-27 09:44:57.362 [main] DEBUG org.hibernate.SQL:128 - select jpacbmglac0_.id as id1_17_0_, jpacbmglac0_.created_date as created_2_17_0_, jpacbmglac0_.gl_account as gl_accou3_17_0_, jpacbmglac0_.gl_account_description as gl_accou4_17_0_, jpacbmglac0_.gl_account_indicator as gl_accou5_17_0_, jpacbmglac0_.modified_date as modified6_17_0_, jpacbmglac0_.remarks as remarks7_17_0_ from cbm_gl_account_temp jpacbmglac0_ where jpacbmglac0_.id=?
2023-02-27 09:44:57.365 [main] DEBUG org.hibernate.SQL:128 - update cbm_gl_account_temp set created_date=?, gl_account=?, gl_account_description=?, gl_account_indicator=?, modified_date=?, remarks=? where id=?
2023-02-27 09:44:57.428 [main] INFO  scrips.datamigration.common.service.FkChecksEnableDisable:23 - enable FkChecks called
2023-02-27 09:44:57.430 [main] DEBUG org.hibernate.SQL:128 - SET FOREIGN_KEY_CHECKS = 1
2023-02-27 09:44:57.430 [main] INFO  scrips.datamigration.common.service.FkChecksEnableDisable:25 - enable FkChecks done
2023-02-27 09:44:57.432 [main] DEBUG org.hibernate.SQL:128 - SELECT @@GLOBAL.foreign_key_checks, @@SESSION.foreign_key_checks
2023-02-27 09:44:57.435 [main] INFO  scrips.datamigration.common.service.FkChecksEnableDisable:52 - foreign_key_checks status - 1
2023-02-27 09:44:57.435 [main] INFO  scrips.datamigration.App:77 - Process completed in (Hours:Minutes:Seconds) 0:0:8
2023-02-27 09:44:57.454 [SpringContextShutdownHook] INFO  org.springframework.orm.jpa.LocalContainerEntityManagerFactoryBean:598 - Closing JPA EntityManagerFactory for persistence unit 'data'
2023-02-27 09:44:57.456 [SpringContextShutdownHook] INFO  com.zaxxer.hikari.HikariDataSource:350 - HikariPool-1 - Shutdown initiated...
2023-02-27 09:44:57.463 [SpringContextShutdownHook] INFO  com.zaxxer.hikari.HikariDataSource:352 - HikariPool-1 - Shutdown completed.
