2023-03-01 15:52:28.270 [main] INFO  scrips.datamigration.App:55 - Starting App on WSIN181 with PID 12836 (E:\DataMigration\DATA_MIGRATION_RTGS\DataMigrationAndExtract\DataMigration\target\classes started by SheikKhadeer in E:\DataMigration\DATA_MIGRATION_RTGS\DataMigrationAndExtract\DataMigration)
2023-03-01 15:52:28.277 [main] INFO  scrips.datamigration.App:651 - No active profile set, falling back to default profiles: app
2023-03-01 15:52:28.856 [main] INFO  org.springframework.data.repository.config.RepositoryConfigurationDelegate:127 - Bootstrapping Spring Data JPA repositories in DEFAULT mode.
2023-03-01 15:52:29.122 [main] INFO  org.springframework.data.repository.config.RepositoryConfigurationDelegate:187 - Finished Spring Data repository scanning in 254ms. Found 63 JPA repository interfaces.
2023-03-01 15:52:29.412 [main] INFO  com.ulisesbocchio.jasyptspringboot.configuration.EnableEncryptablePropertiesBeanFactoryPostProcessor:39 - Post-processing PropertySource instances
2023-03-01 15:52:29.448 [main] INFO  com.ulisesbocchio.jasyptspringboot.EncryptablePropertySourceConverter:56 - Converting PropertySource configurationProperties [org.springframework.boot.context.properties.source.ConfigurationPropertySourcesPropertySource] to AOP Proxy
2023-03-01 15:52:29.450 [main] INFO  com.ulisesbocchio.jasyptspringboot.EncryptablePropertySourceConverter:56 - Converting PropertySource commandLineArgs [org.springframework.core.env.SimpleCommandLinePropertySource] to EncryptableEnumerablePropertySourceWrapper
2023-03-01 15:52:29.451 [main] INFO  com.ulisesbocchio.jasyptspringboot.EncryptablePropertySourceConverter:56 - Converting PropertySource systemProperties [org.springframework.core.env.PropertiesPropertySource] to EncryptableMapPropertySourceWrapper
2023-03-01 15:52:29.452 [main] INFO  com.ulisesbocchio.jasyptspringboot.EncryptablePropertySourceConverter:56 - Converting PropertySource systemEnvironment [org.springframework.boot.env.SystemEnvironmentPropertySourceEnvironmentPostProcessor$OriginAwareSystemEnvironmentPropertySource] to EncryptableSystemEnvironmentPropertySourceWrapper
2023-03-01 15:52:29.453 [main] INFO  com.ulisesbocchio.jasyptspringboot.EncryptablePropertySourceConverter:56 - Converting PropertySource random [org.springframework.boot.env.RandomValuePropertySource] to EncryptablePropertySourceWrapper
2023-03-01 15:52:29.453 [main] INFO  com.ulisesbocchio.jasyptspringboot.EncryptablePropertySourceConverter:56 - Converting PropertySource applicationConfig: [file:./config/application.properties] [org.springframework.boot.env.OriginTrackedMapPropertySource] to EncryptableMapPropertySourceWrapper
2023-03-01 15:52:29.454 [main] INFO  com.ulisesbocchio.jasyptspringboot.EncryptablePropertySourceConverter:56 - Converting PropertySource applicationConfig: [classpath:/application.properties] [org.springframework.boot.env.OriginTrackedMapPropertySource] to EncryptableMapPropertySourceWrapper
2023-03-01 15:52:29.454 [main] INFO  com.ulisesbocchio.jasyptspringboot.EncryptablePropertySourceConverter:56 - Converting PropertySource DataMigrationProperties [org.springframework.core.env.MapPropertySource] to EncryptableMapPropertySourceWrapper
2023-03-01 15:52:29.585 [main] INFO  com.ulisesbocchio.jasyptspringboot.filter.DefaultLazyPropertyFilter:31 - Property Filter custom Bean not found with name 'encryptablePropertyFilter'. Initializing Default Property Filter
2023-03-01 15:52:29.719 [main] INFO  com.ulisesbocchio.jasyptspringboot.resolver.DefaultLazyPropertyResolver:35 - Property Resolver custom Bean not found with name 'encryptablePropertyResolver'. Initializing Default Property Resolver
2023-03-01 15:52:29.724 [main] INFO  com.ulisesbocchio.jasyptspringboot.detector.DefaultLazyPropertyDetector:35 - Property Detector custom Bean not found with name 'encryptablePropertyDetector'. Initializing Default Property Detector
2023-03-01 15:52:29.878 [main] INFO  org.hibernate.jpa.internal.util.LogHelper:31 - HHH000204: Processing PersistenceUnitInfo [name: data]
2023-03-01 15:52:29.968 [main] INFO  org.hibernate.Version:44 - HHH000412: Hibernate ORM core version 5.4.15.Final
2023-03-01 15:52:30.116 [main] INFO  org.hibernate.annotations.common.Version:49 - HCANN000001: Hibernate Commons Annotations {5.1.0.Final}
2023-03-01 15:52:30.354 [main] INFO  com.zaxxer.hikari.HikariDataSource:110 - HikariPool-1 - Starting...
2023-03-01 15:52:30.516 [main] INFO  com.zaxxer.hikari.HikariDataSource:123 - HikariPool-1 - Start completed.
2023-03-01 15:52:30.548 [main] INFO  org.hibernate.dialect.Dialect:172 - HHH000400: Using dialect: org.hibernate.dialect.MySQL8Dialect
2023-03-01 15:52:30.640 [main] INFO  org.hibernate.envers.boot.internal.EnversServiceImpl:90 - Envers integration enabled? : true
2023-03-01 15:52:32.577 [main] INFO  org.hibernate.engine.transaction.jta.platform.internal.JtaPlatformInitiator:52 - HHH000490: Using JtaPlatform implementation: [org.hibernate.engine.transaction.jta.platform.internal.NoJtaPlatform]
2023-03-01 15:52:32.587 [main] INFO  org.springframework.orm.jpa.LocalContainerEntityManagerFactoryBean:416 - Initialized JPA EntityManagerFactory for persistence unit 'data'
2023-03-01 15:52:34.969 [main] INFO  scrips.datamigration.App:61 - Started App in 7.379 seconds (JVM running for 8.609)
2023-03-01 15:52:34.975 [main] ERROR scrips.datamigration.App:66 - Invalid service name: --spring.output.ansi.enabled=always
2023-03-01 15:52:34.976 [main] INFO  scrips.datamigration.App:77 - Process completed in (Hours:Minutes:Seconds) 0:0:7
2023-03-01 15:52:34.996 [SpringContextShutdownHook] INFO  org.springframework.orm.jpa.LocalContainerEntityManagerFactoryBean:598 - Closing JPA EntityManagerFactory for persistence unit 'data'
2023-03-01 15:52:34.999 [SpringContextShutdownHook] INFO  com.zaxxer.hikari.HikariDataSource:350 - HikariPool-1 - Shutdown initiated...
2023-03-01 15:52:35.008 [SpringContextShutdownHook] INFO  com.zaxxer.hikari.HikariDataSource:352 - HikariPool-1 - Shutdown completed.
