2023-02-27 09:45:32.418 [main] INFO  scrips.datamigration.App:55 - Starting App on WSIN181 with PID 14736 (E:\DataMigration\DATA_MIGRATION_RTGS\DataMigrationAndExtract\DataMigration\target\classes started by SheikKhadeer in E:\DataMigration\DATA_MIGRATION_RTGS\DataMigrationAndExtract\DataMigration)
2023-02-27 09:45:32.423 [main] INFO  scrips.datamigration.App:651 - No active profile set, falling back to default profiles: app
2023-02-27 09:45:32.931 [main] INFO  org.springframework.data.repository.config.RepositoryConfigurationDelegate:127 - Bootstrapping Spring Data JPA repositories in DEFAULT mode.
2023-02-27 09:45:33.190 [main] INFO  org.springframework.data.repository.config.RepositoryConfigurationDelegate:187 - Finished Spring Data repository scanning in 249ms. Found 63 JPA repository interfaces.
2023-02-27 09:45:33.504 [main] INFO  com.ulisesbocchio.jasyptspringboot.configuration.EnableEncryptablePropertiesBeanFactoryPostProcessor:39 - Post-processing PropertySource instances
2023-02-27 09:45:33.538 [main] INFO  com.ulisesbocchio.jasyptspringboot.EncryptablePropertySourceConverter:56 - Converting PropertySource configurationProperties [org.springframework.boot.context.properties.source.ConfigurationPropertySourcesPropertySource] to AOP Proxy
2023-02-27 09:45:33.538 [main] INFO  com.ulisesbocchio.jasyptspringboot.EncryptablePropertySourceConverter:56 - Converting PropertySource commandLineArgs [org.springframework.core.env.SimpleCommandLinePropertySource] to EncryptableEnumerablePropertySourceWrapper
2023-02-27 09:45:33.539 [main] INFO  com.ulisesbocchio.jasyptspringboot.EncryptablePropertySourceConverter:56 - Converting PropertySource systemProperties [org.springframework.core.env.PropertiesPropertySource] to EncryptableMapPropertySourceWrapper
2023-02-27 09:45:33.539 [main] INFO  com.ulisesbocchio.jasyptspringboot.EncryptablePropertySourceConverter:56 - Converting PropertySource systemEnvironment [org.springframework.boot.env.SystemEnvironmentPropertySourceEnvironmentPostProcessor$OriginAwareSystemEnvironmentPropertySource] to EncryptableSystemEnvironmentPropertySourceWrapper
2023-02-27 09:45:33.540 [main] INFO  com.ulisesbocchio.jasyptspringboot.EncryptablePropertySourceConverter:56 - Converting PropertySource random [org.springframework.boot.env.RandomValuePropertySource] to EncryptablePropertySourceWrapper
2023-02-27 09:45:33.540 [main] INFO  com.ulisesbocchio.jasyptspringboot.EncryptablePropertySourceConverter:56 - Converting PropertySource applicationConfig: [file:./config/application.properties] [org.springframework.boot.env.OriginTrackedMapPropertySource] to EncryptableMapPropertySourceWrapper
2023-02-27 09:45:33.540 [main] INFO  com.ulisesbocchio.jasyptspringboot.EncryptablePropertySourceConverter:56 - Converting PropertySource applicationConfig: [classpath:/application.properties] [org.springframework.boot.env.OriginTrackedMapPropertySource] to EncryptableMapPropertySourceWrapper
2023-02-27 09:45:33.541 [main] INFO  com.ulisesbocchio.jasyptspringboot.EncryptablePropertySourceConverter:56 - Converting PropertySource DataMigrationProperties [org.springframework.core.env.MapPropertySource] to EncryptableMapPropertySourceWrapper
2023-02-27 09:45:33.679 [main] INFO  com.ulisesbocchio.jasyptspringboot.filter.DefaultLazyPropertyFilter:31 - Property Filter custom Bean not found with name 'encryptablePropertyFilter'. Initializing Default Property Filter
2023-02-27 09:45:33.851 [main] INFO  com.ulisesbocchio.jasyptspringboot.resolver.DefaultLazyPropertyResolver:35 - Property Resolver custom Bean not found with name 'encryptablePropertyResolver'. Initializing Default Property Resolver
2023-02-27 09:45:33.855 [main] INFO  com.ulisesbocchio.jasyptspringboot.detector.DefaultLazyPropertyDetector:35 - Property Detector custom Bean not found with name 'encryptablePropertyDetector'. Initializing Default Property Detector
2023-02-27 09:45:34.039 [main] INFO  org.hibernate.jpa.internal.util.LogHelper:31 - HHH000204: Processing PersistenceUnitInfo [name: data]
2023-02-27 09:45:34.138 [main] INFO  org.hibernate.Version:44 - HHH000412: Hibernate ORM core version 5.4.15.Final
2023-02-27 09:45:34.319 [main] INFO  org.hibernate.annotations.common.Version:49 - HCANN000001: Hibernate Commons Annotations {5.1.0.Final}
2023-02-27 09:45:34.587 [main] INFO  com.zaxxer.hikari.HikariDataSource:110 - HikariPool-1 - Starting...
2023-02-27 09:45:34.730 [main] INFO  com.zaxxer.hikari.HikariDataSource:123 - HikariPool-1 - Start completed.
2023-02-27 09:45:34.761 [main] INFO  org.hibernate.dialect.Dialect:172 - HHH000400: Using dialect: org.hibernate.dialect.MySQL8Dialect
2023-02-27 09:45:34.842 [main] INFO  org.hibernate.envers.boot.internal.EnversServiceImpl:90 - Envers integration enabled? : true
2023-02-27 09:45:36.612 [main] INFO  org.hibernate.engine.transaction.jta.platform.internal.JtaPlatformInitiator:52 - HHH000490: Using JtaPlatform implementation: [org.hibernate.engine.transaction.jta.platform.internal.NoJtaPlatform]
2023-02-27 09:45:36.619 [main] INFO  org.springframework.orm.jpa.LocalContainerEntityManagerFactoryBean:416 - Initialized JPA EntityManagerFactory for persistence unit 'data'
2023-02-27 09:45:39.163 [main] INFO  scrips.datamigration.App:61 - Started App in 7.291 seconds (JVM running for 8.36)
2023-02-27 09:45:39.181 [main] INFO  scrips.datamigration.common.service.FkChecksEnableDisable:36 - disable FkChecks called
2023-02-27 09:45:39.208 [main] DEBUG org.hibernate.SQL:128 - SET FOREIGN_KEY_CHECKS = 0
2023-02-27 09:45:39.223 [main] INFO  scrips.datamigration.common.service.FkChecksEnableDisable:38 - disable FkChecks done
2023-02-27 09:45:39.254 [main] DEBUG org.hibernate.SQL:128 - SELECT @@GLOBAL.foreign_key_checks, @@SESSION.foreign_key_checks
2023-02-27 09:45:39.264 [main] INFO  scrips.datamigration.common.service.FkChecksEnableDisable:52 - foreign_key_checks status - 0
2023-02-27 09:45:39.264 [main] INFO  scrips.datamigration.controller.ScripsFileUploadController:131 - fileUploadCode - CBM_SORA_RATE_FILE_UPLOAD
2023-02-27 09:45:39.265 [main] INFO  scrips.datamigration.common.service.FileUploadService:82 - getFileHeaderByCode entered
2023-02-27 09:45:39.266 [main] INFO  scrips.datamigration.common.service.FileUploadService:88 - fileUploadHeaderOut - cbm_sora_rate
2023-02-27 09:45:39.266 [main] INFO  scrips.datamigration.controller.ScripsFileUploadController:136 - Live table name ->cbm_sora_rate
2023-02-27 09:45:39.268 [main] INFO  scrips.datamigration.common.service.FileUploadService:98 - fieldName  -  reference_rate
2023-02-27 09:45:39.268 [main] INFO  scrips.datamigration.common.service.FileUploadService:98 - fieldName  -  publication_date
2023-02-27 09:45:39.268 [main] INFO  scrips.datamigration.common.service.FileUploadService:98 - fieldName  -  value_date
2023-02-27 09:45:39.269 [main] INFO  scrips.datamigration.common.service.FileUploadService:98 - fieldName  -  rate
2023-02-27 09:45:39.269 [main] INFO  scrips.datamigration.common.service.FileUploadService:104 - fileUploadDetails - [scrips.datamigration.fileupload.JpaFileUploadDetails@3413effc, scrips.datamigration.fileupload.JpaFileUploadDetails@407bfc49, scrips.datamigration.fileupload.JpaFileUploadDetails@2f84848e, scrips.datamigration.fileupload.JpaFileUploadDetails@607c7f58]
2023-02-27 09:45:39.269 [main] INFO  scrips.datamigration.common.service.FileUploadService:48 - ftp status n
2023-02-27 09:45:39.269 [main] INFO  scrips.datamigration.common.service.FileUploadService:64 - FTP Not Enabled,Reading files from MigrationFiles folder
2023-02-27 09:45:39.272 [main] INFO  scrips.datamigration.controller.ScripsFileUploadController:154 - fileRecords - SORA INDEX|20220506|20220515|.1234567890
2023-02-27 09:45:39.272 [main] INFO  scrips.datamigration.controller.ScripsFileUploadController:154 - fileRecords - SORA INDEX|20220506|20220515|123.
2023-02-27 09:45:39.273 [main] INFO  scrips.datamigration.controller.ScripsFileUploadController:154 - fileRecords - SORA RATE|20220508|20220508|123.1234567891
2023-02-27 09:45:39.273 [main] INFO  scrips.datamigration.controller.ScripsFileUploadController:154 - fileRecords - SORA RATE|20220506|20220510|
2023-02-27 09:45:39.273 [main] INFO  scrips.datamigration.controller.ScripsFileUploadController:154 - fileRecords - SORA RATE|20220508|20220508|1234.56
2023-02-27 09:45:39.273 [main] INFO  scrips.datamigration.controller.ScripsFileUploadController:154 - fileRecords - SORA RATE|20220506|20220511|123.123456789091
2023-02-27 09:45:39.273 [main] INFO  scrips.datamigration.controller.ScripsFileUploadController:154 - fileRecords - SORA INDEX|20220506|20220515|TEST
2023-02-27 09:45:39.273 [main] INFO  scrips.datamigration.controller.ScripsFileUploadController:154 - fileRecords - SORA INDEX|20220506|TEST|.
2023-02-27 09:45:39.273 [main] INFO  scrips.datamigration.controller.ScripsFileUploadController:154 - fileRecords - SORA INDEX|TEST|20220519|1.3000000000
2023-02-27 09:45:39.274 [main] INFO  scrips.datamigration.controller.ScripsFileUploadController:156 - 1:reference_rate
2023-02-27 09:45:39.274 [main] INFO  scrips.datamigration.controller.ScripsFileUploadController:156 - 2:publication_date
2023-02-27 09:45:39.274 [main] INFO  scrips.datamigration.controller.ScripsFileUploadController:156 - 3:value_date
2023-02-27 09:45:39.275 [main] INFO  scrips.datamigration.controller.ScripsFileUploadController:156 - 4:rate
2023-02-27 09:45:39.282 [main] INFO  scrips.datamigration.rtgs.service.CbmSoraRateService:94 - Total records in File: {}9
2023-02-27 09:45:39.318 [main] DEBUG org.hibernate.SQL:128 - select jpauser0_.id as id1_60_, jpauser0_.access_level as access_l2_60_, jpauser0_.action as action3_60_, jpauser0_.approval_remark as approval4_60_, jpauser0_.approved_by as approved5_60_, jpauser0_.approved_date as approved6_60_, jpauser0_.created_date as created_7_60_, jpauser0_.currency_code as currency8_60_, jpauser0_.effective_date as effectiv9_60_, jpauser0_.email as email10_60_, jpauser0_.first_activation_date as first_a11_60_, jpauser0_.last_login_datetime as last_lo12_60_, jpauser0_.login_attempts as login_a13_60_, jpauser0_.member_id as member_14_60_, jpauser0_.modified_by as modifie15_60_, jpauser0_.modified_date as modifie16_60_, jpauser0_.name as name17_60_, jpauser0_.password as passwor18_60_, jpauser0_.password_expiry_date as passwor19_60_, jpauser0_.phone_no as phone_n20_60_, jpauser0_.status as status21_60_, jpauser0_.swift_net_id as swift_n22_60_, jpauser0_.user_id as user_id23_60_, jpauser0_.user_status as user_st24_60_, jpauser0_.workflow_status_id as workflo25_60_ from user jpauser0_ where jpauser0_.name=?
2023-02-27 09:45:39.358 [main] DEBUG org.hibernate.SQL:128 - insert into cbm_sora_rate_source (action, approval_remark, approved_by, approved_date, created_date, effective_date, id, migrated_date, modified_by, modified_date, publication_date, rate, reference_rate, remarks, status, value_date, workflow_status_id) values (?, ?, ?, ?, ?, ?, ?, ?, ?, ?, ?, ?, ?, ?, ?, ?, ?)
2023-02-27 09:45:39.389 [main] DEBUG org.hibernate.SQL:128 - select jpacbmsora0_.id as id1_26_0_, jpacbmsora0_.action as action2_26_0_, jpacbmsora0_.approval_remark as approval3_26_0_, jpacbmsora0_.approved_by as approved4_26_0_, jpacbmsora0_.approved_date as approved5_26_0_, jpacbmsora0_.created_date as created_6_26_0_, jpacbmsora0_.effective_date as effectiv7_26_0_, jpacbmsora0_.modified_by as modified8_26_0_, jpacbmsora0_.modified_date as modified9_26_0_, jpacbmsora0_.publication_date as publica10_26_0_, jpacbmsora0_.rate as rate11_26_0_, jpacbmsora0_.reference_rate as referen12_26_0_, jpacbmsora0_.remarks as remarks13_26_0_, jpacbmsora0_.status as status14_26_0_, jpacbmsora0_.value_date as value_d15_26_0_, jpacbmsora0_.workflow_status_id as workflo16_26_0_ from cbm_sora_rate_temp jpacbmsora0_ where jpacbmsora0_.id=?
2023-02-27 09:45:39.402 [main] DEBUG org.hibernate.SQL:128 - insert into cbm_sora_rate_temp (action, approval_remark, approved_by, approved_date, created_date, effective_date, modified_by, modified_date, publication_date, rate, reference_rate, remarks, status, value_date, workflow_status_id, id) values (?, ?, ?, ?, ?, ?, ?, ?, ?, ?, ?, ?, ?, ?, ?, ?)
2023-02-27 09:45:39.415 [main] DEBUG org.hibernate.SQL:128 - insert into cbm_sora_rate_source (action, approval_remark, approved_by, approved_date, created_date, effective_date, id, migrated_date, modified_by, modified_date, publication_date, rate, reference_rate, remarks, status, value_date, workflow_status_id) values (?, ?, ?, ?, ?, ?, ?, ?, ?, ?, ?, ?, ?, ?, ?, ?, ?)
2023-02-27 09:45:39.428 [main] DEBUG org.hibernate.SQL:128 - select jpacbmsora0_.id as id1_26_0_, jpacbmsora0_.action as action2_26_0_, jpacbmsora0_.approval_remark as approval3_26_0_, jpacbmsora0_.approved_by as approved4_26_0_, jpacbmsora0_.approved_date as approved5_26_0_, jpacbmsora0_.created_date as created_6_26_0_, jpacbmsora0_.effective_date as effectiv7_26_0_, jpacbmsora0_.modified_by as modified8_26_0_, jpacbmsora0_.modified_date as modified9_26_0_, jpacbmsora0_.publication_date as publica10_26_0_, jpacbmsora0_.rate as rate11_26_0_, jpacbmsora0_.reference_rate as referen12_26_0_, jpacbmsora0_.remarks as remarks13_26_0_, jpacbmsora0_.status as status14_26_0_, jpacbmsora0_.value_date as value_d15_26_0_, jpacbmsora0_.workflow_status_id as workflo16_26_0_ from cbm_sora_rate_temp jpacbmsora0_ where jpacbmsora0_.id=?
2023-02-27 09:45:39.431 [main] DEBUG org.hibernate.SQL:128 - insert into cbm_sora_rate_temp (action, approval_remark, approved_by, approved_date, created_date, effective_date, modified_by, modified_date, publication_date, rate, reference_rate, remarks, status, value_date, workflow_status_id, id) values (?, ?, ?, ?, ?, ?, ?, ?, ?, ?, ?, ?, ?, ?, ?, ?)
2023-02-27 09:45:39.445 [main] DEBUG org.hibernate.SQL:128 - insert into cbm_sora_rate_source (action, approval_remark, approved_by, approved_date, created_date, effective_date, id, migrated_date, modified_by, modified_date, publication_date, rate, reference_rate, remarks, status, value_date, workflow_status_id) values (?, ?, ?, ?, ?, ?, ?, ?, ?, ?, ?, ?, ?, ?, ?, ?, ?)
2023-02-27 09:45:39.458 [main] DEBUG org.hibernate.SQL:128 - select jpacbmsora0_.id as id1_26_0_, jpacbmsora0_.action as action2_26_0_, jpacbmsora0_.approval_remark as approval3_26_0_, jpacbmsora0_.approved_by as approved4_26_0_, jpacbmsora0_.approved_date as approved5_26_0_, jpacbmsora0_.created_date as created_6_26_0_, jpacbmsora0_.effective_date as effectiv7_26_0_, jpacbmsora0_.modified_by as modified8_26_0_, jpacbmsora0_.modified_date as modified9_26_0_, jpacbmsora0_.publication_date as publica10_26_0_, jpacbmsora0_.rate as rate11_26_0_, jpacbmsora0_.reference_rate as referen12_26_0_, jpacbmsora0_.remarks as remarks13_26_0_, jpacbmsora0_.status as status14_26_0_, jpacbmsora0_.value_date as value_d15_26_0_, jpacbmsora0_.workflow_status_id as workflo16_26_0_ from cbm_sora_rate_temp jpacbmsora0_ where jpacbmsora0_.id=?
2023-02-27 09:45:39.461 [main] DEBUG org.hibernate.SQL:128 - insert into cbm_sora_rate_temp (action, approval_remark, approved_by, approved_date, created_date, effective_date, modified_by, modified_date, publication_date, rate, reference_rate, remarks, status, value_date, workflow_status_id, id) values (?, ?, ?, ?, ?, ?, ?, ?, ?, ?, ?, ?, ?, ?, ?, ?)
2023-02-27 09:45:39.475 [main] DEBUG org.hibernate.SQL:128 - insert into cbm_sora_rate_source (action, approval_remark, approved_by, approved_date, created_date, effective_date, id, migrated_date, modified_by, modified_date, publication_date, rate, reference_rate, remarks, status, value_date, workflow_status_id) values (?, ?, ?, ?, ?, ?, ?, ?, ?, ?, ?, ?, ?, ?, ?, ?, ?)
2023-02-27 09:45:39.489 [main] DEBUG org.hibernate.SQL:128 - select jpacbmsora0_.id as id1_26_0_, jpacbmsora0_.action as action2_26_0_, jpacbmsora0_.approval_remark as approval3_26_0_, jpacbmsora0_.approved_by as approved4_26_0_, jpacbmsora0_.approved_date as approved5_26_0_, jpacbmsora0_.created_date as created_6_26_0_, jpacbmsora0_.effective_date as effectiv7_26_0_, jpacbmsora0_.modified_by as modified8_26_0_, jpacbmsora0_.modified_date as modified9_26_0_, jpacbmsora0_.publication_date as publica10_26_0_, jpacbmsora0_.rate as rate11_26_0_, jpacbmsora0_.reference_rate as referen12_26_0_, jpacbmsora0_.remarks as remarks13_26_0_, jpacbmsora0_.status as status14_26_0_, jpacbmsora0_.value_date as value_d15_26_0_, jpacbmsora0_.workflow_status_id as workflo16_26_0_ from cbm_sora_rate_temp jpacbmsora0_ where jpacbmsora0_.id=?
2023-02-27 09:45:39.493 [main] DEBUG org.hibernate.SQL:128 - insert into cbm_sora_rate_temp (action, approval_remark, approved_by, approved_date, created_date, effective_date, modified_by, modified_date, publication_date, rate, reference_rate, remarks, status, value_date, workflow_status_id, id) values (?, ?, ?, ?, ?, ?, ?, ?, ?, ?, ?, ?, ?, ?, ?, ?)
2023-02-27 09:45:39.507 [main] DEBUG org.hibernate.SQL:128 - insert into cbm_sora_rate_source (action, approval_remark, approved_by, approved_date, created_date, effective_date, id, migrated_date, modified_by, modified_date, publication_date, rate, reference_rate, remarks, status, value_date, workflow_status_id) values (?, ?, ?, ?, ?, ?, ?, ?, ?, ?, ?, ?, ?, ?, ?, ?, ?)
2023-02-27 09:45:39.519 [main] DEBUG org.hibernate.SQL:128 - insert into cbm_sora_rate_source (action, approval_remark, approved_by, approved_date, created_date, effective_date, id, migrated_date, modified_by, modified_date, publication_date, rate, reference_rate, remarks, status, value_date, workflow_status_id) values (?, ?, ?, ?, ?, ?, ?, ?, ?, ?, ?, ?, ?, ?, ?, ?, ?)
2023-02-27 09:45:39.531 [main] DEBUG org.hibernate.SQL:128 - insert into cbm_sora_rate_source (action, approval_remark, approved_by, approved_date, created_date, effective_date, id, migrated_date, modified_by, modified_date, publication_date, rate, reference_rate, remarks, status, value_date, workflow_status_id) values (?, ?, ?, ?, ?, ?, ?, ?, ?, ?, ?, ?, ?, ?, ?, ?, ?)
2023-02-27 09:45:39.543 [main] DEBUG org.hibernate.SQL:128 - insert into cbm_sora_rate_source (action, approval_remark, approved_by, approved_date, created_date, effective_date, id, migrated_date, modified_by, modified_date, publication_date, rate, reference_rate, remarks, status, value_date, workflow_status_id) values (?, ?, ?, ?, ?, ?, ?, ?, ?, ?, ?, ?, ?, ?, ?, ?, ?)
2023-02-27 09:45:39.556 [main] DEBUG org.hibernate.SQL:128 - insert into cbm_sora_rate_source (action, approval_remark, approved_by, approved_date, created_date, effective_date, id, migrated_date, modified_by, modified_date, publication_date, rate, reference_rate, remarks, status, value_date, workflow_status_id) values (?, ?, ?, ?, ?, ?, ?, ?, ?, ?, ?, ?, ?, ?, ?, ?, ?)
2023-02-27 09:45:39.668 [main] DEBUG org.hibernate.SQL:128 - select jpacbmsora0_.reference_rate as referenc1_24_, jpacbmsora0_.value_date as value_da2_24_, jpacbmsora0_.action as action3_24_, jpacbmsora0_.approval_remark as approval4_24_, jpacbmsora0_.approved_by as approved5_24_, jpacbmsora0_.approved_date as approved6_24_, jpacbmsora0_.created_date as created_7_24_, jpacbmsora0_.effective_date as effectiv8_24_, jpacbmsora0_.modified_by as modified9_24_, jpacbmsora0_.modified_date as modifie10_24_, jpacbmsora0_.publication_date as publica11_24_, jpacbmsora0_.rate as rate12_24_, jpacbmsora0_.status as status13_24_, jpacbmsora0_.workflow_status_id as workflo14_24_ from cbm_sora_rate jpacbmsora0_ where jpacbmsora0_.reference_rate=? and jpacbmsora0_.value_date=?
2023-02-27 09:45:39.679 [main] DEBUG org.hibernate.SQL:128 - select jpacbmsora0_.reference_rate as referenc1_24_0_, jpacbmsora0_.value_date as value_da2_24_0_, jpacbmsora0_.action as action3_24_0_, jpacbmsora0_.approval_remark as approval4_24_0_, jpacbmsora0_.approved_by as approved5_24_0_, jpacbmsora0_.approved_date as approved6_24_0_, jpacbmsora0_.created_date as created_7_24_0_, jpacbmsora0_.effective_date as effectiv8_24_0_, jpacbmsora0_.modified_by as modified9_24_0_, jpacbmsora0_.modified_date as modifie10_24_0_, jpacbmsora0_.publication_date as publica11_24_0_, jpacbmsora0_.rate as rate12_24_0_, jpacbmsora0_.status as status13_24_0_, jpacbmsora0_.workflow_status_id as workflo14_24_0_ from cbm_sora_rate jpacbmsora0_ where jpacbmsora0_.reference_rate=? and jpacbmsora0_.value_date=?
2023-02-27 09:45:39.682 [main] DEBUG org.hibernate.SQL:128 - insert into cbm_sora_rate (action, approval_remark, approved_by, approved_date, created_date, effective_date, modified_by, modified_date, publication_date, rate, status, workflow_status_id, reference_rate, value_date) values (?, ?, ?, ?, ?, ?, ?, ?, ?, ?, ?, ?, ?, ?)
2023-02-27 09:45:39.734 [main] DEBUG org.hibernate.SQL:128 - select jpacbmsora0_.reference_rate as referenc1_24_, jpacbmsora0_.value_date as value_da2_24_, jpacbmsora0_.action as action3_24_, jpacbmsora0_.approval_remark as approval4_24_, jpacbmsora0_.approved_by as approved5_24_, jpacbmsora0_.approved_date as approved6_24_, jpacbmsora0_.created_date as created_7_24_, jpacbmsora0_.effective_date as effectiv8_24_, jpacbmsora0_.modified_by as modified9_24_, jpacbmsora0_.modified_date as modifie10_24_, jpacbmsora0_.publication_date as publica11_24_, jpacbmsora0_.rate as rate12_24_, jpacbmsora0_.status as status13_24_, jpacbmsora0_.workflow_status_id as workflo14_24_ from cbm_sora_rate jpacbmsora0_ where jpacbmsora0_.reference_rate=? and jpacbmsora0_.value_date=?
2023-02-27 09:45:39.739 [main] DEBUG org.hibernate.SQL:128 - select jpacbmsora0_.id as id1_26_0_, jpacbmsora0_.action as action2_26_0_, jpacbmsora0_.approval_remark as approval3_26_0_, jpacbmsora0_.approved_by as approved4_26_0_, jpacbmsora0_.approved_date as approved5_26_0_, jpacbmsora0_.created_date as created_6_26_0_, jpacbmsora0_.effective_date as effectiv7_26_0_, jpacbmsora0_.modified_by as modified8_26_0_, jpacbmsora0_.modified_date as modified9_26_0_, jpacbmsora0_.publication_date as publica10_26_0_, jpacbmsora0_.rate as rate11_26_0_, jpacbmsora0_.reference_rate as referen12_26_0_, jpacbmsora0_.remarks as remarks13_26_0_, jpacbmsora0_.status as status14_26_0_, jpacbmsora0_.value_date as value_d15_26_0_, jpacbmsora0_.workflow_status_id as workflo16_26_0_ from cbm_sora_rate_temp jpacbmsora0_ where jpacbmsora0_.id=?
2023-02-27 09:45:39.742 [main] DEBUG org.hibernate.SQL:128 - update cbm_sora_rate_temp set action=?, approval_remark=?, approved_by=?, approved_date=?, created_date=?, effective_date=?, modified_by=?, modified_date=?, publication_date=?, rate=?, reference_rate=?, remarks=?, status=?, value_date=?, workflow_status_id=? where id=?
2023-02-27 09:45:39.793 [main] DEBUG org.hibernate.SQL:128 - select jpacbmsora0_.reference_rate as referenc1_24_, jpacbmsora0_.value_date as value_da2_24_, jpacbmsora0_.action as action3_24_, jpacbmsora0_.approval_remark as approval4_24_, jpacbmsora0_.approved_by as approved5_24_, jpacbmsora0_.approved_date as approved6_24_, jpacbmsora0_.created_date as created_7_24_, jpacbmsora0_.effective_date as effectiv8_24_, jpacbmsora0_.modified_by as modified9_24_, jpacbmsora0_.modified_date as modifie10_24_, jpacbmsora0_.publication_date as publica11_24_, jpacbmsora0_.rate as rate12_24_, jpacbmsora0_.status as status13_24_, jpacbmsora0_.workflow_status_id as workflo14_24_ from cbm_sora_rate jpacbmsora0_ where jpacbmsora0_.reference_rate=? and jpacbmsora0_.value_date=?
2023-02-27 09:45:39.796 [main] DEBUG org.hibernate.SQL:128 - select jpacbmsora0_.reference_rate as referenc1_24_0_, jpacbmsora0_.value_date as value_da2_24_0_, jpacbmsora0_.action as action3_24_0_, jpacbmsora0_.approval_remark as approval4_24_0_, jpacbmsora0_.approved_by as approved5_24_0_, jpacbmsora0_.approved_date as approved6_24_0_, jpacbmsora0_.created_date as created_7_24_0_, jpacbmsora0_.effective_date as effectiv8_24_0_, jpacbmsora0_.modified_by as modified9_24_0_, jpacbmsora0_.modified_date as modifie10_24_0_, jpacbmsora0_.publication_date as publica11_24_0_, jpacbmsora0_.rate as rate12_24_0_, jpacbmsora0_.status as status13_24_0_, jpacbmsora0_.workflow_status_id as workflo14_24_0_ from cbm_sora_rate jpacbmsora0_ where jpacbmsora0_.reference_rate=? and jpacbmsora0_.value_date=?
2023-02-27 09:45:39.798 [main] DEBUG org.hibernate.SQL:128 - insert into cbm_sora_rate (action, approval_remark, approved_by, approved_date, created_date, effective_date, modified_by, modified_date, publication_date, rate, status, workflow_status_id, reference_rate, value_date) values (?, ?, ?, ?, ?, ?, ?, ?, ?, ?, ?, ?, ?, ?)
2023-02-27 09:45:39.854 [main] DEBUG org.hibernate.SQL:128 - select jpacbmsora0_.reference_rate as referenc1_24_, jpacbmsora0_.value_date as value_da2_24_, jpacbmsora0_.action as action3_24_, jpacbmsora0_.approval_remark as approval4_24_, jpacbmsora0_.approved_by as approved5_24_, jpacbmsora0_.approved_date as approved6_24_, jpacbmsora0_.created_date as created_7_24_, jpacbmsora0_.effective_date as effectiv8_24_, jpacbmsora0_.modified_by as modified9_24_, jpacbmsora0_.modified_date as modifie10_24_, jpacbmsora0_.publication_date as publica11_24_, jpacbmsora0_.rate as rate12_24_, jpacbmsora0_.status as status13_24_, jpacbmsora0_.workflow_status_id as workflo14_24_ from cbm_sora_rate jpacbmsora0_ where jpacbmsora0_.reference_rate=? and jpacbmsora0_.value_date=?
2023-02-27 09:45:39.857 [main] DEBUG org.hibernate.SQL:128 - select jpacbmsora0_.reference_rate as referenc1_24_0_, jpacbmsora0_.value_date as value_da2_24_0_, jpacbmsora0_.action as action3_24_0_, jpacbmsora0_.approval_remark as approval4_24_0_, jpacbmsora0_.approved_by as approved5_24_0_, jpacbmsora0_.approved_date as approved6_24_0_, jpacbmsora0_.created_date as created_7_24_0_, jpacbmsora0_.effective_date as effectiv8_24_0_, jpacbmsora0_.modified_by as modified9_24_0_, jpacbmsora0_.modified_date as modifie10_24_0_, jpacbmsora0_.publication_date as publica11_24_0_, jpacbmsora0_.rate as rate12_24_0_, jpacbmsora0_.status as status13_24_0_, jpacbmsora0_.workflow_status_id as workflo14_24_0_ from cbm_sora_rate jpacbmsora0_ where jpacbmsora0_.reference_rate=? and jpacbmsora0_.value_date=?
2023-02-27 09:45:39.859 [main] DEBUG org.hibernate.SQL:128 - insert into cbm_sora_rate (action, approval_remark, approved_by, approved_date, created_date, effective_date, modified_by, modified_date, publication_date, rate, status, workflow_status_id, reference_rate, value_date) values (?, ?, ?, ?, ?, ?, ?, ?, ?, ?, ?, ?, ?, ?)
2023-02-27 09:45:39.872 [main] INFO  scrips.datamigration.common.service.FkChecksEnableDisable:23 - enable FkChecks called
2023-02-27 09:45:39.873 [main] DEBUG org.hibernate.SQL:128 - SET FOREIGN_KEY_CHECKS = 1
2023-02-27 09:45:39.874 [main] INFO  scrips.datamigration.common.service.FkChecksEnableDisable:25 - enable FkChecks done
2023-02-27 09:45:39.875 [main] DEBUG org.hibernate.SQL:128 - SELECT @@GLOBAL.foreign_key_checks, @@SESSION.foreign_key_checks
2023-02-27 09:45:39.877 [main] INFO  scrips.datamigration.common.service.FkChecksEnableDisable:52 - foreign_key_checks status - 1
2023-02-27 09:45:39.878 [main] INFO  scrips.datamigration.App:77 - Process completed in (Hours:Minutes:Seconds) 0:0:8
2023-02-27 09:45:39.894 [SpringContextShutdownHook] INFO  org.springframework.orm.jpa.LocalContainerEntityManagerFactoryBean:598 - Closing JPA EntityManagerFactory for persistence unit 'data'
2023-02-27 09:45:39.896 [SpringContextShutdownHook] INFO  com.zaxxer.hikari.HikariDataSource:350 - HikariPool-1 - Shutdown initiated...
2023-02-27 09:45:39.904 [SpringContextShutdownHook] INFO  com.zaxxer.hikari.HikariDataSource:352 - HikariPool-1 - Shutdown completed.
