2023-02-23 11:35:45.137 [main] INFO  scrips.datamigration.App:55 - Starting App on WSIN181 with PID 14600 (E:\DataMigration\DATA_MIGRATION_RTGS\DataMigrationAndExtract\DataMigration\target\classes started by SheikKhadeer in E:\DataMigration\DATA_MIGRATION_RTGS\DataMigrationAndExtract\DataMigration)
2023-02-23 11:35:45.144 [main] INFO  scrips.datamigration.App:651 - No active profile set, falling back to default profiles: app
2023-02-23 11:35:45.798 [main] INFO  org.springframework.data.repository.config.RepositoryConfigurationDelegate:127 - Bootstrapping Spring Data JPA repositories in DEFAULT mode.
2023-02-23 11:35:46.094 [main] INFO  org.springframework.data.repository.config.RepositoryConfigurationDelegate:187 - Finished Spring Data repository scanning in 286ms. Found 63 JPA repository interfaces.
2023-02-23 11:35:46.388 [main] INFO  com.ulisesbocchio.jasyptspringboot.configuration.EnableEncryptablePropertiesBeanFactoryPostProcessor:39 - Post-processing PropertySource instances
2023-02-23 11:35:46.412 [main] INFO  com.ulisesbocchio.jasyptspringboot.EncryptablePropertySourceConverter:56 - Converting PropertySource configurationProperties [org.springframework.boot.context.properties.source.ConfigurationPropertySourcesPropertySource] to AOP Proxy
2023-02-23 11:35:46.413 [main] INFO  com.ulisesbocchio.jasyptspringboot.EncryptablePropertySourceConverter:56 - Converting PropertySource commandLineArgs [org.springframework.core.env.SimpleCommandLinePropertySource] to EncryptableEnumerablePropertySourceWrapper
2023-02-23 11:35:46.413 [main] INFO  com.ulisesbocchio.jasyptspringboot.EncryptablePropertySourceConverter:56 - Converting PropertySource systemProperties [org.springframework.core.env.PropertiesPropertySource] to EncryptableMapPropertySourceWrapper
2023-02-23 11:35:46.413 [main] INFO  com.ulisesbocchio.jasyptspringboot.EncryptablePropertySourceConverter:56 - Converting PropertySource systemEnvironment [org.springframework.boot.env.SystemEnvironmentPropertySourceEnvironmentPostProcessor$OriginAwareSystemEnvironmentPropertySource] to EncryptableSystemEnvironmentPropertySourceWrapper
2023-02-23 11:35:46.414 [main] INFO  com.ulisesbocchio.jasyptspringboot.EncryptablePropertySourceConverter:56 - Converting PropertySource random [org.springframework.boot.env.RandomValuePropertySource] to EncryptablePropertySourceWrapper
2023-02-23 11:35:46.414 [main] INFO  com.ulisesbocchio.jasyptspringboot.EncryptablePropertySourceConverter:56 - Converting PropertySource applicationConfig: [file:./config/application.properties] [org.springframework.boot.env.OriginTrackedMapPropertySource] to EncryptableMapPropertySourceWrapper
2023-02-23 11:35:46.414 [main] INFO  com.ulisesbocchio.jasyptspringboot.EncryptablePropertySourceConverter:56 - Converting PropertySource applicationConfig: [classpath:/application.properties] [org.springframework.boot.env.OriginTrackedMapPropertySource] to EncryptableMapPropertySourceWrapper
2023-02-23 11:35:46.414 [main] INFO  com.ulisesbocchio.jasyptspringboot.EncryptablePropertySourceConverter:56 - Converting PropertySource DataMigrationProperties [org.springframework.core.env.MapPropertySource] to EncryptableMapPropertySourceWrapper
2023-02-23 11:35:46.502 [main] INFO  com.ulisesbocchio.jasyptspringboot.filter.DefaultLazyPropertyFilter:31 - Property Filter custom Bean not found with name 'encryptablePropertyFilter'. Initializing Default Property Filter
2023-02-23 11:35:46.596 [main] INFO  com.ulisesbocchio.jasyptspringboot.resolver.DefaultLazyPropertyResolver:35 - Property Resolver custom Bean not found with name 'encryptablePropertyResolver'. Initializing Default Property Resolver
2023-02-23 11:35:46.599 [main] INFO  com.ulisesbocchio.jasyptspringboot.detector.DefaultLazyPropertyDetector:35 - Property Detector custom Bean not found with name 'encryptablePropertyDetector'. Initializing Default Property Detector
2023-02-23 11:35:46.727 [main] INFO  org.hibernate.jpa.internal.util.LogHelper:31 - HHH000204: Processing PersistenceUnitInfo [name: data]
2023-02-23 11:35:46.797 [main] INFO  org.hibernate.Version:44 - HHH000412: Hibernate ORM core version 5.4.15.Final
2023-02-23 11:35:46.928 [main] INFO  org.hibernate.annotations.common.Version:49 - HCANN000001: Hibernate Commons Annotations {5.1.0.Final}
2023-02-23 11:35:47.160 [main] INFO  com.zaxxer.hikari.HikariDataSource:110 - HikariPool-1 - Starting...
2023-02-23 11:35:47.298 [main] INFO  com.zaxxer.hikari.HikariDataSource:123 - HikariPool-1 - Start completed.
2023-02-23 11:35:47.326 [main] INFO  org.hibernate.dialect.Dialect:172 - HHH000400: Using dialect: org.hibernate.dialect.MySQL8Dialect
2023-02-23 11:35:47.404 [main] INFO  org.hibernate.envers.boot.internal.EnversServiceImpl:90 - Envers integration enabled? : true
2023-02-23 11:35:49.105 [main] INFO  org.hibernate.engine.transaction.jta.platform.internal.JtaPlatformInitiator:52 - HHH000490: Using JtaPlatform implementation: [org.hibernate.engine.transaction.jta.platform.internal.NoJtaPlatform]
2023-02-23 11:35:49.112 [main] INFO  org.springframework.orm.jpa.LocalContainerEntityManagerFactoryBean:416 - Initialized JPA EntityManagerFactory for persistence unit 'data'
2023-02-23 11:35:51.303 [main] INFO  scrips.datamigration.App:61 - Started App in 6.834 seconds (JVM running for 8.202)
2023-02-23 11:35:51.315 [main] INFO  scrips.datamigration.common.service.FkChecksEnableDisable:36 - disable FkChecks called
2023-02-23 11:35:51.334 [main] DEBUG org.hibernate.SQL:128 - SET FOREIGN_KEY_CHECKS = 0
2023-02-23 11:35:51.345 [main] INFO  scrips.datamigration.common.service.FkChecksEnableDisable:38 - disable FkChecks done
2023-02-23 11:35:51.374 [main] DEBUG org.hibernate.SQL:128 - SELECT @@GLOBAL.foreign_key_checks, @@SESSION.foreign_key_checks
2023-02-23 11:35:51.381 [main] INFO  scrips.datamigration.common.service.FkChecksEnableDisable:52 - foreign_key_checks status - 0
2023-02-23 11:35:51.381 [main] INFO  scrips.datamigration.controller.ScripsFileUploadController:131 - fileUploadCode - SSS_FLOATING_RATE_FILE_UPLOAD
2023-02-23 11:35:51.382 [main] INFO  scrips.datamigration.common.service.FileUploadService:82 - getFileHeaderByCode entered
2023-02-23 11:35:51.382 [main] INFO  scrips.datamigration.common.service.FileUploadService:88 - fileUploadHeaderOut - floating_rate
2023-02-23 11:35:51.382 [main] INFO  scrips.datamigration.controller.ScripsFileUploadController:136 - Live table name ->floating_rate
2023-02-23 11:35:51.383 [main] INFO  scrips.datamigration.common.service.FileUploadService:98 - fieldName  -  reference_rate
2023-02-23 11:35:51.384 [main] INFO  scrips.datamigration.common.service.FileUploadService:98 - fieldName  -  publication_date
2023-02-23 11:35:51.384 [main] INFO  scrips.datamigration.common.service.FileUploadService:98 - fieldName  -  value_date
2023-02-23 11:35:51.384 [main] INFO  scrips.datamigration.common.service.FileUploadService:98 - fieldName  -  rate
2023-02-23 11:35:51.384 [main] INFO  scrips.datamigration.common.service.FileUploadService:104 - fileUploadDetails - [scrips.datamigration.fileupload.JpaFileUploadDetails@7b5ffde0, scrips.datamigration.fileupload.JpaFileUploadDetails@5841716b, scrips.datamigration.fileupload.JpaFileUploadDetails@550a78ed, scrips.datamigration.fileupload.JpaFileUploadDetails@fbb39ea]
2023-02-23 11:35:51.384 [main] INFO  scrips.datamigration.common.service.FileUploadService:48 - ftp status n
2023-02-23 11:35:51.384 [main] INFO  scrips.datamigration.common.service.FileUploadService:64 - FTP Not Enabled,Reading files from MigrationFiles folder
2023-02-23 11:35:51.387 [main] INFO  scrips.datamigration.controller.ScripsFileUploadController:154 - fileRecords - SORA INDEX|20220506|20220515|.1234567890
2023-02-23 11:35:51.387 [main] INFO  scrips.datamigration.controller.ScripsFileUploadController:154 - fileRecords - SORA INDEX|20220506|20220515|123.
2023-02-23 11:35:51.387 [main] INFO  scrips.datamigration.controller.ScripsFileUploadController:154 - fileRecords - SORA RATE|20220508|20220508|123.1234567891
2023-02-23 11:35:51.387 [main] INFO  scrips.datamigration.controller.ScripsFileUploadController:154 - fileRecords - SORA RATE|20220506|20220510|
2023-02-23 11:35:51.388 [main] INFO  scrips.datamigration.controller.ScripsFileUploadController:154 - fileRecords - SORA RATE|20220508|20220508|1234.56
2023-02-23 11:35:51.388 [main] INFO  scrips.datamigration.controller.ScripsFileUploadController:154 - fileRecords - SORA RATE|20220506|20220511|123.123456789091
2023-02-23 11:35:51.388 [main] INFO  scrips.datamigration.controller.ScripsFileUploadController:154 - fileRecords - SORA INDEX|20220506|20220515|TEST
2023-02-23 11:35:51.388 [main] INFO  scrips.datamigration.controller.ScripsFileUploadController:154 - fileRecords - SORA INDEX|20220506|TEST|.
2023-02-23 11:35:51.388 [main] INFO  scrips.datamigration.controller.ScripsFileUploadController:154 - fileRecords - SORA INDEX|TEST|20220519|1.3000000000
2023-02-23 11:35:51.388 [main] INFO  scrips.datamigration.controller.ScripsFileUploadController:156 - 1:reference_rate
2023-02-23 11:35:51.389 [main] INFO  scrips.datamigration.controller.ScripsFileUploadController:156 - 2:publication_date
2023-02-23 11:35:51.389 [main] INFO  scrips.datamigration.controller.ScripsFileUploadController:156 - 3:value_date
2023-02-23 11:35:51.389 [main] INFO  scrips.datamigration.controller.ScripsFileUploadController:156 - 4:rate
2023-02-23 11:35:51.395 [main] INFO  scrips.datamigration.sss.service.SssFloatingRateService:100 - Total records in File: {}9
2023-02-23 11:35:51.433 [main] DEBUG org.hibernate.SQL:128 - select jpauser0_.id as id1_60_, jpauser0_.access_level as access_l2_60_, jpauser0_.action as action3_60_, jpauser0_.approval_remark as approval4_60_, jpauser0_.approved_by as approved5_60_, jpauser0_.approved_date as approved6_60_, jpauser0_.created_date as created_7_60_, jpauser0_.currency_code as currency8_60_, jpauser0_.effective_date as effectiv9_60_, jpauser0_.email as email10_60_, jpauser0_.first_activation_date as first_a11_60_, jpauser0_.last_login_datetime as last_lo12_60_, jpauser0_.login_attempts as login_a13_60_, jpauser0_.member_id as member_14_60_, jpauser0_.modified_by as modifie15_60_, jpauser0_.modified_date as modifie16_60_, jpauser0_.name as name17_60_, jpauser0_.password as passwor18_60_, jpauser0_.password_expiry_date as passwor19_60_, jpauser0_.phone_no as phone_n20_60_, jpauser0_.status as status21_60_, jpauser0_.swift_net_id as swift_n22_60_, jpauser0_.user_id as user_id23_60_, jpauser0_.user_status as user_st24_60_, jpauser0_.workflow_status_id as workflo25_60_ from user jpauser0_ where jpauser0_.name=?
2023-02-23 11:35:51.464 [main] DEBUG org.hibernate.SQL:128 - insert into floating_rate_source (action, approval_remark, approved_by, approved_date, created_date, effective_date, id, migrated_date, modified_by, modified_date, publication_date, rate, reference_rate, remarks, status, value_date, workflow_status_id) values (?, ?, ?, ?, ?, ?, ?, ?, ?, ?, ?, ?, ?, ?, ?, ?, ?)
2023-02-23 11:35:51.502 [main] DEBUG org.hibernate.SQL:128 - select jpasssfloa0_.id as id1_31_0_, jpasssfloa0_.action as action2_31_0_, jpasssfloa0_.approval_remark as approval3_31_0_, jpasssfloa0_.approved_by as approved4_31_0_, jpasssfloa0_.approved_date as approved5_31_0_, jpasssfloa0_.created_date as created_6_31_0_, jpasssfloa0_.effective_date as effectiv7_31_0_, jpasssfloa0_.modified_by as modified8_31_0_, jpasssfloa0_.modified_date as modified9_31_0_, jpasssfloa0_.publication_date as publica10_31_0_, jpasssfloa0_.rate as rate11_31_0_, jpasssfloa0_.reference_rate as referen12_31_0_, jpasssfloa0_.remarks as remarks13_31_0_, jpasssfloa0_.status as status14_31_0_, jpasssfloa0_.value_date as value_d15_31_0_, jpasssfloa0_.workflow_status_id as workflo16_31_0_ from floating_rate_temp jpasssfloa0_ where jpasssfloa0_.id=?
2023-02-23 11:35:51.512 [main] DEBUG org.hibernate.SQL:128 - insert into floating_rate_temp (action, approval_remark, approved_by, approved_date, created_date, effective_date, modified_by, modified_date, publication_date, rate, reference_rate, remarks, status, value_date, workflow_status_id, id) values (?, ?, ?, ?, ?, ?, ?, ?, ?, ?, ?, ?, ?, ?, ?, ?)
2023-02-23 11:35:51.523 [main] DEBUG org.hibernate.SQL:128 - insert into floating_rate_source (action, approval_remark, approved_by, approved_date, created_date, effective_date, id, migrated_date, modified_by, modified_date, publication_date, rate, reference_rate, remarks, status, value_date, workflow_status_id) values (?, ?, ?, ?, ?, ?, ?, ?, ?, ?, ?, ?, ?, ?, ?, ?, ?)
2023-02-23 11:35:51.535 [main] DEBUG org.hibernate.SQL:128 - select jpasssfloa0_.id as id1_31_0_, jpasssfloa0_.action as action2_31_0_, jpasssfloa0_.approval_remark as approval3_31_0_, jpasssfloa0_.approved_by as approved4_31_0_, jpasssfloa0_.approved_date as approved5_31_0_, jpasssfloa0_.created_date as created_6_31_0_, jpasssfloa0_.effective_date as effectiv7_31_0_, jpasssfloa0_.modified_by as modified8_31_0_, jpasssfloa0_.modified_date as modified9_31_0_, jpasssfloa0_.publication_date as publica10_31_0_, jpasssfloa0_.rate as rate11_31_0_, jpasssfloa0_.reference_rate as referen12_31_0_, jpasssfloa0_.remarks as remarks13_31_0_, jpasssfloa0_.status as status14_31_0_, jpasssfloa0_.value_date as value_d15_31_0_, jpasssfloa0_.workflow_status_id as workflo16_31_0_ from floating_rate_temp jpasssfloa0_ where jpasssfloa0_.id=?
2023-02-23 11:35:51.538 [main] DEBUG org.hibernate.SQL:128 - insert into floating_rate_temp (action, approval_remark, approved_by, approved_date, created_date, effective_date, modified_by, modified_date, publication_date, rate, reference_rate, remarks, status, value_date, workflow_status_id, id) values (?, ?, ?, ?, ?, ?, ?, ?, ?, ?, ?, ?, ?, ?, ?, ?)
2023-02-23 11:35:51.550 [main] DEBUG org.hibernate.SQL:128 - insert into floating_rate_source (action, approval_remark, approved_by, approved_date, created_date, effective_date, id, migrated_date, modified_by, modified_date, publication_date, rate, reference_rate, remarks, status, value_date, workflow_status_id) values (?, ?, ?, ?, ?, ?, ?, ?, ?, ?, ?, ?, ?, ?, ?, ?, ?)
2023-02-23 11:35:51.562 [main] DEBUG org.hibernate.SQL:128 - select jpasssfloa0_.id as id1_31_0_, jpasssfloa0_.action as action2_31_0_, jpasssfloa0_.approval_remark as approval3_31_0_, jpasssfloa0_.approved_by as approved4_31_0_, jpasssfloa0_.approved_date as approved5_31_0_, jpasssfloa0_.created_date as created_6_31_0_, jpasssfloa0_.effective_date as effectiv7_31_0_, jpasssfloa0_.modified_by as modified8_31_0_, jpasssfloa0_.modified_date as modified9_31_0_, jpasssfloa0_.publication_date as publica10_31_0_, jpasssfloa0_.rate as rate11_31_0_, jpasssfloa0_.reference_rate as referen12_31_0_, jpasssfloa0_.remarks as remarks13_31_0_, jpasssfloa0_.status as status14_31_0_, jpasssfloa0_.value_date as value_d15_31_0_, jpasssfloa0_.workflow_status_id as workflo16_31_0_ from floating_rate_temp jpasssfloa0_ where jpasssfloa0_.id=?
2023-02-23 11:35:51.564 [main] DEBUG org.hibernate.SQL:128 - insert into floating_rate_temp (action, approval_remark, approved_by, approved_date, created_date, effective_date, modified_by, modified_date, publication_date, rate, reference_rate, remarks, status, value_date, workflow_status_id, id) values (?, ?, ?, ?, ?, ?, ?, ?, ?, ?, ?, ?, ?, ?, ?, ?)
2023-02-23 11:35:51.575 [main] DEBUG org.hibernate.SQL:128 - insert into floating_rate_source (action, approval_remark, approved_by, approved_date, created_date, effective_date, id, migrated_date, modified_by, modified_date, publication_date, rate, reference_rate, remarks, status, value_date, workflow_status_id) values (?, ?, ?, ?, ?, ?, ?, ?, ?, ?, ?, ?, ?, ?, ?, ?, ?)
2023-02-23 11:35:51.586 [main] DEBUG org.hibernate.SQL:128 - select jpasssfloa0_.id as id1_31_0_, jpasssfloa0_.action as action2_31_0_, jpasssfloa0_.approval_remark as approval3_31_0_, jpasssfloa0_.approved_by as approved4_31_0_, jpasssfloa0_.approved_date as approved5_31_0_, jpasssfloa0_.created_date as created_6_31_0_, jpasssfloa0_.effective_date as effectiv7_31_0_, jpasssfloa0_.modified_by as modified8_31_0_, jpasssfloa0_.modified_date as modified9_31_0_, jpasssfloa0_.publication_date as publica10_31_0_, jpasssfloa0_.rate as rate11_31_0_, jpasssfloa0_.reference_rate as referen12_31_0_, jpasssfloa0_.remarks as remarks13_31_0_, jpasssfloa0_.status as status14_31_0_, jpasssfloa0_.value_date as value_d15_31_0_, jpasssfloa0_.workflow_status_id as workflo16_31_0_ from floating_rate_temp jpasssfloa0_ where jpasssfloa0_.id=?
2023-02-23 11:35:51.589 [main] DEBUG org.hibernate.SQL:128 - insert into floating_rate_temp (action, approval_remark, approved_by, approved_date, created_date, effective_date, modified_by, modified_date, publication_date, rate, reference_rate, remarks, status, value_date, workflow_status_id, id) values (?, ?, ?, ?, ?, ?, ?, ?, ?, ?, ?, ?, ?, ?, ?, ?)
2023-02-23 11:35:51.601 [main] DEBUG org.hibernate.SQL:128 - insert into floating_rate_source (action, approval_remark, approved_by, approved_date, created_date, effective_date, id, migrated_date, modified_by, modified_date, publication_date, rate, reference_rate, remarks, status, value_date, workflow_status_id) values (?, ?, ?, ?, ?, ?, ?, ?, ?, ?, ?, ?, ?, ?, ?, ?, ?)
2023-02-23 11:35:51.611 [main] DEBUG org.hibernate.SQL:128 - insert into floating_rate_source (action, approval_remark, approved_by, approved_date, created_date, effective_date, id, migrated_date, modified_by, modified_date, publication_date, rate, reference_rate, remarks, status, value_date, workflow_status_id) values (?, ?, ?, ?, ?, ?, ?, ?, ?, ?, ?, ?, ?, ?, ?, ?, ?)
2023-02-23 11:35:51.620 [main] DEBUG org.hibernate.SQL:128 - insert into floating_rate_source (action, approval_remark, approved_by, approved_date, created_date, effective_date, id, migrated_date, modified_by, modified_date, publication_date, rate, reference_rate, remarks, status, value_date, workflow_status_id) values (?, ?, ?, ?, ?, ?, ?, ?, ?, ?, ?, ?, ?, ?, ?, ?, ?)
2023-02-23 11:35:51.631 [main] DEBUG org.hibernate.SQL:128 - insert into floating_rate_source (action, approval_remark, approved_by, approved_date, created_date, effective_date, id, migrated_date, modified_by, modified_date, publication_date, rate, reference_rate, remarks, status, value_date, workflow_status_id) values (?, ?, ?, ?, ?, ?, ?, ?, ?, ?, ?, ?, ?, ?, ?, ?, ?)
2023-02-23 11:35:51.643 [main] DEBUG org.hibernate.SQL:128 - insert into floating_rate_source (action, approval_remark, approved_by, approved_date, created_date, effective_date, id, migrated_date, modified_by, modified_date, publication_date, rate, reference_rate, remarks, status, value_date, workflow_status_id) values (?, ?, ?, ?, ?, ?, ?, ?, ?, ?, ?, ?, ?, ?, ?, ?, ?)
2023-02-23 11:35:51.744 [main] DEBUG org.hibernate.SQL:128 - select jpasssfloa0_.reference_rate as referenc1_29_, jpasssfloa0_.value_date as value_da2_29_, jpasssfloa0_.action as action3_29_, jpasssfloa0_.approval_remark as approval4_29_, jpasssfloa0_.approved_by as approved5_29_, jpasssfloa0_.approved_date as approved6_29_, jpasssfloa0_.created_date as created_7_29_, jpasssfloa0_.effective_date as effectiv8_29_, jpasssfloa0_.modified_by as modified9_29_, jpasssfloa0_.modified_date as modifie10_29_, jpasssfloa0_.publication_date as publica11_29_, jpasssfloa0_.rate as rate12_29_, jpasssfloa0_.status as status13_29_, jpasssfloa0_.workflow_status_id as workflo14_29_ from floating_rate jpasssfloa0_ where jpasssfloa0_.reference_rate=? and jpasssfloa0_.value_date=?
2023-02-23 11:35:51.752 [main] DEBUG org.hibernate.SQL:128 - select jpasssfloa0_.reference_rate as referenc1_29_0_, jpasssfloa0_.value_date as value_da2_29_0_, jpasssfloa0_.action as action3_29_0_, jpasssfloa0_.approval_remark as approval4_29_0_, jpasssfloa0_.approved_by as approved5_29_0_, jpasssfloa0_.approved_date as approved6_29_0_, jpasssfloa0_.created_date as created_7_29_0_, jpasssfloa0_.effective_date as effectiv8_29_0_, jpasssfloa0_.modified_by as modified9_29_0_, jpasssfloa0_.modified_date as modifie10_29_0_, jpasssfloa0_.publication_date as publica11_29_0_, jpasssfloa0_.rate as rate12_29_0_, jpasssfloa0_.status as status13_29_0_, jpasssfloa0_.workflow_status_id as workflo14_29_0_ from floating_rate jpasssfloa0_ where jpasssfloa0_.reference_rate=? and jpasssfloa0_.value_date=?
2023-02-23 11:35:51.755 [main] DEBUG org.hibernate.SQL:128 - insert into floating_rate (action, approval_remark, approved_by, approved_date, created_date, effective_date, modified_by, modified_date, publication_date, rate, status, workflow_status_id, reference_rate, value_date) values (?, ?, ?, ?, ?, ?, ?, ?, ?, ?, ?, ?, ?, ?)
2023-02-23 11:35:51.804 [main] DEBUG org.hibernate.SQL:128 - select jpasssfloa0_.reference_rate as referenc1_29_, jpasssfloa0_.value_date as value_da2_29_, jpasssfloa0_.action as action3_29_, jpasssfloa0_.approval_remark as approval4_29_, jpasssfloa0_.approved_by as approved5_29_, jpasssfloa0_.approved_date as approved6_29_, jpasssfloa0_.created_date as created_7_29_, jpasssfloa0_.effective_date as effectiv8_29_, jpasssfloa0_.modified_by as modified9_29_, jpasssfloa0_.modified_date as modifie10_29_, jpasssfloa0_.publication_date as publica11_29_, jpasssfloa0_.rate as rate12_29_, jpasssfloa0_.status as status13_29_, jpasssfloa0_.workflow_status_id as workflo14_29_ from floating_rate jpasssfloa0_ where jpasssfloa0_.reference_rate=? and jpasssfloa0_.value_date=?
2023-02-23 11:35:51.808 [main] DEBUG org.hibernate.SQL:128 - select jpasssfloa0_.id as id1_31_0_, jpasssfloa0_.action as action2_31_0_, jpasssfloa0_.approval_remark as approval3_31_0_, jpasssfloa0_.approved_by as approved4_31_0_, jpasssfloa0_.approved_date as approved5_31_0_, jpasssfloa0_.created_date as created_6_31_0_, jpasssfloa0_.effective_date as effectiv7_31_0_, jpasssfloa0_.modified_by as modified8_31_0_, jpasssfloa0_.modified_date as modified9_31_0_, jpasssfloa0_.publication_date as publica10_31_0_, jpasssfloa0_.rate as rate11_31_0_, jpasssfloa0_.reference_rate as referen12_31_0_, jpasssfloa0_.remarks as remarks13_31_0_, jpasssfloa0_.status as status14_31_0_, jpasssfloa0_.value_date as value_d15_31_0_, jpasssfloa0_.workflow_status_id as workflo16_31_0_ from floating_rate_temp jpasssfloa0_ where jpasssfloa0_.id=?
2023-02-23 11:35:51.812 [main] DEBUG org.hibernate.SQL:128 - update floating_rate_temp set action=?, approval_remark=?, approved_by=?, approved_date=?, created_date=?, effective_date=?, modified_by=?, modified_date=?, publication_date=?, rate=?, reference_rate=?, remarks=?, status=?, value_date=?, workflow_status_id=? where id=?
2023-02-23 11:35:51.864 [main] DEBUG org.hibernate.SQL:128 - select jpasssfloa0_.reference_rate as referenc1_29_, jpasssfloa0_.value_date as value_da2_29_, jpasssfloa0_.action as action3_29_, jpasssfloa0_.approval_remark as approval4_29_, jpasssfloa0_.approved_by as approved5_29_, jpasssfloa0_.approved_date as approved6_29_, jpasssfloa0_.created_date as created_7_29_, jpasssfloa0_.effective_date as effectiv8_29_, jpasssfloa0_.modified_by as modified9_29_, jpasssfloa0_.modified_date as modifie10_29_, jpasssfloa0_.publication_date as publica11_29_, jpasssfloa0_.rate as rate12_29_, jpasssfloa0_.status as status13_29_, jpasssfloa0_.workflow_status_id as workflo14_29_ from floating_rate jpasssfloa0_ where jpasssfloa0_.reference_rate=? and jpasssfloa0_.value_date=?
2023-02-23 11:35:51.867 [main] DEBUG org.hibernate.SQL:128 - select jpasssfloa0_.reference_rate as referenc1_29_0_, jpasssfloa0_.value_date as value_da2_29_0_, jpasssfloa0_.action as action3_29_0_, jpasssfloa0_.approval_remark as approval4_29_0_, jpasssfloa0_.approved_by as approved5_29_0_, jpasssfloa0_.approved_date as approved6_29_0_, jpasssfloa0_.created_date as created_7_29_0_, jpasssfloa0_.effective_date as effectiv8_29_0_, jpasssfloa0_.modified_by as modified9_29_0_, jpasssfloa0_.modified_date as modifie10_29_0_, jpasssfloa0_.publication_date as publica11_29_0_, jpasssfloa0_.rate as rate12_29_0_, jpasssfloa0_.status as status13_29_0_, jpasssfloa0_.workflow_status_id as workflo14_29_0_ from floating_rate jpasssfloa0_ where jpasssfloa0_.reference_rate=? and jpasssfloa0_.value_date=?
2023-02-23 11:35:51.870 [main] DEBUG org.hibernate.SQL:128 - insert into floating_rate (action, approval_remark, approved_by, approved_date, created_date, effective_date, modified_by, modified_date, publication_date, rate, status, workflow_status_id, reference_rate, value_date) values (?, ?, ?, ?, ?, ?, ?, ?, ?, ?, ?, ?, ?, ?)
2023-02-23 11:35:51.918 [main] DEBUG org.hibernate.SQL:128 - select jpasssfloa0_.reference_rate as referenc1_29_, jpasssfloa0_.value_date as value_da2_29_, jpasssfloa0_.action as action3_29_, jpasssfloa0_.approval_remark as approval4_29_, jpasssfloa0_.approved_by as approved5_29_, jpasssfloa0_.approved_date as approved6_29_, jpasssfloa0_.created_date as created_7_29_, jpasssfloa0_.effective_date as effectiv8_29_, jpasssfloa0_.modified_by as modified9_29_, jpasssfloa0_.modified_date as modifie10_29_, jpasssfloa0_.publication_date as publica11_29_, jpasssfloa0_.rate as rate12_29_, jpasssfloa0_.status as status13_29_, jpasssfloa0_.workflow_status_id as workflo14_29_ from floating_rate jpasssfloa0_ where jpasssfloa0_.reference_rate=? and jpasssfloa0_.value_date=?
2023-02-23 11:35:51.921 [main] DEBUG org.hibernate.SQL:128 - select jpasssfloa0_.reference_rate as referenc1_29_0_, jpasssfloa0_.value_date as value_da2_29_0_, jpasssfloa0_.action as action3_29_0_, jpasssfloa0_.approval_remark as approval4_29_0_, jpasssfloa0_.approved_by as approved5_29_0_, jpasssfloa0_.approved_date as approved6_29_0_, jpasssfloa0_.created_date as created_7_29_0_, jpasssfloa0_.effective_date as effectiv8_29_0_, jpasssfloa0_.modified_by as modified9_29_0_, jpasssfloa0_.modified_date as modifie10_29_0_, jpasssfloa0_.publication_date as publica11_29_0_, jpasssfloa0_.rate as rate12_29_0_, jpasssfloa0_.status as status13_29_0_, jpasssfloa0_.workflow_status_id as workflo14_29_0_ from floating_rate jpasssfloa0_ where jpasssfloa0_.reference_rate=? and jpasssfloa0_.value_date=?
2023-02-23 11:35:51.924 [main] DEBUG org.hibernate.SQL:128 - insert into floating_rate (action, approval_remark, approved_by, approved_date, created_date, effective_date, modified_by, modified_date, publication_date, rate, status, workflow_status_id, reference_rate, value_date) values (?, ?, ?, ?, ?, ?, ?, ?, ?, ?, ?, ?, ?, ?)
2023-02-23 11:35:51.934 [main] INFO  scrips.datamigration.common.service.FkChecksEnableDisable:23 - enable FkChecks called
2023-02-23 11:35:51.934 [main] DEBUG org.hibernate.SQL:128 - SET FOREIGN_KEY_CHECKS = 1
2023-02-23 11:35:51.935 [main] INFO  scrips.datamigration.common.service.FkChecksEnableDisable:25 - enable FkChecks done
2023-02-23 11:35:51.936 [main] DEBUG org.hibernate.SQL:128 - SELECT @@GLOBAL.foreign_key_checks, @@SESSION.foreign_key_checks
2023-02-23 11:35:51.939 [main] INFO  scrips.datamigration.common.service.FkChecksEnableDisable:52 - foreign_key_checks status - 1
2023-02-23 11:35:51.939 [main] INFO  scrips.datamigration.App:77 - Process completed in (Hours:Minutes:Seconds) 0:0:7
2023-02-23 11:35:51.954 [SpringContextShutdownHook] INFO  org.springframework.orm.jpa.LocalContainerEntityManagerFactoryBean:598 - Closing JPA EntityManagerFactory for persistence unit 'data'
2023-02-23 11:35:51.955 [SpringContextShutdownHook] INFO  com.zaxxer.hikari.HikariDataSource:350 - HikariPool-1 - Shutdown initiated...
2023-02-23 11:35:51.963 [SpringContextShutdownHook] INFO  com.zaxxer.hikari.HikariDataSource:352 - HikariPool-1 - Shutdown completed.
