2023-02-27 11:21:22.085 [main] INFO  scrips.datamigration.App:55 - Starting App on WSIN181 with PID 2360 (E:\DataMigration\DATA_MIGRATION_RTGS\DataMigrationAndExtract\DataMigration\target\classes started by SheikKhadeer in E:\DataMigration\DATA_MIGRATION_RTGS\DataMigrationAndExtract\DataMigration)
2023-02-27 11:21:22.093 [main] INFO  scrips.datamigration.App:651 - No active profile set, falling back to default profiles: app
2023-02-27 11:21:22.760 [main] INFO  org.springframework.data.repository.config.RepositoryConfigurationDelegate:127 - Bootstrapping Spring Data JPA repositories in DEFAULT mode.
2023-02-27 11:21:23.072 [main] INFO  org.springframework.data.repository.config.RepositoryConfigurationDelegate:187 - Finished Spring Data repository scanning in 301ms. Found 63 JPA repository interfaces.
2023-02-27 11:21:23.506 [main] INFO  com.ulisesbocchio.jasyptspringboot.configuration.EnableEncryptablePropertiesBeanFactoryPostProcessor:39 - Post-processing PropertySource instances
2023-02-27 11:21:23.537 [main] INFO  com.ulisesbocchio.jasyptspringboot.EncryptablePropertySourceConverter:56 - Converting PropertySource configurationProperties [org.springframework.boot.context.properties.source.ConfigurationPropertySourcesPropertySource] to AOP Proxy
2023-02-27 11:21:23.537 [main] INFO  com.ulisesbocchio.jasyptspringboot.EncryptablePropertySourceConverter:56 - Converting PropertySource commandLineArgs [org.springframework.core.env.SimpleCommandLinePropertySource] to EncryptableEnumerablePropertySourceWrapper
2023-02-27 11:21:23.538 [main] INFO  com.ulisesbocchio.jasyptspringboot.EncryptablePropertySourceConverter:56 - Converting PropertySource systemProperties [org.springframework.core.env.PropertiesPropertySource] to EncryptableMapPropertySourceWrapper
2023-02-27 11:21:23.538 [main] INFO  com.ulisesbocchio.jasyptspringboot.EncryptablePropertySourceConverter:56 - Converting PropertySource systemEnvironment [org.springframework.boot.env.SystemEnvironmentPropertySourceEnvironmentPostProcessor$OriginAwareSystemEnvironmentPropertySource] to EncryptableSystemEnvironmentPropertySourceWrapper
2023-02-27 11:21:23.539 [main] INFO  com.ulisesbocchio.jasyptspringboot.EncryptablePropertySourceConverter:56 - Converting PropertySource random [org.springframework.boot.env.RandomValuePropertySource] to EncryptablePropertySourceWrapper
2023-02-27 11:21:23.539 [main] INFO  com.ulisesbocchio.jasyptspringboot.EncryptablePropertySourceConverter:56 - Converting PropertySource applicationConfig: [file:./config/application.properties] [org.springframework.boot.env.OriginTrackedMapPropertySource] to EncryptableMapPropertySourceWrapper
2023-02-27 11:21:23.540 [main] INFO  com.ulisesbocchio.jasyptspringboot.EncryptablePropertySourceConverter:56 - Converting PropertySource applicationConfig: [classpath:/application.properties] [org.springframework.boot.env.OriginTrackedMapPropertySource] to EncryptableMapPropertySourceWrapper
2023-02-27 11:21:23.540 [main] INFO  com.ulisesbocchio.jasyptspringboot.EncryptablePropertySourceConverter:56 - Converting PropertySource DataMigrationProperties [org.springframework.core.env.MapPropertySource] to EncryptableMapPropertySourceWrapper
2023-02-27 11:21:23.676 [main] INFO  com.ulisesbocchio.jasyptspringboot.filter.DefaultLazyPropertyFilter:31 - Property Filter custom Bean not found with name 'encryptablePropertyFilter'. Initializing Default Property Filter
2023-02-27 11:21:23.779 [main] INFO  com.ulisesbocchio.jasyptspringboot.resolver.DefaultLazyPropertyResolver:35 - Property Resolver custom Bean not found with name 'encryptablePropertyResolver'. Initializing Default Property Resolver
2023-02-27 11:21:23.782 [main] INFO  com.ulisesbocchio.jasyptspringboot.detector.DefaultLazyPropertyDetector:35 - Property Detector custom Bean not found with name 'encryptablePropertyDetector'. Initializing Default Property Detector
2023-02-27 11:21:23.915 [main] INFO  org.hibernate.jpa.internal.util.LogHelper:31 - HHH000204: Processing PersistenceUnitInfo [name: data]
2023-02-27 11:21:23.990 [main] INFO  org.hibernate.Version:44 - HHH000412: Hibernate ORM core version 5.4.15.Final
2023-02-27 11:21:24.133 [main] INFO  org.hibernate.annotations.common.Version:49 - HCANN000001: Hibernate Commons Annotations {5.1.0.Final}
2023-02-27 11:21:24.360 [main] INFO  com.zaxxer.hikari.HikariDataSource:110 - HikariPool-1 - Starting...
2023-02-27 11:21:24.533 [main] INFO  com.zaxxer.hikari.HikariDataSource:123 - HikariPool-1 - Start completed.
2023-02-27 11:21:24.568 [main] INFO  org.hibernate.dialect.Dialect:172 - HHH000400: Using dialect: org.hibernate.dialect.MySQL8Dialect
2023-02-27 11:21:24.686 [main] INFO  org.hibernate.envers.boot.internal.EnversServiceImpl:90 - Envers integration enabled? : true
2023-02-27 11:21:26.438 [main] INFO  org.hibernate.engine.transaction.jta.platform.internal.JtaPlatformInitiator:52 - HHH000490: Using JtaPlatform implementation: [org.hibernate.engine.transaction.jta.platform.internal.NoJtaPlatform]
2023-02-27 11:21:26.445 [main] INFO  org.springframework.orm.jpa.LocalContainerEntityManagerFactoryBean:416 - Initialized JPA EntityManagerFactory for persistence unit 'data'
2023-02-27 11:21:28.757 [main] INFO  scrips.datamigration.App:61 - Started App in 7.295 seconds (JVM running for 9.051)
2023-02-27 11:21:28.769 [main] INFO  scrips.datamigration.common.service.FkChecksEnableDisable:36 - disable FkChecks called
2023-02-27 11:21:28.788 [main] DEBUG org.hibernate.SQL:128 - SET FOREIGN_KEY_CHECKS = 0
2023-02-27 11:21:28.800 [main] INFO  scrips.datamigration.common.service.FkChecksEnableDisable:38 - disable FkChecks done
2023-02-27 11:21:28.827 [main] DEBUG org.hibernate.SQL:128 - SELECT @@GLOBAL.foreign_key_checks, @@SESSION.foreign_key_checks
2023-02-27 11:21:28.834 [main] INFO  scrips.datamigration.common.service.FkChecksEnableDisable:52 - foreign_key_checks status - 0
2023-02-27 11:21:28.834 [main] INFO  scrips.datamigration.controller.ScripsFileUploadController:131 - fileUploadCode - ACCOUNT_POSITION_FILE_UPLOAD
2023-02-27 11:21:28.835 [main] INFO  scrips.datamigration.common.service.FileUploadService:82 - getFileHeaderByCode entered
2023-02-27 11:21:28.835 [main] INFO  scrips.datamigration.common.service.FileUploadService:88 - fileUploadHeaderOut - account_position
2023-02-27 11:21:28.835 [main] INFO  scrips.datamigration.controller.ScripsFileUploadController:136 - Live table name ->account_position
2023-02-27 11:21:28.836 [main] INFO  scrips.datamigration.common.service.FileUploadService:98 - fieldName  -  account_id
2023-02-27 11:21:28.837 [main] INFO  scrips.datamigration.common.service.FileUploadService:98 - fieldName  -  currency_code
2023-02-27 11:21:28.837 [main] INFO  scrips.datamigration.common.service.FileUploadService:98 - fieldName  -  member_code
2023-02-27 11:21:28.837 [main] INFO  scrips.datamigration.common.service.FileUploadService:98 - fieldName  -  current_account_balance
2023-02-27 11:21:28.837 [main] INFO  scrips.datamigration.common.service.FileUploadService:98 - fieldName  -  opening_account_balance
2023-02-27 11:21:28.837 [main] INFO  scrips.datamigration.common.service.FileUploadService:98 - fieldName  -  available_balance
2023-02-27 11:21:28.837 [main] INFO  scrips.datamigration.common.service.FileUploadService:98 - fieldName  -  created_date
2023-02-27 11:21:28.837 [main] INFO  scrips.datamigration.common.service.FileUploadService:104 - fileUploadDetails - [scrips.datamigration.fileupload.JpaFileUploadDetails@3532f633, scrips.datamigration.fileupload.JpaFileUploadDetails@6d49bd08, scrips.datamigration.fileupload.JpaFileUploadDetails@19e86461, scrips.datamigration.fileupload.JpaFileUploadDetails@31475919, scrips.datamigration.fileupload.JpaFileUploadDetails@13e6b26c, scrips.datamigration.fileupload.JpaFileUploadDetails@33e7ece5, scrips.datamigration.fileupload.JpaFileUploadDetails@69765d94]
2023-02-27 11:21:28.838 [main] INFO  scrips.datamigration.common.service.FileUploadService:48 - ftp status n
2023-02-27 11:21:28.838 [main] INFO  scrips.datamigration.common.service.FileUploadService:64 - FTP Not Enabled,Reading files from MigrationFiles folder
2023-02-27 11:21:28.841 [main] INFO  scrips.datamigration.controller.ScripsFileUploadController:154 - fileRecords - 12347|SGD|MASGSGSG|123456789123456789.12345|123456789123456789.|.12345|2022-06-27 19:00:05
2023-02-27 11:21:28.841 [main] INFO  scrips.datamigration.controller.ScripsFileUploadController:154 - fileRecords - 12348|SGD|MASGSGSG|12345678912345678923.12345|123456789123456789.1234555|.|2021-06-15 09:34:23
2023-02-27 11:21:28.842 [main] INFO  scrips.datamigration.controller.ScripsFileUploadController:154 - fileRecords - 12348|SGD|MASGSGSG|500.00|500.0000|500.00000|2022-06-27 11:34:54
2023-02-27 11:21:28.842 [main] INFO  scrips.datamigration.controller.ScripsFileUploadController:154 - fileRecords - 12349|SGD|MASGSGSG|-500.00|500.0000|500.00000|2022-06-27 11:34:54
2023-02-27 11:21:28.842 [main] INFO  scrips.datamigration.controller.ScripsFileUploadController:154 - fileRecords - 12350|SGD|MASGSGSG|500.00|-500.0000|500.00000|2022-06-27 11:34:54
2023-02-27 11:21:28.842 [main] INFO  scrips.datamigration.controller.ScripsFileUploadController:154 - fileRecords - 12350|SGD|MASGSGSG|500.00|500.0000|-500.00000|2022-06-27 11:34:54
2023-02-27 11:21:28.842 [main] INFO  scrips.datamigration.controller.ScripsFileUploadController:154 - fileRecords - 12351|SGD|MASGSGSG|500.00|500.0000|-500.00000|2022-06-27
2023-02-27 11:21:28.843 [main] INFO  scrips.datamigration.controller.ScripsFileUploadController:154 - fileRecords - 12352|SGD|MASGSGSG|500.00|500.0000|500.00000|27/06/2022 11:34:54
2023-02-27 11:21:28.843 [main] INFO  scrips.datamigration.controller.ScripsFileUploadController:154 - fileRecords - 12353|SG_|MASGSGSG|500.00|500.0000|500.00000|2022-06-27 11:34:54
2023-02-27 11:21:28.843 [main] INFO  scrips.datamigration.controller.ScripsFileUploadController:154 - fileRecords - 12354|SGD|MASGSGS@|500.00|500.0000|500.00000|2022-06-27 11:34:54
2023-02-27 11:21:28.843 [main] INFO  scrips.datamigration.controller.ScripsFileUploadController:154 - fileRecords - 12355|SGD|MASGSGSG|500.00|500.0000|500.00000|DATE
2023-02-27 11:21:28.843 [main] INFO  scrips.datamigration.controller.ScripsFileUploadController:154 - fileRecords - 12356|SGD|MASGSGSG|TEST|500.00|500.00000|2022-06-27 19:00:05
2023-02-27 11:21:28.843 [main] INFO  scrips.datamigration.controller.ScripsFileUploadController:154 - fileRecords - 12357|SGD|MASGSGSG|500.00|TEST|500.00000|2022-06-27 19:00:05
2023-02-27 11:21:28.843 [main] INFO  scrips.datamigration.controller.ScripsFileUploadController:154 - fileRecords - 12358|SGD|MASGSGSG|500.00|500.00|TEST|2022-06-27 19:00:05
2023-02-27 11:21:28.844 [main] INFO  scrips.datamigration.controller.ScripsFileUploadController:156 - 1:account_id
2023-02-27 11:21:28.844 [main] INFO  scrips.datamigration.controller.ScripsFileUploadController:156 - 2:currency_code
2023-02-27 11:21:28.844 [main] INFO  scrips.datamigration.controller.ScripsFileUploadController:156 - 3:member_code
2023-02-27 11:21:28.845 [main] INFO  scrips.datamigration.controller.ScripsFileUploadController:156 - 4:current_account_balance
2023-02-27 11:21:28.845 [main] INFO  scrips.datamigration.controller.ScripsFileUploadController:156 - 5:opening_account_balance
2023-02-27 11:21:28.845 [main] INFO  scrips.datamigration.controller.ScripsFileUploadController:156 - 6:available_balance
2023-02-27 11:21:28.846 [main] INFO  scrips.datamigration.controller.ScripsFileUploadController:156 - 7:created_date
2023-02-27 11:21:28.861 [main] INFO  scrips.datamigration.rtgs.service.AccountPositionService:99 - Total records in File: {}14
2023-02-27 11:21:28.883 [main] DEBUG org.hibernate.SQL:128 - insert into account_position_source (account_id, available_balance, created_date, currency_code, current_account_balance, id, member_id, migrated_date, modified_date, opening_account_balance, queue_amount, queue_count, remarks, settled_payments_amount, settled_payments_count, settled_receipts_amount, settled_receipts_count) values (?, ?, ?, ?, ?, ?, ?, ?, ?, ?, ?, ?, ?, ?, ?, ?, ?)
2023-02-27 11:21:28.930 [main] DEBUG org.hibernate.SQL:128 - select jpamember0_.id as id1_34_, jpamember0_.action as action2_34_, jpamember0_.activation_date as activati3_34_, jpamember0_.approval_remark as approval4_34_, jpamember0_.approved_by as approved5_34_, jpamember0_.approved_date as approved6_34_, jpamember0_.bank_code as bank_cod7_34_, jpamember0_.billing_profile_id as billing_8_34_, jpamember0_.created_date as created_9_34_, jpamember0_.effective_date as effecti10_34_, jpamember0_.exempted_from_billing as exempte11_34_, jpamember0_.exempted_from_system_limit as exempte12_34_, jpamember0_.fi_group as fi_grou13_34_, jpamember0_.lei as lei14_34_, jpamember0_.location as locatio15_34_, jpamember0_.mcb_average as mcb_ave16_34_, jpamember0_.mcb_eod_maximum as mcb_eod17_34_, jpamember0_.mcb_eod_minimum as mcb_eod18_34_, jpamember0_.mcb_id as mcb_id19_34_, jpamember0_.mcb_intraday as mcb_int20_34_, jpamember0_.member_classification as member_21_34_, jpamember0_.member_code as member_22_34_, jpamember0_.member_status as member_23_34_, jpamember0_.member_type as member_24_34_, jpamember0_.modified_by as modifie25_34_, jpamember0_.modified_date as modifie26_34_, jpamember0_.name as name27_34_, jpamember0_.sector_id as sector_28_34_, jpamember0_.short_name as short_n29_34_, jpamember0_.status as status30_34_, jpamember0_.swift_bic as swift_b31_34_, jpamember0_.swift_member as swift_m32_34_, jpamember0_.tax_profile_id as tax_pro33_34_, jpamember0_.uen as uen34_34_, jpamember0_.verified_by as verifie35_34_, jpamember0_.verified_date as verifie36_34_, jpamember0_.workflow_status_id as workflo37_34_ from member jpamember0_ where jpamember0_.member_code=?
2023-02-27 11:21:28.947 [main] DEBUG org.hibernate.SQL:128 - select jpaaccount0_.id as id1_3_0_, jpaaccount0_.account_id as account_2_3_0_, jpaaccount0_.available_balance as availabl3_3_0_, jpaaccount0_.created_date as created_4_3_0_, jpaaccount0_.currency_code as currency5_3_0_, jpaaccount0_.current_account_balance as current_6_3_0_, jpaaccount0_.member_id as member_i7_3_0_, jpaaccount0_.modified_date as modified8_3_0_, jpaaccount0_.opening_account_balance as opening_9_3_0_, jpaaccount0_.queue_amount as queue_a10_3_0_, jpaaccount0_.queue_count as queue_c11_3_0_, jpaaccount0_.remarks as remarks12_3_0_, jpaaccount0_.settled_payments_amount as settled13_3_0_, jpaaccount0_.settled_payments_count as settled14_3_0_, jpaaccount0_.settled_receipts_amount as settled15_3_0_, jpaaccount0_.settled_receipts_count as settled16_3_0_ from account_position_temp jpaaccount0_ where jpaaccount0_.id=?
2023-02-27 11:21:28.963 [main] DEBUG org.hibernate.SQL:128 - insert into account_position_temp (account_id, available_balance, created_date, currency_code, current_account_balance, member_id, modified_date, opening_account_balance, queue_amount, queue_count, remarks, settled_payments_amount, settled_payments_count, settled_receipts_amount, settled_receipts_count, id) values (?, ?, ?, ?, ?, ?, ?, ?, ?, ?, ?, ?, ?, ?, ?, ?)
2023-02-27 11:21:28.977 [main] DEBUG org.hibernate.SQL:128 - insert into account_position_source (account_id, available_balance, created_date, currency_code, current_account_balance, id, member_id, migrated_date, modified_date, opening_account_balance, queue_amount, queue_count, remarks, settled_payments_amount, settled_payments_count, settled_receipts_amount, settled_receipts_count) values (?, ?, ?, ?, ?, ?, ?, ?, ?, ?, ?, ?, ?, ?, ?, ?, ?)
2023-02-27 11:21:28.989 [main] DEBUG org.hibernate.SQL:128 - insert into account_position_source (account_id, available_balance, created_date, currency_code, current_account_balance, id, member_id, migrated_date, modified_date, opening_account_balance, queue_amount, queue_count, remarks, settled_payments_amount, settled_payments_count, settled_receipts_amount, settled_receipts_count) values (?, ?, ?, ?, ?, ?, ?, ?, ?, ?, ?, ?, ?, ?, ?, ?, ?)
2023-02-27 11:21:28.999 [main] DEBUG org.hibernate.SQL:128 - select jpamember0_.id as id1_34_, jpamember0_.action as action2_34_, jpamember0_.activation_date as activati3_34_, jpamember0_.approval_remark as approval4_34_, jpamember0_.approved_by as approved5_34_, jpamember0_.approved_date as approved6_34_, jpamember0_.bank_code as bank_cod7_34_, jpamember0_.billing_profile_id as billing_8_34_, jpamember0_.created_date as created_9_34_, jpamember0_.effective_date as effecti10_34_, jpamember0_.exempted_from_billing as exempte11_34_, jpamember0_.exempted_from_system_limit as exempte12_34_, jpamember0_.fi_group as fi_grou13_34_, jpamember0_.lei as lei14_34_, jpamember0_.location as locatio15_34_, jpamember0_.mcb_average as mcb_ave16_34_, jpamember0_.mcb_eod_maximum as mcb_eod17_34_, jpamember0_.mcb_eod_minimum as mcb_eod18_34_, jpamember0_.mcb_id as mcb_id19_34_, jpamember0_.mcb_intraday as mcb_int20_34_, jpamember0_.member_classification as member_21_34_, jpamember0_.member_code as member_22_34_, jpamember0_.member_status as member_23_34_, jpamember0_.member_type as member_24_34_, jpamember0_.modified_by as modifie25_34_, jpamember0_.modified_date as modifie26_34_, jpamember0_.name as name27_34_, jpamember0_.sector_id as sector_28_34_, jpamember0_.short_name as short_n29_34_, jpamember0_.status as status30_34_, jpamember0_.swift_bic as swift_b31_34_, jpamember0_.swift_member as swift_m32_34_, jpamember0_.tax_profile_id as tax_pro33_34_, jpamember0_.uen as uen34_34_, jpamember0_.verified_by as verifie35_34_, jpamember0_.verified_date as verifie36_34_, jpamember0_.workflow_status_id as workflo37_34_ from member jpamember0_ where jpamember0_.member_code=?
2023-02-27 11:21:29.003 [main] DEBUG org.hibernate.SQL:128 - select jpaaccount0_.id as id1_3_0_, jpaaccount0_.account_id as account_2_3_0_, jpaaccount0_.available_balance as availabl3_3_0_, jpaaccount0_.created_date as created_4_3_0_, jpaaccount0_.currency_code as currency5_3_0_, jpaaccount0_.current_account_balance as current_6_3_0_, jpaaccount0_.member_id as member_i7_3_0_, jpaaccount0_.modified_date as modified8_3_0_, jpaaccount0_.opening_account_balance as opening_9_3_0_, jpaaccount0_.queue_amount as queue_a10_3_0_, jpaaccount0_.queue_count as queue_c11_3_0_, jpaaccount0_.remarks as remarks12_3_0_, jpaaccount0_.settled_payments_amount as settled13_3_0_, jpaaccount0_.settled_payments_count as settled14_3_0_, jpaaccount0_.settled_receipts_amount as settled15_3_0_, jpaaccount0_.settled_receipts_count as settled16_3_0_ from account_position_temp jpaaccount0_ where jpaaccount0_.id=?
2023-02-27 11:21:29.004 [main] DEBUG org.hibernate.SQL:128 - insert into account_position_temp (account_id, available_balance, created_date, currency_code, current_account_balance, member_id, modified_date, opening_account_balance, queue_amount, queue_count, remarks, settled_payments_amount, settled_payments_count, settled_receipts_amount, settled_receipts_count, id) values (?, ?, ?, ?, ?, ?, ?, ?, ?, ?, ?, ?, ?, ?, ?, ?)
2023-02-27 11:21:29.018 [main] DEBUG org.hibernate.SQL:128 - insert into account_position_source (account_id, available_balance, created_date, currency_code, current_account_balance, id, member_id, migrated_date, modified_date, opening_account_balance, queue_amount, queue_count, remarks, settled_payments_amount, settled_payments_count, settled_receipts_amount, settled_receipts_count) values (?, ?, ?, ?, ?, ?, ?, ?, ?, ?, ?, ?, ?, ?, ?, ?, ?)
2023-02-27 11:21:29.029 [main] DEBUG org.hibernate.SQL:128 - insert into account_position_source (account_id, available_balance, created_date, currency_code, current_account_balance, id, member_id, migrated_date, modified_date, opening_account_balance, queue_amount, queue_count, remarks, settled_payments_amount, settled_payments_count, settled_receipts_amount, settled_receipts_count) values (?, ?, ?, ?, ?, ?, ?, ?, ?, ?, ?, ?, ?, ?, ?, ?, ?)
2023-02-27 11:21:29.040 [main] DEBUG org.hibernate.SQL:128 - insert into account_position_source (account_id, available_balance, created_date, currency_code, current_account_balance, id, member_id, migrated_date, modified_date, opening_account_balance, queue_amount, queue_count, remarks, settled_payments_amount, settled_payments_count, settled_receipts_amount, settled_receipts_count) values (?, ?, ?, ?, ?, ?, ?, ?, ?, ?, ?, ?, ?, ?, ?, ?, ?)
2023-02-27 11:21:29.052 [main] DEBUG org.hibernate.SQL:128 - insert into account_position_source (account_id, available_balance, created_date, currency_code, current_account_balance, id, member_id, migrated_date, modified_date, opening_account_balance, queue_amount, queue_count, remarks, settled_payments_amount, settled_payments_count, settled_receipts_amount, settled_receipts_count) values (?, ?, ?, ?, ?, ?, ?, ?, ?, ?, ?, ?, ?, ?, ?, ?, ?)
2023-02-27 11:21:29.062 [main] DEBUG org.hibernate.SQL:128 - insert into account_position_source (account_id, available_balance, created_date, currency_code, current_account_balance, id, member_id, migrated_date, modified_date, opening_account_balance, queue_amount, queue_count, remarks, settled_payments_amount, settled_payments_count, settled_receipts_amount, settled_receipts_count) values (?, ?, ?, ?, ?, ?, ?, ?, ?, ?, ?, ?, ?, ?, ?, ?, ?)
2023-02-27 11:21:29.074 [main] DEBUG org.hibernate.SQL:128 - insert into account_position_source (account_id, available_balance, created_date, currency_code, current_account_balance, id, member_id, migrated_date, modified_date, opening_account_balance, queue_amount, queue_count, remarks, settled_payments_amount, settled_payments_count, settled_receipts_amount, settled_receipts_count) values (?, ?, ?, ?, ?, ?, ?, ?, ?, ?, ?, ?, ?, ?, ?, ?, ?)
2023-02-27 11:21:29.084 [main] DEBUG org.hibernate.SQL:128 - insert into account_position_source (account_id, available_balance, created_date, currency_code, current_account_balance, id, member_id, migrated_date, modified_date, opening_account_balance, queue_amount, queue_count, remarks, settled_payments_amount, settled_payments_count, settled_receipts_amount, settled_receipts_count) values (?, ?, ?, ?, ?, ?, ?, ?, ?, ?, ?, ?, ?, ?, ?, ?, ?)
2023-02-27 11:21:29.095 [main] DEBUG org.hibernate.SQL:128 - insert into account_position_source (account_id, available_balance, created_date, currency_code, current_account_balance, id, member_id, migrated_date, modified_date, opening_account_balance, queue_amount, queue_count, remarks, settled_payments_amount, settled_payments_count, settled_receipts_amount, settled_receipts_count) values (?, ?, ?, ?, ?, ?, ?, ?, ?, ?, ?, ?, ?, ?, ?, ?, ?)
2023-02-27 11:21:29.105 [main] DEBUG org.hibernate.SQL:128 - insert into account_position_source (account_id, available_balance, created_date, currency_code, current_account_balance, id, member_id, migrated_date, modified_date, opening_account_balance, queue_amount, queue_count, remarks, settled_payments_amount, settled_payments_count, settled_receipts_amount, settled_receipts_count) values (?, ?, ?, ?, ?, ?, ?, ?, ?, ?, ?, ?, ?, ?, ?, ?, ?)
2023-02-27 11:21:29.117 [main] DEBUG org.hibernate.SQL:128 - insert into account_position_source (account_id, available_balance, created_date, currency_code, current_account_balance, id, member_id, migrated_date, modified_date, opening_account_balance, queue_amount, queue_count, remarks, settled_payments_amount, settled_payments_count, settled_receipts_amount, settled_receipts_count) values (?, ?, ?, ?, ?, ?, ?, ?, ?, ?, ?, ?, ?, ?, ?, ?, ?)
2023-02-27 11:21:29.130 [main] DEBUG org.hibernate.SQL:128 - insert into account_position_source (account_id, available_balance, created_date, currency_code, current_account_balance, id, member_id, migrated_date, modified_date, opening_account_balance, queue_amount, queue_count, remarks, settled_payments_amount, settled_payments_count, settled_receipts_amount, settled_receipts_count) values (?, ?, ?, ?, ?, ?, ?, ?, ?, ?, ?, ?, ?, ?, ?, ?, ?)
2023-02-27 11:21:29.250 [main] DEBUG org.hibernate.SQL:128 - select jpaaccount0_.account_id as account_1_1_, jpaaccount0_.available_balance as availabl2_1_, jpaaccount0_.created_date as created_3_1_, jpaaccount0_.currency_code as currency4_1_, jpaaccount0_.current_account_balance as current_5_1_, jpaaccount0_.member_id as member_i6_1_, jpaaccount0_.modified_date as modified7_1_, jpaaccount0_.opening_account_balance as opening_8_1_, jpaaccount0_.queue_amount as queue_am9_1_, jpaaccount0_.queue_count as queue_c10_1_, jpaaccount0_.settled_payments_amount as settled11_1_, jpaaccount0_.settled_payments_count as settled12_1_, jpaaccount0_.settled_receipts_amount as settled13_1_, jpaaccount0_.settled_receipts_count as settled14_1_ from account_position jpaaccount0_ where jpaaccount0_.account_id=?
2023-02-27 11:21:29.257 [main] DEBUG org.hibernate.SQL:128 - select jpaaccount0_.account_id as account_1_1_0_, jpaaccount0_.available_balance as availabl2_1_0_, jpaaccount0_.created_date as created_3_1_0_, jpaaccount0_.currency_code as currency4_1_0_, jpaaccount0_.current_account_balance as current_5_1_0_, jpaaccount0_.member_id as member_i6_1_0_, jpaaccount0_.modified_date as modified7_1_0_, jpaaccount0_.opening_account_balance as opening_8_1_0_, jpaaccount0_.queue_amount as queue_am9_1_0_, jpaaccount0_.queue_count as queue_c10_1_0_, jpaaccount0_.settled_payments_amount as settled11_1_0_, jpaaccount0_.settled_payments_count as settled12_1_0_, jpaaccount0_.settled_receipts_amount as settled13_1_0_, jpaaccount0_.settled_receipts_count as settled14_1_0_ from account_position jpaaccount0_ where jpaaccount0_.account_id=?
2023-02-27 11:21:29.259 [main] DEBUG org.hibernate.SQL:128 - insert into account_position (available_balance, created_date, currency_code, current_account_balance, member_id, modified_date, opening_account_balance, queue_amount, queue_count, settled_payments_amount, settled_payments_count, settled_receipts_amount, settled_receipts_count, account_id) values (?, ?, ?, ?, ?, ?, ?, ?, ?, ?, ?, ?, ?, ?)
2023-02-27 11:21:29.327 [main] DEBUG org.hibernate.SQL:128 - select jpaaccount0_.account_id as account_1_1_, jpaaccount0_.available_balance as availabl2_1_, jpaaccount0_.created_date as created_3_1_, jpaaccount0_.currency_code as currency4_1_, jpaaccount0_.current_account_balance as current_5_1_, jpaaccount0_.member_id as member_i6_1_, jpaaccount0_.modified_date as modified7_1_, jpaaccount0_.opening_account_balance as opening_8_1_, jpaaccount0_.queue_amount as queue_am9_1_, jpaaccount0_.queue_count as queue_c10_1_, jpaaccount0_.settled_payments_amount as settled11_1_, jpaaccount0_.settled_payments_count as settled12_1_, jpaaccount0_.settled_receipts_amount as settled13_1_, jpaaccount0_.settled_receipts_count as settled14_1_ from account_position jpaaccount0_ where jpaaccount0_.account_id=?
2023-02-27 11:21:29.331 [main] DEBUG org.hibernate.SQL:128 - select jpaaccount0_.account_id as account_1_1_0_, jpaaccount0_.available_balance as availabl2_1_0_, jpaaccount0_.created_date as created_3_1_0_, jpaaccount0_.currency_code as currency4_1_0_, jpaaccount0_.current_account_balance as current_5_1_0_, jpaaccount0_.member_id as member_i6_1_0_, jpaaccount0_.modified_date as modified7_1_0_, jpaaccount0_.opening_account_balance as opening_8_1_0_, jpaaccount0_.queue_amount as queue_am9_1_0_, jpaaccount0_.queue_count as queue_c10_1_0_, jpaaccount0_.settled_payments_amount as settled11_1_0_, jpaaccount0_.settled_payments_count as settled12_1_0_, jpaaccount0_.settled_receipts_amount as settled13_1_0_, jpaaccount0_.settled_receipts_count as settled14_1_0_ from account_position jpaaccount0_ where jpaaccount0_.account_id=?
2023-02-27 11:21:29.333 [main] DEBUG org.hibernate.SQL:128 - insert into account_position (available_balance, created_date, currency_code, current_account_balance, member_id, modified_date, opening_account_balance, queue_amount, queue_count, settled_payments_amount, settled_payments_count, settled_receipts_amount, settled_receipts_count, account_id) values (?, ?, ?, ?, ?, ?, ?, ?, ?, ?, ?, ?, ?, ?)
2023-02-27 11:21:29.345 [main] INFO  scrips.datamigration.common.service.FkChecksEnableDisable:23 - enable FkChecks called
2023-02-27 11:21:29.345 [main] DEBUG org.hibernate.SQL:128 - SET FOREIGN_KEY_CHECKS = 1
2023-02-27 11:21:29.346 [main] INFO  scrips.datamigration.common.service.FkChecksEnableDisable:25 - enable FkChecks done
2023-02-27 11:21:29.347 [main] DEBUG org.hibernate.SQL:128 - SELECT @@GLOBAL.foreign_key_checks, @@SESSION.foreign_key_checks
2023-02-27 11:21:29.348 [main] INFO  scrips.datamigration.common.service.FkChecksEnableDisable:52 - foreign_key_checks status - 1
2023-02-27 11:21:29.349 [main] INFO  scrips.datamigration.App:77 - Process completed in (Hours:Minutes:Seconds) 0:0:7
2023-02-27 11:21:29.365 [SpringContextShutdownHook] INFO  org.springframework.orm.jpa.LocalContainerEntityManagerFactoryBean:598 - Closing JPA EntityManagerFactory for persistence unit 'data'
2023-02-27 11:21:29.367 [SpringContextShutdownHook] INFO  com.zaxxer.hikari.HikariDataSource:350 - HikariPool-1 - Shutdown initiated...
2023-02-27 11:21:29.376 [SpringContextShutdownHook] INFO  com.zaxxer.hikari.HikariDataSource:352 - HikariPool-1 - Shutdown completed.
