2023-02-07 15:08:05.199 [main] INFO  scrips.datamigration.App:55 - Starting App on WSIN181 with PID 15900 (D:\DataMigration\DATA_MIGRATION_RTGS\DataMigrationAndExtract\DataMigration\target\classes started by SheikKhadeer in D:\DataMigration\DATA_MIGRATION_RTGS\DataMigrationAndExtract\DataMigration)
2023-02-07 15:08:05.204 [main] INFO  scrips.datamigration.App:651 - No active profile set, falling back to default profiles: app
2023-02-07 15:08:05.982 [main] INFO  org.springframework.data.repository.config.RepositoryConfigurationDelegate:127 - Bootstrapping Spring Data JPA repositories in DEFAULT mode.
2023-02-07 15:08:06.418 [main] INFO  org.springframework.data.repository.config.RepositoryConfigurationDelegate:187 - Finished Spring Data repository scanning in 427ms. Found 60 JPA repository interfaces.
2023-02-07 15:08:06.708 [main] INFO  com.ulisesbocchio.jasyptspringboot.configuration.EnableEncryptablePropertiesBeanFactoryPostProcessor:39 - Post-processing PropertySource instances
2023-02-07 15:08:06.732 [main] INFO  com.ulisesbocchio.jasyptspringboot.EncryptablePropertySourceConverter:56 - Converting PropertySource configurationProperties [org.springframework.boot.context.properties.source.ConfigurationPropertySourcesPropertySource] to AOP Proxy
2023-02-07 15:08:06.733 [main] INFO  com.ulisesbocchio.jasyptspringboot.EncryptablePropertySourceConverter:56 - Converting PropertySource commandLineArgs [org.springframework.core.env.SimpleCommandLinePropertySource] to EncryptableEnumerablePropertySourceWrapper
2023-02-07 15:08:06.733 [main] INFO  com.ulisesbocchio.jasyptspringboot.EncryptablePropertySourceConverter:56 - Converting PropertySource systemProperties [org.springframework.core.env.PropertiesPropertySource] to EncryptableMapPropertySourceWrapper
2023-02-07 15:08:06.733 [main] INFO  com.ulisesbocchio.jasyptspringboot.EncryptablePropertySourceConverter:56 - Converting PropertySource systemEnvironment [org.springframework.boot.env.SystemEnvironmentPropertySourceEnvironmentPostProcessor$OriginAwareSystemEnvironmentPropertySource] to EncryptableSystemEnvironmentPropertySourceWrapper
2023-02-07 15:08:06.734 [main] INFO  com.ulisesbocchio.jasyptspringboot.EncryptablePropertySourceConverter:56 - Converting PropertySource random [org.springframework.boot.env.RandomValuePropertySource] to EncryptablePropertySourceWrapper
2023-02-07 15:08:06.734 [main] INFO  com.ulisesbocchio.jasyptspringboot.EncryptablePropertySourceConverter:56 - Converting PropertySource applicationConfig: [file:./config/application.properties] [org.springframework.boot.env.OriginTrackedMapPropertySource] to EncryptableMapPropertySourceWrapper
2023-02-07 15:08:06.734 [main] INFO  com.ulisesbocchio.jasyptspringboot.EncryptablePropertySourceConverter:56 - Converting PropertySource applicationConfig: [classpath:/application.properties] [org.springframework.boot.env.OriginTrackedMapPropertySource] to EncryptableMapPropertySourceWrapper
2023-02-07 15:08:06.735 [main] INFO  com.ulisesbocchio.jasyptspringboot.EncryptablePropertySourceConverter:56 - Converting PropertySource DataMigrationProperties [org.springframework.core.env.MapPropertySource] to EncryptableMapPropertySourceWrapper
2023-02-07 15:08:06.824 [main] INFO  com.ulisesbocchio.jasyptspringboot.filter.DefaultLazyPropertyFilter:31 - Property Filter custom Bean not found with name 'encryptablePropertyFilter'. Initializing Default Property Filter
2023-02-07 15:08:06.901 [main] INFO  com.ulisesbocchio.jasyptspringboot.resolver.DefaultLazyPropertyResolver:35 - Property Resolver custom Bean not found with name 'encryptablePropertyResolver'. Initializing Default Property Resolver
2023-02-07 15:08:06.904 [main] INFO  com.ulisesbocchio.jasyptspringboot.detector.DefaultLazyPropertyDetector:35 - Property Detector custom Bean not found with name 'encryptablePropertyDetector'. Initializing Default Property Detector
2023-02-07 15:08:06.910 [main] INFO  com.ulisesbocchio.jasyptspringboot.encryptor.DefaultLazyEncryptor:37 - String Encryptor custom Bean not found with name 'jasyptStringEncryptor'. Initializing Default String Encryptor
2023-02-07 15:08:06.938 [main] INFO  com.ulisesbocchio.jasyptspringboot.configuration.StringEncryptorBuilder:81 - Encryptor config not found for property jasypt.encryptor.key-obtention-iterations, using default value: 1000
2023-02-07 15:08:06.939 [main] INFO  com.ulisesbocchio.jasyptspringboot.configuration.StringEncryptorBuilder:81 - Encryptor config not found for property jasypt.encryptor.pool-size, using default value: 1
2023-02-07 15:08:06.940 [main] INFO  com.ulisesbocchio.jasyptspringboot.configuration.StringEncryptorBuilder:81 - Encryptor config not found for property jasypt.encryptor.provider-name, using default value: null
2023-02-07 15:08:06.941 [main] INFO  com.ulisesbocchio.jasyptspringboot.configuration.StringEncryptorBuilder:81 - Encryptor config not found for property jasypt.encryptor.provider-class-name, using default value: null
2023-02-07 15:08:06.941 [main] INFO  com.ulisesbocchio.jasyptspringboot.configuration.StringEncryptorBuilder:81 - Encryptor config not found for property jasypt.encryptor.salt-generator-classname, using default value: org.jasypt.salt.RandomSaltGenerator
2023-02-07 15:08:06.944 [main] INFO  com.ulisesbocchio.jasyptspringboot.configuration.StringEncryptorBuilder:81 - Encryptor config not found for property jasypt.encryptor.string-output-type, using default value: base64
2023-02-07 15:08:07.113 [main] INFO  org.hibernate.jpa.internal.util.LogHelper:31 - HHH000204: Processing PersistenceUnitInfo [name: data]
2023-02-07 15:08:07.170 [main] INFO  org.hibernate.Version:44 - HHH000412: Hibernate ORM core version 5.4.15.Final
2023-02-07 15:08:07.302 [main] INFO  org.hibernate.annotations.common.Version:49 - HCANN000001: Hibernate Commons Annotations {5.1.0.Final}
2023-02-07 15:08:07.766 [main] INFO  com.zaxxer.hikari.HikariDataSource:110 - HikariPool-1 - Starting...
2023-02-07 15:08:07.914 [main] INFO  com.zaxxer.hikari.HikariDataSource:123 - HikariPool-1 - Start completed.
2023-02-07 15:08:07.944 [main] INFO  org.hibernate.dialect.Dialect:172 - HHH000400: Using dialect: org.hibernate.dialect.MySQL8Dialect
2023-02-07 15:08:08.027 [main] INFO  org.hibernate.envers.boot.internal.EnversServiceImpl:90 - Envers integration enabled? : true
2023-02-07 15:08:09.732 [main] INFO  org.hibernate.engine.transaction.jta.platform.internal.JtaPlatformInitiator:52 - HHH000490: Using JtaPlatform implementation: [org.hibernate.engine.transaction.jta.platform.internal.NoJtaPlatform]
2023-02-07 15:08:09.740 [main] INFO  org.springframework.orm.jpa.LocalContainerEntityManagerFactoryBean:416 - Initialized JPA EntityManagerFactory for persistence unit 'data'
2023-02-07 15:08:11.696 [main] INFO  scrips.datamigration.App:61 - Started App in 7.026 seconds (JVM running for 8.406)
2023-02-07 15:08:11.703 [main] INFO  scrips.datamigration.controller.ReportController:44 - 2023-02-07 - CBM_LIABILITIES_BASE_REPORT
2023-02-07 15:08:11.703 [main] INFO  scrips.datamigration.common.service.GenerateReportService:94 - process started for :CBM_LIABILITIES_BASE_REPORT
2023-02-07 15:08:11.733 [main] DEBUG org.hibernate.SQL:128 - select case when jpacbmliab2_.member_id is null then '' else jpacbmliab2_.member_id end as col_0_0_, case when jpacbmliab1_.member_id is null then '' else jpacbmliab1_.member_id end as col_1_0_, case when jpacbmliab0_.member_id is null then '' else jpacbmliab0_.member_id end as col_2_0_, case when jpacbmliab2_.currency_code is null then '' else jpacbmliab2_.currency_code end as col_3_0_, case when jpacbmliab1_.currency_code is null then '' else jpacbmliab1_.currency_code end as col_4_0_, case when jpacbmliab0_.currency_code is null then '' else jpacbmliab0_.currency_code end as col_5_0_, case when jpacbmliab2_.ql_lb_type is null then '' else jpacbmliab2_.ql_lb_type end as col_6_0_, case when jpacbmliab1_.ql_lb_type is null then '' else jpacbmliab1_.ql_lb_type end as col_7_0_, case when jpacbmliab0_.ql_lb_type is null then '' else jpacbmliab0_.ql_lb_type end as col_8_0_, case when jpacbmliab2_.action is null then '' else jpacbmliab2_.action end as col_9_0_, case when jpacbmliab1_.action is null then '' else jpacbmliab1_.action end as col_10_0_, case when jpacbmliab0_.action is null then '' else jpacbmliab0_.action end as col_11_0_, case when jpacbmliab2_.status is null then '' else jpacbmliab2_.status end as col_12_0_, case when jpacbmliab1_.status is null then '' else jpacbmliab1_.status end as col_13_0_, case when jpacbmliab0_.status is null then '' else jpacbmliab0_.status end as col_14_0_, case when jpacbmliab2_.modified_by is null then '' else jpacbmliab2_.modified_by end as col_15_0_, case when jpacbmliab1_.modified_by is null then '' else jpacbmliab1_.modified_by end as col_16_0_, case when jpacbmliab0_.modified_by is null then '' else jpacbmliab0_.modified_by end as col_17_0_, case when jpacbmliab2_.modified_date is null then '' else jpacbmliab2_.modified_date end as col_18_0_, case when jpacbmliab1_.modified_date is null then '' else jpacbmliab1_.modified_date end as col_19_0_, case when jpacbmliab0_.modified_date is null then '' else jpacbmliab0_.modified_date end as col_20_0_, case when jpacbmliab2_.approved_by is null then '' else jpacbmliab2_.approved_by end as col_21_0_, case when jpacbmliab1_.approved_by is null then '' else jpacbmliab1_.approved_by end as col_22_0_, case when jpacbmliab0_.approved_by is null then '' else jpacbmliab0_.approved_by end as col_23_0_, case when jpacbmliab2_.approved_date is null then '' else jpacbmliab2_.approved_date end as col_24_0_, case when jpacbmliab1_.approved_date is null then '' else jpacbmliab1_.approved_date end as col_25_0_, case when jpacbmliab0_.approved_date is null then '' else jpacbmliab0_.approved_date end as col_26_0_, case when jpacbmliab2_.created_date is null then '' else jpacbmliab2_.created_date end as col_27_0_, case when jpacbmliab1_.created_date is null then '' else jpacbmliab1_.created_date end as col_28_0_, case when jpacbmliab0_.created_date is null then '' else jpacbmliab0_.created_date end as col_29_0_, case when jpacbmliab2_.effective_date is null then '' else jpacbmliab2_.effective_date end as col_30_0_, case when jpacbmliab1_.effective_date is null then '' else jpacbmliab1_.effective_date end as col_31_0_, case when jpacbmliab0_.effective_date is null then '' else jpacbmliab0_.effective_date end as col_32_0_, case when jpacbmliab2_.approval_remark is null then '' else jpacbmliab2_.approval_remark end as col_33_0_, case when jpacbmliab1_.approval_remark is null then '' else jpacbmliab1_.approval_remark end as col_34_0_, case when jpacbmliab0_.approval_remark is null then '' else jpacbmliab0_.approval_remark end as col_35_0_, case when jpacbmliab2_.workflow_status_id is null then '' else jpacbmliab2_.workflow_status_id end as col_36_0_, case when jpacbmliab1_.workflow_status_id is null then '' else jpacbmliab1_.workflow_status_id end as col_37_0_, case when jpacbmliab0_.workflow_status_id is null then '' else jpacbmliab0_.workflow_status_id end as col_38_0_, case when jpacbmliab0_.remarks is null then case when jpacbmliab1_.remarks is null then '' else jpacbmliab1_.remarks end else jpacbmliab0_.remarks end as col_39_0_ from cbm_liabilities_base_source jpacbmliab0_ left outer join cbm_liabilities_base_temp jpacbmliab1_ on (jpacbmliab0_.id=jpacbmliab1_.id) left outer join cbm_liabilities_base jpacbmliab2_ on (jpacbmliab1_.member_id=jpacbmliab2_.member_id and (jpacbmliab1_.remarks is null)) where ? is null or date(jpacbmliab0_.migrated_date)=? order by jpacbmliab0_.seq asc
2023-02-07 15:08:11.810 [main] DEBUG org.hibernate.SQL:128 - select count(*) as col_0_0_ from cbm_liabilities_base_temp jpacbmliab0_ inner join cbm_liabilities_base jpacbmliab1_ on (jpacbmliab0_.member_id=jpacbmliab1_.member_id and (jpacbmliab0_.remarks is null)) where ? is null or date(jpacbmliab1_.created_date)=?
2023-02-07 15:08:11.815 [main] INFO  scrips.datamigration.common.service.GenerateReportService:171 - Path -> D:/DataMigration/DATA_MIGRATION_RTGS/DataMigrationAndExtract/DataMigration/reports/
2023-02-07 15:08:13.259 [main] WARN  net.sf.jasperreports.engine.export.PdfGlyphRenderer:68 - Unpatched iText found, cannot use glyph rendering
2023-02-07 15:08:13.429 [main] INFO  scrips.datamigration.App:77 - Process completed in (Hours:Minutes:Seconds) 0:0:8
2023-02-07 15:08:13.451 [SpringContextShutdownHook] INFO  org.springframework.orm.jpa.LocalContainerEntityManagerFactoryBean:598 - Closing JPA EntityManagerFactory for persistence unit 'data'
2023-02-07 15:08:13.454 [SpringContextShutdownHook] INFO  com.zaxxer.hikari.HikariDataSource:350 - HikariPool-1 - Shutdown initiated...
2023-02-07 15:08:13.468 [SpringContextShutdownHook] INFO  com.zaxxer.hikari.HikariDataSource:352 - HikariPool-1 - Shutdown completed.
