2023-02-07 14:57:30.925 [main] INFO  scrips.datamigration.App:55 - Starting App on WSIN181 with PID 9360 (D:\DataMigration\DATA_MIGRATION_RTGS\DataMigrationAndExtract\DataMigration\target\classes started by SheikKhadeer in D:\DataMigration\DATA_MIGRATION_RTGS\DataMigrationAndExtract\DataMigration)
2023-02-07 14:57:30.932 [main] INFO  scrips.datamigration.App:651 - No active profile set, falling back to default profiles: app
2023-02-07 14:57:31.892 [main] INFO  org.springframework.data.repository.config.RepositoryConfigurationDelegate:127 - Bootstrapping Spring Data JPA repositories in DEFAULT mode.
2023-02-07 14:57:32.357 [main] INFO  org.springframework.data.repository.config.RepositoryConfigurationDelegate:187 - Finished Spring Data repository scanning in 455ms. Found 60 JPA repository interfaces.
2023-02-07 14:57:32.927 [main] INFO  com.ulisesbocchio.jasyptspringboot.configuration.EnableEncryptablePropertiesBeanFactoryPostProcessor:39 - Post-processing PropertySource instances
2023-02-07 14:57:32.963 [main] INFO  com.ulisesbocchio.jasyptspringboot.EncryptablePropertySourceConverter:56 - Converting PropertySource configurationProperties [org.springframework.boot.context.properties.source.ConfigurationPropertySourcesPropertySource] to AOP Proxy
2023-02-07 14:57:32.964 [main] INFO  com.ulisesbocchio.jasyptspringboot.EncryptablePropertySourceConverter:56 - Converting PropertySource commandLineArgs [org.springframework.core.env.SimpleCommandLinePropertySource] to EncryptableEnumerablePropertySourceWrapper
2023-02-07 14:57:32.964 [main] INFO  com.ulisesbocchio.jasyptspringboot.EncryptablePropertySourceConverter:56 - Converting PropertySource systemProperties [org.springframework.core.env.PropertiesPropertySource] to EncryptableMapPropertySourceWrapper
2023-02-07 14:57:32.965 [main] INFO  com.ulisesbocchio.jasyptspringboot.EncryptablePropertySourceConverter:56 - Converting PropertySource systemEnvironment [org.springframework.boot.env.SystemEnvironmentPropertySourceEnvironmentPostProcessor$OriginAwareSystemEnvironmentPropertySource] to EncryptableSystemEnvironmentPropertySourceWrapper
2023-02-07 14:57:32.965 [main] INFO  com.ulisesbocchio.jasyptspringboot.EncryptablePropertySourceConverter:56 - Converting PropertySource random [org.springframework.boot.env.RandomValuePropertySource] to EncryptablePropertySourceWrapper
2023-02-07 14:57:32.966 [main] INFO  com.ulisesbocchio.jasyptspringboot.EncryptablePropertySourceConverter:56 - Converting PropertySource applicationConfig: [file:./config/application.properties] [org.springframework.boot.env.OriginTrackedMapPropertySource] to EncryptableMapPropertySourceWrapper
2023-02-07 14:57:32.966 [main] INFO  com.ulisesbocchio.jasyptspringboot.EncryptablePropertySourceConverter:56 - Converting PropertySource applicationConfig: [classpath:/application.properties] [org.springframework.boot.env.OriginTrackedMapPropertySource] to EncryptableMapPropertySourceWrapper
2023-02-07 14:57:32.966 [main] INFO  com.ulisesbocchio.jasyptspringboot.EncryptablePropertySourceConverter:56 - Converting PropertySource DataMigrationProperties [org.springframework.core.env.MapPropertySource] to EncryptableMapPropertySourceWrapper
2023-02-07 14:57:33.087 [main] INFO  com.ulisesbocchio.jasyptspringboot.filter.DefaultLazyPropertyFilter:31 - Property Filter custom Bean not found with name 'encryptablePropertyFilter'. Initializing Default Property Filter
2023-02-07 14:57:33.172 [main] INFO  com.ulisesbocchio.jasyptspringboot.resolver.DefaultLazyPropertyResolver:35 - Property Resolver custom Bean not found with name 'encryptablePropertyResolver'. Initializing Default Property Resolver
2023-02-07 14:57:33.176 [main] INFO  com.ulisesbocchio.jasyptspringboot.detector.DefaultLazyPropertyDetector:35 - Property Detector custom Bean not found with name 'encryptablePropertyDetector'. Initializing Default Property Detector
2023-02-07 14:57:33.182 [main] INFO  com.ulisesbocchio.jasyptspringboot.encryptor.DefaultLazyEncryptor:37 - String Encryptor custom Bean not found with name 'jasyptStringEncryptor'. Initializing Default String Encryptor
2023-02-07 14:57:33.216 [main] INFO  com.ulisesbocchio.jasyptspringboot.configuration.StringEncryptorBuilder:81 - Encryptor config not found for property jasypt.encryptor.key-obtention-iterations, using default value: 1000
2023-02-07 14:57:33.217 [main] INFO  com.ulisesbocchio.jasyptspringboot.configuration.StringEncryptorBuilder:81 - Encryptor config not found for property jasypt.encryptor.pool-size, using default value: 1
2023-02-07 14:57:33.217 [main] INFO  com.ulisesbocchio.jasyptspringboot.configuration.StringEncryptorBuilder:81 - Encryptor config not found for property jasypt.encryptor.provider-name, using default value: null
2023-02-07 14:57:33.218 [main] INFO  com.ulisesbocchio.jasyptspringboot.configuration.StringEncryptorBuilder:81 - Encryptor config not found for property jasypt.encryptor.provider-class-name, using default value: null
2023-02-07 14:57:33.219 [main] INFO  com.ulisesbocchio.jasyptspringboot.configuration.StringEncryptorBuilder:81 - Encryptor config not found for property jasypt.encryptor.salt-generator-classname, using default value: org.jasypt.salt.RandomSaltGenerator
2023-02-07 14:57:33.221 [main] INFO  com.ulisesbocchio.jasyptspringboot.configuration.StringEncryptorBuilder:81 - Encryptor config not found for property jasypt.encryptor.string-output-type, using default value: base64
2023-02-07 14:57:33.425 [main] INFO  org.hibernate.jpa.internal.util.LogHelper:31 - HHH000204: Processing PersistenceUnitInfo [name: data]
2023-02-07 14:57:33.483 [main] INFO  org.hibernate.Version:44 - HHH000412: Hibernate ORM core version 5.4.15.Final
2023-02-07 14:57:33.677 [main] INFO  org.hibernate.annotations.common.Version:49 - HCANN000001: Hibernate Commons Annotations {5.1.0.Final}
2023-02-07 14:57:34.215 [main] INFO  com.zaxxer.hikari.HikariDataSource:110 - HikariPool-1 - Starting...
2023-02-07 14:57:34.384 [main] INFO  com.zaxxer.hikari.HikariDataSource:123 - HikariPool-1 - Start completed.
2023-02-07 14:57:34.415 [main] INFO  org.hibernate.dialect.Dialect:172 - HHH000400: Using dialect: org.hibernate.dialect.MySQL8Dialect
2023-02-07 14:57:34.515 [main] INFO  org.hibernate.envers.boot.internal.EnversServiceImpl:90 - Envers integration enabled? : true
2023-02-07 14:57:36.798 [main] INFO  org.hibernate.engine.transaction.jta.platform.internal.JtaPlatformInitiator:52 - HHH000490: Using JtaPlatform implementation: [org.hibernate.engine.transaction.jta.platform.internal.NoJtaPlatform]
2023-02-07 14:57:36.812 [main] INFO  org.springframework.orm.jpa.LocalContainerEntityManagerFactoryBean:416 - Initialized JPA EntityManagerFactory for persistence unit 'data'
2023-02-07 14:57:38.762 [main] INFO  scrips.datamigration.App:61 - Started App in 8.404 seconds (JVM running for 9.953)
2023-02-07 14:57:38.775 [main] INFO  scrips.datamigration.common.service.FkChecksEnableDisable:36 - disable FkChecks called
2023-02-07 14:57:38.794 [main] DEBUG org.hibernate.SQL:128 - SET FOREIGN_KEY_CHECKS = 0
2023-02-07 14:57:38.806 [main] INFO  scrips.datamigration.common.service.FkChecksEnableDisable:38 - disable FkChecks done
2023-02-07 14:57:38.842 [main] DEBUG org.hibernate.SQL:128 - SELECT @@GLOBAL.foreign_key_checks, @@SESSION.foreign_key_checks
2023-02-07 14:57:38.849 [main] INFO  scrips.datamigration.common.service.FkChecksEnableDisable:52 - foreign_key_checks status - 0
2023-02-07 14:57:38.850 [main] INFO  scrips.datamigration.controller.ScripsFileUploadController:131 - fileUploadCode - CBM_GL_ACCOUNT_FILE_UPLOAD
2023-02-07 14:57:38.850 [main] INFO  scrips.datamigration.common.service.FileUploadService:82 - getFileHeaderByCode entered
2023-02-07 14:57:38.850 [main] INFO  scrips.datamigration.common.service.FileUploadService:88 - fileUploadHeaderOut - cbm_gl_account
2023-02-07 14:57:38.850 [main] INFO  scrips.datamigration.controller.ScripsFileUploadController:136 - Live table name ->cbm_gl_account
2023-02-07 14:57:38.853 [main] INFO  scrips.datamigration.common.service.FileUploadService:98 - fieldName  -  gl_account
2023-02-07 14:57:38.853 [main] INFO  scrips.datamigration.common.service.FileUploadService:98 - fieldName  -  gl_account_description
2023-02-07 14:57:38.854 [main] INFO  scrips.datamigration.common.service.FileUploadService:104 - fileUploadDetails - [scrips.datamigration.fileupload.JpaFileUploadDetails@6f3a8d5e, scrips.datamigration.fileupload.JpaFileUploadDetails@680f7a5e]
2023-02-07 14:57:38.854 [main] INFO  scrips.datamigration.common.service.FileUploadService:48 - ftp status n
2023-02-07 14:57:38.854 [main] INFO  scrips.datamigration.common.service.FileUploadService:64 - FTP Not Enabled,Reading files from MigrationFiles folder
2023-02-07 14:57:38.857 [main] INFO  scrips.datamigration.controller.ScripsFileUploadController:154 - fileRecords - 12010381BANKGRF|Description For 12010311BANKGRF
2023-02-07 14:57:38.858 [main] INFO  scrips.datamigration.controller.ScripsFileUploadController:156 - 1:gl_account
2023-02-07 14:57:38.858 [main] INFO  scrips.datamigration.controller.ScripsFileUploadController:156 - 2:gl_account_description
2023-02-07 14:57:38.861 [main] INFO  scrips.datamigration.rtgs.service.CbmGlAccountService:85 - Total records in File: {}1
2023-02-07 14:57:38.887 [main] DEBUG org.hibernate.SQL:128 - insert into cbm_gl_account_source (created_date, gl_account, gl_account_description, gl_account_indicator, id, migrated_date, modified_date, remarks) values (?, ?, ?, ?, ?, ?, ?, ?)
2023-02-07 14:57:39.043 [main] DEBUG org.hibernate.SQL:128 - select jpacbmglac0_.id as id1_17_0_, jpacbmglac0_.created_date as created_2_17_0_, jpacbmglac0_.gl_account as gl_accou3_17_0_, jpacbmglac0_.gl_account_description as gl_accou4_17_0_, jpacbmglac0_.gl_account_indicator as gl_accou5_17_0_, jpacbmglac0_.modified_date as modified6_17_0_, jpacbmglac0_.remarks as remarks7_17_0_ from cbm_gl_account_temp jpacbmglac0_ where jpacbmglac0_.id=?
2023-02-07 14:57:39.191 [main] DEBUG org.hibernate.SQL:128 - insert into cbm_gl_account_temp (created_date, gl_account, gl_account_description, gl_account_indicator, modified_date, remarks, id) values (?, ?, ?, ?, ?, ?, ?)
2023-02-07 14:57:39.616 [main] DEBUG org.hibernate.SQL:128 - select jpacbmglac0_.gl_account as gl_accou1_15_, jpacbmglac0_.created_date as created_2_15_, jpacbmglac0_.gl_account_description as gl_accou3_15_, jpacbmglac0_.gl_account_indicator as gl_accou4_15_, jpacbmglac0_.modified_date as modified5_15_ from cbm_gl_account jpacbmglac0_ where jpacbmglac0_.gl_account=?
2023-02-07 14:57:39.645 [main] DEBUG org.hibernate.SQL:128 - select jpacbmglac0_.gl_account as gl_accou1_15_0_, jpacbmglac0_.created_date as created_2_15_0_, jpacbmglac0_.gl_account_description as gl_accou3_15_0_, jpacbmglac0_.gl_account_indicator as gl_accou4_15_0_, jpacbmglac0_.modified_date as modified5_15_0_ from cbm_gl_account jpacbmglac0_ where jpacbmglac0_.gl_account=?
2023-02-07 14:57:39.648 [main] DEBUG org.hibernate.SQL:128 - insert into cbm_gl_account (created_date, gl_account_description, gl_account_indicator, modified_date, gl_account) values (?, ?, ?, ?, ?)
2023-02-07 14:57:39.714 [main] INFO  scrips.datamigration.common.service.FkChecksEnableDisable:23 - enable FkChecks called
2023-02-07 14:57:39.716 [main] DEBUG org.hibernate.SQL:128 - SET FOREIGN_KEY_CHECKS = 1
2023-02-07 14:57:39.718 [main] INFO  scrips.datamigration.common.service.FkChecksEnableDisable:25 - enable FkChecks done
2023-02-07 14:57:39.722 [main] DEBUG org.hibernate.SQL:128 - SELECT @@GLOBAL.foreign_key_checks, @@SESSION.foreign_key_checks
2023-02-07 14:57:39.729 [main] INFO  scrips.datamigration.common.service.FkChecksEnableDisable:52 - foreign_key_checks status - 1
2023-02-07 14:57:39.731 [main] INFO  scrips.datamigration.App:77 - Process completed in (Hours:Minutes:Seconds) 0:0:9
2023-02-07 14:57:39.781 [SpringContextShutdownHook] INFO  org.springframework.orm.jpa.LocalContainerEntityManagerFactoryBean:598 - Closing JPA EntityManagerFactory for persistence unit 'data'
2023-02-07 14:57:39.787 [SpringContextShutdownHook] INFO  com.zaxxer.hikari.HikariDataSource:350 - HikariPool-1 - Shutdown initiated...
2023-02-07 14:57:39.807 [SpringContextShutdownHook] INFO  com.zaxxer.hikari.HikariDataSource:352 - HikariPool-1 - Shutdown completed.
