2023-02-07 09:49:54.910 [main] INFO  scrips.datamigration.App:55 - Starting App on WSIN181 with PID 9904 (D:\DataMigration\DATA_MIGRATION_RTGS\DataMigrationAndExtract\DataMigration\target\classes started by SheikKhadeer in D:\DataMigration\DATA_MIGRATION_RTGS\DataMigrationAndExtract\DataMigration)
2023-02-07 09:49:54.916 [main] INFO  scrips.datamigration.App:651 - No active profile set, falling back to default profiles: app
2023-02-07 09:49:55.769 [main] INFO  org.springframework.data.repository.config.RepositoryConfigurationDelegate:127 - Bootstrapping Spring Data JPA repositories in DEFAULT mode.
2023-02-07 09:49:56.275 [main] INFO  org.springframework.data.repository.config.RepositoryConfigurationDelegate:187 - Finished Spring Data repository scanning in 492ms. Found 60 JPA repository interfaces.
2023-02-07 09:49:56.588 [main] INFO  com.ulisesbocchio.jasyptspringboot.configuration.EnableEncryptablePropertiesBeanFactoryPostProcessor:39 - Post-processing PropertySource instances
2023-02-07 09:49:56.610 [main] INFO  com.ulisesbocchio.jasyptspringboot.EncryptablePropertySourceConverter:56 - Converting PropertySource configurationProperties [org.springframework.boot.context.properties.source.ConfigurationPropertySourcesPropertySource] to AOP Proxy
2023-02-07 09:49:56.611 [main] INFO  com.ulisesbocchio.jasyptspringboot.EncryptablePropertySourceConverter:56 - Converting PropertySource commandLineArgs [org.springframework.core.env.SimpleCommandLinePropertySource] to EncryptableEnumerablePropertySourceWrapper
2023-02-07 09:49:56.611 [main] INFO  com.ulisesbocchio.jasyptspringboot.EncryptablePropertySourceConverter:56 - Converting PropertySource systemProperties [org.springframework.core.env.PropertiesPropertySource] to EncryptableMapPropertySourceWrapper
2023-02-07 09:49:56.611 [main] INFO  com.ulisesbocchio.jasyptspringboot.EncryptablePropertySourceConverter:56 - Converting PropertySource systemEnvironment [org.springframework.boot.env.SystemEnvironmentPropertySourceEnvironmentPostProcessor$OriginAwareSystemEnvironmentPropertySource] to EncryptableSystemEnvironmentPropertySourceWrapper
2023-02-07 09:49:56.612 [main] INFO  com.ulisesbocchio.jasyptspringboot.EncryptablePropertySourceConverter:56 - Converting PropertySource random [org.springframework.boot.env.RandomValuePropertySource] to EncryptablePropertySourceWrapper
2023-02-07 09:49:56.612 [main] INFO  com.ulisesbocchio.jasyptspringboot.EncryptablePropertySourceConverter:56 - Converting PropertySource applicationConfig: [file:./config/application.properties] [org.springframework.boot.env.OriginTrackedMapPropertySource] to EncryptableMapPropertySourceWrapper
2023-02-07 09:49:56.612 [main] INFO  com.ulisesbocchio.jasyptspringboot.EncryptablePropertySourceConverter:56 - Converting PropertySource applicationConfig: [classpath:/application.properties] [org.springframework.boot.env.OriginTrackedMapPropertySource] to EncryptableMapPropertySourceWrapper
2023-02-07 09:49:56.613 [main] INFO  com.ulisesbocchio.jasyptspringboot.EncryptablePropertySourceConverter:56 - Converting PropertySource DataMigrationProperties [org.springframework.core.env.MapPropertySource] to EncryptableMapPropertySourceWrapper
2023-02-07 09:49:56.705 [main] INFO  com.ulisesbocchio.jasyptspringboot.filter.DefaultLazyPropertyFilter:31 - Property Filter custom Bean not found with name 'encryptablePropertyFilter'. Initializing Default Property Filter
2023-02-07 09:49:56.804 [main] INFO  com.ulisesbocchio.jasyptspringboot.resolver.DefaultLazyPropertyResolver:35 - Property Resolver custom Bean not found with name 'encryptablePropertyResolver'. Initializing Default Property Resolver
2023-02-07 09:49:56.808 [main] INFO  com.ulisesbocchio.jasyptspringboot.detector.DefaultLazyPropertyDetector:35 - Property Detector custom Bean not found with name 'encryptablePropertyDetector'. Initializing Default Property Detector
2023-02-07 09:49:56.816 [main] INFO  com.ulisesbocchio.jasyptspringboot.encryptor.DefaultLazyEncryptor:37 - String Encryptor custom Bean not found with name 'jasyptStringEncryptor'. Initializing Default String Encryptor
2023-02-07 09:49:56.846 [main] INFO  com.ulisesbocchio.jasyptspringboot.configuration.StringEncryptorBuilder:81 - Encryptor config not found for property jasypt.encryptor.key-obtention-iterations, using default value: 1000
2023-02-07 09:49:56.847 [main] INFO  com.ulisesbocchio.jasyptspringboot.configuration.StringEncryptorBuilder:81 - Encryptor config not found for property jasypt.encryptor.pool-size, using default value: 1
2023-02-07 09:49:56.848 [main] INFO  com.ulisesbocchio.jasyptspringboot.configuration.StringEncryptorBuilder:81 - Encryptor config not found for property jasypt.encryptor.provider-name, using default value: null
2023-02-07 09:49:56.848 [main] INFO  com.ulisesbocchio.jasyptspringboot.configuration.StringEncryptorBuilder:81 - Encryptor config not found for property jasypt.encryptor.provider-class-name, using default value: null
2023-02-07 09:49:56.849 [main] INFO  com.ulisesbocchio.jasyptspringboot.configuration.StringEncryptorBuilder:81 - Encryptor config not found for property jasypt.encryptor.salt-generator-classname, using default value: org.jasypt.salt.RandomSaltGenerator
2023-02-07 09:49:56.851 [main] INFO  com.ulisesbocchio.jasyptspringboot.configuration.StringEncryptorBuilder:81 - Encryptor config not found for property jasypt.encryptor.string-output-type, using default value: base64
2023-02-07 09:49:57.055 [main] INFO  org.hibernate.jpa.internal.util.LogHelper:31 - HHH000204: Processing PersistenceUnitInfo [name: data]
2023-02-07 09:49:57.115 [main] INFO  org.hibernate.Version:44 - HHH000412: Hibernate ORM core version 5.4.15.Final
2023-02-07 09:49:57.258 [main] INFO  org.hibernate.annotations.common.Version:49 - HCANN000001: Hibernate Commons Annotations {5.1.0.Final}
2023-02-07 09:49:57.755 [main] INFO  com.zaxxer.hikari.HikariDataSource:110 - HikariPool-1 - Starting...
2023-02-07 09:49:57.910 [main] INFO  com.zaxxer.hikari.HikariDataSource:123 - HikariPool-1 - Start completed.
2023-02-07 09:49:57.942 [main] INFO  org.hibernate.dialect.Dialect:172 - HHH000400: Using dialect: org.hibernate.dialect.MySQL8Dialect
2023-02-07 09:49:58.028 [main] INFO  org.hibernate.envers.boot.internal.EnversServiceImpl:90 - Envers integration enabled? : true
2023-02-07 09:50:00.026 [main] INFO  org.hibernate.engine.transaction.jta.platform.internal.JtaPlatformInitiator:52 - HHH000490: Using JtaPlatform implementation: [org.hibernate.engine.transaction.jta.platform.internal.NoJtaPlatform]
2023-02-07 09:50:00.039 [main] INFO  org.springframework.orm.jpa.LocalContainerEntityManagerFactoryBean:416 - Initialized JPA EntityManagerFactory for persistence unit 'data'
2023-02-07 09:50:02.212 [main] INFO  scrips.datamigration.App:61 - Started App in 7.917 seconds (JVM running for 9.517)
2023-02-07 09:50:02.219 [main] INFO  scrips.datamigration.controller.ReportController:44 - 2023-02-06 - CBM_COST_CENTRE_DETAIL_REPORT
2023-02-07 09:50:02.219 [main] INFO  scrips.datamigration.common.service.GenerateReportService:92 - process started for :CBM_COST_CENTRE_DETAIL_REPORT
2023-02-07 09:50:02.254 [main] DEBUG org.hibernate.SQL:128 - select case when jpacbmliab2_.id is null then '' else jpacbmliab2_.id end as col_0_0_, case when jpacbmliab1_.id is null then '' else jpacbmliab1_.id end as col_1_0_, case when jpacbmliab0_.id is null then '' else jpacbmliab0_.id end as col_2_0_, case when jpacbmliab2_.member_id is null then '' else jpacbmliab2_.member_id end as col_3_0_, case when jpacbmliab1_.member_id is null then '' else jpacbmliab1_.member_id end as col_4_0_, case when jpacbmliab0_.member_id is null then '' else jpacbmliab0_.member_id end as col_5_0_, case when jpacbmliab2_.start_date is null then '' else jpacbmliab2_.start_date end as col_6_0_, case when jpacbmliab1_.start_date is null then '' else jpacbmliab1_.start_date end as col_7_0_, case when jpacbmliab0_.start_date is null then '' else jpacbmliab0_.start_date end as col_8_0_, case when jpacbmliab2_.end_date is null then '' else jpacbmliab2_.end_date end as col_9_0_, case when jpacbmliab1_.end_date is null then '' else jpacbmliab1_.end_date end as col_10_0_, case when jpacbmliab0_.end_date is null then '' else jpacbmliab0_.end_date end as col_11_0_, case when jpacbmliab2_.ql_lb is null then '' else jpacbmliab2_.ql_lb end as col_12_0_, case when jpacbmliab1_.ql_lb is null then '' else jpacbmliab1_.ql_lb end as col_13_0_, case when jpacbmliab0_.ql_lb is null then '' else jpacbmliab0_.ql_lb end as col_14_0_, case when jpacbmliab0_.remarks is null then case when jpacbmliab1_.remarks is null then '' else jpacbmliab1_.remarks end else jpacbmliab0_.remarks end as col_15_0_ from cbm_liabilities_base_detail_source jpacbmliab0_ left outer join cbm_liabilities_base_detail_temp jpacbmliab1_ on (jpacbmliab0_.id=jpacbmliab1_.id) left outer join cbm_liabilities_base_detail jpacbmliab2_ on (jpacbmliab1_.live_table_id=jpacbmliab2_.id and (jpacbmliab1_.remarks is null)) order by jpacbmliab0_.seq asc
2023-02-07 09:50:02.276 [main] DEBUG org.hibernate.SQL:128 - select count(*) as col_0_0_ from cbm_liabilities_base_detail_temp jpacbmliab0_ inner join cbm_liabilities_base_detail jpacbmliab1_ on (jpacbmliab0_.live_table_id=jpacbmliab1_.id and (jpacbmliab0_.remarks is null))
2023-02-07 09:50:02.279 [main] INFO  scrips.datamigration.common.service.GenerateReportService:200 - Path -> D:/DataMigration/DATA_MIGRATION_RTGS/DataMigrationAndExtract/DataMigration/reports/
2023-02-07 09:50:03.751 [main] INFO  scrips.datamigration.App:77 - Process completed in (Hours:Minutes:Seconds) 0:0:9
2023-02-07 09:50:03.774 [SpringContextShutdownHook] INFO  org.springframework.orm.jpa.LocalContainerEntityManagerFactoryBean:598 - Closing JPA EntityManagerFactory for persistence unit 'data'
2023-02-07 09:50:03.777 [SpringContextShutdownHook] INFO  com.zaxxer.hikari.HikariDataSource:350 - HikariPool-1 - Shutdown initiated...
2023-02-07 09:50:03.793 [SpringContextShutdownHook] INFO  com.zaxxer.hikari.HikariDataSource:352 - HikariPool-1 - Shutdown completed.
