2023-02-23 11:55:32.836 [main] INFO  scrips.datamigration.App:55 - Starting App on WSIN181 with PID 15864 (E:\DataMigration\DATA_MIGRATION_RTGS\DataMigrationAndExtract\DataMigration\target\classes started by SheikKhadeer in E:\DataMigration\DATA_MIGRATION_RTGS\DataMigrationAndExtract\DataMigration)
2023-02-23 11:55:32.844 [main] INFO  scrips.datamigration.App:651 - No active profile set, falling back to default profiles: app
2023-02-23 11:55:33.534 [main] INFO  org.springframework.data.repository.config.RepositoryConfigurationDelegate:127 - Bootstrapping Spring Data JPA repositories in DEFAULT mode.
2023-02-23 11:55:33.793 [main] INFO  org.springframework.data.repository.config.RepositoryConfigurationDelegate:187 - Finished Spring Data repository scanning in 248ms. Found 63 JPA repository interfaces.
2023-02-23 11:55:34.068 [main] INFO  com.ulisesbocchio.jasyptspringboot.configuration.EnableEncryptablePropertiesBeanFactoryPostProcessor:39 - Post-processing PropertySource instances
2023-02-23 11:55:34.092 [main] INFO  com.ulisesbocchio.jasyptspringboot.EncryptablePropertySourceConverter:56 - Converting PropertySource configurationProperties [org.springframework.boot.context.properties.source.ConfigurationPropertySourcesPropertySource] to AOP Proxy
2023-02-23 11:55:34.092 [main] INFO  com.ulisesbocchio.jasyptspringboot.EncryptablePropertySourceConverter:56 - Converting PropertySource commandLineArgs [org.springframework.core.env.SimpleCommandLinePropertySource] to EncryptableEnumerablePropertySourceWrapper
2023-02-23 11:55:34.093 [main] INFO  com.ulisesbocchio.jasyptspringboot.EncryptablePropertySourceConverter:56 - Converting PropertySource systemProperties [org.springframework.core.env.PropertiesPropertySource] to EncryptableMapPropertySourceWrapper
2023-02-23 11:55:34.093 [main] INFO  com.ulisesbocchio.jasyptspringboot.EncryptablePropertySourceConverter:56 - Converting PropertySource systemEnvironment [org.springframework.boot.env.SystemEnvironmentPropertySourceEnvironmentPostProcessor$OriginAwareSystemEnvironmentPropertySource] to EncryptableSystemEnvironmentPropertySourceWrapper
2023-02-23 11:55:34.093 [main] INFO  com.ulisesbocchio.jasyptspringboot.EncryptablePropertySourceConverter:56 - Converting PropertySource random [org.springframework.boot.env.RandomValuePropertySource] to EncryptablePropertySourceWrapper
2023-02-23 11:55:34.093 [main] INFO  com.ulisesbocchio.jasyptspringboot.EncryptablePropertySourceConverter:56 - Converting PropertySource applicationConfig: [file:./config/application.properties] [org.springframework.boot.env.OriginTrackedMapPropertySource] to EncryptableMapPropertySourceWrapper
2023-02-23 11:55:34.094 [main] INFO  com.ulisesbocchio.jasyptspringboot.EncryptablePropertySourceConverter:56 - Converting PropertySource applicationConfig: [classpath:/application.properties] [org.springframework.boot.env.OriginTrackedMapPropertySource] to EncryptableMapPropertySourceWrapper
2023-02-23 11:55:34.094 [main] INFO  com.ulisesbocchio.jasyptspringboot.EncryptablePropertySourceConverter:56 - Converting PropertySource DataMigrationProperties [org.springframework.core.env.MapPropertySource] to EncryptableMapPropertySourceWrapper
2023-02-23 11:55:34.180 [main] INFO  com.ulisesbocchio.jasyptspringboot.filter.DefaultLazyPropertyFilter:31 - Property Filter custom Bean not found with name 'encryptablePropertyFilter'. Initializing Default Property Filter
2023-02-23 11:55:34.269 [main] INFO  com.ulisesbocchio.jasyptspringboot.resolver.DefaultLazyPropertyResolver:35 - Property Resolver custom Bean not found with name 'encryptablePropertyResolver'. Initializing Default Property Resolver
2023-02-23 11:55:34.274 [main] INFO  com.ulisesbocchio.jasyptspringboot.detector.DefaultLazyPropertyDetector:35 - Property Detector custom Bean not found with name 'encryptablePropertyDetector'. Initializing Default Property Detector
2023-02-23 11:55:34.407 [main] INFO  org.hibernate.jpa.internal.util.LogHelper:31 - HHH000204: Processing PersistenceUnitInfo [name: data]
2023-02-23 11:55:34.475 [main] INFO  org.hibernate.Version:44 - HHH000412: Hibernate ORM core version 5.4.15.Final
2023-02-23 11:55:34.660 [main] INFO  org.hibernate.annotations.common.Version:49 - HCANN000001: Hibernate Commons Annotations {5.1.0.Final}
2023-02-23 11:55:34.913 [main] INFO  com.zaxxer.hikari.HikariDataSource:110 - HikariPool-1 - Starting...
2023-02-23 11:55:35.084 [main] INFO  com.zaxxer.hikari.HikariDataSource:123 - HikariPool-1 - Start completed.
2023-02-23 11:55:35.115 [main] INFO  org.hibernate.dialect.Dialect:172 - HHH000400: Using dialect: org.hibernate.dialect.MySQL8Dialect
2023-02-23 11:55:35.212 [main] INFO  org.hibernate.envers.boot.internal.EnversServiceImpl:90 - Envers integration enabled? : true
2023-02-23 11:55:37.026 [main] INFO  org.hibernate.engine.transaction.jta.platform.internal.JtaPlatformInitiator:52 - HHH000490: Using JtaPlatform implementation: [org.hibernate.engine.transaction.jta.platform.internal.NoJtaPlatform]
2023-02-23 11:55:37.033 [main] INFO  org.springframework.orm.jpa.LocalContainerEntityManagerFactoryBean:416 - Initialized JPA EntityManagerFactory for persistence unit 'data'
2023-02-23 11:55:39.622 [main] INFO  scrips.datamigration.App:61 - Started App in 7.489 seconds (JVM running for 8.809)
2023-02-23 11:55:39.633 [main] INFO  scrips.datamigration.controller.ReportController:44 -   - CBM_LIABILITIES_BASE_DETAIL_REPORT
2023-02-23 11:55:39.634 [main] INFO  scrips.datamigration.common.service.GenerateReportService:114 - process started for :CBM_LIABILITIES_BASE_DETAIL_REPORT
2023-02-23 11:55:39.713 [main] DEBUG org.hibernate.SQL:128 - select case when jpacbmliab2_.id is null then '' else jpacbmliab2_.id end as col_0_0_, case when jpacbmliab1_.id is null then '' else jpacbmliab1_.id end as col_1_0_, case when jpacbmliab0_.id is null then '' else jpacbmliab0_.id end as col_2_0_, case when jpacbmliab2_.member_id is null then '' else jpacbmliab2_.member_id end as col_3_0_, case when jpacbmliab1_.member_id is null then '' else jpacbmliab1_.member_id end as col_4_0_, case when jpacbmliab0_.member_id is null then '' else jpacbmliab0_.member_id end as col_5_0_, case when jpacbmliab2_.start_date is null then '' else jpacbmliab2_.start_date end as col_6_0_, case when jpacbmliab1_.start_date is null then '' else jpacbmliab1_.start_date end as col_7_0_, case when jpacbmliab0_.start_date is null then '' else jpacbmliab0_.start_date end as col_8_0_, case when jpacbmliab2_.end_date is null then '' else jpacbmliab2_.end_date end as col_9_0_, case when jpacbmliab1_.end_date is null then '' else jpacbmliab1_.end_date end as col_10_0_, case when jpacbmliab0_.end_date is null then '' else jpacbmliab0_.end_date end as col_11_0_, case when jpacbmliab2_.ql_lb is null then '' else jpacbmliab2_.ql_lb end as col_12_0_, case when jpacbmliab1_.ql_lb is null then '' else jpacbmliab1_.ql_lb end as col_13_0_, case when jpacbmliab0_.ql_lb is null then '' else jpacbmliab0_.ql_lb end as col_14_0_, case when jpacbmliab0_.remarks is null then case when jpacbmliab1_.remarks is null then '' else jpacbmliab1_.remarks end else jpacbmliab0_.remarks end as col_15_0_ from cbm_liabilities_base_detail_source jpacbmliab0_ left outer join cbm_liabilities_base_detail_temp jpacbmliab1_ on (jpacbmliab0_.id=jpacbmliab1_.id) left outer join cbm_liabilities_base_detail jpacbmliab2_ on (jpacbmliab1_.live_table_id=jpacbmliab2_.id and (jpacbmliab1_.remarks is null)) where ? is null or date(jpacbmliab0_.migrated_date)=? order by jpacbmliab0_.seq asc
2023-02-23 11:55:39.757 [main] DEBUG org.hibernate.SQL:128 - select count(*) as col_0_0_ from cbm_liabilities_base_detail_temp jpacbmliab0_ inner join cbm_liabilities_base_detail jpacbmliab1_ on (jpacbmliab0_.live_table_id=jpacbmliab1_.id and (jpacbmliab0_.remarks is null)) where ? is null or date(jpacbmliab0_.migrated_date)=?
2023-02-23 11:55:39.760 [main] INFO  scrips.datamigration.common.service.GenerateReportService:262 - Path -> E:/DataMigration/DATA_MIGRATION_RTGS/DataMigrationAndExtract/DataMigration/reports/
2023-02-23 11:55:41.747 [main] WARN  net.sf.jasperreports.engine.export.PdfGlyphRenderer:68 - Unpatched iText found, cannot use glyph rendering
2023-02-23 11:55:42.027 [main] INFO  scrips.datamigration.App:77 - Process completed in (Hours:Minutes:Seconds) 0:0:9
2023-02-23 11:55:42.047 [SpringContextShutdownHook] INFO  org.springframework.orm.jpa.LocalContainerEntityManagerFactoryBean:598 - Closing JPA EntityManagerFactory for persistence unit 'data'
2023-02-23 11:55:42.048 [SpringContextShutdownHook] INFO  com.zaxxer.hikari.HikariDataSource:350 - HikariPool-1 - Shutdown initiated...
2023-02-23 11:55:42.059 [SpringContextShutdownHook] INFO  com.zaxxer.hikari.HikariDataSource:352 - HikariPool-1 - Shutdown completed.
