2023-02-13 10:05:40.610 [main] INFO  scrips.datamigration.App:55 - Starting App on WSIN181 with PID 9268 (D:\DataMigration\DATA_MIGRATION_RTGS\DataMigrationAndExtract\DataMigration\target\classes started by SheikKhadeer in D:\DataMigration\DATA_MIGRATION_RTGS\DataMigrationAndExtract\DataMigration)
2023-02-13 10:05:40.616 [main] INFO  scrips.datamigration.App:651 - No active profile set, falling back to default profiles: app
2023-02-13 10:05:41.497 [main] INFO  org.springframework.data.repository.config.RepositoryConfigurationDelegate:127 - Bootstrapping Spring Data JPA repositories in DEFAULT mode.
2023-02-13 10:05:41.954 [main] INFO  org.springframework.data.repository.config.RepositoryConfigurationDelegate:187 - Finished Spring Data repository scanning in 444ms. Found 61 JPA repository interfaces.
2023-02-13 10:05:42.281 [main] INFO  com.ulisesbocchio.jasyptspringboot.configuration.EnableEncryptablePropertiesBeanFactoryPostProcessor:39 - Post-processing PropertySource instances
2023-02-13 10:05:42.306 [main] INFO  com.ulisesbocchio.jasyptspringboot.EncryptablePropertySourceConverter:56 - Converting PropertySource configurationProperties [org.springframework.boot.context.properties.source.ConfigurationPropertySourcesPropertySource] to AOP Proxy
2023-02-13 10:05:42.306 [main] INFO  com.ulisesbocchio.jasyptspringboot.EncryptablePropertySourceConverter:56 - Converting PropertySource commandLineArgs [org.springframework.core.env.SimpleCommandLinePropertySource] to EncryptableEnumerablePropertySourceWrapper
2023-02-13 10:05:42.307 [main] INFO  com.ulisesbocchio.jasyptspringboot.EncryptablePropertySourceConverter:56 - Converting PropertySource systemProperties [org.springframework.core.env.PropertiesPropertySource] to EncryptableMapPropertySourceWrapper
2023-02-13 10:05:42.307 [main] INFO  com.ulisesbocchio.jasyptspringboot.EncryptablePropertySourceConverter:56 - Converting PropertySource systemEnvironment [org.springframework.boot.env.SystemEnvironmentPropertySourceEnvironmentPostProcessor$OriginAwareSystemEnvironmentPropertySource] to EncryptableSystemEnvironmentPropertySourceWrapper
2023-02-13 10:05:42.307 [main] INFO  com.ulisesbocchio.jasyptspringboot.EncryptablePropertySourceConverter:56 - Converting PropertySource random [org.springframework.boot.env.RandomValuePropertySource] to EncryptablePropertySourceWrapper
2023-02-13 10:05:42.308 [main] INFO  com.ulisesbocchio.jasyptspringboot.EncryptablePropertySourceConverter:56 - Converting PropertySource applicationConfig: [file:./config/application.properties] [org.springframework.boot.env.OriginTrackedMapPropertySource] to EncryptableMapPropertySourceWrapper
2023-02-13 10:05:42.308 [main] INFO  com.ulisesbocchio.jasyptspringboot.EncryptablePropertySourceConverter:56 - Converting PropertySource applicationConfig: [classpath:/application.properties] [org.springframework.boot.env.OriginTrackedMapPropertySource] to EncryptableMapPropertySourceWrapper
2023-02-13 10:05:42.308 [main] INFO  com.ulisesbocchio.jasyptspringboot.EncryptablePropertySourceConverter:56 - Converting PropertySource DataMigrationProperties [org.springframework.core.env.MapPropertySource] to EncryptableMapPropertySourceWrapper
2023-02-13 10:05:42.445 [main] INFO  com.ulisesbocchio.jasyptspringboot.filter.DefaultLazyPropertyFilter:31 - Property Filter custom Bean not found with name 'encryptablePropertyFilter'. Initializing Default Property Filter
2023-02-13 10:05:42.554 [main] INFO  com.ulisesbocchio.jasyptspringboot.resolver.DefaultLazyPropertyResolver:35 - Property Resolver custom Bean not found with name 'encryptablePropertyResolver'. Initializing Default Property Resolver
2023-02-13 10:05:42.559 [main] INFO  com.ulisesbocchio.jasyptspringboot.detector.DefaultLazyPropertyDetector:35 - Property Detector custom Bean not found with name 'encryptablePropertyDetector'. Initializing Default Property Detector
2023-02-13 10:05:42.565 [main] INFO  com.ulisesbocchio.jasyptspringboot.encryptor.DefaultLazyEncryptor:37 - String Encryptor custom Bean not found with name 'jasyptStringEncryptor'. Initializing Default String Encryptor
2023-02-13 10:05:42.581 [main] INFO  com.ulisesbocchio.jasyptspringboot.configuration.StringEncryptorBuilder:81 - Encryptor config not found for property jasypt.encryptor.key-obtention-iterations, using default value: 1000
2023-02-13 10:05:42.581 [main] INFO  com.ulisesbocchio.jasyptspringboot.configuration.StringEncryptorBuilder:81 - Encryptor config not found for property jasypt.encryptor.pool-size, using default value: 1
2023-02-13 10:05:42.582 [main] INFO  com.ulisesbocchio.jasyptspringboot.configuration.StringEncryptorBuilder:81 - Encryptor config not found for property jasypt.encryptor.provider-name, using default value: null
2023-02-13 10:05:42.582 [main] INFO  com.ulisesbocchio.jasyptspringboot.configuration.StringEncryptorBuilder:81 - Encryptor config not found for property jasypt.encryptor.provider-class-name, using default value: null
2023-02-13 10:05:42.583 [main] INFO  com.ulisesbocchio.jasyptspringboot.configuration.StringEncryptorBuilder:81 - Encryptor config not found for property jasypt.encryptor.salt-generator-classname, using default value: org.jasypt.salt.RandomSaltGenerator
2023-02-13 10:05:42.586 [main] INFO  com.ulisesbocchio.jasyptspringboot.configuration.StringEncryptorBuilder:81 - Encryptor config not found for property jasypt.encryptor.string-output-type, using default value: base64
2023-02-13 10:05:42.758 [main] INFO  org.hibernate.jpa.internal.util.LogHelper:31 - HHH000204: Processing PersistenceUnitInfo [name: data]
2023-02-13 10:05:42.820 [main] INFO  org.hibernate.Version:44 - HHH000412: Hibernate ORM core version 5.4.15.Final
2023-02-13 10:05:42.962 [main] INFO  org.hibernate.annotations.common.Version:49 - HCANN000001: Hibernate Commons Annotations {5.1.0.Final}
2023-02-13 10:05:43.396 [main] INFO  com.zaxxer.hikari.HikariDataSource:110 - HikariPool-1 - Starting...
2023-02-13 10:05:43.581 [main] INFO  com.zaxxer.hikari.HikariDataSource:123 - HikariPool-1 - Start completed.
2023-02-13 10:05:43.618 [main] INFO  org.hibernate.dialect.Dialect:172 - HHH000400: Using dialect: org.hibernate.dialect.MySQL8Dialect
2023-02-13 10:05:43.707 [main] INFO  org.hibernate.envers.boot.internal.EnversServiceImpl:90 - Envers integration enabled? : true
2023-02-13 10:05:45.537 [main] INFO  org.hibernate.engine.transaction.jta.platform.internal.JtaPlatformInitiator:52 - HHH000490: Using JtaPlatform implementation: [org.hibernate.engine.transaction.jta.platform.internal.NoJtaPlatform]
2023-02-13 10:05:45.545 [main] INFO  org.springframework.orm.jpa.LocalContainerEntityManagerFactoryBean:416 - Initialized JPA EntityManagerFactory for persistence unit 'data'
2023-02-13 10:05:47.621 [main] INFO  scrips.datamigration.App:61 - Started App in 7.572 seconds (JVM running for 9.205)
2023-02-13 10:05:47.634 [main] INFO  scrips.datamigration.controller.ReportController:44 -   - CONTROL_TOTAL_REPORT
2023-02-13 10:05:47.635 [main] INFO  scrips.datamigration.common.service.GenerateReportService:107 - process started for :CONTROL_TOTAL_REPORT
2023-02-13 10:05:47.665 [main] DEBUG org.hibernate.SQL:128 - select 'Account' as col_0_0_, count(*) as col_1_0_, (select count(*) from account_source jpaaccount2_) as col_2_0_ from account_source jpaaccount0_ inner join account jpaaccount1_ on (jpaaccount0_.id=jpaaccount1_.id)
2023-02-13 10:05:47.688 [main] DEBUG org.hibernate.SQL:128 - select 'Account Position' as col_0_0_, count(*) as col_1_0_, (select count(*) from account_position_source jpaaccount2_) as col_2_0_ from account_position_source jpaaccount0_ inner join account_position jpaaccount1_ on (jpaaccount0_.account_id=jpaaccount1_.account_id and (jpaaccount0_.remarks is null))
2023-02-13 10:05:47.690 [main] DEBUG org.hibernate.SQL:128 - select 'Cbm Deposit Rate' as col_0_0_, count(*) as col_1_0_, (select count(*) from cbm_deposit_rate_source jpacbmdepo2_) as col_2_0_ from cbm_deposit_rate_source jpacbmdepo0_ inner join cbm_deposit_rate jpacbmdepo1_ on (jpacbmdepo0_.id=jpacbmdepo1_.id and (jpacbmdepo0_.remarks is null))
2023-02-13 10:05:47.694 [main] DEBUG org.hibernate.SQL:128 - select 'Cbm Cost Centre' as col_0_0_, count(*) as col_1_0_, (select count(*) from cbm_cost_centre_source jpacbmcost2_) as col_2_0_ from cbm_cost_centre_source jpacbmcost0_ right outer join cbm_cost_centre jpacbmcost1_ on (jpacbmcost0_.cost_centre=jpacbmcost1_.cost_centre and jpacbmcost0_.migrated_date=jpacbmcost1_.created_date and (jpacbmcost0_.remarks is null))
2023-02-13 10:05:47.697 [main] DEBUG org.hibernate.SQL:128 - select 'Cbm Gl Account' as col_0_0_, count(*) as col_1_0_, (select count(*) from cbm_gl_account_source jpacbmglac2_) as col_2_0_ from cbm_gl_account_source jpacbmglac0_ inner join cbm_gl_account jpacbmglac1_ on (jpacbmglac0_.gl_account=jpacbmglac1_.gl_account and jpacbmglac0_.migrated_date=jpacbmglac1_.created_date and (jpacbmglac0_.remarks is null))
2023-02-13 10:05:47.700 [main] DEBUG org.hibernate.SQL:128 - select 'Cbm Liabilities Base' as col_0_0_, count(*) as col_1_0_, (select count(*) from cbm_liabilities_base_source jpacbmliab3_) as col_2_0_ from cbm_liabilities_base_source jpacbmliab0_ inner join cbm_liabilities_base_temp jpacbmliab1_ on (jpacbmliab0_.id=jpacbmliab1_.id) inner join cbm_liabilities_base jpacbmliab2_ on (jpacbmliab1_.member_id=jpacbmliab2_.member_id and jpacbmliab0_.migrated_date=jpacbmliab2_.created_date and (jpacbmliab0_.remarks is null))
2023-02-13 10:05:47.703 [main] DEBUG org.hibernate.SQL:128 - select 'Cbm Liabilities Base Detail' as col_0_0_, count(*) as col_1_0_, (select count(*) from cbm_liabilities_base_detail_source jpacbmliab3_) as col_2_0_ from cbm_liabilities_base_detail_source jpacbmliab0_ inner join cbm_liabilities_base_detail_temp jpacbmliab1_ on (jpacbmliab0_.id=jpacbmliab1_.id) inner join cbm_liabilities_base_detail jpacbmliab2_ on (jpacbmliab1_.live_table_id=jpacbmliab2_.id and (jpacbmliab0_.remarks is null))
2023-02-13 10:06:00.022 [main] INFO  scrips.datamigration.common.service.GenerateReportService:236 - Path -> D:/DataMigration/DATA_MIGRATION_RTGS/DataMigrationAndExtract/DataMigration/reports/
2023-02-13 10:07:30.914 [main] INFO  scrips.datamigration.App:77 - Process completed in (Hours:Minutes:Seconds) 0:1:51
2023-02-13 10:07:30.941 [SpringContextShutdownHook] INFO  org.springframework.orm.jpa.LocalContainerEntityManagerFactoryBean:598 - Closing JPA EntityManagerFactory for persistence unit 'data'
2023-02-13 10:07:30.944 [SpringContextShutdownHook] INFO  com.zaxxer.hikari.HikariDataSource:350 - HikariPool-1 - Shutdown initiated...
2023-02-13 10:07:30.961 [SpringContextShutdownHook] INFO  com.zaxxer.hikari.HikariDataSource:352 - HikariPool-1 - Shutdown completed.
