2023-02-08 16:13:37.535 [main] INFO  scrips.datamigration.App:55 - Starting App on WSIN181 with PID 3096 (D:\DataMigration\DATA_MIGRATION_RTGS\DataMigrationAndExtract\DataMigration\target\classes started by SheikKhadeer in D:\DataMigration\DATA_MIGRATION_RTGS\DataMigrationAndExtract\DataMigration)
2023-02-08 16:13:37.545 [main] INFO  scrips.datamigration.App:651 - No active profile set, falling back to default profiles: app
2023-02-08 16:13:38.794 [main] INFO  org.springframework.data.repository.config.RepositoryConfigurationDelegate:127 - Bootstrapping Spring Data JPA repositories in DEFAULT mode.
2023-02-08 16:13:39.471 [main] INFO  org.springframework.data.repository.config.RepositoryConfigurationDelegate:187 - Finished Spring Data repository scanning in 664ms. Found 60 JPA repository interfaces.
2023-02-08 16:13:39.924 [main] INFO  com.ulisesbocchio.jasyptspringboot.configuration.EnableEncryptablePropertiesBeanFactoryPostProcessor:39 - Post-processing PropertySource instances
2023-02-08 16:13:39.967 [main] INFO  com.ulisesbocchio.jasyptspringboot.EncryptablePropertySourceConverter:56 - Converting PropertySource configurationProperties [org.springframework.boot.context.properties.source.ConfigurationPropertySourcesPropertySource] to AOP Proxy
2023-02-08 16:13:39.968 [main] INFO  com.ulisesbocchio.jasyptspringboot.EncryptablePropertySourceConverter:56 - Converting PropertySource commandLineArgs [org.springframework.core.env.SimpleCommandLinePropertySource] to EncryptableEnumerablePropertySourceWrapper
2023-02-08 16:13:39.968 [main] INFO  com.ulisesbocchio.jasyptspringboot.EncryptablePropertySourceConverter:56 - Converting PropertySource systemProperties [org.springframework.core.env.PropertiesPropertySource] to EncryptableMapPropertySourceWrapper
2023-02-08 16:13:39.969 [main] INFO  com.ulisesbocchio.jasyptspringboot.EncryptablePropertySourceConverter:56 - Converting PropertySource systemEnvironment [org.springframework.boot.env.SystemEnvironmentPropertySourceEnvironmentPostProcessor$OriginAwareSystemEnvironmentPropertySource] to EncryptableSystemEnvironmentPropertySourceWrapper
2023-02-08 16:13:39.970 [main] INFO  com.ulisesbocchio.jasyptspringboot.EncryptablePropertySourceConverter:56 - Converting PropertySource random [org.springframework.boot.env.RandomValuePropertySource] to EncryptablePropertySourceWrapper
2023-02-08 16:13:39.970 [main] INFO  com.ulisesbocchio.jasyptspringboot.EncryptablePropertySourceConverter:56 - Converting PropertySource applicationConfig: [file:./config/application.properties] [org.springframework.boot.env.OriginTrackedMapPropertySource] to EncryptableMapPropertySourceWrapper
2023-02-08 16:13:39.971 [main] INFO  com.ulisesbocchio.jasyptspringboot.EncryptablePropertySourceConverter:56 - Converting PropertySource applicationConfig: [classpath:/application.properties] [org.springframework.boot.env.OriginTrackedMapPropertySource] to EncryptableMapPropertySourceWrapper
2023-02-08 16:13:39.971 [main] INFO  com.ulisesbocchio.jasyptspringboot.EncryptablePropertySourceConverter:56 - Converting PropertySource DataMigrationProperties [org.springframework.core.env.MapPropertySource] to EncryptableMapPropertySourceWrapper
2023-02-08 16:13:40.125 [main] INFO  com.ulisesbocchio.jasyptspringboot.filter.DefaultLazyPropertyFilter:31 - Property Filter custom Bean not found with name 'encryptablePropertyFilter'. Initializing Default Property Filter
2023-02-08 16:13:40.253 [main] INFO  com.ulisesbocchio.jasyptspringboot.resolver.DefaultLazyPropertyResolver:35 - Property Resolver custom Bean not found with name 'encryptablePropertyResolver'. Initializing Default Property Resolver
2023-02-08 16:13:40.259 [main] INFO  com.ulisesbocchio.jasyptspringboot.detector.DefaultLazyPropertyDetector:35 - Property Detector custom Bean not found with name 'encryptablePropertyDetector'. Initializing Default Property Detector
2023-02-08 16:13:40.269 [main] INFO  com.ulisesbocchio.jasyptspringboot.encryptor.DefaultLazyEncryptor:37 - String Encryptor custom Bean not found with name 'jasyptStringEncryptor'. Initializing Default String Encryptor
2023-02-08 16:13:40.316 [main] INFO  com.ulisesbocchio.jasyptspringboot.configuration.StringEncryptorBuilder:81 - Encryptor config not found for property jasypt.encryptor.key-obtention-iterations, using default value: 1000
2023-02-08 16:13:40.317 [main] INFO  com.ulisesbocchio.jasyptspringboot.configuration.StringEncryptorBuilder:81 - Encryptor config not found for property jasypt.encryptor.pool-size, using default value: 1
2023-02-08 16:13:40.318 [main] INFO  com.ulisesbocchio.jasyptspringboot.configuration.StringEncryptorBuilder:81 - Encryptor config not found for property jasypt.encryptor.provider-name, using default value: null
2023-02-08 16:13:40.318 [main] INFO  com.ulisesbocchio.jasyptspringboot.configuration.StringEncryptorBuilder:81 - Encryptor config not found for property jasypt.encryptor.provider-class-name, using default value: null
2023-02-08 16:13:40.319 [main] INFO  com.ulisesbocchio.jasyptspringboot.configuration.StringEncryptorBuilder:81 - Encryptor config not found for property jasypt.encryptor.salt-generator-classname, using default value: org.jasypt.salt.RandomSaltGenerator
2023-02-08 16:13:40.327 [main] INFO  com.ulisesbocchio.jasyptspringboot.configuration.StringEncryptorBuilder:81 - Encryptor config not found for property jasypt.encryptor.string-output-type, using default value: base64
2023-02-08 16:13:40.604 [main] INFO  org.hibernate.jpa.internal.util.LogHelper:31 - HHH000204: Processing PersistenceUnitInfo [name: data]
2023-02-08 16:13:40.731 [main] INFO  org.hibernate.Version:44 - HHH000412: Hibernate ORM core version 5.4.15.Final
2023-02-08 16:13:40.991 [main] INFO  org.hibernate.annotations.common.Version:49 - HCANN000001: Hibernate Commons Annotations {5.1.0.Final}
2023-02-08 16:13:41.673 [main] INFO  com.zaxxer.hikari.HikariDataSource:110 - HikariPool-1 - Starting...
2023-02-08 16:13:41.919 [main] INFO  com.zaxxer.hikari.HikariDataSource:123 - HikariPool-1 - Start completed.
2023-02-08 16:13:41.968 [main] INFO  org.hibernate.dialect.Dialect:172 - HHH000400: Using dialect: org.hibernate.dialect.MySQL8Dialect
2023-02-08 16:13:42.117 [main] INFO  org.hibernate.envers.boot.internal.EnversServiceImpl:90 - Envers integration enabled? : true
2023-02-08 16:13:45.046 [main] INFO  org.hibernate.engine.transaction.jta.platform.internal.JtaPlatformInitiator:52 - HHH000490: Using JtaPlatform implementation: [org.hibernate.engine.transaction.jta.platform.internal.NoJtaPlatform]
2023-02-08 16:13:45.065 [main] INFO  org.springframework.orm.jpa.LocalContainerEntityManagerFactoryBean:416 - Initialized JPA EntityManagerFactory for persistence unit 'data'
2023-02-08 16:13:48.828 [main] INFO  scrips.datamigration.App:61 - Started App in 12.313 seconds (JVM running for 16.005)
2023-02-08 16:13:48.839 [main] INFO  scrips.datamigration.controller.ReportController:44 - 2023-02-08 - SSS_SECURITIES_CODE_STATISTICS_DETAIL_REPORT
2023-02-08 16:13:48.839 [main] INFO  scrips.datamigration.common.service.GenerateReportService:98 - process started for :SSS_SECURITIES_CODE_STATISTICS_DETAIL_REPORT
2023-02-08 16:13:48.878 [main] DEBUG org.hibernate.SQL:128 - select case when jpassssecu2_.securities_code is null then '' else jpassssecu2_.securities_code end as col_0_0_, case when jpassssecu1_.securities_code is null then '' else jpassssecu1_.securities_code end as col_1_0_, case when jpassssecu0_.securities_code is null then '' else jpassssecu0_.securities_code end as col_2_0_, case when jpassssecu2_.total_redeemed_amount is null then '' else jpassssecu2_.total_redeemed_amount end as col_3_0_, case when jpassssecu1_.total_redeemed_amount is null then '' else jpassssecu1_.total_redeemed_amount end as col_4_0_, case when jpassssecu0_.total_redeemed_amount is null then '' else jpassssecu0_.total_redeemed_amount end as col_5_0_, case when jpassssecu2_.total_nominal_amount_issued_for_erf is null then '' else jpassssecu2_.total_nominal_amount_issued_for_erf end as col_6_0_, case when jpassssecu1_.total_nominal_amount_issued_for_erf is null then '' else jpassssecu1_.total_nominal_amount_issued_for_erf end as col_7_0_, case when jpassssecu0_.total_nominal_amount_issued_for_erf is null then '' else jpassssecu0_.total_nominal_amount_issued_for_erf end as col_8_0_, case when jpassssecu2_.total_redeemed_amount_for_erf is null then '' else jpassssecu2_.total_redeemed_amount_for_erf end as col_9_0_, case when jpassssecu1_.total_redeemed_amount_for_erf is null then '' else jpassssecu1_.total_redeemed_amount_for_erf end as col_10_0_, case when jpassssecu0_.total_redeemed_amount_for_erf is null then '' else jpassssecu0_.total_redeemed_amount_for_erf end as col_11_0_, case when jpassssecu2_.outstanding_nominal_amount is null then '' else jpassssecu2_.outstanding_nominal_amount end as col_12_0_, case when jpassssecu1_.outstanding_nominal_amount is null then '' else jpassssecu1_.outstanding_nominal_amount end as col_13_0_, case when jpassssecu0_.outstanding_nominal_amount is null then '' else jpassssecu0_.outstanding_nominal_amount end as col_14_0_, case when jpassssecu2_.next_coupon_date is null then '' else jpassssecu2_.next_coupon_date end as col_15_0_, case when jpassssecu1_.next_coupon_date is null then '' else jpassssecu1_.next_coupon_date end as col_16_0_, case when jpassssecu0_.next_coupon_date is null then '' else jpassssecu0_.next_coupon_date end as col_17_0_, case when jpassssecu2_.last_coupon_date is null then '' else jpassssecu2_.last_coupon_date end as col_18_0_, case when jpassssecu1_.last_coupon_date is null then '' else jpassssecu1_.last_coupon_date end as col_19_0_, case when jpassssecu0_.last_coupon_date is null then '' else jpassssecu0_.last_coupon_date end as col_20_0_, case when jpassssecu2_.next_index_end_date is null then '' else jpassssecu2_.next_index_end_date end as col_21_0_, case when jpassssecu1_.next_index_end_date is null then '' else jpassssecu1_.next_index_end_date end as col_22_0_, case when jpassssecu0_.next_index_end_date is null then '' else jpassssecu0_.next_index_end_date end as col_23_0_, case when jpassssecu2_.amount_allotted_to_central_bank is null then '' else jpassssecu2_.amount_allotted_to_central_bank end as col_24_0_, case when jpassssecu1_.amount_allotted_to_central_bank is null then '' else jpassssecu1_.amount_allotted_to_central_bank end as col_25_0_, case when jpassssecu0_.amount_allotted_to_central_bank is null then '' else jpassssecu0_.amount_allotted_to_central_bank end as col_26_0_, case when jpassssecu2_.amount_allotted_to_others is null then '' else jpassssecu2_.amount_allotted_to_others end as col_27_0_, case when jpassssecu1_.amount_allotted_to_others is null then '' else jpassssecu1_.amount_allotted_to_others end as col_28_0_, case when jpassssecu0_.amount_allotted_to_others is null then '' else jpassssecu0_.amount_allotted_to_others end as col_29_0_, case when jpassssecu0_.remarks is null then case when jpassssecu1_.remarks is null then '' else jpassssecu1_.remarks end else jpassssecu0_.remarks end as col_30_0_ from securities_code_statistics_source jpassssecu0_ left outer join securities_code_statistics_temp jpassssecu1_ on (jpassssecu0_.id=jpassssecu1_.id) left outer join securities_code_statistics jpassssecu2_ on (jpassssecu2_.securities_code=jpassssecu0_.securities_code and (jpassssecu1_.remarks is null)) where ? is null or date(jpassssecu0_.migrated_date)=? order by jpassssecu0_.seq asc
2023-02-08 16:13:48.909 [main] DEBUG org.hibernate.SQL:128 - select count(*) as col_0_0_ from securities_code_statistics_temp jpassssecu0_ inner join securities_code_statistics jpassssecu1_ on (jpassssecu1_.securities_code=jpassssecu0_.securities_code and (jpassssecu0_.remarks is null))
2023-02-08 16:13:48.911 [main] INFO  scrips.datamigration.common.service.GenerateReportService:201 - Path -> D:/DataMigration/DATA_MIGRATION_RTGS/DataMigrationAndExtract/DataMigration/reports/
2023-02-08 16:13:50.950 [main] WARN  net.sf.jasperreports.engine.export.PdfGlyphRenderer:68 - Unpatched iText found, cannot use glyph rendering
2023-02-08 16:13:51.295 [main] INFO  scrips.datamigration.App:77 - Process completed in (Hours:Minutes:Seconds) 0:0:14
2023-02-08 16:13:51.315 [SpringContextShutdownHook] INFO  org.springframework.orm.jpa.LocalContainerEntityManagerFactoryBean:598 - Closing JPA EntityManagerFactory for persistence unit 'data'
2023-02-08 16:13:51.318 [SpringContextShutdownHook] INFO  com.zaxxer.hikari.HikariDataSource:350 - HikariPool-1 - Shutdown initiated...
2023-02-08 16:13:51.332 [SpringContextShutdownHook] INFO  com.zaxxer.hikari.HikariDataSource:352 - HikariPool-1 - Shutdown completed.
