2023-01-23 12:20:32.808 [main] INFO  scrips.datamigration.App:55 - Starting App on WSIN181 with PID 14328 (D:\DataMigration\DATA_MIGRATION_RTGS\DataMigrationAndExtract\DataMigration\target\classes started by SheikKhadeer in D:\DataMigration\DATA_MIGRATION_RTGS\DataMigrationAndExtract\DataMigration)
2023-01-23 12:20:32.814 [main] INFO  scrips.datamigration.App:651 - No active profile set, falling back to default profiles: app
2023-01-23 12:20:33.683 [main] INFO  org.springframework.data.repository.config.RepositoryConfigurationDelegate:127 - Bootstrapping Spring Data JPA repositories in DEFAULT mode.
2023-01-23 12:20:34.204 [main] INFO  org.springframework.data.repository.config.RepositoryConfigurationDelegate:187 - Finished Spring Data repository scanning in 512ms. Found 60 JPA repository interfaces.
2023-01-23 12:20:34.538 [main] INFO  com.ulisesbocchio.jasyptspringboot.configuration.EnableEncryptablePropertiesBeanFactoryPostProcessor:39 - Post-processing PropertySource instances
2023-01-23 12:20:34.581 [main] INFO  com.ulisesbocchio.jasyptspringboot.EncryptablePropertySourceConverter:56 - Converting PropertySource configurationProperties [org.springframework.boot.context.properties.source.ConfigurationPropertySourcesPropertySource] to AOP Proxy
2023-01-23 12:20:34.581 [main] INFO  com.ulisesbocchio.jasyptspringboot.EncryptablePropertySourceConverter:56 - Converting PropertySource commandLineArgs [org.springframework.core.env.SimpleCommandLinePropertySource] to EncryptableEnumerablePropertySourceWrapper
2023-01-23 12:20:34.581 [main] INFO  com.ulisesbocchio.jasyptspringboot.EncryptablePropertySourceConverter:56 - Converting PropertySource systemProperties [org.springframework.core.env.PropertiesPropertySource] to EncryptableMapPropertySourceWrapper
2023-01-23 12:20:34.582 [main] INFO  com.ulisesbocchio.jasyptspringboot.EncryptablePropertySourceConverter:56 - Converting PropertySource systemEnvironment [org.springframework.boot.env.SystemEnvironmentPropertySourceEnvironmentPostProcessor$OriginAwareSystemEnvironmentPropertySource] to EncryptableSystemEnvironmentPropertySourceWrapper
2023-01-23 12:20:34.582 [main] INFO  com.ulisesbocchio.jasyptspringboot.EncryptablePropertySourceConverter:56 - Converting PropertySource random [org.springframework.boot.env.RandomValuePropertySource] to EncryptablePropertySourceWrapper
2023-01-23 12:20:34.582 [main] INFO  com.ulisesbocchio.jasyptspringboot.EncryptablePropertySourceConverter:56 - Converting PropertySource applicationConfig: [file:./config/application.properties] [org.springframework.boot.env.OriginTrackedMapPropertySource] to EncryptableMapPropertySourceWrapper
2023-01-23 12:20:34.583 [main] INFO  com.ulisesbocchio.jasyptspringboot.EncryptablePropertySourceConverter:56 - Converting PropertySource applicationConfig: [classpath:/application.properties] [org.springframework.boot.env.OriginTrackedMapPropertySource] to EncryptableMapPropertySourceWrapper
2023-01-23 12:20:34.583 [main] INFO  com.ulisesbocchio.jasyptspringboot.EncryptablePropertySourceConverter:56 - Converting PropertySource DataMigrationProperties [org.springframework.core.env.MapPropertySource] to EncryptableMapPropertySourceWrapper
2023-01-23 12:20:34.690 [main] INFO  com.ulisesbocchio.jasyptspringboot.filter.DefaultLazyPropertyFilter:31 - Property Filter custom Bean not found with name 'encryptablePropertyFilter'. Initializing Default Property Filter
2023-01-23 12:20:34.765 [main] INFO  com.ulisesbocchio.jasyptspringboot.resolver.DefaultLazyPropertyResolver:35 - Property Resolver custom Bean not found with name 'encryptablePropertyResolver'. Initializing Default Property Resolver
2023-01-23 12:20:34.770 [main] INFO  com.ulisesbocchio.jasyptspringboot.detector.DefaultLazyPropertyDetector:35 - Property Detector custom Bean not found with name 'encryptablePropertyDetector'. Initializing Default Property Detector
2023-01-23 12:20:34.777 [main] INFO  com.ulisesbocchio.jasyptspringboot.encryptor.DefaultLazyEncryptor:37 - String Encryptor custom Bean not found with name 'jasyptStringEncryptor'. Initializing Default String Encryptor
2023-01-23 12:20:34.791 [main] INFO  com.ulisesbocchio.jasyptspringboot.configuration.StringEncryptorBuilder:81 - Encryptor config not found for property jasypt.encryptor.key-obtention-iterations, using default value: 1000
2023-01-23 12:20:34.791 [main] INFO  com.ulisesbocchio.jasyptspringboot.configuration.StringEncryptorBuilder:81 - Encryptor config not found for property jasypt.encryptor.pool-size, using default value: 1
2023-01-23 12:20:34.792 [main] INFO  com.ulisesbocchio.jasyptspringboot.configuration.StringEncryptorBuilder:81 - Encryptor config not found for property jasypt.encryptor.provider-name, using default value: null
2023-01-23 12:20:34.792 [main] INFO  com.ulisesbocchio.jasyptspringboot.configuration.StringEncryptorBuilder:81 - Encryptor config not found for property jasypt.encryptor.provider-class-name, using default value: null
2023-01-23 12:20:34.792 [main] INFO  com.ulisesbocchio.jasyptspringboot.configuration.StringEncryptorBuilder:81 - Encryptor config not found for property jasypt.encryptor.salt-generator-classname, using default value: org.jasypt.salt.RandomSaltGenerator
2023-01-23 12:20:34.816 [main] INFO  com.ulisesbocchio.jasyptspringboot.configuration.StringEncryptorBuilder:81 - Encryptor config not found for property jasypt.encryptor.string-output-type, using default value: base64
2023-01-23 12:20:35.325 [main] INFO  org.hibernate.jpa.internal.util.LogHelper:31 - HHH000204: Processing PersistenceUnitInfo [name: data]
2023-01-23 12:20:35.400 [main] INFO  org.hibernate.Version:44 - HHH000412: Hibernate ORM core version 5.4.15.Final
2023-01-23 12:20:35.542 [main] INFO  org.hibernate.annotations.common.Version:49 - HCANN000001: Hibernate Commons Annotations {5.1.0.Final}
2023-01-23 12:20:36.089 [main] INFO  com.zaxxer.hikari.HikariDataSource:110 - HikariPool-1 - Starting...
2023-01-23 12:20:36.507 [main] INFO  com.zaxxer.hikari.HikariDataSource:123 - HikariPool-1 - Start completed.
2023-01-23 12:20:36.555 [main] INFO  org.hibernate.dialect.Dialect:172 - HHH000400: Using dialect: org.hibernate.dialect.MySQL8Dialect
2023-01-23 12:20:36.746 [main] INFO  org.hibernate.envers.boot.internal.EnversServiceImpl:90 - Envers integration enabled? : true
2023-01-23 12:20:38.700 [main] INFO  org.hibernate.engine.transaction.jta.platform.internal.JtaPlatformInitiator:52 - HHH000490: Using JtaPlatform implementation: [org.hibernate.engine.transaction.jta.platform.internal.NoJtaPlatform]
2023-01-23 12:20:38.709 [main] INFO  org.springframework.orm.jpa.LocalContainerEntityManagerFactoryBean:416 - Initialized JPA EntityManagerFactory for persistence unit 'data'
2023-01-23 12:20:40.455 [main] INFO  scrips.datamigration.App:61 - Started App in 8.741 seconds (JVM running for 11.41)
2023-01-23 12:20:40.463 [main] INFO  scrips.datamigration.controller.ReportController:44 -   - SSS_SUMMARY_REPORT
2023-01-23 12:20:40.463 [main] INFO  scrips.datamigration.common.service.GenerateReportService:35 - process started for :SSS_SUMMARY_REPORT
2023-01-23 12:20:40.463 [main] INFO  scrips.datamigration.common.service.GenerateReportService:38 - Path -> D:/DataMigration/DATA_MIGRATION_RTGS/DataMigrationAndExtract/DataMigration/reports/
2023-01-23 12:20:43.648 [main] ERROR net.sf.jasperreports.engine.fill.JRFillSubreport:961 - Fill 1: exception
net.sf.jasperreports.engine.JRException: Error executing SQL statement for: Blank_A4_4_Dataset1_1674456641674_274043.
	at net.sf.jasperreports.engine.query.JRJdbcQueryExecuter.createDatasource(JRJdbcQueryExecuter.java:367) ~[jasperreports-6.17.0.jar:6.17.0-6d93193241dd8cc42629e188b94f9e0bc5722efd]
	at net.sf.jasperreports.engine.fill.JRFillDataset.createQueryDatasource(JRFillDataset.java:1263) ~[jasperreports-6.17.0.jar:6.17.0-6d93193241dd8cc42629e188b94f9e0bc5722efd]
	at net.sf.jasperreports.engine.fill.JRFillDataset.initDatasource(JRFillDataset.java:732) ~[jasperreports-6.17.0.jar:6.17.0-6d93193241dd8cc42629e188b94f9e0bc5722efd]
	at net.sf.jasperreports.engine.fill.BaseReportFiller.setParameters(BaseReportFiller.java:457) ~[jasperreports-6.17.0.jar:6.17.0-6d93193241dd8cc42629e188b94f9e0bc5722efd]
	at net.sf.jasperreports.engine.fill.JRBaseFiller.fill(JRBaseFiller.java:585) ~[jasperreports-6.17.0.jar:6.17.0-6d93193241dd8cc42629e188b94f9e0bc5722efd]
	at net.sf.jasperreports.engine.fill.BaseReportFiller.fill(BaseReportFiller.java:414) ~[jasperreports-6.17.0.jar:6.17.0-6d93193241dd8cc42629e188b94f9e0bc5722efd]
	at net.sf.jasperreports.engine.fill.JRFillSubreport.fillSubreport(JRFillSubreport.java:826) ~[jasperreports-6.17.0.jar:6.17.0-6d93193241dd8cc42629e188b94f9e0bc5722efd]
	at net.sf.jasperreports.engine.fill.JRSubreportRunnable.run(JRSubreportRunnable.java:61) ~[jasperreports-6.17.0.jar:6.17.0-6d93193241dd8cc42629e188b94f9e0bc5722efd]
	at net.sf.jasperreports.engine.fill.AbstractThreadSubreportRunner.run(AbstractThreadSubreportRunner.java:221) ~[jasperreports-6.17.0.jar:6.17.0-6d93193241dd8cc42629e188b94f9e0bc5722efd]
	at java.util.concurrent.ThreadPoolExecutor.runWorker(ThreadPoolExecutor.java:1128) ~[?:?]
	at java.util.concurrent.ThreadPoolExecutor$Worker.run(ThreadPoolExecutor.java:628) ~[?:?]
	at java.lang.Thread.run(Thread.java:834) ~[?:?]
Caused by: java.sql.SQLException: Incorrect DATE value: ' '
	at com.mysql.cj.jdbc.exceptions.SQLError.createSQLException(SQLError.java:129) ~[mysql-connector-java-8.0.20.jar:8.0.20]
	at com.mysql.cj.jdbc.exceptions.SQLError.createSQLException(SQLError.java:97) ~[mysql-connector-java-8.0.20.jar:8.0.20]
	at com.mysql.cj.jdbc.exceptions.SQLExceptionsMapping.translateException(SQLExceptionsMapping.java:122) ~[mysql-connector-java-8.0.20.jar:8.0.20]
	at com.mysql.cj.jdbc.ClientPreparedStatement.executeInternal(ClientPreparedStatement.java:953) ~[mysql-connector-java-8.0.20.jar:8.0.20]
	at com.mysql.cj.jdbc.ClientPreparedStatement.executeQuery(ClientPreparedStatement.java:1003) ~[mysql-connector-java-8.0.20.jar:8.0.20]
	at com.zaxxer.hikari.pool.ProxyPreparedStatement.executeQuery(ProxyPreparedStatement.java:52) ~[HikariCP-3.4.5.jar:?]
	at com.zaxxer.hikari.pool.HikariProxyPreparedStatement.executeQuery(HikariProxyPreparedStatement.java) ~[HikariCP-3.4.5.jar:?]
	at net.sf.jasperreports.engine.query.JRJdbcQueryExecuter.createDatasource(JRJdbcQueryExecuter.java:317) ~[jasperreports-6.17.0.jar:6.17.0-6d93193241dd8cc42629e188b94f9e0bc5722efd]
	... 11 more
2023-01-23 12:20:43.662 [main] INFO  scrips.datamigration.App:77 - Process completed in (Hours:Minutes:Seconds) 0:0:12
2023-01-23 12:20:43.685 [SpringContextShutdownHook] INFO  org.springframework.orm.jpa.LocalContainerEntityManagerFactoryBean:598 - Closing JPA EntityManagerFactory for persistence unit 'data'
2023-01-23 12:20:43.687 [SpringContextShutdownHook] INFO  com.zaxxer.hikari.HikariDataSource:350 - HikariPool-1 - Shutdown initiated...
2023-01-23 12:20:43.740 [SpringContextShutdownHook] INFO  com.zaxxer.hikari.HikariDataSource:352 - HikariPool-1 - Shutdown completed.
