2023-02-23 11:27:33.747 [main] INFO  scrips.datamigration.App:55 - Starting App on WSIN181 with PID 13832 (E:\DataMigration\DATA_MIGRATION_RTGS\DataMigrationAndExtract\DataMigration\target\classes started by SheikKhadeer in E:\DataMigration\DATA_MIGRATION_RTGS\DataMigrationAndExtract\DataMigration)
2023-02-23 11:27:33.754 [main] INFO  scrips.datamigration.App:651 - No active profile set, falling back to default profiles: app
2023-02-23 11:27:34.400 [main] INFO  org.springframework.data.repository.config.RepositoryConfigurationDelegate:127 - Bootstrapping Spring Data JPA repositories in DEFAULT mode.
2023-02-23 11:27:34.727 [main] INFO  org.springframework.data.repository.config.RepositoryConfigurationDelegate:187 - Finished Spring Data repository scanning in 316ms. Found 63 JPA repository interfaces.
2023-02-23 11:27:35.121 [main] INFO  com.ulisesbocchio.jasyptspringboot.configuration.EnableEncryptablePropertiesBeanFactoryPostProcessor:39 - Post-processing PropertySource instances
2023-02-23 11:27:35.155 [main] INFO  com.ulisesbocchio.jasyptspringboot.EncryptablePropertySourceConverter:56 - Converting PropertySource configurationProperties [org.springframework.boot.context.properties.source.ConfigurationPropertySourcesPropertySource] to AOP Proxy
2023-02-23 11:27:35.155 [main] INFO  com.ulisesbocchio.jasyptspringboot.EncryptablePropertySourceConverter:56 - Converting PropertySource commandLineArgs [org.springframework.core.env.SimpleCommandLinePropertySource] to EncryptableEnumerablePropertySourceWrapper
2023-02-23 11:27:35.155 [main] INFO  com.ulisesbocchio.jasyptspringboot.EncryptablePropertySourceConverter:56 - Converting PropertySource systemProperties [org.springframework.core.env.PropertiesPropertySource] to EncryptableMapPropertySourceWrapper
2023-02-23 11:27:35.156 [main] INFO  com.ulisesbocchio.jasyptspringboot.EncryptablePropertySourceConverter:56 - Converting PropertySource systemEnvironment [org.springframework.boot.env.SystemEnvironmentPropertySourceEnvironmentPostProcessor$OriginAwareSystemEnvironmentPropertySource] to EncryptableSystemEnvironmentPropertySourceWrapper
2023-02-23 11:27:35.156 [main] INFO  com.ulisesbocchio.jasyptspringboot.EncryptablePropertySourceConverter:56 - Converting PropertySource random [org.springframework.boot.env.RandomValuePropertySource] to EncryptablePropertySourceWrapper
2023-02-23 11:27:35.157 [main] INFO  com.ulisesbocchio.jasyptspringboot.EncryptablePropertySourceConverter:56 - Converting PropertySource applicationConfig: [file:./config/application.properties] [org.springframework.boot.env.OriginTrackedMapPropertySource] to EncryptableMapPropertySourceWrapper
2023-02-23 11:27:35.157 [main] INFO  com.ulisesbocchio.jasyptspringboot.EncryptablePropertySourceConverter:56 - Converting PropertySource applicationConfig: [classpath:/application.properties] [org.springframework.boot.env.OriginTrackedMapPropertySource] to EncryptableMapPropertySourceWrapper
2023-02-23 11:27:35.158 [main] INFO  com.ulisesbocchio.jasyptspringboot.EncryptablePropertySourceConverter:56 - Converting PropertySource DataMigrationProperties [org.springframework.core.env.MapPropertySource] to EncryptableMapPropertySourceWrapper
2023-02-23 11:27:35.278 [main] INFO  com.ulisesbocchio.jasyptspringboot.filter.DefaultLazyPropertyFilter:31 - Property Filter custom Bean not found with name 'encryptablePropertyFilter'. Initializing Default Property Filter
2023-02-23 11:27:35.400 [main] INFO  com.ulisesbocchio.jasyptspringboot.resolver.DefaultLazyPropertyResolver:35 - Property Resolver custom Bean not found with name 'encryptablePropertyResolver'. Initializing Default Property Resolver
2023-02-23 11:27:35.403 [main] INFO  com.ulisesbocchio.jasyptspringboot.detector.DefaultLazyPropertyDetector:35 - Property Detector custom Bean not found with name 'encryptablePropertyDetector'. Initializing Default Property Detector
2023-02-23 11:27:35.601 [main] INFO  org.hibernate.jpa.internal.util.LogHelper:31 - HHH000204: Processing PersistenceUnitInfo [name: data]
2023-02-23 11:27:35.712 [main] INFO  org.hibernate.Version:44 - HHH000412: Hibernate ORM core version 5.4.15.Final
2023-02-23 11:27:35.884 [main] INFO  org.hibernate.annotations.common.Version:49 - HCANN000001: Hibernate Commons Annotations {5.1.0.Final}
2023-02-23 11:27:36.323 [main] INFO  com.zaxxer.hikari.HikariDataSource:110 - HikariPool-1 - Starting...
2023-02-23 11:27:36.566 [main] INFO  com.zaxxer.hikari.HikariDataSource:123 - HikariPool-1 - Start completed.
2023-02-23 11:27:36.601 [main] INFO  org.hibernate.dialect.Dialect:172 - HHH000400: Using dialect: org.hibernate.dialect.MySQL8Dialect
2023-02-23 11:27:36.711 [main] INFO  org.hibernate.envers.boot.internal.EnversServiceImpl:90 - Envers integration enabled? : true
2023-02-23 11:27:38.622 [main] INFO  org.hibernate.engine.transaction.jta.platform.internal.JtaPlatformInitiator:52 - HHH000490: Using JtaPlatform implementation: [org.hibernate.engine.transaction.jta.platform.internal.NoJtaPlatform]
2023-02-23 11:27:38.630 [main] INFO  org.springframework.orm.jpa.LocalContainerEntityManagerFactoryBean:416 - Initialized JPA EntityManagerFactory for persistence unit 'data'
2023-02-23 11:27:41.071 [main] INFO  scrips.datamigration.App:61 - Started App in 8.009 seconds (JVM running for 9.406)
2023-02-23 11:27:41.083 [main] INFO  scrips.datamigration.common.service.FkChecksEnableDisable:36 - disable FkChecks called
2023-02-23 11:27:41.106 [main] DEBUG org.hibernate.SQL:128 - SET FOREIGN_KEY_CHECKS = 0
2023-02-23 11:27:41.118 [main] INFO  scrips.datamigration.common.service.FkChecksEnableDisable:38 - disable FkChecks done
2023-02-23 11:27:41.146 [main] DEBUG org.hibernate.SQL:128 - SELECT @@GLOBAL.foreign_key_checks, @@SESSION.foreign_key_checks
2023-02-23 11:27:41.153 [main] INFO  scrips.datamigration.common.service.FkChecksEnableDisable:52 - foreign_key_checks status - 0
2023-02-23 11:27:41.153 [main] INFO  scrips.datamigration.controller.ScripsFileUploadController:131 - fileUploadCode - SSS_SECURITIES_POSITION_STATS_FILE_UPLOAD
2023-02-23 11:27:41.154 [main] INFO  scrips.datamigration.common.service.FileUploadService:82 - getFileHeaderByCode entered
2023-02-23 11:27:41.154 [main] INFO  scrips.datamigration.common.service.FileUploadService:88 - fileUploadHeaderOut - sss_securities_position_stats
2023-02-23 11:27:41.154 [main] INFO  scrips.datamigration.controller.ScripsFileUploadController:136 - Live table name ->sss_securities_position_stats
2023-02-23 11:27:41.155 [main] INFO  scrips.datamigration.common.service.FileUploadService:98 - fieldName  -  securities_code
2023-02-23 11:27:41.155 [main] INFO  scrips.datamigration.common.service.FileUploadService:98 - fieldName  -  opening_nominal_amount
2023-02-23 11:27:41.156 [main] INFO  scrips.datamigration.common.service.FileUploadService:98 - fieldName  -  closing_nominal_amount
2023-02-23 11:27:41.156 [main] INFO  scrips.datamigration.common.service.FileUploadService:98 - fieldName  -  account_id
2023-02-23 11:27:41.156 [main] INFO  scrips.datamigration.common.service.FileUploadService:104 - fileUploadDetails - [scrips.datamigration.fileupload.JpaFileUploadDetails@56bc8c45, scrips.datamigration.fileupload.JpaFileUploadDetails@2542d320, scrips.datamigration.fileupload.JpaFileUploadDetails@2f29400e, scrips.datamigration.fileupload.JpaFileUploadDetails@66161fee]
2023-02-23 11:27:41.156 [main] INFO  scrips.datamigration.sss.service.SssSecuritiesFileDataService:36 - ftp status n
2023-02-23 11:27:41.156 [main] INFO  scrips.datamigration.sss.service.SssSecuritiesFileDataService:148 - fieldName  -  ISIN_CODE
2023-02-23 11:27:41.157 [main] INFO  scrips.datamigration.sss.service.SssSecuritiesFileDataService:148 - fieldName  -  DESCRIPTION
2023-02-23 11:27:41.157 [main] INFO  scrips.datamigration.sss.service.SssSecuritiesFileDataService:148 - fieldName  -  ISIN_TYPE
2023-02-23 11:27:41.157 [main] INFO  scrips.datamigration.sss.service.SssSecuritiesFileDataService:148 - fieldName  -  ISSUE_CODE
2023-02-23 11:27:41.157 [main] INFO  scrips.datamigration.sss.service.SssSecuritiesFileDataService:148 - fieldName  -  ISIN_STATUS
2023-02-23 11:27:41.157 [main] INFO  scrips.datamigration.sss.service.SssSecuritiesFileDataService:148 - fieldName  -  TAXABLE
2023-02-23 11:27:41.157 [main] INFO  scrips.datamigration.sss.service.SssSecuritiesFileDataService:148 - fieldName  -  TRADABLE
2023-02-23 11:27:41.158 [main] INFO  scrips.datamigration.sss.service.SssSecuritiesFileDataService:148 - fieldName  -  CREDIT_RATING
2023-02-23 11:27:41.158 [main] INFO  scrips.datamigration.sss.service.SssSecuritiesFileDataService:148 - fieldName  -  ELIGIBLE_FOR_ILF
2023-02-23 11:27:41.158 [main] INFO  scrips.datamigration.sss.service.SssSecuritiesFileDataService:148 - fieldName  -  ILF_HAIRCUT_SETTING
2023-02-23 11:27:41.158 [main] INFO  scrips.datamigration.sss.service.SssSecuritiesFileDataService:148 - fieldName  -  HAIRCUT_PERCENTAGE_FOR_ILF
2023-02-23 11:27:41.158 [main] INFO  scrips.datamigration.sss.service.SssSecuritiesFileDataService:148 - fieldName  -  MATURITY_DATE
2023-02-23 11:27:41.158 [main] INFO  scrips.datamigration.sss.service.SssSecuritiesFileDataService:148 - fieldName  -  OPTIONAL_MATURITY_DATE
2023-02-23 11:27:41.159 [main] INFO  scrips.datamigration.sss.service.SssSecuritiesFileDataService:148 - fieldName  -  AUCTION_DATE
2023-02-23 11:27:41.159 [main] INFO  scrips.datamigration.sss.service.SssSecuritiesFileDataService:148 - fieldName  -  FIRST_ISSUANCE_DATE
2023-02-23 11:27:41.159 [main] INFO  scrips.datamigration.sss.service.SssSecuritiesFileDataService:148 - fieldName  -  FIRST_ISSUANCE_AMOUNT
2023-02-23 11:27:41.159 [main] INFO  scrips.datamigration.sss.service.SssSecuritiesFileDataService:148 - fieldName  -  RE_OPENING_AUCTION_DATE
2023-02-23 11:27:41.159 [main] INFO  scrips.datamigration.sss.service.SssSecuritiesFileDataService:148 - fieldName  -  RE_OPENING_ALLOTMENT_DATE
2023-02-23 11:27:41.159 [main] INFO  scrips.datamigration.sss.service.SssSecuritiesFileDataService:148 - fieldName  -  RE_OPENING_TOTAL_ALLOTMENT_AMOUNT
2023-02-23 11:27:41.159 [main] INFO  scrips.datamigration.sss.service.SssSecuritiesFileDataService:148 - fieldName  -  TOTAL_ISSUED_AMOUNT
2023-02-23 11:27:41.159 [main] INFO  scrips.datamigration.sss.service.SssSecuritiesFileDataService:148 - fieldName  -  OUTSTANDING_NOMINAL_AMOUNT
2023-02-23 11:27:41.160 [main] INFO  scrips.datamigration.sss.service.SssSecuritiesFileDataService:148 - fieldName  -  AMOUNT_ALLOCATED_TO_MAS
2023-02-23 11:27:41.160 [main] INFO  scrips.datamigration.sss.service.SssSecuritiesFileDataService:148 - fieldName  -  AMOUNT_ALLOCATED_TO_OTHERS
2023-02-23 11:27:41.160 [main] INFO  scrips.datamigration.sss.service.SssSecuritiesFileDataService:148 - fieldName  -  MAS_APPLIED_AMOUNT
2023-02-23 11:27:41.160 [main] INFO  scrips.datamigration.sss.service.SssSecuritiesFileDataService:148 - fieldName  -  UNIT_SIZE
2023-02-23 11:27:41.160 [main] INFO  scrips.datamigration.sss.service.SssSecuritiesFileDataService:148 - fieldName  -  DENOMINATION
2023-02-23 11:27:41.160 [main] INFO  scrips.datamigration.sss.service.SssSecuritiesFileDataService:148 - fieldName  -  CURRENCY_CODE
2023-02-23 11:27:41.161 [main] INFO  scrips.datamigration.sss.service.SssSecuritiesFileDataService:148 - fieldName  -  REDEMPTION_PRICE
2023-02-23 11:27:41.161 [main] INFO  scrips.datamigration.sss.service.SssSecuritiesFileDataService:148 - fieldName  -  COUPON_RATE
2023-02-23 11:27:41.161 [main] INFO  scrips.datamigration.sss.service.SssSecuritiesFileDataService:148 - fieldName  -  EX_DATE_PERIOD
2023-02-23 11:27:41.161 [main] INFO  scrips.datamigration.sss.service.SssSecuritiesFileDataService:148 - fieldName  -  EX_DATE
2023-02-23 11:27:41.161 [main] INFO  scrips.datamigration.sss.service.SssSecuritiesFileDataService:148 - fieldName  -  COUPON_PAYMENT_FREQUENCY
2023-02-23 11:27:41.161 [main] INFO  scrips.datamigration.sss.service.SssSecuritiesFileDataService:148 - fieldName  -  LAST_COUPON_DATE
2023-02-23 11:27:41.161 [main] INFO  scrips.datamigration.sss.service.SssSecuritiesFileDataService:148 - fieldName  -  NEXT_COUPON_DATE
2023-02-23 11:27:41.161 [main] INFO  scrips.datamigration.sss.service.SssSecuritiesFileDataService:148 - fieldName  -  OPTIONAL_COUPON_DATE
2023-02-23 11:27:41.162 [main] INFO  scrips.datamigration.sss.service.SssSecuritiesFileDataService:148 - fieldName  -  DAYS_OF_ACCRUED_INTEREST
2023-02-23 11:27:41.162 [main] INFO  scrips.datamigration.sss.service.SssSecuritiesFileDataService:148 - fieldName  -  TENURE
2023-02-23 11:27:41.162 [main] INFO  scrips.datamigration.sss.service.SssSecuritiesFileDataService:148 - fieldName  -  AVERAGE_YIELD
2023-02-23 11:27:41.162 [main] INFO  scrips.datamigration.sss.service.SssSecuritiesFileDataService:148 - fieldName  -  CUTOFF_YIELD
2023-02-23 11:27:41.162 [main] INFO  scrips.datamigration.sss.service.SssSecuritiesFileDataService:148 - fieldName  -  AVERAGE_YIELD_PRICE
2023-02-23 11:27:41.162 [main] INFO  scrips.datamigration.sss.service.SssSecuritiesFileDataService:148 - fieldName  -  CUTOFF_YIELD_PRICE
2023-02-23 11:27:41.162 [main] INFO  scrips.datamigration.sss.service.SssSecuritiesFileDataService:148 - fieldName  -  RE_OPENING_MAS_APPLIED_AMOUNT
2023-02-23 11:27:41.162 [main] INFO  scrips.datamigration.sss.service.SssSecuritiesFileDataService:148 - fieldName  -  TOTAL_REDEEMED_AMOUNT
2023-02-23 11:27:41.163 [main] INFO  scrips.datamigration.sss.service.SssSecuritiesFileDataService:148 - fieldName  -  ISIN_SUB_TYPE
2023-02-23 11:27:41.163 [main] INFO  scrips.datamigration.sss.service.SssSecuritiesFileDataService:154 - fileUploadDetails - [scrips.datamigration.fileupload.JpaFileUploadDetails@547a79cd, scrips.datamigration.fileupload.JpaFileUploadDetails@67127bb1, scrips.datamigration.fileupload.JpaFileUploadDetails@25e7e6d, scrips.datamigration.fileupload.JpaFileUploadDetails@54e1e8a7, scrips.datamigration.fileupload.JpaFileUploadDetails@53d257e7, scrips.datamigration.fileupload.JpaFileUploadDetails@276961df, scrips.datamigration.fileupload.JpaFileUploadDetails@56b5de49, scrips.datamigration.fileupload.JpaFileUploadDetails@dcaa0e8, scrips.datamigration.fileupload.JpaFileUploadDetails@4c66b3d9, scrips.datamigration.fileupload.JpaFileUploadDetails@206d4413, scrips.datamigration.fileupload.JpaFileUploadDetails@58d291c1, scrips.datamigration.fileupload.JpaFileUploadDetails@c7a7d3, scrips.datamigration.fileupload.JpaFileUploadDetails@79462469, scrips.datamigration.fileupload.JpaFileUploadDetails@3341ba8e, scrips.datamigration.fileupload.JpaFileUploadDetails@7f5179be, scrips.datamigration.fileupload.JpaFileUploadDetails@4295b0b8, scrips.datamigration.fileupload.JpaFileUploadDetails@ab8b1ef, scrips.datamigration.fileupload.JpaFileUploadDetails@3413effc, scrips.datamigration.fileupload.JpaFileUploadDetails@407bfc49, scrips.datamigration.fileupload.JpaFileUploadDetails@2f84848e, scrips.datamigration.fileupload.JpaFileUploadDetails@607c7f58, scrips.datamigration.fileupload.JpaFileUploadDetails@4bbb00a4, scrips.datamigration.fileupload.JpaFileUploadDetails@543d242e, scrips.datamigration.fileupload.JpaFileUploadDetails@5f967ad3, scrips.datamigration.fileupload.JpaFileUploadDetails@5c1348c6, scrips.datamigration.fileupload.JpaFileUploadDetails@4f3eddc0, scrips.datamigration.fileupload.JpaFileUploadDetails@729f8c5d, scrips.datamigration.fileupload.JpaFileUploadDetails@1e33203f, scrips.datamigration.fileupload.JpaFileUploadDetails@58a01e47, scrips.datamigration.fileupload.JpaFileUploadDetails@6149184e, scrips.datamigration.fileupload.JpaFileUploadDetails@6f3a8d5e, scrips.datamigration.fileupload.JpaFileUploadDetails@680f7a5e, scrips.datamigration.fileupload.JpaFileUploadDetails@3005133e, scrips.datamigration.fileupload.JpaFileUploadDetails@19a7e618, scrips.datamigration.fileupload.JpaFileUploadDetails@22ccd80f, scrips.datamigration.fileupload.JpaFileUploadDetails@31829b82, scrips.datamigration.fileupload.JpaFileUploadDetails@2986e26f, scrips.datamigration.fileupload.JpaFileUploadDetails@fb74661, scrips.datamigration.fileupload.JpaFileUploadDetails@4b7feb38, scrips.datamigration.fileupload.JpaFileUploadDetails@6e04275e, scrips.datamigration.fileupload.JpaFileUploadDetails@700f356b, scrips.datamigration.fileupload.JpaFileUploadDetails@453ef145, scrips.datamigration.fileupload.JpaFileUploadDetails@712ce4f1, scrips.datamigration.fileupload.JpaFileUploadDetails@3edd135d]
2023-02-23 11:27:41.168 [main] INFO  scrips.datamigration.sss.service.SssSecuritiesFileDataService:64 - fileSourceData - ISIN Code;Description;ISIN Type;Issue Code;ISIN Status;Taxable;Tradable;Credit Rating;Eligible for ILF;ILF Haircut Setting;Haircut Percentage for ILF;Maturity Date;Optional Maturity Date;Auction Date;First Issuance Date;First Issuance Amount;Re-Opening - Auction Date;Re-Opening - Allotment Date;Re-Opening - Total Allotment Amount;Total Issued Amount;Outstanding Nominal Amount;Amount Allocated to MAS;Amount Allocated to Others;MAS Applied Amount;Unit Size;Denomination;Currency Code;Redemption Price;Coupon Rate;Ex-date Period;Ex-date;Coupon Payment Frequency;Last Coupon Date;Next Coupon Date;Optional Coupon Date;Days of Accrued Interest;Tenure;Average Yield;Cutoff Yield;Average Yield Price;Cutoff Yield Price;Re-Opening - MAS Applied Amount;Total Redeemed Amount;ISIN Sub Type
2023-02-23 11:27:41.169 [main] INFO  scrips.datamigration.sss.service.SssSecuritiesFileDataService:64 - fileSourceData - BCSISTEST012;99YR BOND 2017 DUE 010199 AUTOSFNP;BN;M1TOSFNP;A;Y;Y;AAA;Y;A;00300000;20240101; ;20171228;20171229;000001000000000;20221026;20221027;000900000000000;000902800000000;000902799998000;000001500000000;000901300000000;000001000000000;1000;000000000001000;SGD;10000000;00120000;3;20230529;S;20221201;20230601;20180601;182;050;00000000;0000;00000000;00000000;000900000000000;000000000002000;NA
2023-02-23 11:27:41.169 [main] INFO  scrips.datamigration.sss.service.SssSecuritiesFileDataService:64 - fileSourceData - BCSISMBIL001;MAS Bill;MB;BN2005M;A;Y;Y;AAA;Y;Y;00100000;20251231; ;20210518;20210519;000000100000000; ; ;000000000000000;000000100000000;000000100000000;000000000900000;000000099100000;000000000100000;1000;000000000001000;SGD;10000000;00000000;0; ;N; ; ; ; ;241;00000000;00012;00000000;00000000;000000000000000;000000000000000;NA
2023-02-23 11:27:41.169 [main] INFO  scrips.datamigration.sss.service.SssSecuritiesFileDataService:64 - fileSourceData - MEPSUAT00016;10YR SBOND 2016 DUE220426 GX16501W;SB;GX16501W;A;Y;N;AAA;N;N;00000000;20231022; ;20160421;20160422;000000000287500; ; ;000000000000000;000000000287500;000000000242500;000000000000000;000000000287500;000000000000000;1000;000000000000500;SGD;10000000;00700000;3;20230419;S;20221022;20230422;20161022; ;010;00000000;1001;00000000;00000000;000000000000000;000000000045000;NA
2023-02-23 11:27:41.169 [main] INFO  scrips.datamigration.sss.service.SssSecuritiesFileDataService:64 - fileSourceData - MEPSUAT00024;10YR SBOND 2016 DUE250426 GX16502N;SB;GX16502N;A;Y;N;AAA;N;N;00000000;20241025; ;20160422;20160425;000000000300000; ; ;000000000000000;000000000300000;000000000170000;000000000000000;000000000300000;000000000000000;1000;000000000000500;SGD;10000000;00293000;3;20230420;S;20221025;20230425;20161025; ;010;00000000;005;00000000;00000000;000000000000000;000000000130000;NA
2023-02-23 11:27:41.169 [main] INFO  scrips.datamigration.sss.service.SssSecuritiesFileDataService:66 - Headings - 1:ISIN_CODE
2023-02-23 11:27:41.169 [main] INFO  scrips.datamigration.sss.service.SssSecuritiesFileDataService:66 - Headings - 2:DESCRIPTION
2023-02-23 11:27:41.169 [main] INFO  scrips.datamigration.sss.service.SssSecuritiesFileDataService:66 - Headings - 3:ISIN_TYPE
2023-02-23 11:27:41.169 [main] INFO  scrips.datamigration.sss.service.SssSecuritiesFileDataService:66 - Headings - 4:ISSUE_CODE
2023-02-23 11:27:41.170 [main] INFO  scrips.datamigration.sss.service.SssSecuritiesFileDataService:66 - Headings - 5:ISIN_STATUS
2023-02-23 11:27:41.170 [main] INFO  scrips.datamigration.sss.service.SssSecuritiesFileDataService:66 - Headings - 6:TAXABLE
2023-02-23 11:27:41.170 [main] INFO  scrips.datamigration.sss.service.SssSecuritiesFileDataService:66 - Headings - 7:TRADABLE
2023-02-23 11:27:41.170 [main] INFO  scrips.datamigration.sss.service.SssSecuritiesFileDataService:66 - Headings - 8:CREDIT_RATING
2023-02-23 11:27:41.170 [main] INFO  scrips.datamigration.sss.service.SssSecuritiesFileDataService:66 - Headings - 9:ELIGIBLE_FOR_ILF
2023-02-23 11:27:41.170 [main] INFO  scrips.datamigration.sss.service.SssSecuritiesFileDataService:66 - Headings - 10:ILF_HAIRCUT_SETTING
2023-02-23 11:27:41.170 [main] INFO  scrips.datamigration.sss.service.SssSecuritiesFileDataService:66 - Headings - 11:HAIRCUT_PERCENTAGE_FOR_ILF
2023-02-23 11:27:41.170 [main] INFO  scrips.datamigration.sss.service.SssSecuritiesFileDataService:66 - Headings - 12:MATURITY_DATE
2023-02-23 11:27:41.170 [main] INFO  scrips.datamigration.sss.service.SssSecuritiesFileDataService:66 - Headings - 13:OPTIONAL_MATURITY_DATE
2023-02-23 11:27:41.171 [main] INFO  scrips.datamigration.sss.service.SssSecuritiesFileDataService:66 - Headings - 14:AUCTION_DATE
2023-02-23 11:27:41.171 [main] INFO  scrips.datamigration.sss.service.SssSecuritiesFileDataService:66 - Headings - 15:FIRST_ISSUANCE_DATE
2023-02-23 11:27:41.171 [main] INFO  scrips.datamigration.sss.service.SssSecuritiesFileDataService:66 - Headings - 16:FIRST_ISSUANCE_AMOUNT
2023-02-23 11:27:41.171 [main] INFO  scrips.datamigration.sss.service.SssSecuritiesFileDataService:66 - Headings - 17:RE_OPENING_AUCTION_DATE
2023-02-23 11:27:41.171 [main] INFO  scrips.datamigration.sss.service.SssSecuritiesFileDataService:66 - Headings - 18:RE_OPENING_ALLOTMENT_DATE
2023-02-23 11:27:41.171 [main] INFO  scrips.datamigration.sss.service.SssSecuritiesFileDataService:66 - Headings - 19:RE_OPENING_TOTAL_ALLOTMENT_AMOUNT
2023-02-23 11:27:41.171 [main] INFO  scrips.datamigration.sss.service.SssSecuritiesFileDataService:66 - Headings - 20:TOTAL_ISSUED_AMOUNT
2023-02-23 11:27:41.171 [main] INFO  scrips.datamigration.sss.service.SssSecuritiesFileDataService:66 - Headings - 21:OUTSTANDING_NOMINAL_AMOUNT
2023-02-23 11:27:41.171 [main] INFO  scrips.datamigration.sss.service.SssSecuritiesFileDataService:66 - Headings - 22:AMOUNT_ALLOCATED_TO_MAS
2023-02-23 11:27:41.172 [main] INFO  scrips.datamigration.sss.service.SssSecuritiesFileDataService:66 - Headings - 23:AMOUNT_ALLOCATED_TO_OTHERS
2023-02-23 11:27:41.172 [main] INFO  scrips.datamigration.sss.service.SssSecuritiesFileDataService:66 - Headings - 24:MAS_APPLIED_AMOUNT
2023-02-23 11:27:41.172 [main] INFO  scrips.datamigration.sss.service.SssSecuritiesFileDataService:66 - Headings - 25:UNIT_SIZE
2023-02-23 11:27:41.172 [main] INFO  scrips.datamigration.sss.service.SssSecuritiesFileDataService:66 - Headings - 26:DENOMINATION
2023-02-23 11:27:41.172 [main] INFO  scrips.datamigration.sss.service.SssSecuritiesFileDataService:66 - Headings - 27:CURRENCY_CODE
2023-02-23 11:27:41.172 [main] INFO  scrips.datamigration.sss.service.SssSecuritiesFileDataService:66 - Headings - 28:REDEMPTION_PRICE
2023-02-23 11:27:41.173 [main] INFO  scrips.datamigration.sss.service.SssSecuritiesFileDataService:66 - Headings - 29:COUPON_RATE
2023-02-23 11:27:41.173 [main] INFO  scrips.datamigration.sss.service.SssSecuritiesFileDataService:66 - Headings - 30:EX_DATE_PERIOD
2023-02-23 11:27:41.173 [main] INFO  scrips.datamigration.sss.service.SssSecuritiesFileDataService:66 - Headings - 31:EX_DATE
2023-02-23 11:27:41.174 [main] INFO  scrips.datamigration.sss.service.SssSecuritiesFileDataService:66 - Headings - 32:COUPON_PAYMENT_FREQUENCY
2023-02-23 11:27:41.174 [main] INFO  scrips.datamigration.sss.service.SssSecuritiesFileDataService:66 - Headings - 33:LAST_COUPON_DATE
2023-02-23 11:27:41.174 [main] INFO  scrips.datamigration.sss.service.SssSecuritiesFileDataService:66 - Headings - 34:NEXT_COUPON_DATE
2023-02-23 11:27:41.175 [main] INFO  scrips.datamigration.sss.service.SssSecuritiesFileDataService:66 - Headings - 35:OPTIONAL_COUPON_DATE
2023-02-23 11:27:41.175 [main] INFO  scrips.datamigration.sss.service.SssSecuritiesFileDataService:66 - Headings - 36:DAYS_OF_ACCRUED_INTEREST
2023-02-23 11:27:41.175 [main] INFO  scrips.datamigration.sss.service.SssSecuritiesFileDataService:66 - Headings - 37:TENURE
2023-02-23 11:27:41.178 [main] INFO  scrips.datamigration.sss.service.SssSecuritiesFileDataService:66 - Headings - 38:AVERAGE_YIELD
2023-02-23 11:27:41.179 [main] INFO  scrips.datamigration.sss.service.SssSecuritiesFileDataService:66 - Headings - 39:CUTOFF_YIELD
2023-02-23 11:27:41.179 [main] INFO  scrips.datamigration.sss.service.SssSecuritiesFileDataService:66 - Headings - 40:AVERAGE_YIELD_PRICE
2023-02-23 11:27:41.179 [main] INFO  scrips.datamigration.sss.service.SssSecuritiesFileDataService:66 - Headings - 41:CUTOFF_YIELD_PRICE
2023-02-23 11:27:41.179 [main] INFO  scrips.datamigration.sss.service.SssSecuritiesFileDataService:66 - Headings - 42:RE_OPENING_MAS_APPLIED_AMOUNT
2023-02-23 11:27:41.180 [main] INFO  scrips.datamigration.sss.service.SssSecuritiesFileDataService:66 - Headings - 43:TOTAL_REDEEMED_AMOUNT
2023-02-23 11:27:41.180 [main] INFO  scrips.datamigration.sss.service.SssSecuritiesFileDataService:66 - Headings - 44:ISIN_SUB_TYPE
2023-02-23 11:27:41.182 [main] INFO  scrips.datamigration.sss.service.SssSecuritiesFileDataService:218 - Total records in File: {}5
2023-02-23 11:27:41.183 [main] INFO  scrips.datamigration.controller.ScripsFileUploadController:154 - fileRecords - BCSISTEST012;000902799998000;000902799998000;ALLOTEST1
2023-02-23 11:27:41.183 [main] INFO  scrips.datamigration.controller.ScripsFileUploadController:154 - fileRecords - BCSISMBIL001;000000100000000;000000100000000;ALLOTEST1
2023-02-23 11:27:41.183 [main] INFO  scrips.datamigration.controller.ScripsFileUploadController:154 - fileRecords - MEPSUAT00016;000000000242500;000000000242500;ALLOTEST1
2023-02-23 11:27:41.183 [main] INFO  scrips.datamigration.controller.ScripsFileUploadController:154 - fileRecords - MEPSUAT00024;000000000170000;000000000170000;ALLOTEST1
2023-02-23 11:27:41.184 [main] INFO  scrips.datamigration.controller.ScripsFileUploadController:156 - 1:securities_code
2023-02-23 11:27:41.184 [main] INFO  scrips.datamigration.controller.ScripsFileUploadController:156 - 2:opening_nominal_amount
2023-02-23 11:27:41.184 [main] INFO  scrips.datamigration.controller.ScripsFileUploadController:156 - 3:closing_nominal_amount
2023-02-23 11:27:41.184 [main] INFO  scrips.datamigration.controller.ScripsFileUploadController:156 - 4:account_id
2023-02-23 11:27:41.188 [main] INFO  scrips.datamigration.sss.service.SssSecuritiesPositionStatsService:104 - Total records in File: {}4
2023-02-23 11:27:41.212 [main] DEBUG org.hibernate.SQL:128 - insert into securities_position_stats_source (account_id, cancelled_amount, cancelled_count, closing_nominal_amount, id, migrated_date, opening_nominal_amount, queued_amount, queued_count, receipt_amount, receipt_count, rejected_amount, rejected_count, remarks, securities_code, settled_amount, settled_count, value_date) values (?, ?, ?, ?, ?, ?, ?, ?, ?, ?, ?, ?, ?, ?, ?, ?, ?, ?)
2023-02-23 11:27:41.259 [main] DEBUG org.hibernate.SQL:128 - select jpassssecu0_.securities_code as securiti1_38_, jpassssecu0_.action as action2_38_, jpassssecu0_.approval_remark as approval3_38_, jpassssecu0_.approved_by as approved4_38_, jpassssecu0_.approved_date as approved5_38_, jpassssecu0_.average_yield as average_6_38_, jpassssecu0_.benchmark_indicator as benchmar7_38_, jpassssecu0_.central_bank_applied_amount as central_8_38_, jpassssecu0_.coupon_payment_frequency as coupon_p9_38_, jpassssecu0_.coupon_rate as coupon_10_38_, jpassssecu0_.coupon_structure as coupon_11_38_, jpassssecu0_.created_date as created12_38_, jpassssecu0_.currency_code as currenc13_38_, jpassssecu0_.day_count_convention as day_cou14_38_, jpassssecu0_.denomination as denomin15_38_, jpassssecu0_.description as descrip16_38_, jpassssecu0_.effective_date as effecti17_38_, jpassssecu0_.facility_eligibility_id as facilit18_38_, jpassssecu0_.first_auction_date as first_a19_38_, jpassssecu0_.first_coupon_date as first_c20_38_, jpassssecu0_.first_issuance_amount as first_i21_38_, jpassssecu0_.first_issuance_date as first_i22_38_, jpassssecu0_.haircut_id as haircut23_38_, jpassssecu0_.ipa as ipa24_38_, jpassssecu0_.issue_code as issue_c25_38_, jpassssecu0_.issue_price as issue_p26_38_, jpassssecu0_.issue_yield as issue_y27_38_, jpassssecu0_.issuer_id as issuer_28_38_, jpassssecu0_.modified_by as modifie29_38_, jpassssecu0_.modified_date as modifie30_38_, jpassssecu0_.optional_redemption_date as optiona31_38_, jpassssecu0_.optional_redemption_price as optiona32_38_, jpassssecu0_.record_date_period as record_33_38_, jpassssecu0_.redemption_date as redempt34_38_, jpassssecu0_.redemption_price as redempt35_38_, jpassssecu0_.redemption_reimburse as redempt36_38_, jpassssecu0_.rounding_option as roundin37_38_, jpassssecu0_.securities_status as securit38_38_, jpassssecu0_.securities_tenor_period_unit as securit39_38_, jpassssecu0_.securities_type_id as securit40_38_, jpassssecu0_.status as status41_38_, jpassssecu0_.tax_scheme_id as tax_sch42_38_, jpassssecu0_.tenor_period as tenor_p43_38_, jpassssecu0_.tradable as tradabl44_38_, jpassssecu0_.workflow_status_id as workflo45_38_ from securities_code jpassssecu0_ where jpassssecu0_.securities_code=?
2023-02-23 11:27:41.267 [main] DEBUG org.hibernate.SQL:128 - select jpasssacco0_.id as id1_0_, jpasssacco0_.account_id as account_2_0_, jpasssacco0_.account_status as account_3_0_, jpasssacco0_.action as action4_0_, jpasssacco0_.approval_remark as approval5_0_, jpasssacco0_.approved_by as approved6_0_, jpasssacco0_.approved_date as approved7_0_, jpasssacco0_.corporate_investor as corporat8_0_, jpasssacco0_.created_date as created_9_0_, jpasssacco0_.custody_account_type_id as custody10_0_, jpasssacco0_.description as descrip11_0_, jpasssacco0_.effective_date as effecti12_0_, jpasssacco0_.member_id as member_13_0_, jpasssacco0_.modified_by as modifie14_0_, jpasssacco0_.modified_date as modifie15_0_, jpasssacco0_.statement_delivery_bic as stateme16_0_, jpasssacco0_.status as status17_0_, jpasssacco0_.tax_profile_id as tax_pro18_0_, jpasssacco0_.workflow_status_id as workflo19_0_ from account jpasssacco0_ where jpasssacco0_.account_id=?
2023-02-23 11:27:41.282 [main] DEBUG org.hibernate.SQL:128 - select jpassssecu0_.id as id1_48_0_, jpassssecu0_.account_id as account_2_48_0_, jpassssecu0_.cancelled_amount as cancelle3_48_0_, jpassssecu0_.cancelled_count as cancelle4_48_0_, jpassssecu0_.closing_nominal_amount as closing_5_48_0_, jpassssecu0_.migrated_date as migrated6_48_0_, jpassssecu0_.opening_nominal_amount as opening_7_48_0_, jpassssecu0_.queued_amount as queued_a8_48_0_, jpassssecu0_.queued_count as queued_c9_48_0_, jpassssecu0_.receipt_amount as receipt10_48_0_, jpassssecu0_.receipt_count as receipt11_48_0_, jpassssecu0_.rejected_amount as rejecte12_48_0_, jpassssecu0_.rejected_count as rejecte13_48_0_, jpassssecu0_.remarks as remarks14_48_0_, jpassssecu0_.securities_code as securit15_48_0_, jpassssecu0_.settled_amount as settled16_48_0_, jpassssecu0_.settled_count as settled17_48_0_, jpassssecu0_.value_date as value_d18_48_0_ from securities_position_stats_temp jpassssecu0_ where jpassssecu0_.id=?
2023-02-23 11:27:41.295 [main] DEBUG org.hibernate.SQL:128 - insert into securities_position_stats_temp (account_id, cancelled_amount, cancelled_count, closing_nominal_amount, migrated_date, opening_nominal_amount, queued_amount, queued_count, receipt_amount, receipt_count, rejected_amount, rejected_count, remarks, securities_code, settled_amount, settled_count, value_date, id) values (?, ?, ?, ?, ?, ?, ?, ?, ?, ?, ?, ?, ?, ?, ?, ?, ?, ?)
2023-02-23 11:27:41.307 [main] DEBUG org.hibernate.SQL:128 - insert into securities_position_stats_source (account_id, cancelled_amount, cancelled_count, closing_nominal_amount, id, migrated_date, opening_nominal_amount, queued_amount, queued_count, receipt_amount, receipt_count, rejected_amount, rejected_count, remarks, securities_code, settled_amount, settled_count, value_date) values (?, ?, ?, ?, ?, ?, ?, ?, ?, ?, ?, ?, ?, ?, ?, ?, ?, ?)
2023-02-23 11:27:41.321 [main] DEBUG org.hibernate.SQL:128 - select jpassssecu0_.securities_code as securiti1_38_, jpassssecu0_.action as action2_38_, jpassssecu0_.approval_remark as approval3_38_, jpassssecu0_.approved_by as approved4_38_, jpassssecu0_.approved_date as approved5_38_, jpassssecu0_.average_yield as average_6_38_, jpassssecu0_.benchmark_indicator as benchmar7_38_, jpassssecu0_.central_bank_applied_amount as central_8_38_, jpassssecu0_.coupon_payment_frequency as coupon_p9_38_, jpassssecu0_.coupon_rate as coupon_10_38_, jpassssecu0_.coupon_structure as coupon_11_38_, jpassssecu0_.created_date as created12_38_, jpassssecu0_.currency_code as currenc13_38_, jpassssecu0_.day_count_convention as day_cou14_38_, jpassssecu0_.denomination as denomin15_38_, jpassssecu0_.description as descrip16_38_, jpassssecu0_.effective_date as effecti17_38_, jpassssecu0_.facility_eligibility_id as facilit18_38_, jpassssecu0_.first_auction_date as first_a19_38_, jpassssecu0_.first_coupon_date as first_c20_38_, jpassssecu0_.first_issuance_amount as first_i21_38_, jpassssecu0_.first_issuance_date as first_i22_38_, jpassssecu0_.haircut_id as haircut23_38_, jpassssecu0_.ipa as ipa24_38_, jpassssecu0_.issue_code as issue_c25_38_, jpassssecu0_.issue_price as issue_p26_38_, jpassssecu0_.issue_yield as issue_y27_38_, jpassssecu0_.issuer_id as issuer_28_38_, jpassssecu0_.modified_by as modifie29_38_, jpassssecu0_.modified_date as modifie30_38_, jpassssecu0_.optional_redemption_date as optiona31_38_, jpassssecu0_.optional_redemption_price as optiona32_38_, jpassssecu0_.record_date_period as record_33_38_, jpassssecu0_.redemption_date as redempt34_38_, jpassssecu0_.redemption_price as redempt35_38_, jpassssecu0_.redemption_reimburse as redempt36_38_, jpassssecu0_.rounding_option as roundin37_38_, jpassssecu0_.securities_status as securit38_38_, jpassssecu0_.securities_tenor_period_unit as securit39_38_, jpassssecu0_.securities_type_id as securit40_38_, jpassssecu0_.status as status41_38_, jpassssecu0_.tax_scheme_id as tax_sch42_38_, jpassssecu0_.tenor_period as tenor_p43_38_, jpassssecu0_.tradable as tradabl44_38_, jpassssecu0_.workflow_status_id as workflo45_38_ from securities_code jpassssecu0_ where jpassssecu0_.securities_code=?
2023-02-23 11:27:41.325 [main] DEBUG org.hibernate.SQL:128 - select jpasssacco0_.id as id1_0_, jpasssacco0_.account_id as account_2_0_, jpasssacco0_.account_status as account_3_0_, jpasssacco0_.action as action4_0_, jpasssacco0_.approval_remark as approval5_0_, jpasssacco0_.approved_by as approved6_0_, jpasssacco0_.approved_date as approved7_0_, jpasssacco0_.corporate_investor as corporat8_0_, jpasssacco0_.created_date as created_9_0_, jpasssacco0_.custody_account_type_id as custody10_0_, jpasssacco0_.description as descrip11_0_, jpasssacco0_.effective_date as effecti12_0_, jpasssacco0_.member_id as member_13_0_, jpasssacco0_.modified_by as modifie14_0_, jpasssacco0_.modified_date as modifie15_0_, jpasssacco0_.statement_delivery_bic as stateme16_0_, jpasssacco0_.status as status17_0_, jpasssacco0_.tax_profile_id as tax_pro18_0_, jpasssacco0_.workflow_status_id as workflo19_0_ from account jpasssacco0_ where jpasssacco0_.account_id=?
2023-02-23 11:27:41.328 [main] DEBUG org.hibernate.SQL:128 - select jpassssecu0_.id as id1_48_0_, jpassssecu0_.account_id as account_2_48_0_, jpassssecu0_.cancelled_amount as cancelle3_48_0_, jpassssecu0_.cancelled_count as cancelle4_48_0_, jpassssecu0_.closing_nominal_amount as closing_5_48_0_, jpassssecu0_.migrated_date as migrated6_48_0_, jpassssecu0_.opening_nominal_amount as opening_7_48_0_, jpassssecu0_.queued_amount as queued_a8_48_0_, jpassssecu0_.queued_count as queued_c9_48_0_, jpassssecu0_.receipt_amount as receipt10_48_0_, jpassssecu0_.receipt_count as receipt11_48_0_, jpassssecu0_.rejected_amount as rejecte12_48_0_, jpassssecu0_.rejected_count as rejecte13_48_0_, jpassssecu0_.remarks as remarks14_48_0_, jpassssecu0_.securities_code as securit15_48_0_, jpassssecu0_.settled_amount as settled16_48_0_, jpassssecu0_.settled_count as settled17_48_0_, jpassssecu0_.value_date as value_d18_48_0_ from securities_position_stats_temp jpassssecu0_ where jpassssecu0_.id=?
2023-02-23 11:27:41.330 [main] DEBUG org.hibernate.SQL:128 - insert into securities_position_stats_temp (account_id, cancelled_amount, cancelled_count, closing_nominal_amount, migrated_date, opening_nominal_amount, queued_amount, queued_count, receipt_amount, receipt_count, rejected_amount, rejected_count, remarks, securities_code, settled_amount, settled_count, value_date, id) values (?, ?, ?, ?, ?, ?, ?, ?, ?, ?, ?, ?, ?, ?, ?, ?, ?, ?)
2023-02-23 11:27:41.341 [main] DEBUG org.hibernate.SQL:128 - insert into securities_position_stats_source (account_id, cancelled_amount, cancelled_count, closing_nominal_amount, id, migrated_date, opening_nominal_amount, queued_amount, queued_count, receipt_amount, receipt_count, rejected_amount, rejected_count, remarks, securities_code, settled_amount, settled_count, value_date) values (?, ?, ?, ?, ?, ?, ?, ?, ?, ?, ?, ?, ?, ?, ?, ?, ?, ?)
2023-02-23 11:27:41.350 [main] DEBUG org.hibernate.SQL:128 - select jpassssecu0_.securities_code as securiti1_38_, jpassssecu0_.action as action2_38_, jpassssecu0_.approval_remark as approval3_38_, jpassssecu0_.approved_by as approved4_38_, jpassssecu0_.approved_date as approved5_38_, jpassssecu0_.average_yield as average_6_38_, jpassssecu0_.benchmark_indicator as benchmar7_38_, jpassssecu0_.central_bank_applied_amount as central_8_38_, jpassssecu0_.coupon_payment_frequency as coupon_p9_38_, jpassssecu0_.coupon_rate as coupon_10_38_, jpassssecu0_.coupon_structure as coupon_11_38_, jpassssecu0_.created_date as created12_38_, jpassssecu0_.currency_code as currenc13_38_, jpassssecu0_.day_count_convention as day_cou14_38_, jpassssecu0_.denomination as denomin15_38_, jpassssecu0_.description as descrip16_38_, jpassssecu0_.effective_date as effecti17_38_, jpassssecu0_.facility_eligibility_id as facilit18_38_, jpassssecu0_.first_auction_date as first_a19_38_, jpassssecu0_.first_coupon_date as first_c20_38_, jpassssecu0_.first_issuance_amount as first_i21_38_, jpassssecu0_.first_issuance_date as first_i22_38_, jpassssecu0_.haircut_id as haircut23_38_, jpassssecu0_.ipa as ipa24_38_, jpassssecu0_.issue_code as issue_c25_38_, jpassssecu0_.issue_price as issue_p26_38_, jpassssecu0_.issue_yield as issue_y27_38_, jpassssecu0_.issuer_id as issuer_28_38_, jpassssecu0_.modified_by as modifie29_38_, jpassssecu0_.modified_date as modifie30_38_, jpassssecu0_.optional_redemption_date as optiona31_38_, jpassssecu0_.optional_redemption_price as optiona32_38_, jpassssecu0_.record_date_period as record_33_38_, jpassssecu0_.redemption_date as redempt34_38_, jpassssecu0_.redemption_price as redempt35_38_, jpassssecu0_.redemption_reimburse as redempt36_38_, jpassssecu0_.rounding_option as roundin37_38_, jpassssecu0_.securities_status as securit38_38_, jpassssecu0_.securities_tenor_period_unit as securit39_38_, jpassssecu0_.securities_type_id as securit40_38_, jpassssecu0_.status as status41_38_, jpassssecu0_.tax_scheme_id as tax_sch42_38_, jpassssecu0_.tenor_period as tenor_p43_38_, jpassssecu0_.tradable as tradabl44_38_, jpassssecu0_.workflow_status_id as workflo45_38_ from securities_code jpassssecu0_ where jpassssecu0_.securities_code=?
2023-02-23 11:27:41.354 [main] DEBUG org.hibernate.SQL:128 - select jpasssacco0_.id as id1_0_, jpasssacco0_.account_id as account_2_0_, jpasssacco0_.account_status as account_3_0_, jpasssacco0_.action as action4_0_, jpasssacco0_.approval_remark as approval5_0_, jpasssacco0_.approved_by as approved6_0_, jpasssacco0_.approved_date as approved7_0_, jpasssacco0_.corporate_investor as corporat8_0_, jpasssacco0_.created_date as created_9_0_, jpasssacco0_.custody_account_type_id as custody10_0_, jpasssacco0_.description as descrip11_0_, jpasssacco0_.effective_date as effecti12_0_, jpasssacco0_.member_id as member_13_0_, jpasssacco0_.modified_by as modifie14_0_, jpasssacco0_.modified_date as modifie15_0_, jpasssacco0_.statement_delivery_bic as stateme16_0_, jpasssacco0_.status as status17_0_, jpasssacco0_.tax_profile_id as tax_pro18_0_, jpasssacco0_.workflow_status_id as workflo19_0_ from account jpasssacco0_ where jpasssacco0_.account_id=?
2023-02-23 11:27:41.358 [main] DEBUG org.hibernate.SQL:128 - select jpassssecu0_.id as id1_48_0_, jpassssecu0_.account_id as account_2_48_0_, jpassssecu0_.cancelled_amount as cancelle3_48_0_, jpassssecu0_.cancelled_count as cancelle4_48_0_, jpassssecu0_.closing_nominal_amount as closing_5_48_0_, jpassssecu0_.migrated_date as migrated6_48_0_, jpassssecu0_.opening_nominal_amount as opening_7_48_0_, jpassssecu0_.queued_amount as queued_a8_48_0_, jpassssecu0_.queued_count as queued_c9_48_0_, jpassssecu0_.receipt_amount as receipt10_48_0_, jpassssecu0_.receipt_count as receipt11_48_0_, jpassssecu0_.rejected_amount as rejecte12_48_0_, jpassssecu0_.rejected_count as rejecte13_48_0_, jpassssecu0_.remarks as remarks14_48_0_, jpassssecu0_.securities_code as securit15_48_0_, jpassssecu0_.settled_amount as settled16_48_0_, jpassssecu0_.settled_count as settled17_48_0_, jpassssecu0_.value_date as value_d18_48_0_ from securities_position_stats_temp jpassssecu0_ where jpassssecu0_.id=?
2023-02-23 11:27:41.360 [main] DEBUG org.hibernate.SQL:128 - insert into securities_position_stats_temp (account_id, cancelled_amount, cancelled_count, closing_nominal_amount, migrated_date, opening_nominal_amount, queued_amount, queued_count, receipt_amount, receipt_count, rejected_amount, rejected_count, remarks, securities_code, settled_amount, settled_count, value_date, id) values (?, ?, ?, ?, ?, ?, ?, ?, ?, ?, ?, ?, ?, ?, ?, ?, ?, ?)
2023-02-23 11:27:41.371 [main] DEBUG org.hibernate.SQL:128 - insert into securities_position_stats_source (account_id, cancelled_amount, cancelled_count, closing_nominal_amount, id, migrated_date, opening_nominal_amount, queued_amount, queued_count, receipt_amount, receipt_count, rejected_amount, rejected_count, remarks, securities_code, settled_amount, settled_count, value_date) values (?, ?, ?, ?, ?, ?, ?, ?, ?, ?, ?, ?, ?, ?, ?, ?, ?, ?)
2023-02-23 11:27:41.379 [main] DEBUG org.hibernate.SQL:128 - select jpassssecu0_.securities_code as securiti1_38_, jpassssecu0_.action as action2_38_, jpassssecu0_.approval_remark as approval3_38_, jpassssecu0_.approved_by as approved4_38_, jpassssecu0_.approved_date as approved5_38_, jpassssecu0_.average_yield as average_6_38_, jpassssecu0_.benchmark_indicator as benchmar7_38_, jpassssecu0_.central_bank_applied_amount as central_8_38_, jpassssecu0_.coupon_payment_frequency as coupon_p9_38_, jpassssecu0_.coupon_rate as coupon_10_38_, jpassssecu0_.coupon_structure as coupon_11_38_, jpassssecu0_.created_date as created12_38_, jpassssecu0_.currency_code as currenc13_38_, jpassssecu0_.day_count_convention as day_cou14_38_, jpassssecu0_.denomination as denomin15_38_, jpassssecu0_.description as descrip16_38_, jpassssecu0_.effective_date as effecti17_38_, jpassssecu0_.facility_eligibility_id as facilit18_38_, jpassssecu0_.first_auction_date as first_a19_38_, jpassssecu0_.first_coupon_date as first_c20_38_, jpassssecu0_.first_issuance_amount as first_i21_38_, jpassssecu0_.first_issuance_date as first_i22_38_, jpassssecu0_.haircut_id as haircut23_38_, jpassssecu0_.ipa as ipa24_38_, jpassssecu0_.issue_code as issue_c25_38_, jpassssecu0_.issue_price as issue_p26_38_, jpassssecu0_.issue_yield as issue_y27_38_, jpassssecu0_.issuer_id as issuer_28_38_, jpassssecu0_.modified_by as modifie29_38_, jpassssecu0_.modified_date as modifie30_38_, jpassssecu0_.optional_redemption_date as optiona31_38_, jpassssecu0_.optional_redemption_price as optiona32_38_, jpassssecu0_.record_date_period as record_33_38_, jpassssecu0_.redemption_date as redempt34_38_, jpassssecu0_.redemption_price as redempt35_38_, jpassssecu0_.redemption_reimburse as redempt36_38_, jpassssecu0_.rounding_option as roundin37_38_, jpassssecu0_.securities_status as securit38_38_, jpassssecu0_.securities_tenor_period_unit as securit39_38_, jpassssecu0_.securities_type_id as securit40_38_, jpassssecu0_.status as status41_38_, jpassssecu0_.tax_scheme_id as tax_sch42_38_, jpassssecu0_.tenor_period as tenor_p43_38_, jpassssecu0_.tradable as tradabl44_38_, jpassssecu0_.workflow_status_id as workflo45_38_ from securities_code jpassssecu0_ where jpassssecu0_.securities_code=?
2023-02-23 11:27:41.382 [main] DEBUG org.hibernate.SQL:128 - select jpasssacco0_.id as id1_0_, jpasssacco0_.account_id as account_2_0_, jpasssacco0_.account_status as account_3_0_, jpasssacco0_.action as action4_0_, jpasssacco0_.approval_remark as approval5_0_, jpasssacco0_.approved_by as approved6_0_, jpasssacco0_.approved_date as approved7_0_, jpasssacco0_.corporate_investor as corporat8_0_, jpasssacco0_.created_date as created_9_0_, jpasssacco0_.custody_account_type_id as custody10_0_, jpasssacco0_.description as descrip11_0_, jpasssacco0_.effective_date as effecti12_0_, jpasssacco0_.member_id as member_13_0_, jpasssacco0_.modified_by as modifie14_0_, jpasssacco0_.modified_date as modifie15_0_, jpasssacco0_.statement_delivery_bic as stateme16_0_, jpasssacco0_.status as status17_0_, jpasssacco0_.tax_profile_id as tax_pro18_0_, jpasssacco0_.workflow_status_id as workflo19_0_ from account jpasssacco0_ where jpasssacco0_.account_id=?
2023-02-23 11:27:41.385 [main] DEBUG org.hibernate.SQL:128 - select jpassssecu0_.id as id1_48_0_, jpassssecu0_.account_id as account_2_48_0_, jpassssecu0_.cancelled_amount as cancelle3_48_0_, jpassssecu0_.cancelled_count as cancelle4_48_0_, jpassssecu0_.closing_nominal_amount as closing_5_48_0_, jpassssecu0_.migrated_date as migrated6_48_0_, jpassssecu0_.opening_nominal_amount as opening_7_48_0_, jpassssecu0_.queued_amount as queued_a8_48_0_, jpassssecu0_.queued_count as queued_c9_48_0_, jpassssecu0_.receipt_amount as receipt10_48_0_, jpassssecu0_.receipt_count as receipt11_48_0_, jpassssecu0_.rejected_amount as rejecte12_48_0_, jpassssecu0_.rejected_count as rejecte13_48_0_, jpassssecu0_.remarks as remarks14_48_0_, jpassssecu0_.securities_code as securit15_48_0_, jpassssecu0_.settled_amount as settled16_48_0_, jpassssecu0_.settled_count as settled17_48_0_, jpassssecu0_.value_date as value_d18_48_0_ from securities_position_stats_temp jpassssecu0_ where jpassssecu0_.id=?
2023-02-23 11:27:41.386 [main] DEBUG org.hibernate.SQL:128 - insert into securities_position_stats_temp (account_id, cancelled_amount, cancelled_count, closing_nominal_amount, migrated_date, opening_nominal_amount, queued_amount, queued_count, receipt_amount, receipt_count, rejected_amount, rejected_count, remarks, securities_code, settled_amount, settled_count, value_date, id) values (?, ?, ?, ?, ?, ?, ?, ?, ?, ?, ?, ?, ?, ?, ?, ?, ?, ?)
2023-02-23 11:27:41.530 [main] DEBUG org.hibernate.SQL:128 - select jpassssecu0_.account_id as account_1_46_0_, jpassssecu0_.securities_code as securiti2_46_0_, jpassssecu0_.value_date as value_da3_46_0_, jpassssecu0_.cancelled_amount as cancelle4_46_0_, jpassssecu0_.cancelled_count as cancelle5_46_0_, jpassssecu0_.closing_nominal_amount as closing_6_46_0_, jpassssecu0_.opening_nominal_amount as opening_7_46_0_, jpassssecu0_.queued_amount as queued_a8_46_0_, jpassssecu0_.queued_count as queued_c9_46_0_, jpassssecu0_.receipt_amount as receipt10_46_0_, jpassssecu0_.receipt_count as receipt11_46_0_, jpassssecu0_.rejected_amount as rejecte12_46_0_, jpassssecu0_.rejected_count as rejecte13_46_0_, jpassssecu0_.settled_amount as settled14_46_0_, jpassssecu0_.settled_count as settled15_46_0_ from securities_position_stats jpassssecu0_ where jpassssecu0_.account_id=? and jpassssecu0_.securities_code=? and jpassssecu0_.value_date=?
2023-02-23 11:27:41.533 [main] DEBUG org.hibernate.SQL:128 - insert into securities_position_stats (cancelled_amount, cancelled_count, closing_nominal_amount, opening_nominal_amount, queued_amount, queued_count, receipt_amount, receipt_count, rejected_amount, rejected_count, settled_amount, settled_count, account_id, securities_code, value_date) values (?, ?, ?, ?, ?, ?, ?, ?, ?, ?, ?, ?, ?, ?, ?)
2023-02-23 11:27:41.610 [main] DEBUG org.hibernate.SQL:128 - select jpassssecu0_.account_id as account_1_46_0_, jpassssecu0_.securities_code as securiti2_46_0_, jpassssecu0_.value_date as value_da3_46_0_, jpassssecu0_.cancelled_amount as cancelle4_46_0_, jpassssecu0_.cancelled_count as cancelle5_46_0_, jpassssecu0_.closing_nominal_amount as closing_6_46_0_, jpassssecu0_.opening_nominal_amount as opening_7_46_0_, jpassssecu0_.queued_amount as queued_a8_46_0_, jpassssecu0_.queued_count as queued_c9_46_0_, jpassssecu0_.receipt_amount as receipt10_46_0_, jpassssecu0_.receipt_count as receipt11_46_0_, jpassssecu0_.rejected_amount as rejecte12_46_0_, jpassssecu0_.rejected_count as rejecte13_46_0_, jpassssecu0_.settled_amount as settled14_46_0_, jpassssecu0_.settled_count as settled15_46_0_ from securities_position_stats jpassssecu0_ where jpassssecu0_.account_id=? and jpassssecu0_.securities_code=? and jpassssecu0_.value_date=?
2023-02-23 11:27:41.612 [main] DEBUG org.hibernate.SQL:128 - insert into securities_position_stats (cancelled_amount, cancelled_count, closing_nominal_amount, opening_nominal_amount, queued_amount, queued_count, receipt_amount, receipt_count, rejected_amount, rejected_count, settled_amount, settled_count, account_id, securities_code, value_date) values (?, ?, ?, ?, ?, ?, ?, ?, ?, ?, ?, ?, ?, ?, ?)
2023-02-23 11:27:41.685 [main] DEBUG org.hibernate.SQL:128 - select jpassssecu0_.account_id as account_1_46_0_, jpassssecu0_.securities_code as securiti2_46_0_, jpassssecu0_.value_date as value_da3_46_0_, jpassssecu0_.cancelled_amount as cancelle4_46_0_, jpassssecu0_.cancelled_count as cancelle5_46_0_, jpassssecu0_.closing_nominal_amount as closing_6_46_0_, jpassssecu0_.opening_nominal_amount as opening_7_46_0_, jpassssecu0_.queued_amount as queued_a8_46_0_, jpassssecu0_.queued_count as queued_c9_46_0_, jpassssecu0_.receipt_amount as receipt10_46_0_, jpassssecu0_.receipt_count as receipt11_46_0_, jpassssecu0_.rejected_amount as rejecte12_46_0_, jpassssecu0_.rejected_count as rejecte13_46_0_, jpassssecu0_.settled_amount as settled14_46_0_, jpassssecu0_.settled_count as settled15_46_0_ from securities_position_stats jpassssecu0_ where jpassssecu0_.account_id=? and jpassssecu0_.securities_code=? and jpassssecu0_.value_date=?
2023-02-23 11:27:41.687 [main] DEBUG org.hibernate.SQL:128 - insert into securities_position_stats (cancelled_amount, cancelled_count, closing_nominal_amount, opening_nominal_amount, queued_amount, queued_count, receipt_amount, receipt_count, rejected_amount, rejected_count, settled_amount, settled_count, account_id, securities_code, value_date) values (?, ?, ?, ?, ?, ?, ?, ?, ?, ?, ?, ?, ?, ?, ?)
2023-02-23 11:27:41.761 [main] DEBUG org.hibernate.SQL:128 - select jpassssecu0_.account_id as account_1_46_0_, jpassssecu0_.securities_code as securiti2_46_0_, jpassssecu0_.value_date as value_da3_46_0_, jpassssecu0_.cancelled_amount as cancelle4_46_0_, jpassssecu0_.cancelled_count as cancelle5_46_0_, jpassssecu0_.closing_nominal_amount as closing_6_46_0_, jpassssecu0_.opening_nominal_amount as opening_7_46_0_, jpassssecu0_.queued_amount as queued_a8_46_0_, jpassssecu0_.queued_count as queued_c9_46_0_, jpassssecu0_.receipt_amount as receipt10_46_0_, jpassssecu0_.receipt_count as receipt11_46_0_, jpassssecu0_.rejected_amount as rejecte12_46_0_, jpassssecu0_.rejected_count as rejecte13_46_0_, jpassssecu0_.settled_amount as settled14_46_0_, jpassssecu0_.settled_count as settled15_46_0_ from securities_position_stats jpassssecu0_ where jpassssecu0_.account_id=? and jpassssecu0_.securities_code=? and jpassssecu0_.value_date=?
2023-02-23 11:27:41.762 [main] DEBUG org.hibernate.SQL:128 - insert into securities_position_stats (cancelled_amount, cancelled_count, closing_nominal_amount, opening_nominal_amount, queued_amount, queued_count, receipt_amount, receipt_count, rejected_amount, rejected_count, settled_amount, settled_count, account_id, securities_code, value_date) values (?, ?, ?, ?, ?, ?, ?, ?, ?, ?, ?, ?, ?, ?, ?)
2023-02-23 11:27:41.772 [main] INFO  scrips.datamigration.common.service.FkChecksEnableDisable:23 - enable FkChecks called
2023-02-23 11:27:41.773 [main] DEBUG org.hibernate.SQL:128 - SET FOREIGN_KEY_CHECKS = 1
2023-02-23 11:27:41.774 [main] INFO  scrips.datamigration.common.service.FkChecksEnableDisable:25 - enable FkChecks done
2023-02-23 11:27:41.776 [main] DEBUG org.hibernate.SQL:128 - SELECT @@GLOBAL.foreign_key_checks, @@SESSION.foreign_key_checks
2023-02-23 11:27:41.778 [main] INFO  scrips.datamigration.common.service.FkChecksEnableDisable:52 - foreign_key_checks status - 1
2023-02-23 11:27:41.779 [main] INFO  scrips.datamigration.App:77 - Process completed in (Hours:Minutes:Seconds) 0:0:8
2023-02-23 11:27:41.811 [SpringContextShutdownHook] INFO  org.springframework.orm.jpa.LocalContainerEntityManagerFactoryBean:598 - Closing JPA EntityManagerFactory for persistence unit 'data'
2023-02-23 11:27:41.813 [SpringContextShutdownHook] INFO  com.zaxxer.hikari.HikariDataSource:350 - HikariPool-1 - Shutdown initiated...
2023-02-23 11:27:41.824 [SpringContextShutdownHook] INFO  com.zaxxer.hikari.HikariDataSource:352 - HikariPool-1 - Shutdown completed.
