2023-01-30 11:37:25.337 [main] INFO  scrips.datamigration.App:55 - Starting App on WSIN181 with PID 14000 (D:\DataMigration\DATA_MIGRATION_RTGS\DataMigrationAndExtract\DataMigration\target\classes started by SheikKhadeer in D:\DataMigration\DATA_MIGRATION_RTGS\DataMigrationAndExtract\DataMigration)
2023-01-30 11:37:25.345 [main] INFO  scrips.datamigration.App:651 - No active profile set, falling back to default profiles: app
2023-01-30 11:37:26.514 [main] INFO  org.springframework.data.repository.config.RepositoryConfigurationDelegate:127 - Bootstrapping Spring Data JPA repositories in DEFAULT mode.
2023-01-30 11:37:27.039 [main] INFO  org.springframework.data.repository.config.RepositoryConfigurationDelegate:187 - Finished Spring Data repository scanning in 511ms. Found 60 JPA repository interfaces.
2023-01-30 11:37:27.425 [main] INFO  com.ulisesbocchio.jasyptspringboot.configuration.EnableEncryptablePropertiesBeanFactoryPostProcessor:39 - Post-processing PropertySource instances
2023-01-30 11:37:27.460 [main] INFO  com.ulisesbocchio.jasyptspringboot.EncryptablePropertySourceConverter:56 - Converting PropertySource configurationProperties [org.springframework.boot.context.properties.source.ConfigurationPropertySourcesPropertySource] to AOP Proxy
2023-01-30 11:37:27.460 [main] INFO  com.ulisesbocchio.jasyptspringboot.EncryptablePropertySourceConverter:56 - Converting PropertySource commandLineArgs [org.springframework.core.env.SimpleCommandLinePropertySource] to EncryptableEnumerablePropertySourceWrapper
2023-01-30 11:37:27.461 [main] INFO  com.ulisesbocchio.jasyptspringboot.EncryptablePropertySourceConverter:56 - Converting PropertySource systemProperties [org.springframework.core.env.PropertiesPropertySource] to EncryptableMapPropertySourceWrapper
2023-01-30 11:37:27.461 [main] INFO  com.ulisesbocchio.jasyptspringboot.EncryptablePropertySourceConverter:56 - Converting PropertySource systemEnvironment [org.springframework.boot.env.SystemEnvironmentPropertySourceEnvironmentPostProcessor$OriginAwareSystemEnvironmentPropertySource] to EncryptableSystemEnvironmentPropertySourceWrapper
2023-01-30 11:37:27.462 [main] INFO  com.ulisesbocchio.jasyptspringboot.EncryptablePropertySourceConverter:56 - Converting PropertySource random [org.springframework.boot.env.RandomValuePropertySource] to EncryptablePropertySourceWrapper
2023-01-30 11:37:27.462 [main] INFO  com.ulisesbocchio.jasyptspringboot.EncryptablePropertySourceConverter:56 - Converting PropertySource applicationConfig: [file:./config/application.properties] [org.springframework.boot.env.OriginTrackedMapPropertySource] to EncryptableMapPropertySourceWrapper
2023-01-30 11:37:27.462 [main] INFO  com.ulisesbocchio.jasyptspringboot.EncryptablePropertySourceConverter:56 - Converting PropertySource applicationConfig: [classpath:/application.properties] [org.springframework.boot.env.OriginTrackedMapPropertySource] to EncryptableMapPropertySourceWrapper
2023-01-30 11:37:27.464 [main] INFO  com.ulisesbocchio.jasyptspringboot.EncryptablePropertySourceConverter:56 - Converting PropertySource DataMigrationProperties [org.springframework.core.env.MapPropertySource] to EncryptableMapPropertySourceWrapper
2023-01-30 11:37:27.598 [main] INFO  com.ulisesbocchio.jasyptspringboot.filter.DefaultLazyPropertyFilter:31 - Property Filter custom Bean not found with name 'encryptablePropertyFilter'. Initializing Default Property Filter
2023-01-30 11:37:27.716 [main] INFO  com.ulisesbocchio.jasyptspringboot.resolver.DefaultLazyPropertyResolver:35 - Property Resolver custom Bean not found with name 'encryptablePropertyResolver'. Initializing Default Property Resolver
2023-01-30 11:37:27.721 [main] INFO  com.ulisesbocchio.jasyptspringboot.detector.DefaultLazyPropertyDetector:35 - Property Detector custom Bean not found with name 'encryptablePropertyDetector'. Initializing Default Property Detector
2023-01-30 11:37:27.728 [main] INFO  com.ulisesbocchio.jasyptspringboot.encryptor.DefaultLazyEncryptor:37 - String Encryptor custom Bean not found with name 'jasyptStringEncryptor'. Initializing Default String Encryptor
2023-01-30 11:37:27.752 [main] INFO  com.ulisesbocchio.jasyptspringboot.configuration.StringEncryptorBuilder:81 - Encryptor config not found for property jasypt.encryptor.key-obtention-iterations, using default value: 1000
2023-01-30 11:37:27.753 [main] INFO  com.ulisesbocchio.jasyptspringboot.configuration.StringEncryptorBuilder:81 - Encryptor config not found for property jasypt.encryptor.pool-size, using default value: 1
2023-01-30 11:37:27.754 [main] INFO  com.ulisesbocchio.jasyptspringboot.configuration.StringEncryptorBuilder:81 - Encryptor config not found for property jasypt.encryptor.provider-name, using default value: null
2023-01-30 11:37:27.754 [main] INFO  com.ulisesbocchio.jasyptspringboot.configuration.StringEncryptorBuilder:81 - Encryptor config not found for property jasypt.encryptor.provider-class-name, using default value: null
2023-01-30 11:37:27.755 [main] INFO  com.ulisesbocchio.jasyptspringboot.configuration.StringEncryptorBuilder:81 - Encryptor config not found for property jasypt.encryptor.salt-generator-classname, using default value: org.jasypt.salt.RandomSaltGenerator
2023-01-30 11:37:27.757 [main] INFO  com.ulisesbocchio.jasyptspringboot.configuration.StringEncryptorBuilder:81 - Encryptor config not found for property jasypt.encryptor.string-output-type, using default value: base64
2023-01-30 11:37:27.961 [main] INFO  org.hibernate.jpa.internal.util.LogHelper:31 - HHH000204: Processing PersistenceUnitInfo [name: data]
2023-01-30 11:37:28.030 [main] INFO  org.hibernate.Version:44 - HHH000412: Hibernate ORM core version 5.4.15.Final
2023-01-30 11:37:28.205 [main] INFO  org.hibernate.annotations.common.Version:49 - HCANN000001: Hibernate Commons Annotations {5.1.0.Final}
2023-01-30 11:37:28.689 [main] INFO  com.zaxxer.hikari.HikariDataSource:110 - HikariPool-1 - Starting...
2023-01-30 11:37:28.910 [main] INFO  com.zaxxer.hikari.HikariDataSource:123 - HikariPool-1 - Start completed.
2023-01-30 11:37:28.954 [main] INFO  org.hibernate.dialect.Dialect:172 - HHH000400: Using dialect: org.hibernate.dialect.MySQL8Dialect
2023-01-30 11:37:29.068 [main] INFO  org.hibernate.envers.boot.internal.EnversServiceImpl:90 - Envers integration enabled? : true
2023-01-30 11:37:31.622 [main] INFO  org.hibernate.engine.transaction.jta.platform.internal.JtaPlatformInitiator:52 - HHH000490: Using JtaPlatform implementation: [org.hibernate.engine.transaction.jta.platform.internal.NoJtaPlatform]
2023-01-30 11:37:31.636 [main] INFO  org.springframework.orm.jpa.LocalContainerEntityManagerFactoryBean:416 - Initialized JPA EntityManagerFactory for persistence unit 'data'
2023-01-30 11:37:33.941 [main] INFO  scrips.datamigration.App:61 - Started App in 9.435 seconds (JVM running for 11.612)
2023-01-30 11:37:33.952 [main] INFO  scrips.datamigration.controller.ReportController:44 -   - CBM_COST_CENTRE_DETAIL_REPORT
2023-01-30 11:37:33.953 [main] INFO  scrips.datamigration.common.service.GenerateReportService:41 - process started for :CBM_COST_CENTRE_DETAIL_REPORT
2023-01-30 11:38:12.454 [main] DEBUG org.hibernate.SQL:128 - select jpacbmcost2_.cost_centre as col_0_0_, jpacbmcost1_.cost_centre as col_1_0_, jpacbmcost0_.cost_centre as col_2_0_, jpacbmcost2_.description as col_3_0_, jpacbmcost1_.description as col_4_0_, jpacbmcost0_.description as col_5_0_, jpacbmcost2_.created_date as col_6_0_, jpacbmcost1_.created_date as col_7_0_, jpacbmcost0_.created_date as col_8_0_, jpacbmcost2_.modified_date as col_9_0_, jpacbmcost1_.modified_date as col_10_0_, jpacbmcost0_.modified_date as col_11_0_, case when jpacbmcost0_.remarks is null then jpacbmcost1_.remarks else jpacbmcost0_.remarks end as col_12_0_ from cbm_cost_centre_source jpacbmcost0_ left outer join cbm_cost_centre_temp jpacbmcost1_ on (jpacbmcost0_.id=jpacbmcost1_.id) left outer join cbm_cost_centre jpacbmcost2_ on (jpacbmcost0_.cost_centre=jpacbmcost2_.cost_centre and (jpacbmcost1_.remarks is null)) order by jpacbmcost0_.seq asc
