2023-02-27 10:01:43.063 [main] INFO  scrips.datamigration.App:55 - Starting App on WSIN181 with PID 12328 (E:\DataMigration\DATA_MIGRATION_RTGS\DataMigrationAndExtract\DataMigration\target\classes started by SheikKhadeer in E:\DataMigration\DATA_MIGRATION_RTGS\DataMigrationAndExtract\DataMigration)
2023-02-27 10:01:43.069 [main] INFO  scrips.datamigration.App:651 - No active profile set, falling back to default profiles: app
2023-02-27 10:01:43.805 [main] INFO  org.springframework.data.repository.config.RepositoryConfigurationDelegate:127 - Bootstrapping Spring Data JPA repositories in DEFAULT mode.
2023-02-27 10:01:44.085 [main] INFO  org.springframework.data.repository.config.RepositoryConfigurationDelegate:187 - Finished Spring Data repository scanning in 269ms. Found 63 JPA repository interfaces.
2023-02-27 10:01:44.385 [main] INFO  com.ulisesbocchio.jasyptspringboot.configuration.EnableEncryptablePropertiesBeanFactoryPostProcessor:39 - Post-processing PropertySource instances
2023-02-27 10:01:44.412 [main] INFO  com.ulisesbocchio.jasyptspringboot.EncryptablePropertySourceConverter:56 - Converting PropertySource configurationProperties [org.springframework.boot.context.properties.source.ConfigurationPropertySourcesPropertySource] to AOP Proxy
2023-02-27 10:01:44.412 [main] INFO  com.ulisesbocchio.jasyptspringboot.EncryptablePropertySourceConverter:56 - Converting PropertySource commandLineArgs [org.springframework.core.env.SimpleCommandLinePropertySource] to EncryptableEnumerablePropertySourceWrapper
2023-02-27 10:01:44.413 [main] INFO  com.ulisesbocchio.jasyptspringboot.EncryptablePropertySourceConverter:56 - Converting PropertySource systemProperties [org.springframework.core.env.PropertiesPropertySource] to EncryptableMapPropertySourceWrapper
2023-02-27 10:01:44.413 [main] INFO  com.ulisesbocchio.jasyptspringboot.EncryptablePropertySourceConverter:56 - Converting PropertySource systemEnvironment [org.springframework.boot.env.SystemEnvironmentPropertySourceEnvironmentPostProcessor$OriginAwareSystemEnvironmentPropertySource] to EncryptableSystemEnvironmentPropertySourceWrapper
2023-02-27 10:01:44.413 [main] INFO  com.ulisesbocchio.jasyptspringboot.EncryptablePropertySourceConverter:56 - Converting PropertySource random [org.springframework.boot.env.RandomValuePropertySource] to EncryptablePropertySourceWrapper
2023-02-27 10:01:44.414 [main] INFO  com.ulisesbocchio.jasyptspringboot.EncryptablePropertySourceConverter:56 - Converting PropertySource applicationConfig: [file:./config/application.properties] [org.springframework.boot.env.OriginTrackedMapPropertySource] to EncryptableMapPropertySourceWrapper
2023-02-27 10:01:44.414 [main] INFO  com.ulisesbocchio.jasyptspringboot.EncryptablePropertySourceConverter:56 - Converting PropertySource applicationConfig: [classpath:/application.properties] [org.springframework.boot.env.OriginTrackedMapPropertySource] to EncryptableMapPropertySourceWrapper
2023-02-27 10:01:44.414 [main] INFO  com.ulisesbocchio.jasyptspringboot.EncryptablePropertySourceConverter:56 - Converting PropertySource DataMigrationProperties [org.springframework.core.env.MapPropertySource] to EncryptableMapPropertySourceWrapper
2023-02-27 10:01:44.536 [main] INFO  com.ulisesbocchio.jasyptspringboot.filter.DefaultLazyPropertyFilter:31 - Property Filter custom Bean not found with name 'encryptablePropertyFilter'. Initializing Default Property Filter
2023-02-27 10:01:44.643 [main] INFO  com.ulisesbocchio.jasyptspringboot.resolver.DefaultLazyPropertyResolver:35 - Property Resolver custom Bean not found with name 'encryptablePropertyResolver'. Initializing Default Property Resolver
2023-02-27 10:01:44.646 [main] INFO  com.ulisesbocchio.jasyptspringboot.detector.DefaultLazyPropertyDetector:35 - Property Detector custom Bean not found with name 'encryptablePropertyDetector'. Initializing Default Property Detector
2023-02-27 10:01:44.792 [main] INFO  org.hibernate.jpa.internal.util.LogHelper:31 - HHH000204: Processing PersistenceUnitInfo [name: data]
2023-02-27 10:01:44.862 [main] INFO  org.hibernate.Version:44 - HHH000412: Hibernate ORM core version 5.4.15.Final
2023-02-27 10:01:45.036 [main] INFO  org.hibernate.annotations.common.Version:49 - HCANN000001: Hibernate Commons Annotations {5.1.0.Final}
2023-02-27 10:01:45.290 [main] INFO  com.zaxxer.hikari.HikariDataSource:110 - HikariPool-1 - Starting...
2023-02-27 10:01:45.458 [main] INFO  com.zaxxer.hikari.HikariDataSource:123 - HikariPool-1 - Start completed.
2023-02-27 10:01:45.494 [main] INFO  org.hibernate.dialect.Dialect:172 - HHH000400: Using dialect: org.hibernate.dialect.MySQL8Dialect
2023-02-27 10:01:45.582 [main] INFO  org.hibernate.envers.boot.internal.EnversServiceImpl:90 - Envers integration enabled? : true
2023-02-27 10:01:47.532 [main] INFO  org.hibernate.engine.transaction.jta.platform.internal.JtaPlatformInitiator:52 - HHH000490: Using JtaPlatform implementation: [org.hibernate.engine.transaction.jta.platform.internal.NoJtaPlatform]
2023-02-27 10:01:47.541 [main] INFO  org.springframework.orm.jpa.LocalContainerEntityManagerFactoryBean:416 - Initialized JPA EntityManagerFactory for persistence unit 'data'
2023-02-27 10:01:50.197 [main] INFO  scrips.datamigration.App:61 - Started App in 7.733 seconds (JVM running for 9.238)
2023-02-27 10:01:50.211 [main] INFO  scrips.datamigration.common.service.FkChecksEnableDisable:36 - disable FkChecks called
2023-02-27 10:01:50.234 [main] DEBUG org.hibernate.SQL:128 - SET FOREIGN_KEY_CHECKS = 0
2023-02-27 10:01:50.247 [main] INFO  scrips.datamigration.common.service.FkChecksEnableDisable:38 - disable FkChecks done
2023-02-27 10:01:50.277 [main] DEBUG org.hibernate.SQL:128 - SELECT @@GLOBAL.foreign_key_checks, @@SESSION.foreign_key_checks
2023-02-27 10:01:50.285 [main] INFO  scrips.datamigration.common.service.FkChecksEnableDisable:52 - foreign_key_checks status - 0
2023-02-27 10:01:50.286 [main] INFO  scrips.datamigration.controller.ScripsFileUploadController:131 - fileUploadCode - ACCOUNT_FILE_UPLOAD
2023-02-27 10:01:50.286 [main] INFO  scrips.datamigration.common.service.FileUploadService:82 - getFileHeaderByCode entered
2023-02-27 10:01:50.286 [main] INFO  scrips.datamigration.common.service.FileUploadService:88 - fileUploadHeaderOut - account
2023-02-27 10:01:50.287 [main] INFO  scrips.datamigration.controller.ScripsFileUploadController:136 - Live table name ->account
2023-02-27 10:01:50.288 [main] INFO  scrips.datamigration.common.service.FileUploadService:98 - fieldName  -  member_code
2023-02-27 10:01:50.288 [main] INFO  scrips.datamigration.common.service.FileUploadService:98 - fieldName  -  account_number
2023-02-27 10:01:50.288 [main] INFO  scrips.datamigration.common.service.FileUploadService:98 - fieldName  -  description
2023-02-27 10:01:50.288 [main] INFO  scrips.datamigration.common.service.FileUploadService:98 - fieldName  -  account_type
2023-02-27 10:01:50.288 [main] INFO  scrips.datamigration.common.service.FileUploadService:98 - fieldName  -  main_account_indicator
2023-02-27 10:01:50.288 [main] INFO  scrips.datamigration.common.service.FileUploadService:98 - fieldName  -  default_main_account
2023-02-27 10:01:50.289 [main] INFO  scrips.datamigration.common.service.FileUploadService:98 - fieldName  -  statement_delivery_bic
2023-02-27 10:01:50.289 [main] INFO  scrips.datamigration.common.service.FileUploadService:98 - fieldName  -  account_status
2023-02-27 10:01:50.289 [main] INFO  scrips.datamigration.common.service.FileUploadService:98 - fieldName  -  currency_code
2023-02-27 10:01:50.289 [main] INFO  scrips.datamigration.common.service.FileUploadService:98 - fieldName  -  end_of_day_statement
2023-02-27 10:01:50.289 [main] INFO  scrips.datamigration.common.service.FileUploadService:98 - fieldName  -  gl_category
2023-02-27 10:01:50.289 [main] INFO  scrips.datamigration.common.service.FileUploadService:98 - fieldName  -  cost_centre
2023-02-27 10:01:50.289 [main] INFO  scrips.datamigration.common.service.FileUploadService:98 - fieldName  -  gl_account_number
2023-02-27 10:01:50.289 [main] INFO  scrips.datamigration.common.service.FileUploadService:98 - fieldName  -  statement_interval
2023-02-27 10:01:50.290 [main] INFO  scrips.datamigration.common.service.FileUploadService:104 - fileUploadDetails - [scrips.datamigration.fileupload.JpaFileUploadDetails@6e4e7a62, scrips.datamigration.fileupload.JpaFileUploadDetails@2fdbd353, scrips.datamigration.fileupload.JpaFileUploadDetails@492b12e5, scrips.datamigration.fileupload.JpaFileUploadDetails@20ff27a4, scrips.datamigration.fileupload.JpaFileUploadDetails@3d7fc4b3, scrips.datamigration.fileupload.JpaFileUploadDetails@4ccfd904, scrips.datamigration.fileupload.JpaFileUploadDetails@5de25642, scrips.datamigration.fileupload.JpaFileUploadDetails@479885d, scrips.datamigration.fileupload.JpaFileUploadDetails@47609e3d, scrips.datamigration.fileupload.JpaFileUploadDetails@7555782c, scrips.datamigration.fileupload.JpaFileUploadDetails@3aca7082, scrips.datamigration.fileupload.JpaFileUploadDetails@72b92ce6, scrips.datamigration.fileupload.JpaFileUploadDetails@31ebc5fa, scrips.datamigration.fileupload.JpaFileUploadDetails@6f215ff3]
2023-02-27 10:01:50.290 [main] INFO  scrips.datamigration.common.service.FileUploadService:48 - ftp status n
2023-02-27 10:01:50.290 [main] INFO  scrips.datamigration.common.service.FileUploadService:64 - FTP Not Enabled,Reading files from MigrationFiles folder
2023-02-27 10:01:50.294 [main] INFO  scrips.datamigration.controller.ScripsFileUploadController:154 - fileRecords - MASGSGSG|21110223|Settlement Account|SETT|Y|Y|DBSSSGSG000|Active|SGD|NO_STATEMENT|ctgy1|cost1|123|No
2023-02-27 10:01:50.295 [main] INFO  scrips.datamigration.controller.ScripsFileUploadController:154 - fileRecords - MASGSGSG|21110223|Settlement Account|SETT|Y|Y|DBSSSGSG000|Active|SGD|NO_STATEMENT|ctgy1|cost1|123|No
2023-02-27 10:01:50.295 [main] INFO  scrips.datamigration.controller.ScripsFileUploadController:154 - fileRecords - MASGSGSG|11111110|Settlement Account@|SETT|Y|Y|DBSSSGSG000|Active|SGD|NO_STATEMENT|ctgy1|cost1|123|No
2023-02-27 10:01:50.295 [main] INFO  scrips.datamigration.controller.ScripsFileUploadController:154 - fileRecords - MASGSGSG|11111111|Settlement Account|SETT|Y|Y|DBSSSGSG000|Active|SG-|NO_STATEMENT|ctgy1|cost1|123|No
2023-02-27 10:01:50.295 [main] INFO  scrips.datamigration.controller.ScripsFileUploadController:154 - fileRecords - DBSSSGSG|11111112|Settlement Account|SETT|N|Y|DBSSSGSG000|Active|SGD|NO_STATEMENT|ctgy1|cost1|123|No
2023-02-27 10:01:50.295 [main] INFO  scrips.datamigration.controller.ScripsFileUploadController:154 - fileRecords - MASGSGSG|11111113|Settlement Account|SETT|Y|N|DBSSSGSG000|Active|SGD|NO_STATEMENT|ctgy1|cost1|123|No
2023-02-27 10:01:50.295 [main] INFO  scrips.datamigration.controller.ScripsFileUploadController:154 - fileRecords - MASGSGSG|11111114|Settlement Account|SETT|Y|Y|DBSSSGSG000|Active|SGD|NO_STATEMENT|ctgy1|cost1|123|TEST
2023-02-27 10:01:50.295 [main] INFO  scrips.datamigration.controller.ScripsFileUploadController:154 - fileRecords - MASGSGSG|11111115|Settlement Account|SETT|Y|Y|DBSSSGSG000|TEST|SGD|NO_STATEMENT|ctgy1|cost1|123|No
2023-02-27 10:01:50.295 [main] INFO  scrips.datamigration.controller.ScripsFileUploadController:154 - fileRecords - |11111116|Settlement Account|SETT|Y|Y|DBSSSGSG000|Active|SGD|NO_STATEMENT|ctgy1|cost1|123|No
2023-02-27 10:01:50.296 [main] INFO  scrips.datamigration.controller.ScripsFileUploadController:154 - fileRecords - DBSSSGSG||Settlement Account|SETT|Y|Y|DBSSSGSG000|Active|SGD|NO_STATEMENT|ctgy1|cost1|123|No
2023-02-27 10:01:50.296 [main] INFO  scrips.datamigration.controller.ScripsFileUploadController:154 - fileRecords - MASGSGSG|11111117|Settlement Account@|SETT|Y|Y|DBSSSGSG000|Active|SG-|NO_STATEMENT@|ctgy1|cost1|123|No
2023-02-27 10:01:50.296 [main] INFO  scrips.datamigration.controller.ScripsFileUploadController:154 - fileRecords - MASGSGSG|11111118|Settlement Account|SETT|Y|Y|DBSSSGSG000@|Active|SGD|NO_STATEMENT|ctgy1|cost1|123|No
2023-02-27 10:01:50.296 [main] INFO  scrips.datamigration.controller.ScripsFileUploadController:154 - fileRecords - MASGSGSG@|11111118|Settlement Account|SETT|Y|Y|DBSSSGSG000|Active|SGD|NO_STATEMENT|ctgy1|cost1|123|No
2023-02-27 10:01:50.297 [main] INFO  scrips.datamigration.controller.ScripsFileUploadController:156 - 1:member_code
2023-02-27 10:01:50.297 [main] INFO  scrips.datamigration.controller.ScripsFileUploadController:156 - 2:account_number
2023-02-27 10:01:50.297 [main] INFO  scrips.datamigration.controller.ScripsFileUploadController:156 - 3:description
2023-02-27 10:01:50.298 [main] INFO  scrips.datamigration.controller.ScripsFileUploadController:156 - 4:account_type
2023-02-27 10:01:50.298 [main] INFO  scrips.datamigration.controller.ScripsFileUploadController:156 - 5:main_account_indicator
2023-02-27 10:01:50.298 [main] INFO  scrips.datamigration.controller.ScripsFileUploadController:156 - 6:default_main_account
2023-02-27 10:01:50.298 [main] INFO  scrips.datamigration.controller.ScripsFileUploadController:156 - 7:statement_delivery_bic
2023-02-27 10:01:50.298 [main] INFO  scrips.datamigration.controller.ScripsFileUploadController:156 - 8:account_status
2023-02-27 10:01:50.299 [main] INFO  scrips.datamigration.controller.ScripsFileUploadController:156 - 9:currency_code
2023-02-27 10:01:50.299 [main] INFO  scrips.datamigration.controller.ScripsFileUploadController:156 - 10:end_of_day_statement
2023-02-27 10:01:50.299 [main] INFO  scrips.datamigration.controller.ScripsFileUploadController:156 - 11:gl_category
2023-02-27 10:01:50.299 [main] INFO  scrips.datamigration.controller.ScripsFileUploadController:156 - 12:cost_centre
2023-02-27 10:01:50.299 [main] INFO  scrips.datamigration.controller.ScripsFileUploadController:156 - 13:gl_account_number
2023-02-27 10:01:50.299 [main] INFO  scrips.datamigration.controller.ScripsFileUploadController:156 - 14:statement_interval
2023-02-27 10:01:50.319 [main] INFO  scrips.datamigration.rtgs.service.AccountService:117 - Total records in File: {}13
2023-02-27 10:02:03.846 [main] DEBUG org.hibernate.SQL:128 - select jpauser0_.id as id1_60_, jpauser0_.access_level as access_l2_60_, jpauser0_.action as action3_60_, jpauser0_.approval_remark as approval4_60_, jpauser0_.approved_by as approved5_60_, jpauser0_.approved_date as approved6_60_, jpauser0_.created_date as created_7_60_, jpauser0_.currency_code as currency8_60_, jpauser0_.effective_date as effectiv9_60_, jpauser0_.email as email10_60_, jpauser0_.first_activation_date as first_a11_60_, jpauser0_.last_login_datetime as last_lo12_60_, jpauser0_.login_attempts as login_a13_60_, jpauser0_.member_id as member_14_60_, jpauser0_.modified_by as modifie15_60_, jpauser0_.modified_date as modifie16_60_, jpauser0_.name as name17_60_, jpauser0_.password as passwor18_60_, jpauser0_.password_expiry_date as passwor19_60_, jpauser0_.phone_no as phone_n20_60_, jpauser0_.status as status21_60_, jpauser0_.swift_net_id as swift_n22_60_, jpauser0_.user_id as user_id23_60_, jpauser0_.user_status as user_st24_60_, jpauser0_.workflow_status_id as workflo25_60_ from user jpauser0_ where jpauser0_.name=?
2023-02-27 10:02:08.754 [main] DEBUG org.hibernate.SQL:128 - insert into account_source (account_number, account_status, account_type, action, activation_date, approval_remark, approved_by, approved_date, compliance_calculation, cost_centre, counterparty_id, created_date, currency_code, default_main_account, description, effective_date, end_of_day_statement, gl_account_number, gl_category, id, main_account_indicator, member_id, migrated_date, modified_by, modified_date, payer_reference, related_reference, remarks, statement_delivery_bic, statement_interval, status, value_date, workflow_status_id) values (?, ?, ?, ?, ?, ?, ?, ?, ?, ?, ?, ?, ?, ?, ?, ?, ?, ?, ?, ?, ?, ?, ?, ?, ?, ?, ?, ?, ?, ?, ?, ?, ?)
2023-02-27 10:02:11.238 [main] DEBUG org.hibernate.SQL:128 - select jpamember0_.id as id1_34_, jpamember0_.action as action2_34_, jpamember0_.activation_date as activati3_34_, jpamember0_.approval_remark as approval4_34_, jpamember0_.approved_by as approved5_34_, jpamember0_.approved_date as approved6_34_, jpamember0_.bank_code as bank_cod7_34_, jpamember0_.billing_profile_id as billing_8_34_, jpamember0_.created_date as created_9_34_, jpamember0_.effective_date as effecti10_34_, jpamember0_.exempted_from_billing as exempte11_34_, jpamember0_.exempted_from_system_limit as exempte12_34_, jpamember0_.fi_group as fi_grou13_34_, jpamember0_.lei as lei14_34_, jpamember0_.location as locatio15_34_, jpamember0_.mcb_average as mcb_ave16_34_, jpamember0_.mcb_eod_maximum as mcb_eod17_34_, jpamember0_.mcb_eod_minimum as mcb_eod18_34_, jpamember0_.mcb_id as mcb_id19_34_, jpamember0_.mcb_intraday as mcb_int20_34_, jpamember0_.member_classification as member_21_34_, jpamember0_.member_code as member_22_34_, jpamember0_.member_status as member_23_34_, jpamember0_.member_type as member_24_34_, jpamember0_.modified_by as modifie25_34_, jpamember0_.modified_date as modifie26_34_, jpamember0_.name as name27_34_, jpamember0_.sector_id as sector_28_34_, jpamember0_.short_name as short_n29_34_, jpamember0_.status as status30_34_, jpamember0_.swift_bic as swift_b31_34_, jpamember0_.swift_member as swift_m32_34_, jpamember0_.tax_profile_id as tax_pro33_34_, jpamember0_.uen as uen34_34_, jpamember0_.verified_by as verifie35_34_, jpamember0_.verified_date as verifie36_34_, jpamember0_.workflow_status_id as workflo37_34_ from member jpamember0_ where jpamember0_.member_code=?
2023-02-27 10:03:08.133 [main] DEBUG org.hibernate.SQL:128 - select jpaaccount0_.id as id1_5_0_, jpaaccount0_.account_number as account_2_5_0_, jpaaccount0_.account_status as account_3_5_0_, jpaaccount0_.account_type as account_4_5_0_, jpaaccount0_.action as action5_5_0_, jpaaccount0_.activation_date as activati6_5_0_, jpaaccount0_.approval_remark as approval7_5_0_, jpaaccount0_.approved_by as approved8_5_0_, jpaaccount0_.approved_date as approved9_5_0_, jpaaccount0_.compliance_calculation as complia10_5_0_, jpaaccount0_.cost_centre as cost_ce11_5_0_, jpaaccount0_.counterparty_id as counter12_5_0_, jpaaccount0_.created_date as created13_5_0_, jpaaccount0_.currency_code as currenc14_5_0_, jpaaccount0_.default_main_account as default15_5_0_, jpaaccount0_.description as descrip16_5_0_, jpaaccount0_.effective_date as effecti17_5_0_, jpaaccount0_.end_of_day_statement as end_of_18_5_0_, jpaaccount0_.gl_account_number as gl_acco19_5_0_, jpaaccount0_.gl_category as gl_cate20_5_0_, jpaaccount0_.main_account_indicator as main_ac21_5_0_, jpaaccount0_.member_id as member_22_5_0_, jpaaccount0_.modified_by as modifie23_5_0_, jpaaccount0_.modified_date as modifie24_5_0_, jpaaccount0_.payer_reference as payer_r25_5_0_, jpaaccount0_.related_reference as related26_5_0_, jpaaccount0_.remarks as remarks27_5_0_, jpaaccount0_.statement_delivery_bic as stateme28_5_0_, jpaaccount0_.statement_interval as stateme29_5_0_, jpaaccount0_.status as status30_5_0_, jpaaccount0_.value_date as value_d31_5_0_, jpaaccount0_.workflow_status_id as workflo32_5_0_ from account_temp jpaaccount0_ where jpaaccount0_.id=?
2023-02-27 10:03:08.662 [main] DEBUG org.hibernate.SQL:128 - insert into account_temp (account_number, account_status, account_type, action, activation_date, approval_remark, approved_by, approved_date, compliance_calculation, cost_centre, counterparty_id, created_date, currency_code, default_main_account, description, effective_date, end_of_day_statement, gl_account_number, gl_category, main_account_indicator, member_id, modified_by, modified_date, payer_reference, related_reference, remarks, statement_delivery_bic, statement_interval, status, value_date, workflow_status_id, id) values (?, ?, ?, ?, ?, ?, ?, ?, ?, ?, ?, ?, ?, ?, ?, ?, ?, ?, ?, ?, ?, ?, ?, ?, ?, ?, ?, ?, ?, ?, ?, ?)
