2023-02-06 10:32:23.444 [main] INFO  scrips.datamigration.App:55 - Starting App on WSIN181 with PID 5200 (D:\DataMigration\DATA_MIGRATION_RTGS\DataMigrationAndExtract\DataMigration\target\classes started by SheikKhadeer in D:\DataMigration\DATA_MIGRATION_RTGS\DataMigrationAndExtract\DataMigration)
2023-02-06 10:32:23.454 [main] INFO  scrips.datamigration.App:651 - No active profile set, falling back to default profiles: app
2023-02-06 10:32:24.626 [main] INFO  org.springframework.data.repository.config.RepositoryConfigurationDelegate:127 - Bootstrapping Spring Data JPA repositories in DEFAULT mode.
2023-02-06 10:32:25.068 [main] INFO  org.springframework.data.repository.config.RepositoryConfigurationDelegate:187 - Finished Spring Data repository scanning in 433ms. Found 60 JPA repository interfaces.
2023-02-06 10:32:25.534 [main] INFO  com.ulisesbocchio.jasyptspringboot.configuration.EnableEncryptablePropertiesBeanFactoryPostProcessor:39 - Post-processing PropertySource instances
2023-02-06 10:32:25.556 [main] INFO  com.ulisesbocchio.jasyptspringboot.EncryptablePropertySourceConverter:56 - Converting PropertySource configurationProperties [org.springframework.boot.context.properties.source.ConfigurationPropertySourcesPropertySource] to AOP Proxy
2023-02-06 10:32:25.556 [main] INFO  com.ulisesbocchio.jasyptspringboot.EncryptablePropertySourceConverter:56 - Converting PropertySource commandLineArgs [org.springframework.core.env.SimpleCommandLinePropertySource] to EncryptableEnumerablePropertySourceWrapper
2023-02-06 10:32:25.556 [main] INFO  com.ulisesbocchio.jasyptspringboot.EncryptablePropertySourceConverter:56 - Converting PropertySource systemProperties [org.springframework.core.env.PropertiesPropertySource] to EncryptableMapPropertySourceWrapper
2023-02-06 10:32:25.557 [main] INFO  com.ulisesbocchio.jasyptspringboot.EncryptablePropertySourceConverter:56 - Converting PropertySource systemEnvironment [org.springframework.boot.env.SystemEnvironmentPropertySourceEnvironmentPostProcessor$OriginAwareSystemEnvironmentPropertySource] to EncryptableSystemEnvironmentPropertySourceWrapper
2023-02-06 10:32:25.557 [main] INFO  com.ulisesbocchio.jasyptspringboot.EncryptablePropertySourceConverter:56 - Converting PropertySource random [org.springframework.boot.env.RandomValuePropertySource] to EncryptablePropertySourceWrapper
2023-02-06 10:32:25.557 [main] INFO  com.ulisesbocchio.jasyptspringboot.EncryptablePropertySourceConverter:56 - Converting PropertySource applicationConfig: [file:./config/application.properties] [org.springframework.boot.env.OriginTrackedMapPropertySource] to EncryptableMapPropertySourceWrapper
2023-02-06 10:32:25.558 [main] INFO  com.ulisesbocchio.jasyptspringboot.EncryptablePropertySourceConverter:56 - Converting PropertySource applicationConfig: [classpath:/application.properties] [org.springframework.boot.env.OriginTrackedMapPropertySource] to EncryptableMapPropertySourceWrapper
2023-02-06 10:32:25.558 [main] INFO  com.ulisesbocchio.jasyptspringboot.EncryptablePropertySourceConverter:56 - Converting PropertySource DataMigrationProperties [org.springframework.core.env.MapPropertySource] to EncryptableMapPropertySourceWrapper
2023-02-06 10:32:25.647 [main] INFO  com.ulisesbocchio.jasyptspringboot.filter.DefaultLazyPropertyFilter:31 - Property Filter custom Bean not found with name 'encryptablePropertyFilter'. Initializing Default Property Filter
2023-02-06 10:32:25.733 [main] INFO  com.ulisesbocchio.jasyptspringboot.resolver.DefaultLazyPropertyResolver:35 - Property Resolver custom Bean not found with name 'encryptablePropertyResolver'. Initializing Default Property Resolver
2023-02-06 10:32:25.736 [main] INFO  com.ulisesbocchio.jasyptspringboot.detector.DefaultLazyPropertyDetector:35 - Property Detector custom Bean not found with name 'encryptablePropertyDetector'. Initializing Default Property Detector
2023-02-06 10:32:25.743 [main] INFO  com.ulisesbocchio.jasyptspringboot.encryptor.DefaultLazyEncryptor:37 - String Encryptor custom Bean not found with name 'jasyptStringEncryptor'. Initializing Default String Encryptor
2023-02-06 10:32:25.772 [main] INFO  com.ulisesbocchio.jasyptspringboot.configuration.StringEncryptorBuilder:81 - Encryptor config not found for property jasypt.encryptor.key-obtention-iterations, using default value: 1000
2023-02-06 10:32:25.772 [main] INFO  com.ulisesbocchio.jasyptspringboot.configuration.StringEncryptorBuilder:81 - Encryptor config not found for property jasypt.encryptor.pool-size, using default value: 1
2023-02-06 10:32:25.773 [main] INFO  com.ulisesbocchio.jasyptspringboot.configuration.StringEncryptorBuilder:81 - Encryptor config not found for property jasypt.encryptor.provider-name, using default value: null
2023-02-06 10:32:25.773 [main] INFO  com.ulisesbocchio.jasyptspringboot.configuration.StringEncryptorBuilder:81 - Encryptor config not found for property jasypt.encryptor.provider-class-name, using default value: null
2023-02-06 10:32:25.774 [main] INFO  com.ulisesbocchio.jasyptspringboot.configuration.StringEncryptorBuilder:81 - Encryptor config not found for property jasypt.encryptor.salt-generator-classname, using default value: org.jasypt.salt.RandomSaltGenerator
2023-02-06 10:32:25.776 [main] INFO  com.ulisesbocchio.jasyptspringboot.configuration.StringEncryptorBuilder:81 - Encryptor config not found for property jasypt.encryptor.string-output-type, using default value: base64
2023-02-06 10:32:25.957 [main] INFO  org.hibernate.jpa.internal.util.LogHelper:31 - HHH000204: Processing PersistenceUnitInfo [name: data]
2023-02-06 10:32:26.012 [main] INFO  org.hibernate.Version:44 - HHH000412: Hibernate ORM core version 5.4.15.Final
2023-02-06 10:32:26.144 [main] INFO  org.hibernate.annotations.common.Version:49 - HCANN000001: Hibernate Commons Annotations {5.1.0.Final}
2023-02-06 10:32:26.604 [main] INFO  com.zaxxer.hikari.HikariDataSource:110 - HikariPool-1 - Starting...
2023-02-06 10:32:26.750 [main] INFO  com.zaxxer.hikari.HikariDataSource:123 - HikariPool-1 - Start completed.
2023-02-06 10:32:26.783 [main] INFO  org.hibernate.dialect.Dialect:172 - HHH000400: Using dialect: org.hibernate.dialect.MySQL8Dialect
2023-02-06 10:32:26.862 [main] INFO  org.hibernate.envers.boot.internal.EnversServiceImpl:90 - Envers integration enabled? : true
2023-02-06 10:32:28.607 [main] INFO  org.hibernate.engine.transaction.jta.platform.internal.JtaPlatformInitiator:52 - HHH000490: Using JtaPlatform implementation: [org.hibernate.engine.transaction.jta.platform.internal.NoJtaPlatform]
2023-02-06 10:32:28.614 [main] INFO  org.springframework.orm.jpa.LocalContainerEntityManagerFactoryBean:416 - Initialized JPA EntityManagerFactory for persistence unit 'data'
2023-02-06 10:32:30.495 [main] INFO  scrips.datamigration.App:61 - Started App in 7.659 seconds (JVM running for 9.257)
2023-02-06 10:32:30.502 [main] INFO  scrips.datamigration.controller.ReportController:44 -   - CBM_LIABILITIES_BASE_DETAIL_REPORT
2023-02-06 10:32:30.502 [main] INFO  scrips.datamigration.common.service.GenerateReportService:84 - process started for :CBM_LIABILITIES_BASE_DETAIL_REPORT
2023-02-06 10:32:30.529 [main] DEBUG org.hibernate.SQL:128 - select case when jpacbmliab2_.id is null then '' else jpacbmliab2_.id end as col_0_0_, case when jpacbmliab1_.id is null then '' else jpacbmliab1_.id end as col_1_0_, case when jpacbmliab0_.id is null then '' else jpacbmliab0_.id end as col_2_0_, case when jpacbmliab2_.member_id is null then '' else jpacbmliab2_.member_id end as col_3_0_, case when jpacbmliab1_.member_id is null then '' else jpacbmliab1_.member_id end as col_4_0_, case when jpacbmliab0_.member_id is null then '' else jpacbmliab0_.member_id end as col_5_0_, case when jpacbmliab2_.start_date is null then '' else jpacbmliab2_.start_date end as col_6_0_, case when jpacbmliab1_.start_date is null then '' else jpacbmliab1_.start_date end as col_7_0_, case when jpacbmliab0_.start_date is null then '' else jpacbmliab0_.start_date end as col_8_0_, case when jpacbmliab2_.end_date is null then '' else jpacbmliab2_.end_date end as col_9_0_, case when jpacbmliab1_.end_date is null then '' else jpacbmliab1_.end_date end as col_10_0_, case when jpacbmliab0_.end_date is null then '' else jpacbmliab0_.end_date end as col_11_0_, case when jpacbmliab2_.ql_lb is null then '' else jpacbmliab2_.ql_lb end as col_12_0_, case when jpacbmliab1_.ql_lb is null then '' else jpacbmliab1_.ql_lb end as col_13_0_, case when jpacbmliab0_.ql_lb is null then '' else jpacbmliab0_.ql_lb end as col_14_0_, case when jpacbmliab0_.remarks is null then case when jpacbmliab1_.remarks is null then '' else jpacbmliab1_.remarks end else jpacbmliab0_.remarks end as col_15_0_ from cbm_liabilities_base_detail_source jpacbmliab0_ left outer join cbm_liabilities_base_detail_temp jpacbmliab1_ on (jpacbmliab0_.id=jpacbmliab1_.id) left outer join cbm_liabilities_base_detail jpacbmliab2_ on (jpacbmliab1_.live_table_id=jpacbmliab2_.id and (jpacbmliab1_.remarks is null)) order by jpacbmliab0_.seq asc
2023-02-06 10:32:30.551 [main] DEBUG org.hibernate.SQL:128 - select count(*) as col_0_0_ from cbm_liabilities_base_detail_temp jpacbmliab0_ inner join cbm_liabilities_base_detail jpacbmliab1_ on (jpacbmliab0_.live_table_id=jpacbmliab1_.id and (jpacbmliab0_.remarks is null))
2023-02-06 10:32:30.554 [main] INFO  scrips.datamigration.common.service.GenerateReportService:226 - Path -> D:/DataMigration/DATA_MIGRATION_RTGS/DataMigrationAndExtract/DataMigration/reports/
2023-02-06 10:32:32.255 [main] WARN  net.sf.jasperreports.engine.export.PdfGlyphRenderer:68 - Unpatched iText found, cannot use glyph rendering
2023-02-06 10:32:32.489 [main] INFO  scrips.datamigration.App:77 - Process completed in (Hours:Minutes:Seconds) 0:0:9
2023-02-06 10:32:32.505 [SpringContextShutdownHook] INFO  org.springframework.orm.jpa.LocalContainerEntityManagerFactoryBean:598 - Closing JPA EntityManagerFactory for persistence unit 'data'
2023-02-06 10:32:32.507 [SpringContextShutdownHook] INFO  com.zaxxer.hikari.HikariDataSource:350 - HikariPool-1 - Shutdown initiated...
2023-02-06 10:32:32.521 [SpringContextShutdownHook] INFO  com.zaxxer.hikari.HikariDataSource:352 - HikariPool-1 - Shutdown completed.
