2022-12-23 20:29:45.497 [main] INFO  scrips.datamigration.App:55 - Starting App on WSIN181 with PID 3144 (D:\DataMigrationNEW\DATA_MIGRATION_RTGS\DataMigrationAndExtract\DataMigration\target\classes started by SheikKhadeer in D:\DataMigrationNEW\DATA_MIGRATION_RTGS\DataMigrationAndExtract\DataMigration)
2022-12-23 20:29:45.506 [main] INFO  scrips.datamigration.App:651 - No active profile set, falling back to default profiles: app
2022-12-23 20:29:46.359 [main] INFO  org.springframework.data.repository.config.RepositoryConfigurationDelegate:127 - Bootstrapping Spring Data JPA repositories in DEFAULT mode.
2022-12-23 20:29:46.823 [main] INFO  org.springframework.data.repository.config.RepositoryConfigurationDelegate:187 - Finished Spring Data repository scanning in 453ms. Found 65 JPA repository interfaces.
2022-12-23 20:29:47.170 [main] INFO  com.ulisesbocchio.jasyptspringboot.configuration.EnableEncryptablePropertiesBeanFactoryPostProcessor:39 - Post-processing PropertySource instances
2022-12-23 20:29:47.195 [main] INFO  com.ulisesbocchio.jasyptspringboot.EncryptablePropertySourceConverter:56 - Converting PropertySource configurationProperties [org.springframework.boot.context.properties.source.ConfigurationPropertySourcesPropertySource] to AOP Proxy
2022-12-23 20:29:47.196 [main] INFO  com.ulisesbocchio.jasyptspringboot.EncryptablePropertySourceConverter:56 - Converting PropertySource commandLineArgs [org.springframework.core.env.SimpleCommandLinePropertySource] to EncryptableEnumerablePropertySourceWrapper
2022-12-23 20:29:47.197 [main] INFO  com.ulisesbocchio.jasyptspringboot.EncryptablePropertySourceConverter:56 - Converting PropertySource systemProperties [org.springframework.core.env.PropertiesPropertySource] to EncryptableMapPropertySourceWrapper
2022-12-23 20:29:47.197 [main] INFO  com.ulisesbocchio.jasyptspringboot.EncryptablePropertySourceConverter:56 - Converting PropertySource systemEnvironment [org.springframework.boot.env.SystemEnvironmentPropertySourceEnvironmentPostProcessor$OriginAwareSystemEnvironmentPropertySource] to EncryptableSystemEnvironmentPropertySourceWrapper
2022-12-23 20:29:47.197 [main] INFO  com.ulisesbocchio.jasyptspringboot.EncryptablePropertySourceConverter:56 - Converting PropertySource random [org.springframework.boot.env.RandomValuePropertySource] to EncryptablePropertySourceWrapper
2022-12-23 20:29:47.198 [main] INFO  com.ulisesbocchio.jasyptspringboot.EncryptablePropertySourceConverter:56 - Converting PropertySource applicationConfig: [file:./config/application.properties] [org.springframework.boot.env.OriginTrackedMapPropertySource] to EncryptableMapPropertySourceWrapper
2022-12-23 20:29:47.198 [main] INFO  com.ulisesbocchio.jasyptspringboot.EncryptablePropertySourceConverter:56 - Converting PropertySource applicationConfig: [classpath:/application.properties] [org.springframework.boot.env.OriginTrackedMapPropertySource] to EncryptableMapPropertySourceWrapper
2022-12-23 20:29:47.198 [main] INFO  com.ulisesbocchio.jasyptspringboot.EncryptablePropertySourceConverter:56 - Converting PropertySource DataMigrationProperties [org.springframework.core.env.MapPropertySource] to EncryptableMapPropertySourceWrapper
2022-12-23 20:29:47.305 [main] INFO  com.ulisesbocchio.jasyptspringboot.filter.DefaultLazyPropertyFilter:31 - Property Filter custom Bean not found with name 'encryptablePropertyFilter'. Initializing Default Property Filter
2022-12-23 20:29:47.402 [main] INFO  com.ulisesbocchio.jasyptspringboot.resolver.DefaultLazyPropertyResolver:35 - Property Resolver custom Bean not found with name 'encryptablePropertyResolver'. Initializing Default Property Resolver
2022-12-23 20:29:47.405 [main] INFO  com.ulisesbocchio.jasyptspringboot.detector.DefaultLazyPropertyDetector:35 - Property Detector custom Bean not found with name 'encryptablePropertyDetector'. Initializing Default Property Detector
2022-12-23 20:29:47.414 [main] INFO  com.ulisesbocchio.jasyptspringboot.encryptor.DefaultLazyEncryptor:37 - String Encryptor custom Bean not found with name 'jasyptStringEncryptor'. Initializing Default String Encryptor
2022-12-23 20:29:47.442 [main] INFO  com.ulisesbocchio.jasyptspringboot.configuration.StringEncryptorBuilder:81 - Encryptor config not found for property jasypt.encryptor.key-obtention-iterations, using default value: 1000
2022-12-23 20:29:47.442 [main] INFO  com.ulisesbocchio.jasyptspringboot.configuration.StringEncryptorBuilder:81 - Encryptor config not found for property jasypt.encryptor.pool-size, using default value: 1
2022-12-23 20:29:47.443 [main] INFO  com.ulisesbocchio.jasyptspringboot.configuration.StringEncryptorBuilder:81 - Encryptor config not found for property jasypt.encryptor.provider-name, using default value: null
2022-12-23 20:29:47.443 [main] INFO  com.ulisesbocchio.jasyptspringboot.configuration.StringEncryptorBuilder:81 - Encryptor config not found for property jasypt.encryptor.provider-class-name, using default value: null
2022-12-23 20:29:47.444 [main] INFO  com.ulisesbocchio.jasyptspringboot.configuration.StringEncryptorBuilder:81 - Encryptor config not found for property jasypt.encryptor.salt-generator-classname, using default value: org.jasypt.salt.RandomSaltGenerator
2022-12-23 20:29:47.445 [main] INFO  com.ulisesbocchio.jasyptspringboot.configuration.StringEncryptorBuilder:81 - Encryptor config not found for property jasypt.encryptor.string-output-type, using default value: base64
2022-12-23 20:29:47.652 [main] INFO  org.hibernate.jpa.internal.util.LogHelper:31 - HHH000204: Processing PersistenceUnitInfo [name: data]
2022-12-23 20:29:47.712 [main] INFO  org.hibernate.Version:44 - HHH000412: Hibernate ORM core version 5.4.15.Final
2022-12-23 20:29:47.881 [main] INFO  org.hibernate.annotations.common.Version:49 - HCANN000001: Hibernate Commons Annotations {5.1.0.Final}
2022-12-23 20:29:48.353 [main] INFO  com.zaxxer.hikari.HikariDataSource:110 - HikariPool-1 - Starting...
2022-12-23 20:29:49.331 [main] INFO  com.zaxxer.hikari.HikariDataSource:123 - HikariPool-1 - Start completed.
2022-12-23 20:29:49.388 [main] INFO  org.hibernate.dialect.Dialect:172 - HHH000400: Using dialect: org.hibernate.dialect.MySQL8Dialect
2022-12-23 20:29:49.580 [main] INFO  org.hibernate.envers.boot.internal.EnversServiceImpl:90 - Envers integration enabled? : true
2022-12-23 20:29:51.405 [main] INFO  org.hibernate.engine.transaction.jta.platform.internal.JtaPlatformInitiator:52 - HHH000490: Using JtaPlatform implementation: [org.hibernate.engine.transaction.jta.platform.internal.NoJtaPlatform]
2022-12-23 20:29:51.414 [main] INFO  org.springframework.orm.jpa.LocalContainerEntityManagerFactoryBean:416 - Initialized JPA EntityManagerFactory for persistence unit 'data'
2022-12-23 20:29:53.089 [main] INFO  scrips.datamigration.App:61 - Started App in 8.259 seconds (JVM running for 9.95)
2022-12-23 20:29:53.342 [main] INFO  scrips.datamigration.common.service.FkChecksEnableDisable:36 - disable FkChecks called
2022-12-23 20:29:53.382 [main] DEBUG org.hibernate.SQL:128 - SET FOREIGN_KEY_CHECKS = 0
2022-12-23 20:29:53.532 [main] INFO  scrips.datamigration.common.service.FkChecksEnableDisable:38 - disable FkChecks done
2022-12-23 20:29:53.857 [main] DEBUG org.hibernate.SQL:128 - SELECT @@GLOBAL.foreign_key_checks, @@SESSION.foreign_key_checks
2022-12-23 20:29:53.995 [main] INFO  scrips.datamigration.common.service.FkChecksEnableDisable:52 - foreign_key_checks status - 0
2022-12-23 20:29:54.004 [main] INFO  scrips.datamigration.controller.ScripsFileUploadController:159 - fileUploadCode - SSS_FLOATING_RATE_FILE_UPLOAD
2022-12-23 20:29:54.004 [main] INFO  scrips.datamigration.common.service.FileUploadService:116 - getFileHeaderByCode entered
2022-12-23 20:29:54.005 [main] INFO  scrips.datamigration.common.service.FileUploadService:122 - fileUpldHeaderOut - floating_rate
2022-12-23 20:29:54.005 [main] INFO  scrips.datamigration.controller.ScripsFileUploadController:163 - Live table name ->floating_rate
2022-12-23 20:29:54.006 [main] INFO  scrips.datamigration.common.service.FileUploadService:82 - ftp status n
2022-12-23 20:29:54.007 [main] INFO  scrips.datamigration.common.service.FileUploadService:97 - FTP Not Enabled,Reading files from MigrationFiles folder
2022-12-23 20:29:54.012 [main] INFO  scrips.datamigration.controller.ScripsFileUploadController:177 - fileRecords - SORA INDEX|20220506|20220515|1.2000000000
2022-12-23 20:29:54.012 [main] INFO  scrips.datamigration.controller.ScripsFileUploadController:177 - fileRecords - SORA INDEX|20220506|20220515|1.3000000000
2022-12-23 20:29:54.012 [main] INFO  scrips.datamigration.controller.ScripsFileUploadController:177 - fileRecords - SORA RATE|20220508|20220508|0.0200000000
2022-12-23 20:29:54.012 [main] INFO  scrips.datamigration.controller.ScripsFileUploadController:177 - fileRecords - SORA RATE|20220506|20220510|0.0400000000
2022-12-23 20:29:54.013 [main] INFO  scrips.datamigration.controller.ScripsFileUploadController:177 - fileRecords - SORA RATE|20220508|20220508|-0.0200000000
2022-12-23 20:29:54.013 [main] INFO  scrips.datamigration.controller.ScripsFileUploadController:177 - fileRecords - SORA RATE|20220506|-0220510|0.0400000000
2022-12-23 20:29:54.013 [main] INFO  scrips.datamigration.controller.ScripsFileUploadController:177 - fileRecords - SORA INDEX|20220506|20220515|TEST
2022-12-23 20:29:54.013 [main] INFO  scrips.datamigration.controller.ScripsFileUploadController:177 - fileRecords - SORA INDEX|20220506|TEST|1.3000000000
2022-12-23 20:29:54.013 [main] INFO  scrips.datamigration.controller.ScripsFileUploadController:177 - fileRecords - SORA INDEX|TEST|20220519|1.3000000000
2022-12-23 20:29:54.014 [main] INFO  scrips.datamigration.controller.ScripsFileUploadController:179 - 1:reference_rate
2022-12-23 20:29:54.014 [main] INFO  scrips.datamigration.controller.ScripsFileUploadController:179 - 2:publication_date
2022-12-23 20:29:54.014 [main] INFO  scrips.datamigration.controller.ScripsFileUploadController:179 - 3:value_date
2022-12-23 20:29:54.015 [main] INFO  scrips.datamigration.controller.ScripsFileUploadController:179 - 4:rate
2022-12-23 20:29:54.028 [main] INFO  scrips.datamigration.sss.service.SssFloatingRatesService:181 - Total records in File: {}9
2022-12-23 20:29:54.155 [main] DEBUG org.hibernate.SQL:128 - select jpauser0_.id as id1_63_, jpauser0_.access_level as access_l2_63_, jpauser0_.action as action3_63_, jpauser0_.approval_remark as approval4_63_, jpauser0_.approved_by as approved5_63_, jpauser0_.approved_date as approved6_63_, jpauser0_.created_date as created_7_63_, jpauser0_.currency_code as currency8_63_, jpauser0_.effective_date as effectiv9_63_, jpauser0_.email as email10_63_, jpauser0_.first_activation_date as first_a11_63_, jpauser0_.last_login_datetime as last_lo12_63_, jpauser0_.login_attempts as login_a13_63_, jpauser0_.member_id as member_14_63_, jpauser0_.modified_by as modifie15_63_, jpauser0_.modified_date as modifie16_63_, jpauser0_.name as name17_63_, jpauser0_.password as passwor18_63_, jpauser0_.password_expiry_date as passwor19_63_, jpauser0_.phone_no as phone_n20_63_, jpauser0_.status as status21_63_, jpauser0_.swift_net_id as swift_n22_63_, jpauser0_.user_id as user_id23_63_, jpauser0_.user_status as user_st24_63_, jpauser0_.workflow_status_id as workflo25_63_ from user jpauser0_ where jpauser0_.name=?
2022-12-23 20:29:54.596 [main] DEBUG org.hibernate.SQL:128 - insert into floating_rate_source (action, approval_remark, approved_by, approved_date, created_date, effective_date, id, modified_by, modified_date, publication_date, rate, reference_rate, remarks, status, value_date, workflow_status_id) values (?, ?, ?, ?, ?, ?, ?, ?, ?, ?, ?, ?, ?, ?, ?, ?)
2022-12-23 20:29:55.014 [main] DEBUG org.hibernate.SQL:128 - select jpasssfloa0_.id as id1_34_0_, jpasssfloa0_.action as action2_34_0_, jpasssfloa0_.approval_remark as approval3_34_0_, jpasssfloa0_.approved_by as approved4_34_0_, jpasssfloa0_.approved_date as approved5_34_0_, jpasssfloa0_.created_date as created_6_34_0_, jpasssfloa0_.effective_date as effectiv7_34_0_, jpasssfloa0_.modified_by as modified8_34_0_, jpasssfloa0_.modified_date as modified9_34_0_, jpasssfloa0_.publication_date as publica10_34_0_, jpasssfloa0_.rate as rate11_34_0_, jpasssfloa0_.reference_rate as referen12_34_0_, jpasssfloa0_.remarks as remarks13_34_0_, jpasssfloa0_.status as status14_34_0_, jpasssfloa0_.value_date as value_d15_34_0_, jpasssfloa0_.workflow_status_id as workflo16_34_0_ from floating_rate_temp jpasssfloa0_ where jpasssfloa0_.id=?
2022-12-23 20:29:55.138 [main] DEBUG org.hibernate.SQL:128 - insert into floating_rate_temp (action, approval_remark, approved_by, approved_date, created_date, effective_date, modified_by, modified_date, publication_date, rate, reference_rate, remarks, status, value_date, workflow_status_id, id) values (?, ?, ?, ?, ?, ?, ?, ?, ?, ?, ?, ?, ?, ?, ?, ?)
2022-12-23 20:29:55.586 [main] DEBUG org.hibernate.SQL:128 - insert into floating_rate_source (action, approval_remark, approved_by, approved_date, created_date, effective_date, id, modified_by, modified_date, publication_date, rate, reference_rate, remarks, status, value_date, workflow_status_id) values (?, ?, ?, ?, ?, ?, ?, ?, ?, ?, ?, ?, ?, ?, ?, ?)
2022-12-23 20:29:55.930 [main] DEBUG org.hibernate.SQL:128 - select jpasssfloa0_.id as id1_34_0_, jpasssfloa0_.action as action2_34_0_, jpasssfloa0_.approval_remark as approval3_34_0_, jpasssfloa0_.approved_by as approved4_34_0_, jpasssfloa0_.approved_date as approved5_34_0_, jpasssfloa0_.created_date as created_6_34_0_, jpasssfloa0_.effective_date as effectiv7_34_0_, jpasssfloa0_.modified_by as modified8_34_0_, jpasssfloa0_.modified_date as modified9_34_0_, jpasssfloa0_.publication_date as publica10_34_0_, jpasssfloa0_.rate as rate11_34_0_, jpasssfloa0_.reference_rate as referen12_34_0_, jpasssfloa0_.remarks as remarks13_34_0_, jpasssfloa0_.status as status14_34_0_, jpasssfloa0_.value_date as value_d15_34_0_, jpasssfloa0_.workflow_status_id as workflo16_34_0_ from floating_rate_temp jpasssfloa0_ where jpasssfloa0_.id=?
2022-12-23 20:29:56.025 [main] DEBUG org.hibernate.SQL:128 - insert into floating_rate_temp (action, approval_remark, approved_by, approved_date, created_date, effective_date, modified_by, modified_date, publication_date, rate, reference_rate, remarks, status, value_date, workflow_status_id, id) values (?, ?, ?, ?, ?, ?, ?, ?, ?, ?, ?, ?, ?, ?, ?, ?)
2022-12-23 20:29:56.443 [main] DEBUG org.hibernate.SQL:128 - insert into floating_rate_source (action, approval_remark, approved_by, approved_date, created_date, effective_date, id, modified_by, modified_date, publication_date, rate, reference_rate, remarks, status, value_date, workflow_status_id) values (?, ?, ?, ?, ?, ?, ?, ?, ?, ?, ?, ?, ?, ?, ?, ?)
2022-12-23 20:29:56.788 [main] DEBUG org.hibernate.SQL:128 - select jpasssfloa0_.id as id1_34_0_, jpasssfloa0_.action as action2_34_0_, jpasssfloa0_.approval_remark as approval3_34_0_, jpasssfloa0_.approved_by as approved4_34_0_, jpasssfloa0_.approved_date as approved5_34_0_, jpasssfloa0_.created_date as created_6_34_0_, jpasssfloa0_.effective_date as effectiv7_34_0_, jpasssfloa0_.modified_by as modified8_34_0_, jpasssfloa0_.modified_date as modified9_34_0_, jpasssfloa0_.publication_date as publica10_34_0_, jpasssfloa0_.rate as rate11_34_0_, jpasssfloa0_.reference_rate as referen12_34_0_, jpasssfloa0_.remarks as remarks13_34_0_, jpasssfloa0_.status as status14_34_0_, jpasssfloa0_.value_date as value_d15_34_0_, jpasssfloa0_.workflow_status_id as workflo16_34_0_ from floating_rate_temp jpasssfloa0_ where jpasssfloa0_.id=?
2022-12-23 20:29:56.883 [main] DEBUG org.hibernate.SQL:128 - insert into floating_rate_temp (action, approval_remark, approved_by, approved_date, created_date, effective_date, modified_by, modified_date, publication_date, rate, reference_rate, remarks, status, value_date, workflow_status_id, id) values (?, ?, ?, ?, ?, ?, ?, ?, ?, ?, ?, ?, ?, ?, ?, ?)
2022-12-23 20:29:57.304 [main] DEBUG org.hibernate.SQL:128 - insert into floating_rate_source (action, approval_remark, approved_by, approved_date, created_date, effective_date, id, modified_by, modified_date, publication_date, rate, reference_rate, remarks, status, value_date, workflow_status_id) values (?, ?, ?, ?, ?, ?, ?, ?, ?, ?, ?, ?, ?, ?, ?, ?)
2022-12-23 20:29:57.629 [main] DEBUG org.hibernate.SQL:128 - select jpasssfloa0_.id as id1_34_0_, jpasssfloa0_.action as action2_34_0_, jpasssfloa0_.approval_remark as approval3_34_0_, jpasssfloa0_.approved_by as approved4_34_0_, jpasssfloa0_.approved_date as approved5_34_0_, jpasssfloa0_.created_date as created_6_34_0_, jpasssfloa0_.effective_date as effectiv7_34_0_, jpasssfloa0_.modified_by as modified8_34_0_, jpasssfloa0_.modified_date as modified9_34_0_, jpasssfloa0_.publication_date as publica10_34_0_, jpasssfloa0_.rate as rate11_34_0_, jpasssfloa0_.reference_rate as referen12_34_0_, jpasssfloa0_.remarks as remarks13_34_0_, jpasssfloa0_.status as status14_34_0_, jpasssfloa0_.value_date as value_d15_34_0_, jpasssfloa0_.workflow_status_id as workflo16_34_0_ from floating_rate_temp jpasssfloa0_ where jpasssfloa0_.id=?
2022-12-23 20:29:57.738 [main] DEBUG org.hibernate.SQL:128 - insert into floating_rate_temp (action, approval_remark, approved_by, approved_date, created_date, effective_date, modified_by, modified_date, publication_date, rate, reference_rate, remarks, status, value_date, workflow_status_id, id) values (?, ?, ?, ?, ?, ?, ?, ?, ?, ?, ?, ?, ?, ?, ?, ?)
2022-12-23 20:29:58.174 [main] DEBUG org.hibernate.SQL:128 - insert into floating_rate_source (action, approval_remark, approved_by, approved_date, created_date, effective_date, id, modified_by, modified_date, publication_date, rate, reference_rate, remarks, status, value_date, workflow_status_id) values (?, ?, ?, ?, ?, ?, ?, ?, ?, ?, ?, ?, ?, ?, ?, ?)
2022-12-23 20:29:58.582 [main] DEBUG org.hibernate.SQL:128 - insert into floating_rate_source (action, approval_remark, approved_by, approved_date, created_date, effective_date, id, modified_by, modified_date, publication_date, rate, reference_rate, remarks, status, value_date, workflow_status_id) values (?, ?, ?, ?, ?, ?, ?, ?, ?, ?, ?, ?, ?, ?, ?, ?)
2022-12-23 20:29:58.947 [main] DEBUG org.hibernate.SQL:128 - insert into floating_rate_source (action, approval_remark, approved_by, approved_date, created_date, effective_date, id, modified_by, modified_date, publication_date, rate, reference_rate, remarks, status, value_date, workflow_status_id) values (?, ?, ?, ?, ?, ?, ?, ?, ?, ?, ?, ?, ?, ?, ?, ?)
2022-12-23 20:29:59.304 [main] DEBUG org.hibernate.SQL:128 - insert into floating_rate_source (action, approval_remark, approved_by, approved_date, created_date, effective_date, id, modified_by, modified_date, publication_date, rate, reference_rate, remarks, status, value_date, workflow_status_id) values (?, ?, ?, ?, ?, ?, ?, ?, ?, ?, ?, ?, ?, ?, ?, ?)
2022-12-23 20:29:59.615 [main] DEBUG org.hibernate.SQL:128 - insert into floating_rate_source (action, approval_remark, approved_by, approved_date, created_date, effective_date, id, modified_by, modified_date, publication_date, rate, reference_rate, remarks, status, value_date, workflow_status_id) values (?, ?, ?, ?, ?, ?, ?, ?, ?, ?, ?, ?, ?, ?, ?, ?)
2022-12-23 20:30:00.149 [main] DEBUG org.hibernate.SQL:128 - select jpasssfloa0_.reference_rate as referenc1_32_, jpasssfloa0_.value_date as value_da2_32_, jpasssfloa0_.action as action3_32_, jpasssfloa0_.approval_remark as approval4_32_, jpasssfloa0_.approved_by as approved5_32_, jpasssfloa0_.approved_date as approved6_32_, jpasssfloa0_.created_date as created_7_32_, jpasssfloa0_.effective_date as effectiv8_32_, jpasssfloa0_.modified_by as modified9_32_, jpasssfloa0_.modified_date as modifie10_32_, jpasssfloa0_.publication_date as publica11_32_, jpasssfloa0_.rate as rate12_32_, jpasssfloa0_.status as status13_32_, jpasssfloa0_.workflow_status_id as workflo14_32_ from floating_rate jpasssfloa0_ where jpasssfloa0_.reference_rate=? and jpasssfloa0_.value_date=?
2022-12-23 20:30:00.597 [main] DEBUG org.hibernate.SQL:128 - select jpasssfloa0_.reference_rate as referenc1_32_0_, jpasssfloa0_.value_date as value_da2_32_0_, jpasssfloa0_.action as action3_32_0_, jpasssfloa0_.approval_remark as approval4_32_0_, jpasssfloa0_.approved_by as approved5_32_0_, jpasssfloa0_.approved_date as approved6_32_0_, jpasssfloa0_.created_date as created_7_32_0_, jpasssfloa0_.effective_date as effectiv8_32_0_, jpasssfloa0_.modified_by as modified9_32_0_, jpasssfloa0_.modified_date as modifie10_32_0_, jpasssfloa0_.publication_date as publica11_32_0_, jpasssfloa0_.rate as rate12_32_0_, jpasssfloa0_.status as status13_32_0_, jpasssfloa0_.workflow_status_id as workflo14_32_0_ from floating_rate jpasssfloa0_ where jpasssfloa0_.reference_rate=? and jpasssfloa0_.value_date=?
2022-12-23 20:30:00.697 [main] DEBUG org.hibernate.SQL:128 - insert into floating_rate (action, approval_remark, approved_by, approved_date, created_date, effective_date, modified_by, modified_date, publication_date, rate, status, workflow_status_id, reference_rate, value_date) values (?, ?, ?, ?, ?, ?, ?, ?, ?, ?, ?, ?, ?, ?)
2022-12-23 20:30:01.454 [main] DEBUG org.hibernate.SQL:128 - select jpasssfloa0_.reference_rate as referenc1_32_, jpasssfloa0_.value_date as value_da2_32_, jpasssfloa0_.action as action3_32_, jpasssfloa0_.approval_remark as approval4_32_, jpasssfloa0_.approved_by as approved5_32_, jpasssfloa0_.approved_date as approved6_32_, jpasssfloa0_.created_date as created_7_32_, jpasssfloa0_.effective_date as effectiv8_32_, jpasssfloa0_.modified_by as modified9_32_, jpasssfloa0_.modified_date as modifie10_32_, jpasssfloa0_.publication_date as publica11_32_, jpasssfloa0_.rate as rate12_32_, jpasssfloa0_.status as status13_32_, jpasssfloa0_.workflow_status_id as workflo14_32_ from floating_rate jpasssfloa0_ where jpasssfloa0_.reference_rate=? and jpasssfloa0_.value_date=?
2022-12-23 20:30:01.805 [main] DEBUG org.hibernate.SQL:128 - select jpasssfloa0_.id as id1_34_0_, jpasssfloa0_.action as action2_34_0_, jpasssfloa0_.approval_remark as approval3_34_0_, jpasssfloa0_.approved_by as approved4_34_0_, jpasssfloa0_.approved_date as approved5_34_0_, jpasssfloa0_.created_date as created_6_34_0_, jpasssfloa0_.effective_date as effectiv7_34_0_, jpasssfloa0_.modified_by as modified8_34_0_, jpasssfloa0_.modified_date as modified9_34_0_, jpasssfloa0_.publication_date as publica10_34_0_, jpasssfloa0_.rate as rate11_34_0_, jpasssfloa0_.reference_rate as referen12_34_0_, jpasssfloa0_.remarks as remarks13_34_0_, jpasssfloa0_.status as status14_34_0_, jpasssfloa0_.value_date as value_d15_34_0_, jpasssfloa0_.workflow_status_id as workflo16_34_0_ from floating_rate_temp jpasssfloa0_ where jpasssfloa0_.id=?
2022-12-23 20:30:01.886 [main] DEBUG org.hibernate.SQL:128 - update floating_rate_temp set action=?, approval_remark=?, approved_by=?, approved_date=?, created_date=?, effective_date=?, modified_by=?, modified_date=?, publication_date=?, rate=?, reference_rate=?, remarks=?, status=?, value_date=?, workflow_status_id=? where id=?
2022-12-23 20:30:02.534 [main] DEBUG org.hibernate.SQL:128 - select jpasssfloa0_.reference_rate as referenc1_32_, jpasssfloa0_.value_date as value_da2_32_, jpasssfloa0_.action as action3_32_, jpasssfloa0_.approval_remark as approval4_32_, jpasssfloa0_.approved_by as approved5_32_, jpasssfloa0_.approved_date as approved6_32_, jpasssfloa0_.created_date as created_7_32_, jpasssfloa0_.effective_date as effectiv8_32_, jpasssfloa0_.modified_by as modified9_32_, jpasssfloa0_.modified_date as modifie10_32_, jpasssfloa0_.publication_date as publica11_32_, jpasssfloa0_.rate as rate12_32_, jpasssfloa0_.status as status13_32_, jpasssfloa0_.workflow_status_id as workflo14_32_ from floating_rate jpasssfloa0_ where jpasssfloa0_.reference_rate=? and jpasssfloa0_.value_date=?
2022-12-23 20:30:02.961 [main] DEBUG org.hibernate.SQL:128 - select jpasssfloa0_.reference_rate as referenc1_32_0_, jpasssfloa0_.value_date as value_da2_32_0_, jpasssfloa0_.action as action3_32_0_, jpasssfloa0_.approval_remark as approval4_32_0_, jpasssfloa0_.approved_by as approved5_32_0_, jpasssfloa0_.approved_date as approved6_32_0_, jpasssfloa0_.created_date as created_7_32_0_, jpasssfloa0_.effective_date as effectiv8_32_0_, jpasssfloa0_.modified_by as modified9_32_0_, jpasssfloa0_.modified_date as modifie10_32_0_, jpasssfloa0_.publication_date as publica11_32_0_, jpasssfloa0_.rate as rate12_32_0_, jpasssfloa0_.status as status13_32_0_, jpasssfloa0_.workflow_status_id as workflo14_32_0_ from floating_rate jpasssfloa0_ where jpasssfloa0_.reference_rate=? and jpasssfloa0_.value_date=?
2022-12-23 20:30:03.044 [main] DEBUG org.hibernate.SQL:128 - insert into floating_rate (action, approval_remark, approved_by, approved_date, created_date, effective_date, modified_by, modified_date, publication_date, rate, status, workflow_status_id, reference_rate, value_date) values (?, ?, ?, ?, ?, ?, ?, ?, ?, ?, ?, ?, ?, ?)
2022-12-23 20:30:03.732 [main] DEBUG org.hibernate.SQL:128 - select jpasssfloa0_.reference_rate as referenc1_32_, jpasssfloa0_.value_date as value_da2_32_, jpasssfloa0_.action as action3_32_, jpasssfloa0_.approval_remark as approval4_32_, jpasssfloa0_.approved_by as approved5_32_, jpasssfloa0_.approved_date as approved6_32_, jpasssfloa0_.created_date as created_7_32_, jpasssfloa0_.effective_date as effectiv8_32_, jpasssfloa0_.modified_by as modified9_32_, jpasssfloa0_.modified_date as modifie10_32_, jpasssfloa0_.publication_date as publica11_32_, jpasssfloa0_.rate as rate12_32_, jpasssfloa0_.status as status13_32_, jpasssfloa0_.workflow_status_id as workflo14_32_ from floating_rate jpasssfloa0_ where jpasssfloa0_.reference_rate=? and jpasssfloa0_.value_date=?
2022-12-23 20:30:04.157 [main] DEBUG org.hibernate.SQL:128 - select jpasssfloa0_.reference_rate as referenc1_32_0_, jpasssfloa0_.value_date as value_da2_32_0_, jpasssfloa0_.action as action3_32_0_, jpasssfloa0_.approval_remark as approval4_32_0_, jpasssfloa0_.approved_by as approved5_32_0_, jpasssfloa0_.approved_date as approved6_32_0_, jpasssfloa0_.created_date as created_7_32_0_, jpasssfloa0_.effective_date as effectiv8_32_0_, jpasssfloa0_.modified_by as modified9_32_0_, jpasssfloa0_.modified_date as modifie10_32_0_, jpasssfloa0_.publication_date as publica11_32_0_, jpasssfloa0_.rate as rate12_32_0_, jpasssfloa0_.status as status13_32_0_, jpasssfloa0_.workflow_status_id as workflo14_32_0_ from floating_rate jpasssfloa0_ where jpasssfloa0_.reference_rate=? and jpasssfloa0_.value_date=?
2022-12-23 20:30:04.251 [main] DEBUG org.hibernate.SQL:128 - insert into floating_rate (action, approval_remark, approved_by, approved_date, created_date, effective_date, modified_by, modified_date, publication_date, rate, status, workflow_status_id, reference_rate, value_date) values (?, ?, ?, ?, ?, ?, ?, ?, ?, ?, ?, ?, ?, ?)
2022-12-23 20:30:04.708 [main] INFO  scrips.datamigration.common.service.FkChecksEnableDisable:23 - enable FkChecks called
2022-12-23 20:30:04.709 [main] DEBUG org.hibernate.SQL:128 - SET FOREIGN_KEY_CHECKS = 1
2022-12-23 20:30:04.792 [main] INFO  scrips.datamigration.common.service.FkChecksEnableDisable:25 - enable FkChecks done
2022-12-23 20:30:04.959 [main] DEBUG org.hibernate.SQL:128 - SELECT @@GLOBAL.foreign_key_checks, @@SESSION.foreign_key_checks
2022-12-23 20:30:05.039 [main] INFO  scrips.datamigration.common.service.FkChecksEnableDisable:52 - foreign_key_checks status - 1
2022-12-23 20:30:05.116 [SpringContextShutdownHook] INFO  org.springframework.orm.jpa.LocalContainerEntityManagerFactoryBean:598 - Closing JPA EntityManagerFactory for persistence unit 'data'
2022-12-23 20:30:05.123 [SpringContextShutdownHook] INFO  com.zaxxer.hikari.HikariDataSource:350 - HikariPool-1 - Shutdown initiated...
2022-12-23 20:30:05.150 [SpringContextShutdownHook] INFO  com.zaxxer.hikari.HikariDataSource:352 - HikariPool-1 - Shutdown completed.
