2022-12-22 16:51:00.394 [main] INFO  scrips.datamigration.App:55 - Starting App on WSIN181 with PID 15356 (D:\DataMigrationNEW\DATA_MIGRATION_RTGS\DataMigrationAndExtract\DataMigration\target\classes started by SheikKhadeer in D:\DataMigrationNEW\DATA_MIGRATION_RTGS\DataMigrationAndExtract\DataMigration)
2022-12-22 16:51:00.401 [main] INFO  scrips.datamigration.App:651 - No active profile set, falling back to default profiles: app
2022-12-22 16:51:01.475 [main] INFO  org.springframework.data.repository.config.RepositoryConfigurationDelegate:127 - Bootstrapping Spring Data JPA repositories in DEFAULT mode.
2022-12-22 16:51:02.100 [main] INFO  org.springframework.data.repository.config.RepositoryConfigurationDelegate:187 - Finished Spring Data repository scanning in 613ms. Found 66 JPA repository interfaces.
2022-12-22 16:51:02.533 [main] INFO  com.ulisesbocchio.jasyptspringboot.configuration.EnableEncryptablePropertiesBeanFactoryPostProcessor:39 - Post-processing PropertySource instances
2022-12-22 16:51:02.572 [main] INFO  com.ulisesbocchio.jasyptspringboot.EncryptablePropertySourceConverter:56 - Converting PropertySource configurationProperties [org.springframework.boot.context.properties.source.ConfigurationPropertySourcesPropertySource] to AOP Proxy
2022-12-22 16:51:02.573 [main] INFO  com.ulisesbocchio.jasyptspringboot.EncryptablePropertySourceConverter:56 - Converting PropertySource commandLineArgs [org.springframework.core.env.SimpleCommandLinePropertySource] to EncryptableEnumerablePropertySourceWrapper
2022-12-22 16:51:02.573 [main] INFO  com.ulisesbocchio.jasyptspringboot.EncryptablePropertySourceConverter:56 - Converting PropertySource systemProperties [org.springframework.core.env.PropertiesPropertySource] to EncryptableMapPropertySourceWrapper
2022-12-22 16:51:02.573 [main] INFO  com.ulisesbocchio.jasyptspringboot.EncryptablePropertySourceConverter:56 - Converting PropertySource systemEnvironment [org.springframework.boot.env.SystemEnvironmentPropertySourceEnvironmentPostProcessor$OriginAwareSystemEnvironmentPropertySource] to EncryptableSystemEnvironmentPropertySourceWrapper
2022-12-22 16:51:02.574 [main] INFO  com.ulisesbocchio.jasyptspringboot.EncryptablePropertySourceConverter:56 - Converting PropertySource random [org.springframework.boot.env.RandomValuePropertySource] to EncryptablePropertySourceWrapper
2022-12-22 16:51:02.574 [main] INFO  com.ulisesbocchio.jasyptspringboot.EncryptablePropertySourceConverter:56 - Converting PropertySource applicationConfig: [file:./config/application.properties] [org.springframework.boot.env.OriginTrackedMapPropertySource] to EncryptableMapPropertySourceWrapper
2022-12-22 16:51:02.574 [main] INFO  com.ulisesbocchio.jasyptspringboot.EncryptablePropertySourceConverter:56 - Converting PropertySource applicationConfig: [classpath:/application.properties] [org.springframework.boot.env.OriginTrackedMapPropertySource] to EncryptableMapPropertySourceWrapper
2022-12-22 16:51:02.575 [main] INFO  com.ulisesbocchio.jasyptspringboot.EncryptablePropertySourceConverter:56 - Converting PropertySource DataMigrationProperties [org.springframework.core.env.MapPropertySource] to EncryptableMapPropertySourceWrapper
2022-12-22 16:51:02.707 [main] INFO  com.ulisesbocchio.jasyptspringboot.filter.DefaultLazyPropertyFilter:31 - Property Filter custom Bean not found with name 'encryptablePropertyFilter'. Initializing Default Property Filter
2022-12-22 16:51:02.827 [main] INFO  com.ulisesbocchio.jasyptspringboot.resolver.DefaultLazyPropertyResolver:35 - Property Resolver custom Bean not found with name 'encryptablePropertyResolver'. Initializing Default Property Resolver
2022-12-22 16:51:02.830 [main] INFO  com.ulisesbocchio.jasyptspringboot.detector.DefaultLazyPropertyDetector:35 - Property Detector custom Bean not found with name 'encryptablePropertyDetector'. Initializing Default Property Detector
2022-12-22 16:51:02.850 [main] INFO  com.ulisesbocchio.jasyptspringboot.encryptor.DefaultLazyEncryptor:37 - String Encryptor custom Bean not found with name 'jasyptStringEncryptor'. Initializing Default String Encryptor
2022-12-22 16:51:02.866 [main] INFO  com.ulisesbocchio.jasyptspringboot.configuration.StringEncryptorBuilder:81 - Encryptor config not found for property jasypt.encryptor.key-obtention-iterations, using default value: 1000
2022-12-22 16:51:02.866 [main] INFO  com.ulisesbocchio.jasyptspringboot.configuration.StringEncryptorBuilder:81 - Encryptor config not found for property jasypt.encryptor.pool-size, using default value: 1
2022-12-22 16:51:02.867 [main] INFO  com.ulisesbocchio.jasyptspringboot.configuration.StringEncryptorBuilder:81 - Encryptor config not found for property jasypt.encryptor.provider-name, using default value: null
2022-12-22 16:51:02.868 [main] INFO  com.ulisesbocchio.jasyptspringboot.configuration.StringEncryptorBuilder:81 - Encryptor config not found for property jasypt.encryptor.provider-class-name, using default value: null
2022-12-22 16:51:02.868 [main] INFO  com.ulisesbocchio.jasyptspringboot.configuration.StringEncryptorBuilder:81 - Encryptor config not found for property jasypt.encryptor.salt-generator-classname, using default value: org.jasypt.salt.RandomSaltGenerator
2022-12-22 16:51:02.871 [main] INFO  com.ulisesbocchio.jasyptspringboot.configuration.StringEncryptorBuilder:81 - Encryptor config not found for property jasypt.encryptor.string-output-type, using default value: base64
2022-12-22 16:51:03.077 [main] INFO  org.hibernate.jpa.internal.util.LogHelper:31 - HHH000204: Processing PersistenceUnitInfo [name: data]
2022-12-22 16:51:03.148 [main] INFO  org.hibernate.Version:44 - HHH000412: Hibernate ORM core version 5.4.15.Final
2022-12-22 16:51:03.350 [main] INFO  org.hibernate.annotations.common.Version:49 - HCANN000001: Hibernate Commons Annotations {5.1.0.Final}
2022-12-22 16:51:03.908 [main] INFO  com.zaxxer.hikari.HikariDataSource:110 - HikariPool-1 - Starting...
2022-12-22 16:51:04.274 [main] INFO  com.zaxxer.hikari.HikariDataSource:123 - HikariPool-1 - Start completed.
2022-12-22 16:51:04.321 [main] INFO  org.hibernate.dialect.Dialect:172 - HHH000400: Using dialect: org.hibernate.dialect.MySQL8Dialect
2022-12-22 16:51:04.435 [main] INFO  org.hibernate.envers.boot.internal.EnversServiceImpl:90 - Envers integration enabled? : true
2022-12-22 16:51:06.715 [main] INFO  org.hibernate.engine.transaction.jta.platform.internal.JtaPlatformInitiator:52 - HHH000490: Using JtaPlatform implementation: [org.hibernate.engine.transaction.jta.platform.internal.NoJtaPlatform]
2022-12-22 16:51:06.723 [main] INFO  org.springframework.orm.jpa.LocalContainerEntityManagerFactoryBean:416 - Initialized JPA EntityManagerFactory for persistence unit 'data'
2022-12-22 16:51:09.047 [main] INFO  scrips.datamigration.App:61 - Started App in 9.257 seconds (JVM running for 10.942)
2022-12-22 16:51:09.105 [main] INFO  scrips.datamigration.common.service.FkChecksEnableDisable:36 - disable FkChecks called
2022-12-22 16:51:09.134 [main] DEBUG org.hibernate.SQL:128 - SET FOREIGN_KEY_CHECKS = 0
2022-12-22 16:51:09.166 [main] INFO  scrips.datamigration.common.service.FkChecksEnableDisable:38 - disable FkChecks done
2022-12-22 16:51:09.239 [main] DEBUG org.hibernate.SQL:128 - SELECT @@GLOBAL.foreign_key_checks, @@SESSION.foreign_key_checks
2022-12-22 16:51:09.266 [main] INFO  scrips.datamigration.common.service.FkChecksEnableDisable:52 - foreign_key_checks status - 0
2022-12-22 16:51:09.269 [main] INFO  scrips.datamigration.controller.ScripsFileUploadController:159 - fileUploadCode - SSS_TRANSACTION_FILE_UPLOAD
2022-12-22 16:51:09.269 [main] INFO  scrips.datamigration.common.service.FileUploadService:115 - getFileHeaderByCode entered
2022-12-22 16:51:09.270 [main] INFO  scrips.datamigration.common.service.FileUploadService:121 - fileUpldHeaderOut - sss_transaction
2022-12-22 16:51:09.270 [main] INFO  scrips.datamigration.controller.ScripsFileUploadController:163 - Live table name ->sss_transaction
2022-12-22 16:51:09.272 [main] INFO  scrips.datamigration.common.service.FileUploadService:81 - ftp status n
2022-12-22 16:51:09.272 [main] INFO  scrips.datamigration.common.service.FileUploadService:96 - FTP Not Enabled,Reading files from MigrationFiles folder
2022-12-22 16:51:09.280 [main] INFO  scrips.datamigration.controller.ScripsFileUploadController:177 - fileRecords - ST2022060210472597906325|SGSITSE04051|RPC|20220601|20220601|SGD|100.0.0000|4000.00000|10.00000|ZYSHSGS0|MASGSGSG|transaction1|2022-06-02 02:47:26|2022-06-02 02:47:29|1|sese.023.001.09|ZYSASGS0|MASGSGSG|ALLOTEST1|FLL00001|ERF|1|55.00
2022-12-22 16:51:09.280 [main] INFO  scrips.datamigration.controller.ScripsFileUploadController:177 - fileRecords - ST2022061005005110298446|SGCANCELSHA7|RPC|20220310|20220310|SGD|0.00000|80000.00000|3000.00|MASGSGSG|ZYSASGS0|transaction2|2022-06-09 21:00:51|2022-06-10 10:30:02|2|sese.023.001.09|MAS00001|MASGSGSC|CTR00002|ALO00001|MRF|2|120.00.0
2022-12-22 16:51:09.281 [main] INFO  scrips.datamigration.controller.ScripsFileUploadController:179 - 1:sss_reference
2022-12-22 16:51:09.281 [main] INFO  scrips.datamigration.controller.ScripsFileUploadController:179 - 2:securities_code
2022-12-22 16:51:09.281 [main] INFO  scrips.datamigration.controller.ScripsFileUploadController:179 - 3:transaction_type
2022-12-22 16:51:09.281 [main] INFO  scrips.datamigration.controller.ScripsFileUploadController:179 - 4:settlement_date
2022-12-22 16:51:09.281 [main] INFO  scrips.datamigration.controller.ScripsFileUploadController:179 - 5:trade_date
2022-12-22 16:51:09.281 [main] INFO  scrips.datamigration.controller.ScripsFileUploadController:179 - 6:currency_code
2022-12-22 16:51:09.282 [main] INFO  scrips.datamigration.controller.ScripsFileUploadController:179 - 7:settlement_amount
2022-12-22 16:51:09.282 [main] INFO  scrips.datamigration.controller.ScripsFileUploadController:179 - 8:nominal_amount
2022-12-22 16:51:09.282 [main] INFO  scrips.datamigration.controller.ScripsFileUploadController:179 - 9:deal_price
2022-12-22 16:51:09.282 [main] INFO  scrips.datamigration.controller.ScripsFileUploadController:179 - 10:deliverer_member_code
2022-12-22 16:51:09.282 [main] INFO  scrips.datamigration.controller.ScripsFileUploadController:179 - 11:receiver_member_code
2022-12-22 16:51:09.282 [main] INFO  scrips.datamigration.controller.ScripsFileUploadController:179 - 12:transaction_reference
2022-12-22 16:51:09.282 [main] INFO  scrips.datamigration.controller.ScripsFileUploadController:179 - 13:created_date
2022-12-22 16:51:09.283 [main] INFO  scrips.datamigration.controller.ScripsFileUploadController:179 - 14:modified_date
2022-12-22 16:51:09.283 [main] INFO  scrips.datamigration.controller.ScripsFileUploadController:179 - 15:receiver_member_swift_code
2022-12-22 16:51:09.283 [main] INFO  scrips.datamigration.controller.ScripsFileUploadController:179 - 16:message_type
2022-12-22 16:51:09.283 [main] INFO  scrips.datamigration.controller.ScripsFileUploadController:179 - 17:receiver_rtgs_member_code
2022-12-22 16:51:09.284 [main] INFO  scrips.datamigration.controller.ScripsFileUploadController:179 - 18:deliverer_rtgs_member_code
2022-12-22 16:51:09.284 [main] INFO  scrips.datamigration.controller.ScripsFileUploadController:179 - 19:deliverer_account_no
2022-12-22 16:51:09.284 [main] INFO  scrips.datamigration.controller.ScripsFileUploadController:179 - 20:receiver_account_no
2022-12-22 16:51:09.284 [main] INFO  scrips.datamigration.controller.ScripsFileUploadController:179 - 21:receiver_sender_id
2022-12-22 16:51:09.284 [main] INFO  scrips.datamigration.controller.ScripsFileUploadController:179 - 22:deliverer_sender_id
2022-12-22 16:51:09.285 [main] INFO  scrips.datamigration.controller.ScripsFileUploadController:179 - 23:accured_interest_amount
2022-12-22 16:51:09.294 [main] INFO  scrips.datamigration.sss.service.SssTransactionService:171 - Total records in File: {}2
2022-12-22 16:51:09.338 [main] DEBUG org.hibernate.SQL:128 - insert into transaction_source (accured_interest_amount, balance_type, created_date, currency_code, deal_price, deliverer_account_id, deliverer_account_no, deliverer_beneficiary_account, deliverer_channel, deliverer_member_code, deliverer_member_id, deliverer_onbehalf, deliverer_rtgs_account, deliverer_rtgs_member_code, deliverer_sender_id, erf_reference, grid_lock_indicator, haircut_rate, hold_indicator, id, message_log_id, message_type, modified_date, msg_received_timestamp, nominal_amount, original_account_no, payee_member_swift_code, payer_member_swift_code, payment_type, pdm_indicator, pending_cancellation_indicator, process_flag, processed_date, reason_code, receiver_account_id, receiver_account_no, receiver_channel, receiver_member_code, receiver_member_id, receiver_member_swift_code, receiver_onbehalf, receiver_rtgs_account, receiver_rtgs_member_code, receiver_sender_id, remarks, repo_closing_date, repo_closing_settlement_amount, repo_rate, rollover_count, securities_code, sender_member_code, sender_member_id, sender_member_swift_code, sender_type, settlement_amount, settlement_date, sss_reference, status, trade_date, transaction_reference, transaction_type, underlying_id) values (?, ?, ?, ?, ?, ?, ?, ?, ?, ?, ?, ?, ?, ?, ?, ?, ?, ?, ?, ?, ?, ?, ?, ?, ?, ?, ?, ?, ?, ?, ?, ?, ?, ?, ?, ?, ?, ?, ?, ?, ?, ?, ?, ?, ?, ?, ?, ?, ?, ?, ?, ?, ?, ?, ?, ?, ?, ?, ?, ?, ?, ?)
2022-12-22 16:51:09.444 [main] DEBUG org.hibernate.SQL:128 - insert into transaction_source (accured_interest_amount, balance_type, created_date, currency_code, deal_price, deliverer_account_id, deliverer_account_no, deliverer_beneficiary_account, deliverer_channel, deliverer_member_code, deliverer_member_id, deliverer_onbehalf, deliverer_rtgs_account, deliverer_rtgs_member_code, deliverer_sender_id, erf_reference, grid_lock_indicator, haircut_rate, hold_indicator, id, message_log_id, message_type, modified_date, msg_received_timestamp, nominal_amount, original_account_no, payee_member_swift_code, payer_member_swift_code, payment_type, pdm_indicator, pending_cancellation_indicator, process_flag, processed_date, reason_code, receiver_account_id, receiver_account_no, receiver_channel, receiver_member_code, receiver_member_id, receiver_member_swift_code, receiver_onbehalf, receiver_rtgs_account, receiver_rtgs_member_code, receiver_sender_id, remarks, repo_closing_date, repo_closing_settlement_amount, repo_rate, rollover_count, securities_code, sender_member_code, sender_member_id, sender_member_swift_code, sender_type, settlement_amount, settlement_date, sss_reference, status, trade_date, transaction_reference, transaction_type, underlying_id) values (?, ?, ?, ?, ?, ?, ?, ?, ?, ?, ?, ?, ?, ?, ?, ?, ?, ?, ?, ?, ?, ?, ?, ?, ?, ?, ?, ?, ?, ?, ?, ?, ?, ?, ?, ?, ?, ?, ?, ?, ?, ?, ?, ?, ?, ?, ?, ?, ?, ?, ?, ?, ?, ?, ?, ?, ?, ?, ?, ?, ?, ?)
2022-12-22 16:51:09.536 [main] INFO  scrips.datamigration.common.service.FkChecksEnableDisable:23 - enable FkChecks called
2022-12-22 16:51:09.537 [main] DEBUG org.hibernate.SQL:128 - SET FOREIGN_KEY_CHECKS = 1
2022-12-22 16:51:09.560 [main] INFO  scrips.datamigration.common.service.FkChecksEnableDisable:25 - enable FkChecks done
2022-12-22 16:51:09.607 [main] DEBUG org.hibernate.SQL:128 - SELECT @@GLOBAL.foreign_key_checks, @@SESSION.foreign_key_checks
2022-12-22 16:51:09.629 [main] INFO  scrips.datamigration.common.service.FkChecksEnableDisable:52 - foreign_key_checks status - 1
2022-12-22 16:51:09.657 [SpringContextShutdownHook] INFO  org.springframework.orm.jpa.LocalContainerEntityManagerFactoryBean:598 - Closing JPA EntityManagerFactory for persistence unit 'data'
2022-12-22 16:51:09.660 [SpringContextShutdownHook] INFO  com.zaxxer.hikari.HikariDataSource:350 - HikariPool-1 - Shutdown initiated...
2022-12-22 16:51:09.673 [SpringContextShutdownHook] INFO  com.zaxxer.hikari.HikariDataSource:352 - HikariPool-1 - Shutdown completed.
