2022-12-27 10:25:25.836 [main] INFO  scrips.datamigration.App:55 - Starting App on WSIN181 with PID 10108 (D:\DataMigrationNEW\DATA_MIGRATION_RTGS\DataMigrationAndExtract\DataMigration\target\classes started by SheikKhadeer in D:\DataMigrationNEW\DATA_MIGRATION_RTGS\DataMigrationAndExtract\DataMigration)
2022-12-27 10:25:25.842 [main] INFO  scrips.datamigration.App:651 - No active profile set, falling back to default profiles: app
2022-12-27 10:25:26.646 [main] INFO  org.springframework.data.repository.config.RepositoryConfigurationDelegate:127 - Bootstrapping Spring Data JPA repositories in DEFAULT mode.
2022-12-27 10:25:27.119 [main] INFO  org.springframework.data.repository.config.RepositoryConfigurationDelegate:187 - Finished Spring Data repository scanning in 459ms. Found 61 JPA repository interfaces.
2022-12-27 10:25:27.891 [main] INFO  com.ulisesbocchio.jasyptspringboot.configuration.EnableEncryptablePropertiesBeanFactoryPostProcessor:39 - Post-processing PropertySource instances
2022-12-27 10:25:27.929 [main] INFO  com.ulisesbocchio.jasyptspringboot.EncryptablePropertySourceConverter:56 - Converting PropertySource configurationProperties [org.springframework.boot.context.properties.source.ConfigurationPropertySourcesPropertySource] to AOP Proxy
2022-12-27 10:25:27.930 [main] INFO  com.ulisesbocchio.jasyptspringboot.EncryptablePropertySourceConverter:56 - Converting PropertySource commandLineArgs [org.springframework.core.env.SimpleCommandLinePropertySource] to EncryptableEnumerablePropertySourceWrapper
2022-12-27 10:25:27.930 [main] INFO  com.ulisesbocchio.jasyptspringboot.EncryptablePropertySourceConverter:56 - Converting PropertySource systemProperties [org.springframework.core.env.PropertiesPropertySource] to EncryptableMapPropertySourceWrapper
2022-12-27 10:25:27.931 [main] INFO  com.ulisesbocchio.jasyptspringboot.EncryptablePropertySourceConverter:56 - Converting PropertySource systemEnvironment [org.springframework.boot.env.SystemEnvironmentPropertySourceEnvironmentPostProcessor$OriginAwareSystemEnvironmentPropertySource] to EncryptableSystemEnvironmentPropertySourceWrapper
2022-12-27 10:25:27.931 [main] INFO  com.ulisesbocchio.jasyptspringboot.EncryptablePropertySourceConverter:56 - Converting PropertySource random [org.springframework.boot.env.RandomValuePropertySource] to EncryptablePropertySourceWrapper
2022-12-27 10:25:27.932 [main] INFO  com.ulisesbocchio.jasyptspringboot.EncryptablePropertySourceConverter:56 - Converting PropertySource applicationConfig: [file:./config/application.properties] [org.springframework.boot.env.OriginTrackedMapPropertySource] to EncryptableMapPropertySourceWrapper
2022-12-27 10:25:27.933 [main] INFO  com.ulisesbocchio.jasyptspringboot.EncryptablePropertySourceConverter:56 - Converting PropertySource applicationConfig: [classpath:/application.properties] [org.springframework.boot.env.OriginTrackedMapPropertySource] to EncryptableMapPropertySourceWrapper
2022-12-27 10:25:27.933 [main] INFO  com.ulisesbocchio.jasyptspringboot.EncryptablePropertySourceConverter:56 - Converting PropertySource DataMigrationProperties [org.springframework.core.env.MapPropertySource] to EncryptableMapPropertySourceWrapper
2022-12-27 10:25:28.068 [main] INFO  com.ulisesbocchio.jasyptspringboot.filter.DefaultLazyPropertyFilter:31 - Property Filter custom Bean not found with name 'encryptablePropertyFilter'. Initializing Default Property Filter
2022-12-27 10:25:28.162 [main] INFO  com.ulisesbocchio.jasyptspringboot.resolver.DefaultLazyPropertyResolver:35 - Property Resolver custom Bean not found with name 'encryptablePropertyResolver'. Initializing Default Property Resolver
2022-12-27 10:25:28.165 [main] INFO  com.ulisesbocchio.jasyptspringboot.detector.DefaultLazyPropertyDetector:35 - Property Detector custom Bean not found with name 'encryptablePropertyDetector'. Initializing Default Property Detector
2022-12-27 10:25:28.175 [main] INFO  com.ulisesbocchio.jasyptspringboot.encryptor.DefaultLazyEncryptor:37 - String Encryptor custom Bean not found with name 'jasyptStringEncryptor'. Initializing Default String Encryptor
2022-12-27 10:25:28.195 [main] INFO  com.ulisesbocchio.jasyptspringboot.configuration.StringEncryptorBuilder:81 - Encryptor config not found for property jasypt.encryptor.key-obtention-iterations, using default value: 1000
2022-12-27 10:25:28.196 [main] INFO  com.ulisesbocchio.jasyptspringboot.configuration.StringEncryptorBuilder:81 - Encryptor config not found for property jasypt.encryptor.pool-size, using default value: 1
2022-12-27 10:25:28.197 [main] INFO  com.ulisesbocchio.jasyptspringboot.configuration.StringEncryptorBuilder:81 - Encryptor config not found for property jasypt.encryptor.provider-name, using default value: null
2022-12-27 10:25:28.198 [main] INFO  com.ulisesbocchio.jasyptspringboot.configuration.StringEncryptorBuilder:81 - Encryptor config not found for property jasypt.encryptor.provider-class-name, using default value: null
2022-12-27 10:25:28.198 [main] INFO  com.ulisesbocchio.jasyptspringboot.configuration.StringEncryptorBuilder:81 - Encryptor config not found for property jasypt.encryptor.salt-generator-classname, using default value: org.jasypt.salt.RandomSaltGenerator
2022-12-27 10:25:28.201 [main] INFO  com.ulisesbocchio.jasyptspringboot.configuration.StringEncryptorBuilder:81 - Encryptor config not found for property jasypt.encryptor.string-output-type, using default value: base64
2022-12-27 10:25:28.459 [main] INFO  org.hibernate.jpa.internal.util.LogHelper:31 - HHH000204: Processing PersistenceUnitInfo [name: data]
2022-12-27 10:25:28.525 [main] INFO  org.hibernate.Version:44 - HHH000412: Hibernate ORM core version 5.4.15.Final
2022-12-27 10:25:28.662 [main] INFO  org.hibernate.annotations.common.Version:49 - HCANN000001: Hibernate Commons Annotations {5.1.0.Final}
2022-12-27 10:25:29.133 [main] INFO  com.zaxxer.hikari.HikariDataSource:110 - HikariPool-1 - Starting...
2022-12-27 10:25:29.486 [main] INFO  com.zaxxer.hikari.HikariDataSource:123 - HikariPool-1 - Start completed.
2022-12-27 10:25:29.531 [main] INFO  org.hibernate.dialect.Dialect:172 - HHH000400: Using dialect: org.hibernate.dialect.MySQL8Dialect
2022-12-27 10:25:29.645 [main] INFO  org.hibernate.envers.boot.internal.EnversServiceImpl:90 - Envers integration enabled? : true
2022-12-27 10:25:31.447 [main] INFO  org.hibernate.engine.transaction.jta.platform.internal.JtaPlatformInitiator:52 - HHH000490: Using JtaPlatform implementation: [org.hibernate.engine.transaction.jta.platform.internal.NoJtaPlatform]
2022-12-27 10:25:31.454 [main] INFO  org.springframework.orm.jpa.LocalContainerEntityManagerFactoryBean:416 - Initialized JPA EntityManagerFactory for persistence unit 'data'
2022-12-27 10:25:33.161 [main] INFO  scrips.datamigration.App:61 - Started App in 7.808 seconds (JVM running for 9.508)
2022-12-27 10:25:33.230 [main] INFO  scrips.datamigration.common.service.FkChecksEnableDisable:36 - disable FkChecks called
2022-12-27 10:25:33.351 [main] DEBUG org.hibernate.SQL:128 - SET FOREIGN_KEY_CHECKS = 0
2022-12-27 10:25:33.398 [main] INFO  scrips.datamigration.common.service.FkChecksEnableDisable:38 - disable FkChecks done
2022-12-27 10:25:33.467 [main] DEBUG org.hibernate.SQL:128 - SELECT @@GLOBAL.foreign_key_checks, @@SESSION.foreign_key_checks
2022-12-27 10:25:33.493 [main] INFO  scrips.datamigration.common.service.FkChecksEnableDisable:52 - foreign_key_checks status - 0
2022-12-27 10:25:33.496 [main] INFO  scrips.datamigration.controller.ScripsFileUploadController:115 - fileUploadCode - SSS_SECURITIES_CODE_FILE_UPLOAD
2022-12-27 10:25:33.497 [main] INFO  scrips.datamigration.common.service.FileUploadService:93 - getFileHeaderByCode entered
2022-12-27 10:25:33.497 [main] INFO  scrips.datamigration.common.service.FileUploadService:99 - fileUpldHeaderOut - securities_code
2022-12-27 10:25:33.497 [main] INFO  scrips.datamigration.controller.ScripsFileUploadController:119 - Live table name ->securities_code
2022-12-27 10:25:33.499 [main] INFO  scrips.datamigration.sss.service.SssSecuritiesFileDataService:37 - Live table name ->securities_file_data
2022-12-27 10:25:33.499 [main] INFO  scrips.datamigration.sss.service.SssSecuritiesFileDataService:38 - ftp status n
2022-12-27 10:25:33.515 [main] INFO  scrips.datamigration.sss.service.SssSecuritiesFileDataService:67 - fileSourceData - ISIN Code;Description;ISIN Type;Issue Code;ISIN Status;Taxable;Tradable;Credit Rating;Eligible for ILF;ILF Haircut Setting;Haircut Percentage for ILF;Maturity Date;Optional Maturity Date;Auction Date;First Issuance Date;First Issuance Amount;Re-Opening - Auction Date;Re-Opening - Allotment Date;Re-Opening - Total Allotment Amount;Total Issued Amount;Outstanding Nominal Amount;Amount Allocated to MAS;Amount Allocated to Others;MAS Applied Amount;Unit Size;Denomination;Currency Code;Redemption Price;Coupon Rate;Ex-date Period;Ex-date;Coupon Payment Frequency;Last Coupon Date;Next Coupon Date;Optional Coupon Date;Days of Accrued Interest;Tenure;Average Yield;Cutoff Yield;Average Yield Price;Cutoff Yield Price;Re-Opening - MAS Applied Amount;Total Redeemed Amount;ISIN Sub Type
2022-12-27 10:25:33.515 [main] INFO  scrips.datamigration.sss.service.SssSecuritiesFileDataService:67 - fileSourceData - AUTOSFNEWP99;99YR BOND 2017 DUE 010199 AUTOSFNP;BN;AUTOSFNP;A;Y;Y;AAA;Y;A;00300000;20990101; ;20171228;20171229;000001000000000;20221026;20221027;000900000000000;000902800000000;000902799998000;000001500000000;000901300000000;000001000000000;1000;000000000001000;SGD;10000000;00120000;3;20230529;S;20221201;20230601;20180601;182;050;00000000;00000000;00000000;00000000;000900000000000;000000000002000;NA
2022-12-27 10:25:33.515 [main] INFO  scrips.datamigration.sss.service.SssSecuritiesFileDataService:67 - fileSourceData - BCSISMBIL001;MAS Bill;MB;BN2005M;A;Y;Y;AAA;Y;Y;00100000;20251231; ;20210518;20210519;000000100000000; ; ;000000000000000;000000100000000;000000100000000;000000000900000;000000099100000;000000000100000;1000;000000000001000;SGD;10000000;00000000;0; ;N; ; ; ; ;241;00000000;00000000;00000000;00000000;000000000000000;000000000000000;NA
2022-12-27 10:25:33.516 [main] INFO  scrips.datamigration.sss.service.SssSecuritiesFileDataService:67 - fileSourceData - BCSISTEST012;15 YEARS BONDS;BN;N999012M;A;Y;Y;AAA;Y;A;00200000;20290801; ;20170122;20170201;000000630000000;20210428;20210429;000000000600000;000000630000000;000000630000000;000000000010000;000000629990000;000000080000000;1000;000000000001000;SGD;10000000;00125000;5;20170725;S; ; ;20170801;181;015;00000000;00000000;00000000;00000000;000000000200000;000000000000000;NA
2022-12-27 10:25:33.518 [main] INFO  scrips.datamigration.sss.service.SssSecuritiesFileDataService:69 - Headings - 1:ISIN_CODE
2022-12-27 10:25:33.518 [main] INFO  scrips.datamigration.sss.service.SssSecuritiesFileDataService:69 - Headings - 2:DESCRIPTION
2022-12-27 10:25:33.518 [main] INFO  scrips.datamigration.sss.service.SssSecuritiesFileDataService:69 - Headings - 3:ISIN_TYPE
2022-12-27 10:25:33.518 [main] INFO  scrips.datamigration.sss.service.SssSecuritiesFileDataService:69 - Headings - 4:ISSUE_CODE
2022-12-27 10:25:33.519 [main] INFO  scrips.datamigration.sss.service.SssSecuritiesFileDataService:69 - Headings - 5:ISIN_STATUS
2022-12-27 10:25:33.519 [main] INFO  scrips.datamigration.sss.service.SssSecuritiesFileDataService:69 - Headings - 6:TAXABLE
2022-12-27 10:25:33.519 [main] INFO  scrips.datamigration.sss.service.SssSecuritiesFileDataService:69 - Headings - 7:TRADABLE
2022-12-27 10:25:33.519 [main] INFO  scrips.datamigration.sss.service.SssSecuritiesFileDataService:69 - Headings - 8:CREDIT_RATING
2022-12-27 10:25:33.519 [main] INFO  scrips.datamigration.sss.service.SssSecuritiesFileDataService:69 - Headings - 9:ELIGIBLE_FOR_ILF
2022-12-27 10:25:33.519 [main] INFO  scrips.datamigration.sss.service.SssSecuritiesFileDataService:69 - Headings - 10:ILF_HAIRCUT_SETTING
2022-12-27 10:25:33.519 [main] INFO  scrips.datamigration.sss.service.SssSecuritiesFileDataService:69 - Headings - 11:HAIRCUT_PERCENTAGE_FOR_ILF
2022-12-27 10:25:33.519 [main] INFO  scrips.datamigration.sss.service.SssSecuritiesFileDataService:69 - Headings - 12:MATURITY_DATE
2022-12-27 10:25:33.520 [main] INFO  scrips.datamigration.sss.service.SssSecuritiesFileDataService:69 - Headings - 13:OPTIONAL_MATURITY_DATE
2022-12-27 10:25:33.520 [main] INFO  scrips.datamigration.sss.service.SssSecuritiesFileDataService:69 - Headings - 14:AUCTION_DATE
2022-12-27 10:25:33.520 [main] INFO  scrips.datamigration.sss.service.SssSecuritiesFileDataService:69 - Headings - 15:FIRST_ISSUANCE_DATE
2022-12-27 10:25:33.520 [main] INFO  scrips.datamigration.sss.service.SssSecuritiesFileDataService:69 - Headings - 16:FIRST_ISSUANCE_AMOUNT
2022-12-27 10:25:33.520 [main] INFO  scrips.datamigration.sss.service.SssSecuritiesFileDataService:69 - Headings - 17:RE_OPENING_AUCTION_DATE
2022-12-27 10:25:33.520 [main] INFO  scrips.datamigration.sss.service.SssSecuritiesFileDataService:69 - Headings - 18:RE_OPENING_ALLOTMENT_DATE
2022-12-27 10:25:33.521 [main] INFO  scrips.datamigration.sss.service.SssSecuritiesFileDataService:69 - Headings - 19:RE_OPENING_TOTAL_ALLOTMENT_AMOUNT
2022-12-27 10:25:33.521 [main] INFO  scrips.datamigration.sss.service.SssSecuritiesFileDataService:69 - Headings - 20:TOTAL_ISSUED_AMOUNT
2022-12-27 10:25:33.521 [main] INFO  scrips.datamigration.sss.service.SssSecuritiesFileDataService:69 - Headings - 21:OUTSTANDING_NOMINAL_AMOUNT
2022-12-27 10:25:33.521 [main] INFO  scrips.datamigration.sss.service.SssSecuritiesFileDataService:69 - Headings - 22:AMOUNT_ALLOCATED_TO_MAS
2022-12-27 10:25:33.521 [main] INFO  scrips.datamigration.sss.service.SssSecuritiesFileDataService:69 - Headings - 23:AMOUNT_ALLOCATED_TO_OTHERS
2022-12-27 10:25:33.521 [main] INFO  scrips.datamigration.sss.service.SssSecuritiesFileDataService:69 - Headings - 24:MAS_APPLIED_AMOUNT
2022-12-27 10:25:33.522 [main] INFO  scrips.datamigration.sss.service.SssSecuritiesFileDataService:69 - Headings - 25:UNIT_SIZE
2022-12-27 10:25:33.522 [main] INFO  scrips.datamigration.sss.service.SssSecuritiesFileDataService:69 - Headings - 26:DENOMINATION
2022-12-27 10:25:33.522 [main] INFO  scrips.datamigration.sss.service.SssSecuritiesFileDataService:69 - Headings - 27:CURRENCY_CODE
2022-12-27 10:25:33.522 [main] INFO  scrips.datamigration.sss.service.SssSecuritiesFileDataService:69 - Headings - 28:REDEMPTION_PRICE
2022-12-27 10:25:33.522 [main] INFO  scrips.datamigration.sss.service.SssSecuritiesFileDataService:69 - Headings - 29:COUPON_RATE
2022-12-27 10:25:33.522 [main] INFO  scrips.datamigration.sss.service.SssSecuritiesFileDataService:69 - Headings - 30:EX_DATE_PERIOD
2022-12-27 10:25:33.522 [main] INFO  scrips.datamigration.sss.service.SssSecuritiesFileDataService:69 - Headings - 31:EX_DATE
2022-12-27 10:25:33.523 [main] INFO  scrips.datamigration.sss.service.SssSecuritiesFileDataService:69 - Headings - 32:COUPON_PAYMENT_FREQUENCY
2022-12-27 10:25:33.523 [main] INFO  scrips.datamigration.sss.service.SssSecuritiesFileDataService:69 - Headings - 33:LAST_COUPON_DATE
2022-12-27 10:25:33.523 [main] INFO  scrips.datamigration.sss.service.SssSecuritiesFileDataService:69 - Headings - 34:NEXT_COUPON_DATE
2022-12-27 10:25:33.523 [main] INFO  scrips.datamigration.sss.service.SssSecuritiesFileDataService:69 - Headings - 35:OPTIONAL_COUPON_DATE
2022-12-27 10:25:33.523 [main] INFO  scrips.datamigration.sss.service.SssSecuritiesFileDataService:69 - Headings - 36:DAYS_OF_ACCRUED_INTEREST
2022-12-27 10:25:33.523 [main] INFO  scrips.datamigration.sss.service.SssSecuritiesFileDataService:69 - Headings - 37:TENURE
2022-12-27 10:25:33.523 [main] INFO  scrips.datamigration.sss.service.SssSecuritiesFileDataService:69 - Headings - 38:AVERAGE_YIELD
2022-12-27 10:25:33.524 [main] INFO  scrips.datamigration.sss.service.SssSecuritiesFileDataService:69 - Headings - 39:CUTOFF_YIELD
2022-12-27 10:25:33.524 [main] INFO  scrips.datamigration.sss.service.SssSecuritiesFileDataService:69 - Headings - 40:AVERAGE_YIELD_PRICE
2022-12-27 10:25:33.524 [main] INFO  scrips.datamigration.sss.service.SssSecuritiesFileDataService:69 - Headings - 41:CUTOFF_YIELD_PRICE
2022-12-27 10:25:33.524 [main] INFO  scrips.datamigration.sss.service.SssSecuritiesFileDataService:69 - Headings - 42:RE_OPENING_MAS_APPLIED_AMOUNT
2022-12-27 10:25:33.524 [main] INFO  scrips.datamigration.sss.service.SssSecuritiesFileDataService:69 - Headings - 43:TOTAL_REDEEMED_AMOUNT
2022-12-27 10:25:33.524 [main] INFO  scrips.datamigration.sss.service.SssSecuritiesFileDataService:69 - Headings - 44:ISIN_SUB_TYPE
2022-12-27 10:25:33.529 [main] INFO  scrips.datamigration.sss.service.SssSecuritiesFileDataService:227 - Total records in File: {}4
2022-12-27 10:25:33.530 [main] INFO  scrips.datamigration.controller.ScripsFileUploadController:133 - fileRecords - AUTOSFNEWP99;AUTOSFNP;99YR BOND 2017 DUE 010199 AUTOSFNP;A;SGD;000000000001000;20171228;20171229;000001000000000;20990101;;10000000;00000000;000902800000000;S;00120000;00000000;3;050;00000000;00000000;20221201
2022-12-27 10:25:33.530 [main] INFO  scrips.datamigration.controller.ScripsFileUploadController:133 - fileRecords - BCSISMBIL001;BN2005M;MAS Bill;A;SGD;000000000001000;20210518;20210519;000000100000000;20251231;;10000000;00000000;000000100000000;N;00000000;00000000;0;241;00000000;00000000; 
2022-12-27 10:25:33.530 [main] INFO  scrips.datamigration.controller.ScripsFileUploadController:133 - fileRecords - BCSISTEST012;N999012M;15 YEARS BONDS;A;SGD;000000000001000;20170122;20170201;000000630000000;20290801;;10000000;00000000;000000630000000;S;00125000;00000000;5;015;00000000;00000000; 
2022-12-27 10:25:33.530 [main] INFO  scrips.datamigration.controller.ScripsFileUploadController:135 - 1:securities_code
2022-12-27 10:25:33.531 [main] INFO  scrips.datamigration.controller.ScripsFileUploadController:135 - 2:issue_code
2022-12-27 10:25:33.531 [main] INFO  scrips.datamigration.controller.ScripsFileUploadController:135 - 3:description
2022-12-27 10:25:33.531 [main] INFO  scrips.datamigration.controller.ScripsFileUploadController:135 - 4:securities_status
2022-12-27 10:25:33.531 [main] INFO  scrips.datamigration.controller.ScripsFileUploadController:135 - 5:currency_code
2022-12-27 10:25:33.531 [main] INFO  scrips.datamigration.controller.ScripsFileUploadController:135 - 6:denomination
2022-12-27 10:25:33.531 [main] INFO  scrips.datamigration.controller.ScripsFileUploadController:135 - 7:first_auction_date
2022-12-27 10:25:33.532 [main] INFO  scrips.datamigration.controller.ScripsFileUploadController:135 - 8:first_issuance_date
2022-12-27 10:25:33.532 [main] INFO  scrips.datamigration.controller.ScripsFileUploadController:135 - 9:first_issuance_amount
2022-12-27 10:25:33.532 [main] INFO  scrips.datamigration.controller.ScripsFileUploadController:135 - 10:redemption_date
2022-12-27 10:25:33.532 [main] INFO  scrips.datamigration.controller.ScripsFileUploadController:135 - 11:optional_redemption_date
2022-12-27 10:25:33.532 [main] INFO  scrips.datamigration.controller.ScripsFileUploadController:135 - 12:redemption_price
2022-12-27 10:25:33.532 [main] INFO  scrips.datamigration.controller.ScripsFileUploadController:135 - 13:optional_redemption_price
2022-12-27 10:25:33.532 [main] INFO  scrips.datamigration.controller.ScripsFileUploadController:135 - 14:central_bank_applied_amount
2022-12-27 10:25:33.533 [main] INFO  scrips.datamigration.controller.ScripsFileUploadController:135 - 15:coupon_payment_frequency
2022-12-27 10:25:33.533 [main] INFO  scrips.datamigration.controller.ScripsFileUploadController:135 - 16:coupon_rate
2022-12-27 10:25:33.533 [main] INFO  scrips.datamigration.controller.ScripsFileUploadController:135 - 17:average_yield
2022-12-27 10:25:33.533 [main] INFO  scrips.datamigration.controller.ScripsFileUploadController:135 - 18:record_date_period
2022-12-27 10:25:33.533 [main] INFO  scrips.datamigration.controller.ScripsFileUploadController:135 - 19:tenor_period
2022-12-27 10:25:33.533 [main] INFO  scrips.datamigration.controller.ScripsFileUploadController:135 - 20:issue_price
2022-12-27 10:25:33.533 [main] INFO  scrips.datamigration.controller.ScripsFileUploadController:135 - 21:issue_yield
2022-12-27 10:25:33.533 [main] INFO  scrips.datamigration.controller.ScripsFileUploadController:135 - 22:first_coupon_date
2022-12-27 10:25:33.534 [main] INFO  scrips.datamigration.sss.service.SssSecuritiesCodeService:250 - ftp status n
2022-12-27 10:25:33.560 [main] INFO  scrips.datamigration.sss.service.SssSecuritiesCodeService:352 - Total records in File: {}3
2022-12-27 10:25:33.613 [main] DEBUG org.hibernate.SQL:128 - insert into securities_code_source (action, approval_remark, approved_by, approved_date, average_yield, benchmark_indicator, central_bank_applied_amount, coupon_payment_frequency, coupon_rate, coupon_structure, created_date, currency_code, day_count_convention, denomination, description, effective_date, facility_eligibility_id, first_auction_date, first_coupon_date, first_issuance_amount, first_issuance_date, haircut_id, id, ipa, issue_code, issue_price, issue_yield, issuer_id, modified_by, modified_date, optional_redemption_date, optional_redemption_price, record_date_period, redemption_date, redemption_price, redemption_reimburse, remarks, rounding_option, securities_code, securities_status, securities_tenor_period_unit, securities_type_id, status, tax_scheme_id, tenor_period, tradable, workflow_status_id) values (?, ?, ?, ?, ?, ?, ?, ?, ?, ?, ?, ?, ?, ?, ?, ?, ?, ?, ?, ?, ?, ?, ?, ?, ?, ?, ?, ?, ?, ?, ?, ?, ?, ?, ?, ?, ?, ?, ?, ?, ?, ?, ?, ?, ?, ?, ?)
2022-12-27 10:25:33.965 [main] DEBUG org.hibernate.SQL:128 - select jpauser0_.id as id1_60_, jpauser0_.access_level as access_l2_60_, jpauser0_.action as action3_60_, jpauser0_.approval_remark as approval4_60_, jpauser0_.approved_by as approved5_60_, jpauser0_.approved_date as approved6_60_, jpauser0_.created_date as created_7_60_, jpauser0_.currency_code as currency8_60_, jpauser0_.effective_date as effectiv9_60_, jpauser0_.email as email10_60_, jpauser0_.first_activation_date as first_a11_60_, jpauser0_.last_login_datetime as last_lo12_60_, jpauser0_.login_attempts as login_a13_60_, jpauser0_.member_id as member_14_60_, jpauser0_.modified_by as modifie15_60_, jpauser0_.modified_date as modifie16_60_, jpauser0_.name as name17_60_, jpauser0_.password as passwor18_60_, jpauser0_.password_expiry_date as passwor19_60_, jpauser0_.phone_no as phone_n20_60_, jpauser0_.status as status21_60_, jpauser0_.swift_net_id as swift_n22_60_, jpauser0_.user_id as user_id23_60_, jpauser0_.user_status as user_st24_60_, jpauser0_.workflow_status_id as workflo25_60_ from user jpauser0_ where jpauser0_.name=?
2022-12-27 10:25:34.008 [main] DEBUG org.hibernate.SQL:128 - select jpaissuer0_.id as id1_33_, jpaissuer0_.issuer_code as issuer_c2_33_, jpaissuer0_.issuer_name as issuer_n3_33_ from issuer jpaissuer0_ where jpaissuer0_.issuer_code=?
2022-12-27 10:25:34.028 [main] DEBUG org.hibernate.SQL:128 - select jpaissuer0_.id as id1_33_, jpaissuer0_.issuer_code as issuer_c2_33_, jpaissuer0_.issuer_name as issuer_n3_33_ from issuer jpaissuer0_ where jpaissuer0_.issuer_code=?
2022-12-27 10:25:34.056 [main] DEBUG org.hibernate.SQL:128 - select jpasssmemb0_.id as id1_34_, jpasssmemb0_.account_operator as account38_34_, jpasssmemb0_.action as action2_34_, jpasssmemb0_.activation_date as activati3_34_, jpasssmemb0_.approval_remark as approval4_34_, jpasssmemb0_.approved_by as approved5_34_, jpasssmemb0_.approved_date as approved6_34_, jpasssmemb0_.auto_debit_indicator as auto_de39_34_, jpasssmemb0_.billing_profile_id as billing_8_34_, jpasssmemb0_.created_date as created_9_34_, jpasssmemb0_.effective_date as effecti10_34_, jpasssmemb0_.end_of_day_statement as end_of_40_34_, jpasssmemb0_.exempted_from_billing as exempte11_34_, jpasssmemb0_.exempted_from_system_limit as exempte12_34_, jpasssmemb0_.facility_eligibility_id as facilit41_34_, jpasssmemb0_.fall_back_account as fall_ba42_34_, jpasssmemb0_.fi_code as fi_code43_34_, jpasssmemb0_.fi_group as fi_grou13_34_, jpasssmemb0_.issuing_paying_agent as issuing44_34_, jpasssmemb0_.lei as lei14_34_, jpasssmemb0_.location as locatio15_34_, jpasssmemb0_.member_code as member_22_34_, jpasssmemb0_.member_status as member_23_34_, jpasssmemb0_.member_type as member_24_34_, jpasssmemb0_.modified_by as modifie25_34_, jpasssmemb0_.modified_date as modifie26_34_, jpasssmemb0_.name as name27_34_, jpasssmemb0_.primary_dealer as primary45_34_, jpasssmemb0_.rtgs_account as rtgs_ac46_34_, jpasssmemb0_.rtgs_member_code as rtgs_me47_34_, jpasssmemb0_.sector_id as sector_28_34_, jpasssmemb0_.short_name as short_n29_34_, jpasssmemb0_.statement_delivery_bic as stateme48_34_, jpasssmemb0_.status as status30_34_, jpasssmemb0_.swift_bic as swift_b31_34_, jpasssmemb0_.tax_profile_id as tax_pro33_34_, jpasssmemb0_.trader_status as trader_49_34_, jpasssmemb0_.uen as uen34_34_, jpasssmemb0_.verified_by as verifie35_34_, jpasssmemb0_.verified_date as verifie36_34_, jpasssmemb0_.workflow_status_id as workflo37_34_, jpasssmemb0_.zero_holdings_statement as zero_ho50_34_ from member jpasssmemb0_ where jpasssmemb0_.member_type=?
2022-12-27 10:25:34.141 [main] DEBUG org.hibernate.SQL:128 - select jpasecurit0_.id as id1_52_, jpasecurit0_.benchmark_indicator as benchmar2_52_, jpasecurit0_.facility_eligibility_id as facility3_52_, jpasecurit0_.haircut_id as haircut_4_52_ from securities_type jpasecurit0_
2022-12-27 10:25:34.222 [main] DEBUG org.hibernate.SQL:128 - select jpataxsche0_.id as id1_56_, jpataxsche0_.tax_scheme_id as tax_sche2_56_ from tax_scheme jpataxsche0_ where jpataxsche0_.tax_scheme_id=?
2022-12-27 10:25:34.292 [main] DEBUG org.hibernate.SQL:128 - select jpassssecu0_.seq as seq1_39_0_, jpassssecu0_.action as action2_39_0_, jpassssecu0_.approval_remark as approval3_39_0_, jpassssecu0_.approved_by as approved4_39_0_, jpassssecu0_.approved_date as approved5_39_0_, jpassssecu0_.average_yield as average_6_39_0_, jpassssecu0_.benchmark_indicator as benchmar7_39_0_, jpassssecu0_.central_bank_applied_amount as central_8_39_0_, jpassssecu0_.coupon_payment_frequency as coupon_p9_39_0_, jpassssecu0_.coupon_rate as coupon_10_39_0_, jpassssecu0_.coupon_structure as coupon_11_39_0_, jpassssecu0_.created_date as created12_39_0_, jpassssecu0_.currency_code as currenc13_39_0_, jpassssecu0_.day_count_convention as day_cou14_39_0_, jpassssecu0_.denomination as denomin15_39_0_, jpassssecu0_.description as descrip16_39_0_, jpassssecu0_.effective_date as effecti17_39_0_, jpassssecu0_.facility_eligibility_id as facilit18_39_0_, jpassssecu0_.first_auction_date as first_a19_39_0_, jpassssecu0_.first_coupon_date as first_c20_39_0_, jpassssecu0_.first_issuance_amount as first_i21_39_0_, jpassssecu0_.first_issuance_date as first_i22_39_0_, jpassssecu0_.haircut_id as haircut23_39_0_, jpassssecu0_.id as id24_39_0_, jpassssecu0_.ipa as ipa25_39_0_, jpassssecu0_.issue_code as issue_c26_39_0_, jpassssecu0_.issue_price as issue_p27_39_0_, jpassssecu0_.issue_yield as issue_y28_39_0_, jpassssecu0_.issuer_id as issuer_29_39_0_, jpassssecu0_.modified_by as modifie30_39_0_, jpassssecu0_.modified_date as modifie31_39_0_, jpassssecu0_.optional_redemption_date as optiona32_39_0_, jpassssecu0_.optional_redemption_price as optiona33_39_0_, jpassssecu0_.record_date_period as record_34_39_0_, jpassssecu0_.redemption_date as redempt35_39_0_, jpassssecu0_.redemption_price as redempt36_39_0_, jpassssecu0_.redemption_reimburse as redempt37_39_0_, jpassssecu0_.remarks as remarks38_39_0_, jpassssecu0_.rounding_option as roundin39_39_0_, jpassssecu0_.securities_code as securit40_39_0_, jpassssecu0_.securities_status as securit41_39_0_, jpassssecu0_.securities_tenor_period_unit as securit42_39_0_, jpassssecu0_.securities_type_id as securit43_39_0_, jpassssecu0_.status as status44_39_0_, jpassssecu0_.tax_scheme_id as tax_sch45_39_0_, jpassssecu0_.tenor_period as tenor_p46_39_0_, jpassssecu0_.tradable as tradabl47_39_0_, jpassssecu0_.workflow_status_id as workflo48_39_0_ from securities_code_source jpassssecu0_ where jpassssecu0_.seq=?
2022-12-27 10:25:34.347 [main] DEBUG org.hibernate.SQL:128 - update securities_code_source set action=?, approval_remark=?, approved_by=?, approved_date=?, average_yield=?, benchmark_indicator=?, central_bank_applied_amount=?, coupon_payment_frequency=?, coupon_rate=?, coupon_structure=?, created_date=?, currency_code=?, day_count_convention=?, denomination=?, description=?, effective_date=?, facility_eligibility_id=?, first_auction_date=?, first_coupon_date=?, first_issuance_amount=?, first_issuance_date=?, haircut_id=?, id=?, ipa=?, issue_code=?, issue_price=?, issue_yield=?, issuer_id=?, modified_by=?, modified_date=?, optional_redemption_date=?, optional_redemption_price=?, record_date_period=?, redemption_date=?, redemption_price=?, redemption_reimburse=?, remarks=?, rounding_option=?, securities_code=?, securities_status=?, securities_tenor_period_unit=?, securities_type_id=?, status=?, tax_scheme_id=?, tenor_period=?, tradable=?, workflow_status_id=? where seq=?
2022-12-27 10:25:34.495 [main] DEBUG org.hibernate.SQL:128 - insert into securities_code_source (action, approval_remark, approved_by, approved_date, average_yield, benchmark_indicator, central_bank_applied_amount, coupon_payment_frequency, coupon_rate, coupon_structure, created_date, currency_code, day_count_convention, denomination, description, effective_date, facility_eligibility_id, first_auction_date, first_coupon_date, first_issuance_amount, first_issuance_date, haircut_id, id, ipa, issue_code, issue_price, issue_yield, issuer_id, modified_by, modified_date, optional_redemption_date, optional_redemption_price, record_date_period, redemption_date, redemption_price, redemption_reimburse, remarks, rounding_option, securities_code, securities_status, securities_tenor_period_unit, securities_type_id, status, tax_scheme_id, tenor_period, tradable, workflow_status_id) values (?, ?, ?, ?, ?, ?, ?, ?, ?, ?, ?, ?, ?, ?, ?, ?, ?, ?, ?, ?, ?, ?, ?, ?, ?, ?, ?, ?, ?, ?, ?, ?, ?, ?, ?, ?, ?, ?, ?, ?, ?, ?, ?, ?, ?, ?, ?)
2022-12-27 10:25:34.565 [main] DEBUG org.hibernate.SQL:128 - select jpauser0_.id as id1_60_, jpauser0_.access_level as access_l2_60_, jpauser0_.action as action3_60_, jpauser0_.approval_remark as approval4_60_, jpauser0_.approved_by as approved5_60_, jpauser0_.approved_date as approved6_60_, jpauser0_.created_date as created_7_60_, jpauser0_.currency_code as currency8_60_, jpauser0_.effective_date as effectiv9_60_, jpauser0_.email as email10_60_, jpauser0_.first_activation_date as first_a11_60_, jpauser0_.last_login_datetime as last_lo12_60_, jpauser0_.login_attempts as login_a13_60_, jpauser0_.member_id as member_14_60_, jpauser0_.modified_by as modifie15_60_, jpauser0_.modified_date as modifie16_60_, jpauser0_.name as name17_60_, jpauser0_.password as passwor18_60_, jpauser0_.password_expiry_date as passwor19_60_, jpauser0_.phone_no as phone_n20_60_, jpauser0_.status as status21_60_, jpauser0_.swift_net_id as swift_n22_60_, jpauser0_.user_id as user_id23_60_, jpauser0_.user_status as user_st24_60_, jpauser0_.workflow_status_id as workflo25_60_ from user jpauser0_ where jpauser0_.name=?
2022-12-27 10:25:34.587 [main] DEBUG org.hibernate.SQL:128 - select jpaissuer0_.id as id1_33_, jpaissuer0_.issuer_code as issuer_c2_33_, jpaissuer0_.issuer_name as issuer_n3_33_ from issuer jpaissuer0_ where jpaissuer0_.issuer_code=?
2022-12-27 10:25:34.608 [main] DEBUG org.hibernate.SQL:128 - select jpaissuer0_.id as id1_33_, jpaissuer0_.issuer_code as issuer_c2_33_, jpaissuer0_.issuer_name as issuer_n3_33_ from issuer jpaissuer0_ where jpaissuer0_.issuer_code=?
2022-12-27 10:25:34.630 [main] DEBUG org.hibernate.SQL:128 - select jpasssmemb0_.id as id1_34_, jpasssmemb0_.account_operator as account38_34_, jpasssmemb0_.action as action2_34_, jpasssmemb0_.activation_date as activati3_34_, jpasssmemb0_.approval_remark as approval4_34_, jpasssmemb0_.approved_by as approved5_34_, jpasssmemb0_.approved_date as approved6_34_, jpasssmemb0_.auto_debit_indicator as auto_de39_34_, jpasssmemb0_.billing_profile_id as billing_8_34_, jpasssmemb0_.created_date as created_9_34_, jpasssmemb0_.effective_date as effecti10_34_, jpasssmemb0_.end_of_day_statement as end_of_40_34_, jpasssmemb0_.exempted_from_billing as exempte11_34_, jpasssmemb0_.exempted_from_system_limit as exempte12_34_, jpasssmemb0_.facility_eligibility_id as facilit41_34_, jpasssmemb0_.fall_back_account as fall_ba42_34_, jpasssmemb0_.fi_code as fi_code43_34_, jpasssmemb0_.fi_group as fi_grou13_34_, jpasssmemb0_.issuing_paying_agent as issuing44_34_, jpasssmemb0_.lei as lei14_34_, jpasssmemb0_.location as locatio15_34_, jpasssmemb0_.member_code as member_22_34_, jpasssmemb0_.member_status as member_23_34_, jpasssmemb0_.member_type as member_24_34_, jpasssmemb0_.modified_by as modifie25_34_, jpasssmemb0_.modified_date as modifie26_34_, jpasssmemb0_.name as name27_34_, jpasssmemb0_.primary_dealer as primary45_34_, jpasssmemb0_.rtgs_account as rtgs_ac46_34_, jpasssmemb0_.rtgs_member_code as rtgs_me47_34_, jpasssmemb0_.sector_id as sector_28_34_, jpasssmemb0_.short_name as short_n29_34_, jpasssmemb0_.statement_delivery_bic as stateme48_34_, jpasssmemb0_.status as status30_34_, jpasssmemb0_.swift_bic as swift_b31_34_, jpasssmemb0_.tax_profile_id as tax_pro33_34_, jpasssmemb0_.trader_status as trader_49_34_, jpasssmemb0_.uen as uen34_34_, jpasssmemb0_.verified_by as verifie35_34_, jpasssmemb0_.verified_date as verifie36_34_, jpasssmemb0_.workflow_status_id as workflo37_34_, jpasssmemb0_.zero_holdings_statement as zero_ho50_34_ from member jpasssmemb0_ where jpasssmemb0_.member_type=?
2022-12-27 10:25:34.686 [main] DEBUG org.hibernate.SQL:128 - select jpasecurit0_.id as id1_52_, jpasecurit0_.benchmark_indicator as benchmar2_52_, jpasecurit0_.facility_eligibility_id as facility3_52_, jpasecurit0_.haircut_id as haircut_4_52_ from securities_type jpasecurit0_
2022-12-27 10:25:34.754 [main] DEBUG org.hibernate.SQL:128 - select jpataxsche0_.id as id1_56_, jpataxsche0_.tax_scheme_id as tax_sche2_56_ from tax_scheme jpataxsche0_ where jpataxsche0_.tax_scheme_id=?
2022-12-27 10:25:34.792 [main] DEBUG org.hibernate.SQL:128 - select jpassssecu0_.id as id1_43_0_, jpassssecu0_.action as action2_43_0_, jpassssecu0_.approval_remark as approval3_43_0_, jpassssecu0_.approved_by as approved4_43_0_, jpassssecu0_.approved_date as approved5_43_0_, jpassssecu0_.average_yield as average_6_43_0_, jpassssecu0_.benchmark_indicator as benchmar7_43_0_, jpassssecu0_.central_bank_applied_amount as central_8_43_0_, jpassssecu0_.coupon_payment_frequency as coupon_p9_43_0_, jpassssecu0_.coupon_rate as coupon_10_43_0_, jpassssecu0_.coupon_structure as coupon_11_43_0_, jpassssecu0_.created_date as created12_43_0_, jpassssecu0_.currency_code as currenc13_43_0_, jpassssecu0_.day_count_convention as day_cou14_43_0_, jpassssecu0_.denomination as denomin15_43_0_, jpassssecu0_.description as descrip16_43_0_, jpassssecu0_.effective_date as effecti17_43_0_, jpassssecu0_.facility_eligibility_id as facilit18_43_0_, jpassssecu0_.first_auction_date as first_a19_43_0_, jpassssecu0_.first_coupon_date as first_c20_43_0_, jpassssecu0_.first_issuance_amount as first_i21_43_0_, jpassssecu0_.first_issuance_date as first_i22_43_0_, jpassssecu0_.haircut_id as haircut23_43_0_, jpassssecu0_.ipa as ipa24_43_0_, jpassssecu0_.issue_code as issue_c25_43_0_, jpassssecu0_.issue_price as issue_p26_43_0_, jpassssecu0_.issue_yield as issue_y27_43_0_, jpassssecu0_.issuer_id as issuer_28_43_0_, jpassssecu0_.modified_by as modifie29_43_0_, jpassssecu0_.modified_date as modifie30_43_0_, jpassssecu0_.optional_redemption_date as optiona31_43_0_, jpassssecu0_.optional_redemption_price as optiona32_43_0_, jpassssecu0_.record_date_period as record_33_43_0_, jpassssecu0_.redemption_date as redempt34_43_0_, jpassssecu0_.redemption_price as redempt35_43_0_, jpassssecu0_.redemption_reimburse as redempt36_43_0_, jpassssecu0_.remarks as remarks37_43_0_, jpassssecu0_.rounding_option as roundin38_43_0_, jpassssecu0_.securities_code as securit39_43_0_, jpassssecu0_.securities_status as securit40_43_0_, jpassssecu0_.securities_tenor_period_unit as securit41_43_0_, jpassssecu0_.securities_type_id as securit42_43_0_, jpassssecu0_.status as status43_43_0_, jpassssecu0_.tax_scheme_id as tax_sch44_43_0_, jpassssecu0_.tenor_period as tenor_p45_43_0_, jpassssecu0_.tradable as tradabl46_43_0_, jpassssecu0_.workflow_status_id as workflo47_43_0_ from securities_code_temp jpassssecu0_ where jpassssecu0_.id=?
2022-12-27 10:25:34.822 [main] DEBUG org.hibernate.SQL:128 - insert into securities_code_temp (action, approval_remark, approved_by, approved_date, average_yield, benchmark_indicator, central_bank_applied_amount, coupon_payment_frequency, coupon_rate, coupon_structure, created_date, currency_code, day_count_convention, denomination, description, effective_date, facility_eligibility_id, first_auction_date, first_coupon_date, first_issuance_amount, first_issuance_date, haircut_id, ipa, issue_code, issue_price, issue_yield, issuer_id, modified_by, modified_date, optional_redemption_date, optional_redemption_price, record_date_period, redemption_date, redemption_price, redemption_reimburse, remarks, rounding_option, securities_code, securities_status, securities_tenor_period_unit, securities_type_id, status, tax_scheme_id, tenor_period, tradable, workflow_status_id, id) values (?, ?, ?, ?, ?, ?, ?, ?, ?, ?, ?, ?, ?, ?, ?, ?, ?, ?, ?, ?, ?, ?, ?, ?, ?, ?, ?, ?, ?, ?, ?, ?, ?, ?, ?, ?, ?, ?, ?, ?, ?, ?, ?, ?, ?, ?, ?)
2022-12-27 10:25:34.914 [main] DEBUG org.hibernate.SQL:128 - insert into securities_code_source (action, approval_remark, approved_by, approved_date, average_yield, benchmark_indicator, central_bank_applied_amount, coupon_payment_frequency, coupon_rate, coupon_structure, created_date, currency_code, day_count_convention, denomination, description, effective_date, facility_eligibility_id, first_auction_date, first_coupon_date, first_issuance_amount, first_issuance_date, haircut_id, id, ipa, issue_code, issue_price, issue_yield, issuer_id, modified_by, modified_date, optional_redemption_date, optional_redemption_price, record_date_period, redemption_date, redemption_price, redemption_reimburse, remarks, rounding_option, securities_code, securities_status, securities_tenor_period_unit, securities_type_id, status, tax_scheme_id, tenor_period, tradable, workflow_status_id) values (?, ?, ?, ?, ?, ?, ?, ?, ?, ?, ?, ?, ?, ?, ?, ?, ?, ?, ?, ?, ?, ?, ?, ?, ?, ?, ?, ?, ?, ?, ?, ?, ?, ?, ?, ?, ?, ?, ?, ?, ?, ?, ?, ?, ?, ?, ?)
2022-12-27 10:25:34.989 [main] DEBUG org.hibernate.SQL:128 - select jpauser0_.id as id1_60_, jpauser0_.access_level as access_l2_60_, jpauser0_.action as action3_60_, jpauser0_.approval_remark as approval4_60_, jpauser0_.approved_by as approved5_60_, jpauser0_.approved_date as approved6_60_, jpauser0_.created_date as created_7_60_, jpauser0_.currency_code as currency8_60_, jpauser0_.effective_date as effectiv9_60_, jpauser0_.email as email10_60_, jpauser0_.first_activation_date as first_a11_60_, jpauser0_.last_login_datetime as last_lo12_60_, jpauser0_.login_attempts as login_a13_60_, jpauser0_.member_id as member_14_60_, jpauser0_.modified_by as modifie15_60_, jpauser0_.modified_date as modifie16_60_, jpauser0_.name as name17_60_, jpauser0_.password as passwor18_60_, jpauser0_.password_expiry_date as passwor19_60_, jpauser0_.phone_no as phone_n20_60_, jpauser0_.status as status21_60_, jpauser0_.swift_net_id as swift_n22_60_, jpauser0_.user_id as user_id23_60_, jpauser0_.user_status as user_st24_60_, jpauser0_.workflow_status_id as workflo25_60_ from user jpauser0_ where jpauser0_.name=?
2022-12-27 10:25:35.015 [main] DEBUG org.hibernate.SQL:128 - select jpaissuer0_.id as id1_33_, jpaissuer0_.issuer_code as issuer_c2_33_, jpaissuer0_.issuer_name as issuer_n3_33_ from issuer jpaissuer0_ where jpaissuer0_.issuer_code=?
2022-12-27 10:25:35.039 [main] DEBUG org.hibernate.SQL:128 - select jpaissuer0_.id as id1_33_, jpaissuer0_.issuer_code as issuer_c2_33_, jpaissuer0_.issuer_name as issuer_n3_33_ from issuer jpaissuer0_ where jpaissuer0_.issuer_code=?
2022-12-27 10:25:35.058 [main] DEBUG org.hibernate.SQL:128 - select jpasssmemb0_.id as id1_34_, jpasssmemb0_.account_operator as account38_34_, jpasssmemb0_.action as action2_34_, jpasssmemb0_.activation_date as activati3_34_, jpasssmemb0_.approval_remark as approval4_34_, jpasssmemb0_.approved_by as approved5_34_, jpasssmemb0_.approved_date as approved6_34_, jpasssmemb0_.auto_debit_indicator as auto_de39_34_, jpasssmemb0_.billing_profile_id as billing_8_34_, jpasssmemb0_.created_date as created_9_34_, jpasssmemb0_.effective_date as effecti10_34_, jpasssmemb0_.end_of_day_statement as end_of_40_34_, jpasssmemb0_.exempted_from_billing as exempte11_34_, jpasssmemb0_.exempted_from_system_limit as exempte12_34_, jpasssmemb0_.facility_eligibility_id as facilit41_34_, jpasssmemb0_.fall_back_account as fall_ba42_34_, jpasssmemb0_.fi_code as fi_code43_34_, jpasssmemb0_.fi_group as fi_grou13_34_, jpasssmemb0_.issuing_paying_agent as issuing44_34_, jpasssmemb0_.lei as lei14_34_, jpasssmemb0_.location as locatio15_34_, jpasssmemb0_.member_code as member_22_34_, jpasssmemb0_.member_status as member_23_34_, jpasssmemb0_.member_type as member_24_34_, jpasssmemb0_.modified_by as modifie25_34_, jpasssmemb0_.modified_date as modifie26_34_, jpasssmemb0_.name as name27_34_, jpasssmemb0_.primary_dealer as primary45_34_, jpasssmemb0_.rtgs_account as rtgs_ac46_34_, jpasssmemb0_.rtgs_member_code as rtgs_me47_34_, jpasssmemb0_.sector_id as sector_28_34_, jpasssmemb0_.short_name as short_n29_34_, jpasssmemb0_.statement_delivery_bic as stateme48_34_, jpasssmemb0_.status as status30_34_, jpasssmemb0_.swift_bic as swift_b31_34_, jpasssmemb0_.tax_profile_id as tax_pro33_34_, jpasssmemb0_.trader_status as trader_49_34_, jpasssmemb0_.uen as uen34_34_, jpasssmemb0_.verified_by as verifie35_34_, jpasssmemb0_.verified_date as verifie36_34_, jpasssmemb0_.workflow_status_id as workflo37_34_, jpasssmemb0_.zero_holdings_statement as zero_ho50_34_ from member jpasssmemb0_ where jpasssmemb0_.member_type=?
2022-12-27 10:25:35.118 [main] DEBUG org.hibernate.SQL:128 - select jpasecurit0_.id as id1_52_, jpasecurit0_.benchmark_indicator as benchmar2_52_, jpasecurit0_.facility_eligibility_id as facility3_52_, jpasecurit0_.haircut_id as haircut_4_52_ from securities_type jpasecurit0_
2022-12-27 10:25:35.199 [main] DEBUG org.hibernate.SQL:128 - select jpataxsche0_.id as id1_56_, jpataxsche0_.tax_scheme_id as tax_sche2_56_ from tax_scheme jpataxsche0_ where jpataxsche0_.tax_scheme_id=?
2022-12-27 10:25:35.240 [main] DEBUG org.hibernate.SQL:128 - select jpassssecu0_.id as id1_43_0_, jpassssecu0_.action as action2_43_0_, jpassssecu0_.approval_remark as approval3_43_0_, jpassssecu0_.approved_by as approved4_43_0_, jpassssecu0_.approved_date as approved5_43_0_, jpassssecu0_.average_yield as average_6_43_0_, jpassssecu0_.benchmark_indicator as benchmar7_43_0_, jpassssecu0_.central_bank_applied_amount as central_8_43_0_, jpassssecu0_.coupon_payment_frequency as coupon_p9_43_0_, jpassssecu0_.coupon_rate as coupon_10_43_0_, jpassssecu0_.coupon_structure as coupon_11_43_0_, jpassssecu0_.created_date as created12_43_0_, jpassssecu0_.currency_code as currenc13_43_0_, jpassssecu0_.day_count_convention as day_cou14_43_0_, jpassssecu0_.denomination as denomin15_43_0_, jpassssecu0_.description as descrip16_43_0_, jpassssecu0_.effective_date as effecti17_43_0_, jpassssecu0_.facility_eligibility_id as facilit18_43_0_, jpassssecu0_.first_auction_date as first_a19_43_0_, jpassssecu0_.first_coupon_date as first_c20_43_0_, jpassssecu0_.first_issuance_amount as first_i21_43_0_, jpassssecu0_.first_issuance_date as first_i22_43_0_, jpassssecu0_.haircut_id as haircut23_43_0_, jpassssecu0_.ipa as ipa24_43_0_, jpassssecu0_.issue_code as issue_c25_43_0_, jpassssecu0_.issue_price as issue_p26_43_0_, jpassssecu0_.issue_yield as issue_y27_43_0_, jpassssecu0_.issuer_id as issuer_28_43_0_, jpassssecu0_.modified_by as modifie29_43_0_, jpassssecu0_.modified_date as modifie30_43_0_, jpassssecu0_.optional_redemption_date as optiona31_43_0_, jpassssecu0_.optional_redemption_price as optiona32_43_0_, jpassssecu0_.record_date_period as record_33_43_0_, jpassssecu0_.redemption_date as redempt34_43_0_, jpassssecu0_.redemption_price as redempt35_43_0_, jpassssecu0_.redemption_reimburse as redempt36_43_0_, jpassssecu0_.remarks as remarks37_43_0_, jpassssecu0_.rounding_option as roundin38_43_0_, jpassssecu0_.securities_code as securit39_43_0_, jpassssecu0_.securities_status as securit40_43_0_, jpassssecu0_.securities_tenor_period_unit as securit41_43_0_, jpassssecu0_.securities_type_id as securit42_43_0_, jpassssecu0_.status as status43_43_0_, jpassssecu0_.tax_scheme_id as tax_sch44_43_0_, jpassssecu0_.tenor_period as tenor_p45_43_0_, jpassssecu0_.tradable as tradabl46_43_0_, jpassssecu0_.workflow_status_id as workflo47_43_0_ from securities_code_temp jpassssecu0_ where jpassssecu0_.id=?
2022-12-27 10:25:35.264 [main] DEBUG org.hibernate.SQL:128 - insert into securities_code_temp (action, approval_remark, approved_by, approved_date, average_yield, benchmark_indicator, central_bank_applied_amount, coupon_payment_frequency, coupon_rate, coupon_structure, created_date, currency_code, day_count_convention, denomination, description, effective_date, facility_eligibility_id, first_auction_date, first_coupon_date, first_issuance_amount, first_issuance_date, haircut_id, ipa, issue_code, issue_price, issue_yield, issuer_id, modified_by, modified_date, optional_redemption_date, optional_redemption_price, record_date_period, redemption_date, redemption_price, redemption_reimburse, remarks, rounding_option, securities_code, securities_status, securities_tenor_period_unit, securities_type_id, status, tax_scheme_id, tenor_period, tradable, workflow_status_id, id) values (?, ?, ?, ?, ?, ?, ?, ?, ?, ?, ?, ?, ?, ?, ?, ?, ?, ?, ?, ?, ?, ?, ?, ?, ?, ?, ?, ?, ?, ?, ?, ?, ?, ?, ?, ?, ?, ?, ?, ?, ?, ?, ?, ?, ?, ?, ?)
2022-12-27 10:25:35.550 [main] DEBUG org.hibernate.SQL:128 - select jpassssecu0_.securities_code as securiti1_38_, jpassssecu0_.action as action2_38_, jpassssecu0_.approval_remark as approval3_38_, jpassssecu0_.approved_by as approved4_38_, jpassssecu0_.approved_date as approved5_38_, jpassssecu0_.average_yield as average_6_38_, jpassssecu0_.benchmark_indicator as benchmar7_38_, jpassssecu0_.central_bank_applied_amount as central_8_38_, jpassssecu0_.coupon_payment_frequency as coupon_p9_38_, jpassssecu0_.coupon_rate as coupon_10_38_, jpassssecu0_.coupon_structure as coupon_11_38_, jpassssecu0_.created_date as created12_38_, jpassssecu0_.currency_code as currenc13_38_, jpassssecu0_.day_count_convention as day_cou14_38_, jpassssecu0_.denomination as denomin15_38_, jpassssecu0_.description as descrip16_38_, jpassssecu0_.effective_date as effecti17_38_, jpassssecu0_.facility_eligibility_id as facilit18_38_, jpassssecu0_.first_auction_date as first_a19_38_, jpassssecu0_.first_coupon_date as first_c20_38_, jpassssecu0_.first_issuance_amount as first_i21_38_, jpassssecu0_.first_issuance_date as first_i22_38_, jpassssecu0_.haircut_id as haircut23_38_, jpassssecu0_.ipa as ipa24_38_, jpassssecu0_.issue_code as issue_c25_38_, jpassssecu0_.issue_price as issue_p26_38_, jpassssecu0_.issue_yield as issue_y27_38_, jpassssecu0_.issuer_id as issuer_28_38_, jpassssecu0_.modified_by as modifie29_38_, jpassssecu0_.modified_date as modifie30_38_, jpassssecu0_.optional_redemption_date as optiona31_38_, jpassssecu0_.optional_redemption_price as optiona32_38_, jpassssecu0_.record_date_period as record_33_38_, jpassssecu0_.redemption_date as redempt34_38_, jpassssecu0_.redemption_price as redempt35_38_, jpassssecu0_.redemption_reimburse as redempt36_38_, jpassssecu0_.rounding_option as roundin37_38_, jpassssecu0_.securities_status as securit38_38_, jpassssecu0_.securities_tenor_period_unit as securit39_38_, jpassssecu0_.securities_type_id as securit40_38_, jpassssecu0_.status as status41_38_, jpassssecu0_.tax_scheme_id as tax_sch42_38_, jpassssecu0_.tenor_period as tenor_p43_38_, jpassssecu0_.tradable as tradabl44_38_, jpassssecu0_.workflow_status_id as workflo45_38_ from securities_code jpassssecu0_ where jpassssecu0_.securities_code=?
2022-12-27 10:25:35.595 [main] DEBUG org.hibernate.SQL:128 - select jpassssecu0_.securities_code as securiti1_38_0_, jpassssecu0_.action as action2_38_0_, jpassssecu0_.approval_remark as approval3_38_0_, jpassssecu0_.approved_by as approved4_38_0_, jpassssecu0_.approved_date as approved5_38_0_, jpassssecu0_.average_yield as average_6_38_0_, jpassssecu0_.benchmark_indicator as benchmar7_38_0_, jpassssecu0_.central_bank_applied_amount as central_8_38_0_, jpassssecu0_.coupon_payment_frequency as coupon_p9_38_0_, jpassssecu0_.coupon_rate as coupon_10_38_0_, jpassssecu0_.coupon_structure as coupon_11_38_0_, jpassssecu0_.created_date as created12_38_0_, jpassssecu0_.currency_code as currenc13_38_0_, jpassssecu0_.day_count_convention as day_cou14_38_0_, jpassssecu0_.denomination as denomin15_38_0_, jpassssecu0_.description as descrip16_38_0_, jpassssecu0_.effective_date as effecti17_38_0_, jpassssecu0_.facility_eligibility_id as facilit18_38_0_, jpassssecu0_.first_auction_date as first_a19_38_0_, jpassssecu0_.first_coupon_date as first_c20_38_0_, jpassssecu0_.first_issuance_amount as first_i21_38_0_, jpassssecu0_.first_issuance_date as first_i22_38_0_, jpassssecu0_.haircut_id as haircut23_38_0_, jpassssecu0_.ipa as ipa24_38_0_, jpassssecu0_.issue_code as issue_c25_38_0_, jpassssecu0_.issue_price as issue_p26_38_0_, jpassssecu0_.issue_yield as issue_y27_38_0_, jpassssecu0_.issuer_id as issuer_28_38_0_, jpassssecu0_.modified_by as modifie29_38_0_, jpassssecu0_.modified_date as modifie30_38_0_, jpassssecu0_.optional_redemption_date as optiona31_38_0_, jpassssecu0_.optional_redemption_price as optiona32_38_0_, jpassssecu0_.record_date_period as record_33_38_0_, jpassssecu0_.redemption_date as redempt34_38_0_, jpassssecu0_.redemption_price as redempt35_38_0_, jpassssecu0_.redemption_reimburse as redempt36_38_0_, jpassssecu0_.rounding_option as roundin37_38_0_, jpassssecu0_.securities_status as securit38_38_0_, jpassssecu0_.securities_tenor_period_unit as securit39_38_0_, jpassssecu0_.securities_type_id as securit40_38_0_, jpassssecu0_.status as status41_38_0_, jpassssecu0_.tax_scheme_id as tax_sch42_38_0_, jpassssecu0_.tenor_period as tenor_p43_38_0_, jpassssecu0_.tradable as tradabl44_38_0_, jpassssecu0_.workflow_status_id as workflo45_38_0_ from securities_code jpassssecu0_ where jpassssecu0_.securities_code=?
2022-12-27 10:25:35.615 [main] DEBUG org.hibernate.SQL:128 - insert into securities_code (action, approval_remark, approved_by, approved_date, average_yield, benchmark_indicator, central_bank_applied_amount, coupon_payment_frequency, coupon_rate, coupon_structure, created_date, currency_code, day_count_convention, denomination, description, effective_date, facility_eligibility_id, first_auction_date, first_coupon_date, first_issuance_amount, first_issuance_date, haircut_id, ipa, issue_code, issue_price, issue_yield, issuer_id, modified_by, modified_date, optional_redemption_date, optional_redemption_price, record_date_period, redemption_date, redemption_price, redemption_reimburse, rounding_option, securities_status, securities_tenor_period_unit, securities_type_id, status, tax_scheme_id, tenor_period, tradable, workflow_status_id, securities_code) values (?, ?, ?, ?, ?, ?, ?, ?, ?, ?, ?, ?, ?, ?, ?, ?, ?, ?, ?, ?, ?, ?, ?, ?, ?, ?, ?, ?, ?, ?, ?, ?, ?, ?, ?, ?, ?, ?, ?, ?, ?, ?, ?, ?, ?)
2022-12-27 10:25:35.738 [main] DEBUG org.hibernate.SQL:128 - select jpasecurit0_.securities_code as securiti1_44_0_, jpasecurit0_.action as action2_44_0_, jpasecurit0_.approval_remark as approval3_44_0_, jpasecurit0_.approved_by as approved4_44_0_, jpasecurit0_.approved_date as approved5_44_0_, jpasecurit0_.created_date as created_6_44_0_, jpasecurit0_.effective_date as effectiv7_44_0_, jpasecurit0_.modified_by as modified8_44_0_, jpasecurit0_.modified_date as modified9_44_0_, jpasecurit0_.status as status10_44_0_, jpasecurit0_.workflow_status_id as workflo11_44_0_ from securities_coupon jpasecurit0_ where jpasecurit0_.securities_code=?
2022-12-27 10:25:35.762 [main] DEBUG org.hibernate.SQL:128 - insert into securities_coupon (action, approval_remark, approved_by, approved_date, created_date, effective_date, modified_by, modified_date, status, workflow_status_id, securities_code) values (?, ?, ?, ?, ?, ?, ?, ?, ?, ?, ?)
2022-12-27 10:25:35.972 [main] DEBUG org.hibernate.SQL:128 - select jpassssecu0_.securities_code as securiti1_38_, jpassssecu0_.action as action2_38_, jpassssecu0_.approval_remark as approval3_38_, jpassssecu0_.approved_by as approved4_38_, jpassssecu0_.approved_date as approved5_38_, jpassssecu0_.average_yield as average_6_38_, jpassssecu0_.benchmark_indicator as benchmar7_38_, jpassssecu0_.central_bank_applied_amount as central_8_38_, jpassssecu0_.coupon_payment_frequency as coupon_p9_38_, jpassssecu0_.coupon_rate as coupon_10_38_, jpassssecu0_.coupon_structure as coupon_11_38_, jpassssecu0_.created_date as created12_38_, jpassssecu0_.currency_code as currenc13_38_, jpassssecu0_.day_count_convention as day_cou14_38_, jpassssecu0_.denomination as denomin15_38_, jpassssecu0_.description as descrip16_38_, jpassssecu0_.effective_date as effecti17_38_, jpassssecu0_.facility_eligibility_id as facilit18_38_, jpassssecu0_.first_auction_date as first_a19_38_, jpassssecu0_.first_coupon_date as first_c20_38_, jpassssecu0_.first_issuance_amount as first_i21_38_, jpassssecu0_.first_issuance_date as first_i22_38_, jpassssecu0_.haircut_id as haircut23_38_, jpassssecu0_.ipa as ipa24_38_, jpassssecu0_.issue_code as issue_c25_38_, jpassssecu0_.issue_price as issue_p26_38_, jpassssecu0_.issue_yield as issue_y27_38_, jpassssecu0_.issuer_id as issuer_28_38_, jpassssecu0_.modified_by as modifie29_38_, jpassssecu0_.modified_date as modifie30_38_, jpassssecu0_.optional_redemption_date as optiona31_38_, jpassssecu0_.optional_redemption_price as optiona32_38_, jpassssecu0_.record_date_period as record_33_38_, jpassssecu0_.redemption_date as redempt34_38_, jpassssecu0_.redemption_price as redempt35_38_, jpassssecu0_.redemption_reimburse as redempt36_38_, jpassssecu0_.rounding_option as roundin37_38_, jpassssecu0_.securities_status as securit38_38_, jpassssecu0_.securities_tenor_period_unit as securit39_38_, jpassssecu0_.securities_type_id as securit40_38_, jpassssecu0_.status as status41_38_, jpassssecu0_.tax_scheme_id as tax_sch42_38_, jpassssecu0_.tenor_period as tenor_p43_38_, jpassssecu0_.tradable as tradabl44_38_, jpassssecu0_.workflow_status_id as workflo45_38_ from securities_code jpassssecu0_ where jpassssecu0_.securities_code=?
2022-12-27 10:25:36.015 [main] DEBUG org.hibernate.SQL:128 - select jpassssecu0_.securities_code as securiti1_38_0_, jpassssecu0_.action as action2_38_0_, jpassssecu0_.approval_remark as approval3_38_0_, jpassssecu0_.approved_by as approved4_38_0_, jpassssecu0_.approved_date as approved5_38_0_, jpassssecu0_.average_yield as average_6_38_0_, jpassssecu0_.benchmark_indicator as benchmar7_38_0_, jpassssecu0_.central_bank_applied_amount as central_8_38_0_, jpassssecu0_.coupon_payment_frequency as coupon_p9_38_0_, jpassssecu0_.coupon_rate as coupon_10_38_0_, jpassssecu0_.coupon_structure as coupon_11_38_0_, jpassssecu0_.created_date as created12_38_0_, jpassssecu0_.currency_code as currenc13_38_0_, jpassssecu0_.day_count_convention as day_cou14_38_0_, jpassssecu0_.denomination as denomin15_38_0_, jpassssecu0_.description as descrip16_38_0_, jpassssecu0_.effective_date as effecti17_38_0_, jpassssecu0_.facility_eligibility_id as facilit18_38_0_, jpassssecu0_.first_auction_date as first_a19_38_0_, jpassssecu0_.first_coupon_date as first_c20_38_0_, jpassssecu0_.first_issuance_amount as first_i21_38_0_, jpassssecu0_.first_issuance_date as first_i22_38_0_, jpassssecu0_.haircut_id as haircut23_38_0_, jpassssecu0_.ipa as ipa24_38_0_, jpassssecu0_.issue_code as issue_c25_38_0_, jpassssecu0_.issue_price as issue_p26_38_0_, jpassssecu0_.issue_yield as issue_y27_38_0_, jpassssecu0_.issuer_id as issuer_28_38_0_, jpassssecu0_.modified_by as modifie29_38_0_, jpassssecu0_.modified_date as modifie30_38_0_, jpassssecu0_.optional_redemption_date as optiona31_38_0_, jpassssecu0_.optional_redemption_price as optiona32_38_0_, jpassssecu0_.record_date_period as record_33_38_0_, jpassssecu0_.redemption_date as redempt34_38_0_, jpassssecu0_.redemption_price as redempt35_38_0_, jpassssecu0_.redemption_reimburse as redempt36_38_0_, jpassssecu0_.rounding_option as roundin37_38_0_, jpassssecu0_.securities_status as securit38_38_0_, jpassssecu0_.securities_tenor_period_unit as securit39_38_0_, jpassssecu0_.securities_type_id as securit40_38_0_, jpassssecu0_.status as status41_38_0_, jpassssecu0_.tax_scheme_id as tax_sch42_38_0_, jpassssecu0_.tenor_period as tenor_p43_38_0_, jpassssecu0_.tradable as tradabl44_38_0_, jpassssecu0_.workflow_status_id as workflo45_38_0_ from securities_code jpassssecu0_ where jpassssecu0_.securities_code=?
2022-12-27 10:25:36.038 [main] DEBUG org.hibernate.SQL:128 - insert into securities_code (action, approval_remark, approved_by, approved_date, average_yield, benchmark_indicator, central_bank_applied_amount, coupon_payment_frequency, coupon_rate, coupon_structure, created_date, currency_code, day_count_convention, denomination, description, effective_date, facility_eligibility_id, first_auction_date, first_coupon_date, first_issuance_amount, first_issuance_date, haircut_id, ipa, issue_code, issue_price, issue_yield, issuer_id, modified_by, modified_date, optional_redemption_date, optional_redemption_price, record_date_period, redemption_date, redemption_price, redemption_reimburse, rounding_option, securities_status, securities_tenor_period_unit, securities_type_id, status, tax_scheme_id, tenor_period, tradable, workflow_status_id, securities_code) values (?, ?, ?, ?, ?, ?, ?, ?, ?, ?, ?, ?, ?, ?, ?, ?, ?, ?, ?, ?, ?, ?, ?, ?, ?, ?, ?, ?, ?, ?, ?, ?, ?, ?, ?, ?, ?, ?, ?, ?, ?, ?, ?, ?, ?)
2022-12-27 10:25:36.155 [main] DEBUG org.hibernate.SQL:128 - select jpasecurit0_.securities_code as securiti1_44_0_, jpasecurit0_.action as action2_44_0_, jpasecurit0_.approval_remark as approval3_44_0_, jpasecurit0_.approved_by as approved4_44_0_, jpasecurit0_.approved_date as approved5_44_0_, jpasecurit0_.created_date as created_6_44_0_, jpasecurit0_.effective_date as effectiv7_44_0_, jpasecurit0_.modified_by as modified8_44_0_, jpasecurit0_.modified_date as modified9_44_0_, jpasecurit0_.status as status10_44_0_, jpasecurit0_.workflow_status_id as workflo11_44_0_ from securities_coupon jpasecurit0_ where jpasecurit0_.securities_code=?
2022-12-27 10:25:36.176 [main] DEBUG org.hibernate.SQL:128 - insert into securities_coupon (action, approval_remark, approved_by, approved_date, created_date, effective_date, modified_by, modified_date, status, workflow_status_id, securities_code) values (?, ?, ?, ?, ?, ?, ?, ?, ?, ?, ?)
2022-12-27 10:25:36.289 [main] INFO  scrips.datamigration.common.service.FkChecksEnableDisable:23 - enable FkChecks called
2022-12-27 10:25:36.291 [main] DEBUG org.hibernate.SQL:128 - SET FOREIGN_KEY_CHECKS = 1
2022-12-27 10:25:36.311 [main] INFO  scrips.datamigration.common.service.FkChecksEnableDisable:25 - enable FkChecks done
2022-12-27 10:25:36.344 [main] DEBUG org.hibernate.SQL:128 - SELECT @@GLOBAL.foreign_key_checks, @@SESSION.foreign_key_checks
2022-12-27 10:25:36.414 [main] INFO  scrips.datamigration.common.service.FkChecksEnableDisable:52 - foreign_key_checks status - 1
2022-12-27 10:25:36.495 [SpringContextShutdownHook] INFO  org.springframework.orm.jpa.LocalContainerEntityManagerFactoryBean:598 - Closing JPA EntityManagerFactory for persistence unit 'data'
2022-12-27 10:25:36.502 [SpringContextShutdownHook] INFO  com.zaxxer.hikari.HikariDataSource:350 - HikariPool-1 - Shutdown initiated...
2022-12-27 10:25:36.522 [SpringContextShutdownHook] INFO  com.zaxxer.hikari.HikariDataSource:352 - HikariPool-1 - Shutdown completed.
