2022-12-23 19:06:15.020 [main] INFO  scrips.datamigration.App:55 - Starting App on WSIN181 with PID 14628 (D:\DataMigrationNEW\DATA_MIGRATION_RTGS\DataMigrationAndExtract\DataMigration\target\classes started by SheikKhadeer in D:\DataMigrationNEW\DATA_MIGRATION_RTGS\DataMigrationAndExtract\DataMigration)
2022-12-23 19:06:15.030 [main] INFO  scrips.datamigration.App:651 - No active profile set, falling back to default profiles: app
2022-12-23 19:06:16.916 [main] INFO  org.springframework.data.repository.config.RepositoryConfigurationDelegate:127 - Bootstrapping Spring Data JPA repositories in DEFAULT mode.
2022-12-23 19:06:17.657 [main] INFO  org.springframework.data.repository.config.RepositoryConfigurationDelegate:187 - Finished Spring Data repository scanning in 704ms. Found 66 JPA repository interfaces.
2022-12-23 19:06:18.150 [main] INFO  com.ulisesbocchio.jasyptspringboot.configuration.EnableEncryptablePropertiesBeanFactoryPostProcessor:39 - Post-processing PropertySource instances
2022-12-23 19:06:18.203 [main] INFO  com.ulisesbocchio.jasyptspringboot.EncryptablePropertySourceConverter:56 - Converting PropertySource configurationProperties [org.springframework.boot.context.properties.source.ConfigurationPropertySourcesPropertySource] to AOP Proxy
2022-12-23 19:06:18.204 [main] INFO  com.ulisesbocchio.jasyptspringboot.EncryptablePropertySourceConverter:56 - Converting PropertySource commandLineArgs [org.springframework.core.env.SimpleCommandLinePropertySource] to EncryptableEnumerablePropertySourceWrapper
2022-12-23 19:06:18.205 [main] INFO  com.ulisesbocchio.jasyptspringboot.EncryptablePropertySourceConverter:56 - Converting PropertySource systemProperties [org.springframework.core.env.PropertiesPropertySource] to EncryptableMapPropertySourceWrapper
2022-12-23 19:06:18.206 [main] INFO  com.ulisesbocchio.jasyptspringboot.EncryptablePropertySourceConverter:56 - Converting PropertySource systemEnvironment [org.springframework.boot.env.SystemEnvironmentPropertySourceEnvironmentPostProcessor$OriginAwareSystemEnvironmentPropertySource] to EncryptableSystemEnvironmentPropertySourceWrapper
2022-12-23 19:06:18.206 [main] INFO  com.ulisesbocchio.jasyptspringboot.EncryptablePropertySourceConverter:56 - Converting PropertySource random [org.springframework.boot.env.RandomValuePropertySource] to EncryptablePropertySourceWrapper
2022-12-23 19:06:18.207 [main] INFO  com.ulisesbocchio.jasyptspringboot.EncryptablePropertySourceConverter:56 - Converting PropertySource applicationConfig: [file:./config/application.properties] [org.springframework.boot.env.OriginTrackedMapPropertySource] to EncryptableMapPropertySourceWrapper
2022-12-23 19:06:18.207 [main] INFO  com.ulisesbocchio.jasyptspringboot.EncryptablePropertySourceConverter:56 - Converting PropertySource applicationConfig: [classpath:/application.properties] [org.springframework.boot.env.OriginTrackedMapPropertySource] to EncryptableMapPropertySourceWrapper
2022-12-23 19:06:18.208 [main] INFO  com.ulisesbocchio.jasyptspringboot.EncryptablePropertySourceConverter:56 - Converting PropertySource DataMigrationProperties [org.springframework.core.env.MapPropertySource] to EncryptableMapPropertySourceWrapper
2022-12-23 19:06:18.440 [main] INFO  com.ulisesbocchio.jasyptspringboot.filter.DefaultLazyPropertyFilter:31 - Property Filter custom Bean not found with name 'encryptablePropertyFilter'. Initializing Default Property Filter
2022-12-23 19:06:18.609 [main] INFO  com.ulisesbocchio.jasyptspringboot.resolver.DefaultLazyPropertyResolver:35 - Property Resolver custom Bean not found with name 'encryptablePropertyResolver'. Initializing Default Property Resolver
2022-12-23 19:06:18.613 [main] INFO  com.ulisesbocchio.jasyptspringboot.detector.DefaultLazyPropertyDetector:35 - Property Detector custom Bean not found with name 'encryptablePropertyDetector'. Initializing Default Property Detector
2022-12-23 19:06:18.626 [main] INFO  com.ulisesbocchio.jasyptspringboot.encryptor.DefaultLazyEncryptor:37 - String Encryptor custom Bean not found with name 'jasyptStringEncryptor'. Initializing Default String Encryptor
2022-12-23 19:06:18.650 [main] INFO  com.ulisesbocchio.jasyptspringboot.configuration.StringEncryptorBuilder:81 - Encryptor config not found for property jasypt.encryptor.key-obtention-iterations, using default value: 1000
2022-12-23 19:06:18.652 [main] INFO  com.ulisesbocchio.jasyptspringboot.configuration.StringEncryptorBuilder:81 - Encryptor config not found for property jasypt.encryptor.pool-size, using default value: 1
2022-12-23 19:06:18.652 [main] INFO  com.ulisesbocchio.jasyptspringboot.configuration.StringEncryptorBuilder:81 - Encryptor config not found for property jasypt.encryptor.provider-name, using default value: null
2022-12-23 19:06:18.653 [main] INFO  com.ulisesbocchio.jasyptspringboot.configuration.StringEncryptorBuilder:81 - Encryptor config not found for property jasypt.encryptor.provider-class-name, using default value: null
2022-12-23 19:06:18.654 [main] INFO  com.ulisesbocchio.jasyptspringboot.configuration.StringEncryptorBuilder:81 - Encryptor config not found for property jasypt.encryptor.salt-generator-classname, using default value: org.jasypt.salt.RandomSaltGenerator
2022-12-23 19:06:18.658 [main] INFO  com.ulisesbocchio.jasyptspringboot.configuration.StringEncryptorBuilder:81 - Encryptor config not found for property jasypt.encryptor.string-output-type, using default value: base64
2022-12-23 19:06:19.044 [main] INFO  org.hibernate.jpa.internal.util.LogHelper:31 - HHH000204: Processing PersistenceUnitInfo [name: data]
2022-12-23 19:06:19.210 [main] INFO  org.hibernate.Version:44 - HHH000412: Hibernate ORM core version 5.4.15.Final
2022-12-23 19:06:19.423 [main] INFO  org.hibernate.annotations.common.Version:49 - HCANN000001: Hibernate Commons Annotations {5.1.0.Final}
2022-12-23 19:06:20.091 [main] INFO  com.zaxxer.hikari.HikariDataSource:110 - HikariPool-1 - Starting...
2022-12-23 19:06:21.171 [main] INFO  com.zaxxer.hikari.HikariDataSource:123 - HikariPool-1 - Start completed.
2022-12-23 19:06:21.229 [main] INFO  org.hibernate.dialect.Dialect:172 - HHH000400: Using dialect: org.hibernate.dialect.MySQL8Dialect
2022-12-23 19:06:21.587 [main] INFO  org.hibernate.envers.boot.internal.EnversServiceImpl:90 - Envers integration enabled? : true
2022-12-23 19:06:25.040 [main] INFO  org.hibernate.engine.transaction.jta.platform.internal.JtaPlatformInitiator:52 - HHH000490: Using JtaPlatform implementation: [org.hibernate.engine.transaction.jta.platform.internal.NoJtaPlatform]
2022-12-23 19:06:25.055 [main] INFO  org.springframework.orm.jpa.LocalContainerEntityManagerFactoryBean:416 - Initialized JPA EntityManagerFactory for persistence unit 'data'
2022-12-23 19:06:27.441 [main] INFO  scrips.datamigration.App:61 - Started App in 13.575 seconds (JVM running for 16.447)
2022-12-23 19:06:27.635 [main] INFO  scrips.datamigration.common.service.FkChecksEnableDisable:36 - disable FkChecks called
2022-12-23 19:06:27.669 [main] DEBUG org.hibernate.SQL:128 - SET FOREIGN_KEY_CHECKS = 0
2022-12-23 19:06:27.761 [main] INFO  scrips.datamigration.common.service.FkChecksEnableDisable:38 - disable FkChecks done
2022-12-23 19:06:27.962 [main] DEBUG org.hibernate.SQL:128 - SELECT @@GLOBAL.foreign_key_checks, @@SESSION.foreign_key_checks
2022-12-23 19:06:28.057 [main] INFO  scrips.datamigration.common.service.FkChecksEnableDisable:52 - foreign_key_checks status - 0
2022-12-23 19:06:28.076 [main] INFO  scrips.datamigration.controller.ScripsFileUploadController:159 - fileUploadCode - ACCOUNT_FILE_UPLOAD
2022-12-23 19:06:28.077 [main] INFO  scrips.datamigration.common.service.FileUploadService:115 - getFileHeaderByCode entered
2022-12-23 19:06:28.077 [main] INFO  scrips.datamigration.common.service.FileUploadService:121 - fileUpldHeaderOut - account
2022-12-23 19:06:28.078 [main] INFO  scrips.datamigration.controller.ScripsFileUploadController:163 - Live table name ->account
2022-12-23 19:06:28.078 [main] INFO  scrips.datamigration.common.service.FileUploadService:81 - ftp status n
2022-12-23 19:06:28.079 [main] INFO  scrips.datamigration.common.service.FileUploadService:96 - FTP Not Enabled,Reading files from MigrationFiles folder
2022-12-23 19:06:28.083 [main] INFO  scrips.datamigration.controller.ScripsFileUploadController:177 - fileRecords - MASGSGSG|21110223|Settlement Account|SETT|Y|Y|DBSSSGSG000|Active|SGD|NO_STATEMENT|ctgy1|cost1|123|No
2022-12-23 19:06:28.084 [main] INFO  scrips.datamigration.controller.ScripsFileUploadController:177 - fileRecords - MASGSGSG|21110223|Settlement Account|SETT|Y|Y|DBSSSGSG000|Active|SGD|NO_STATEMENT|ctgy1|cost1|123|No
2022-12-23 19:06:28.084 [main] INFO  scrips.datamigration.controller.ScripsFileUploadController:177 - fileRecords - MASGSGSG|11111110|Settlement Account@|SETT|Y|Y|DBSSSGSG000|Active|SGD|NO_STATEMENT|ctgy1|cost1|123|No
2022-12-23 19:06:28.084 [main] INFO  scrips.datamigration.controller.ScripsFileUploadController:177 - fileRecords - MASGSGSG|11111111|Settlement Account|SETT|Y|Y|DBSSSGSG000|Active|SG-|NO_STATEMENT|ctgy1|cost1|123|No
2022-12-23 19:06:28.084 [main] INFO  scrips.datamigration.controller.ScripsFileUploadController:177 - fileRecords - DBSSSGSG|11111112|Settlement Account|SETT|N|Y|DBSSSGSG000|Active|SGD|NO_STATEMENT|ctgy1|cost1|123|No
2022-12-23 19:06:28.084 [main] INFO  scrips.datamigration.controller.ScripsFileUploadController:177 - fileRecords - MASGSGSG|11111113|Settlement Account|SETT|Y|N|DBSSSGSG000|Active|SGD|NO_STATEMENT|ctgy1|cost1|123|No
2022-12-23 19:06:28.084 [main] INFO  scrips.datamigration.controller.ScripsFileUploadController:177 - fileRecords - MASGSGSG|11111114|Settlement Account|SETT|Y|Y|DBSSSGSG000|Active|SGD|NO_STATEMENT|ctgy1|cost1|123|TEST
2022-12-23 19:06:28.085 [main] INFO  scrips.datamigration.controller.ScripsFileUploadController:177 - fileRecords - MASGSGSG|11111115|Settlement Account|SETT|Y|Y|DBSSSGSG000|TEST|SGD|NO_STATEMENT|ctgy1|cost1|123|No
2022-12-23 19:06:28.085 [main] INFO  scrips.datamigration.controller.ScripsFileUploadController:177 - fileRecords - |11111116|Settlement Account|SETT|Y|Y|DBSSSGSG000|Active|SGD|NO_STATEMENT|ctgy1|cost1|123|No
2022-12-23 19:06:28.085 [main] INFO  scrips.datamigration.controller.ScripsFileUploadController:177 - fileRecords - DBSSSGSG||Settlement Account|SETT|Y|Y|DBSSSGSG000|Active|SGD|NO_STATEMENT|ctgy1|cost1|123|No
2022-12-23 19:06:28.085 [main] INFO  scrips.datamigration.controller.ScripsFileUploadController:177 - fileRecords - MASGSGSG|11111117|Settlement Account@|SETT|Y|Y|DBSSSGSG000|Active|SG-|NO_STATEMENT@|ctgy1|cost1|123|No
2022-12-23 19:06:28.086 [main] INFO  scrips.datamigration.controller.ScripsFileUploadController:177 - fileRecords - MASGSGSG|11111118|Settlement Account|SETT|Y|Y|DBSSSGSG000@|Active|SGD|NO_STATEMENT|ctgy1|cost1|123|No
2022-12-23 19:06:28.086 [main] INFO  scrips.datamigration.controller.ScripsFileUploadController:177 - fileRecords - MASGSGSG@|11111118|Settlement Account|SETT|Y|Y|DBSSSGSG000|Active|SGD|NO_STATEMENT|ctgy1|cost1|123|No
2022-12-23 19:06:28.086 [main] INFO  scrips.datamigration.controller.ScripsFileUploadController:179 - 1:member_code
2022-12-23 19:06:28.087 [main] INFO  scrips.datamigration.controller.ScripsFileUploadController:179 - 2:account_number
2022-12-23 19:06:28.087 [main] INFO  scrips.datamigration.controller.ScripsFileUploadController:179 - 3:description
2022-12-23 19:06:28.087 [main] INFO  scrips.datamigration.controller.ScripsFileUploadController:179 - 4:account_type
2022-12-23 19:06:28.087 [main] INFO  scrips.datamigration.controller.ScripsFileUploadController:179 - 5:main_account_indicator
2022-12-23 19:06:28.088 [main] INFO  scrips.datamigration.controller.ScripsFileUploadController:179 - 6:default_main_account
2022-12-23 19:06:28.088 [main] INFO  scrips.datamigration.controller.ScripsFileUploadController:179 - 7:statement_delivery_bic
2022-12-23 19:06:28.088 [main] INFO  scrips.datamigration.controller.ScripsFileUploadController:179 - 8:account_status
2022-12-23 19:06:28.088 [main] INFO  scrips.datamigration.controller.ScripsFileUploadController:179 - 9:currency_code
2022-12-23 19:06:28.089 [main] INFO  scrips.datamigration.controller.ScripsFileUploadController:179 - 10:end_of_day_statement
2022-12-23 19:06:28.089 [main] INFO  scrips.datamigration.controller.ScripsFileUploadController:179 - 11:gl_category
2022-12-23 19:06:28.089 [main] INFO  scrips.datamigration.controller.ScripsFileUploadController:179 - 12:cost_centre
2022-12-23 19:06:28.090 [main] INFO  scrips.datamigration.controller.ScripsFileUploadController:179 - 13:gl_account_number
2022-12-23 19:06:28.090 [main] INFO  scrips.datamigration.controller.ScripsFileUploadController:179 - 14:statement_interval
