2022-12-23 19:58:27.125 [main] INFO  scrips.datamigration.App:55 - Starting App on WSIN181 with PID 8556 (D:\DataMigrationNEW\DATA_MIGRATION_RTGS\DataMigrationAndExtract\DataMigration\target\classes started by SheikKhadeer in D:\DataMigrationNEW\DATA_MIGRATION_RTGS\DataMigrationAndExtract\DataMigration)
2022-12-23 19:58:27.142 [main] INFO  scrips.datamigration.App:651 - No active profile set, falling back to default profiles: app
2022-12-23 19:58:28.396 [main] INFO  org.springframework.data.repository.config.RepositoryConfigurationDelegate:127 - Bootstrapping Spring Data JPA repositories in DEFAULT mode.
2022-12-23 19:58:29.003 [main] INFO  org.springframework.data.repository.config.RepositoryConfigurationDelegate:187 - Finished Spring Data repository scanning in 594ms. Found 65 JPA repository interfaces.
2022-12-23 19:58:29.475 [main] INFO  com.ulisesbocchio.jasyptspringboot.configuration.EnableEncryptablePropertiesBeanFactoryPostProcessor:39 - Post-processing PropertySource instances
2022-12-23 19:58:29.521 [main] INFO  com.ulisesbocchio.jasyptspringboot.EncryptablePropertySourceConverter:56 - Converting PropertySource configurationProperties [org.springframework.boot.context.properties.source.ConfigurationPropertySourcesPropertySource] to AOP Proxy
2022-12-23 19:58:29.522 [main] INFO  com.ulisesbocchio.jasyptspringboot.EncryptablePropertySourceConverter:56 - Converting PropertySource commandLineArgs [org.springframework.core.env.SimpleCommandLinePropertySource] to EncryptableEnumerablePropertySourceWrapper
2022-12-23 19:58:29.522 [main] INFO  com.ulisesbocchio.jasyptspringboot.EncryptablePropertySourceConverter:56 - Converting PropertySource systemProperties [org.springframework.core.env.PropertiesPropertySource] to EncryptableMapPropertySourceWrapper
2022-12-23 19:58:29.523 [main] INFO  com.ulisesbocchio.jasyptspringboot.EncryptablePropertySourceConverter:56 - Converting PropertySource systemEnvironment [org.springframework.boot.env.SystemEnvironmentPropertySourceEnvironmentPostProcessor$OriginAwareSystemEnvironmentPropertySource] to EncryptableSystemEnvironmentPropertySourceWrapper
2022-12-23 19:58:29.523 [main] INFO  com.ulisesbocchio.jasyptspringboot.EncryptablePropertySourceConverter:56 - Converting PropertySource random [org.springframework.boot.env.RandomValuePropertySource] to EncryptablePropertySourceWrapper
2022-12-23 19:58:29.524 [main] INFO  com.ulisesbocchio.jasyptspringboot.EncryptablePropertySourceConverter:56 - Converting PropertySource applicationConfig: [file:./config/application.properties] [org.springframework.boot.env.OriginTrackedMapPropertySource] to EncryptableMapPropertySourceWrapper
2022-12-23 19:58:29.524 [main] INFO  com.ulisesbocchio.jasyptspringboot.EncryptablePropertySourceConverter:56 - Converting PropertySource applicationConfig: [classpath:/application.properties] [org.springframework.boot.env.OriginTrackedMapPropertySource] to EncryptableMapPropertySourceWrapper
2022-12-23 19:58:29.525 [main] INFO  com.ulisesbocchio.jasyptspringboot.EncryptablePropertySourceConverter:56 - Converting PropertySource DataMigrationProperties [org.springframework.core.env.MapPropertySource] to EncryptableMapPropertySourceWrapper
2022-12-23 19:58:29.699 [main] INFO  com.ulisesbocchio.jasyptspringboot.filter.DefaultLazyPropertyFilter:31 - Property Filter custom Bean not found with name 'encryptablePropertyFilter'. Initializing Default Property Filter
2022-12-23 19:58:29.828 [main] INFO  com.ulisesbocchio.jasyptspringboot.resolver.DefaultLazyPropertyResolver:35 - Property Resolver custom Bean not found with name 'encryptablePropertyResolver'. Initializing Default Property Resolver
2022-12-23 19:58:29.834 [main] INFO  com.ulisesbocchio.jasyptspringboot.detector.DefaultLazyPropertyDetector:35 - Property Detector custom Bean not found with name 'encryptablePropertyDetector'. Initializing Default Property Detector
2022-12-23 19:58:29.849 [main] INFO  com.ulisesbocchio.jasyptspringboot.encryptor.DefaultLazyEncryptor:37 - String Encryptor custom Bean not found with name 'jasyptStringEncryptor'. Initializing Default String Encryptor
2022-12-23 19:58:29.883 [main] INFO  com.ulisesbocchio.jasyptspringboot.configuration.StringEncryptorBuilder:81 - Encryptor config not found for property jasypt.encryptor.key-obtention-iterations, using default value: 1000
2022-12-23 19:58:29.885 [main] INFO  com.ulisesbocchio.jasyptspringboot.configuration.StringEncryptorBuilder:81 - Encryptor config not found for property jasypt.encryptor.pool-size, using default value: 1
2022-12-23 19:58:29.886 [main] INFO  com.ulisesbocchio.jasyptspringboot.configuration.StringEncryptorBuilder:81 - Encryptor config not found for property jasypt.encryptor.provider-name, using default value: null
2022-12-23 19:58:29.887 [main] INFO  com.ulisesbocchio.jasyptspringboot.configuration.StringEncryptorBuilder:81 - Encryptor config not found for property jasypt.encryptor.provider-class-name, using default value: null
2022-12-23 19:58:29.888 [main] INFO  com.ulisesbocchio.jasyptspringboot.configuration.StringEncryptorBuilder:81 - Encryptor config not found for property jasypt.encryptor.salt-generator-classname, using default value: org.jasypt.salt.RandomSaltGenerator
2022-12-23 19:58:29.890 [main] INFO  com.ulisesbocchio.jasyptspringboot.configuration.StringEncryptorBuilder:81 - Encryptor config not found for property jasypt.encryptor.string-output-type, using default value: base64
2022-12-23 19:58:30.137 [main] INFO  org.hibernate.jpa.internal.util.LogHelper:31 - HHH000204: Processing PersistenceUnitInfo [name: data]
2022-12-23 19:58:30.216 [main] INFO  org.hibernate.Version:44 - HHH000412: Hibernate ORM core version 5.4.15.Final
2022-12-23 19:58:30.442 [main] INFO  org.hibernate.annotations.common.Version:49 - HCANN000001: Hibernate Commons Annotations {5.1.0.Final}
2022-12-23 19:58:31.126 [main] INFO  com.zaxxer.hikari.HikariDataSource:110 - HikariPool-1 - Starting...
2022-12-23 19:58:32.556 [main] INFO  com.zaxxer.hikari.HikariDataSource:123 - HikariPool-1 - Start completed.
2022-12-23 19:58:32.618 [main] INFO  org.hibernate.dialect.Dialect:172 - HHH000400: Using dialect: org.hibernate.dialect.MySQL8Dialect
2022-12-23 19:58:32.817 [main] INFO  org.hibernate.envers.boot.internal.EnversServiceImpl:90 - Envers integration enabled? : true
2022-12-23 19:58:35.802 [main] INFO  org.hibernate.engine.transaction.jta.platform.internal.JtaPlatformInitiator:52 - HHH000490: Using JtaPlatform implementation: [org.hibernate.engine.transaction.jta.platform.internal.NoJtaPlatform]
2022-12-23 19:58:35.812 [main] INFO  org.springframework.orm.jpa.LocalContainerEntityManagerFactoryBean:416 - Initialized JPA EntityManagerFactory for persistence unit 'data'
2022-12-23 19:58:38.335 [main] INFO  scrips.datamigration.App:61 - Started App in 12.041 seconds (JVM running for 13.964)
2022-12-23 19:58:38.473 [main] INFO  scrips.datamigration.common.service.FkChecksEnableDisable:36 - disable FkChecks called
2022-12-23 19:58:38.517 [main] DEBUG org.hibernate.SQL:128 - SET FOREIGN_KEY_CHECKS = 0
2022-12-23 19:58:38.607 [main] INFO  scrips.datamigration.common.service.FkChecksEnableDisable:38 - disable FkChecks done
2022-12-23 19:58:38.793 [main] DEBUG org.hibernate.SQL:128 - SELECT @@GLOBAL.foreign_key_checks, @@SESSION.foreign_key_checks
2022-12-23 19:58:38.972 [main] INFO  scrips.datamigration.common.service.FkChecksEnableDisable:52 - foreign_key_checks status - 0
2022-12-23 19:58:38.975 [main] INFO  scrips.datamigration.controller.ScripsFileUploadController:159 - fileUploadCode - CBM_SORA_RATE_FILE_UPLOAD
2022-12-23 19:58:38.976 [main] INFO  scrips.datamigration.common.service.FileUploadService:115 - getFileHeaderByCode entered
2022-12-23 19:58:38.976 [main] INFO  scrips.datamigration.common.service.FileUploadService:121 - fileUpldHeaderOut - cbm_sora_rate
2022-12-23 19:58:38.977 [main] INFO  scrips.datamigration.controller.ScripsFileUploadController:163 - Live table name ->cbm_sora_rate
2022-12-23 19:58:38.977 [main] INFO  scrips.datamigration.common.service.FileUploadService:81 - ftp status n
2022-12-23 19:58:38.978 [main] INFO  scrips.datamigration.common.service.FileUploadService:96 - FTP Not Enabled,Reading files from MigrationFiles folder
2022-12-23 19:58:38.981 [main] INFO  scrips.datamigration.controller.ScripsFileUploadController:177 - fileRecords - SORA INDEX|20220506|20220515|1.2000000000
2022-12-23 19:58:38.982 [main] INFO  scrips.datamigration.controller.ScripsFileUploadController:177 - fileRecords - SORA INDEX|20220506|20220515|1.3000000000
2022-12-23 19:58:38.982 [main] INFO  scrips.datamigration.controller.ScripsFileUploadController:177 - fileRecords - SORA RATE|20220508|20220508|0.0200000000
2022-12-23 19:58:38.982 [main] INFO  scrips.datamigration.controller.ScripsFileUploadController:177 - fileRecords - SORA RATE|20220506|20220510|0.0400000000
2022-12-23 19:58:38.982 [main] INFO  scrips.datamigration.controller.ScripsFileUploadController:177 - fileRecords - SORA RATE|20220508|20220508|-0.0200000000
2022-12-23 19:58:38.983 [main] INFO  scrips.datamigration.controller.ScripsFileUploadController:177 - fileRecords - SORA RATE|20220506|-0220510|0.0400000000
2022-12-23 19:58:38.983 [main] INFO  scrips.datamigration.controller.ScripsFileUploadController:177 - fileRecords - SORA INDEX|20220506|20220515|TEST
2022-12-23 19:58:38.983 [main] INFO  scrips.datamigration.controller.ScripsFileUploadController:177 - fileRecords - SORA INDEX|20220506|TEST|1.3000000000
2022-12-23 19:58:38.983 [main] INFO  scrips.datamigration.controller.ScripsFileUploadController:177 - fileRecords - SORA INDEX|TEST|20220519|1.3000000000
2022-12-23 19:58:38.984 [main] INFO  scrips.datamigration.controller.ScripsFileUploadController:179 - 1:reference_rate
2022-12-23 19:58:38.984 [main] INFO  scrips.datamigration.controller.ScripsFileUploadController:179 - 2:publication_date
2022-12-23 19:58:38.984 [main] INFO  scrips.datamigration.controller.ScripsFileUploadController:179 - 3:value_date
2022-12-23 19:58:38.984 [main] INFO  scrips.datamigration.controller.ScripsFileUploadController:179 - 4:rate
2022-12-23 19:58:38.993 [main] INFO  scrips.datamigration.rtgs.service.CbmSoraRateService:175 - Total records in File: {}9
2022-12-23 19:58:39.144 [main] DEBUG org.hibernate.SQL:128 - select jpauser0_.id as id1_63_, jpauser0_.access_level as access_l2_63_, jpauser0_.action as action3_63_, jpauser0_.approval_remark as approval4_63_, jpauser0_.approved_by as approved5_63_, jpauser0_.approved_date as approved6_63_, jpauser0_.created_date as created_7_63_, jpauser0_.currency_code as currency8_63_, jpauser0_.effective_date as effectiv9_63_, jpauser0_.email as email10_63_, jpauser0_.first_activation_date as first_a11_63_, jpauser0_.last_login_datetime as last_lo12_63_, jpauser0_.login_attempts as login_a13_63_, jpauser0_.member_id as member_14_63_, jpauser0_.modified_by as modifie15_63_, jpauser0_.modified_date as modifie16_63_, jpauser0_.name as name17_63_, jpauser0_.password as passwor18_63_, jpauser0_.password_expiry_date as passwor19_63_, jpauser0_.phone_no as phone_n20_63_, jpauser0_.status as status21_63_, jpauser0_.swift_net_id as swift_n22_63_, jpauser0_.user_id as user_id23_63_, jpauser0_.user_status as user_st24_63_, jpauser0_.workflow_status_id as workflo25_63_ from user jpauser0_ where jpauser0_.name=?
2022-12-23 19:58:39.399 [main] DEBUG org.hibernate.SQL:128 - insert into cbm_sora_rate_source (action, approval_remark, approved_by, approved_date, created_date, effective_date, id, modified_by, modified_date, publication_date, rate, reference_rate, remarks, status, value_date, workflow_status_id) values (?, ?, ?, ?, ?, ?, ?, ?, ?, ?, ?, ?, ?, ?, ?, ?)
2022-12-23 19:58:39.730 [main] DEBUG org.hibernate.SQL:128 - select jpacbmsora0_.id as id1_26_0_, jpacbmsora0_.action as action2_26_0_, jpacbmsora0_.approval_remark as approval3_26_0_, jpacbmsora0_.approved_by as approved4_26_0_, jpacbmsora0_.approved_date as approved5_26_0_, jpacbmsora0_.created_date as created_6_26_0_, jpacbmsora0_.effective_date as effectiv7_26_0_, jpacbmsora0_.modified_by as modified8_26_0_, jpacbmsora0_.modified_date as modified9_26_0_, jpacbmsora0_.publication_date as publica10_26_0_, jpacbmsora0_.rate as rate11_26_0_, jpacbmsora0_.reference_rate as referen12_26_0_, jpacbmsora0_.remarks as remarks13_26_0_, jpacbmsora0_.status as status14_26_0_, jpacbmsora0_.value_date as value_d15_26_0_, jpacbmsora0_.workflow_status_id as workflo16_26_0_ from cbm_sora_rate_temp jpacbmsora0_ where jpacbmsora0_.id=?
2022-12-23 19:58:39.835 [main] DEBUG org.hibernate.SQL:128 - insert into cbm_sora_rate_temp (action, approval_remark, approved_by, approved_date, created_date, effective_date, modified_by, modified_date, publication_date, rate, reference_rate, remarks, status, value_date, workflow_status_id, id) values (?, ?, ?, ?, ?, ?, ?, ?, ?, ?, ?, ?, ?, ?, ?, ?)
2022-12-23 19:58:40.218 [main] DEBUG org.hibernate.SQL:128 - insert into cbm_sora_rate_source (action, approval_remark, approved_by, approved_date, created_date, effective_date, id, modified_by, modified_date, publication_date, rate, reference_rate, remarks, status, value_date, workflow_status_id) values (?, ?, ?, ?, ?, ?, ?, ?, ?, ?, ?, ?, ?, ?, ?, ?)
2022-12-23 19:58:40.520 [main] DEBUG org.hibernate.SQL:128 - select jpacbmsora0_.id as id1_26_0_, jpacbmsora0_.action as action2_26_0_, jpacbmsora0_.approval_remark as approval3_26_0_, jpacbmsora0_.approved_by as approved4_26_0_, jpacbmsora0_.approved_date as approved5_26_0_, jpacbmsora0_.created_date as created_6_26_0_, jpacbmsora0_.effective_date as effectiv7_26_0_, jpacbmsora0_.modified_by as modified8_26_0_, jpacbmsora0_.modified_date as modified9_26_0_, jpacbmsora0_.publication_date as publica10_26_0_, jpacbmsora0_.rate as rate11_26_0_, jpacbmsora0_.reference_rate as referen12_26_0_, jpacbmsora0_.remarks as remarks13_26_0_, jpacbmsora0_.status as status14_26_0_, jpacbmsora0_.value_date as value_d15_26_0_, jpacbmsora0_.workflow_status_id as workflo16_26_0_ from cbm_sora_rate_temp jpacbmsora0_ where jpacbmsora0_.id=?
2022-12-23 19:58:40.614 [main] DEBUG org.hibernate.SQL:128 - insert into cbm_sora_rate_temp (action, approval_remark, approved_by, approved_date, created_date, effective_date, modified_by, modified_date, publication_date, rate, reference_rate, remarks, status, value_date, workflow_status_id, id) values (?, ?, ?, ?, ?, ?, ?, ?, ?, ?, ?, ?, ?, ?, ?, ?)
2022-12-23 19:58:40.958 [main] DEBUG org.hibernate.SQL:128 - insert into cbm_sora_rate_source (action, approval_remark, approved_by, approved_date, created_date, effective_date, id, modified_by, modified_date, publication_date, rate, reference_rate, remarks, status, value_date, workflow_status_id) values (?, ?, ?, ?, ?, ?, ?, ?, ?, ?, ?, ?, ?, ?, ?, ?)
2022-12-23 19:58:41.271 [main] DEBUG org.hibernate.SQL:128 - select jpacbmsora0_.id as id1_26_0_, jpacbmsora0_.action as action2_26_0_, jpacbmsora0_.approval_remark as approval3_26_0_, jpacbmsora0_.approved_by as approved4_26_0_, jpacbmsora0_.approved_date as approved5_26_0_, jpacbmsora0_.created_date as created_6_26_0_, jpacbmsora0_.effective_date as effectiv7_26_0_, jpacbmsora0_.modified_by as modified8_26_0_, jpacbmsora0_.modified_date as modified9_26_0_, jpacbmsora0_.publication_date as publica10_26_0_, jpacbmsora0_.rate as rate11_26_0_, jpacbmsora0_.reference_rate as referen12_26_0_, jpacbmsora0_.remarks as remarks13_26_0_, jpacbmsora0_.status as status14_26_0_, jpacbmsora0_.value_date as value_d15_26_0_, jpacbmsora0_.workflow_status_id as workflo16_26_0_ from cbm_sora_rate_temp jpacbmsora0_ where jpacbmsora0_.id=?
2022-12-23 19:58:41.360 [main] DEBUG org.hibernate.SQL:128 - insert into cbm_sora_rate_temp (action, approval_remark, approved_by, approved_date, created_date, effective_date, modified_by, modified_date, publication_date, rate, reference_rate, remarks, status, value_date, workflow_status_id, id) values (?, ?, ?, ?, ?, ?, ?, ?, ?, ?, ?, ?, ?, ?, ?, ?)
2022-12-23 19:58:41.728 [main] DEBUG org.hibernate.SQL:128 - insert into cbm_sora_rate_source (action, approval_remark, approved_by, approved_date, created_date, effective_date, id, modified_by, modified_date, publication_date, rate, reference_rate, remarks, status, value_date, workflow_status_id) values (?, ?, ?, ?, ?, ?, ?, ?, ?, ?, ?, ?, ?, ?, ?, ?)
2022-12-23 19:58:42.049 [main] DEBUG org.hibernate.SQL:128 - select jpacbmsora0_.id as id1_26_0_, jpacbmsora0_.action as action2_26_0_, jpacbmsora0_.approval_remark as approval3_26_0_, jpacbmsora0_.approved_by as approved4_26_0_, jpacbmsora0_.approved_date as approved5_26_0_, jpacbmsora0_.created_date as created_6_26_0_, jpacbmsora0_.effective_date as effectiv7_26_0_, jpacbmsora0_.modified_by as modified8_26_0_, jpacbmsora0_.modified_date as modified9_26_0_, jpacbmsora0_.publication_date as publica10_26_0_, jpacbmsora0_.rate as rate11_26_0_, jpacbmsora0_.reference_rate as referen12_26_0_, jpacbmsora0_.remarks as remarks13_26_0_, jpacbmsora0_.status as status14_26_0_, jpacbmsora0_.value_date as value_d15_26_0_, jpacbmsora0_.workflow_status_id as workflo16_26_0_ from cbm_sora_rate_temp jpacbmsora0_ where jpacbmsora0_.id=?
2022-12-23 19:58:42.148 [main] DEBUG org.hibernate.SQL:128 - insert into cbm_sora_rate_temp (action, approval_remark, approved_by, approved_date, created_date, effective_date, modified_by, modified_date, publication_date, rate, reference_rate, remarks, status, value_date, workflow_status_id, id) values (?, ?, ?, ?, ?, ?, ?, ?, ?, ?, ?, ?, ?, ?, ?, ?)
2022-12-23 19:58:42.519 [main] DEBUG org.hibernate.SQL:128 - insert into cbm_sora_rate_source (action, approval_remark, approved_by, approved_date, created_date, effective_date, id, modified_by, modified_date, publication_date, rate, reference_rate, remarks, status, value_date, workflow_status_id) values (?, ?, ?, ?, ?, ?, ?, ?, ?, ?, ?, ?, ?, ?, ?, ?)
2022-12-23 19:58:42.819 [main] DEBUG org.hibernate.SQL:128 - insert into cbm_sora_rate_source (action, approval_remark, approved_by, approved_date, created_date, effective_date, id, modified_by, modified_date, publication_date, rate, reference_rate, remarks, status, value_date, workflow_status_id) values (?, ?, ?, ?, ?, ?, ?, ?, ?, ?, ?, ?, ?, ?, ?, ?)
2022-12-23 19:58:43.118 [main] DEBUG org.hibernate.SQL:128 - insert into cbm_sora_rate_source (action, approval_remark, approved_by, approved_date, created_date, effective_date, id, modified_by, modified_date, publication_date, rate, reference_rate, remarks, status, value_date, workflow_status_id) values (?, ?, ?, ?, ?, ?, ?, ?, ?, ?, ?, ?, ?, ?, ?, ?)
2022-12-23 19:58:43.397 [main] DEBUG org.hibernate.SQL:128 - insert into cbm_sora_rate_source (action, approval_remark, approved_by, approved_date, created_date, effective_date, id, modified_by, modified_date, publication_date, rate, reference_rate, remarks, status, value_date, workflow_status_id) values (?, ?, ?, ?, ?, ?, ?, ?, ?, ?, ?, ?, ?, ?, ?, ?)
2022-12-23 19:58:43.723 [main] DEBUG org.hibernate.SQL:128 - insert into cbm_sora_rate_source (action, approval_remark, approved_by, approved_date, created_date, effective_date, id, modified_by, modified_date, publication_date, rate, reference_rate, remarks, status, value_date, workflow_status_id) values (?, ?, ?, ?, ?, ?, ?, ?, ?, ?, ?, ?, ?, ?, ?, ?)
2022-12-23 19:58:44.085 [main] DEBUG org.hibernate.SQL:128 - select jpacbmsora0_.reference_rate as referenc1_24_, jpacbmsora0_.value_date as value_da2_24_, jpacbmsora0_.action as action3_24_, jpacbmsora0_.approval_remark as approval4_24_, jpacbmsora0_.approved_by as approved5_24_, jpacbmsora0_.approved_date as approved6_24_, jpacbmsora0_.created_date as created_7_24_, jpacbmsora0_.effective_date as effectiv8_24_, jpacbmsora0_.modified_by as modified9_24_, jpacbmsora0_.modified_date as modifie10_24_, jpacbmsora0_.publication_date as publica11_24_, jpacbmsora0_.rate as rate12_24_, jpacbmsora0_.status as status13_24_, jpacbmsora0_.workflow_status_id as workflo14_24_ from cbm_sora_rate jpacbmsora0_ where jpacbmsora0_.reference_rate=? and jpacbmsora0_.value_date=?
2022-12-23 19:58:44.252 [main] DEBUG org.hibernate.SQL:128 - select jpacbmsora0_.reference_rate as referenc1_24_0_, jpacbmsora0_.value_date as value_da2_24_0_, jpacbmsora0_.action as action3_24_0_, jpacbmsora0_.approval_remark as approval4_24_0_, jpacbmsora0_.approved_by as approved5_24_0_, jpacbmsora0_.approved_date as approved6_24_0_, jpacbmsora0_.created_date as created_7_24_0_, jpacbmsora0_.effective_date as effectiv8_24_0_, jpacbmsora0_.modified_by as modified9_24_0_, jpacbmsora0_.modified_date as modifie10_24_0_, jpacbmsora0_.publication_date as publica11_24_0_, jpacbmsora0_.rate as rate12_24_0_, jpacbmsora0_.status as status13_24_0_, jpacbmsora0_.workflow_status_id as workflo14_24_0_ from cbm_sora_rate jpacbmsora0_ where jpacbmsora0_.reference_rate=? and jpacbmsora0_.value_date=?
2022-12-23 19:58:44.342 [main] DEBUG org.hibernate.SQL:128 - insert into cbm_sora_rate (action, approval_remark, approved_by, approved_date, created_date, effective_date, modified_by, modified_date, publication_date, rate, status, workflow_status_id, reference_rate, value_date) values (?, ?, ?, ?, ?, ?, ?, ?, ?, ?, ?, ?, ?, ?)
2022-12-23 19:58:44.771 [main] DEBUG org.hibernate.SQL:128 - select jpacbmsora0_.reference_rate as referenc1_24_, jpacbmsora0_.value_date as value_da2_24_, jpacbmsora0_.action as action3_24_, jpacbmsora0_.approval_remark as approval4_24_, jpacbmsora0_.approved_by as approved5_24_, jpacbmsora0_.approved_date as approved6_24_, jpacbmsora0_.created_date as created_7_24_, jpacbmsora0_.effective_date as effectiv8_24_, jpacbmsora0_.modified_by as modified9_24_, jpacbmsora0_.modified_date as modifie10_24_, jpacbmsora0_.publication_date as publica11_24_, jpacbmsora0_.rate as rate12_24_, jpacbmsora0_.status as status13_24_, jpacbmsora0_.workflow_status_id as workflo14_24_ from cbm_sora_rate jpacbmsora0_ where jpacbmsora0_.reference_rate=? and jpacbmsora0_.value_date=?
2022-12-23 19:58:44.939 [main] DEBUG org.hibernate.SQL:128 - select jpacbmsora0_.id as id1_26_0_, jpacbmsora0_.action as action2_26_0_, jpacbmsora0_.approval_remark as approval3_26_0_, jpacbmsora0_.approved_by as approved4_26_0_, jpacbmsora0_.approved_date as approved5_26_0_, jpacbmsora0_.created_date as created_6_26_0_, jpacbmsora0_.effective_date as effectiv7_26_0_, jpacbmsora0_.modified_by as modified8_26_0_, jpacbmsora0_.modified_date as modified9_26_0_, jpacbmsora0_.publication_date as publica10_26_0_, jpacbmsora0_.rate as rate11_26_0_, jpacbmsora0_.reference_rate as referen12_26_0_, jpacbmsora0_.remarks as remarks13_26_0_, jpacbmsora0_.status as status14_26_0_, jpacbmsora0_.value_date as value_d15_26_0_, jpacbmsora0_.workflow_status_id as workflo16_26_0_ from cbm_sora_rate_temp jpacbmsora0_ where jpacbmsora0_.id=?
2022-12-23 19:58:45.024 [main] DEBUG org.hibernate.SQL:128 - update cbm_sora_rate_temp set action=?, approval_remark=?, approved_by=?, approved_date=?, created_date=?, effective_date=?, modified_by=?, modified_date=?, publication_date=?, rate=?, reference_rate=?, remarks=?, status=?, value_date=?, workflow_status_id=? where id=?
2022-12-23 19:58:45.417 [main] DEBUG org.hibernate.SQL:128 - select jpacbmsora0_.reference_rate as referenc1_24_, jpacbmsora0_.value_date as value_da2_24_, jpacbmsora0_.action as action3_24_, jpacbmsora0_.approval_remark as approval4_24_, jpacbmsora0_.approved_by as approved5_24_, jpacbmsora0_.approved_date as approved6_24_, jpacbmsora0_.created_date as created_7_24_, jpacbmsora0_.effective_date as effectiv8_24_, jpacbmsora0_.modified_by as modified9_24_, jpacbmsora0_.modified_date as modifie10_24_, jpacbmsora0_.publication_date as publica11_24_, jpacbmsora0_.rate as rate12_24_, jpacbmsora0_.status as status13_24_, jpacbmsora0_.workflow_status_id as workflo14_24_ from cbm_sora_rate jpacbmsora0_ where jpacbmsora0_.reference_rate=? and jpacbmsora0_.value_date=?
2022-12-23 19:58:45.630 [main] DEBUG org.hibernate.SQL:128 - select jpacbmsora0_.reference_rate as referenc1_24_0_, jpacbmsora0_.value_date as value_da2_24_0_, jpacbmsora0_.action as action3_24_0_, jpacbmsora0_.approval_remark as approval4_24_0_, jpacbmsora0_.approved_by as approved5_24_0_, jpacbmsora0_.approved_date as approved6_24_0_, jpacbmsora0_.created_date as created_7_24_0_, jpacbmsora0_.effective_date as effectiv8_24_0_, jpacbmsora0_.modified_by as modified9_24_0_, jpacbmsora0_.modified_date as modifie10_24_0_, jpacbmsora0_.publication_date as publica11_24_0_, jpacbmsora0_.rate as rate12_24_0_, jpacbmsora0_.status as status13_24_0_, jpacbmsora0_.workflow_status_id as workflo14_24_0_ from cbm_sora_rate jpacbmsora0_ where jpacbmsora0_.reference_rate=? and jpacbmsora0_.value_date=?
2022-12-23 19:58:45.717 [main] DEBUG org.hibernate.SQL:128 - insert into cbm_sora_rate (action, approval_remark, approved_by, approved_date, created_date, effective_date, modified_by, modified_date, publication_date, rate, status, workflow_status_id, reference_rate, value_date) values (?, ?, ?, ?, ?, ?, ?, ?, ?, ?, ?, ?, ?, ?)
2022-12-23 19:58:46.080 [main] DEBUG org.hibernate.SQL:128 - select jpacbmsora0_.reference_rate as referenc1_24_, jpacbmsora0_.value_date as value_da2_24_, jpacbmsora0_.action as action3_24_, jpacbmsora0_.approval_remark as approval4_24_, jpacbmsora0_.approved_by as approved5_24_, jpacbmsora0_.approved_date as approved6_24_, jpacbmsora0_.created_date as created_7_24_, jpacbmsora0_.effective_date as effectiv8_24_, jpacbmsora0_.modified_by as modified9_24_, jpacbmsora0_.modified_date as modifie10_24_, jpacbmsora0_.publication_date as publica11_24_, jpacbmsora0_.rate as rate12_24_, jpacbmsora0_.status as status13_24_, jpacbmsora0_.workflow_status_id as workflo14_24_ from cbm_sora_rate jpacbmsora0_ where jpacbmsora0_.reference_rate=? and jpacbmsora0_.value_date=?
2022-12-23 19:58:46.228 [main] DEBUG org.hibernate.SQL:128 - select jpacbmsora0_.reference_rate as referenc1_24_0_, jpacbmsora0_.value_date as value_da2_24_0_, jpacbmsora0_.action as action3_24_0_, jpacbmsora0_.approval_remark as approval4_24_0_, jpacbmsora0_.approved_by as approved5_24_0_, jpacbmsora0_.approved_date as approved6_24_0_, jpacbmsora0_.created_date as created_7_24_0_, jpacbmsora0_.effective_date as effectiv8_24_0_, jpacbmsora0_.modified_by as modified9_24_0_, jpacbmsora0_.modified_date as modifie10_24_0_, jpacbmsora0_.publication_date as publica11_24_0_, jpacbmsora0_.rate as rate12_24_0_, jpacbmsora0_.status as status13_24_0_, jpacbmsora0_.workflow_status_id as workflo14_24_0_ from cbm_sora_rate jpacbmsora0_ where jpacbmsora0_.reference_rate=? and jpacbmsora0_.value_date=?
2022-12-23 19:58:46.321 [main] DEBUG org.hibernate.SQL:128 - insert into cbm_sora_rate (action, approval_remark, approved_by, approved_date, created_date, effective_date, modified_by, modified_date, publication_date, rate, status, workflow_status_id, reference_rate, value_date) values (?, ?, ?, ?, ?, ?, ?, ?, ?, ?, ?, ?, ?, ?)
2022-12-23 19:58:46.677 [main] INFO  scrips.datamigration.common.service.FkChecksEnableDisable:23 - enable FkChecks called
2022-12-23 19:58:46.679 [main] DEBUG org.hibernate.SQL:128 - SET FOREIGN_KEY_CHECKS = 1
2022-12-23 19:58:46.748 [main] INFO  scrips.datamigration.common.service.FkChecksEnableDisable:25 - enable FkChecks done
2022-12-23 19:58:46.879 [main] DEBUG org.hibernate.SQL:128 - SELECT @@GLOBAL.foreign_key_checks, @@SESSION.foreign_key_checks
2022-12-23 19:58:46.965 [main] INFO  scrips.datamigration.common.service.FkChecksEnableDisable:52 - foreign_key_checks status - 1
2022-12-23 19:58:47.010 [SpringContextShutdownHook] INFO  org.springframework.orm.jpa.LocalContainerEntityManagerFactoryBean:598 - Closing JPA EntityManagerFactory for persistence unit 'data'
2022-12-23 19:58:47.013 [SpringContextShutdownHook] INFO  com.zaxxer.hikari.HikariDataSource:350 - HikariPool-1 - Shutdown initiated...
2022-12-23 19:58:47.025 [SpringContextShutdownHook] INFO  com.zaxxer.hikari.HikariDataSource:352 - HikariPool-1 - Shutdown completed.
