2022-12-23 19:00:51.237 [main] INFO  scrips.datamigration.App:55 - Starting App on WSIN181 with PID 14516 (D:\DataMigrationNEW\DATA_MIGRATION_RTGS\DataMigrationAndExtract\DataMigration\target\classes started by SheikKhadeer in D:\DataMigrationNEW\DATA_MIGRATION_RTGS\DataMigrationAndExtract\DataMigration)
2022-12-23 19:00:51.243 [main] INFO  scrips.datamigration.App:651 - No active profile set, falling back to default profiles: app
2022-12-23 19:00:52.711 [main] INFO  org.springframework.data.repository.config.RepositoryConfigurationDelegate:127 - Bootstrapping Spring Data JPA repositories in DEFAULT mode.
2022-12-23 19:00:53.315 [main] INFO  org.springframework.data.repository.config.RepositoryConfigurationDelegate:187 - Finished Spring Data repository scanning in 593ms. Found 66 JPA repository interfaces.
2022-12-23 19:00:53.762 [main] INFO  com.ulisesbocchio.jasyptspringboot.configuration.EnableEncryptablePropertiesBeanFactoryPostProcessor:39 - Post-processing PropertySource instances
2022-12-23 19:00:53.802 [main] INFO  com.ulisesbocchio.jasyptspringboot.EncryptablePropertySourceConverter:56 - Converting PropertySource configurationProperties [org.springframework.boot.context.properties.source.ConfigurationPropertySourcesPropertySource] to AOP Proxy
2022-12-23 19:00:53.803 [main] INFO  com.ulisesbocchio.jasyptspringboot.EncryptablePropertySourceConverter:56 - Converting PropertySource commandLineArgs [org.springframework.core.env.SimpleCommandLinePropertySource] to EncryptableEnumerablePropertySourceWrapper
2022-12-23 19:00:53.803 [main] INFO  com.ulisesbocchio.jasyptspringboot.EncryptablePropertySourceConverter:56 - Converting PropertySource systemProperties [org.springframework.core.env.PropertiesPropertySource] to EncryptableMapPropertySourceWrapper
2022-12-23 19:00:53.804 [main] INFO  com.ulisesbocchio.jasyptspringboot.EncryptablePropertySourceConverter:56 - Converting PropertySource systemEnvironment [org.springframework.boot.env.SystemEnvironmentPropertySourceEnvironmentPostProcessor$OriginAwareSystemEnvironmentPropertySource] to EncryptableSystemEnvironmentPropertySourceWrapper
2022-12-23 19:00:53.804 [main] INFO  com.ulisesbocchio.jasyptspringboot.EncryptablePropertySourceConverter:56 - Converting PropertySource random [org.springframework.boot.env.RandomValuePropertySource] to EncryptablePropertySourceWrapper
2022-12-23 19:00:53.805 [main] INFO  com.ulisesbocchio.jasyptspringboot.EncryptablePropertySourceConverter:56 - Converting PropertySource applicationConfig: [file:./config/application.properties] [org.springframework.boot.env.OriginTrackedMapPropertySource] to EncryptableMapPropertySourceWrapper
2022-12-23 19:00:53.806 [main] INFO  com.ulisesbocchio.jasyptspringboot.EncryptablePropertySourceConverter:56 - Converting PropertySource applicationConfig: [classpath:/application.properties] [org.springframework.boot.env.OriginTrackedMapPropertySource] to EncryptableMapPropertySourceWrapper
2022-12-23 19:00:53.807 [main] INFO  com.ulisesbocchio.jasyptspringboot.EncryptablePropertySourceConverter:56 - Converting PropertySource DataMigrationProperties [org.springframework.core.env.MapPropertySource] to EncryptableMapPropertySourceWrapper
2022-12-23 19:00:53.979 [main] INFO  com.ulisesbocchio.jasyptspringboot.filter.DefaultLazyPropertyFilter:31 - Property Filter custom Bean not found with name 'encryptablePropertyFilter'. Initializing Default Property Filter
2022-12-23 19:00:54.107 [main] INFO  com.ulisesbocchio.jasyptspringboot.resolver.DefaultLazyPropertyResolver:35 - Property Resolver custom Bean not found with name 'encryptablePropertyResolver'. Initializing Default Property Resolver
2022-12-23 19:00:54.110 [main] INFO  com.ulisesbocchio.jasyptspringboot.detector.DefaultLazyPropertyDetector:35 - Property Detector custom Bean not found with name 'encryptablePropertyDetector'. Initializing Default Property Detector
2022-12-23 19:00:54.141 [main] INFO  com.ulisesbocchio.jasyptspringboot.encryptor.DefaultLazyEncryptor:37 - String Encryptor custom Bean not found with name 'jasyptStringEncryptor'. Initializing Default String Encryptor
2022-12-23 19:00:54.159 [main] INFO  com.ulisesbocchio.jasyptspringboot.configuration.StringEncryptorBuilder:81 - Encryptor config not found for property jasypt.encryptor.key-obtention-iterations, using default value: 1000
2022-12-23 19:00:54.160 [main] INFO  com.ulisesbocchio.jasyptspringboot.configuration.StringEncryptorBuilder:81 - Encryptor config not found for property jasypt.encryptor.pool-size, using default value: 1
2022-12-23 19:00:54.161 [main] INFO  com.ulisesbocchio.jasyptspringboot.configuration.StringEncryptorBuilder:81 - Encryptor config not found for property jasypt.encryptor.provider-name, using default value: null
2022-12-23 19:00:54.161 [main] INFO  com.ulisesbocchio.jasyptspringboot.configuration.StringEncryptorBuilder:81 - Encryptor config not found for property jasypt.encryptor.provider-class-name, using default value: null
2022-12-23 19:00:54.162 [main] INFO  com.ulisesbocchio.jasyptspringboot.configuration.StringEncryptorBuilder:81 - Encryptor config not found for property jasypt.encryptor.salt-generator-classname, using default value: org.jasypt.salt.RandomSaltGenerator
2022-12-23 19:00:54.164 [main] INFO  com.ulisesbocchio.jasyptspringboot.configuration.StringEncryptorBuilder:81 - Encryptor config not found for property jasypt.encryptor.string-output-type, using default value: base64
2022-12-23 19:00:54.447 [main] INFO  org.hibernate.jpa.internal.util.LogHelper:31 - HHH000204: Processing PersistenceUnitInfo [name: data]
2022-12-23 19:00:54.537 [main] INFO  org.hibernate.Version:44 - HHH000412: Hibernate ORM core version 5.4.15.Final
2022-12-23 19:00:54.742 [main] INFO  org.hibernate.annotations.common.Version:49 - HCANN000001: Hibernate Commons Annotations {5.1.0.Final}
2022-12-23 19:00:55.393 [main] INFO  com.zaxxer.hikari.HikariDataSource:110 - HikariPool-1 - Starting...
2022-12-23 19:00:56.618 [main] INFO  com.zaxxer.hikari.HikariDataSource:123 - HikariPool-1 - Start completed.
2022-12-23 19:00:56.660 [main] INFO  org.hibernate.dialect.Dialect:172 - HHH000400: Using dialect: org.hibernate.dialect.MySQL8Dialect
2022-12-23 19:00:56.891 [main] INFO  org.hibernate.envers.boot.internal.EnversServiceImpl:90 - Envers integration enabled? : true
2022-12-23 19:00:59.065 [main] INFO  org.hibernate.engine.transaction.jta.platform.internal.JtaPlatformInitiator:52 - HHH000490: Using JtaPlatform implementation: [org.hibernate.engine.transaction.jta.platform.internal.NoJtaPlatform]
2022-12-23 19:00:59.075 [main] INFO  org.springframework.orm.jpa.LocalContainerEntityManagerFactoryBean:416 - Initialized JPA EntityManagerFactory for persistence unit 'data'
2022-12-23 19:01:01.591 [main] INFO  scrips.datamigration.App:61 - Started App in 11.053 seconds (JVM running for 13.089)
2022-12-23 19:01:01.822 [main] INFO  scrips.datamigration.common.service.FkChecksEnableDisable:36 - disable FkChecks called
2022-12-23 19:01:01.874 [main] DEBUG org.hibernate.SQL:128 - SET FOREIGN_KEY_CHECKS = 0
2022-12-23 19:01:01.987 [main] INFO  scrips.datamigration.common.service.FkChecksEnableDisable:38 - disable FkChecks done
2022-12-23 19:01:02.233 [main] DEBUG org.hibernate.SQL:128 - SELECT @@GLOBAL.foreign_key_checks, @@SESSION.foreign_key_checks
2022-12-23 19:01:02.334 [main] INFO  scrips.datamigration.common.service.FkChecksEnableDisable:52 - foreign_key_checks status - 0
2022-12-23 19:01:02.351 [main] INFO  scrips.datamigration.controller.ScripsFileUploadController:159 - fileUploadCode - ACCOUNT_FILE_UPLOAD
2022-12-23 19:01:02.351 [main] INFO  scrips.datamigration.common.service.FileUploadService:115 - getFileHeaderByCode entered
2022-12-23 19:01:02.352 [main] INFO  scrips.datamigration.common.service.FileUploadService:121 - fileUpldHeaderOut - account
2022-12-23 19:01:02.353 [main] INFO  scrips.datamigration.controller.ScripsFileUploadController:163 - Live table name ->account
2022-12-23 19:01:02.354 [main] INFO  scrips.datamigration.common.service.FileUploadService:81 - ftp status n
2022-12-23 19:01:02.355 [main] INFO  scrips.datamigration.common.service.FileUploadService:96 - FTP Not Enabled,Reading files from MigrationFiles folder
2022-12-23 19:01:02.361 [main] INFO  scrips.datamigration.controller.ScripsFileUploadController:177 - fileRecords - MASGSGSG|21110223|Settlement Account|SETT|Y|Y|DBSSSGSG000|Active|SGD|NO_STATEMENT|ctgy1|cost1|123|No
2022-12-23 19:01:02.361 [main] INFO  scrips.datamigration.controller.ScripsFileUploadController:177 - fileRecords - MASGSGSG|21110223|Settlement Account|SETT|Y|Y|DBSSSGSG000|Active|SGD|NO_STATEMENT|ctgy1|cost1|123|No
2022-12-23 19:01:02.361 [main] INFO  scrips.datamigration.controller.ScripsFileUploadController:177 - fileRecords - MASGSGSG|11111110|Settlement Account@|SETT|Y|Y|DBSSSGSG000|Active|SGD|NO_STATEMENT|ctgy1|cost1|123|No
2022-12-23 19:01:02.362 [main] INFO  scrips.datamigration.controller.ScripsFileUploadController:177 - fileRecords - MASGSGSG|11111111|Settlement Account|SETT|Y|Y|DBSSSGSG000|Active|SG-|NO_STATEMENT|ctgy1|cost1|123|No
2022-12-23 19:01:02.362 [main] INFO  scrips.datamigration.controller.ScripsFileUploadController:177 - fileRecords - DBSSSGSG|11111112|Settlement Account|SETT|N|Y|DBSSSGSG000|Active|SGD|NO_STATEMENT|ctgy1|cost1|123|No
2022-12-23 19:01:02.362 [main] INFO  scrips.datamigration.controller.ScripsFileUploadController:177 - fileRecords - MASGSGSG|11111113|Settlement Account|SETT|Y|N|DBSSSGSG000|Active|SGD|NO_STATEMENT|ctgy1|cost1|123|No
2022-12-23 19:01:02.362 [main] INFO  scrips.datamigration.controller.ScripsFileUploadController:177 - fileRecords - MASGSGSG|11111114|Settlement Account|SETT|Y|Y|DBSSSGSG000|Active|SGD|NO_STATEMENT|ctgy1|cost1|123|TEST
2022-12-23 19:01:02.363 [main] INFO  scrips.datamigration.controller.ScripsFileUploadController:177 - fileRecords - MASGSGSG|11111115|Settlement Account|SETT|Y|Y|DBSSSGSG000|TEST|SGD|NO_STATEMENT|ctgy1|cost1|123|No
2022-12-23 19:01:02.363 [main] INFO  scrips.datamigration.controller.ScripsFileUploadController:177 - fileRecords - |11111116|Settlement Account|SETT|Y|Y|DBSSSGSG000|Active|SGD|NO_STATEMENT|ctgy1|cost1|123|No
2022-12-23 19:01:02.363 [main] INFO  scrips.datamigration.controller.ScripsFileUploadController:177 - fileRecords - DBSSSGSG||Settlement Account|SETT|Y|Y|DBSSSGSG000|Active|SGD|NO_STATEMENT|ctgy1|cost1|123|No
2022-12-23 19:01:02.364 [main] INFO  scrips.datamigration.controller.ScripsFileUploadController:177 - fileRecords - MASGSGSG|11111117|Settlement Account@|SETT|Y|Y|DBSSSGSG000|Active|SG-|NO_STATEMENT@|ctgy1|cost1|123|No
2022-12-23 19:01:02.364 [main] INFO  scrips.datamigration.controller.ScripsFileUploadController:177 - fileRecords - MASGSGSG|11111118|Settlement Account|SETT|Y|Y|DBSSSGSG000@|Active|SGD|NO_STATEMENT|ctgy1|cost1|123|No
2022-12-23 19:01:02.364 [main] INFO  scrips.datamigration.controller.ScripsFileUploadController:177 - fileRecords - MASGSGSG@|11111118|Settlement Account|SETT|Y|Y|DBSSSGSG000|Active|SGD|NO_STATEMENT|ctgy1|cost1|123|No
2022-12-23 19:01:02.365 [main] INFO  scrips.datamigration.controller.ScripsFileUploadController:179 - 1:member_code
2022-12-23 19:01:02.366 [main] INFO  scrips.datamigration.controller.ScripsFileUploadController:179 - 2:account_number
2022-12-23 19:01:02.366 [main] INFO  scrips.datamigration.controller.ScripsFileUploadController:179 - 3:description
2022-12-23 19:01:02.366 [main] INFO  scrips.datamigration.controller.ScripsFileUploadController:179 - 4:account_type
2022-12-23 19:01:02.366 [main] INFO  scrips.datamigration.controller.ScripsFileUploadController:179 - 5:main_account_indicator
2022-12-23 19:01:02.367 [main] INFO  scrips.datamigration.controller.ScripsFileUploadController:179 - 6:default_main_account
2022-12-23 19:01:02.367 [main] INFO  scrips.datamigration.controller.ScripsFileUploadController:179 - 7:statement_delivery_bic
2022-12-23 19:01:02.367 [main] INFO  scrips.datamigration.controller.ScripsFileUploadController:179 - 8:account_status
2022-12-23 19:01:02.367 [main] INFO  scrips.datamigration.controller.ScripsFileUploadController:179 - 9:currency_code
2022-12-23 19:01:02.368 [main] INFO  scrips.datamigration.controller.ScripsFileUploadController:179 - 10:end_of_day_statement
2022-12-23 19:01:02.368 [main] INFO  scrips.datamigration.controller.ScripsFileUploadController:179 - 11:gl_category
2022-12-23 19:01:02.368 [main] INFO  scrips.datamigration.controller.ScripsFileUploadController:179 - 12:cost_centre
2022-12-23 19:01:02.369 [main] INFO  scrips.datamigration.controller.ScripsFileUploadController:179 - 13:gl_account_number
2022-12-23 19:01:02.369 [main] INFO  scrips.datamigration.controller.ScripsFileUploadController:179 - 14:statement_interval
