2022-12-23 19:56:55.115 [main] INFO  scrips.datamigration.App:55 - Starting App on WSIN181 with PID 15788 (D:\DataMigrationNEW\DATA_MIGRATION_RTGS\DataMigrationAndExtract\DataMigration\target\classes started by SheikKhadeer in D:\DataMigrationNEW\DATA_MIGRATION_RTGS\DataMigrationAndExtract\DataMigration)
2022-12-23 19:56:55.120 [main] INFO  scrips.datamigration.App:651 - No active profile set, falling back to default profiles: app
2022-12-23 19:56:55.920 [main] INFO  org.springframework.data.repository.config.RepositoryConfigurationDelegate:127 - Bootstrapping Spring Data JPA repositories in DEFAULT mode.
2022-12-23 19:56:56.421 [main] INFO  org.springframework.data.repository.config.RepositoryConfigurationDelegate:187 - Finished Spring Data repository scanning in 491ms. Found 65 JPA repository interfaces.
2022-12-23 19:56:56.756 [main] INFO  com.ulisesbocchio.jasyptspringboot.configuration.EnableEncryptablePropertiesBeanFactoryPostProcessor:39 - Post-processing PropertySource instances
2022-12-23 19:56:56.786 [main] INFO  com.ulisesbocchio.jasyptspringboot.EncryptablePropertySourceConverter:56 - Converting PropertySource configurationProperties [org.springframework.boot.context.properties.source.ConfigurationPropertySourcesPropertySource] to AOP Proxy
2022-12-23 19:56:56.786 [main] INFO  com.ulisesbocchio.jasyptspringboot.EncryptablePropertySourceConverter:56 - Converting PropertySource commandLineArgs [org.springframework.core.env.SimpleCommandLinePropertySource] to EncryptableEnumerablePropertySourceWrapper
2022-12-23 19:56:56.787 [main] INFO  com.ulisesbocchio.jasyptspringboot.EncryptablePropertySourceConverter:56 - Converting PropertySource systemProperties [org.springframework.core.env.PropertiesPropertySource] to EncryptableMapPropertySourceWrapper
2022-12-23 19:56:56.787 [main] INFO  com.ulisesbocchio.jasyptspringboot.EncryptablePropertySourceConverter:56 - Converting PropertySource systemEnvironment [org.springframework.boot.env.SystemEnvironmentPropertySourceEnvironmentPostProcessor$OriginAwareSystemEnvironmentPropertySource] to EncryptableSystemEnvironmentPropertySourceWrapper
2022-12-23 19:56:56.788 [main] INFO  com.ulisesbocchio.jasyptspringboot.EncryptablePropertySourceConverter:56 - Converting PropertySource random [org.springframework.boot.env.RandomValuePropertySource] to EncryptablePropertySourceWrapper
2022-12-23 19:56:56.788 [main] INFO  com.ulisesbocchio.jasyptspringboot.EncryptablePropertySourceConverter:56 - Converting PropertySource applicationConfig: [file:./config/application.properties] [org.springframework.boot.env.OriginTrackedMapPropertySource] to EncryptableMapPropertySourceWrapper
2022-12-23 19:56:56.788 [main] INFO  com.ulisesbocchio.jasyptspringboot.EncryptablePropertySourceConverter:56 - Converting PropertySource applicationConfig: [classpath:/application.properties] [org.springframework.boot.env.OriginTrackedMapPropertySource] to EncryptableMapPropertySourceWrapper
2022-12-23 19:56:56.789 [main] INFO  com.ulisesbocchio.jasyptspringboot.EncryptablePropertySourceConverter:56 - Converting PropertySource DataMigrationProperties [org.springframework.core.env.MapPropertySource] to EncryptableMapPropertySourceWrapper
2022-12-23 19:56:56.899 [main] INFO  com.ulisesbocchio.jasyptspringboot.filter.DefaultLazyPropertyFilter:31 - Property Filter custom Bean not found with name 'encryptablePropertyFilter'. Initializing Default Property Filter
2022-12-23 19:56:56.996 [main] INFO  com.ulisesbocchio.jasyptspringboot.resolver.DefaultLazyPropertyResolver:35 - Property Resolver custom Bean not found with name 'encryptablePropertyResolver'. Initializing Default Property Resolver
2022-12-23 19:56:56.999 [main] INFO  com.ulisesbocchio.jasyptspringboot.detector.DefaultLazyPropertyDetector:35 - Property Detector custom Bean not found with name 'encryptablePropertyDetector'. Initializing Default Property Detector
2022-12-23 19:56:57.014 [main] INFO  com.ulisesbocchio.jasyptspringboot.encryptor.DefaultLazyEncryptor:37 - String Encryptor custom Bean not found with name 'jasyptStringEncryptor'. Initializing Default String Encryptor
2022-12-23 19:56:57.031 [main] INFO  com.ulisesbocchio.jasyptspringboot.configuration.StringEncryptorBuilder:81 - Encryptor config not found for property jasypt.encryptor.key-obtention-iterations, using default value: 1000
2022-12-23 19:56:57.031 [main] INFO  com.ulisesbocchio.jasyptspringboot.configuration.StringEncryptorBuilder:81 - Encryptor config not found for property jasypt.encryptor.pool-size, using default value: 1
2022-12-23 19:56:57.032 [main] INFO  com.ulisesbocchio.jasyptspringboot.configuration.StringEncryptorBuilder:81 - Encryptor config not found for property jasypt.encryptor.provider-name, using default value: null
2022-12-23 19:56:57.032 [main] INFO  com.ulisesbocchio.jasyptspringboot.configuration.StringEncryptorBuilder:81 - Encryptor config not found for property jasypt.encryptor.provider-class-name, using default value: null
2022-12-23 19:56:57.033 [main] INFO  com.ulisesbocchio.jasyptspringboot.configuration.StringEncryptorBuilder:81 - Encryptor config not found for property jasypt.encryptor.salt-generator-classname, using default value: org.jasypt.salt.RandomSaltGenerator
2022-12-23 19:56:57.034 [main] INFO  com.ulisesbocchio.jasyptspringboot.configuration.StringEncryptorBuilder:81 - Encryptor config not found for property jasypt.encryptor.string-output-type, using default value: base64
2022-12-23 19:56:57.209 [main] INFO  org.hibernate.jpa.internal.util.LogHelper:31 - HHH000204: Processing PersistenceUnitInfo [name: data]
2022-12-23 19:56:57.265 [main] INFO  org.hibernate.Version:44 - HHH000412: Hibernate ORM core version 5.4.15.Final
2022-12-23 19:56:57.434 [main] INFO  org.hibernate.annotations.common.Version:49 - HCANN000001: Hibernate Commons Annotations {5.1.0.Final}
2022-12-23 19:56:57.935 [main] INFO  com.zaxxer.hikari.HikariDataSource:110 - HikariPool-1 - Starting...
2022-12-23 19:56:58.947 [main] INFO  com.zaxxer.hikari.HikariDataSource:123 - HikariPool-1 - Start completed.
2022-12-23 19:56:59.010 [main] INFO  org.hibernate.dialect.Dialect:172 - HHH000400: Using dialect: org.hibernate.dialect.MySQL8Dialect
2022-12-23 19:56:59.267 [main] INFO  org.hibernate.envers.boot.internal.EnversServiceImpl:90 - Envers integration enabled? : true
2022-12-23 19:57:02.171 [main] INFO  org.hibernate.engine.transaction.jta.platform.internal.JtaPlatformInitiator:52 - HHH000490: Using JtaPlatform implementation: [org.hibernate.engine.transaction.jta.platform.internal.NoJtaPlatform]
2022-12-23 19:57:02.182 [main] INFO  org.springframework.orm.jpa.LocalContainerEntityManagerFactoryBean:416 - Initialized JPA EntityManagerFactory for persistence unit 'data'
2022-12-23 19:57:05.298 [main] INFO  scrips.datamigration.App:61 - Started App in 10.657 seconds (JVM running for 11.975)
2022-12-23 19:57:05.623 [main] INFO  scrips.datamigration.common.service.FkChecksEnableDisable:36 - disable FkChecks called
2022-12-23 19:57:05.664 [main] DEBUG org.hibernate.SQL:128 - SET FOREIGN_KEY_CHECKS = 0
2022-12-23 19:57:05.806 [main] INFO  scrips.datamigration.common.service.FkChecksEnableDisable:38 - disable FkChecks done
2022-12-23 19:57:06.073 [main] DEBUG org.hibernate.SQL:128 - SELECT @@GLOBAL.foreign_key_checks, @@SESSION.foreign_key_checks
2022-12-23 19:57:06.369 [main] INFO  scrips.datamigration.common.service.FkChecksEnableDisable:52 - foreign_key_checks status - 0
2022-12-23 19:57:06.376 [main] INFO  scrips.datamigration.controller.ScripsFileUploadController:159 - fileUploadCode - CBM_GL_ACCOUNT_FILE_UPLOAD
2022-12-23 19:57:06.376 [main] INFO  scrips.datamigration.common.service.FileUploadService:115 - getFileHeaderByCode entered
2022-12-23 19:57:06.377 [main] INFO  scrips.datamigration.common.service.FileUploadService:121 - fileUpldHeaderOut - cbm_gl_account
2022-12-23 19:57:06.378 [main] INFO  scrips.datamigration.controller.ScripsFileUploadController:163 - Live table name ->cbm_gl_account
2022-12-23 19:57:06.380 [main] INFO  scrips.datamigration.common.service.FileUploadService:81 - ftp status n
2022-12-23 19:57:06.381 [main] INFO  scrips.datamigration.common.service.FileUploadService:96 - FTP Not Enabled,Reading files from MigrationFiles folder
2022-12-23 19:57:06.387 [main] INFO  scrips.datamigration.controller.ScripsFileUploadController:177 - fileRecords - 12010311BANKGRF|Description For 12010311BANKGRF
2022-12-23 19:57:06.387 [main] INFO  scrips.datamigration.controller.ScripsFileUploadController:177 - fileRecords - 12010311BANKGRF|Description For 12010311BANKGRG
2022-12-23 19:57:06.388 [main] INFO  scrips.datamigration.controller.ScripsFileUploadController:177 - fileRecords - 12010312BANKGRY|Description For 12010311BANKGRH
2022-12-23 19:57:06.388 [main] INFO  scrips.datamigration.controller.ScripsFileUploadController:177 - fileRecords - 12010311BANKGR@|Description For 12010311BANKGRG
2022-12-23 19:57:06.388 [main] INFO  scrips.datamigration.controller.ScripsFileUploadController:177 - fileRecords - 12010312BANKGRY|Description For 12010311BANKGR@
2022-12-23 19:57:06.389 [main] INFO  scrips.datamigration.controller.ScripsFileUploadController:179 - 1:gl_account
2022-12-23 19:57:06.389 [main] INFO  scrips.datamigration.controller.ScripsFileUploadController:179 - 2:gl_account_description
2022-12-23 19:57:06.400 [main] INFO  scrips.datamigration.rtgs.service.CbmGlAccountService:143 - Total records in File: {}5
2022-12-23 19:57:06.595 [main] DEBUG org.hibernate.SQL:128 - insert into cbm_gl_account_source (created_date, gl_account, gl_account_description, gl_account_indicator, id, modified_date, remarks) values (?, ?, ?, ?, ?, ?, ?)
2022-12-23 19:57:07.168 [main] DEBUG org.hibernate.SQL:128 - select jpacbmglac0_.id as id1_17_0_, jpacbmglac0_.created_date as created_2_17_0_, jpacbmglac0_.gl_account as gl_accou3_17_0_, jpacbmglac0_.gl_account_description as gl_accou4_17_0_, jpacbmglac0_.gl_account_indicator as gl_accou5_17_0_, jpacbmglac0_.modified_date as modified6_17_0_, jpacbmglac0_.remarks as remarks7_17_0_ from cbm_gl_account_temp jpacbmglac0_ where jpacbmglac0_.id=?
2022-12-23 19:57:07.372 [main] DEBUG org.hibernate.SQL:128 - insert into cbm_gl_account_temp (created_date, gl_account, gl_account_description, gl_account_indicator, modified_date, remarks, id) values (?, ?, ?, ?, ?, ?, ?)
2022-12-23 19:57:07.886 [main] DEBUG org.hibernate.SQL:128 - insert into cbm_gl_account_source (created_date, gl_account, gl_account_description, gl_account_indicator, id, modified_date, remarks) values (?, ?, ?, ?, ?, ?, ?)
2022-12-23 19:57:08.209 [main] DEBUG org.hibernate.SQL:128 - select jpacbmglac0_.id as id1_17_0_, jpacbmglac0_.created_date as created_2_17_0_, jpacbmglac0_.gl_account as gl_accou3_17_0_, jpacbmglac0_.gl_account_description as gl_accou4_17_0_, jpacbmglac0_.gl_account_indicator as gl_accou5_17_0_, jpacbmglac0_.modified_date as modified6_17_0_, jpacbmglac0_.remarks as remarks7_17_0_ from cbm_gl_account_temp jpacbmglac0_ where jpacbmglac0_.id=?
2022-12-23 19:57:08.299 [main] DEBUG org.hibernate.SQL:128 - insert into cbm_gl_account_temp (created_date, gl_account, gl_account_description, gl_account_indicator, modified_date, remarks, id) values (?, ?, ?, ?, ?, ?, ?)
2022-12-23 19:57:08.697 [main] DEBUG org.hibernate.SQL:128 - insert into cbm_gl_account_source (created_date, gl_account, gl_account_description, gl_account_indicator, id, modified_date, remarks) values (?, ?, ?, ?, ?, ?, ?)
2022-12-23 19:57:09.024 [main] DEBUG org.hibernate.SQL:128 - select jpacbmglac0_.id as id1_17_0_, jpacbmglac0_.created_date as created_2_17_0_, jpacbmglac0_.gl_account as gl_accou3_17_0_, jpacbmglac0_.gl_account_description as gl_accou4_17_0_, jpacbmglac0_.gl_account_indicator as gl_accou5_17_0_, jpacbmglac0_.modified_date as modified6_17_0_, jpacbmglac0_.remarks as remarks7_17_0_ from cbm_gl_account_temp jpacbmglac0_ where jpacbmglac0_.id=?
2022-12-23 19:57:09.123 [main] DEBUG org.hibernate.SQL:128 - insert into cbm_gl_account_temp (created_date, gl_account, gl_account_description, gl_account_indicator, modified_date, remarks, id) values (?, ?, ?, ?, ?, ?, ?)
2022-12-23 19:57:09.530 [main] DEBUG org.hibernate.SQL:128 - insert into cbm_gl_account_source (created_date, gl_account, gl_account_description, gl_account_indicator, id, modified_date, remarks) values (?, ?, ?, ?, ?, ?, ?)
2022-12-23 19:57:09.849 [main] DEBUG org.hibernate.SQL:128 - insert into cbm_gl_account_source (created_date, gl_account, gl_account_description, gl_account_indicator, id, modified_date, remarks) values (?, ?, ?, ?, ?, ?, ?)
2022-12-23 19:57:10.201 [main] DEBUG org.hibernate.SQL:128 - select jpacbmglac0_.id as id1_17_0_, jpacbmglac0_.created_date as created_2_17_0_, jpacbmglac0_.gl_account as gl_accou3_17_0_, jpacbmglac0_.gl_account_description as gl_accou4_17_0_, jpacbmglac0_.gl_account_indicator as gl_accou5_17_0_, jpacbmglac0_.modified_date as modified6_17_0_, jpacbmglac0_.remarks as remarks7_17_0_ from cbm_gl_account_temp jpacbmglac0_ where jpacbmglac0_.id=?
2022-12-23 19:57:10.293 [main] DEBUG org.hibernate.SQL:128 - insert into cbm_gl_account_temp (created_date, gl_account, gl_account_description, gl_account_indicator, modified_date, remarks, id) values (?, ?, ?, ?, ?, ?, ?)
2022-12-23 19:57:10.890 [main] DEBUG org.hibernate.SQL:128 - select jpacbmglac0_.gl_account as gl_accou1_15_, jpacbmglac0_.created_date as created_2_15_, jpacbmglac0_.gl_account_description as gl_accou3_15_, jpacbmglac0_.gl_account_indicator as gl_accou4_15_, jpacbmglac0_.modified_date as modified5_15_ from cbm_gl_account jpacbmglac0_ where jpacbmglac0_.gl_account=?
2022-12-23 19:57:11.089 [main] DEBUG org.hibernate.SQL:128 - select jpacbmglac0_.gl_account as gl_accou1_15_0_, jpacbmglac0_.created_date as created_2_15_0_, jpacbmglac0_.gl_account_description as gl_accou3_15_0_, jpacbmglac0_.gl_account_indicator as gl_accou4_15_0_, jpacbmglac0_.modified_date as modified5_15_0_ from cbm_gl_account jpacbmglac0_ where jpacbmglac0_.gl_account=?
2022-12-23 19:57:11.181 [main] DEBUG org.hibernate.SQL:128 - insert into cbm_gl_account (created_date, gl_account_description, gl_account_indicator, modified_date, gl_account) values (?, ?, ?, ?, ?)
2022-12-23 19:57:11.513 [main] DEBUG org.hibernate.SQL:128 - select jpacbmglac0_.gl_account as gl_accou1_15_, jpacbmglac0_.created_date as created_2_15_, jpacbmglac0_.gl_account_description as gl_accou3_15_, jpacbmglac0_.gl_account_indicator as gl_accou4_15_, jpacbmglac0_.modified_date as modified5_15_ from cbm_gl_account jpacbmglac0_ where jpacbmglac0_.gl_account=?
2022-12-23 19:57:11.698 [main] DEBUG org.hibernate.SQL:128 - select jpacbmglac0_.id as id1_17_0_, jpacbmglac0_.created_date as created_2_17_0_, jpacbmglac0_.gl_account as gl_accou3_17_0_, jpacbmglac0_.gl_account_description as gl_accou4_17_0_, jpacbmglac0_.gl_account_indicator as gl_accou5_17_0_, jpacbmglac0_.modified_date as modified6_17_0_, jpacbmglac0_.remarks as remarks7_17_0_ from cbm_gl_account_temp jpacbmglac0_ where jpacbmglac0_.id=?
2022-12-23 19:57:11.788 [main] DEBUG org.hibernate.SQL:128 - update cbm_gl_account_temp set created_date=?, gl_account=?, gl_account_description=?, gl_account_indicator=?, modified_date=?, remarks=? where id=?
2022-12-23 19:57:12.155 [main] DEBUG org.hibernate.SQL:128 - select jpacbmglac0_.gl_account as gl_accou1_15_, jpacbmglac0_.created_date as created_2_15_, jpacbmglac0_.gl_account_description as gl_accou3_15_, jpacbmglac0_.gl_account_indicator as gl_accou4_15_, jpacbmglac0_.modified_date as modified5_15_ from cbm_gl_account jpacbmglac0_ where jpacbmglac0_.gl_account=?
2022-12-23 19:57:12.330 [main] DEBUG org.hibernate.SQL:128 - select jpacbmglac0_.gl_account as gl_accou1_15_0_, jpacbmglac0_.created_date as created_2_15_0_, jpacbmglac0_.gl_account_description as gl_accou3_15_0_, jpacbmglac0_.gl_account_indicator as gl_accou4_15_0_, jpacbmglac0_.modified_date as modified5_15_0_ from cbm_gl_account jpacbmglac0_ where jpacbmglac0_.gl_account=?
2022-12-23 19:57:12.434 [main] DEBUG org.hibernate.SQL:128 - insert into cbm_gl_account (created_date, gl_account_description, gl_account_indicator, modified_date, gl_account) values (?, ?, ?, ?, ?)
2022-12-23 19:57:12.795 [main] DEBUG org.hibernate.SQL:128 - select jpacbmglac0_.gl_account as gl_accou1_15_, jpacbmglac0_.created_date as created_2_15_, jpacbmglac0_.gl_account_description as gl_accou3_15_, jpacbmglac0_.gl_account_indicator as gl_accou4_15_, jpacbmglac0_.modified_date as modified5_15_ from cbm_gl_account jpacbmglac0_ where jpacbmglac0_.gl_account=?
2022-12-23 19:57:12.956 [main] DEBUG org.hibernate.SQL:128 - select jpacbmglac0_.id as id1_17_0_, jpacbmglac0_.created_date as created_2_17_0_, jpacbmglac0_.gl_account as gl_accou3_17_0_, jpacbmglac0_.gl_account_description as gl_accou4_17_0_, jpacbmglac0_.gl_account_indicator as gl_accou5_17_0_, jpacbmglac0_.modified_date as modified6_17_0_, jpacbmglac0_.remarks as remarks7_17_0_ from cbm_gl_account_temp jpacbmglac0_ where jpacbmglac0_.id=?
2022-12-23 19:57:13.058 [main] DEBUG org.hibernate.SQL:128 - update cbm_gl_account_temp set created_date=?, gl_account=?, gl_account_description=?, gl_account_indicator=?, modified_date=?, remarks=? where id=?
2022-12-23 19:57:13.459 [main] INFO  scrips.datamigration.common.service.FkChecksEnableDisable:23 - enable FkChecks called
2022-12-23 19:57:13.460 [main] DEBUG org.hibernate.SQL:128 - SET FOREIGN_KEY_CHECKS = 1
2022-12-23 19:57:13.544 [main] INFO  scrips.datamigration.common.service.FkChecksEnableDisable:25 - enable FkChecks done
2022-12-23 19:57:13.706 [main] DEBUG org.hibernate.SQL:128 - SELECT @@GLOBAL.foreign_key_checks, @@SESSION.foreign_key_checks
2022-12-23 19:57:13.796 [main] INFO  scrips.datamigration.common.service.FkChecksEnableDisable:52 - foreign_key_checks status - 1
2022-12-23 19:57:13.817 [SpringContextShutdownHook] INFO  org.springframework.orm.jpa.LocalContainerEntityManagerFactoryBean:598 - Closing JPA EntityManagerFactory for persistence unit 'data'
2022-12-23 19:57:13.819 [SpringContextShutdownHook] INFO  com.zaxxer.hikari.HikariDataSource:350 - HikariPool-1 - Shutdown initiated...
2022-12-23 19:57:13.830 [SpringContextShutdownHook] INFO  com.zaxxer.hikari.HikariDataSource:352 - HikariPool-1 - Shutdown completed.
