2022-12-23 20:26:08.787 [main] INFO  scrips.datamigration.App:55 - Starting App on WSIN181 with PID 16268 (D:\DataMigrationNEW\DATA_MIGRATION_RTGS\DataMigrationAndExtract\DataMigration\target\classes started by SheikKhadeer in D:\DataMigrationNEW\DATA_MIGRATION_RTGS\DataMigrationAndExtract\DataMigration)
2022-12-23 20:26:08.796 [main] INFO  scrips.datamigration.App:651 - No active profile set, falling back to default profiles: app
2022-12-23 20:26:09.676 [main] INFO  org.springframework.data.repository.config.RepositoryConfigurationDelegate:127 - Bootstrapping Spring Data JPA repositories in DEFAULT mode.
2022-12-23 20:26:10.326 [main] INFO  org.springframework.data.repository.config.RepositoryConfigurationDelegate:187 - Finished Spring Data repository scanning in 637ms. Found 65 JPA repository interfaces.
2022-12-23 20:26:10.714 [main] INFO  com.ulisesbocchio.jasyptspringboot.configuration.EnableEncryptablePropertiesBeanFactoryPostProcessor:39 - Post-processing PropertySource instances
2022-12-23 20:26:10.741 [main] INFO  com.ulisesbocchio.jasyptspringboot.EncryptablePropertySourceConverter:56 - Converting PropertySource configurationProperties [org.springframework.boot.context.properties.source.ConfigurationPropertySourcesPropertySource] to AOP Proxy
2022-12-23 20:26:10.742 [main] INFO  com.ulisesbocchio.jasyptspringboot.EncryptablePropertySourceConverter:56 - Converting PropertySource commandLineArgs [org.springframework.core.env.SimpleCommandLinePropertySource] to EncryptableEnumerablePropertySourceWrapper
2022-12-23 20:26:10.742 [main] INFO  com.ulisesbocchio.jasyptspringboot.EncryptablePropertySourceConverter:56 - Converting PropertySource systemProperties [org.springframework.core.env.PropertiesPropertySource] to EncryptableMapPropertySourceWrapper
2022-12-23 20:26:10.743 [main] INFO  com.ulisesbocchio.jasyptspringboot.EncryptablePropertySourceConverter:56 - Converting PropertySource systemEnvironment [org.springframework.boot.env.SystemEnvironmentPropertySourceEnvironmentPostProcessor$OriginAwareSystemEnvironmentPropertySource] to EncryptableSystemEnvironmentPropertySourceWrapper
2022-12-23 20:26:10.743 [main] INFO  com.ulisesbocchio.jasyptspringboot.EncryptablePropertySourceConverter:56 - Converting PropertySource random [org.springframework.boot.env.RandomValuePropertySource] to EncryptablePropertySourceWrapper
2022-12-23 20:26:10.744 [main] INFO  com.ulisesbocchio.jasyptspringboot.EncryptablePropertySourceConverter:56 - Converting PropertySource applicationConfig: [file:./config/application.properties] [org.springframework.boot.env.OriginTrackedMapPropertySource] to EncryptableMapPropertySourceWrapper
2022-12-23 20:26:10.744 [main] INFO  com.ulisesbocchio.jasyptspringboot.EncryptablePropertySourceConverter:56 - Converting PropertySource applicationConfig: [classpath:/application.properties] [org.springframework.boot.env.OriginTrackedMapPropertySource] to EncryptableMapPropertySourceWrapper
2022-12-23 20:26:10.744 [main] INFO  com.ulisesbocchio.jasyptspringboot.EncryptablePropertySourceConverter:56 - Converting PropertySource DataMigrationProperties [org.springframework.core.env.MapPropertySource] to EncryptableMapPropertySourceWrapper
2022-12-23 20:26:10.858 [main] INFO  com.ulisesbocchio.jasyptspringboot.filter.DefaultLazyPropertyFilter:31 - Property Filter custom Bean not found with name 'encryptablePropertyFilter'. Initializing Default Property Filter
2022-12-23 20:26:10.987 [main] INFO  com.ulisesbocchio.jasyptspringboot.resolver.DefaultLazyPropertyResolver:35 - Property Resolver custom Bean not found with name 'encryptablePropertyResolver'. Initializing Default Property Resolver
2022-12-23 20:26:10.990 [main] INFO  com.ulisesbocchio.jasyptspringboot.detector.DefaultLazyPropertyDetector:35 - Property Detector custom Bean not found with name 'encryptablePropertyDetector'. Initializing Default Property Detector
2022-12-23 20:26:11.000 [main] INFO  com.ulisesbocchio.jasyptspringboot.encryptor.DefaultLazyEncryptor:37 - String Encryptor custom Bean not found with name 'jasyptStringEncryptor'. Initializing Default String Encryptor
2022-12-23 20:26:11.019 [main] INFO  com.ulisesbocchio.jasyptspringboot.configuration.StringEncryptorBuilder:81 - Encryptor config not found for property jasypt.encryptor.key-obtention-iterations, using default value: 1000
2022-12-23 20:26:11.019 [main] INFO  com.ulisesbocchio.jasyptspringboot.configuration.StringEncryptorBuilder:81 - Encryptor config not found for property jasypt.encryptor.pool-size, using default value: 1
2022-12-23 20:26:11.020 [main] INFO  com.ulisesbocchio.jasyptspringboot.configuration.StringEncryptorBuilder:81 - Encryptor config not found for property jasypt.encryptor.provider-name, using default value: null
2022-12-23 20:26:11.021 [main] INFO  com.ulisesbocchio.jasyptspringboot.configuration.StringEncryptorBuilder:81 - Encryptor config not found for property jasypt.encryptor.provider-class-name, using default value: null
2022-12-23 20:26:11.021 [main] INFO  com.ulisesbocchio.jasyptspringboot.configuration.StringEncryptorBuilder:81 - Encryptor config not found for property jasypt.encryptor.salt-generator-classname, using default value: org.jasypt.salt.RandomSaltGenerator
2022-12-23 20:26:11.023 [main] INFO  com.ulisesbocchio.jasyptspringboot.configuration.StringEncryptorBuilder:81 - Encryptor config not found for property jasypt.encryptor.string-output-type, using default value: base64
2022-12-23 20:26:11.234 [main] INFO  org.hibernate.jpa.internal.util.LogHelper:31 - HHH000204: Processing PersistenceUnitInfo [name: data]
2022-12-23 20:26:11.302 [main] INFO  org.hibernate.Version:44 - HHH000412: Hibernate ORM core version 5.4.15.Final
2022-12-23 20:26:11.478 [main] INFO  org.hibernate.annotations.common.Version:49 - HCANN000001: Hibernate Commons Annotations {5.1.0.Final}
2022-12-23 20:26:11.991 [main] INFO  com.zaxxer.hikari.HikariDataSource:110 - HikariPool-1 - Starting...
2022-12-23 20:26:13.968 [main] INFO  com.zaxxer.hikari.HikariDataSource:123 - HikariPool-1 - Start completed.
2022-12-23 20:26:14.024 [main] INFO  org.hibernate.dialect.Dialect:172 - HHH000400: Using dialect: org.hibernate.dialect.MySQL8Dialect
2022-12-23 20:26:14.214 [main] INFO  org.hibernate.envers.boot.internal.EnversServiceImpl:90 - Envers integration enabled? : true
2022-12-23 20:26:16.546 [main] INFO  org.hibernate.engine.transaction.jta.platform.internal.JtaPlatformInitiator:52 - HHH000490: Using JtaPlatform implementation: [org.hibernate.engine.transaction.jta.platform.internal.NoJtaPlatform]
2022-12-23 20:26:16.554 [main] INFO  org.springframework.orm.jpa.LocalContainerEntityManagerFactoryBean:416 - Initialized JPA EntityManagerFactory for persistence unit 'data'
2022-12-23 20:26:18.435 [main] INFO  scrips.datamigration.App:61 - Started App in 10.479 seconds (JVM running for 12.184)
2022-12-23 20:26:18.578 [main] INFO  scrips.datamigration.common.service.FkChecksEnableDisable:36 - disable FkChecks called
2022-12-23 20:26:18.602 [main] DEBUG org.hibernate.SQL:128 - SET FOREIGN_KEY_CHECKS = 0
2022-12-23 20:26:18.682 [main] INFO  scrips.datamigration.common.service.FkChecksEnableDisable:38 - disable FkChecks done
2022-12-23 20:26:18.865 [main] DEBUG org.hibernate.SQL:128 - SELECT @@GLOBAL.foreign_key_checks, @@SESSION.foreign_key_checks
2022-12-23 20:26:18.952 [main] INFO  scrips.datamigration.common.service.FkChecksEnableDisable:52 - foreign_key_checks status - 0
2022-12-23 20:26:18.956 [main] INFO  scrips.datamigration.controller.ScripsFileUploadController:159 - fileUploadCode - SSS_FLOATING_RATE_FILE_UPLOAD
2022-12-23 20:26:18.956 [main] INFO  scrips.datamigration.common.service.FileUploadService:116 - getFileHeaderByCode entered
2022-12-23 20:26:18.957 [main] INFO  scrips.datamigration.common.service.FileUploadService:122 - fileUpldHeaderOut - floating_rate
2022-12-23 20:26:18.957 [main] INFO  scrips.datamigration.controller.ScripsFileUploadController:163 - Live table name ->floating_rate
2022-12-23 20:26:18.958 [main] INFO  scrips.datamigration.common.service.FileUploadService:82 - ftp status n
2022-12-23 20:26:18.958 [main] INFO  scrips.datamigration.common.service.FileUploadService:97 - FTP Not Enabled,Reading files from MigrationFiles folder
2022-12-23 20:26:18.963 [main] INFO  scrips.datamigration.controller.ScripsFileUploadController:177 - fileRecords - SORA INDEX|20220506|20220515|1.2000000000
2022-12-23 20:26:18.963 [main] INFO  scrips.datamigration.controller.ScripsFileUploadController:177 - fileRecords - SORA INDEX|20220506|20220515|1.3000000000
2022-12-23 20:26:18.963 [main] INFO  scrips.datamigration.controller.ScripsFileUploadController:177 - fileRecords - SORA RATE|20220508|20220508|0.0200000000
2022-12-23 20:26:18.963 [main] INFO  scrips.datamigration.controller.ScripsFileUploadController:177 - fileRecords - SORA RATE|20220506|20220510|0.0400000000
2022-12-23 20:26:18.963 [main] INFO  scrips.datamigration.controller.ScripsFileUploadController:177 - fileRecords - SORA RATE|20220508|20220508|-0.0200000000
2022-12-23 20:26:18.963 [main] INFO  scrips.datamigration.controller.ScripsFileUploadController:177 - fileRecords - SORA RATE|20220506|-0220510|0.0400000000
2022-12-23 20:26:18.964 [main] INFO  scrips.datamigration.controller.ScripsFileUploadController:177 - fileRecords - SORA INDEX|20220506|20220515|TEST
2022-12-23 20:26:18.964 [main] INFO  scrips.datamigration.controller.ScripsFileUploadController:177 - fileRecords - SORA INDEX|20220506|TEST|1.3000000000
2022-12-23 20:26:18.964 [main] INFO  scrips.datamigration.controller.ScripsFileUploadController:177 - fileRecords - SORA INDEX|TEST|20220519|1.3000000000
2022-12-23 20:26:18.964 [main] INFO  scrips.datamigration.controller.ScripsFileUploadController:179 - 1:reference_rate
2022-12-23 20:26:18.964 [main] INFO  scrips.datamigration.controller.ScripsFileUploadController:179 - 2:publication_date
2022-12-23 20:26:18.964 [main] INFO  scrips.datamigration.controller.ScripsFileUploadController:179 - 3:value_date
2022-12-23 20:26:18.965 [main] INFO  scrips.datamigration.controller.ScripsFileUploadController:179 - 4:rate
2022-12-23 20:26:19.057 [main] DEBUG org.hibernate.SQL:128 - insert into floating_rate_source (action, approval_remark, approved_by, approved_date, created_date, effective_date, id, modified_by, modified_date, publication_date, rate, reference_rate, remarks, status, value_date, workflow_status_id) values (?, ?, ?, ?, ?, ?, ?, ?, ?, ?, ?, ?, ?, ?, ?, ?)
2022-12-23 20:26:19.382 [main] DEBUG org.hibernate.SQL:128 - insert into floating_rate_source (action, approval_remark, approved_by, approved_date, created_date, effective_date, id, modified_by, modified_date, publication_date, rate, reference_rate, remarks, status, value_date, workflow_status_id) values (?, ?, ?, ?, ?, ?, ?, ?, ?, ?, ?, ?, ?, ?, ?, ?)
2022-12-23 20:26:19.694 [main] DEBUG org.hibernate.SQL:128 - insert into floating_rate_source (action, approval_remark, approved_by, approved_date, created_date, effective_date, id, modified_by, modified_date, publication_date, rate, reference_rate, remarks, status, value_date, workflow_status_id) values (?, ?, ?, ?, ?, ?, ?, ?, ?, ?, ?, ?, ?, ?, ?, ?)
2022-12-23 20:26:20.006 [main] DEBUG org.hibernate.SQL:128 - insert into floating_rate_source (action, approval_remark, approved_by, approved_date, created_date, effective_date, id, modified_by, modified_date, publication_date, rate, reference_rate, remarks, status, value_date, workflow_status_id) values (?, ?, ?, ?, ?, ?, ?, ?, ?, ?, ?, ?, ?, ?, ?, ?)
2022-12-23 20:26:20.304 [main] DEBUG org.hibernate.SQL:128 - insert into floating_rate_source (action, approval_remark, approved_by, approved_date, created_date, effective_date, id, modified_by, modified_date, publication_date, rate, reference_rate, remarks, status, value_date, workflow_status_id) values (?, ?, ?, ?, ?, ?, ?, ?, ?, ?, ?, ?, ?, ?, ?, ?)
2022-12-23 20:26:20.603 [main] DEBUG org.hibernate.SQL:128 - insert into floating_rate_source (action, approval_remark, approved_by, approved_date, created_date, effective_date, id, modified_by, modified_date, publication_date, rate, reference_rate, remarks, status, value_date, workflow_status_id) values (?, ?, ?, ?, ?, ?, ?, ?, ?, ?, ?, ?, ?, ?, ?, ?)
2022-12-23 20:26:20.905 [main] DEBUG org.hibernate.SQL:128 - insert into floating_rate_source (action, approval_remark, approved_by, approved_date, created_date, effective_date, id, modified_by, modified_date, publication_date, rate, reference_rate, remarks, status, value_date, workflow_status_id) values (?, ?, ?, ?, ?, ?, ?, ?, ?, ?, ?, ?, ?, ?, ?, ?)
2022-12-23 20:26:21.202 [main] DEBUG org.hibernate.SQL:128 - insert into floating_rate_source (action, approval_remark, approved_by, approved_date, created_date, effective_date, id, modified_by, modified_date, publication_date, rate, reference_rate, remarks, status, value_date, workflow_status_id) values (?, ?, ?, ?, ?, ?, ?, ?, ?, ?, ?, ?, ?, ?, ?, ?)
2022-12-23 20:26:21.474 [main] DEBUG org.hibernate.SQL:128 - insert into floating_rate_source (action, approval_remark, approved_by, approved_date, created_date, effective_date, id, modified_by, modified_date, publication_date, rate, reference_rate, remarks, status, value_date, workflow_status_id) values (?, ?, ?, ?, ?, ?, ?, ?, ?, ?, ?, ?, ?, ?, ?, ?)
2022-12-23 20:26:21.704 [main] INFO  scrips.datamigration.sss.service.SssFloatingRatesService:181 - Total records in File: {}9
2022-12-23 20:26:21.858 [main] DEBUG org.hibernate.SQL:128 - select jpauser0_.id as id1_63_, jpauser0_.access_level as access_l2_63_, jpauser0_.action as action3_63_, jpauser0_.approval_remark as approval4_63_, jpauser0_.approved_by as approved5_63_, jpauser0_.approved_date as approved6_63_, jpauser0_.created_date as created_7_63_, jpauser0_.currency_code as currency8_63_, jpauser0_.effective_date as effectiv9_63_, jpauser0_.email as email10_63_, jpauser0_.first_activation_date as first_a11_63_, jpauser0_.last_login_datetime as last_lo12_63_, jpauser0_.login_attempts as login_a13_63_, jpauser0_.member_id as member_14_63_, jpauser0_.modified_by as modifie15_63_, jpauser0_.modified_date as modifie16_63_, jpauser0_.name as name17_63_, jpauser0_.password as passwor18_63_, jpauser0_.password_expiry_date as passwor19_63_, jpauser0_.phone_no as phone_n20_63_, jpauser0_.status as status21_63_, jpauser0_.swift_net_id as swift_n22_63_, jpauser0_.user_id as user_id23_63_, jpauser0_.user_status as user_st24_63_, jpauser0_.workflow_status_id as workflo25_63_ from user jpauser0_ where jpauser0_.name=?
2022-12-23 20:26:22.045 [main] INFO  scrips.datamigration.common.service.FkChecksEnableDisable:23 - enable FkChecks called
2022-12-23 20:26:22.047 [main] DEBUG org.hibernate.SQL:128 - SET FOREIGN_KEY_CHECKS = 1
2022-12-23 20:26:22.123 [main] INFO  scrips.datamigration.common.service.FkChecksEnableDisable:25 - enable FkChecks done
2022-12-23 20:26:22.272 [main] DEBUG org.hibernate.SQL:128 - SELECT @@GLOBAL.foreign_key_checks, @@SESSION.foreign_key_checks
2022-12-23 20:26:22.337 [main] INFO  scrips.datamigration.common.service.FkChecksEnableDisable:52 - foreign_key_checks status - 1
2022-12-23 20:26:22.359 [SpringContextShutdownHook] INFO  org.springframework.orm.jpa.LocalContainerEntityManagerFactoryBean:598 - Closing JPA EntityManagerFactory for persistence unit 'data'
2022-12-23 20:26:22.362 [SpringContextShutdownHook] INFO  com.zaxxer.hikari.HikariDataSource:350 - HikariPool-1 - Shutdown initiated...
2022-12-23 20:26:22.377 [SpringContextShutdownHook] INFO  com.zaxxer.hikari.HikariDataSource:352 - HikariPool-1 - Shutdown completed.
