2022-12-23 19:56:21.665 [main] INFO  scrips.datamigration.App:55 - Starting App on WSIN181 with PID 6512 (D:\DataMigrationNEW\DATA_MIGRATION_RTGS\DataMigrationAndExtract\DataMigration\target\classes started by SheikKhadeer in D:\DataMigrationNEW\DATA_MIGRATION_RTGS\DataMigrationAndExtract\DataMigration)
2022-12-23 19:56:21.671 [main] INFO  scrips.datamigration.App:651 - No active profile set, falling back to default profiles: app
2022-12-23 19:56:22.471 [main] INFO  org.springframework.data.repository.config.RepositoryConfigurationDelegate:127 - Bootstrapping Spring Data JPA repositories in DEFAULT mode.
2022-12-23 19:56:22.961 [main] INFO  org.springframework.data.repository.config.RepositoryConfigurationDelegate:187 - Finished Spring Data repository scanning in 481ms. Found 65 JPA repository interfaces.
2022-12-23 19:56:23.333 [main] INFO  com.ulisesbocchio.jasyptspringboot.configuration.EnableEncryptablePropertiesBeanFactoryPostProcessor:39 - Post-processing PropertySource instances
2022-12-23 19:56:23.362 [main] INFO  com.ulisesbocchio.jasyptspringboot.EncryptablePropertySourceConverter:56 - Converting PropertySource configurationProperties [org.springframework.boot.context.properties.source.ConfigurationPropertySourcesPropertySource] to AOP Proxy
2022-12-23 19:56:23.362 [main] INFO  com.ulisesbocchio.jasyptspringboot.EncryptablePropertySourceConverter:56 - Converting PropertySource commandLineArgs [org.springframework.core.env.SimpleCommandLinePropertySource] to EncryptableEnumerablePropertySourceWrapper
2022-12-23 19:56:23.363 [main] INFO  com.ulisesbocchio.jasyptspringboot.EncryptablePropertySourceConverter:56 - Converting PropertySource systemProperties [org.springframework.core.env.PropertiesPropertySource] to EncryptableMapPropertySourceWrapper
2022-12-23 19:56:23.363 [main] INFO  com.ulisesbocchio.jasyptspringboot.EncryptablePropertySourceConverter:56 - Converting PropertySource systemEnvironment [org.springframework.boot.env.SystemEnvironmentPropertySourceEnvironmentPostProcessor$OriginAwareSystemEnvironmentPropertySource] to EncryptableSystemEnvironmentPropertySourceWrapper
2022-12-23 19:56:23.363 [main] INFO  com.ulisesbocchio.jasyptspringboot.EncryptablePropertySourceConverter:56 - Converting PropertySource random [org.springframework.boot.env.RandomValuePropertySource] to EncryptablePropertySourceWrapper
2022-12-23 19:56:23.363 [main] INFO  com.ulisesbocchio.jasyptspringboot.EncryptablePropertySourceConverter:56 - Converting PropertySource applicationConfig: [file:./config/application.properties] [org.springframework.boot.env.OriginTrackedMapPropertySource] to EncryptableMapPropertySourceWrapper
2022-12-23 19:56:23.364 [main] INFO  com.ulisesbocchio.jasyptspringboot.EncryptablePropertySourceConverter:56 - Converting PropertySource applicationConfig: [classpath:/application.properties] [org.springframework.boot.env.OriginTrackedMapPropertySource] to EncryptableMapPropertySourceWrapper
2022-12-23 19:56:23.364 [main] INFO  com.ulisesbocchio.jasyptspringboot.EncryptablePropertySourceConverter:56 - Converting PropertySource DataMigrationProperties [org.springframework.core.env.MapPropertySource] to EncryptableMapPropertySourceWrapper
2022-12-23 19:56:23.470 [main] INFO  com.ulisesbocchio.jasyptspringboot.filter.DefaultLazyPropertyFilter:31 - Property Filter custom Bean not found with name 'encryptablePropertyFilter'. Initializing Default Property Filter
2022-12-23 19:56:23.565 [main] INFO  com.ulisesbocchio.jasyptspringboot.resolver.DefaultLazyPropertyResolver:35 - Property Resolver custom Bean not found with name 'encryptablePropertyResolver'. Initializing Default Property Resolver
2022-12-23 19:56:23.568 [main] INFO  com.ulisesbocchio.jasyptspringboot.detector.DefaultLazyPropertyDetector:35 - Property Detector custom Bean not found with name 'encryptablePropertyDetector'. Initializing Default Property Detector
2022-12-23 19:56:23.584 [main] INFO  com.ulisesbocchio.jasyptspringboot.encryptor.DefaultLazyEncryptor:37 - String Encryptor custom Bean not found with name 'jasyptStringEncryptor'. Initializing Default String Encryptor
2022-12-23 19:56:23.599 [main] INFO  com.ulisesbocchio.jasyptspringboot.configuration.StringEncryptorBuilder:81 - Encryptor config not found for property jasypt.encryptor.key-obtention-iterations, using default value: 1000
2022-12-23 19:56:23.600 [main] INFO  com.ulisesbocchio.jasyptspringboot.configuration.StringEncryptorBuilder:81 - Encryptor config not found for property jasypt.encryptor.pool-size, using default value: 1
2022-12-23 19:56:23.600 [main] INFO  com.ulisesbocchio.jasyptspringboot.configuration.StringEncryptorBuilder:81 - Encryptor config not found for property jasypt.encryptor.provider-name, using default value: null
2022-12-23 19:56:23.601 [main] INFO  com.ulisesbocchio.jasyptspringboot.configuration.StringEncryptorBuilder:81 - Encryptor config not found for property jasypt.encryptor.provider-class-name, using default value: null
2022-12-23 19:56:23.601 [main] INFO  com.ulisesbocchio.jasyptspringboot.configuration.StringEncryptorBuilder:81 - Encryptor config not found for property jasypt.encryptor.salt-generator-classname, using default value: org.jasypt.salt.RandomSaltGenerator
2022-12-23 19:56:23.603 [main] INFO  com.ulisesbocchio.jasyptspringboot.configuration.StringEncryptorBuilder:81 - Encryptor config not found for property jasypt.encryptor.string-output-type, using default value: base64
2022-12-23 19:56:23.808 [main] INFO  org.hibernate.jpa.internal.util.LogHelper:31 - HHH000204: Processing PersistenceUnitInfo [name: data]
2022-12-23 19:56:23.875 [main] INFO  org.hibernate.Version:44 - HHH000412: Hibernate ORM core version 5.4.15.Final
2022-12-23 19:56:24.043 [main] INFO  org.hibernate.annotations.common.Version:49 - HCANN000001: Hibernate Commons Annotations {5.1.0.Final}
2022-12-23 19:56:24.538 [main] INFO  com.zaxxer.hikari.HikariDataSource:110 - HikariPool-1 - Starting...
2022-12-23 19:56:25.384 [main] INFO  com.zaxxer.hikari.HikariDataSource:123 - HikariPool-1 - Start completed.
2022-12-23 19:56:25.454 [main] INFO  org.hibernate.dialect.Dialect:172 - HHH000400: Using dialect: org.hibernate.dialect.MySQL8Dialect
2022-12-23 19:56:25.651 [main] INFO  org.hibernate.envers.boot.internal.EnversServiceImpl:90 - Envers integration enabled? : true
2022-12-23 19:56:28.991 [main] INFO  org.hibernate.engine.transaction.jta.platform.internal.JtaPlatformInitiator:52 - HHH000490: Using JtaPlatform implementation: [org.hibernate.engine.transaction.jta.platform.internal.NoJtaPlatform]
2022-12-23 19:56:28.999 [main] INFO  org.springframework.orm.jpa.LocalContainerEntityManagerFactoryBean:416 - Initialized JPA EntityManagerFactory for persistence unit 'data'
2022-12-23 19:56:31.790 [main] INFO  scrips.datamigration.App:61 - Started App in 10.612 seconds (JVM running for 12.002)
2022-12-23 19:56:31.951 [main] INFO  scrips.datamigration.common.service.FkChecksEnableDisable:36 - disable FkChecks called
2022-12-23 19:56:31.977 [main] DEBUG org.hibernate.SQL:128 - SET FOREIGN_KEY_CHECKS = 0
2022-12-23 19:56:32.057 [main] INFO  scrips.datamigration.common.service.FkChecksEnableDisable:38 - disable FkChecks done
2022-12-23 19:56:32.235 [main] DEBUG org.hibernate.SQL:128 - SELECT @@GLOBAL.foreign_key_checks, @@SESSION.foreign_key_checks
2022-12-23 19:56:32.320 [main] INFO  scrips.datamigration.common.service.FkChecksEnableDisable:52 - foreign_key_checks status - 0
2022-12-23 19:56:32.329 [main] INFO  scrips.datamigration.controller.ScripsFileUploadController:159 - fileUploadCode - CBM_DEPOSIT_RATE_FILE_UPLOAD
2022-12-23 19:56:32.330 [main] INFO  scrips.datamigration.common.service.FileUploadService:115 - getFileHeaderByCode entered
2022-12-23 19:56:32.331 [main] INFO  scrips.datamigration.common.service.FileUploadService:121 - fileUpldHeaderOut - cbm_deposit_rate
2022-12-23 19:56:32.332 [main] INFO  scrips.datamigration.controller.ScripsFileUploadController:163 - Live table name ->cbm_deposit_rate
2022-12-23 19:56:32.334 [main] INFO  scrips.datamigration.common.service.FileUploadService:81 - ftp status n
2022-12-23 19:56:32.335 [main] INFO  scrips.datamigration.common.service.FileUploadService:96 - FTP Not Enabled,Reading files from MigrationFiles folder
2022-12-23 19:56:32.341 [main] INFO  scrips.datamigration.controller.ScripsFileUploadController:177 - fileRecords - 1|22.05
2022-12-23 19:56:32.342 [main] INFO  scrips.datamigration.controller.ScripsFileUploadController:177 - fileRecords - 2|-5.0
2022-12-23 19:56:32.342 [main] INFO  scrips.datamigration.controller.ScripsFileUploadController:177 - fileRecords - 3|TEST
2022-12-23 19:56:32.344 [main] INFO  scrips.datamigration.controller.ScripsFileUploadController:179 - 1:tenor_period
2022-12-23 19:56:32.344 [main] INFO  scrips.datamigration.controller.ScripsFileUploadController:179 - 2:deposit_rate
2022-12-23 19:56:32.351 [main] INFO  scrips.datamigration.rtgs.service.CbmDepositRateService:154 - Total records in File: {}3
2022-12-23 19:56:32.475 [main] DEBUG org.hibernate.SQL:128 - select jpauser0_.id as id1_63_, jpauser0_.access_level as access_l2_63_, jpauser0_.action as action3_63_, jpauser0_.approval_remark as approval4_63_, jpauser0_.approved_by as approved5_63_, jpauser0_.approved_date as approved6_63_, jpauser0_.created_date as created_7_63_, jpauser0_.currency_code as currency8_63_, jpauser0_.effective_date as effectiv9_63_, jpauser0_.email as email10_63_, jpauser0_.first_activation_date as first_a11_63_, jpauser0_.last_login_datetime as last_lo12_63_, jpauser0_.login_attempts as login_a13_63_, jpauser0_.member_id as member_14_63_, jpauser0_.modified_by as modifie15_63_, jpauser0_.modified_date as modifie16_63_, jpauser0_.name as name17_63_, jpauser0_.password as passwor18_63_, jpauser0_.password_expiry_date as passwor19_63_, jpauser0_.phone_no as phone_n20_63_, jpauser0_.status as status21_63_, jpauser0_.swift_net_id as swift_n22_63_, jpauser0_.user_id as user_id23_63_, jpauser0_.user_status as user_st24_63_, jpauser0_.workflow_status_id as workflo25_63_ from user jpauser0_ where jpauser0_.name=?
2022-12-23 19:56:32.698 [main] DEBUG org.hibernate.SQL:128 - insert into cbm_deposit_rate_source (action, approval_remark, approved_by, approved_date, created_date, deposit_rate, effective_date, facility_id, id, modified_by, modified_date, remarks, status, tenor_period, workflow_status_id) values (?, ?, ?, ?, ?, ?, ?, ?, ?, ?, ?, ?, ?, ?, ?)
2022-12-23 19:56:33.031 [main] DEBUG org.hibernate.SQL:128 - select jpacbmdepo0_.id as id1_14_0_, jpacbmdepo0_.action as action2_14_0_, jpacbmdepo0_.approval_remark as approval3_14_0_, jpacbmdepo0_.approved_by as approved4_14_0_, jpacbmdepo0_.approved_date as approved5_14_0_, jpacbmdepo0_.created_date as created_6_14_0_, jpacbmdepo0_.deposit_rate as deposit_7_14_0_, jpacbmdepo0_.effective_date as effectiv8_14_0_, jpacbmdepo0_.facility_id as facility9_14_0_, jpacbmdepo0_.modified_by as modifie10_14_0_, jpacbmdepo0_.modified_date as modifie11_14_0_, jpacbmdepo0_.remarks as remarks12_14_0_, jpacbmdepo0_.status as status13_14_0_, jpacbmdepo0_.tenor_period as tenor_p14_14_0_, jpacbmdepo0_.workflow_status_id as workflo15_14_0_ from cbm_deposit_rate_temp jpacbmdepo0_ where jpacbmdepo0_.id=?
2022-12-23 19:56:33.139 [main] DEBUG org.hibernate.SQL:128 - insert into cbm_deposit_rate_temp (action, approval_remark, approved_by, approved_date, created_date, deposit_rate, effective_date, facility_id, modified_by, modified_date, remarks, status, tenor_period, workflow_status_id, id) values (?, ?, ?, ?, ?, ?, ?, ?, ?, ?, ?, ?, ?, ?, ?)
2022-12-23 19:56:33.488 [main] DEBUG org.hibernate.SQL:128 - insert into cbm_deposit_rate_source (action, approval_remark, approved_by, approved_date, created_date, deposit_rate, effective_date, facility_id, id, modified_by, modified_date, remarks, status, tenor_period, workflow_status_id) values (?, ?, ?, ?, ?, ?, ?, ?, ?, ?, ?, ?, ?, ?, ?)
2022-12-23 19:56:33.790 [main] DEBUG org.hibernate.SQL:128 - insert into cbm_deposit_rate_source (action, approval_remark, approved_by, approved_date, created_date, deposit_rate, effective_date, facility_id, id, modified_by, modified_date, remarks, status, tenor_period, workflow_status_id) values (?, ?, ?, ?, ?, ?, ?, ?, ?, ?, ?, ?, ?, ?, ?)
2022-12-23 19:56:34.194 [main] DEBUG org.hibernate.SQL:128 - select jpacbmdepo0_.id as id1_12_0_, jpacbmdepo0_.action as action2_12_0_, jpacbmdepo0_.approval_remark as approval3_12_0_, jpacbmdepo0_.approved_by as approved4_12_0_, jpacbmdepo0_.approved_date as approved5_12_0_, jpacbmdepo0_.created_date as created_6_12_0_, jpacbmdepo0_.deposit_rate as deposit_7_12_0_, jpacbmdepo0_.effective_date as effectiv8_12_0_, jpacbmdepo0_.facility_id as facility9_12_0_, jpacbmdepo0_.modified_by as modifie10_12_0_, jpacbmdepo0_.modified_date as modifie11_12_0_, jpacbmdepo0_.status as status12_12_0_, jpacbmdepo0_.tenor_period as tenor_p13_12_0_, jpacbmdepo0_.workflow_status_id as workflo14_12_0_ from cbm_deposit_rate jpacbmdepo0_ where jpacbmdepo0_.id=?
2022-12-23 19:56:34.272 [main] DEBUG org.hibernate.SQL:128 - insert into cbm_deposit_rate (action, approval_remark, approved_by, approved_date, created_date, deposit_rate, effective_date, facility_id, modified_by, modified_date, status, tenor_period, workflow_status_id, id) values (?, ?, ?, ?, ?, ?, ?, ?, ?, ?, ?, ?, ?, ?)
2022-12-23 19:56:34.606 [main] INFO  scrips.datamigration.common.service.FkChecksEnableDisable:23 - enable FkChecks called
2022-12-23 19:56:34.607 [main] DEBUG org.hibernate.SQL:128 - SET FOREIGN_KEY_CHECKS = 1
2022-12-23 19:56:34.667 [main] INFO  scrips.datamigration.common.service.FkChecksEnableDisable:25 - enable FkChecks done
2022-12-23 19:56:34.787 [main] DEBUG org.hibernate.SQL:128 - SELECT @@GLOBAL.foreign_key_checks, @@SESSION.foreign_key_checks
2022-12-23 19:56:34.860 [main] INFO  scrips.datamigration.common.service.FkChecksEnableDisable:52 - foreign_key_checks status - 1
2022-12-23 19:56:34.895 [SpringContextShutdownHook] INFO  org.springframework.orm.jpa.LocalContainerEntityManagerFactoryBean:598 - Closing JPA EntityManagerFactory for persistence unit 'data'
2022-12-23 19:56:34.902 [SpringContextShutdownHook] INFO  com.zaxxer.hikari.HikariDataSource:350 - HikariPool-1 - Shutdown initiated...
2022-12-23 19:56:34.925 [SpringContextShutdownHook] INFO  com.zaxxer.hikari.HikariDataSource:352 - HikariPool-1 - Shutdown completed.
