2022-12-23 14:03:40.148 [main] INFO  scrips.datamigration.App:55 - Starting App on WSIN181 with PID 11132 (D:\DataMigrationNEW\DATA_MIGRATION_RTGS\DataMigrationAndExtract\DataMigration\target\classes started by SheikKhadeer in D:\DataMigrationNEW\DATA_MIGRATION_RTGS\DataMigrationAndExtract\DataMigration)
2022-12-23 14:03:40.154 [main] INFO  scrips.datamigration.App:651 - No active profile set, falling back to default profiles: app
2022-12-23 14:03:42.138 [main] INFO  org.springframework.data.repository.config.RepositoryConfigurationDelegate:127 - Bootstrapping Spring Data JPA repositories in DEFAULT mode.
2022-12-23 14:03:42.752 [main] INFO  org.springframework.data.repository.config.RepositoryConfigurationDelegate:187 - Finished Spring Data repository scanning in 592ms. Found 66 JPA repository interfaces.
2022-12-23 14:03:43.103 [main] INFO  com.ulisesbocchio.jasyptspringboot.configuration.EnableEncryptablePropertiesBeanFactoryPostProcessor:39 - Post-processing PropertySource instances
2022-12-23 14:03:43.125 [main] INFO  com.ulisesbocchio.jasyptspringboot.EncryptablePropertySourceConverter:56 - Converting PropertySource configurationProperties [org.springframework.boot.context.properties.source.ConfigurationPropertySourcesPropertySource] to AOP Proxy
2022-12-23 14:03:43.126 [main] INFO  com.ulisesbocchio.jasyptspringboot.EncryptablePropertySourceConverter:56 - Converting PropertySource commandLineArgs [org.springframework.core.env.SimpleCommandLinePropertySource] to EncryptableEnumerablePropertySourceWrapper
2022-12-23 14:03:43.126 [main] INFO  com.ulisesbocchio.jasyptspringboot.EncryptablePropertySourceConverter:56 - Converting PropertySource systemProperties [org.springframework.core.env.PropertiesPropertySource] to EncryptableMapPropertySourceWrapper
2022-12-23 14:03:43.126 [main] INFO  com.ulisesbocchio.jasyptspringboot.EncryptablePropertySourceConverter:56 - Converting PropertySource systemEnvironment [org.springframework.boot.env.SystemEnvironmentPropertySourceEnvironmentPostProcessor$OriginAwareSystemEnvironmentPropertySource] to EncryptableSystemEnvironmentPropertySourceWrapper
2022-12-23 14:03:43.126 [main] INFO  com.ulisesbocchio.jasyptspringboot.EncryptablePropertySourceConverter:56 - Converting PropertySource random [org.springframework.boot.env.RandomValuePropertySource] to EncryptablePropertySourceWrapper
2022-12-23 14:03:43.127 [main] INFO  com.ulisesbocchio.jasyptspringboot.EncryptablePropertySourceConverter:56 - Converting PropertySource applicationConfig: [file:./config/application.properties] [org.springframework.boot.env.OriginTrackedMapPropertySource] to EncryptableMapPropertySourceWrapper
2022-12-23 14:03:43.127 [main] INFO  com.ulisesbocchio.jasyptspringboot.EncryptablePropertySourceConverter:56 - Converting PropertySource applicationConfig: [classpath:/application.properties] [org.springframework.boot.env.OriginTrackedMapPropertySource] to EncryptableMapPropertySourceWrapper
2022-12-23 14:03:43.127 [main] INFO  com.ulisesbocchio.jasyptspringboot.EncryptablePropertySourceConverter:56 - Converting PropertySource DataMigrationProperties [org.springframework.core.env.MapPropertySource] to EncryptableMapPropertySourceWrapper
2022-12-23 14:03:43.230 [main] INFO  com.ulisesbocchio.jasyptspringboot.filter.DefaultLazyPropertyFilter:31 - Property Filter custom Bean not found with name 'encryptablePropertyFilter'. Initializing Default Property Filter
2022-12-23 14:03:43.325 [main] INFO  com.ulisesbocchio.jasyptspringboot.resolver.DefaultLazyPropertyResolver:35 - Property Resolver custom Bean not found with name 'encryptablePropertyResolver'. Initializing Default Property Resolver
2022-12-23 14:03:43.328 [main] INFO  com.ulisesbocchio.jasyptspringboot.detector.DefaultLazyPropertyDetector:35 - Property Detector custom Bean not found with name 'encryptablePropertyDetector'. Initializing Default Property Detector
2022-12-23 14:03:43.335 [main] INFO  com.ulisesbocchio.jasyptspringboot.encryptor.DefaultLazyEncryptor:37 - String Encryptor custom Bean not found with name 'jasyptStringEncryptor'. Initializing Default String Encryptor
2022-12-23 14:03:43.349 [main] INFO  com.ulisesbocchio.jasyptspringboot.configuration.StringEncryptorBuilder:81 - Encryptor config not found for property jasypt.encryptor.key-obtention-iterations, using default value: 1000
2022-12-23 14:03:43.350 [main] INFO  com.ulisesbocchio.jasyptspringboot.configuration.StringEncryptorBuilder:81 - Encryptor config not found for property jasypt.encryptor.pool-size, using default value: 1
2022-12-23 14:03:43.351 [main] INFO  com.ulisesbocchio.jasyptspringboot.configuration.StringEncryptorBuilder:81 - Encryptor config not found for property jasypt.encryptor.provider-name, using default value: null
2022-12-23 14:03:43.352 [main] INFO  com.ulisesbocchio.jasyptspringboot.configuration.StringEncryptorBuilder:81 - Encryptor config not found for property jasypt.encryptor.provider-class-name, using default value: null
2022-12-23 14:03:43.352 [main] INFO  com.ulisesbocchio.jasyptspringboot.configuration.StringEncryptorBuilder:81 - Encryptor config not found for property jasypt.encryptor.salt-generator-classname, using default value: org.jasypt.salt.RandomSaltGenerator
2022-12-23 14:03:43.354 [main] INFO  com.ulisesbocchio.jasyptspringboot.configuration.StringEncryptorBuilder:81 - Encryptor config not found for property jasypt.encryptor.string-output-type, using default value: base64
2022-12-23 14:03:43.753 [main] INFO  org.hibernate.jpa.internal.util.LogHelper:31 - HHH000204: Processing PersistenceUnitInfo [name: data]
2022-12-23 14:03:43.827 [main] INFO  org.hibernate.Version:44 - HHH000412: Hibernate ORM core version 5.4.15.Final
2022-12-23 14:03:44.013 [main] INFO  org.hibernate.annotations.common.Version:49 - HCANN000001: Hibernate Commons Annotations {5.1.0.Final}
2022-12-23 14:03:44.588 [main] INFO  com.zaxxer.hikari.HikariDataSource:110 - HikariPool-1 - Starting...
2022-12-23 14:03:44.965 [main] INFO  com.zaxxer.hikari.HikariDataSource:123 - HikariPool-1 - Start completed.
2022-12-23 14:03:45.124 [main] INFO  org.hibernate.dialect.Dialect:172 - HHH000400: Using dialect: org.hibernate.dialect.MySQL8Dialect
2022-12-23 14:03:45.363 [main] INFO  org.hibernate.envers.boot.internal.EnversServiceImpl:90 - Envers integration enabled? : true
2022-12-23 14:03:47.605 [main] INFO  org.hibernate.engine.transaction.jta.platform.internal.JtaPlatformInitiator:52 - HHH000490: Using JtaPlatform implementation: [org.hibernate.engine.transaction.jta.platform.internal.NoJtaPlatform]
2022-12-23 14:03:47.613 [main] INFO  org.springframework.orm.jpa.LocalContainerEntityManagerFactoryBean:416 - Initialized JPA EntityManagerFactory for persistence unit 'data'
2022-12-23 14:03:49.242 [main] INFO  scrips.datamigration.App:61 - Started App in 9.645 seconds (JVM running for 11.435)
2022-12-23 14:03:49.301 [main] INFO  scrips.datamigration.common.service.FkChecksEnableDisable:36 - disable FkChecks called
2022-12-23 14:03:49.327 [main] DEBUG org.hibernate.SQL:128 - SET FOREIGN_KEY_CHECKS = 0
2022-12-23 14:03:49.357 [main] INFO  scrips.datamigration.common.service.FkChecksEnableDisable:38 - disable FkChecks done
2022-12-23 14:03:49.516 [main] DEBUG org.hibernate.SQL:128 - SELECT @@GLOBAL.foreign_key_checks, @@SESSION.foreign_key_checks
2022-12-23 14:03:49.548 [main] INFO  scrips.datamigration.common.service.FkChecksEnableDisable:52 - foreign_key_checks status - 0
2022-12-23 14:03:49.557 [main] INFO  scrips.datamigration.controller.ScripsFileUploadController:159 - fileUploadCode - SSS_SECURITIES_PRICE_FILE_UPLOAD
2022-12-23 14:03:49.558 [main] INFO  scrips.datamigration.common.service.FileUploadService:115 - getFileHeaderByCode entered
2022-12-23 14:03:49.560 [main] INFO  scrips.datamigration.common.service.FileUploadService:121 - fileUpldHeaderOut - sss_securities_price
2022-12-23 14:03:49.560 [main] INFO  scrips.datamigration.controller.ScripsFileUploadController:163 - Live table name ->sss_securities_price
2022-12-23 14:03:49.563 [main] INFO  scrips.datamigration.csv.service.SssSecuritiesFileDataService:43 - Live table name ->securities_file_data
2022-12-23 14:03:49.564 [main] INFO  scrips.datamigration.csv.service.SssSecuritiesFileDataService:44 - ftp status n
2022-12-23 14:03:49.637 [main] INFO  scrips.datamigration.csv.service.SssSecuritiesFileDataService:73 - fileSourceData - ISIN Code;Description;ISIN Type;Issue Code;ISIN Status;Taxable;Tradable;Credit Rating;Eligible for ILF;ILF Haircut Setting;Haircut Percentage for ILF;Maturity Date;Optional Maturity Date;Auction Date;First Issuance Date;First Issuance Amount;Re-Opening - Auction Date;Re-Opening - Allotment Date;Re-Opening - Total Allotment Amount;Total Issued Amount;Outstanding Nominal Amount;Amount Allocated to MAS;Amount Allocated to Others;MAS Applied Amount;Unit Size;Denomination;Currency Code;Redemption Price;Coupon Rate;Ex-date Period;Ex-date;Coupon Payment Frequency;Last Coupon Date;Next Coupon Date;Optional Coupon Date;Days of Accrued Interest;Tenure;Average Yield;Cutoff Yield;Average Yield Price;Cutoff Yield Price;Re-Opening - MAS Applied Amount;Total Redeemed Amount;ISIN Sub Type
2022-12-23 14:03:49.638 [main] INFO  scrips.datamigration.csv.service.SssSecuritiesFileDataService:73 - fileSourceData - AUTOSFNEWP99;99YR BOND 2017 DUE 010199 AUTOSFNP;BN;AUTOSFNP;A;Y;Y;AAA;Y;A;00300000;20990101; ;20171228;20171229;000001000000000;20221026;20221027;000900000000000;000902800000000;000902799998000;000001500000000;000901300000000;000001000000000;1000;000000000001000;SGD;10000000;00120000;3;20230529;S;20221201;20230601;20180601;182;050;00000000;00000000;00000000;00000000;000900000000000;000000000002000;NA
2022-12-23 14:03:49.639 [main] INFO  scrips.datamigration.csv.service.SssSecuritiesFileDataService:73 - fileSourceData - BCSISMBIL001;MAS Bill;MB;BN2005M;A;Y;Y;AAA;Y;Y;00100000;20251231; ;20210518;20210519;000000100000000; ; ;000000000000000;000000100000000;000000100000000;000000000900000;000000099100000;000000000100000;1000;000000000001000;SGD;10000000;00000000;0; ;N; ; ; ; ;241;00000000;00000000;00000000;00000000;000000000000000;000000000000000;NA
2022-12-23 14:03:49.640 [main] INFO  scrips.datamigration.csv.service.SssSecuritiesFileDataService:73 - fileSourceData - BCSISTEST012;15 YEARS BONDS;BN;N999012M;A;Y;Y;AAA;Y;A;00200000;20290801; ;20170122;20170201;000000630000000;20210428;20210429;000000000600000;000000630000000;000000630000000;000000000010000;000000629990000;000000080000000;1000;000000000001000;SGD;10000000;00125000;5;20170725;S; ; ;20170801;181;015;00000000;00000000;00000000;00000000;000000000200000;000000000000000;NA
2022-12-23 14:03:49.640 [main] INFO  scrips.datamigration.csv.service.SssSecuritiesFileDataService:73 - fileSourceData - MEPSUAT00016;10YR SBOND 2016 DUE220426 GX16501W;SB;GX16501W;A;Y;N;AAA;N;N;00000000;20260422; ;20160421;20160422;000000000287500; ; ;000000000000000;000000000287500;000000000242500;000000000000000;000000000287500;000000000000000;1000;000000000000500;SGD;10000000;00700000;3;20230419;S;20221022;20230422;20161022; ;010;00000000;00000000;00000000;00000000;000000000000000;000000000045000;NA
2022-12-23 14:03:49.641 [main] INFO  scrips.datamigration.csv.service.SssSecuritiesFileDataService:73 - fileSourceData - MEPSUAT00024;10YR SBOND 2016 DUE250426 GX16502N;SB;GX16502N;A;Y;N;AAA;N;N;00000000;20260425; ;20160422;20160425;000000000300000; ; ;000000000000000;000000000300000;000000000170000;000000000000000;000000000300000;000000000000000;1000;000000000000500;SGD;10000000;00293000;3;20230420;S;20221025;20230425;20161025; ;010;00000000;00000000;00000000;00000000;000000000000000;000000000130000;NA
2022-12-23 14:03:49.642 [main] INFO  scrips.datamigration.csv.service.SssSecuritiesFileDataService:73 - fileSourceData - MEPSUAT00032;10YR SBOND 2016 DUE 030526 GX16503V;SB;GX16503V;A;Y;N;AAA;N;N;00000000;20260503; ;20160429;20160503;000000000137500; ; ;000000000000000;000000000137500;000000000017500;000000000000000;000000000137500;000000000000000;1000;000000000000500;SGD;10000000;00354000;3;20230428;S;20221103;20230503;20161103; ;010;00000000;00000000;00000000;00000000;000000000000000;000000000120000;NA
2022-12-23 14:03:49.643 [main] INFO  scrips.datamigration.csv.service.SssSecuritiesFileDataService:73 - fileSourceData - NPTESTSCREEN;10YR BOND 2016 DUE 260531 NY15046C;BN;NY15046C;N;Y;Y;AAA;Y;A;00100000;20260531; ;20160528;20160531;000000000001000; ; ;000000000000000;000000000000000;000000000000000;000000000000000;000000000000000;000000000000000;1000;000000000001000;SGD;10000000;00000000;3;20161025;S; ; ;20161028;150;010;00000000;00000000;00000000;00000000;000000000000000;000000000000000;NA
2022-12-23 14:03:49.644 [main] INFO  scrips.datamigration.csv.service.SssSecuritiesFileDataService:73 - fileSourceData - NSBONDMAY002;NS BOND 3YR 2021 - 2024 NS21002A;BN;NS21002A;A;Y;Y;AAA;Y;A;00100000;20240531; ;20210505;20210506;000000000100000;20210514;20210517;000000000500000;000000000100000;000000000100000;000000000000000;000000000100000;000000000010000;1000;000000000001000;SGD;10000000;00215000;3;20230525;S;20221130;20230530;20210531;181;005;00000000;00000000;00000000;00000000;000000000250000;000000000000000;NA
2022-12-23 14:03:49.646 [main] INFO  scrips.datamigration.csv.service.SssSecuritiesFileDataService:75 - Headings - 1:ISIN_CODE
2022-12-23 14:03:49.646 [main] INFO  scrips.datamigration.csv.service.SssSecuritiesFileDataService:75 - Headings - 2:DESCRIPTION
2022-12-23 14:03:49.647 [main] INFO  scrips.datamigration.csv.service.SssSecuritiesFileDataService:75 - Headings - 3:ISIN_TYPE
2022-12-23 14:03:49.648 [main] INFO  scrips.datamigration.csv.service.SssSecuritiesFileDataService:75 - Headings - 4:ISSUE_CODE
2022-12-23 14:03:49.649 [main] INFO  scrips.datamigration.csv.service.SssSecuritiesFileDataService:75 - Headings - 5:ISIN_STATUS
2022-12-23 14:03:49.649 [main] INFO  scrips.datamigration.csv.service.SssSecuritiesFileDataService:75 - Headings - 6:TAXABLE
2022-12-23 14:03:49.650 [main] INFO  scrips.datamigration.csv.service.SssSecuritiesFileDataService:75 - Headings - 7:TRADABLE
2022-12-23 14:03:49.650 [main] INFO  scrips.datamigration.csv.service.SssSecuritiesFileDataService:75 - Headings - 8:CREDIT_RATING
2022-12-23 14:03:49.651 [main] INFO  scrips.datamigration.csv.service.SssSecuritiesFileDataService:75 - Headings - 9:ELIGIBLE_FOR_ILF
2022-12-23 14:03:49.652 [main] INFO  scrips.datamigration.csv.service.SssSecuritiesFileDataService:75 - Headings - 10:ILF_HAIRCUT_SETTING
2022-12-23 14:03:49.652 [main] INFO  scrips.datamigration.csv.service.SssSecuritiesFileDataService:75 - Headings - 11:HAIRCUT_PERCENTAGE_FOR_ILF
2022-12-23 14:03:49.654 [main] INFO  scrips.datamigration.csv.service.SssSecuritiesFileDataService:75 - Headings - 12:MATURITY_DATE
2022-12-23 14:03:49.655 [main] INFO  scrips.datamigration.csv.service.SssSecuritiesFileDataService:75 - Headings - 13:OPTIONAL_MATURITY_DATE
2022-12-23 14:03:49.656 [main] INFO  scrips.datamigration.csv.service.SssSecuritiesFileDataService:75 - Headings - 14:AUCTION_DATE
2022-12-23 14:03:49.656 [main] INFO  scrips.datamigration.csv.service.SssSecuritiesFileDataService:75 - Headings - 15:FIRST_ISSUANCE_DATE
2022-12-23 14:03:49.657 [main] INFO  scrips.datamigration.csv.service.SssSecuritiesFileDataService:75 - Headings - 16:FIRST_ISSUANCE_AMOUNT
2022-12-23 14:03:49.657 [main] INFO  scrips.datamigration.csv.service.SssSecuritiesFileDataService:75 - Headings - 17:RE_OPENING_AUCTION_DATE
2022-12-23 14:03:49.658 [main] INFO  scrips.datamigration.csv.service.SssSecuritiesFileDataService:75 - Headings - 18:RE_OPENING_ALLOTMENT_DATE
2022-12-23 14:03:49.658 [main] INFO  scrips.datamigration.csv.service.SssSecuritiesFileDataService:75 - Headings - 19:RE_OPENING_TOTAL_ALLOTMENT_AMOUNT
2022-12-23 14:03:49.659 [main] INFO  scrips.datamigration.csv.service.SssSecuritiesFileDataService:75 - Headings - 20:TOTAL_ISSUED_AMOUNT
2022-12-23 14:03:49.659 [main] INFO  scrips.datamigration.csv.service.SssSecuritiesFileDataService:75 - Headings - 21:OUTSTANDING_NOMINAL_AMOUNT
2022-12-23 14:03:49.659 [main] INFO  scrips.datamigration.csv.service.SssSecuritiesFileDataService:75 - Headings - 22:AMOUNT_ALLOCATED_TO_MAS
2022-12-23 14:03:49.660 [main] INFO  scrips.datamigration.csv.service.SssSecuritiesFileDataService:75 - Headings - 23:AMOUNT_ALLOCATED_TO_OTHERS
2022-12-23 14:03:49.661 [main] INFO  scrips.datamigration.csv.service.SssSecuritiesFileDataService:75 - Headings - 24:MAS_APPLIED_AMOUNT
2022-12-23 14:03:49.662 [main] INFO  scrips.datamigration.csv.service.SssSecuritiesFileDataService:75 - Headings - 25:UNIT_SIZE
2022-12-23 14:03:49.662 [main] INFO  scrips.datamigration.csv.service.SssSecuritiesFileDataService:75 - Headings - 26:DENOMINATION
2022-12-23 14:03:49.663 [main] INFO  scrips.datamigration.csv.service.SssSecuritiesFileDataService:75 - Headings - 27:CURRENCY_CODE
2022-12-23 14:03:49.663 [main] INFO  scrips.datamigration.csv.service.SssSecuritiesFileDataService:75 - Headings - 28:REDEMPTION_PRICE
2022-12-23 14:03:49.665 [main] INFO  scrips.datamigration.csv.service.SssSecuritiesFileDataService:75 - Headings - 29:COUPON_RATE
2022-12-23 14:03:49.666 [main] INFO  scrips.datamigration.csv.service.SssSecuritiesFileDataService:75 - Headings - 30:EX_DATE_PERIOD
2022-12-23 14:03:49.666 [main] INFO  scrips.datamigration.csv.service.SssSecuritiesFileDataService:75 - Headings - 31:EX_DATE
2022-12-23 14:03:49.667 [main] INFO  scrips.datamigration.csv.service.SssSecuritiesFileDataService:75 - Headings - 32:COUPON_PAYMENT_FREQUENCY
2022-12-23 14:03:49.668 [main] INFO  scrips.datamigration.csv.service.SssSecuritiesFileDataService:75 - Headings - 33:LAST_COUPON_DATE
2022-12-23 14:03:49.668 [main] INFO  scrips.datamigration.csv.service.SssSecuritiesFileDataService:75 - Headings - 34:NEXT_COUPON_DATE
2022-12-23 14:03:49.669 [main] INFO  scrips.datamigration.csv.service.SssSecuritiesFileDataService:75 - Headings - 35:OPTIONAL_COUPON_DATE
2022-12-23 14:03:49.670 [main] INFO  scrips.datamigration.csv.service.SssSecuritiesFileDataService:75 - Headings - 36:DAYS_OF_ACCRUED_INTEREST
2022-12-23 14:03:49.670 [main] INFO  scrips.datamigration.csv.service.SssSecuritiesFileDataService:75 - Headings - 37:TENURE
2022-12-23 14:03:49.671 [main] INFO  scrips.datamigration.csv.service.SssSecuritiesFileDataService:75 - Headings - 38:AVERAGE_YIELD
2022-12-23 14:03:49.671 [main] INFO  scrips.datamigration.csv.service.SssSecuritiesFileDataService:75 - Headings - 39:CUTOFF_YIELD
2022-12-23 14:03:49.671 [main] INFO  scrips.datamigration.csv.service.SssSecuritiesFileDataService:75 - Headings - 40:AVERAGE_YIELD_PRICE
2022-12-23 14:03:49.672 [main] INFO  scrips.datamigration.csv.service.SssSecuritiesFileDataService:75 - Headings - 41:CUTOFF_YIELD_PRICE
2022-12-23 14:03:49.672 [main] INFO  scrips.datamigration.csv.service.SssSecuritiesFileDataService:75 - Headings - 42:RE_OPENING_MAS_APPLIED_AMOUNT
2022-12-23 14:03:49.673 [main] INFO  scrips.datamigration.csv.service.SssSecuritiesFileDataService:75 - Headings - 43:TOTAL_REDEEMED_AMOUNT
2022-12-23 14:03:49.674 [main] INFO  scrips.datamigration.csv.service.SssSecuritiesFileDataService:75 - Headings - 44:ISIN_SUB_TYPE
2022-12-23 14:03:49.679 [main] INFO  scrips.datamigration.csv.service.SssSecuritiesFileDataService:205 - ISIN_CODE - AUTOSFNEWP99 -12
2022-12-23 14:03:49.680 [main] INFO  scrips.datamigration.csv.service.SssSecuritiesFileDataService:205 - DESCRIPTION - 99YR BOND 2017 DUE 010199 AUTOSFNP -34
2022-12-23 14:03:49.683 [main] INFO  scrips.datamigration.csv.service.SssSecuritiesFileDataService:205 - ISIN_TYPE - BN -2
2022-12-23 14:03:49.683 [main] INFO  scrips.datamigration.csv.service.SssSecuritiesFileDataService:205 - ISSUE_CODE - AUTOSFNP -8
2022-12-23 14:03:49.684 [main] INFO  scrips.datamigration.csv.service.SssSecuritiesFileDataService:205 - ISIN_STATUS - A -1
2022-12-23 14:03:49.685 [main] INFO  scrips.datamigration.csv.service.SssSecuritiesFileDataService:205 - TAXABLE - Y -1
2022-12-23 14:03:49.686 [main] INFO  scrips.datamigration.csv.service.SssSecuritiesFileDataService:205 - TRADABLE - Y -1
2022-12-23 14:03:49.686 [main] INFO  scrips.datamigration.csv.service.SssSecuritiesFileDataService:205 - CREDIT_RATING - AAA -3
2022-12-23 14:03:49.687 [main] INFO  scrips.datamigration.csv.service.SssSecuritiesFileDataService:205 - ELIGIBLE_FOR_ILF - Y -1
2022-12-23 14:03:49.688 [main] INFO  scrips.datamigration.csv.service.SssSecuritiesFileDataService:205 - ILF_HAIRCUT_SETTING - A -1
2022-12-23 14:03:49.689 [main] INFO  scrips.datamigration.csv.service.SssSecuritiesFileDataService:205 - HAIRCUT_PERCENTAGE_FOR_ILF - 00300000 -8
2022-12-23 14:03:49.690 [main] INFO  scrips.datamigration.csv.service.SssSecuritiesFileDataService:205 - MATURITY_DATE - 20990101 -8
2022-12-23 14:03:49.690 [main] INFO  scrips.datamigration.csv.service.SssSecuritiesFileDataService:205 - OPTIONAL_MATURITY_DATE -  -0
2022-12-23 14:03:49.691 [main] INFO  scrips.datamigration.csv.service.SssSecuritiesFileDataService:205 - AUCTION_DATE - 20171228 -8
2022-12-23 14:03:49.691 [main] INFO  scrips.datamigration.csv.service.SssSecuritiesFileDataService:205 - FIRST_ISSUANCE_DATE - 20171229 -8
2022-12-23 14:03:49.692 [main] INFO  scrips.datamigration.csv.service.SssSecuritiesFileDataService:205 - FIRST_ISSUANCE_AMOUNT - 000001000000000 -15
2022-12-23 14:03:49.692 [main] INFO  scrips.datamigration.csv.service.SssSecuritiesFileDataService:205 - RE_OPENING_AUCTION_DATE - 20221026 -8
2022-12-23 14:03:49.693 [main] INFO  scrips.datamigration.csv.service.SssSecuritiesFileDataService:205 - RE_OPENING_ALLOTMENT_DATE - 20221027 -8
2022-12-23 14:03:49.694 [main] INFO  scrips.datamigration.csv.service.SssSecuritiesFileDataService:205 - RE_OPENING_TOTAL_ALLOTMENT_AMOUNT - 000900000000000 -15
2022-12-23 14:03:49.694 [main] INFO  scrips.datamigration.csv.service.SssSecuritiesFileDataService:205 - TOTAL_ISSUED_AMOUNT - 000902800000000 -15
2022-12-23 14:03:49.695 [main] INFO  scrips.datamigration.csv.service.SssSecuritiesFileDataService:205 - OUTSTANDING_NOMINAL_AMOUNT - 000902799998000 -15
2022-12-23 14:03:49.695 [main] INFO  scrips.datamigration.csv.service.SssSecuritiesFileDataService:205 - AMOUNT_ALLOCATED_TO_MAS - 000001500000000 -15
2022-12-23 14:03:49.696 [main] INFO  scrips.datamigration.csv.service.SssSecuritiesFileDataService:205 - AMOUNT_ALLOCATED_TO_OTHERS - 000901300000000 -15
2022-12-23 14:03:49.696 [main] INFO  scrips.datamigration.csv.service.SssSecuritiesFileDataService:205 - MAS_APPLIED_AMOUNT - 000001000000000 -15
2022-12-23 14:03:49.697 [main] INFO  scrips.datamigration.csv.service.SssSecuritiesFileDataService:205 - UNIT_SIZE - 1000 -4
2022-12-23 14:03:49.698 [main] INFO  scrips.datamigration.csv.service.SssSecuritiesFileDataService:205 - DENOMINATION - 000000000001000 -15
2022-12-23 14:03:49.699 [main] INFO  scrips.datamigration.csv.service.SssSecuritiesFileDataService:205 - CURRENCY_CODE - SGD -3
2022-12-23 14:03:49.700 [main] INFO  scrips.datamigration.csv.service.SssSecuritiesFileDataService:205 - REDEMPTION_PRICE - 10000000 -8
2022-12-23 14:03:49.700 [main] INFO  scrips.datamigration.csv.service.SssSecuritiesFileDataService:205 - COUPON_RATE - 00120000 -8
2022-12-23 14:03:49.701 [main] INFO  scrips.datamigration.csv.service.SssSecuritiesFileDataService:205 - EX_DATE_PERIOD - 3 -1
2022-12-23 14:03:49.701 [main] INFO  scrips.datamigration.csv.service.SssSecuritiesFileDataService:205 - EX_DATE - 20230529 -8
2022-12-23 14:03:49.702 [main] INFO  scrips.datamigration.csv.service.SssSecuritiesFileDataService:205 - COUPON_PAYMENT_FREQUENCY - S -1
2022-12-23 14:03:49.703 [main] INFO  scrips.datamigration.csv.service.SssSecuritiesFileDataService:205 - LAST_COUPON_DATE - 20221201 -8
2022-12-23 14:03:49.703 [main] INFO  scrips.datamigration.csv.service.SssSecuritiesFileDataService:205 - NEXT_COUPON_DATE - 20230601 -8
2022-12-23 14:03:49.704 [main] INFO  scrips.datamigration.csv.service.SssSecuritiesFileDataService:205 - OPTIONAL_COUPON_DATE - 20180601 -8
2022-12-23 14:03:49.704 [main] INFO  scrips.datamigration.csv.service.SssSecuritiesFileDataService:205 - DAYS_OF_ACCRUED_INTEREST - 182 -3
2022-12-23 14:03:49.704 [main] INFO  scrips.datamigration.csv.service.SssSecuritiesFileDataService:205 - TENURE - 050 -3
2022-12-23 14:03:49.705 [main] INFO  scrips.datamigration.csv.service.SssSecuritiesFileDataService:205 - AVERAGE_YIELD - 00000000 -8
2022-12-23 14:03:49.705 [main] INFO  scrips.datamigration.csv.service.SssSecuritiesFileDataService:205 - CUTOFF_YIELD - 00000000 -8
2022-12-23 14:03:49.706 [main] INFO  scrips.datamigration.csv.service.SssSecuritiesFileDataService:205 - AVERAGE_YIELD_PRICE - 00000000 -8
2022-12-23 14:03:49.706 [main] INFO  scrips.datamigration.csv.service.SssSecuritiesFileDataService:205 - CUTOFF_YIELD_PRICE - 00000000 -8
2022-12-23 14:03:49.706 [main] INFO  scrips.datamigration.csv.service.SssSecuritiesFileDataService:205 - RE_OPENING_MAS_APPLIED_AMOUNT - 000900000000000 -15
2022-12-23 14:03:49.706 [main] INFO  scrips.datamigration.csv.service.SssSecuritiesFileDataService:205 - TOTAL_REDEEMED_AMOUNT - 000000000002000 -15
2022-12-23 14:03:49.707 [main] INFO  scrips.datamigration.csv.service.SssSecuritiesFileDataService:205 - ISIN_SUB_TYPE - NA -2
2022-12-23 14:03:49.772 [main] DEBUG org.hibernate.SQL:128 - insert into securities_file_data (ISIN_CODE, AMOUNT_ALLOCATED_TO_MAS, AMOUNT_ALLOCATED_TO_OTHERS, AUCTION_DATE, AVERAGE_YIELD, AVERAGE_YIELD_PRICE, COUPON_PAYMENT_FREQUENCY, COUPON_RATE, CREDIT_RATING, CURRENCY_CODE, CUTOFF_YIELD, CUTOFF_YIELD_PRICE, DAYS_OF_ACCRUED_INTEREST, DENOMINATION, DESCRIPTION, ELIGIBLE_FOR_ILF, EX_DATE, EX_DATE_PERIOD, FIRST_ISSUANCE_AMOUNT, FIRST_ISSUANCE_DATE, HAIRCUT_PERCENTAGE_FOR_ILF, ILF_HAIRCUT_SETTING, ISIN_STATUS, ISIN_SUB_TYPE, ISIN_TYPE, ISSUE_CODE, LAST_COUPON_DATE, MAS_APPLIED_AMOUNT, MATURITY_DATE, NEXT_COUPON_DATE, OPTIONAL_COUPON_DATE, OPTIONAL_MATURITY_DATE, OUTSTANDING_NOMINAL_AMOUNT, RE_OPENING_ALLOTMENT_DATE, RE_OPENING_AUCTION_DATE, RE_OPENING_MAS_APPLIED_AMOUNT, RE_OPENING_TOTAL_ALLOTMENT_AMOUNT, REDEMPTION_PRICE, TAXABLE, TENURE, TOTAL_ISSUED_AMOUNT, TOTAL_REDEEMED_AMOUNT, TRADABLE, UNIT_SIZE) values (?, ?, ?, ?, ?, ?, ?, ?, ?, ?, ?, ?, ?, ?, ?, ?, ?, ?, ?, ?, ?, ?, ?, ?, ?, ?, ?, ?, ?, ?, ?, ?, ?, ?, ?, ?, ?, ?, ?, ?, ?, ?, ?, ?)
2022-12-23 14:03:49.872 [main] INFO  scrips.datamigration.csv.service.SssSecuritiesFileDataService:205 - ISIN_CODE - BCSISMBIL001 -12
2022-12-23 14:03:49.872 [main] INFO  scrips.datamigration.csv.service.SssSecuritiesFileDataService:205 - DESCRIPTION - MAS Bill -8
2022-12-23 14:03:49.873 [main] INFO  scrips.datamigration.csv.service.SssSecuritiesFileDataService:205 - ISIN_TYPE - MB -2
2022-12-23 14:03:49.874 [main] INFO  scrips.datamigration.csv.service.SssSecuritiesFileDataService:205 - ISSUE_CODE - BN2005M -7
2022-12-23 14:03:49.874 [main] INFO  scrips.datamigration.csv.service.SssSecuritiesFileDataService:205 - ISIN_STATUS - A -1
2022-12-23 14:03:49.875 [main] INFO  scrips.datamigration.csv.service.SssSecuritiesFileDataService:205 - TAXABLE - Y -1
2022-12-23 14:03:49.876 [main] INFO  scrips.datamigration.csv.service.SssSecuritiesFileDataService:205 - TRADABLE - Y -1
2022-12-23 14:03:49.877 [main] INFO  scrips.datamigration.csv.service.SssSecuritiesFileDataService:205 - CREDIT_RATING - AAA -3
2022-12-23 14:03:49.877 [main] INFO  scrips.datamigration.csv.service.SssSecuritiesFileDataService:205 - ELIGIBLE_FOR_ILF - Y -1
2022-12-23 14:03:49.878 [main] INFO  scrips.datamigration.csv.service.SssSecuritiesFileDataService:205 - ILF_HAIRCUT_SETTING - Y -1
2022-12-23 14:03:49.879 [main] INFO  scrips.datamigration.csv.service.SssSecuritiesFileDataService:205 - HAIRCUT_PERCENTAGE_FOR_ILF - 00100000 -8
2022-12-23 14:03:49.880 [main] INFO  scrips.datamigration.csv.service.SssSecuritiesFileDataService:205 - MATURITY_DATE - 20251231 -8
2022-12-23 14:03:49.881 [main] INFO  scrips.datamigration.csv.service.SssSecuritiesFileDataService:205 - OPTIONAL_MATURITY_DATE -  -0
2022-12-23 14:03:49.882 [main] INFO  scrips.datamigration.csv.service.SssSecuritiesFileDataService:205 - AUCTION_DATE - 20210518 -8
2022-12-23 14:03:49.883 [main] INFO  scrips.datamigration.csv.service.SssSecuritiesFileDataService:205 - FIRST_ISSUANCE_DATE - 20210519 -8
2022-12-23 14:03:49.883 [main] INFO  scrips.datamigration.csv.service.SssSecuritiesFileDataService:205 - FIRST_ISSUANCE_AMOUNT - 000000100000000 -15
2022-12-23 14:03:49.884 [main] INFO  scrips.datamigration.csv.service.SssSecuritiesFileDataService:205 - RE_OPENING_AUCTION_DATE -  -0
2022-12-23 14:03:49.884 [main] INFO  scrips.datamigration.csv.service.SssSecuritiesFileDataService:205 - RE_OPENING_ALLOTMENT_DATE -  -0
2022-12-23 14:03:49.885 [main] INFO  scrips.datamigration.csv.service.SssSecuritiesFileDataService:205 - RE_OPENING_TOTAL_ALLOTMENT_AMOUNT - 000000000000000 -15
2022-12-23 14:03:49.885 [main] INFO  scrips.datamigration.csv.service.SssSecuritiesFileDataService:205 - TOTAL_ISSUED_AMOUNT - 000000100000000 -15
2022-12-23 14:03:49.886 [main] INFO  scrips.datamigration.csv.service.SssSecuritiesFileDataService:205 - OUTSTANDING_NOMINAL_AMOUNT - 000000100000000 -15
2022-12-23 14:03:49.886 [main] INFO  scrips.datamigration.csv.service.SssSecuritiesFileDataService:205 - AMOUNT_ALLOCATED_TO_MAS - 000000000900000 -15
2022-12-23 14:03:49.887 [main] INFO  scrips.datamigration.csv.service.SssSecuritiesFileDataService:205 - AMOUNT_ALLOCATED_TO_OTHERS - 000000099100000 -15
2022-12-23 14:03:49.888 [main] INFO  scrips.datamigration.csv.service.SssSecuritiesFileDataService:205 - MAS_APPLIED_AMOUNT - 000000000100000 -15
2022-12-23 14:03:49.888 [main] INFO  scrips.datamigration.csv.service.SssSecuritiesFileDataService:205 - UNIT_SIZE - 1000 -4
2022-12-23 14:03:49.889 [main] INFO  scrips.datamigration.csv.service.SssSecuritiesFileDataService:205 - DENOMINATION - 000000000001000 -15
2022-12-23 14:03:49.889 [main] INFO  scrips.datamigration.csv.service.SssSecuritiesFileDataService:205 - CURRENCY_CODE - SGD -3
2022-12-23 14:03:49.890 [main] INFO  scrips.datamigration.csv.service.SssSecuritiesFileDataService:205 - REDEMPTION_PRICE - 10000000 -8
2022-12-23 14:03:49.890 [main] INFO  scrips.datamigration.csv.service.SssSecuritiesFileDataService:205 - COUPON_RATE - 00000000 -8
2022-12-23 14:03:49.891 [main] INFO  scrips.datamigration.csv.service.SssSecuritiesFileDataService:205 - EX_DATE_PERIOD - 0 -1
2022-12-23 14:03:49.892 [main] INFO  scrips.datamigration.csv.service.SssSecuritiesFileDataService:205 - EX_DATE -  -0
2022-12-23 14:03:49.892 [main] INFO  scrips.datamigration.csv.service.SssSecuritiesFileDataService:205 - COUPON_PAYMENT_FREQUENCY - N -1
2022-12-23 14:03:49.893 [main] INFO  scrips.datamigration.csv.service.SssSecuritiesFileDataService:205 - LAST_COUPON_DATE -  -0
2022-12-23 14:03:49.893 [main] INFO  scrips.datamigration.csv.service.SssSecuritiesFileDataService:205 - NEXT_COUPON_DATE -  -0
2022-12-23 14:03:49.894 [main] INFO  scrips.datamigration.csv.service.SssSecuritiesFileDataService:205 - OPTIONAL_COUPON_DATE -  -0
2022-12-23 14:03:49.894 [main] INFO  scrips.datamigration.csv.service.SssSecuritiesFileDataService:205 - DAYS_OF_ACCRUED_INTEREST -  -0
2022-12-23 14:03:49.895 [main] INFO  scrips.datamigration.csv.service.SssSecuritiesFileDataService:205 - TENURE - 241 -3
2022-12-23 14:03:49.896 [main] INFO  scrips.datamigration.csv.service.SssSecuritiesFileDataService:205 - AVERAGE_YIELD - 00000000 -8
2022-12-23 14:03:49.896 [main] INFO  scrips.datamigration.csv.service.SssSecuritiesFileDataService:205 - CUTOFF_YIELD - 00000000 -8
2022-12-23 14:03:49.897 [main] INFO  scrips.datamigration.csv.service.SssSecuritiesFileDataService:205 - AVERAGE_YIELD_PRICE - 00000000 -8
2022-12-23 14:03:49.899 [main] INFO  scrips.datamigration.csv.service.SssSecuritiesFileDataService:205 - CUTOFF_YIELD_PRICE - 00000000 -8
2022-12-23 14:03:49.899 [main] INFO  scrips.datamigration.csv.service.SssSecuritiesFileDataService:205 - RE_OPENING_MAS_APPLIED_AMOUNT - 000000000000000 -15
2022-12-23 14:03:49.900 [main] INFO  scrips.datamigration.csv.service.SssSecuritiesFileDataService:205 - TOTAL_REDEEMED_AMOUNT - 000000000000000 -15
2022-12-23 14:03:49.901 [main] INFO  scrips.datamigration.csv.service.SssSecuritiesFileDataService:205 - ISIN_SUB_TYPE - NA -2
2022-12-23 14:03:49.924 [main] DEBUG org.hibernate.SQL:128 - insert into securities_file_data (ISIN_CODE, AMOUNT_ALLOCATED_TO_MAS, AMOUNT_ALLOCATED_TO_OTHERS, AUCTION_DATE, AVERAGE_YIELD, AVERAGE_YIELD_PRICE, COUPON_PAYMENT_FREQUENCY, COUPON_RATE, CREDIT_RATING, CURRENCY_CODE, CUTOFF_YIELD, CUTOFF_YIELD_PRICE, DAYS_OF_ACCRUED_INTEREST, DENOMINATION, DESCRIPTION, ELIGIBLE_FOR_ILF, EX_DATE, EX_DATE_PERIOD, FIRST_ISSUANCE_AMOUNT, FIRST_ISSUANCE_DATE, HAIRCUT_PERCENTAGE_FOR_ILF, ILF_HAIRCUT_SETTING, ISIN_STATUS, ISIN_SUB_TYPE, ISIN_TYPE, ISSUE_CODE, LAST_COUPON_DATE, MAS_APPLIED_AMOUNT, MATURITY_DATE, NEXT_COUPON_DATE, OPTIONAL_COUPON_DATE, OPTIONAL_MATURITY_DATE, OUTSTANDING_NOMINAL_AMOUNT, RE_OPENING_ALLOTMENT_DATE, RE_OPENING_AUCTION_DATE, RE_OPENING_MAS_APPLIED_AMOUNT, RE_OPENING_TOTAL_ALLOTMENT_AMOUNT, REDEMPTION_PRICE, TAXABLE, TENURE, TOTAL_ISSUED_AMOUNT, TOTAL_REDEEMED_AMOUNT, TRADABLE, UNIT_SIZE) values (?, ?, ?, ?, ?, ?, ?, ?, ?, ?, ?, ?, ?, ?, ?, ?, ?, ?, ?, ?, ?, ?, ?, ?, ?, ?, ?, ?, ?, ?, ?, ?, ?, ?, ?, ?, ?, ?, ?, ?, ?, ?, ?, ?)
2022-12-23 14:03:49.999 [main] INFO  scrips.datamigration.csv.service.SssSecuritiesFileDataService:205 - ISIN_CODE - BCSISTEST012 -12
2022-12-23 14:03:49.999 [main] INFO  scrips.datamigration.csv.service.SssSecuritiesFileDataService:205 - DESCRIPTION - 15 YEARS BONDS -14
2022-12-23 14:03:50.000 [main] INFO  scrips.datamigration.csv.service.SssSecuritiesFileDataService:205 - ISIN_TYPE - BN -2
2022-12-23 14:03:50.001 [main] INFO  scrips.datamigration.csv.service.SssSecuritiesFileDataService:205 - ISSUE_CODE - N999012M -8
2022-12-23 14:03:50.001 [main] INFO  scrips.datamigration.csv.service.SssSecuritiesFileDataService:205 - ISIN_STATUS - A -1
2022-12-23 14:03:50.002 [main] INFO  scrips.datamigration.csv.service.SssSecuritiesFileDataService:205 - TAXABLE - Y -1
2022-12-23 14:03:50.002 [main] INFO  scrips.datamigration.csv.service.SssSecuritiesFileDataService:205 - TRADABLE - Y -1
2022-12-23 14:03:50.003 [main] INFO  scrips.datamigration.csv.service.SssSecuritiesFileDataService:205 - CREDIT_RATING - AAA -3
2022-12-23 14:03:50.004 [main] INFO  scrips.datamigration.csv.service.SssSecuritiesFileDataService:205 - ELIGIBLE_FOR_ILF - Y -1
2022-12-23 14:03:50.005 [main] INFO  scrips.datamigration.csv.service.SssSecuritiesFileDataService:205 - ILF_HAIRCUT_SETTING - A -1
2022-12-23 14:03:50.006 [main] INFO  scrips.datamigration.csv.service.SssSecuritiesFileDataService:205 - HAIRCUT_PERCENTAGE_FOR_ILF - 00200000 -8
2022-12-23 14:03:50.007 [main] INFO  scrips.datamigration.csv.service.SssSecuritiesFileDataService:205 - MATURITY_DATE - 20290801 -8
2022-12-23 14:03:50.007 [main] INFO  scrips.datamigration.csv.service.SssSecuritiesFileDataService:205 - OPTIONAL_MATURITY_DATE -  -0
2022-12-23 14:03:50.008 [main] INFO  scrips.datamigration.csv.service.SssSecuritiesFileDataService:205 - AUCTION_DATE - 20170122 -8
2022-12-23 14:03:50.009 [main] INFO  scrips.datamigration.csv.service.SssSecuritiesFileDataService:205 - FIRST_ISSUANCE_DATE - 20170201 -8
2022-12-23 14:03:50.009 [main] INFO  scrips.datamigration.csv.service.SssSecuritiesFileDataService:205 - FIRST_ISSUANCE_AMOUNT - 000000630000000 -15
2022-12-23 14:03:50.010 [main] INFO  scrips.datamigration.csv.service.SssSecuritiesFileDataService:205 - RE_OPENING_AUCTION_DATE - 20210428 -8
2022-12-23 14:03:50.010 [main] INFO  scrips.datamigration.csv.service.SssSecuritiesFileDataService:205 - RE_OPENING_ALLOTMENT_DATE - 20210429 -8
2022-12-23 14:03:50.011 [main] INFO  scrips.datamigration.csv.service.SssSecuritiesFileDataService:205 - RE_OPENING_TOTAL_ALLOTMENT_AMOUNT - 000000000600000 -15
2022-12-23 14:03:50.012 [main] INFO  scrips.datamigration.csv.service.SssSecuritiesFileDataService:205 - TOTAL_ISSUED_AMOUNT - 000000630000000 -15
2022-12-23 14:03:50.012 [main] INFO  scrips.datamigration.csv.service.SssSecuritiesFileDataService:205 - OUTSTANDING_NOMINAL_AMOUNT - 000000630000000 -15
2022-12-23 14:03:50.012 [main] INFO  scrips.datamigration.csv.service.SssSecuritiesFileDataService:205 - AMOUNT_ALLOCATED_TO_MAS - 000000000010000 -15
2022-12-23 14:03:50.013 [main] INFO  scrips.datamigration.csv.service.SssSecuritiesFileDataService:205 - AMOUNT_ALLOCATED_TO_OTHERS - 000000629990000 -15
2022-12-23 14:03:50.013 [main] INFO  scrips.datamigration.csv.service.SssSecuritiesFileDataService:205 - MAS_APPLIED_AMOUNT - 000000080000000 -15
2022-12-23 14:03:50.013 [main] INFO  scrips.datamigration.csv.service.SssSecuritiesFileDataService:205 - UNIT_SIZE - 1000 -4
2022-12-23 14:03:50.014 [main] INFO  scrips.datamigration.csv.service.SssSecuritiesFileDataService:205 - DENOMINATION - 000000000001000 -15
2022-12-23 14:03:50.015 [main] INFO  scrips.datamigration.csv.service.SssSecuritiesFileDataService:205 - CURRENCY_CODE - SGD -3
2022-12-23 14:03:50.015 [main] INFO  scrips.datamigration.csv.service.SssSecuritiesFileDataService:205 - REDEMPTION_PRICE - 10000000 -8
2022-12-23 14:03:50.015 [main] INFO  scrips.datamigration.csv.service.SssSecuritiesFileDataService:205 - COUPON_RATE - 00125000 -8
2022-12-23 14:03:50.016 [main] INFO  scrips.datamigration.csv.service.SssSecuritiesFileDataService:205 - EX_DATE_PERIOD - 5 -1
2022-12-23 14:03:50.016 [main] INFO  scrips.datamigration.csv.service.SssSecuritiesFileDataService:205 - EX_DATE - 20170725 -8
2022-12-23 14:03:50.016 [main] INFO  scrips.datamigration.csv.service.SssSecuritiesFileDataService:205 - COUPON_PAYMENT_FREQUENCY - S -1
2022-12-23 14:03:50.017 [main] INFO  scrips.datamigration.csv.service.SssSecuritiesFileDataService:205 - LAST_COUPON_DATE -  -0
2022-12-23 14:03:50.017 [main] INFO  scrips.datamigration.csv.service.SssSecuritiesFileDataService:205 - NEXT_COUPON_DATE -  -0
2022-12-23 14:03:50.017 [main] INFO  scrips.datamigration.csv.service.SssSecuritiesFileDataService:205 - OPTIONAL_COUPON_DATE - 20170801 -8
2022-12-23 14:03:50.018 [main] INFO  scrips.datamigration.csv.service.SssSecuritiesFileDataService:205 - DAYS_OF_ACCRUED_INTEREST - 181 -3
2022-12-23 14:03:50.018 [main] INFO  scrips.datamigration.csv.service.SssSecuritiesFileDataService:205 - TENURE - 015 -3
2022-12-23 14:03:50.018 [main] INFO  scrips.datamigration.csv.service.SssSecuritiesFileDataService:205 - AVERAGE_YIELD - 00000000 -8
2022-12-23 14:03:50.019 [main] INFO  scrips.datamigration.csv.service.SssSecuritiesFileDataService:205 - CUTOFF_YIELD - 00000000 -8
2022-12-23 14:03:50.020 [main] INFO  scrips.datamigration.csv.service.SssSecuritiesFileDataService:205 - AVERAGE_YIELD_PRICE - 00000000 -8
2022-12-23 14:03:50.020 [main] INFO  scrips.datamigration.csv.service.SssSecuritiesFileDataService:205 - CUTOFF_YIELD_PRICE - 00000000 -8
2022-12-23 14:03:50.021 [main] INFO  scrips.datamigration.csv.service.SssSecuritiesFileDataService:205 - RE_OPENING_MAS_APPLIED_AMOUNT - 000000000200000 -15
2022-12-23 14:03:50.022 [main] INFO  scrips.datamigration.csv.service.SssSecuritiesFileDataService:205 - TOTAL_REDEEMED_AMOUNT - 000000000000000 -15
2022-12-23 14:03:50.023 [main] INFO  scrips.datamigration.csv.service.SssSecuritiesFileDataService:205 - ISIN_SUB_TYPE - NA -2
2022-12-23 14:03:50.048 [main] DEBUG org.hibernate.SQL:128 - insert into securities_file_data (ISIN_CODE, AMOUNT_ALLOCATED_TO_MAS, AMOUNT_ALLOCATED_TO_OTHERS, AUCTION_DATE, AVERAGE_YIELD, AVERAGE_YIELD_PRICE, COUPON_PAYMENT_FREQUENCY, COUPON_RATE, CREDIT_RATING, CURRENCY_CODE, CUTOFF_YIELD, CUTOFF_YIELD_PRICE, DAYS_OF_ACCRUED_INTEREST, DENOMINATION, DESCRIPTION, ELIGIBLE_FOR_ILF, EX_DATE, EX_DATE_PERIOD, FIRST_ISSUANCE_AMOUNT, FIRST_ISSUANCE_DATE, HAIRCUT_PERCENTAGE_FOR_ILF, ILF_HAIRCUT_SETTING, ISIN_STATUS, ISIN_SUB_TYPE, ISIN_TYPE, ISSUE_CODE, LAST_COUPON_DATE, MAS_APPLIED_AMOUNT, MATURITY_DATE, NEXT_COUPON_DATE, OPTIONAL_COUPON_DATE, OPTIONAL_MATURITY_DATE, OUTSTANDING_NOMINAL_AMOUNT, RE_OPENING_ALLOTMENT_DATE, RE_OPENING_AUCTION_DATE, RE_OPENING_MAS_APPLIED_AMOUNT, RE_OPENING_TOTAL_ALLOTMENT_AMOUNT, REDEMPTION_PRICE, TAXABLE, TENURE, TOTAL_ISSUED_AMOUNT, TOTAL_REDEEMED_AMOUNT, TRADABLE, UNIT_SIZE) values (?, ?, ?, ?, ?, ?, ?, ?, ?, ?, ?, ?, ?, ?, ?, ?, ?, ?, ?, ?, ?, ?, ?, ?, ?, ?, ?, ?, ?, ?, ?, ?, ?, ?, ?, ?, ?, ?, ?, ?, ?, ?, ?, ?)
2022-12-23 14:03:50.119 [main] INFO  scrips.datamigration.csv.service.SssSecuritiesFileDataService:205 - ISIN_CODE - MEPSUAT00016 -12
2022-12-23 14:03:50.119 [main] INFO  scrips.datamigration.csv.service.SssSecuritiesFileDataService:205 - DESCRIPTION - 10YR SBOND 2016 DUE220426 GX16501W -34
2022-12-23 14:03:50.120 [main] INFO  scrips.datamigration.csv.service.SssSecuritiesFileDataService:205 - ISIN_TYPE - SB -2
2022-12-23 14:03:50.120 [main] INFO  scrips.datamigration.csv.service.SssSecuritiesFileDataService:205 - ISSUE_CODE - GX16501W -8
2022-12-23 14:03:50.120 [main] INFO  scrips.datamigration.csv.service.SssSecuritiesFileDataService:205 - ISIN_STATUS - A -1
2022-12-23 14:03:50.121 [main] INFO  scrips.datamigration.csv.service.SssSecuritiesFileDataService:205 - TAXABLE - Y -1
2022-12-23 14:03:50.121 [main] INFO  scrips.datamigration.csv.service.SssSecuritiesFileDataService:205 - TRADABLE - N -1
2022-12-23 14:03:50.121 [main] INFO  scrips.datamigration.csv.service.SssSecuritiesFileDataService:205 - CREDIT_RATING - AAA -3
2022-12-23 14:03:50.122 [main] INFO  scrips.datamigration.csv.service.SssSecuritiesFileDataService:205 - ELIGIBLE_FOR_ILF - N -1
2022-12-23 14:03:50.122 [main] INFO  scrips.datamigration.csv.service.SssSecuritiesFileDataService:205 - ILF_HAIRCUT_SETTING - N -1
2022-12-23 14:03:50.122 [main] INFO  scrips.datamigration.csv.service.SssSecuritiesFileDataService:205 - HAIRCUT_PERCENTAGE_FOR_ILF - 00000000 -8
2022-12-23 14:03:50.123 [main] INFO  scrips.datamigration.csv.service.SssSecuritiesFileDataService:205 - MATURITY_DATE - 20260422 -8
2022-12-23 14:03:50.123 [main] INFO  scrips.datamigration.csv.service.SssSecuritiesFileDataService:205 - OPTIONAL_MATURITY_DATE -  -0
2022-12-23 14:03:50.123 [main] INFO  scrips.datamigration.csv.service.SssSecuritiesFileDataService:205 - AUCTION_DATE - 20160421 -8
2022-12-23 14:03:50.124 [main] INFO  scrips.datamigration.csv.service.SssSecuritiesFileDataService:205 - FIRST_ISSUANCE_DATE - 20160422 -8
2022-12-23 14:03:50.124 [main] INFO  scrips.datamigration.csv.service.SssSecuritiesFileDataService:205 - FIRST_ISSUANCE_AMOUNT - 000000000287500 -15
2022-12-23 14:03:50.124 [main] INFO  scrips.datamigration.csv.service.SssSecuritiesFileDataService:205 - RE_OPENING_AUCTION_DATE -  -0
2022-12-23 14:03:50.125 [main] INFO  scrips.datamigration.csv.service.SssSecuritiesFileDataService:205 - RE_OPENING_ALLOTMENT_DATE -  -0
2022-12-23 14:03:50.125 [main] INFO  scrips.datamigration.csv.service.SssSecuritiesFileDataService:205 - RE_OPENING_TOTAL_ALLOTMENT_AMOUNT - 000000000000000 -15
2022-12-23 14:03:50.126 [main] INFO  scrips.datamigration.csv.service.SssSecuritiesFileDataService:205 - TOTAL_ISSUED_AMOUNT - 000000000287500 -15
2022-12-23 14:03:50.126 [main] INFO  scrips.datamigration.csv.service.SssSecuritiesFileDataService:205 - OUTSTANDING_NOMINAL_AMOUNT - 000000000242500 -15
2022-12-23 14:03:50.127 [main] INFO  scrips.datamigration.csv.service.SssSecuritiesFileDataService:205 - AMOUNT_ALLOCATED_TO_MAS - 000000000000000 -15
2022-12-23 14:03:50.128 [main] INFO  scrips.datamigration.csv.service.SssSecuritiesFileDataService:205 - AMOUNT_ALLOCATED_TO_OTHERS - 000000000287500 -15
2022-12-23 14:03:50.128 [main] INFO  scrips.datamigration.csv.service.SssSecuritiesFileDataService:205 - MAS_APPLIED_AMOUNT - 000000000000000 -15
2022-12-23 14:03:50.130 [main] INFO  scrips.datamigration.csv.service.SssSecuritiesFileDataService:205 - UNIT_SIZE - 1000 -4
2022-12-23 14:03:50.130 [main] INFO  scrips.datamigration.csv.service.SssSecuritiesFileDataService:205 - DENOMINATION - 000000000000500 -15
2022-12-23 14:03:50.135 [main] INFO  scrips.datamigration.csv.service.SssSecuritiesFileDataService:205 - CURRENCY_CODE - SGD -3
2022-12-23 14:03:50.136 [main] INFO  scrips.datamigration.csv.service.SssSecuritiesFileDataService:205 - REDEMPTION_PRICE - 10000000 -8
2022-12-23 14:03:50.137 [main] INFO  scrips.datamigration.csv.service.SssSecuritiesFileDataService:205 - COUPON_RATE - 00700000 -8
2022-12-23 14:03:50.137 [main] INFO  scrips.datamigration.csv.service.SssSecuritiesFileDataService:205 - EX_DATE_PERIOD - 3 -1
2022-12-23 14:03:50.138 [main] INFO  scrips.datamigration.csv.service.SssSecuritiesFileDataService:205 - EX_DATE - 20230419 -8
2022-12-23 14:03:50.138 [main] INFO  scrips.datamigration.csv.service.SssSecuritiesFileDataService:205 - COUPON_PAYMENT_FREQUENCY - S -1
2022-12-23 14:03:50.139 [main] INFO  scrips.datamigration.csv.service.SssSecuritiesFileDataService:205 - LAST_COUPON_DATE - 20221022 -8
2022-12-23 14:03:50.139 [main] INFO  scrips.datamigration.csv.service.SssSecuritiesFileDataService:205 - NEXT_COUPON_DATE - 20230422 -8
2022-12-23 14:03:50.140 [main] INFO  scrips.datamigration.csv.service.SssSecuritiesFileDataService:205 - OPTIONAL_COUPON_DATE - 20161022 -8
2022-12-23 14:03:50.140 [main] INFO  scrips.datamigration.csv.service.SssSecuritiesFileDataService:205 - DAYS_OF_ACCRUED_INTEREST -  -0
2022-12-23 14:03:50.141 [main] INFO  scrips.datamigration.csv.service.SssSecuritiesFileDataService:205 - TENURE - 010 -3
2022-12-23 14:03:50.141 [main] INFO  scrips.datamigration.csv.service.SssSecuritiesFileDataService:205 - AVERAGE_YIELD - 00000000 -8
2022-12-23 14:03:50.142 [main] INFO  scrips.datamigration.csv.service.SssSecuritiesFileDataService:205 - CUTOFF_YIELD - 00000000 -8
2022-12-23 14:03:50.142 [main] INFO  scrips.datamigration.csv.service.SssSecuritiesFileDataService:205 - AVERAGE_YIELD_PRICE - 00000000 -8
2022-12-23 14:03:50.143 [main] INFO  scrips.datamigration.csv.service.SssSecuritiesFileDataService:205 - CUTOFF_YIELD_PRICE - 00000000 -8
2022-12-23 14:03:50.143 [main] INFO  scrips.datamigration.csv.service.SssSecuritiesFileDataService:205 - RE_OPENING_MAS_APPLIED_AMOUNT - 000000000000000 -15
2022-12-23 14:03:50.144 [main] INFO  scrips.datamigration.csv.service.SssSecuritiesFileDataService:205 - TOTAL_REDEEMED_AMOUNT - 000000000045000 -15
2022-12-23 14:03:50.144 [main] INFO  scrips.datamigration.csv.service.SssSecuritiesFileDataService:205 - ISIN_SUB_TYPE - NA -2
2022-12-23 14:03:50.166 [main] DEBUG org.hibernate.SQL:128 - insert into securities_file_data (ISIN_CODE, AMOUNT_ALLOCATED_TO_MAS, AMOUNT_ALLOCATED_TO_OTHERS, AUCTION_DATE, AVERAGE_YIELD, AVERAGE_YIELD_PRICE, COUPON_PAYMENT_FREQUENCY, COUPON_RATE, CREDIT_RATING, CURRENCY_CODE, CUTOFF_YIELD, CUTOFF_YIELD_PRICE, DAYS_OF_ACCRUED_INTEREST, DENOMINATION, DESCRIPTION, ELIGIBLE_FOR_ILF, EX_DATE, EX_DATE_PERIOD, FIRST_ISSUANCE_AMOUNT, FIRST_ISSUANCE_DATE, HAIRCUT_PERCENTAGE_FOR_ILF, ILF_HAIRCUT_SETTING, ISIN_STATUS, ISIN_SUB_TYPE, ISIN_TYPE, ISSUE_CODE, LAST_COUPON_DATE, MAS_APPLIED_AMOUNT, MATURITY_DATE, NEXT_COUPON_DATE, OPTIONAL_COUPON_DATE, OPTIONAL_MATURITY_DATE, OUTSTANDING_NOMINAL_AMOUNT, RE_OPENING_ALLOTMENT_DATE, RE_OPENING_AUCTION_DATE, RE_OPENING_MAS_APPLIED_AMOUNT, RE_OPENING_TOTAL_ALLOTMENT_AMOUNT, REDEMPTION_PRICE, TAXABLE, TENURE, TOTAL_ISSUED_AMOUNT, TOTAL_REDEEMED_AMOUNT, TRADABLE, UNIT_SIZE) values (?, ?, ?, ?, ?, ?, ?, ?, ?, ?, ?, ?, ?, ?, ?, ?, ?, ?, ?, ?, ?, ?, ?, ?, ?, ?, ?, ?, ?, ?, ?, ?, ?, ?, ?, ?, ?, ?, ?, ?, ?, ?, ?, ?)
2022-12-23 14:03:50.236 [main] INFO  scrips.datamigration.csv.service.SssSecuritiesFileDataService:205 - ISIN_CODE - MEPSUAT00024 -12
2022-12-23 14:03:50.237 [main] INFO  scrips.datamigration.csv.service.SssSecuritiesFileDataService:205 - DESCRIPTION - 10YR SBOND 2016 DUE250426 GX16502N -34
2022-12-23 14:03:50.237 [main] INFO  scrips.datamigration.csv.service.SssSecuritiesFileDataService:205 - ISIN_TYPE - SB -2
2022-12-23 14:03:50.238 [main] INFO  scrips.datamigration.csv.service.SssSecuritiesFileDataService:205 - ISSUE_CODE - GX16502N -8
2022-12-23 14:03:50.238 [main] INFO  scrips.datamigration.csv.service.SssSecuritiesFileDataService:205 - ISIN_STATUS - A -1
2022-12-23 14:03:50.239 [main] INFO  scrips.datamigration.csv.service.SssSecuritiesFileDataService:205 - TAXABLE - Y -1
2022-12-23 14:03:50.239 [main] INFO  scrips.datamigration.csv.service.SssSecuritiesFileDataService:205 - TRADABLE - N -1
2022-12-23 14:03:50.239 [main] INFO  scrips.datamigration.csv.service.SssSecuritiesFileDataService:205 - CREDIT_RATING - AAA -3
2022-12-23 14:03:50.240 [main] INFO  scrips.datamigration.csv.service.SssSecuritiesFileDataService:205 - ELIGIBLE_FOR_ILF - N -1
2022-12-23 14:03:50.240 [main] INFO  scrips.datamigration.csv.service.SssSecuritiesFileDataService:205 - ILF_HAIRCUT_SETTING - N -1
2022-12-23 14:03:50.241 [main] INFO  scrips.datamigration.csv.service.SssSecuritiesFileDataService:205 - HAIRCUT_PERCENTAGE_FOR_ILF - 00000000 -8
2022-12-23 14:03:50.241 [main] INFO  scrips.datamigration.csv.service.SssSecuritiesFileDataService:205 - MATURITY_DATE - 20260425 -8
2022-12-23 14:03:50.242 [main] INFO  scrips.datamigration.csv.service.SssSecuritiesFileDataService:205 - OPTIONAL_MATURITY_DATE -  -0
2022-12-23 14:03:50.242 [main] INFO  scrips.datamigration.csv.service.SssSecuritiesFileDataService:205 - AUCTION_DATE - 20160422 -8
2022-12-23 14:03:50.242 [main] INFO  scrips.datamigration.csv.service.SssSecuritiesFileDataService:205 - FIRST_ISSUANCE_DATE - 20160425 -8
2022-12-23 14:03:50.243 [main] INFO  scrips.datamigration.csv.service.SssSecuritiesFileDataService:205 - FIRST_ISSUANCE_AMOUNT - 000000000300000 -15
2022-12-23 14:03:50.243 [main] INFO  scrips.datamigration.csv.service.SssSecuritiesFileDataService:205 - RE_OPENING_AUCTION_DATE -  -0
2022-12-23 14:03:50.244 [main] INFO  scrips.datamigration.csv.service.SssSecuritiesFileDataService:205 - RE_OPENING_ALLOTMENT_DATE -  -0
2022-12-23 14:03:50.244 [main] INFO  scrips.datamigration.csv.service.SssSecuritiesFileDataService:205 - RE_OPENING_TOTAL_ALLOTMENT_AMOUNT - 000000000000000 -15
2022-12-23 14:03:50.244 [main] INFO  scrips.datamigration.csv.service.SssSecuritiesFileDataService:205 - TOTAL_ISSUED_AMOUNT - 000000000300000 -15
2022-12-23 14:03:50.245 [main] INFO  scrips.datamigration.csv.service.SssSecuritiesFileDataService:205 - OUTSTANDING_NOMINAL_AMOUNT - 000000000170000 -15
2022-12-23 14:03:50.245 [main] INFO  scrips.datamigration.csv.service.SssSecuritiesFileDataService:205 - AMOUNT_ALLOCATED_TO_MAS - 000000000000000 -15
2022-12-23 14:03:50.245 [main] INFO  scrips.datamigration.csv.service.SssSecuritiesFileDataService:205 - AMOUNT_ALLOCATED_TO_OTHERS - 000000000300000 -15
2022-12-23 14:03:50.245 [main] INFO  scrips.datamigration.csv.service.SssSecuritiesFileDataService:205 - MAS_APPLIED_AMOUNT - 000000000000000 -15
2022-12-23 14:03:50.246 [main] INFO  scrips.datamigration.csv.service.SssSecuritiesFileDataService:205 - UNIT_SIZE - 1000 -4
2022-12-23 14:03:50.246 [main] INFO  scrips.datamigration.csv.service.SssSecuritiesFileDataService:205 - DENOMINATION - 000000000000500 -15
2022-12-23 14:03:50.246 [main] INFO  scrips.datamigration.csv.service.SssSecuritiesFileDataService:205 - CURRENCY_CODE - SGD -3
2022-12-23 14:03:50.247 [main] INFO  scrips.datamigration.csv.service.SssSecuritiesFileDataService:205 - REDEMPTION_PRICE - 10000000 -8
2022-12-23 14:03:50.248 [main] INFO  scrips.datamigration.csv.service.SssSecuritiesFileDataService:205 - COUPON_RATE - 00293000 -8
2022-12-23 14:03:50.248 [main] INFO  scrips.datamigration.csv.service.SssSecuritiesFileDataService:205 - EX_DATE_PERIOD - 3 -1
2022-12-23 14:03:50.249 [main] INFO  scrips.datamigration.csv.service.SssSecuritiesFileDataService:205 - EX_DATE - 20230420 -8
2022-12-23 14:03:50.249 [main] INFO  scrips.datamigration.csv.service.SssSecuritiesFileDataService:205 - COUPON_PAYMENT_FREQUENCY - S -1
2022-12-23 14:03:50.250 [main] INFO  scrips.datamigration.csv.service.SssSecuritiesFileDataService:205 - LAST_COUPON_DATE - 20221025 -8
2022-12-23 14:03:50.250 [main] INFO  scrips.datamigration.csv.service.SssSecuritiesFileDataService:205 - NEXT_COUPON_DATE - 20230425 -8
2022-12-23 14:03:50.250 [main] INFO  scrips.datamigration.csv.service.SssSecuritiesFileDataService:205 - OPTIONAL_COUPON_DATE - 20161025 -8
2022-12-23 14:03:50.251 [main] INFO  scrips.datamigration.csv.service.SssSecuritiesFileDataService:205 - DAYS_OF_ACCRUED_INTEREST -  -0
2022-12-23 14:03:50.251 [main] INFO  scrips.datamigration.csv.service.SssSecuritiesFileDataService:205 - TENURE - 010 -3
2022-12-23 14:03:50.252 [main] INFO  scrips.datamigration.csv.service.SssSecuritiesFileDataService:205 - AVERAGE_YIELD - 00000000 -8
2022-12-23 14:03:50.252 [main] INFO  scrips.datamigration.csv.service.SssSecuritiesFileDataService:205 - CUTOFF_YIELD - 00000000 -8
2022-12-23 14:03:50.252 [main] INFO  scrips.datamigration.csv.service.SssSecuritiesFileDataService:205 - AVERAGE_YIELD_PRICE - 00000000 -8
2022-12-23 14:03:50.253 [main] INFO  scrips.datamigration.csv.service.SssSecuritiesFileDataService:205 - CUTOFF_YIELD_PRICE - 00000000 -8
2022-12-23 14:03:50.254 [main] INFO  scrips.datamigration.csv.service.SssSecuritiesFileDataService:205 - RE_OPENING_MAS_APPLIED_AMOUNT - 000000000000000 -15
2022-12-23 14:03:50.254 [main] INFO  scrips.datamigration.csv.service.SssSecuritiesFileDataService:205 - TOTAL_REDEEMED_AMOUNT - 000000000130000 -15
2022-12-23 14:03:50.261 [main] INFO  scrips.datamigration.csv.service.SssSecuritiesFileDataService:205 - ISIN_SUB_TYPE - NA -2
2022-12-23 14:03:50.284 [main] DEBUG org.hibernate.SQL:128 - insert into securities_file_data (ISIN_CODE, AMOUNT_ALLOCATED_TO_MAS, AMOUNT_ALLOCATED_TO_OTHERS, AUCTION_DATE, AVERAGE_YIELD, AVERAGE_YIELD_PRICE, COUPON_PAYMENT_FREQUENCY, COUPON_RATE, CREDIT_RATING, CURRENCY_CODE, CUTOFF_YIELD, CUTOFF_YIELD_PRICE, DAYS_OF_ACCRUED_INTEREST, DENOMINATION, DESCRIPTION, ELIGIBLE_FOR_ILF, EX_DATE, EX_DATE_PERIOD, FIRST_ISSUANCE_AMOUNT, FIRST_ISSUANCE_DATE, HAIRCUT_PERCENTAGE_FOR_ILF, ILF_HAIRCUT_SETTING, ISIN_STATUS, ISIN_SUB_TYPE, ISIN_TYPE, ISSUE_CODE, LAST_COUPON_DATE, MAS_APPLIED_AMOUNT, MATURITY_DATE, NEXT_COUPON_DATE, OPTIONAL_COUPON_DATE, OPTIONAL_MATURITY_DATE, OUTSTANDING_NOMINAL_AMOUNT, RE_OPENING_ALLOTMENT_DATE, RE_OPENING_AUCTION_DATE, RE_OPENING_MAS_APPLIED_AMOUNT, RE_OPENING_TOTAL_ALLOTMENT_AMOUNT, REDEMPTION_PRICE, TAXABLE, TENURE, TOTAL_ISSUED_AMOUNT, TOTAL_REDEEMED_AMOUNT, TRADABLE, UNIT_SIZE) values (?, ?, ?, ?, ?, ?, ?, ?, ?, ?, ?, ?, ?, ?, ?, ?, ?, ?, ?, ?, ?, ?, ?, ?, ?, ?, ?, ?, ?, ?, ?, ?, ?, ?, ?, ?, ?, ?, ?, ?, ?, ?, ?, ?)
2022-12-23 14:03:50.357 [main] INFO  scrips.datamigration.csv.service.SssSecuritiesFileDataService:205 - ISIN_CODE - MEPSUAT00032 -12
2022-12-23 14:03:50.357 [main] INFO  scrips.datamigration.csv.service.SssSecuritiesFileDataService:205 - DESCRIPTION - 10YR SBOND 2016 DUE 030526 GX16503V -35
2022-12-23 14:03:50.358 [main] INFO  scrips.datamigration.csv.service.SssSecuritiesFileDataService:205 - ISIN_TYPE - SB -2
2022-12-23 14:03:50.358 [main] INFO  scrips.datamigration.csv.service.SssSecuritiesFileDataService:205 - ISSUE_CODE - GX16503V -8
2022-12-23 14:03:50.359 [main] INFO  scrips.datamigration.csv.service.SssSecuritiesFileDataService:205 - ISIN_STATUS - A -1
2022-12-23 14:03:50.359 [main] INFO  scrips.datamigration.csv.service.SssSecuritiesFileDataService:205 - TAXABLE - Y -1
2022-12-23 14:03:50.359 [main] INFO  scrips.datamigration.csv.service.SssSecuritiesFileDataService:205 - TRADABLE - N -1
2022-12-23 14:03:50.362 [main] INFO  scrips.datamigration.csv.service.SssSecuritiesFileDataService:205 - CREDIT_RATING - AAA -3
2022-12-23 14:03:50.366 [main] INFO  scrips.datamigration.csv.service.SssSecuritiesFileDataService:205 - ELIGIBLE_FOR_ILF - N -1
2022-12-23 14:03:50.367 [main] INFO  scrips.datamigration.csv.service.SssSecuritiesFileDataService:205 - ILF_HAIRCUT_SETTING - N -1
2022-12-23 14:03:50.367 [main] INFO  scrips.datamigration.csv.service.SssSecuritiesFileDataService:205 - HAIRCUT_PERCENTAGE_FOR_ILF - 00000000 -8
2022-12-23 14:03:50.367 [main] INFO  scrips.datamigration.csv.service.SssSecuritiesFileDataService:205 - MATURITY_DATE - 20260503 -8
2022-12-23 14:03:50.368 [main] INFO  scrips.datamigration.csv.service.SssSecuritiesFileDataService:205 - OPTIONAL_MATURITY_DATE -  -0
2022-12-23 14:03:50.368 [main] INFO  scrips.datamigration.csv.service.SssSecuritiesFileDataService:205 - AUCTION_DATE - 20160429 -8
2022-12-23 14:03:50.369 [main] INFO  scrips.datamigration.csv.service.SssSecuritiesFileDataService:205 - FIRST_ISSUANCE_DATE - 20160503 -8
2022-12-23 14:03:50.369 [main] INFO  scrips.datamigration.csv.service.SssSecuritiesFileDataService:205 - FIRST_ISSUANCE_AMOUNT - 000000000137500 -15
2022-12-23 14:03:50.369 [main] INFO  scrips.datamigration.csv.service.SssSecuritiesFileDataService:205 - RE_OPENING_AUCTION_DATE -  -0
2022-12-23 14:03:50.370 [main] INFO  scrips.datamigration.csv.service.SssSecuritiesFileDataService:205 - RE_OPENING_ALLOTMENT_DATE -  -0
2022-12-23 14:03:50.370 [main] INFO  scrips.datamigration.csv.service.SssSecuritiesFileDataService:205 - RE_OPENING_TOTAL_ALLOTMENT_AMOUNT - 000000000000000 -15
2022-12-23 14:03:50.370 [main] INFO  scrips.datamigration.csv.service.SssSecuritiesFileDataService:205 - TOTAL_ISSUED_AMOUNT - 000000000137500 -15
2022-12-23 14:03:50.371 [main] INFO  scrips.datamigration.csv.service.SssSecuritiesFileDataService:205 - OUTSTANDING_NOMINAL_AMOUNT - 000000000017500 -15
2022-12-23 14:03:50.371 [main] INFO  scrips.datamigration.csv.service.SssSecuritiesFileDataService:205 - AMOUNT_ALLOCATED_TO_MAS - 000000000000000 -15
2022-12-23 14:03:50.371 [main] INFO  scrips.datamigration.csv.service.SssSecuritiesFileDataService:205 - AMOUNT_ALLOCATED_TO_OTHERS - 000000000137500 -15
2022-12-23 14:03:50.372 [main] INFO  scrips.datamigration.csv.service.SssSecuritiesFileDataService:205 - MAS_APPLIED_AMOUNT - 000000000000000 -15
2022-12-23 14:03:50.372 [main] INFO  scrips.datamigration.csv.service.SssSecuritiesFileDataService:205 - UNIT_SIZE - 1000 -4
2022-12-23 14:03:50.373 [main] INFO  scrips.datamigration.csv.service.SssSecuritiesFileDataService:205 - DENOMINATION - 000000000000500 -15
2022-12-23 14:03:50.373 [main] INFO  scrips.datamigration.csv.service.SssSecuritiesFileDataService:205 - CURRENCY_CODE - SGD -3
2022-12-23 14:03:50.373 [main] INFO  scrips.datamigration.csv.service.SssSecuritiesFileDataService:205 - REDEMPTION_PRICE - 10000000 -8
2022-12-23 14:03:50.374 [main] INFO  scrips.datamigration.csv.service.SssSecuritiesFileDataService:205 - COUPON_RATE - 00354000 -8
2022-12-23 14:03:50.374 [main] INFO  scrips.datamigration.csv.service.SssSecuritiesFileDataService:205 - EX_DATE_PERIOD - 3 -1
2022-12-23 14:03:50.374 [main] INFO  scrips.datamigration.csv.service.SssSecuritiesFileDataService:205 - EX_DATE - 20230428 -8
2022-12-23 14:03:50.375 [main] INFO  scrips.datamigration.csv.service.SssSecuritiesFileDataService:205 - COUPON_PAYMENT_FREQUENCY - S -1
2022-12-23 14:03:50.375 [main] INFO  scrips.datamigration.csv.service.SssSecuritiesFileDataService:205 - LAST_COUPON_DATE - 20221103 -8
2022-12-23 14:03:50.376 [main] INFO  scrips.datamigration.csv.service.SssSecuritiesFileDataService:205 - NEXT_COUPON_DATE - 20230503 -8
2022-12-23 14:03:50.376 [main] INFO  scrips.datamigration.csv.service.SssSecuritiesFileDataService:205 - OPTIONAL_COUPON_DATE - 20161103 -8
2022-12-23 14:03:50.377 [main] INFO  scrips.datamigration.csv.service.SssSecuritiesFileDataService:205 - DAYS_OF_ACCRUED_INTEREST -  -0
2022-12-23 14:03:50.377 [main] INFO  scrips.datamigration.csv.service.SssSecuritiesFileDataService:205 - TENURE - 010 -3
2022-12-23 14:03:50.378 [main] INFO  scrips.datamigration.csv.service.SssSecuritiesFileDataService:205 - AVERAGE_YIELD - 00000000 -8
2022-12-23 14:03:50.378 [main] INFO  scrips.datamigration.csv.service.SssSecuritiesFileDataService:205 - CUTOFF_YIELD - 00000000 -8
2022-12-23 14:03:50.378 [main] INFO  scrips.datamigration.csv.service.SssSecuritiesFileDataService:205 - AVERAGE_YIELD_PRICE - 00000000 -8
2022-12-23 14:03:50.379 [main] INFO  scrips.datamigration.csv.service.SssSecuritiesFileDataService:205 - CUTOFF_YIELD_PRICE - 00000000 -8
2022-12-23 14:03:50.379 [main] INFO  scrips.datamigration.csv.service.SssSecuritiesFileDataService:205 - RE_OPENING_MAS_APPLIED_AMOUNT - 000000000000000 -15
2022-12-23 14:03:50.380 [main] INFO  scrips.datamigration.csv.service.SssSecuritiesFileDataService:205 - TOTAL_REDEEMED_AMOUNT - 000000000120000 -15
2022-12-23 14:03:50.381 [main] INFO  scrips.datamigration.csv.service.SssSecuritiesFileDataService:205 - ISIN_SUB_TYPE - NA -2
2022-12-23 14:03:50.404 [main] DEBUG org.hibernate.SQL:128 - insert into securities_file_data (ISIN_CODE, AMOUNT_ALLOCATED_TO_MAS, AMOUNT_ALLOCATED_TO_OTHERS, AUCTION_DATE, AVERAGE_YIELD, AVERAGE_YIELD_PRICE, COUPON_PAYMENT_FREQUENCY, COUPON_RATE, CREDIT_RATING, CURRENCY_CODE, CUTOFF_YIELD, CUTOFF_YIELD_PRICE, DAYS_OF_ACCRUED_INTEREST, DENOMINATION, DESCRIPTION, ELIGIBLE_FOR_ILF, EX_DATE, EX_DATE_PERIOD, FIRST_ISSUANCE_AMOUNT, FIRST_ISSUANCE_DATE, HAIRCUT_PERCENTAGE_FOR_ILF, ILF_HAIRCUT_SETTING, ISIN_STATUS, ISIN_SUB_TYPE, ISIN_TYPE, ISSUE_CODE, LAST_COUPON_DATE, MAS_APPLIED_AMOUNT, MATURITY_DATE, NEXT_COUPON_DATE, OPTIONAL_COUPON_DATE, OPTIONAL_MATURITY_DATE, OUTSTANDING_NOMINAL_AMOUNT, RE_OPENING_ALLOTMENT_DATE, RE_OPENING_AUCTION_DATE, RE_OPENING_MAS_APPLIED_AMOUNT, RE_OPENING_TOTAL_ALLOTMENT_AMOUNT, REDEMPTION_PRICE, TAXABLE, TENURE, TOTAL_ISSUED_AMOUNT, TOTAL_REDEEMED_AMOUNT, TRADABLE, UNIT_SIZE) values (?, ?, ?, ?, ?, ?, ?, ?, ?, ?, ?, ?, ?, ?, ?, ?, ?, ?, ?, ?, ?, ?, ?, ?, ?, ?, ?, ?, ?, ?, ?, ?, ?, ?, ?, ?, ?, ?, ?, ?, ?, ?, ?, ?)
2022-12-23 14:03:50.487 [main] INFO  scrips.datamigration.csv.service.SssSecuritiesFileDataService:205 - ISIN_CODE - NPTESTSCREEN -12
2022-12-23 14:03:50.487 [main] INFO  scrips.datamigration.csv.service.SssSecuritiesFileDataService:205 - DESCRIPTION - 10YR BOND 2016 DUE 260531 NY15046C -34
2022-12-23 14:03:50.488 [main] INFO  scrips.datamigration.csv.service.SssSecuritiesFileDataService:205 - ISIN_TYPE - BN -2
2022-12-23 14:03:50.488 [main] INFO  scrips.datamigration.csv.service.SssSecuritiesFileDataService:205 - ISSUE_CODE - NY15046C -8
2022-12-23 14:03:50.488 [main] INFO  scrips.datamigration.csv.service.SssSecuritiesFileDataService:205 - ISIN_STATUS - N -1
2022-12-23 14:03:50.489 [main] INFO  scrips.datamigration.csv.service.SssSecuritiesFileDataService:205 - TAXABLE - Y -1
2022-12-23 14:03:50.489 [main] INFO  scrips.datamigration.csv.service.SssSecuritiesFileDataService:205 - TRADABLE - Y -1
2022-12-23 14:03:50.489 [main] INFO  scrips.datamigration.csv.service.SssSecuritiesFileDataService:205 - CREDIT_RATING - AAA -3
2022-12-23 14:03:50.489 [main] INFO  scrips.datamigration.csv.service.SssSecuritiesFileDataService:205 - ELIGIBLE_FOR_ILF - Y -1
2022-12-23 14:03:50.490 [main] INFO  scrips.datamigration.csv.service.SssSecuritiesFileDataService:205 - ILF_HAIRCUT_SETTING - A -1
2022-12-23 14:03:50.490 [main] INFO  scrips.datamigration.csv.service.SssSecuritiesFileDataService:205 - HAIRCUT_PERCENTAGE_FOR_ILF - 00100000 -8
2022-12-23 14:03:50.490 [main] INFO  scrips.datamigration.csv.service.SssSecuritiesFileDataService:205 - MATURITY_DATE - 20260531 -8
2022-12-23 14:03:50.490 [main] INFO  scrips.datamigration.csv.service.SssSecuritiesFileDataService:205 - OPTIONAL_MATURITY_DATE -  -0
2022-12-23 14:03:50.490 [main] INFO  scrips.datamigration.csv.service.SssSecuritiesFileDataService:205 - AUCTION_DATE - 20160528 -8
2022-12-23 14:03:50.491 [main] INFO  scrips.datamigration.csv.service.SssSecuritiesFileDataService:205 - FIRST_ISSUANCE_DATE - 20160531 -8
2022-12-23 14:03:50.491 [main] INFO  scrips.datamigration.csv.service.SssSecuritiesFileDataService:205 - FIRST_ISSUANCE_AMOUNT - 000000000001000 -15
2022-12-23 14:03:50.492 [main] INFO  scrips.datamigration.csv.service.SssSecuritiesFileDataService:205 - RE_OPENING_AUCTION_DATE -  -0
2022-12-23 14:03:50.492 [main] INFO  scrips.datamigration.csv.service.SssSecuritiesFileDataService:205 - RE_OPENING_ALLOTMENT_DATE -  -0
2022-12-23 14:03:50.493 [main] INFO  scrips.datamigration.csv.service.SssSecuritiesFileDataService:205 - RE_OPENING_TOTAL_ALLOTMENT_AMOUNT - 000000000000000 -15
2022-12-23 14:03:50.493 [main] INFO  scrips.datamigration.csv.service.SssSecuritiesFileDataService:205 - TOTAL_ISSUED_AMOUNT - 000000000000000 -15
2022-12-23 14:03:50.494 [main] INFO  scrips.datamigration.csv.service.SssSecuritiesFileDataService:205 - OUTSTANDING_NOMINAL_AMOUNT - 000000000000000 -15
2022-12-23 14:03:50.495 [main] INFO  scrips.datamigration.csv.service.SssSecuritiesFileDataService:205 - AMOUNT_ALLOCATED_TO_MAS - 000000000000000 -15
2022-12-23 14:03:50.495 [main] INFO  scrips.datamigration.csv.service.SssSecuritiesFileDataService:205 - AMOUNT_ALLOCATED_TO_OTHERS - 000000000000000 -15
2022-12-23 14:03:50.496 [main] INFO  scrips.datamigration.csv.service.SssSecuritiesFileDataService:205 - MAS_APPLIED_AMOUNT - 000000000000000 -15
2022-12-23 14:03:50.496 [main] INFO  scrips.datamigration.csv.service.SssSecuritiesFileDataService:205 - UNIT_SIZE - 1000 -4
2022-12-23 14:03:50.496 [main] INFO  scrips.datamigration.csv.service.SssSecuritiesFileDataService:205 - DENOMINATION - 000000000001000 -15
2022-12-23 14:03:50.498 [main] INFO  scrips.datamigration.csv.service.SssSecuritiesFileDataService:205 - CURRENCY_CODE - SGD -3
2022-12-23 14:03:50.501 [main] INFO  scrips.datamigration.csv.service.SssSecuritiesFileDataService:205 - REDEMPTION_PRICE - 10000000 -8
2022-12-23 14:03:50.501 [main] INFO  scrips.datamigration.csv.service.SssSecuritiesFileDataService:205 - COUPON_RATE - 00000000 -8
2022-12-23 14:03:50.502 [main] INFO  scrips.datamigration.csv.service.SssSecuritiesFileDataService:205 - EX_DATE_PERIOD - 3 -1
2022-12-23 14:03:50.502 [main] INFO  scrips.datamigration.csv.service.SssSecuritiesFileDataService:205 - EX_DATE - 20161025 -8
2022-12-23 14:03:50.503 [main] INFO  scrips.datamigration.csv.service.SssSecuritiesFileDataService:205 - COUPON_PAYMENT_FREQUENCY - S -1
2022-12-23 14:03:50.503 [main] INFO  scrips.datamigration.csv.service.SssSecuritiesFileDataService:205 - LAST_COUPON_DATE -  -0
2022-12-23 14:03:50.503 [main] INFO  scrips.datamigration.csv.service.SssSecuritiesFileDataService:205 - NEXT_COUPON_DATE -  -0
2022-12-23 14:03:50.504 [main] INFO  scrips.datamigration.csv.service.SssSecuritiesFileDataService:205 - OPTIONAL_COUPON_DATE - 20161028 -8
2022-12-23 14:03:50.504 [main] INFO  scrips.datamigration.csv.service.SssSecuritiesFileDataService:205 - DAYS_OF_ACCRUED_INTEREST - 150 -3
2022-12-23 14:03:50.504 [main] INFO  scrips.datamigration.csv.service.SssSecuritiesFileDataService:205 - TENURE - 010 -3
2022-12-23 14:03:50.505 [main] INFO  scrips.datamigration.csv.service.SssSecuritiesFileDataService:205 - AVERAGE_YIELD - 00000000 -8
2022-12-23 14:03:50.505 [main] INFO  scrips.datamigration.csv.service.SssSecuritiesFileDataService:205 - CUTOFF_YIELD - 00000000 -8
2022-12-23 14:03:50.505 [main] INFO  scrips.datamigration.csv.service.SssSecuritiesFileDataService:205 - AVERAGE_YIELD_PRICE - 00000000 -8
2022-12-23 14:03:50.506 [main] INFO  scrips.datamigration.csv.service.SssSecuritiesFileDataService:205 - CUTOFF_YIELD_PRICE - 00000000 -8
2022-12-23 14:03:50.506 [main] INFO  scrips.datamigration.csv.service.SssSecuritiesFileDataService:205 - RE_OPENING_MAS_APPLIED_AMOUNT - 000000000000000 -15
2022-12-23 14:03:50.506 [main] INFO  scrips.datamigration.csv.service.SssSecuritiesFileDataService:205 - TOTAL_REDEEMED_AMOUNT - 000000000000000 -15
2022-12-23 14:03:50.507 [main] INFO  scrips.datamigration.csv.service.SssSecuritiesFileDataService:205 - ISIN_SUB_TYPE - NA -2
2022-12-23 14:03:50.528 [main] DEBUG org.hibernate.SQL:128 - insert into securities_file_data (ISIN_CODE, AMOUNT_ALLOCATED_TO_MAS, AMOUNT_ALLOCATED_TO_OTHERS, AUCTION_DATE, AVERAGE_YIELD, AVERAGE_YIELD_PRICE, COUPON_PAYMENT_FREQUENCY, COUPON_RATE, CREDIT_RATING, CURRENCY_CODE, CUTOFF_YIELD, CUTOFF_YIELD_PRICE, DAYS_OF_ACCRUED_INTEREST, DENOMINATION, DESCRIPTION, ELIGIBLE_FOR_ILF, EX_DATE, EX_DATE_PERIOD, FIRST_ISSUANCE_AMOUNT, FIRST_ISSUANCE_DATE, HAIRCUT_PERCENTAGE_FOR_ILF, ILF_HAIRCUT_SETTING, ISIN_STATUS, ISIN_SUB_TYPE, ISIN_TYPE, ISSUE_CODE, LAST_COUPON_DATE, MAS_APPLIED_AMOUNT, MATURITY_DATE, NEXT_COUPON_DATE, OPTIONAL_COUPON_DATE, OPTIONAL_MATURITY_DATE, OUTSTANDING_NOMINAL_AMOUNT, RE_OPENING_ALLOTMENT_DATE, RE_OPENING_AUCTION_DATE, RE_OPENING_MAS_APPLIED_AMOUNT, RE_OPENING_TOTAL_ALLOTMENT_AMOUNT, REDEMPTION_PRICE, TAXABLE, TENURE, TOTAL_ISSUED_AMOUNT, TOTAL_REDEEMED_AMOUNT, TRADABLE, UNIT_SIZE) values (?, ?, ?, ?, ?, ?, ?, ?, ?, ?, ?, ?, ?, ?, ?, ?, ?, ?, ?, ?, ?, ?, ?, ?, ?, ?, ?, ?, ?, ?, ?, ?, ?, ?, ?, ?, ?, ?, ?, ?, ?, ?, ?, ?)
2022-12-23 14:03:50.598 [main] INFO  scrips.datamigration.csv.service.SssSecuritiesFileDataService:205 - ISIN_CODE - NSBONDMAY002 -12
2022-12-23 14:03:50.599 [main] INFO  scrips.datamigration.csv.service.SssSecuritiesFileDataService:205 - DESCRIPTION - NS BOND 3YR 2021 - 2024 NS21002A -32
2022-12-23 14:03:50.599 [main] INFO  scrips.datamigration.csv.service.SssSecuritiesFileDataService:205 - ISIN_TYPE - BN -2
2022-12-23 14:03:50.600 [main] INFO  scrips.datamigration.csv.service.SssSecuritiesFileDataService:205 - ISSUE_CODE - NS21002A -8
2022-12-23 14:03:50.600 [main] INFO  scrips.datamigration.csv.service.SssSecuritiesFileDataService:205 - ISIN_STATUS - A -1
2022-12-23 14:03:50.600 [main] INFO  scrips.datamigration.csv.service.SssSecuritiesFileDataService:205 - TAXABLE - Y -1
2022-12-23 14:03:50.600 [main] INFO  scrips.datamigration.csv.service.SssSecuritiesFileDataService:205 - TRADABLE - Y -1
2022-12-23 14:03:50.601 [main] INFO  scrips.datamigration.csv.service.SssSecuritiesFileDataService:205 - CREDIT_RATING - AAA -3
2022-12-23 14:03:50.601 [main] INFO  scrips.datamigration.csv.service.SssSecuritiesFileDataService:205 - ELIGIBLE_FOR_ILF - Y -1
2022-12-23 14:03:50.601 [main] INFO  scrips.datamigration.csv.service.SssSecuritiesFileDataService:205 - ILF_HAIRCUT_SETTING - A -1
2022-12-23 14:03:50.601 [main] INFO  scrips.datamigration.csv.service.SssSecuritiesFileDataService:205 - HAIRCUT_PERCENTAGE_FOR_ILF - 00100000 -8
2022-12-23 14:03:50.601 [main] INFO  scrips.datamigration.csv.service.SssSecuritiesFileDataService:205 - MATURITY_DATE - 20240531 -8
2022-12-23 14:03:50.601 [main] INFO  scrips.datamigration.csv.service.SssSecuritiesFileDataService:205 - OPTIONAL_MATURITY_DATE -  -0
2022-12-23 14:03:50.602 [main] INFO  scrips.datamigration.csv.service.SssSecuritiesFileDataService:205 - AUCTION_DATE - 20210505 -8
2022-12-23 14:03:50.602 [main] INFO  scrips.datamigration.csv.service.SssSecuritiesFileDataService:205 - FIRST_ISSUANCE_DATE - 20210506 -8
2022-12-23 14:03:50.602 [main] INFO  scrips.datamigration.csv.service.SssSecuritiesFileDataService:205 - FIRST_ISSUANCE_AMOUNT - 000000000100000 -15
2022-12-23 14:03:50.602 [main] INFO  scrips.datamigration.csv.service.SssSecuritiesFileDataService:205 - RE_OPENING_AUCTION_DATE - 20210514 -8
2022-12-23 14:03:50.602 [main] INFO  scrips.datamigration.csv.service.SssSecuritiesFileDataService:205 - RE_OPENING_ALLOTMENT_DATE - 20210517 -8
2022-12-23 14:03:50.602 [main] INFO  scrips.datamigration.csv.service.SssSecuritiesFileDataService:205 - RE_OPENING_TOTAL_ALLOTMENT_AMOUNT - 000000000500000 -15
2022-12-23 14:03:50.602 [main] INFO  scrips.datamigration.csv.service.SssSecuritiesFileDataService:205 - TOTAL_ISSUED_AMOUNT - 000000000100000 -15
2022-12-23 14:03:50.603 [main] INFO  scrips.datamigration.csv.service.SssSecuritiesFileDataService:205 - OUTSTANDING_NOMINAL_AMOUNT - 000000000100000 -15
2022-12-23 14:03:50.603 [main] INFO  scrips.datamigration.csv.service.SssSecuritiesFileDataService:205 - AMOUNT_ALLOCATED_TO_MAS - 000000000000000 -15
2022-12-23 14:03:50.603 [main] INFO  scrips.datamigration.csv.service.SssSecuritiesFileDataService:205 - AMOUNT_ALLOCATED_TO_OTHERS - 000000000100000 -15
2022-12-23 14:03:50.603 [main] INFO  scrips.datamigration.csv.service.SssSecuritiesFileDataService:205 - MAS_APPLIED_AMOUNT - 000000000010000 -15
2022-12-23 14:03:50.603 [main] INFO  scrips.datamigration.csv.service.SssSecuritiesFileDataService:205 - UNIT_SIZE - 1000 -4
2022-12-23 14:03:50.603 [main] INFO  scrips.datamigration.csv.service.SssSecuritiesFileDataService:205 - DENOMINATION - 000000000001000 -15
2022-12-23 14:03:50.604 [main] INFO  scrips.datamigration.csv.service.SssSecuritiesFileDataService:205 - CURRENCY_CODE - SGD -3
2022-12-23 14:03:50.604 [main] INFO  scrips.datamigration.csv.service.SssSecuritiesFileDataService:205 - REDEMPTION_PRICE - 10000000 -8
2022-12-23 14:03:50.604 [main] INFO  scrips.datamigration.csv.service.SssSecuritiesFileDataService:205 - COUPON_RATE - 00215000 -8
2022-12-23 14:03:50.604 [main] INFO  scrips.datamigration.csv.service.SssSecuritiesFileDataService:205 - EX_DATE_PERIOD - 3 -1
2022-12-23 14:03:50.604 [main] INFO  scrips.datamigration.csv.service.SssSecuritiesFileDataService:205 - EX_DATE - 20230525 -8
2022-12-23 14:03:50.604 [main] INFO  scrips.datamigration.csv.service.SssSecuritiesFileDataService:205 - COUPON_PAYMENT_FREQUENCY - S -1
2022-12-23 14:03:50.605 [main] INFO  scrips.datamigration.csv.service.SssSecuritiesFileDataService:205 - LAST_COUPON_DATE - 20221130 -8
2022-12-23 14:03:50.605 [main] INFO  scrips.datamigration.csv.service.SssSecuritiesFileDataService:205 - NEXT_COUPON_DATE - 20230530 -8
2022-12-23 14:03:50.605 [main] INFO  scrips.datamigration.csv.service.SssSecuritiesFileDataService:205 - OPTIONAL_COUPON_DATE - 20210531 -8
2022-12-23 14:03:50.605 [main] INFO  scrips.datamigration.csv.service.SssSecuritiesFileDataService:205 - DAYS_OF_ACCRUED_INTEREST - 181 -3
2022-12-23 14:03:50.605 [main] INFO  scrips.datamigration.csv.service.SssSecuritiesFileDataService:205 - TENURE - 005 -3
2022-12-23 14:03:50.606 [main] INFO  scrips.datamigration.csv.service.SssSecuritiesFileDataService:205 - AVERAGE_YIELD - 00000000 -8
2022-12-23 14:03:50.606 [main] INFO  scrips.datamigration.csv.service.SssSecuritiesFileDataService:205 - CUTOFF_YIELD - 00000000 -8
2022-12-23 14:03:50.606 [main] INFO  scrips.datamigration.csv.service.SssSecuritiesFileDataService:205 - AVERAGE_YIELD_PRICE - 00000000 -8
2022-12-23 14:03:50.606 [main] INFO  scrips.datamigration.csv.service.SssSecuritiesFileDataService:205 - CUTOFF_YIELD_PRICE - 00000000 -8
2022-12-23 14:03:50.606 [main] INFO  scrips.datamigration.csv.service.SssSecuritiesFileDataService:205 - RE_OPENING_MAS_APPLIED_AMOUNT - 000000000250000 -15
2022-12-23 14:03:50.606 [main] INFO  scrips.datamigration.csv.service.SssSecuritiesFileDataService:205 - TOTAL_REDEEMED_AMOUNT - 000000000000000 -15
2022-12-23 14:03:50.607 [main] INFO  scrips.datamigration.csv.service.SssSecuritiesFileDataService:205 - ISIN_SUB_TYPE - NA -2
2022-12-23 14:03:50.627 [main] DEBUG org.hibernate.SQL:128 - insert into securities_file_data (ISIN_CODE, AMOUNT_ALLOCATED_TO_MAS, AMOUNT_ALLOCATED_TO_OTHERS, AUCTION_DATE, AVERAGE_YIELD, AVERAGE_YIELD_PRICE, COUPON_PAYMENT_FREQUENCY, COUPON_RATE, CREDIT_RATING, CURRENCY_CODE, CUTOFF_YIELD, CUTOFF_YIELD_PRICE, DAYS_OF_ACCRUED_INTEREST, DENOMINATION, DESCRIPTION, ELIGIBLE_FOR_ILF, EX_DATE, EX_DATE_PERIOD, FIRST_ISSUANCE_AMOUNT, FIRST_ISSUANCE_DATE, HAIRCUT_PERCENTAGE_FOR_ILF, ILF_HAIRCUT_SETTING, ISIN_STATUS, ISIN_SUB_TYPE, ISIN_TYPE, ISSUE_CODE, LAST_COUPON_DATE, MAS_APPLIED_AMOUNT, MATURITY_DATE, NEXT_COUPON_DATE, OPTIONAL_COUPON_DATE, OPTIONAL_MATURITY_DATE, OUTSTANDING_NOMINAL_AMOUNT, RE_OPENING_ALLOTMENT_DATE, RE_OPENING_AUCTION_DATE, RE_OPENING_MAS_APPLIED_AMOUNT, RE_OPENING_TOTAL_ALLOTMENT_AMOUNT, REDEMPTION_PRICE, TAXABLE, TENURE, TOTAL_ISSUED_AMOUNT, TOTAL_REDEEMED_AMOUNT, TRADABLE, UNIT_SIZE) values (?, ?, ?, ?, ?, ?, ?, ?, ?, ?, ?, ?, ?, ?, ?, ?, ?, ?, ?, ?, ?, ?, ?, ?, ?, ?, ?, ?, ?, ?, ?, ?, ?, ?, ?, ?, ?, ?, ?, ?, ?, ?, ?, ?)
2022-12-23 14:03:50.709 [main] INFO  scrips.datamigration.csv.service.SssSecuritiesFileDataService:258 - Total records in File: {}9
2022-12-23 14:03:50.710 [main] INFO  scrips.datamigration.controller.ScripsFileUploadController:177 - fileRecords - AUTOSFNEWP99|20221201|10000000|AUTOSFNP
2022-12-23 14:03:50.710 [main] INFO  scrips.datamigration.controller.ScripsFileUploadController:177 - fileRecords - BCSISMBIL001||10000000|BN2005M
2022-12-23 14:03:50.710 [main] INFO  scrips.datamigration.controller.ScripsFileUploadController:177 - fileRecords - BCSISTEST012||10000000|N999012M
2022-12-23 14:03:50.711 [main] INFO  scrips.datamigration.controller.ScripsFileUploadController:177 - fileRecords - MEPSUAT00016|20221022|10000000|GX16501W
2022-12-23 14:03:50.711 [main] INFO  scrips.datamigration.controller.ScripsFileUploadController:177 - fileRecords - MEPSUAT00024|20221025|10000000|GX16502N
2022-12-23 14:03:50.711 [main] INFO  scrips.datamigration.controller.ScripsFileUploadController:177 - fileRecords - MEPSUAT00032|20221103|10000000|GX16503V
2022-12-23 14:03:50.711 [main] INFO  scrips.datamigration.controller.ScripsFileUploadController:177 - fileRecords - NPTESTSCREEN||10000000|NY15046C
2022-12-23 14:03:50.711 [main] INFO  scrips.datamigration.controller.ScripsFileUploadController:177 - fileRecords - NSBONDMAY002|20221130|10000000|NS21002A
2022-12-23 14:03:50.711 [main] INFO  scrips.datamigration.controller.ScripsFileUploadController:179 - 1:securities_code
2022-12-23 14:03:50.711 [main] INFO  scrips.datamigration.controller.ScripsFileUploadController:179 - 2:pricing_date
2022-12-23 14:03:50.712 [main] INFO  scrips.datamigration.controller.ScripsFileUploadController:179 - 3:price
2022-12-23 14:03:50.712 [main] INFO  scrips.datamigration.controller.ScripsFileUploadController:179 - 4:issue_code
2022-12-23 14:03:50.737 [main] DEBUG org.hibernate.SQL:128 - insert into securities_price_source (action, approval_remark, approved_by, approved_date, created_date, description, effective_date, id, issue_code, modified_by, modified_date, price, pricing_date, pricing_type, remarks, securities_code, status, workflow_status_id) values (?, ?, ?, ?, ?, ?, ?, ?, ?, ?, ?, ?, ?, ?, ?, ?, ?, ?)
2022-12-23 14:03:50.839 [main] DEBUG org.hibernate.SQL:128 - insert into securities_price_source (action, approval_remark, approved_by, approved_date, created_date, description, effective_date, id, issue_code, modified_by, modified_date, price, pricing_date, pricing_type, remarks, securities_code, status, workflow_status_id) values (?, ?, ?, ?, ?, ?, ?, ?, ?, ?, ?, ?, ?, ?, ?, ?, ?, ?)
2022-12-23 14:03:50.941 [main] DEBUG org.hibernate.SQL:128 - insert into securities_price_source (action, approval_remark, approved_by, approved_date, created_date, description, effective_date, id, issue_code, modified_by, modified_date, price, pricing_date, pricing_type, remarks, securities_code, status, workflow_status_id) values (?, ?, ?, ?, ?, ?, ?, ?, ?, ?, ?, ?, ?, ?, ?, ?, ?, ?)
2022-12-23 14:03:51.032 [main] DEBUG org.hibernate.SQL:128 - insert into securities_price_source (action, approval_remark, approved_by, approved_date, created_date, description, effective_date, id, issue_code, modified_by, modified_date, price, pricing_date, pricing_type, remarks, securities_code, status, workflow_status_id) values (?, ?, ?, ?, ?, ?, ?, ?, ?, ?, ?, ?, ?, ?, ?, ?, ?, ?)
2022-12-23 14:03:51.119 [main] DEBUG org.hibernate.SQL:128 - insert into securities_price_source (action, approval_remark, approved_by, approved_date, created_date, description, effective_date, id, issue_code, modified_by, modified_date, price, pricing_date, pricing_type, remarks, securities_code, status, workflow_status_id) values (?, ?, ?, ?, ?, ?, ?, ?, ?, ?, ?, ?, ?, ?, ?, ?, ?, ?)
2022-12-23 14:03:51.205 [main] DEBUG org.hibernate.SQL:128 - insert into securities_price_source (action, approval_remark, approved_by, approved_date, created_date, description, effective_date, id, issue_code, modified_by, modified_date, price, pricing_date, pricing_type, remarks, securities_code, status, workflow_status_id) values (?, ?, ?, ?, ?, ?, ?, ?, ?, ?, ?, ?, ?, ?, ?, ?, ?, ?)
2022-12-23 14:03:51.299 [main] DEBUG org.hibernate.SQL:128 - insert into securities_price_source (action, approval_remark, approved_by, approved_date, created_date, description, effective_date, id, issue_code, modified_by, modified_date, price, pricing_date, pricing_type, remarks, securities_code, status, workflow_status_id) values (?, ?, ?, ?, ?, ?, ?, ?, ?, ?, ?, ?, ?, ?, ?, ?, ?, ?)
2022-12-23 14:03:51.389 [main] DEBUG org.hibernate.SQL:128 - insert into securities_price_source (action, approval_remark, approved_by, approved_date, created_date, description, effective_date, id, issue_code, modified_by, modified_date, price, pricing_date, pricing_type, remarks, securities_code, status, workflow_status_id) values (?, ?, ?, ?, ?, ?, ?, ?, ?, ?, ?, ?, ?, ?, ?, ?, ?, ?)
2022-12-23 14:03:51.462 [main] INFO  scrips.datamigration.rtgs.service.AccountPositionService:130 - Total records in File: {}8
2022-12-23 14:03:51.715 [main] DEBUG org.hibernate.SQL:128 - select jpauser0_.id as id1_64_, jpauser0_.access_level as access_l2_64_, jpauser0_.action as action3_64_, jpauser0_.approval_remark as approval4_64_, jpauser0_.approved_by as approved5_64_, jpauser0_.approved_date as approved6_64_, jpauser0_.created_date as created_7_64_, jpauser0_.currency_code as currency8_64_, jpauser0_.effective_date as effectiv9_64_, jpauser0_.email as email10_64_, jpauser0_.first_activation_date as first_a11_64_, jpauser0_.last_login_datetime as last_lo12_64_, jpauser0_.login_attempts as login_a13_64_, jpauser0_.member_id as member_14_64_, jpauser0_.modified_by as modifie15_64_, jpauser0_.modified_date as modifie16_64_, jpauser0_.name as name17_64_, jpauser0_.password as passwor18_64_, jpauser0_.password_expiry_date as passwor19_64_, jpauser0_.phone_no as phone_n20_64_, jpauser0_.status as status21_64_, jpauser0_.swift_net_id as swift_n22_64_, jpauser0_.user_id as user_id23_64_, jpauser0_.user_status as user_st24_64_, jpauser0_.workflow_status_id as workflo25_64_ from user jpauser0_ where jpauser0_.name=?
2022-12-23 14:03:51.762 [main] INFO  scrips.datamigration.common.service.FkChecksEnableDisable:23 - enable FkChecks called
2022-12-23 14:03:51.762 [main] DEBUG org.hibernate.SQL:128 - SET FOREIGN_KEY_CHECKS = 1
2022-12-23 14:03:51.782 [main] INFO  scrips.datamigration.common.service.FkChecksEnableDisable:25 - enable FkChecks done
2022-12-23 14:03:51.823 [main] DEBUG org.hibernate.SQL:128 - SELECT @@GLOBAL.foreign_key_checks, @@SESSION.foreign_key_checks
2022-12-23 14:03:51.851 [main] INFO  scrips.datamigration.common.service.FkChecksEnableDisable:52 - foreign_key_checks status - 1
2022-12-23 14:03:51.931 [SpringContextShutdownHook] INFO  org.springframework.orm.jpa.LocalContainerEntityManagerFactoryBean:598 - Closing JPA EntityManagerFactory for persistence unit 'data'
2022-12-23 14:03:51.937 [SpringContextShutdownHook] INFO  com.zaxxer.hikari.HikariDataSource:350 - HikariPool-1 - Shutdown initiated...
2022-12-23 14:03:51.972 [SpringContextShutdownHook] INFO  com.zaxxer.hikari.HikariDataSource:352 - HikariPool-1 - Shutdown completed.
