2022-12-22 15:00:11.742 [main] INFO  scrips.datamigration.App:55 - Starting App on WSIN181 with PID 1492 (D:\DataMigrationNEW\DATA_MIGRATION_RTGS\DataMigrationAndExtract\DataMigration\target\classes started by SheikKhadeer in D:\DataMigrationNEW\DATA_MIGRATION_RTGS\DataMigrationAndExtract\DataMigration)
2022-12-22 15:00:11.756 [main] INFO  scrips.datamigration.App:651 - No active profile set, falling back to default profiles: app
2022-12-22 15:00:13.082 [main] INFO  org.springframework.data.repository.config.RepositoryConfigurationDelegate:127 - Bootstrapping Spring Data JPA repositories in DEFAULT mode.
2022-12-22 15:00:13.734 [main] INFO  org.springframework.data.repository.config.RepositoryConfigurationDelegate:187 - Finished Spring Data repository scanning in 638ms. Found 66 JPA repository interfaces.
2022-12-22 15:00:14.243 [main] INFO  com.ulisesbocchio.jasyptspringboot.configuration.EnableEncryptablePropertiesBeanFactoryPostProcessor:39 - Post-processing PropertySource instances
2022-12-22 15:00:14.279 [main] INFO  com.ulisesbocchio.jasyptspringboot.EncryptablePropertySourceConverter:56 - Converting PropertySource configurationProperties [org.springframework.boot.context.properties.source.ConfigurationPropertySourcesPropertySource] to AOP Proxy
2022-12-22 15:00:14.280 [main] INFO  com.ulisesbocchio.jasyptspringboot.EncryptablePropertySourceConverter:56 - Converting PropertySource commandLineArgs [org.springframework.core.env.SimpleCommandLinePropertySource] to EncryptableEnumerablePropertySourceWrapper
2022-12-22 15:00:14.280 [main] INFO  com.ulisesbocchio.jasyptspringboot.EncryptablePropertySourceConverter:56 - Converting PropertySource systemProperties [org.springframework.core.env.PropertiesPropertySource] to EncryptableMapPropertySourceWrapper
2022-12-22 15:00:14.281 [main] INFO  com.ulisesbocchio.jasyptspringboot.EncryptablePropertySourceConverter:56 - Converting PropertySource systemEnvironment [org.springframework.boot.env.SystemEnvironmentPropertySourceEnvironmentPostProcessor$OriginAwareSystemEnvironmentPropertySource] to EncryptableSystemEnvironmentPropertySourceWrapper
2022-12-22 15:00:14.281 [main] INFO  com.ulisesbocchio.jasyptspringboot.EncryptablePropertySourceConverter:56 - Converting PropertySource random [org.springframework.boot.env.RandomValuePropertySource] to EncryptablePropertySourceWrapper
2022-12-22 15:00:14.281 [main] INFO  com.ulisesbocchio.jasyptspringboot.EncryptablePropertySourceConverter:56 - Converting PropertySource applicationConfig: [file:./config/application.properties] [org.springframework.boot.env.OriginTrackedMapPropertySource] to EncryptableMapPropertySourceWrapper
2022-12-22 15:00:14.282 [main] INFO  com.ulisesbocchio.jasyptspringboot.EncryptablePropertySourceConverter:56 - Converting PropertySource applicationConfig: [classpath:/application.properties] [org.springframework.boot.env.OriginTrackedMapPropertySource] to EncryptableMapPropertySourceWrapper
2022-12-22 15:00:14.282 [main] INFO  com.ulisesbocchio.jasyptspringboot.EncryptablePropertySourceConverter:56 - Converting PropertySource DataMigrationProperties [org.springframework.core.env.MapPropertySource] to EncryptableMapPropertySourceWrapper
2022-12-22 15:00:14.413 [main] INFO  com.ulisesbocchio.jasyptspringboot.filter.DefaultLazyPropertyFilter:31 - Property Filter custom Bean not found with name 'encryptablePropertyFilter'. Initializing Default Property Filter
2022-12-22 15:00:14.551 [main] INFO  com.ulisesbocchio.jasyptspringboot.resolver.DefaultLazyPropertyResolver:35 - Property Resolver custom Bean not found with name 'encryptablePropertyResolver'. Initializing Default Property Resolver
2022-12-22 15:00:14.554 [main] INFO  com.ulisesbocchio.jasyptspringboot.detector.DefaultLazyPropertyDetector:35 - Property Detector custom Bean not found with name 'encryptablePropertyDetector'. Initializing Default Property Detector
2022-12-22 15:00:14.565 [main] INFO  com.ulisesbocchio.jasyptspringboot.encryptor.DefaultLazyEncryptor:37 - String Encryptor custom Bean not found with name 'jasyptStringEncryptor'. Initializing Default String Encryptor
2022-12-22 15:00:14.591 [main] INFO  com.ulisesbocchio.jasyptspringboot.configuration.StringEncryptorBuilder:81 - Encryptor config not found for property jasypt.encryptor.key-obtention-iterations, using default value: 1000
2022-12-22 15:00:14.592 [main] INFO  com.ulisesbocchio.jasyptspringboot.configuration.StringEncryptorBuilder:81 - Encryptor config not found for property jasypt.encryptor.pool-size, using default value: 1
2022-12-22 15:00:14.593 [main] INFO  com.ulisesbocchio.jasyptspringboot.configuration.StringEncryptorBuilder:81 - Encryptor config not found for property jasypt.encryptor.provider-name, using default value: null
2022-12-22 15:00:14.593 [main] INFO  com.ulisesbocchio.jasyptspringboot.configuration.StringEncryptorBuilder:81 - Encryptor config not found for property jasypt.encryptor.provider-class-name, using default value: null
2022-12-22 15:00:14.594 [main] INFO  com.ulisesbocchio.jasyptspringboot.configuration.StringEncryptorBuilder:81 - Encryptor config not found for property jasypt.encryptor.salt-generator-classname, using default value: org.jasypt.salt.RandomSaltGenerator
2022-12-22 15:00:14.596 [main] INFO  com.ulisesbocchio.jasyptspringboot.configuration.StringEncryptorBuilder:81 - Encryptor config not found for property jasypt.encryptor.string-output-type, using default value: base64
2022-12-22 15:00:14.877 [main] INFO  org.hibernate.jpa.internal.util.LogHelper:31 - HHH000204: Processing PersistenceUnitInfo [name: data]
2022-12-22 15:00:14.965 [main] INFO  org.hibernate.Version:44 - HHH000412: Hibernate ORM core version 5.4.15.Final
2022-12-22 15:00:15.277 [main] INFO  org.hibernate.annotations.common.Version:49 - HCANN000001: Hibernate Commons Annotations {5.1.0.Final}
2022-12-22 15:00:16.139 [main] INFO  com.zaxxer.hikari.HikariDataSource:110 - HikariPool-1 - Starting...
2022-12-22 15:00:16.515 [main] INFO  com.zaxxer.hikari.HikariDataSource:123 - HikariPool-1 - Start completed.
2022-12-22 15:00:16.563 [main] INFO  org.hibernate.dialect.Dialect:172 - HHH000400: Using dialect: org.hibernate.dialect.MySQL8Dialect
2022-12-22 15:00:16.708 [main] INFO  org.hibernate.envers.boot.internal.EnversServiceImpl:90 - Envers integration enabled? : true
2022-12-22 15:00:19.518 [main] INFO  org.hibernate.engine.transaction.jta.platform.internal.JtaPlatformInitiator:52 - HHH000490: Using JtaPlatform implementation: [org.hibernate.engine.transaction.jta.platform.internal.NoJtaPlatform]
2022-12-22 15:00:19.528 [main] INFO  org.springframework.orm.jpa.LocalContainerEntityManagerFactoryBean:416 - Initialized JPA EntityManagerFactory for persistence unit 'data'
2022-12-22 15:00:22.203 [main] INFO  scrips.datamigration.App:61 - Started App in 11.293 seconds (JVM running for 13.078)
2022-12-22 15:00:22.260 [main] INFO  scrips.datamigration.common.service.FkChecksEnableDisable:36 - disable FkChecks called
2022-12-22 15:00:22.295 [main] DEBUG org.hibernate.SQL:128 - SET FOREIGN_KEY_CHECKS = 0
2022-12-22 15:00:22.333 [main] INFO  scrips.datamigration.common.service.FkChecksEnableDisable:38 - disable FkChecks done
2022-12-22 15:00:22.407 [main] DEBUG org.hibernate.SQL:128 - SELECT @@GLOBAL.foreign_key_checks, @@SESSION.foreign_key_checks
2022-12-22 15:00:22.439 [main] INFO  scrips.datamigration.common.service.FkChecksEnableDisable:52 - foreign_key_checks status - 0
2022-12-22 15:00:22.443 [main] INFO  scrips.datamigration.controller.ScripsFileUploadController:159 - fileUploadCode - SSS_SECURITIES_CODE_FILE_UPLOAD
2022-12-22 15:00:22.444 [main] INFO  scrips.datamigration.common.service.FileUploadService:115 - getFileHeaderByCode entered
2022-12-22 15:00:22.445 [main] INFO  scrips.datamigration.common.service.FileUploadService:121 - fileUpldHeaderOut - securities_code
2022-12-22 15:00:22.445 [main] INFO  scrips.datamigration.controller.ScripsFileUploadController:163 - Live table name ->securities_code
2022-12-22 15:00:22.446 [main] INFO  scrips.datamigration.csv.service.SssSecuritiesFileDataService:41 - Live table name ->securities_file_data
2022-12-22 15:00:22.446 [main] INFO  scrips.datamigration.csv.service.SssSecuritiesFileDataService:42 - ftp status n
2022-12-22 15:00:22.460 [main] INFO  scrips.datamigration.csv.service.SssSecuritiesFileDataService:70 - fileSourceData - ISIN Code;Description;ISIN Type;Issue Code;ISIN Status;Taxable;Tradable;Credit Rating;Eligible for ILF;ILF Haircut Setting;Haircut Percentage for ILF;Maturity Date;Optional Maturity Date;Auction Date;First Issuance Date;First Issuance Amount;Re-Opening - Auction Date;Re-Opening - Allotment Date;Re-Opening - Total Allotment Amount;Total Issued Amount;Outstanding Nominal Amount;Amount Allocated to MAS;Amount Allocated to Others;MAS Applied Amount;Unit Size;Denomination;Currency Code;Redemption Price;Coupon Rate;Ex-date Period;Ex-date;Coupon Payment Frequency;Last Coupon Date;Next Coupon Date;Optional Coupon Date;Days of Accrued Interest;Tenure;Average Yield;Cutoff Yield;Average Yield Price;Cutoff Yield Price;Re-Opening - MAS Applied Amount;Total Redeemed Amount;ISIN Sub Type
2022-12-22 15:00:22.461 [main] INFO  scrips.datamigration.csv.service.SssSecuritiesFileDataService:70 - fileSourceData - NSBONDMAY003;NS BOND 10YR 2021 - 2024 NS21002A;BN;M121003A;A;Y;Y;AAA;Y;A;00200000;20310530; ;20210505;20210506;000000000100000; ; ;000000000000000;000000000100000;000000000100000;000000000000000;000000000100000;000000000010000;1000;000000000001000;SGD;10000000;00115000;3;20230525;S;20221130;20230530;20210531;181;010;00000000;00000000;00000000;00000000;000000000000000;000000000000000;NA
2022-12-22 15:00:22.461 [main] INFO  scrips.datamigration.csv.service.SssSecuritiesFileDataService:72 - Headings - 1:ISIN_CODE
2022-12-22 15:00:22.462 [main] INFO  scrips.datamigration.csv.service.SssSecuritiesFileDataService:72 - Headings - 2:DESCRIPTION
2022-12-22 15:00:22.462 [main] INFO  scrips.datamigration.csv.service.SssSecuritiesFileDataService:72 - Headings - 3:ISIN_TYPE
2022-12-22 15:00:22.462 [main] INFO  scrips.datamigration.csv.service.SssSecuritiesFileDataService:72 - Headings - 4:ISSUE_CODE
2022-12-22 15:00:22.462 [main] INFO  scrips.datamigration.csv.service.SssSecuritiesFileDataService:72 - Headings - 5:ISIN_STATUS
2022-12-22 15:00:22.462 [main] INFO  scrips.datamigration.csv.service.SssSecuritiesFileDataService:72 - Headings - 6:TAXABLE
2022-12-22 15:00:22.462 [main] INFO  scrips.datamigration.csv.service.SssSecuritiesFileDataService:72 - Headings - 7:TRADABLE
2022-12-22 15:00:22.462 [main] INFO  scrips.datamigration.csv.service.SssSecuritiesFileDataService:72 - Headings - 8:CREDIT_RATING
2022-12-22 15:00:22.463 [main] INFO  scrips.datamigration.csv.service.SssSecuritiesFileDataService:72 - Headings - 9:ELIGIBLE_FOR_ILF
2022-12-22 15:00:22.463 [main] INFO  scrips.datamigration.csv.service.SssSecuritiesFileDataService:72 - Headings - 10:ILF_HAIRCUT_SETTING
2022-12-22 15:00:22.463 [main] INFO  scrips.datamigration.csv.service.SssSecuritiesFileDataService:72 - Headings - 11:HAIRCUT_PERCENTAGE_FOR_ILF
2022-12-22 15:00:22.463 [main] INFO  scrips.datamigration.csv.service.SssSecuritiesFileDataService:72 - Headings - 12:MATURITY_DATE
2022-12-22 15:00:22.463 [main] INFO  scrips.datamigration.csv.service.SssSecuritiesFileDataService:72 - Headings - 13:OPTIONAL_MATURITY_DATE
2022-12-22 15:00:22.463 [main] INFO  scrips.datamigration.csv.service.SssSecuritiesFileDataService:72 - Headings - 14:AUCTION_DATE
2022-12-22 15:00:22.463 [main] INFO  scrips.datamigration.csv.service.SssSecuritiesFileDataService:72 - Headings - 15:FIRST_ISSUANCE_DATE
2022-12-22 15:00:22.464 [main] INFO  scrips.datamigration.csv.service.SssSecuritiesFileDataService:72 - Headings - 16:FIRST_ISSUANCE_AMOUNT
2022-12-22 15:00:22.464 [main] INFO  scrips.datamigration.csv.service.SssSecuritiesFileDataService:72 - Headings - 17:RE_OPENING_AUCTION_DATE
2022-12-22 15:00:22.464 [main] INFO  scrips.datamigration.csv.service.SssSecuritiesFileDataService:72 - Headings - 18:RE_OPENING_ALLOTMENT_DATE
2022-12-22 15:00:22.465 [main] INFO  scrips.datamigration.csv.service.SssSecuritiesFileDataService:72 - Headings - 19:RE_OPENING_TOTAL_ALLOTMENT_AMOUNT
2022-12-22 15:00:22.465 [main] INFO  scrips.datamigration.csv.service.SssSecuritiesFileDataService:72 - Headings - 20:TOTAL_ISSUED_AMOUNT
2022-12-22 15:00:22.465 [main] INFO  scrips.datamigration.csv.service.SssSecuritiesFileDataService:72 - Headings - 21:OUTSTANDING_NOMINAL_AMOUNT
2022-12-22 15:00:22.465 [main] INFO  scrips.datamigration.csv.service.SssSecuritiesFileDataService:72 - Headings - 22:AMOUNT_ALLOCATED_TO_MAS
2022-12-22 15:00:22.465 [main] INFO  scrips.datamigration.csv.service.SssSecuritiesFileDataService:72 - Headings - 23:AMOUNT_ALLOCATED_TO_OTHERS
2022-12-22 15:00:22.466 [main] INFO  scrips.datamigration.csv.service.SssSecuritiesFileDataService:72 - Headings - 24:MAS_APPLIED_AMOUNT
2022-12-22 15:00:22.466 [main] INFO  scrips.datamigration.csv.service.SssSecuritiesFileDataService:72 - Headings - 25:UNIT_SIZE
2022-12-22 15:00:22.466 [main] INFO  scrips.datamigration.csv.service.SssSecuritiesFileDataService:72 - Headings - 26:DENOMINATION
2022-12-22 15:00:22.466 [main] INFO  scrips.datamigration.csv.service.SssSecuritiesFileDataService:72 - Headings - 27:CURRENCY_CODE
2022-12-22 15:00:22.466 [main] INFO  scrips.datamigration.csv.service.SssSecuritiesFileDataService:72 - Headings - 28:REDEMPTION_PRICE
2022-12-22 15:00:22.467 [main] INFO  scrips.datamigration.csv.service.SssSecuritiesFileDataService:72 - Headings - 29:COUPON_RATE
2022-12-22 15:00:22.467 [main] INFO  scrips.datamigration.csv.service.SssSecuritiesFileDataService:72 - Headings - 30:EX_DATE_PERIOD
2022-12-22 15:00:22.467 [main] INFO  scrips.datamigration.csv.service.SssSecuritiesFileDataService:72 - Headings - 31:EX_DATE
2022-12-22 15:00:22.467 [main] INFO  scrips.datamigration.csv.service.SssSecuritiesFileDataService:72 - Headings - 32:COUPON_PAYMENT_FREQUENCY
2022-12-22 15:00:22.467 [main] INFO  scrips.datamigration.csv.service.SssSecuritiesFileDataService:72 - Headings - 33:LAST_COUPON_DATE
2022-12-22 15:00:22.470 [main] INFO  scrips.datamigration.csv.service.SssSecuritiesFileDataService:72 - Headings - 34:NEXT_COUPON_DATE
2022-12-22 15:00:22.470 [main] INFO  scrips.datamigration.csv.service.SssSecuritiesFileDataService:72 - Headings - 35:OPTIONAL_COUPON_DATE
2022-12-22 15:00:22.470 [main] INFO  scrips.datamigration.csv.service.SssSecuritiesFileDataService:72 - Headings - 36:DAYS_OF_ACCRUED_INTEREST
2022-12-22 15:00:22.471 [main] INFO  scrips.datamigration.csv.service.SssSecuritiesFileDataService:72 - Headings - 37:TENURE
2022-12-22 15:00:22.471 [main] INFO  scrips.datamigration.csv.service.SssSecuritiesFileDataService:72 - Headings - 38:AVERAGE_YIELD
2022-12-22 15:00:22.471 [main] INFO  scrips.datamigration.csv.service.SssSecuritiesFileDataService:72 - Headings - 39:CUTOFF_YIELD
2022-12-22 15:00:22.471 [main] INFO  scrips.datamigration.csv.service.SssSecuritiesFileDataService:72 - Headings - 40:AVERAGE_YIELD_PRICE
2022-12-22 15:00:22.472 [main] INFO  scrips.datamigration.csv.service.SssSecuritiesFileDataService:72 - Headings - 41:CUTOFF_YIELD_PRICE
2022-12-22 15:00:22.472 [main] INFO  scrips.datamigration.csv.service.SssSecuritiesFileDataService:72 - Headings - 42:RE_OPENING_MAS_APPLIED_AMOUNT
2022-12-22 15:00:22.472 [main] INFO  scrips.datamigration.csv.service.SssSecuritiesFileDataService:72 - Headings - 43:TOTAL_REDEEMED_AMOUNT
2022-12-22 15:00:22.472 [main] INFO  scrips.datamigration.csv.service.SssSecuritiesFileDataService:72 - Headings - 44:ISIN_SUB_TYPE
2022-12-22 15:00:22.473 [main] INFO  scrips.datamigration.csv.service.SssSecuritiesFileDataService:169 - ISIN_CODE - NSBONDMAY003 -12
2022-12-22 15:00:22.473 [main] INFO  scrips.datamigration.csv.service.SssSecuritiesFileDataService:169 - DESCRIPTION - NS BOND 10YR 2021 - 2024 NS21002A -33
2022-12-22 15:00:22.474 [main] INFO  scrips.datamigration.csv.service.SssSecuritiesFileDataService:169 - ISIN_TYPE - BN -2
2022-12-22 15:00:22.474 [main] INFO  scrips.datamigration.csv.service.SssSecuritiesFileDataService:169 - ISSUE_CODE - M121003A -8
2022-12-22 15:00:22.474 [main] INFO  scrips.datamigration.csv.service.SssSecuritiesFileDataService:169 - ISIN_STATUS - A -1
2022-12-22 15:00:22.474 [main] INFO  scrips.datamigration.csv.service.SssSecuritiesFileDataService:169 - TAXABLE - Y -1
2022-12-22 15:00:22.475 [main] INFO  scrips.datamigration.csv.service.SssSecuritiesFileDataService:169 - TRADABLE - Y -1
2022-12-22 15:00:22.475 [main] INFO  scrips.datamigration.csv.service.SssSecuritiesFileDataService:169 - CREDIT_RATING - AAA -3
2022-12-22 15:00:22.475 [main] INFO  scrips.datamigration.csv.service.SssSecuritiesFileDataService:169 - ELIGIBLE_FOR_ILF - Y -1
2022-12-22 15:00:22.476 [main] INFO  scrips.datamigration.csv.service.SssSecuritiesFileDataService:169 - ILF_HAIRCUT_SETTING - A -1
2022-12-22 15:00:22.476 [main] INFO  scrips.datamigration.csv.service.SssSecuritiesFileDataService:169 - HAIRCUT_PERCENTAGE_FOR_ILF - 00200000 -8
2022-12-22 15:00:22.476 [main] INFO  scrips.datamigration.csv.service.SssSecuritiesFileDataService:169 - MATURITY_DATE - 20310530 -8
2022-12-22 15:00:22.476 [main] INFO  scrips.datamigration.csv.service.SssSecuritiesFileDataService:169 - OPTIONAL_MATURITY_DATE -  -0
2022-12-22 15:00:22.476 [main] INFO  scrips.datamigration.csv.service.SssSecuritiesFileDataService:169 - AUCTION_DATE - 20210505 -8
2022-12-22 15:00:22.476 [main] INFO  scrips.datamigration.csv.service.SssSecuritiesFileDataService:169 - FIRST_ISSUANCE_DATE - 20210506 -8
2022-12-22 15:00:22.477 [main] INFO  scrips.datamigration.csv.service.SssSecuritiesFileDataService:169 - FIRST_ISSUANCE_AMOUNT - 000000000100000 -15
2022-12-22 15:00:22.477 [main] INFO  scrips.datamigration.csv.service.SssSecuritiesFileDataService:169 - RE_OPENING_AUCTION_DATE -  -0
2022-12-22 15:00:22.477 [main] INFO  scrips.datamigration.csv.service.SssSecuritiesFileDataService:169 - RE_OPENING_ALLOTMENT_DATE -  -0
2022-12-22 15:00:22.477 [main] INFO  scrips.datamigration.csv.service.SssSecuritiesFileDataService:169 - RE_OPENING_TOTAL_ALLOTMENT_AMOUNT - 000000000000000 -15
2022-12-22 15:00:22.478 [main] INFO  scrips.datamigration.csv.service.SssSecuritiesFileDataService:169 - TOTAL_ISSUED_AMOUNT - 000000000100000 -15
2022-12-22 15:00:22.478 [main] INFO  scrips.datamigration.csv.service.SssSecuritiesFileDataService:169 - OUTSTANDING_NOMINAL_AMOUNT - 000000000100000 -15
2022-12-22 15:00:22.478 [main] INFO  scrips.datamigration.csv.service.SssSecuritiesFileDataService:169 - AMOUNT_ALLOCATED_TO_MAS - 000000000000000 -15
2022-12-22 15:00:22.478 [main] INFO  scrips.datamigration.csv.service.SssSecuritiesFileDataService:169 - AMOUNT_ALLOCATED_TO_OTHERS - 000000000100000 -15
2022-12-22 15:00:22.478 [main] INFO  scrips.datamigration.csv.service.SssSecuritiesFileDataService:169 - MAS_APPLIED_AMOUNT - 000000000010000 -15
2022-12-22 15:00:22.478 [main] INFO  scrips.datamigration.csv.service.SssSecuritiesFileDataService:169 - UNIT_SIZE - 1000 -4
2022-12-22 15:00:22.479 [main] INFO  scrips.datamigration.csv.service.SssSecuritiesFileDataService:169 - DENOMINATION - 000000000001000 -15
2022-12-22 15:00:22.479 [main] INFO  scrips.datamigration.csv.service.SssSecuritiesFileDataService:169 - CURRENCY_CODE - SGD -3
2022-12-22 15:00:22.479 [main] INFO  scrips.datamigration.csv.service.SssSecuritiesFileDataService:169 - REDEMPTION_PRICE - 10000000 -8
2022-12-22 15:00:22.479 [main] INFO  scrips.datamigration.csv.service.SssSecuritiesFileDataService:169 - COUPON_RATE - 00115000 -8
2022-12-22 15:00:22.479 [main] INFO  scrips.datamigration.csv.service.SssSecuritiesFileDataService:169 - EX_DATE_PERIOD - 3 -1
2022-12-22 15:00:22.479 [main] INFO  scrips.datamigration.csv.service.SssSecuritiesFileDataService:169 - EX_DATE - 20230525 -8
2022-12-22 15:00:22.479 [main] INFO  scrips.datamigration.csv.service.SssSecuritiesFileDataService:169 - COUPON_PAYMENT_FREQUENCY - S -1
2022-12-22 15:00:22.479 [main] INFO  scrips.datamigration.csv.service.SssSecuritiesFileDataService:169 - LAST_COUPON_DATE - 20221130 -8
2022-12-22 15:00:22.480 [main] INFO  scrips.datamigration.csv.service.SssSecuritiesFileDataService:169 - NEXT_COUPON_DATE - 20230530 -8
2022-12-22 15:00:22.480 [main] INFO  scrips.datamigration.csv.service.SssSecuritiesFileDataService:169 - OPTIONAL_COUPON_DATE - 20210531 -8
2022-12-22 15:00:22.480 [main] INFO  scrips.datamigration.csv.service.SssSecuritiesFileDataService:169 - DAYS_OF_ACCRUED_INTEREST - 181 -3
2022-12-22 15:00:22.480 [main] INFO  scrips.datamigration.csv.service.SssSecuritiesFileDataService:169 - TENURE - 010 -3
2022-12-22 15:00:22.481 [main] INFO  scrips.datamigration.csv.service.SssSecuritiesFileDataService:169 - AVERAGE_YIELD - 00000000 -8
2022-12-22 15:00:22.481 [main] INFO  scrips.datamigration.csv.service.SssSecuritiesFileDataService:169 - CUTOFF_YIELD - 00000000 -8
2022-12-22 15:00:22.481 [main] INFO  scrips.datamigration.csv.service.SssSecuritiesFileDataService:169 - AVERAGE_YIELD_PRICE - 00000000 -8
2022-12-22 15:00:22.482 [main] INFO  scrips.datamigration.csv.service.SssSecuritiesFileDataService:169 - CUTOFF_YIELD_PRICE - 00000000 -8
2022-12-22 15:00:22.483 [main] INFO  scrips.datamigration.csv.service.SssSecuritiesFileDataService:169 - RE_OPENING_MAS_APPLIED_AMOUNT - 000000000000000 -15
2022-12-22 15:00:22.483 [main] INFO  scrips.datamigration.csv.service.SssSecuritiesFileDataService:169 - TOTAL_REDEEMED_AMOUNT - 000000000000000 -15
2022-12-22 15:00:22.483 [main] INFO  scrips.datamigration.csv.service.SssSecuritiesFileDataService:169 - ISIN_SUB_TYPE - NA -2
2022-12-22 15:00:22.534 [main] DEBUG org.hibernate.SQL:128 - insert into securities_file_data (ISIN_CODE, AMOUNT_ALLOCATED_TO_MAS, AMOUNT_ALLOCATED_TO_OTHERS, AUCTION_DATE, AVERAGE_YIELD, AVERAGE_YIELD_PRICE, COUPON_PAYMENT_FREQUENCY, COUPON_RATE, CREDIT_RATING, CURRENCY_CODE, CUTOFF_YIELD, CUTOFF_YIELD_PRICE, DAYS_OF_ACCRUED_INTEREST, DENOMINATION, DESCRIPTION, ELIGIBLE_FOR_ILF, EX_DATE, EX_DATE_PERIOD, FIRST_ISSUANCE_AMOUNT, FIRST_ISSUANCE_DATE, HAIRCUT_PERCENTAGE_FOR_ILF, ILF_HAIRCUT_SETTING, ISIN_STATUS, ISIN_SUB_TYPE, ISIN_TYPE, ISSUE_CODE, LAST_COUPON_DATE, MAS_APPLIED_AMOUNT, MATURITY_DATE, NEXT_COUPON_DATE, OPTIONAL_COUPON_DATE, OPTIONAL_MATURITY_DATE, OUTSTANDING_NOMINAL_AMOUNT, RE_OPENING_ALLOTMENT_DATE, RE_OPENING_AUCTION_DATE, RE_OPENING_MAS_APPLIED_AMOUNT, RE_OPENING_TOTAL_ALLOTMENT_AMOUNT, REDEMPTION_PRICE, TAXABLE, TENURE, TOTAL_ISSUED_AMOUNT, TOTAL_REDEEMED_AMOUNT, TRADABLE, UNIT_SIZE) values (?, ?, ?, ?, ?, ?, ?, ?, ?, ?, ?, ?, ?, ?, ?, ?, ?, ?, ?, ?, ?, ?, ?, ?, ?, ?, ?, ?, ?, ?, ?, ?, ?, ?, ?, ?, ?, ?, ?, ?, ?, ?, ?, ?)
2022-12-22 15:00:22.624 [main] INFO  scrips.datamigration.csv.service.SssSecuritiesFileDataService:205 - Total records in File: {}2
2022-12-22 15:00:22.626 [main] INFO  scrips.datamigration.controller.ScripsFileUploadController:177 - fileRecords - NSBONDMAY003|M121003A|NS BOND 10YR 2021 - 2024 NS21002A|A|SGD|000000000001000|20210505|20210506|000000000100000|20310530||10000000|00000000|000000000100000|S|00115000|00000000|3|010|00000000|00000000|20221130
2022-12-22 15:00:22.626 [main] INFO  scrips.datamigration.controller.ScripsFileUploadController:179 - 1:securities_code
2022-12-22 15:00:22.627 [main] INFO  scrips.datamigration.controller.ScripsFileUploadController:179 - 2:issue_code
2022-12-22 15:00:22.627 [main] INFO  scrips.datamigration.controller.ScripsFileUploadController:179 - 3:description
2022-12-22 15:00:22.627 [main] INFO  scrips.datamigration.controller.ScripsFileUploadController:179 - 4:securities_status
2022-12-22 15:00:22.627 [main] INFO  scrips.datamigration.controller.ScripsFileUploadController:179 - 5:currency_code
2022-12-22 15:00:22.627 [main] INFO  scrips.datamigration.controller.ScripsFileUploadController:179 - 6:denomination
2022-12-22 15:00:22.627 [main] INFO  scrips.datamigration.controller.ScripsFileUploadController:179 - 7:first_auction_date
2022-12-22 15:00:22.628 [main] INFO  scrips.datamigration.controller.ScripsFileUploadController:179 - 8:first_issuance_date
2022-12-22 15:00:22.628 [main] INFO  scrips.datamigration.controller.ScripsFileUploadController:179 - 9:first_issuance_amount
2022-12-22 15:00:22.628 [main] INFO  scrips.datamigration.controller.ScripsFileUploadController:179 - 10:redemption_date
2022-12-22 15:00:22.628 [main] INFO  scrips.datamigration.controller.ScripsFileUploadController:179 - 11:optional_redemption_date
2022-12-22 15:00:22.628 [main] INFO  scrips.datamigration.controller.ScripsFileUploadController:179 - 12:redemption_price
2022-12-22 15:00:22.628 [main] INFO  scrips.datamigration.controller.ScripsFileUploadController:179 - 13:optional_redemption_price
2022-12-22 15:00:22.628 [main] INFO  scrips.datamigration.controller.ScripsFileUploadController:179 - 14:central_bank_applied_amount
2022-12-22 15:00:22.628 [main] INFO  scrips.datamigration.controller.ScripsFileUploadController:179 - 15:coupon_payment_frequency
2022-12-22 15:00:22.628 [main] INFO  scrips.datamigration.controller.ScripsFileUploadController:179 - 16:coupon_rate
2022-12-22 15:00:22.628 [main] INFO  scrips.datamigration.controller.ScripsFileUploadController:179 - 17:average_yield
2022-12-22 15:00:22.628 [main] INFO  scrips.datamigration.controller.ScripsFileUploadController:179 - 18:record_date_period
2022-12-22 15:00:22.628 [main] INFO  scrips.datamigration.controller.ScripsFileUploadController:179 - 19:tenor_period
2022-12-22 15:00:22.629 [main] INFO  scrips.datamigration.controller.ScripsFileUploadController:179 - 20:issue_price
2022-12-22 15:00:22.629 [main] INFO  scrips.datamigration.controller.ScripsFileUploadController:179 - 21:issue_yield
2022-12-22 15:00:22.629 [main] INFO  scrips.datamigration.controller.ScripsFileUploadController:179 - 22:first_coupon_date
2022-12-22 15:00:22.630 [main] INFO  scrips.datamigration.sss.service.SssSecuritiesCodeService:274 - ftp status n
2022-12-22 15:00:22.639 [main] INFO  scrips.datamigration.sss.service.SssSecuritiesCodeService:374 - Total records in File: {}1
2022-12-22 15:00:22.661 [main] DEBUG org.hibernate.SQL:128 - insert into securities_code_source (action, approval_remark, approved_by, approved_date, average_yield, benchmark_indicator, central_bank_applied_amount, coupon_payment_frequency, coupon_rate, coupon_structure, created_date, currency_code, day_count_convention, denomination, description, effective_date, facility_eligibility_id, first_auction_date, first_coupon_date, first_issuance_amount, first_issuance_date, haircut_id, id, ipa, issue_code, issue_price, issue_yield, issuer_id, modified_by, modified_date, optional_redemption_date, optional_redemption_price, record_date_period, redemption_date, redemption_price, redemption_reimburse, remarks, rounding_option, securities_code, securities_status, securities_tenor_period_unit, securities_type_id, status, tax_scheme_id, tenor_period, tradable, workflow_status_id) values (?, ?, ?, ?, ?, ?, ?, ?, ?, ?, ?, ?, ?, ?, ?, ?, ?, ?, ?, ?, ?, ?, ?, ?, ?, ?, ?, ?, ?, ?, ?, ?, ?, ?, ?, ?, ?, ?, ?, ?, ?, ?, ?, ?, ?, ?, ?)
2022-12-22 15:00:22.916 [main] DEBUG org.hibernate.SQL:128 - select jpauser0_.id as id1_64_, jpauser0_.access_level as access_l2_64_, jpauser0_.action as action3_64_, jpauser0_.approval_remark as approval4_64_, jpauser0_.approved_by as approved5_64_, jpauser0_.approved_date as approved6_64_, jpauser0_.created_date as created_7_64_, jpauser0_.currency_code as currency8_64_, jpauser0_.effective_date as effectiv9_64_, jpauser0_.email as email10_64_, jpauser0_.first_activation_date as first_a11_64_, jpauser0_.last_login_datetime as last_lo12_64_, jpauser0_.login_attempts as login_a13_64_, jpauser0_.member_id as member_14_64_, jpauser0_.modified_by as modifie15_64_, jpauser0_.modified_date as modifie16_64_, jpauser0_.name as name17_64_, jpauser0_.password as passwor18_64_, jpauser0_.password_expiry_date as passwor19_64_, jpauser0_.phone_no as phone_n20_64_, jpauser0_.status as status21_64_, jpauser0_.swift_net_id as swift_n22_64_, jpauser0_.user_id as user_id23_64_, jpauser0_.user_status as user_st24_64_, jpauser0_.workflow_status_id as workflo25_64_ from user jpauser0_ where jpauser0_.name=?
2022-12-22 15:00:22.953 [main] DEBUG org.hibernate.SQL:128 - select jpaissuer0_.id as id1_36_, jpaissuer0_.issuer_code as issuer_c2_36_, jpaissuer0_.issuer_name as issuer_n3_36_ from issuer jpaissuer0_ where jpaissuer0_.issuer_code=?
2022-12-22 15:00:22.976 [main] DEBUG org.hibernate.SQL:128 - select jpaissuer0_.id as id1_36_, jpaissuer0_.issuer_code as issuer_c2_36_, jpaissuer0_.issuer_name as issuer_n3_36_ from issuer jpaissuer0_ where jpaissuer0_.issuer_code=?
2022-12-22 15:00:23.000 [main] DEBUG org.hibernate.SQL:128 - select jpasssmemb0_.id as id1_37_, jpasssmemb0_.account_operator as account38_37_, jpasssmemb0_.action as action2_37_, jpasssmemb0_.activation_date as activati3_37_, jpasssmemb0_.approval_remark as approval4_37_, jpasssmemb0_.approved_by as approved5_37_, jpasssmemb0_.approved_date as approved6_37_, jpasssmemb0_.auto_debit_indicator as auto_de39_37_, jpasssmemb0_.billing_profile_id as billing_8_37_, jpasssmemb0_.created_date as created_9_37_, jpasssmemb0_.effective_date as effecti10_37_, jpasssmemb0_.end_of_day_statement as end_of_40_37_, jpasssmemb0_.exempted_from_billing as exempte11_37_, jpasssmemb0_.exempted_from_system_limit as exempte12_37_, jpasssmemb0_.facility_eligibility_id as facilit41_37_, jpasssmemb0_.fall_back_account as fall_ba42_37_, jpasssmemb0_.fi_code as fi_code43_37_, jpasssmemb0_.fi_group as fi_grou13_37_, jpasssmemb0_.issuing_paying_agent as issuing44_37_, jpasssmemb0_.lei as lei14_37_, jpasssmemb0_.location as locatio15_37_, jpasssmemb0_.member_code as member_22_37_, jpasssmemb0_.member_status as member_23_37_, jpasssmemb0_.member_type as member_24_37_, jpasssmemb0_.modified_by as modifie25_37_, jpasssmemb0_.modified_date as modifie26_37_, jpasssmemb0_.name as name27_37_, jpasssmemb0_.primary_dealer as primary45_37_, jpasssmemb0_.rtgs_account as rtgs_ac46_37_, jpasssmemb0_.rtgs_member_code as rtgs_me47_37_, jpasssmemb0_.sector_id as sector_28_37_, jpasssmemb0_.short_name as short_n29_37_, jpasssmemb0_.statement_delivery_bic as stateme48_37_, jpasssmemb0_.status as status30_37_, jpasssmemb0_.swift_bic as swift_b31_37_, jpasssmemb0_.tax_profile_id as tax_pro33_37_, jpasssmemb0_.trader_status as trader_49_37_, jpasssmemb0_.uen as uen34_37_, jpasssmemb0_.verified_by as verifie35_37_, jpasssmemb0_.verified_date as verifie36_37_, jpasssmemb0_.workflow_status_id as workflo37_37_, jpasssmemb0_.zero_holdings_statement as zero_ho50_37_ from member jpasssmemb0_ where jpasssmemb0_.member_type=?
2022-12-22 15:00:23.074 [main] DEBUG org.hibernate.SQL:128 - select jpasecurit0_.id as id1_56_, jpasecurit0_.benchmark_indicator as benchmar2_56_, jpasecurit0_.facility_eligibility_id as facility3_56_, jpasecurit0_.haircut_id as haircut_4_56_ from securities_type jpasecurit0_
2022-12-22 15:00:23.165 [main] DEBUG org.hibernate.SQL:128 - select jpataxsche0_.id as id1_60_, jpataxsche0_.tax_scheme_id as tax_sche2_60_ from tax_scheme jpataxsche0_ where jpataxsche0_.tax_scheme_id=?
2022-12-22 15:00:23.221 [main] DEBUG org.hibernate.SQL:128 - select jpassssecu0_.id as id1_46_0_, jpassssecu0_.action as action2_46_0_, jpassssecu0_.approval_remark as approval3_46_0_, jpassssecu0_.approved_by as approved4_46_0_, jpassssecu0_.approved_date as approved5_46_0_, jpassssecu0_.average_yield as average_6_46_0_, jpassssecu0_.benchmark_indicator as benchmar7_46_0_, jpassssecu0_.central_bank_applied_amount as central_8_46_0_, jpassssecu0_.coupon_payment_frequency as coupon_p9_46_0_, jpassssecu0_.coupon_rate as coupon_10_46_0_, jpassssecu0_.coupon_structure as coupon_11_46_0_, jpassssecu0_.created_date as created12_46_0_, jpassssecu0_.currency_code as currenc13_46_0_, jpassssecu0_.day_count_convention as day_cou14_46_0_, jpassssecu0_.denomination as denomin15_46_0_, jpassssecu0_.description as descrip16_46_0_, jpassssecu0_.effective_date as effecti17_46_0_, jpassssecu0_.facility_eligibility_id as facilit18_46_0_, jpassssecu0_.first_auction_date as first_a19_46_0_, jpassssecu0_.first_coupon_date as first_c20_46_0_, jpassssecu0_.first_issuance_amount as first_i21_46_0_, jpassssecu0_.first_issuance_date as first_i22_46_0_, jpassssecu0_.haircut_id as haircut23_46_0_, jpassssecu0_.ipa as ipa24_46_0_, jpassssecu0_.issue_code as issue_c25_46_0_, jpassssecu0_.issue_price as issue_p26_46_0_, jpassssecu0_.issue_yield as issue_y27_46_0_, jpassssecu0_.issuer_id as issuer_28_46_0_, jpassssecu0_.modified_by as modifie29_46_0_, jpassssecu0_.modified_date as modifie30_46_0_, jpassssecu0_.optional_redemption_date as optiona31_46_0_, jpassssecu0_.optional_redemption_price as optiona32_46_0_, jpassssecu0_.record_date_period as record_33_46_0_, jpassssecu0_.redemption_date as redempt34_46_0_, jpassssecu0_.redemption_price as redempt35_46_0_, jpassssecu0_.redemption_reimburse as redempt36_46_0_, jpassssecu0_.remarks as remarks37_46_0_, jpassssecu0_.rounding_option as roundin38_46_0_, jpassssecu0_.securities_code as securit39_46_0_, jpassssecu0_.securities_status as securit40_46_0_, jpassssecu0_.securities_tenor_period_unit as securit41_46_0_, jpassssecu0_.securities_type_id as securit42_46_0_, jpassssecu0_.status as status43_46_0_, jpassssecu0_.tax_scheme_id as tax_sch44_46_0_, jpassssecu0_.tenor_period as tenor_p45_46_0_, jpassssecu0_.tradable as tradabl46_46_0_, jpassssecu0_.workflow_status_id as workflo47_46_0_ from securities_code_temp jpassssecu0_ where jpassssecu0_.id=?
2022-12-22 15:00:23.260 [main] DEBUG org.hibernate.SQL:128 - insert into securities_code_temp (action, approval_remark, approved_by, approved_date, average_yield, benchmark_indicator, central_bank_applied_amount, coupon_payment_frequency, coupon_rate, coupon_structure, created_date, currency_code, day_count_convention, denomination, description, effective_date, facility_eligibility_id, first_auction_date, first_coupon_date, first_issuance_amount, first_issuance_date, haircut_id, ipa, issue_code, issue_price, issue_yield, issuer_id, modified_by, modified_date, optional_redemption_date, optional_redemption_price, record_date_period, redemption_date, redemption_price, redemption_reimburse, remarks, rounding_option, securities_code, securities_status, securities_tenor_period_unit, securities_type_id, status, tax_scheme_id, tenor_period, tradable, workflow_status_id, id) values (?, ?, ?, ?, ?, ?, ?, ?, ?, ?, ?, ?, ?, ?, ?, ?, ?, ?, ?, ?, ?, ?, ?, ?, ?, ?, ?, ?, ?, ?, ?, ?, ?, ?, ?, ?, ?, ?, ?, ?, ?, ?, ?, ?, ?, ?, ?)
2022-12-22 15:00:23.843 [main] DEBUG org.hibernate.SQL:128 - select jpassssecu0_.securities_code as securiti1_41_, jpassssecu0_.action as action2_41_, jpassssecu0_.approval_remark as approval3_41_, jpassssecu0_.approved_by as approved4_41_, jpassssecu0_.approved_date as approved5_41_, jpassssecu0_.average_yield as average_6_41_, jpassssecu0_.benchmark_indicator as benchmar7_41_, jpassssecu0_.central_bank_applied_amount as central_8_41_, jpassssecu0_.coupon_payment_frequency as coupon_p9_41_, jpassssecu0_.coupon_rate as coupon_10_41_, jpassssecu0_.coupon_structure as coupon_11_41_, jpassssecu0_.created_date as created12_41_, jpassssecu0_.currency_code as currenc13_41_, jpassssecu0_.day_count_convention as day_cou14_41_, jpassssecu0_.denomination as denomin15_41_, jpassssecu0_.description as descrip16_41_, jpassssecu0_.effective_date as effecti17_41_, jpassssecu0_.facility_eligibility_id as facilit18_41_, jpassssecu0_.first_auction_date as first_a19_41_, jpassssecu0_.first_coupon_date as first_c20_41_, jpassssecu0_.first_issuance_amount as first_i21_41_, jpassssecu0_.first_issuance_date as first_i22_41_, jpassssecu0_.haircut_id as haircut23_41_, jpassssecu0_.ipa as ipa24_41_, jpassssecu0_.issue_code as issue_c25_41_, jpassssecu0_.issue_price as issue_p26_41_, jpassssecu0_.issue_yield as issue_y27_41_, jpassssecu0_.issuer_id as issuer_28_41_, jpassssecu0_.modified_by as modifie29_41_, jpassssecu0_.modified_date as modifie30_41_, jpassssecu0_.optional_redemption_date as optiona31_41_, jpassssecu0_.optional_redemption_price as optiona32_41_, jpassssecu0_.record_date_period as record_33_41_, jpassssecu0_.redemption_date as redempt34_41_, jpassssecu0_.redemption_price as redempt35_41_, jpassssecu0_.redemption_reimburse as redempt36_41_, jpassssecu0_.rounding_option as roundin37_41_, jpassssecu0_.securities_status as securit38_41_, jpassssecu0_.securities_tenor_period_unit as securit39_41_, jpassssecu0_.securities_type_id as securit40_41_, jpassssecu0_.status as status41_41_, jpassssecu0_.tax_scheme_id as tax_sch42_41_, jpassssecu0_.tenor_period as tenor_p43_41_, jpassssecu0_.tradable as tradabl44_41_, jpassssecu0_.workflow_status_id as workflo45_41_ from securities_code jpassssecu0_ where jpassssecu0_.securities_code=?
2022-12-22 15:00:23.893 [main] DEBUG org.hibernate.SQL:128 - select jpassssecu0_.securities_code as securiti1_41_0_, jpassssecu0_.action as action2_41_0_, jpassssecu0_.approval_remark as approval3_41_0_, jpassssecu0_.approved_by as approved4_41_0_, jpassssecu0_.approved_date as approved5_41_0_, jpassssecu0_.average_yield as average_6_41_0_, jpassssecu0_.benchmark_indicator as benchmar7_41_0_, jpassssecu0_.central_bank_applied_amount as central_8_41_0_, jpassssecu0_.coupon_payment_frequency as coupon_p9_41_0_, jpassssecu0_.coupon_rate as coupon_10_41_0_, jpassssecu0_.coupon_structure as coupon_11_41_0_, jpassssecu0_.created_date as created12_41_0_, jpassssecu0_.currency_code as currenc13_41_0_, jpassssecu0_.day_count_convention as day_cou14_41_0_, jpassssecu0_.denomination as denomin15_41_0_, jpassssecu0_.description as descrip16_41_0_, jpassssecu0_.effective_date as effecti17_41_0_, jpassssecu0_.facility_eligibility_id as facilit18_41_0_, jpassssecu0_.first_auction_date as first_a19_41_0_, jpassssecu0_.first_coupon_date as first_c20_41_0_, jpassssecu0_.first_issuance_amount as first_i21_41_0_, jpassssecu0_.first_issuance_date as first_i22_41_0_, jpassssecu0_.haircut_id as haircut23_41_0_, jpassssecu0_.ipa as ipa24_41_0_, jpassssecu0_.issue_code as issue_c25_41_0_, jpassssecu0_.issue_price as issue_p26_41_0_, jpassssecu0_.issue_yield as issue_y27_41_0_, jpassssecu0_.issuer_id as issuer_28_41_0_, jpassssecu0_.modified_by as modifie29_41_0_, jpassssecu0_.modified_date as modifie30_41_0_, jpassssecu0_.optional_redemption_date as optiona31_41_0_, jpassssecu0_.optional_redemption_price as optiona32_41_0_, jpassssecu0_.record_date_period as record_33_41_0_, jpassssecu0_.redemption_date as redempt34_41_0_, jpassssecu0_.redemption_price as redempt35_41_0_, jpassssecu0_.redemption_reimburse as redempt36_41_0_, jpassssecu0_.rounding_option as roundin37_41_0_, jpassssecu0_.securities_status as securit38_41_0_, jpassssecu0_.securities_tenor_period_unit as securit39_41_0_, jpassssecu0_.securities_type_id as securit40_41_0_, jpassssecu0_.status as status41_41_0_, jpassssecu0_.tax_scheme_id as tax_sch42_41_0_, jpassssecu0_.tenor_period as tenor_p43_41_0_, jpassssecu0_.tradable as tradabl44_41_0_, jpassssecu0_.workflow_status_id as workflo45_41_0_ from securities_code jpassssecu0_ where jpassssecu0_.securities_code=?
2022-12-22 15:00:23.915 [main] DEBUG org.hibernate.SQL:128 - insert into securities_code (action, approval_remark, approved_by, approved_date, average_yield, benchmark_indicator, central_bank_applied_amount, coupon_payment_frequency, coupon_rate, coupon_structure, created_date, currency_code, day_count_convention, denomination, description, effective_date, facility_eligibility_id, first_auction_date, first_coupon_date, first_issuance_amount, first_issuance_date, haircut_id, ipa, issue_code, issue_price, issue_yield, issuer_id, modified_by, modified_date, optional_redemption_date, optional_redemption_price, record_date_period, redemption_date, redemption_price, redemption_reimburse, rounding_option, securities_status, securities_tenor_period_unit, securities_type_id, status, tax_scheme_id, tenor_period, tradable, workflow_status_id, securities_code) values (?, ?, ?, ?, ?, ?, ?, ?, ?, ?, ?, ?, ?, ?, ?, ?, ?, ?, ?, ?, ?, ?, ?, ?, ?, ?, ?, ?, ?, ?, ?, ?, ?, ?, ?, ?, ?, ?, ?, ?, ?, ?, ?, ?, ?)
2022-12-22 15:00:24.022 [main] DEBUG org.hibernate.SQL:128 - select jpasecurit0_.securities_code as securiti1_47_0_, jpasecurit0_.action as action2_47_0_, jpasecurit0_.approval_remark as approval3_47_0_, jpasecurit0_.approved_by as approved4_47_0_, jpasecurit0_.approved_date as approved5_47_0_, jpasecurit0_.created_date as created_6_47_0_, jpasecurit0_.effective_date as effectiv7_47_0_, jpasecurit0_.modified_by as modified8_47_0_, jpasecurit0_.modified_date as modified9_47_0_, jpasecurit0_.status as status10_47_0_, jpasecurit0_.workflow_status_id as workflo11_47_0_ from securities_coupon jpasecurit0_ where jpasecurit0_.securities_code=?
2022-12-22 15:00:24.045 [main] DEBUG org.hibernate.SQL:128 - insert into securities_coupon (action, approval_remark, approved_by, approved_date, created_date, effective_date, modified_by, modified_date, status, workflow_status_id, securities_code) values (?, ?, ?, ?, ?, ?, ?, ?, ?, ?, ?)
2022-12-22 15:00:24.135 [main] INFO  scrips.datamigration.sss.service.SssSecuritiesCodeService:635 - coupon date : 2022-11-30T00:00:00.000+0530
2022-12-22 15:00:24.135 [main] INFO  scrips.datamigration.sss.service.SssSecuritiesCodeService:637 - redemptionDate : 2031-05-30T00:00:00.000+0530
2022-12-22 15:00:24.158 [main] INFO  scrips.datamigration.common.service.FkChecksEnableDisable:23 - enable FkChecks called
2022-12-22 15:00:24.159 [main] DEBUG org.hibernate.SQL:128 - SET FOREIGN_KEY_CHECKS = 1
2022-12-22 15:00:24.181 [main] INFO  scrips.datamigration.common.service.FkChecksEnableDisable:25 - enable FkChecks done
2022-12-22 15:00:24.223 [main] DEBUG org.hibernate.SQL:128 - SELECT @@GLOBAL.foreign_key_checks, @@SESSION.foreign_key_checks
2022-12-22 15:00:24.257 [main] INFO  scrips.datamigration.common.service.FkChecksEnableDisable:52 - foreign_key_checks status - 1
2022-12-22 15:00:24.279 [SpringContextShutdownHook] INFO  org.springframework.orm.jpa.LocalContainerEntityManagerFactoryBean:598 - Closing JPA EntityManagerFactory for persistence unit 'data'
2022-12-22 15:00:24.282 [SpringContextShutdownHook] INFO  com.zaxxer.hikari.HikariDataSource:350 - HikariPool-1 - Shutdown initiated...
2022-12-22 15:00:24.295 [SpringContextShutdownHook] INFO  com.zaxxer.hikari.HikariDataSource:352 - HikariPool-1 - Shutdown completed.
