2022-12-23 20:19:50.464 [main] INFO  scrips.datamigration.App:55 - Starting App on WSIN181 with PID 4188 (D:\DataMigrationNEW\DATA_MIGRATION_RTGS\DataMigrationAndExtract\DataMigration\target\classes started by SheikKhadeer in D:\DataMigrationNEW\DATA_MIGRATION_RTGS\DataMigrationAndExtract\DataMigration)
2022-12-23 20:19:50.469 [main] INFO  scrips.datamigration.App:651 - No active profile set, falling back to default profiles: app
2022-12-23 20:19:51.253 [main] INFO  org.springframework.data.repository.config.RepositoryConfigurationDelegate:127 - Bootstrapping Spring Data JPA repositories in DEFAULT mode.
2022-12-23 20:19:51.775 [main] INFO  org.springframework.data.repository.config.RepositoryConfigurationDelegate:187 - Finished Spring Data repository scanning in 512ms. Found 65 JPA repository interfaces.
2022-12-23 20:19:52.158 [main] INFO  com.ulisesbocchio.jasyptspringboot.configuration.EnableEncryptablePropertiesBeanFactoryPostProcessor:39 - Post-processing PropertySource instances
2022-12-23 20:19:52.180 [main] INFO  com.ulisesbocchio.jasyptspringboot.EncryptablePropertySourceConverter:56 - Converting PropertySource configurationProperties [org.springframework.boot.context.properties.source.ConfigurationPropertySourcesPropertySource] to AOP Proxy
2022-12-23 20:19:52.181 [main] INFO  com.ulisesbocchio.jasyptspringboot.EncryptablePropertySourceConverter:56 - Converting PropertySource commandLineArgs [org.springframework.core.env.SimpleCommandLinePropertySource] to EncryptableEnumerablePropertySourceWrapper
2022-12-23 20:19:52.181 [main] INFO  com.ulisesbocchio.jasyptspringboot.EncryptablePropertySourceConverter:56 - Converting PropertySource systemProperties [org.springframework.core.env.PropertiesPropertySource] to EncryptableMapPropertySourceWrapper
2022-12-23 20:19:52.182 [main] INFO  com.ulisesbocchio.jasyptspringboot.EncryptablePropertySourceConverter:56 - Converting PropertySource systemEnvironment [org.springframework.boot.env.SystemEnvironmentPropertySourceEnvironmentPostProcessor$OriginAwareSystemEnvironmentPropertySource] to EncryptableSystemEnvironmentPropertySourceWrapper
2022-12-23 20:19:52.182 [main] INFO  com.ulisesbocchio.jasyptspringboot.EncryptablePropertySourceConverter:56 - Converting PropertySource random [org.springframework.boot.env.RandomValuePropertySource] to EncryptablePropertySourceWrapper
2022-12-23 20:19:52.182 [main] INFO  com.ulisesbocchio.jasyptspringboot.EncryptablePropertySourceConverter:56 - Converting PropertySource applicationConfig: [file:./config/application.properties] [org.springframework.boot.env.OriginTrackedMapPropertySource] to EncryptableMapPropertySourceWrapper
2022-12-23 20:19:52.183 [main] INFO  com.ulisesbocchio.jasyptspringboot.EncryptablePropertySourceConverter:56 - Converting PropertySource applicationConfig: [classpath:/application.properties] [org.springframework.boot.env.OriginTrackedMapPropertySource] to EncryptableMapPropertySourceWrapper
2022-12-23 20:19:52.183 [main] INFO  com.ulisesbocchio.jasyptspringboot.EncryptablePropertySourceConverter:56 - Converting PropertySource DataMigrationProperties [org.springframework.core.env.MapPropertySource] to EncryptableMapPropertySourceWrapper
2022-12-23 20:19:52.283 [main] INFO  com.ulisesbocchio.jasyptspringboot.filter.DefaultLazyPropertyFilter:31 - Property Filter custom Bean not found with name 'encryptablePropertyFilter'. Initializing Default Property Filter
2022-12-23 20:19:52.378 [main] INFO  com.ulisesbocchio.jasyptspringboot.resolver.DefaultLazyPropertyResolver:35 - Property Resolver custom Bean not found with name 'encryptablePropertyResolver'. Initializing Default Property Resolver
2022-12-23 20:19:52.381 [main] INFO  com.ulisesbocchio.jasyptspringboot.detector.DefaultLazyPropertyDetector:35 - Property Detector custom Bean not found with name 'encryptablePropertyDetector'. Initializing Default Property Detector
2022-12-23 20:19:52.396 [main] INFO  com.ulisesbocchio.jasyptspringboot.encryptor.DefaultLazyEncryptor:37 - String Encryptor custom Bean not found with name 'jasyptStringEncryptor'. Initializing Default String Encryptor
2022-12-23 20:19:52.413 [main] INFO  com.ulisesbocchio.jasyptspringboot.configuration.StringEncryptorBuilder:81 - Encryptor config not found for property jasypt.encryptor.key-obtention-iterations, using default value: 1000
2022-12-23 20:19:52.414 [main] INFO  com.ulisesbocchio.jasyptspringboot.configuration.StringEncryptorBuilder:81 - Encryptor config not found for property jasypt.encryptor.pool-size, using default value: 1
2022-12-23 20:19:52.414 [main] INFO  com.ulisesbocchio.jasyptspringboot.configuration.StringEncryptorBuilder:81 - Encryptor config not found for property jasypt.encryptor.provider-name, using default value: null
2022-12-23 20:19:52.415 [main] INFO  com.ulisesbocchio.jasyptspringboot.configuration.StringEncryptorBuilder:81 - Encryptor config not found for property jasypt.encryptor.provider-class-name, using default value: null
2022-12-23 20:19:52.416 [main] INFO  com.ulisesbocchio.jasyptspringboot.configuration.StringEncryptorBuilder:81 - Encryptor config not found for property jasypt.encryptor.salt-generator-classname, using default value: org.jasypt.salt.RandomSaltGenerator
2022-12-23 20:19:52.418 [main] INFO  com.ulisesbocchio.jasyptspringboot.configuration.StringEncryptorBuilder:81 - Encryptor config not found for property jasypt.encryptor.string-output-type, using default value: base64
2022-12-23 20:19:52.618 [main] INFO  org.hibernate.jpa.internal.util.LogHelper:31 - HHH000204: Processing PersistenceUnitInfo [name: data]
2022-12-23 20:19:52.679 [main] INFO  org.hibernate.Version:44 - HHH000412: Hibernate ORM core version 5.4.15.Final
2022-12-23 20:19:52.833 [main] INFO  org.hibernate.annotations.common.Version:49 - HCANN000001: Hibernate Commons Annotations {5.1.0.Final}
2022-12-23 20:19:53.332 [main] INFO  com.zaxxer.hikari.HikariDataSource:110 - HikariPool-1 - Starting...
2022-12-23 20:19:54.355 [main] INFO  com.zaxxer.hikari.HikariDataSource:123 - HikariPool-1 - Start completed.
2022-12-23 20:19:54.426 [main] INFO  org.hibernate.dialect.Dialect:172 - HHH000400: Using dialect: org.hibernate.dialect.MySQL8Dialect
2022-12-23 20:19:54.626 [main] INFO  org.hibernate.envers.boot.internal.EnversServiceImpl:90 - Envers integration enabled? : true
2022-12-23 20:19:56.429 [main] INFO  org.hibernate.engine.transaction.jta.platform.internal.JtaPlatformInitiator:52 - HHH000490: Using JtaPlatform implementation: [org.hibernate.engine.transaction.jta.platform.internal.NoJtaPlatform]
2022-12-23 20:19:56.437 [main] INFO  org.springframework.orm.jpa.LocalContainerEntityManagerFactoryBean:416 - Initialized JPA EntityManagerFactory for persistence unit 'data'
2022-12-23 20:19:58.284 [main] INFO  scrips.datamigration.App:61 - Started App in 8.327 seconds (JVM running for 9.641)
2022-12-23 20:19:58.436 [main] INFO  scrips.datamigration.common.service.FkChecksEnableDisable:36 - disable FkChecks called
2022-12-23 20:19:58.469 [main] DEBUG org.hibernate.SQL:128 - SET FOREIGN_KEY_CHECKS = 0
2022-12-23 20:19:58.557 [main] INFO  scrips.datamigration.common.service.FkChecksEnableDisable:38 - disable FkChecks done
2022-12-23 20:19:58.747 [main] DEBUG org.hibernate.SQL:128 - SELECT @@GLOBAL.foreign_key_checks, @@SESSION.foreign_key_checks
2022-12-23 20:19:58.850 [main] INFO  scrips.datamigration.common.service.FkChecksEnableDisable:52 - foreign_key_checks status - 0
2022-12-23 20:19:58.860 [main] INFO  scrips.datamigration.controller.ScripsFileUploadController:159 - fileUploadCode - SSS_SECURITIES_CODE_FILE_UPLOAD
2022-12-23 20:19:58.861 [main] INFO  scrips.datamigration.common.service.FileUploadService:116 - getFileHeaderByCode entered
2022-12-23 20:19:58.863 [main] INFO  scrips.datamigration.common.service.FileUploadService:122 - fileUpldHeaderOut - securities_code
2022-12-23 20:19:58.863 [main] INFO  scrips.datamigration.controller.ScripsFileUploadController:163 - Live table name ->securities_code
2022-12-23 20:19:58.867 [main] INFO  scrips.datamigration.sss.service.SssSecuritiesFileDataService:42 - Live table name ->securities_file_data
2022-12-23 20:19:58.870 [main] INFO  scrips.datamigration.sss.service.SssSecuritiesFileDataService:43 - ftp status n
2022-12-23 20:19:58.912 [main] INFO  scrips.datamigration.sss.service.SssSecuritiesFileDataService:72 - fileSourceData - ISIN Code;Description;ISIN Type;Issue Code;ISIN Status;Taxable;Tradable;Credit Rating;Eligible for ILF;ILF Haircut Setting;Haircut Percentage for ILF;Maturity Date;Optional Maturity Date;Auction Date;First Issuance Date;First Issuance Amount;Re-Opening - Auction Date;Re-Opening - Allotment Date;Re-Opening - Total Allotment Amount;Total Issued Amount;Outstanding Nominal Amount;Amount Allocated to MAS;Amount Allocated to Others;MAS Applied Amount;Unit Size;Denomination;Currency Code;Redemption Price;Coupon Rate;Ex-date Period;Ex-date;Coupon Payment Frequency;Last Coupon Date;Next Coupon Date;Optional Coupon Date;Days of Accrued Interest;Tenure;Average Yield;Cutoff Yield;Average Yield Price;Cutoff Yield Price;Re-Opening - MAS Applied Amount;Total Redeemed Amount;ISIN Sub Type
2022-12-23 20:19:58.913 [main] INFO  scrips.datamigration.sss.service.SssSecuritiesFileDataService:72 - fileSourceData - AUTOSFNEWP99;99YR BOND 2017 DUE 010199 AUTOSFNP;BN;AUTOSFNP;A;Y;Y;AAA;Y;A;00300000;20990101; ;20171228;20171229;000001000000000;20221026;20221027;000900000000000;000902800000000;000902799998000;000001500000000;000901300000000;000001000000000;1000;000000000001000;SGD;10000000;00120000;3;20230529;S;20221201;20230601;20180601;182;050;00000000;00000000;00000000;00000000;000900000000000;000000000002000;NA
2022-12-23 20:19:58.913 [main] INFO  scrips.datamigration.sss.service.SssSecuritiesFileDataService:72 - fileSourceData - BCSISMBIL001;MAS Bill;MB;BN2005M;A;Y;Y;AAA;Y;Y;00100000;20251231; ;20210518;20210519;000000100000000; ; ;000000000000000;000000100000000;000000100000000;000000000900000;000000099100000;000000000100000;1000;000000000001000;SGD;10000000;00000000;0; ;N; ; ; ; ;241;00000000;00000000;00000000;00000000;000000000000000;000000000000000;NA
2022-12-23 20:19:58.914 [main] INFO  scrips.datamigration.sss.service.SssSecuritiesFileDataService:72 - fileSourceData - BCSISTEST012;15 YEARS BONDS;BN;N999012M;A;Y;Y;AAA;Y;A;00200000;20290801; ;20170122;20170201;000000630000000;20210428;20210429;000000000600000;000000630000000;000000630000000;000000000010000;000000629990000;000000080000000;1000;000000000001000;SGD;10000000;00125000;5;20170725;S; ; ;20170801;181;015;00000000;00000000;00000000;00000000;000000000200000;000000000000000;NA
2022-12-23 20:19:58.914 [main] INFO  scrips.datamigration.sss.service.SssSecuritiesFileDataService:72 - fileSourceData - MEPSUAT00016;10YR SBOND 2016 DUE220426 GX16501W;SB;GX16501W;A;Y;N;AAA;N;N;00000000;20260422; ;20160421;20160422;000000000287500; ; ;000000000000000;000000000287500;000000000242500;000000000000000;000000000287500;000000000000000;1000;000000000000500;SGD;10000000;00700000;3;20230419;S;20221022;20230422;20161022; ;010;00000000;00000000;00000000;00000000;000000000000000;000000000045000;NA
2022-12-23 20:19:58.914 [main] INFO  scrips.datamigration.sss.service.SssSecuritiesFileDataService:72 - fileSourceData - MEPSUAT00024;10YR SBOND 2016 DUE250426 GX16502N;SB;GX16502N;A;Y;N;AAA;N;N;00000000;20260425; ;20160422;20160425;000000000300000; ; ;000000000000000;000000000300000;000000000170000;000000000000000;000000000300000;000000000000000;1000;000000000000500;SGD;10000000;00293000;3;20230420;S;20221025;20230425;20161025; ;010;00000000;00000000;00000000;00000000;000000000000000;000000000130000;NA
2022-12-23 20:19:58.915 [main] INFO  scrips.datamigration.sss.service.SssSecuritiesFileDataService:72 - fileSourceData - MEPSUAT00032;10YR SBOND 2016 DUE 030526 GX16503V;SB;GX16503V;A;Y;N;AAA;N;N;00000000;20260503; ;20160429;20160503;000000000137500; ; ;000000000000000;000000000137500;000000000017500;000000000000000;000000000137500;000000000000000;1000;000000000000500;SGD;10000000;00354000;3;20230428;S;20221103;20230503;20161103; ;010;00000000;00000000;00000000;00000000;000000000000000;000000000120000;NA
2022-12-23 20:19:58.915 [main] INFO  scrips.datamigration.sss.service.SssSecuritiesFileDataService:72 - fileSourceData - NPTESTSCREEN;10YR BOND 2016 DUE 260531 NY15046C;BN;NY15046C;N;Y;Y;AAA;Y;A;00100000;20260531; ;20160528;20160531;000000000001000; ; ;000000000000000;000000000000000;000000000000000;000000000000000;000000000000000;000000000000000;1000;000000000001000;SGD;10000000;00000000;3;20161025;S; ; ;20161028;150;010;00000000;00000000;00000000;00000000;000000000000000;000000000000000;NA
2022-12-23 20:19:58.916 [main] INFO  scrips.datamigration.sss.service.SssSecuritiesFileDataService:72 - fileSourceData - NSBONDMAY002;NS BOND 3YR 2021 - 2024 NS21002A;BN;NS21002A;A;Y;Y;AAA;Y;A;00100000;20240531; ;20210505;20210506;000000000100000;20210514;20210517;000000000500000;000000000100000;000000000100000;000000000000000;000000000100000;000000000010000;1000;000000000001000;SGD;10000000;00215000;3;20230525;S;20221130;20230530;20210531;181;005;00000000;00000000;00000000;00000000;000000000250000;000000000000000;NA
2022-12-23 20:19:58.917 [main] INFO  scrips.datamigration.sss.service.SssSecuritiesFileDataService:74 - Headings - 1:ISIN_CODE
2022-12-23 20:19:58.917 [main] INFO  scrips.datamigration.sss.service.SssSecuritiesFileDataService:74 - Headings - 2:DESCRIPTION
2022-12-23 20:19:58.917 [main] INFO  scrips.datamigration.sss.service.SssSecuritiesFileDataService:74 - Headings - 3:ISIN_TYPE
2022-12-23 20:19:58.918 [main] INFO  scrips.datamigration.sss.service.SssSecuritiesFileDataService:74 - Headings - 4:ISSUE_CODE
2022-12-23 20:19:58.918 [main] INFO  scrips.datamigration.sss.service.SssSecuritiesFileDataService:74 - Headings - 5:ISIN_STATUS
2022-12-23 20:19:58.918 [main] INFO  scrips.datamigration.sss.service.SssSecuritiesFileDataService:74 - Headings - 6:TAXABLE
2022-12-23 20:19:58.918 [main] INFO  scrips.datamigration.sss.service.SssSecuritiesFileDataService:74 - Headings - 7:TRADABLE
2022-12-23 20:19:58.918 [main] INFO  scrips.datamigration.sss.service.SssSecuritiesFileDataService:74 - Headings - 8:CREDIT_RATING
2022-12-23 20:19:58.919 [main] INFO  scrips.datamigration.sss.service.SssSecuritiesFileDataService:74 - Headings - 9:ELIGIBLE_FOR_ILF
2022-12-23 20:19:58.919 [main] INFO  scrips.datamigration.sss.service.SssSecuritiesFileDataService:74 - Headings - 10:ILF_HAIRCUT_SETTING
2022-12-23 20:19:58.919 [main] INFO  scrips.datamigration.sss.service.SssSecuritiesFileDataService:74 - Headings - 11:HAIRCUT_PERCENTAGE_FOR_ILF
2022-12-23 20:19:58.920 [main] INFO  scrips.datamigration.sss.service.SssSecuritiesFileDataService:74 - Headings - 12:MATURITY_DATE
2022-12-23 20:19:58.920 [main] INFO  scrips.datamigration.sss.service.SssSecuritiesFileDataService:74 - Headings - 13:OPTIONAL_MATURITY_DATE
2022-12-23 20:19:58.920 [main] INFO  scrips.datamigration.sss.service.SssSecuritiesFileDataService:74 - Headings - 14:AUCTION_DATE
2022-12-23 20:19:58.921 [main] INFO  scrips.datamigration.sss.service.SssSecuritiesFileDataService:74 - Headings - 15:FIRST_ISSUANCE_DATE
2022-12-23 20:19:58.921 [main] INFO  scrips.datamigration.sss.service.SssSecuritiesFileDataService:74 - Headings - 16:FIRST_ISSUANCE_AMOUNT
2022-12-23 20:19:58.921 [main] INFO  scrips.datamigration.sss.service.SssSecuritiesFileDataService:74 - Headings - 17:RE_OPENING_AUCTION_DATE
2022-12-23 20:19:58.921 [main] INFO  scrips.datamigration.sss.service.SssSecuritiesFileDataService:74 - Headings - 18:RE_OPENING_ALLOTMENT_DATE
2022-12-23 20:19:58.921 [main] INFO  scrips.datamigration.sss.service.SssSecuritiesFileDataService:74 - Headings - 19:RE_OPENING_TOTAL_ALLOTMENT_AMOUNT
2022-12-23 20:19:58.922 [main] INFO  scrips.datamigration.sss.service.SssSecuritiesFileDataService:74 - Headings - 20:TOTAL_ISSUED_AMOUNT
2022-12-23 20:19:58.922 [main] INFO  scrips.datamigration.sss.service.SssSecuritiesFileDataService:74 - Headings - 21:OUTSTANDING_NOMINAL_AMOUNT
2022-12-23 20:19:58.922 [main] INFO  scrips.datamigration.sss.service.SssSecuritiesFileDataService:74 - Headings - 22:AMOUNT_ALLOCATED_TO_MAS
2022-12-23 20:19:58.922 [main] INFO  scrips.datamigration.sss.service.SssSecuritiesFileDataService:74 - Headings - 23:AMOUNT_ALLOCATED_TO_OTHERS
2022-12-23 20:19:58.922 [main] INFO  scrips.datamigration.sss.service.SssSecuritiesFileDataService:74 - Headings - 24:MAS_APPLIED_AMOUNT
2022-12-23 20:19:58.922 [main] INFO  scrips.datamigration.sss.service.SssSecuritiesFileDataService:74 - Headings - 25:UNIT_SIZE
2022-12-23 20:19:58.923 [main] INFO  scrips.datamigration.sss.service.SssSecuritiesFileDataService:74 - Headings - 26:DENOMINATION
2022-12-23 20:19:58.923 [main] INFO  scrips.datamigration.sss.service.SssSecuritiesFileDataService:74 - Headings - 27:CURRENCY_CODE
2022-12-23 20:19:58.923 [main] INFO  scrips.datamigration.sss.service.SssSecuritiesFileDataService:74 - Headings - 28:REDEMPTION_PRICE
2022-12-23 20:19:58.924 [main] INFO  scrips.datamigration.sss.service.SssSecuritiesFileDataService:74 - Headings - 29:COUPON_RATE
2022-12-23 20:19:58.924 [main] INFO  scrips.datamigration.sss.service.SssSecuritiesFileDataService:74 - Headings - 30:EX_DATE_PERIOD
2022-12-23 20:19:58.924 [main] INFO  scrips.datamigration.sss.service.SssSecuritiesFileDataService:74 - Headings - 31:EX_DATE
2022-12-23 20:19:58.924 [main] INFO  scrips.datamigration.sss.service.SssSecuritiesFileDataService:74 - Headings - 32:COUPON_PAYMENT_FREQUENCY
2022-12-23 20:19:58.925 [main] INFO  scrips.datamigration.sss.service.SssSecuritiesFileDataService:74 - Headings - 33:LAST_COUPON_DATE
2022-12-23 20:19:58.925 [main] INFO  scrips.datamigration.sss.service.SssSecuritiesFileDataService:74 - Headings - 34:NEXT_COUPON_DATE
2022-12-23 20:19:58.925 [main] INFO  scrips.datamigration.sss.service.SssSecuritiesFileDataService:74 - Headings - 35:OPTIONAL_COUPON_DATE
2022-12-23 20:19:58.926 [main] INFO  scrips.datamigration.sss.service.SssSecuritiesFileDataService:74 - Headings - 36:DAYS_OF_ACCRUED_INTEREST
2022-12-23 20:19:58.926 [main] INFO  scrips.datamigration.sss.service.SssSecuritiesFileDataService:74 - Headings - 37:TENURE
2022-12-23 20:19:58.926 [main] INFO  scrips.datamigration.sss.service.SssSecuritiesFileDataService:74 - Headings - 38:AVERAGE_YIELD
2022-12-23 20:19:58.926 [main] INFO  scrips.datamigration.sss.service.SssSecuritiesFileDataService:74 - Headings - 39:CUTOFF_YIELD
2022-12-23 20:19:58.927 [main] INFO  scrips.datamigration.sss.service.SssSecuritiesFileDataService:74 - Headings - 40:AVERAGE_YIELD_PRICE
2022-12-23 20:19:58.927 [main] INFO  scrips.datamigration.sss.service.SssSecuritiesFileDataService:74 - Headings - 41:CUTOFF_YIELD_PRICE
2022-12-23 20:19:58.927 [main] INFO  scrips.datamigration.sss.service.SssSecuritiesFileDataService:74 - Headings - 42:RE_OPENING_MAS_APPLIED_AMOUNT
2022-12-23 20:19:58.927 [main] INFO  scrips.datamigration.sss.service.SssSecuritiesFileDataService:74 - Headings - 43:TOTAL_REDEEMED_AMOUNT
2022-12-23 20:19:58.927 [main] INFO  scrips.datamigration.sss.service.SssSecuritiesFileDataService:74 - Headings - 44:ISIN_SUB_TYPE
2022-12-23 20:19:58.936 [main] INFO  scrips.datamigration.sss.service.SssSecuritiesFileDataService:257 - Total records in File: {}9
2022-12-23 20:19:58.937 [main] INFO  scrips.datamigration.controller.ScripsFileUploadController:177 - fileRecords - AUTOSFNEWP99;AUTOSFNP;99YR BOND 2017 DUE 010199 AUTOSFNP;A;SGD;000000000001000;20171228;20171229;000001000000000;20990101;;10000000;00000000;000902800000000;S;00120000;00000000;3;050;00000000;00000000;20221201
2022-12-23 20:19:58.938 [main] INFO  scrips.datamigration.controller.ScripsFileUploadController:177 - fileRecords - BCSISMBIL001;BN2005M;MAS Bill;A;SGD;000000000001000;20210518;20210519;000000100000000;20251231;;10000000;00000000;000000100000000;N;00000000;00000000;0;241;00000000;00000000; 
2022-12-23 20:19:58.938 [main] INFO  scrips.datamigration.controller.ScripsFileUploadController:177 - fileRecords - BCSISTEST012;N999012M;15 YEARS BONDS;A;SGD;000000000001000;20170122;20170201;000000630000000;20290801;;10000000;00000000;000000630000000;S;00125000;00000000;5;015;00000000;00000000; 
2022-12-23 20:19:58.938 [main] INFO  scrips.datamigration.controller.ScripsFileUploadController:177 - fileRecords - MEPSUAT00016;GX16501W;10YR SBOND 2016 DUE220426 GX16501W;A;SGD;000000000000500;20160421;20160422;000000000287500;20260422;;10000000;00000000;000000000287500;S;00700000;00000000;3;010;00000000;00000000;20221022
2022-12-23 20:19:58.938 [main] INFO  scrips.datamigration.controller.ScripsFileUploadController:177 - fileRecords - MEPSUAT00024;GX16502N;10YR SBOND 2016 DUE250426 GX16502N;A;SGD;000000000000500;20160422;20160425;000000000300000;20260425;;10000000;00000000;000000000300000;S;00293000;00000000;3;010;00000000;00000000;20221025
2022-12-23 20:19:58.938 [main] INFO  scrips.datamigration.controller.ScripsFileUploadController:177 - fileRecords - MEPSUAT00032;GX16503V;10YR SBOND 2016 DUE 030526 GX16503V;A;SGD;000000000000500;20160429;20160503;000000000137500;20260503;;10000000;00000000;000000000137500;S;00354000;00000000;3;010;00000000;00000000;20221103
2022-12-23 20:19:58.938 [main] INFO  scrips.datamigration.controller.ScripsFileUploadController:177 - fileRecords - NPTESTSCREEN;NY15046C;10YR BOND 2016 DUE 260531 NY15046C;N;SGD;000000000001000;20160528;20160531;000000000001000;20260531;;10000000;00000000;000000000000000;S;00000000;00000000;3;010;00000000;00000000; 
2022-12-23 20:19:58.939 [main] INFO  scrips.datamigration.controller.ScripsFileUploadController:177 - fileRecords - NSBONDMAY002;NS21002A;NS BOND 3YR 2021 - 2024 NS21002A;A;SGD;000000000001000;20210505;20210506;000000000100000;20240531;;10000000;00000000;000000000100000;S;00215000;00000000;3;005;00000000;00000000;20221130
2022-12-23 20:19:58.939 [main] INFO  scrips.datamigration.controller.ScripsFileUploadController:179 - 1:securities_code
2022-12-23 20:19:58.939 [main] INFO  scrips.datamigration.controller.ScripsFileUploadController:179 - 2:issue_code
2022-12-23 20:19:58.939 [main] INFO  scrips.datamigration.controller.ScripsFileUploadController:179 - 3:description
2022-12-23 20:19:58.939 [main] INFO  scrips.datamigration.controller.ScripsFileUploadController:179 - 4:securities_status
2022-12-23 20:19:58.939 [main] INFO  scrips.datamigration.controller.ScripsFileUploadController:179 - 5:currency_code
2022-12-23 20:19:58.940 [main] INFO  scrips.datamigration.controller.ScripsFileUploadController:179 - 6:denomination
2022-12-23 20:19:58.940 [main] INFO  scrips.datamigration.controller.ScripsFileUploadController:179 - 7:first_auction_date
2022-12-23 20:19:58.940 [main] INFO  scrips.datamigration.controller.ScripsFileUploadController:179 - 8:first_issuance_date
2022-12-23 20:19:58.940 [main] INFO  scrips.datamigration.controller.ScripsFileUploadController:179 - 9:first_issuance_amount
2022-12-23 20:19:58.940 [main] INFO  scrips.datamigration.controller.ScripsFileUploadController:179 - 10:redemption_date
2022-12-23 20:19:58.940 [main] INFO  scrips.datamigration.controller.ScripsFileUploadController:179 - 11:optional_redemption_date
2022-12-23 20:19:58.940 [main] INFO  scrips.datamigration.controller.ScripsFileUploadController:179 - 12:redemption_price
2022-12-23 20:19:58.940 [main] INFO  scrips.datamigration.controller.ScripsFileUploadController:179 - 13:optional_redemption_price
2022-12-23 20:19:58.940 [main] INFO  scrips.datamigration.controller.ScripsFileUploadController:179 - 14:central_bank_applied_amount
2022-12-23 20:19:58.941 [main] INFO  scrips.datamigration.controller.ScripsFileUploadController:179 - 15:coupon_payment_frequency
2022-12-23 20:19:58.941 [main] INFO  scrips.datamigration.controller.ScripsFileUploadController:179 - 16:coupon_rate
2022-12-23 20:19:58.941 [main] INFO  scrips.datamigration.controller.ScripsFileUploadController:179 - 17:average_yield
2022-12-23 20:19:58.941 [main] INFO  scrips.datamigration.controller.ScripsFileUploadController:179 - 18:record_date_period
2022-12-23 20:19:58.941 [main] INFO  scrips.datamigration.controller.ScripsFileUploadController:179 - 19:tenor_period
2022-12-23 20:19:58.941 [main] INFO  scrips.datamigration.controller.ScripsFileUploadController:179 - 20:issue_price
2022-12-23 20:19:58.941 [main] INFO  scrips.datamigration.controller.ScripsFileUploadController:179 - 21:issue_yield
2022-12-23 20:19:58.942 [main] INFO  scrips.datamigration.controller.ScripsFileUploadController:179 - 22:first_coupon_date
2022-12-23 20:19:58.942 [main] INFO  scrips.datamigration.sss.service.SssSecuritiesCodeService:274 - ftp status n
2022-12-23 20:19:58.944 [main] ERROR scrips.datamigration.sss.service.SssSecuritiesCodeService:307 - error while parsing stepup file Index 1 out of bounds for length 1
2022-12-23 20:19:58.945 [main] ERROR scrips.datamigration.sss.service.SssSecuritiesCodeService:120 - errror while reading stepup data Index 1 out of bounds for length 1
2022-12-23 20:19:59.020 [main] INFO  scrips.datamigration.common.service.FkChecksEnableDisable:23 - enable FkChecks called
2022-12-23 20:19:59.023 [main] DEBUG org.hibernate.SQL:128 - SET FOREIGN_KEY_CHECKS = 1
2022-12-23 20:19:59.101 [main] INFO  scrips.datamigration.common.service.FkChecksEnableDisable:25 - enable FkChecks done
2022-12-23 20:19:59.262 [main] DEBUG org.hibernate.SQL:128 - SELECT @@GLOBAL.foreign_key_checks, @@SESSION.foreign_key_checks
2022-12-23 20:19:59.349 [main] INFO  scrips.datamigration.common.service.FkChecksEnableDisable:52 - foreign_key_checks status - 1
2022-12-23 20:19:59.399 [SpringContextShutdownHook] INFO  org.springframework.orm.jpa.LocalContainerEntityManagerFactoryBean:598 - Closing JPA EntityManagerFactory for persistence unit 'data'
2022-12-23 20:19:59.403 [SpringContextShutdownHook] INFO  com.zaxxer.hikari.HikariDataSource:350 - HikariPool-1 - Shutdown initiated...
2022-12-23 20:19:59.714 [SpringContextShutdownHook] INFO  com.zaxxer.hikari.HikariDataSource:352 - HikariPool-1 - Shutdown completed.
