2022-12-23 19:00:07.886 [main] INFO  scrips.datamigration.App:55 - Starting App on WSIN181 with PID 14612 (D:\DataMigrationNEW\DATA_MIGRATION_RTGS\DataMigrationAndExtract\DataMigration\target\classes started by SheikKhadeer in D:\DataMigrationNEW\DATA_MIGRATION_RTGS\DataMigrationAndExtract\DataMigration)
2022-12-23 19:00:07.908 [main] INFO  scrips.datamigration.App:651 - No active profile set, falling back to default profiles: app
2022-12-23 19:00:09.076 [main] INFO  org.springframework.data.repository.config.RepositoryConfigurationDelegate:127 - Bootstrapping Spring Data JPA repositories in DEFAULT mode.
2022-12-23 19:00:09.616 [main] INFO  org.springframework.data.repository.config.RepositoryConfigurationDelegate:187 - Finished Spring Data repository scanning in 523ms. Found 66 JPA repository interfaces.
2022-12-23 19:00:10.096 [main] INFO  com.ulisesbocchio.jasyptspringboot.configuration.EnableEncryptablePropertiesBeanFactoryPostProcessor:39 - Post-processing PropertySource instances
2022-12-23 19:00:10.128 [main] INFO  com.ulisesbocchio.jasyptspringboot.EncryptablePropertySourceConverter:56 - Converting PropertySource configurationProperties [org.springframework.boot.context.properties.source.ConfigurationPropertySourcesPropertySource] to AOP Proxy
2022-12-23 19:00:10.128 [main] INFO  com.ulisesbocchio.jasyptspringboot.EncryptablePropertySourceConverter:56 - Converting PropertySource commandLineArgs [org.springframework.core.env.SimpleCommandLinePropertySource] to EncryptableEnumerablePropertySourceWrapper
2022-12-23 19:00:10.129 [main] INFO  com.ulisesbocchio.jasyptspringboot.EncryptablePropertySourceConverter:56 - Converting PropertySource systemProperties [org.springframework.core.env.PropertiesPropertySource] to EncryptableMapPropertySourceWrapper
2022-12-23 19:00:10.129 [main] INFO  com.ulisesbocchio.jasyptspringboot.EncryptablePropertySourceConverter:56 - Converting PropertySource systemEnvironment [org.springframework.boot.env.SystemEnvironmentPropertySourceEnvironmentPostProcessor$OriginAwareSystemEnvironmentPropertySource] to EncryptableSystemEnvironmentPropertySourceWrapper
2022-12-23 19:00:10.130 [main] INFO  com.ulisesbocchio.jasyptspringboot.EncryptablePropertySourceConverter:56 - Converting PropertySource random [org.springframework.boot.env.RandomValuePropertySource] to EncryptablePropertySourceWrapper
2022-12-23 19:00:10.130 [main] INFO  com.ulisesbocchio.jasyptspringboot.EncryptablePropertySourceConverter:56 - Converting PropertySource applicationConfig: [file:./config/application.properties] [org.springframework.boot.env.OriginTrackedMapPropertySource] to EncryptableMapPropertySourceWrapper
2022-12-23 19:00:10.131 [main] INFO  com.ulisesbocchio.jasyptspringboot.EncryptablePropertySourceConverter:56 - Converting PropertySource applicationConfig: [classpath:/application.properties] [org.springframework.boot.env.OriginTrackedMapPropertySource] to EncryptableMapPropertySourceWrapper
2022-12-23 19:00:10.131 [main] INFO  com.ulisesbocchio.jasyptspringboot.EncryptablePropertySourceConverter:56 - Converting PropertySource DataMigrationProperties [org.springframework.core.env.MapPropertySource] to EncryptableMapPropertySourceWrapper
2022-12-23 19:00:10.266 [main] INFO  com.ulisesbocchio.jasyptspringboot.filter.DefaultLazyPropertyFilter:31 - Property Filter custom Bean not found with name 'encryptablePropertyFilter'. Initializing Default Property Filter
2022-12-23 19:00:10.377 [main] INFO  com.ulisesbocchio.jasyptspringboot.resolver.DefaultLazyPropertyResolver:35 - Property Resolver custom Bean not found with name 'encryptablePropertyResolver'. Initializing Default Property Resolver
2022-12-23 19:00:10.380 [main] INFO  com.ulisesbocchio.jasyptspringboot.detector.DefaultLazyPropertyDetector:35 - Property Detector custom Bean not found with name 'encryptablePropertyDetector'. Initializing Default Property Detector
2022-12-23 19:00:10.391 [main] INFO  com.ulisesbocchio.jasyptspringboot.encryptor.DefaultLazyEncryptor:37 - String Encryptor custom Bean not found with name 'jasyptStringEncryptor'. Initializing Default String Encryptor
2022-12-23 19:00:10.410 [main] INFO  com.ulisesbocchio.jasyptspringboot.configuration.StringEncryptorBuilder:81 - Encryptor config not found for property jasypt.encryptor.key-obtention-iterations, using default value: 1000
2022-12-23 19:00:10.411 [main] INFO  com.ulisesbocchio.jasyptspringboot.configuration.StringEncryptorBuilder:81 - Encryptor config not found for property jasypt.encryptor.pool-size, using default value: 1
2022-12-23 19:00:10.411 [main] INFO  com.ulisesbocchio.jasyptspringboot.configuration.StringEncryptorBuilder:81 - Encryptor config not found for property jasypt.encryptor.provider-name, using default value: null
2022-12-23 19:00:10.411 [main] INFO  com.ulisesbocchio.jasyptspringboot.configuration.StringEncryptorBuilder:81 - Encryptor config not found for property jasypt.encryptor.provider-class-name, using default value: null
2022-12-23 19:00:10.412 [main] INFO  com.ulisesbocchio.jasyptspringboot.configuration.StringEncryptorBuilder:81 - Encryptor config not found for property jasypt.encryptor.salt-generator-classname, using default value: org.jasypt.salt.RandomSaltGenerator
2022-12-23 19:00:10.414 [main] INFO  com.ulisesbocchio.jasyptspringboot.configuration.StringEncryptorBuilder:81 - Encryptor config not found for property jasypt.encryptor.string-output-type, using default value: base64
2022-12-23 19:00:10.654 [main] INFO  org.hibernate.jpa.internal.util.LogHelper:31 - HHH000204: Processing PersistenceUnitInfo [name: data]
2022-12-23 19:00:10.726 [main] INFO  org.hibernate.Version:44 - HHH000412: Hibernate ORM core version 5.4.15.Final
2022-12-23 19:00:10.914 [main] INFO  org.hibernate.annotations.common.Version:49 - HCANN000001: Hibernate Commons Annotations {5.1.0.Final}
2022-12-23 19:00:11.455 [main] INFO  com.zaxxer.hikari.HikariDataSource:110 - HikariPool-1 - Starting...
2022-12-23 19:00:12.548 [main] INFO  com.zaxxer.hikari.HikariDataSource:123 - HikariPool-1 - Start completed.
2022-12-23 19:00:12.601 [main] INFO  org.hibernate.dialect.Dialect:172 - HHH000400: Using dialect: org.hibernate.dialect.MySQL8Dialect
2022-12-23 19:00:12.947 [main] INFO  org.hibernate.envers.boot.internal.EnversServiceImpl:90 - Envers integration enabled? : true
2022-12-23 19:00:15.255 [main] INFO  org.hibernate.engine.transaction.jta.platform.internal.JtaPlatformInitiator:52 - HHH000490: Using JtaPlatform implementation: [org.hibernate.engine.transaction.jta.platform.internal.NoJtaPlatform]
2022-12-23 19:00:15.264 [main] INFO  org.springframework.orm.jpa.LocalContainerEntityManagerFactoryBean:416 - Initialized JPA EntityManagerFactory for persistence unit 'data'
2022-12-23 19:00:17.289 [main] INFO  scrips.datamigration.App:61 - Started App in 11.456 seconds (JVM running for 16.507)
2022-12-23 19:00:17.459 [main] INFO  scrips.datamigration.common.service.FkChecksEnableDisable:36 - disable FkChecks called
2022-12-23 19:00:17.488 [main] DEBUG org.hibernate.SQL:128 - SET FOREIGN_KEY_CHECKS = 0
2022-12-23 19:00:17.582 [main] INFO  scrips.datamigration.common.service.FkChecksEnableDisable:38 - disable FkChecks done
2022-12-23 19:00:17.788 [main] DEBUG org.hibernate.SQL:128 - SELECT @@GLOBAL.foreign_key_checks, @@SESSION.foreign_key_checks
2022-12-23 19:00:17.888 [main] INFO  scrips.datamigration.common.service.FkChecksEnableDisable:52 - foreign_key_checks status - 0
2022-12-23 19:00:17.891 [main] INFO  scrips.datamigration.controller.ScripsFileUploadController:159 - fileUploadCode - ACCOUNT_FILE_UPLOAD
2022-12-23 19:00:17.891 [main] INFO  scrips.datamigration.common.service.FileUploadService:115 - getFileHeaderByCode entered
2022-12-23 19:00:17.892 [main] INFO  scrips.datamigration.common.service.FileUploadService:121 - fileUpldHeaderOut - account
2022-12-23 19:00:17.892 [main] INFO  scrips.datamigration.controller.ScripsFileUploadController:163 - Live table name ->account
2022-12-23 19:00:17.893 [main] INFO  scrips.datamigration.common.service.FileUploadService:81 - ftp status n
2022-12-23 19:00:17.893 [main] INFO  scrips.datamigration.common.service.FileUploadService:96 - FTP Not Enabled,Reading files from MigrationFiles folder
2022-12-23 19:00:17.899 [main] INFO  scrips.datamigration.controller.ScripsFileUploadController:177 - fileRecords - MASGSGSG|21110223|Settlement Account|SETT|Y|Y|DBSSSGSG000|Active|SGD|NO_STATEMENT|ctgy1|cost1|123|No
2022-12-23 19:00:17.899 [main] INFO  scrips.datamigration.controller.ScripsFileUploadController:177 - fileRecords - MASGSGSG|21110223|Settlement Account|SETT|Y|Y|DBSSSGSG000|Active|SGD|NO_STATEMENT|ctgy1|cost1|123|No
2022-12-23 19:00:17.899 [main] INFO  scrips.datamigration.controller.ScripsFileUploadController:177 - fileRecords - MASGSGSG|11111110|Settlement Account@|SETT|Y|Y|DBSSSGSG000|Active|SGD|NO_STATEMENT|ctgy1|cost1|123|No
2022-12-23 19:00:17.900 [main] INFO  scrips.datamigration.controller.ScripsFileUploadController:177 - fileRecords - MASGSGSG|11111111|Settlement Account|SETT|Y|Y|DBSSSGSG000|Active|SG-|NO_STATEMENT|ctgy1|cost1|123|No
2022-12-23 19:00:17.900 [main] INFO  scrips.datamigration.controller.ScripsFileUploadController:177 - fileRecords - DBSSSGSG|11111112|Settlement Account|SETT|N|Y|DBSSSGSG000|Active|SGD|NO_STATEMENT|ctgy1|cost1|123|No
2022-12-23 19:00:17.900 [main] INFO  scrips.datamigration.controller.ScripsFileUploadController:177 - fileRecords - MASGSGSG|11111113|Settlement Account|SETT|Y|N|DBSSSGSG000|Active|SGD|NO_STATEMENT|ctgy1|cost1|123|No
2022-12-23 19:00:17.900 [main] INFO  scrips.datamigration.controller.ScripsFileUploadController:177 - fileRecords - MASGSGSG|11111114|Settlement Account|SETT|Y|Y|DBSSSGSG000|Active|SGD|NO_STATEMENT|ctgy1|cost1|123|TEST
2022-12-23 19:00:17.900 [main] INFO  scrips.datamigration.controller.ScripsFileUploadController:177 - fileRecords - MASGSGSG|11111115|Settlement Account|SETT|Y|Y|DBSSSGSG000|TEST|SGD|NO_STATEMENT|ctgy1|cost1|123|No
2022-12-23 19:00:17.900 [main] INFO  scrips.datamigration.controller.ScripsFileUploadController:177 - fileRecords - |11111116|Settlement Account|SETT|Y|Y|DBSSSGSG000|Active|SGD|NO_STATEMENT|ctgy1|cost1|123|No
2022-12-23 19:00:17.901 [main] INFO  scrips.datamigration.controller.ScripsFileUploadController:177 - fileRecords - DBSSSGSG||Settlement Account|SETT|Y|Y|DBSSSGSG000|Active|SGD|NO_STATEMENT|ctgy1|cost1|123|No
2022-12-23 19:00:17.901 [main] INFO  scrips.datamigration.controller.ScripsFileUploadController:177 - fileRecords - MASGSGSG|11111117|Settlement Account@|SETT|Y|Y|DBSSSGSG000|Active|SG-|NO_STATEMENT@|ctgy1|cost1|123|No
2022-12-23 19:00:17.901 [main] INFO  scrips.datamigration.controller.ScripsFileUploadController:177 - fileRecords - MASGSGSG|11111118|Settlement Account|SETT|Y|Y|DBSSSGSG000@|Active|SGD|NO_STATEMENT|ctgy1|cost1|123|No
2022-12-23 19:00:17.901 [main] INFO  scrips.datamigration.controller.ScripsFileUploadController:177 - fileRecords - MASGSGSG@|11111118|Settlement Account|SETT|Y|Y|DBSSSGSG000|Active|SGD|NO_STATEMENT|ctgy1|cost1|123|No
2022-12-23 19:00:17.902 [main] INFO  scrips.datamigration.controller.ScripsFileUploadController:179 - 1:member_code
2022-12-23 19:00:17.902 [main] INFO  scrips.datamigration.controller.ScripsFileUploadController:179 - 2:account_number
2022-12-23 19:00:17.902 [main] INFO  scrips.datamigration.controller.ScripsFileUploadController:179 - 3:description
2022-12-23 19:00:17.902 [main] INFO  scrips.datamigration.controller.ScripsFileUploadController:179 - 4:account_type
2022-12-23 19:00:17.902 [main] INFO  scrips.datamigration.controller.ScripsFileUploadController:179 - 5:main_account_indicator
2022-12-23 19:00:17.902 [main] INFO  scrips.datamigration.controller.ScripsFileUploadController:179 - 6:default_main_account
2022-12-23 19:00:17.903 [main] INFO  scrips.datamigration.controller.ScripsFileUploadController:179 - 7:statement_delivery_bic
2022-12-23 19:00:17.903 [main] INFO  scrips.datamigration.controller.ScripsFileUploadController:179 - 8:account_status
2022-12-23 19:00:17.903 [main] INFO  scrips.datamigration.controller.ScripsFileUploadController:179 - 9:currency_code
2022-12-23 19:00:17.903 [main] INFO  scrips.datamigration.controller.ScripsFileUploadController:179 - 10:end_of_day_statement
2022-12-23 19:00:17.904 [main] INFO  scrips.datamigration.controller.ScripsFileUploadController:179 - 11:gl_category
2022-12-23 19:00:17.904 [main] INFO  scrips.datamigration.controller.ScripsFileUploadController:179 - 12:cost_centre
2022-12-23 19:00:17.904 [main] INFO  scrips.datamigration.controller.ScripsFileUploadController:179 - 13:gl_account_number
2022-12-23 19:00:17.904 [main] INFO  scrips.datamigration.controller.ScripsFileUploadController:179 - 14:statement_interval
2022-12-23 19:00:18.014 [main] DEBUG org.hibernate.SQL:128 - insert into account_source (account_number, account_status, account_type, action, activation_date, approval_remark, approved_by, approved_date, compliance_calculation, cost_centre, counterparty_id, created_date, currency_code, default_main_account, description, effective_date, end_of_day_statement, gl_account_number, gl_category, id, main_account_indicator, member_id, modified_by, modified_date, payer_reference, related_reference, remarks, statement_delivery_bic, statement_interval, status, value_date, workflow_status_id) values (?, ?, ?, ?, ?, ?, ?, ?, ?, ?, ?, ?, ?, ?, ?, ?, ?, ?, ?, ?, ?, ?, ?, ?, ?, ?, ?, ?, ?, ?, ?, ?)
2022-12-23 19:00:18.373 [main] DEBUG org.hibernate.SQL:128 - insert into account_source (account_number, account_status, account_type, action, activation_date, approval_remark, approved_by, approved_date, compliance_calculation, cost_centre, counterparty_id, created_date, currency_code, default_main_account, description, effective_date, end_of_day_statement, gl_account_number, gl_category, id, main_account_indicator, member_id, modified_by, modified_date, payer_reference, related_reference, remarks, statement_delivery_bic, statement_interval, status, value_date, workflow_status_id) values (?, ?, ?, ?, ?, ?, ?, ?, ?, ?, ?, ?, ?, ?, ?, ?, ?, ?, ?, ?, ?, ?, ?, ?, ?, ?, ?, ?, ?, ?, ?, ?)
2022-12-23 19:00:18.713 [main] DEBUG org.hibernate.SQL:128 - insert into account_source (account_number, account_status, account_type, action, activation_date, approval_remark, approved_by, approved_date, compliance_calculation, cost_centre, counterparty_id, created_date, currency_code, default_main_account, description, effective_date, end_of_day_statement, gl_account_number, gl_category, id, main_account_indicator, member_id, modified_by, modified_date, payer_reference, related_reference, remarks, statement_delivery_bic, statement_interval, status, value_date, workflow_status_id) values (?, ?, ?, ?, ?, ?, ?, ?, ?, ?, ?, ?, ?, ?, ?, ?, ?, ?, ?, ?, ?, ?, ?, ?, ?, ?, ?, ?, ?, ?, ?, ?)
2022-12-23 19:00:19.044 [main] DEBUG org.hibernate.SQL:128 - insert into account_source (account_number, account_status, account_type, action, activation_date, approval_remark, approved_by, approved_date, compliance_calculation, cost_centre, counterparty_id, created_date, currency_code, default_main_account, description, effective_date, end_of_day_statement, gl_account_number, gl_category, id, main_account_indicator, member_id, modified_by, modified_date, payer_reference, related_reference, remarks, statement_delivery_bic, statement_interval, status, value_date, workflow_status_id) values (?, ?, ?, ?, ?, ?, ?, ?, ?, ?, ?, ?, ?, ?, ?, ?, ?, ?, ?, ?, ?, ?, ?, ?, ?, ?, ?, ?, ?, ?, ?, ?)
2022-12-23 19:00:19.406 [main] DEBUG org.hibernate.SQL:128 - insert into account_source (account_number, account_status, account_type, action, activation_date, approval_remark, approved_by, approved_date, compliance_calculation, cost_centre, counterparty_id, created_date, currency_code, default_main_account, description, effective_date, end_of_day_statement, gl_account_number, gl_category, id, main_account_indicator, member_id, modified_by, modified_date, payer_reference, related_reference, remarks, statement_delivery_bic, statement_interval, status, value_date, workflow_status_id) values (?, ?, ?, ?, ?, ?, ?, ?, ?, ?, ?, ?, ?, ?, ?, ?, ?, ?, ?, ?, ?, ?, ?, ?, ?, ?, ?, ?, ?, ?, ?, ?)
2022-12-23 19:00:19.766 [main] DEBUG org.hibernate.SQL:128 - insert into account_source (account_number, account_status, account_type, action, activation_date, approval_remark, approved_by, approved_date, compliance_calculation, cost_centre, counterparty_id, created_date, currency_code, default_main_account, description, effective_date, end_of_day_statement, gl_account_number, gl_category, id, main_account_indicator, member_id, modified_by, modified_date, payer_reference, related_reference, remarks, statement_delivery_bic, statement_interval, status, value_date, workflow_status_id) values (?, ?, ?, ?, ?, ?, ?, ?, ?, ?, ?, ?, ?, ?, ?, ?, ?, ?, ?, ?, ?, ?, ?, ?, ?, ?, ?, ?, ?, ?, ?, ?)
2022-12-23 19:00:20.114 [main] DEBUG org.hibernate.SQL:128 - insert into account_source (account_number, account_status, account_type, action, activation_date, approval_remark, approved_by, approved_date, compliance_calculation, cost_centre, counterparty_id, created_date, currency_code, default_main_account, description, effective_date, end_of_day_statement, gl_account_number, gl_category, id, main_account_indicator, member_id, modified_by, modified_date, payer_reference, related_reference, remarks, statement_delivery_bic, statement_interval, status, value_date, workflow_status_id) values (?, ?, ?, ?, ?, ?, ?, ?, ?, ?, ?, ?, ?, ?, ?, ?, ?, ?, ?, ?, ?, ?, ?, ?, ?, ?, ?, ?, ?, ?, ?, ?)
2022-12-23 19:00:20.486 [main] DEBUG org.hibernate.SQL:128 - insert into account_source (account_number, account_status, account_type, action, activation_date, approval_remark, approved_by, approved_date, compliance_calculation, cost_centre, counterparty_id, created_date, currency_code, default_main_account, description, effective_date, end_of_day_statement, gl_account_number, gl_category, id, main_account_indicator, member_id, modified_by, modified_date, payer_reference, related_reference, remarks, statement_delivery_bic, statement_interval, status, value_date, workflow_status_id) values (?, ?, ?, ?, ?, ?, ?, ?, ?, ?, ?, ?, ?, ?, ?, ?, ?, ?, ?, ?, ?, ?, ?, ?, ?, ?, ?, ?, ?, ?, ?, ?)
2022-12-23 19:00:20.837 [main] DEBUG org.hibernate.SQL:128 - insert into account_source (account_number, account_status, account_type, action, activation_date, approval_remark, approved_by, approved_date, compliance_calculation, cost_centre, counterparty_id, created_date, currency_code, default_main_account, description, effective_date, end_of_day_statement, gl_account_number, gl_category, id, main_account_indicator, member_id, modified_by, modified_date, payer_reference, related_reference, remarks, statement_delivery_bic, statement_interval, status, value_date, workflow_status_id) values (?, ?, ?, ?, ?, ?, ?, ?, ?, ?, ?, ?, ?, ?, ?, ?, ?, ?, ?, ?, ?, ?, ?, ?, ?, ?, ?, ?, ?, ?, ?, ?)
2022-12-23 19:00:21.193 [main] DEBUG org.hibernate.SQL:128 - insert into account_source (account_number, account_status, account_type, action, activation_date, approval_remark, approved_by, approved_date, compliance_calculation, cost_centre, counterparty_id, created_date, currency_code, default_main_account, description, effective_date, end_of_day_statement, gl_account_number, gl_category, id, main_account_indicator, member_id, modified_by, modified_date, payer_reference, related_reference, remarks, statement_delivery_bic, statement_interval, status, value_date, workflow_status_id) values (?, ?, ?, ?, ?, ?, ?, ?, ?, ?, ?, ?, ?, ?, ?, ?, ?, ?, ?, ?, ?, ?, ?, ?, ?, ?, ?, ?, ?, ?, ?, ?)
2022-12-23 19:00:21.546 [main] DEBUG org.hibernate.SQL:128 - insert into account_source (account_number, account_status, account_type, action, activation_date, approval_remark, approved_by, approved_date, compliance_calculation, cost_centre, counterparty_id, created_date, currency_code, default_main_account, description, effective_date, end_of_day_statement, gl_account_number, gl_category, id, main_account_indicator, member_id, modified_by, modified_date, payer_reference, related_reference, remarks, statement_delivery_bic, statement_interval, status, value_date, workflow_status_id) values (?, ?, ?, ?, ?, ?, ?, ?, ?, ?, ?, ?, ?, ?, ?, ?, ?, ?, ?, ?, ?, ?, ?, ?, ?, ?, ?, ?, ?, ?, ?, ?)
2022-12-23 19:00:21.894 [main] DEBUG org.hibernate.SQL:128 - insert into account_source (account_number, account_status, account_type, action, activation_date, approval_remark, approved_by, approved_date, compliance_calculation, cost_centre, counterparty_id, created_date, currency_code, default_main_account, description, effective_date, end_of_day_statement, gl_account_number, gl_category, id, main_account_indicator, member_id, modified_by, modified_date, payer_reference, related_reference, remarks, statement_delivery_bic, statement_interval, status, value_date, workflow_status_id) values (?, ?, ?, ?, ?, ?, ?, ?, ?, ?, ?, ?, ?, ?, ?, ?, ?, ?, ?, ?, ?, ?, ?, ?, ?, ?, ?, ?, ?, ?, ?, ?)
2022-12-23 19:00:22.253 [main] DEBUG org.hibernate.SQL:128 - insert into account_source (account_number, account_status, account_type, action, activation_date, approval_remark, approved_by, approved_date, compliance_calculation, cost_centre, counterparty_id, created_date, currency_code, default_main_account, description, effective_date, end_of_day_statement, gl_account_number, gl_category, id, main_account_indicator, member_id, modified_by, modified_date, payer_reference, related_reference, remarks, statement_delivery_bic, statement_interval, status, value_date, workflow_status_id) values (?, ?, ?, ?, ?, ?, ?, ?, ?, ?, ?, ?, ?, ?, ?, ?, ?, ?, ?, ?, ?, ?, ?, ?, ?, ?, ?, ?, ?, ?, ?, ?)
2022-12-23 19:00:22.531 [main] INFO  scrips.datamigration.rtgs.service.AccountService:152 - Total records in File: {}13
2022-12-23 19:00:22.706 [main] DEBUG org.hibernate.SQL:128 - select jpauser0_.id as id1_64_, jpauser0_.access_level as access_l2_64_, jpauser0_.action as action3_64_, jpauser0_.approval_remark as approval4_64_, jpauser0_.approved_by as approved5_64_, jpauser0_.approved_date as approved6_64_, jpauser0_.created_date as created_7_64_, jpauser0_.currency_code as currency8_64_, jpauser0_.effective_date as effectiv9_64_, jpauser0_.email as email10_64_, jpauser0_.first_activation_date as first_a11_64_, jpauser0_.last_login_datetime as last_lo12_64_, jpauser0_.login_attempts as login_a13_64_, jpauser0_.member_id as member_14_64_, jpauser0_.modified_by as modifie15_64_, jpauser0_.modified_date as modifie16_64_, jpauser0_.name as name17_64_, jpauser0_.password as passwor18_64_, jpauser0_.password_expiry_date as passwor19_64_, jpauser0_.phone_no as phone_n20_64_, jpauser0_.status as status21_64_, jpauser0_.swift_net_id as swift_n22_64_, jpauser0_.user_id as user_id23_64_, jpauser0_.user_status as user_st24_64_, jpauser0_.workflow_status_id as workflo25_64_ from user jpauser0_ where jpauser0_.name=?
2022-12-23 19:00:22.885 [main] INFO  scrips.datamigration.common.service.FkChecksEnableDisable:23 - enable FkChecks called
2022-12-23 19:00:22.887 [main] DEBUG org.hibernate.SQL:128 - SET FOREIGN_KEY_CHECKS = 1
2022-12-23 19:00:22.975 [main] INFO  scrips.datamigration.common.service.FkChecksEnableDisable:25 - enable FkChecks done
2022-12-23 19:00:23.146 [main] DEBUG org.hibernate.SQL:128 - SELECT @@GLOBAL.foreign_key_checks, @@SESSION.foreign_key_checks
2022-12-23 19:00:23.252 [main] INFO  scrips.datamigration.common.service.FkChecksEnableDisable:52 - foreign_key_checks status - 1
2022-12-23 19:00:23.310 [SpringContextShutdownHook] INFO  org.springframework.orm.jpa.LocalContainerEntityManagerFactoryBean:598 - Closing JPA EntityManagerFactory for persistence unit 'data'
2022-12-23 19:00:23.313 [SpringContextShutdownHook] INFO  com.zaxxer.hikari.HikariDataSource:350 - HikariPool-1 - Shutdown initiated...
2022-12-23 19:00:23.327 [SpringContextShutdownHook] INFO  com.zaxxer.hikari.HikariDataSource:352 - HikariPool-1 - Shutdown completed.
