2022-12-23 19:57:28.008 [main] INFO  scrips.datamigration.App:55 - Starting App on WSIN181 with PID 3256 (D:\DataMigrationNEW\DATA_MIGRATION_RTGS\DataMigrationAndExtract\DataMigration\target\classes started by SheikKhadeer in D:\DataMigrationNEW\DATA_MIGRATION_RTGS\DataMigrationAndExtract\DataMigration)
2022-12-23 19:57:28.015 [main] INFO  scrips.datamigration.App:651 - No active profile set, falling back to default profiles: app
2022-12-23 19:57:29.017 [main] INFO  org.springframework.data.repository.config.RepositoryConfigurationDelegate:127 - Bootstrapping Spring Data JPA repositories in DEFAULT mode.
2022-12-23 19:57:29.514 [main] INFO  org.springframework.data.repository.config.RepositoryConfigurationDelegate:187 - Finished Spring Data repository scanning in 486ms. Found 65 JPA repository interfaces.
2022-12-23 19:57:29.899 [main] INFO  com.ulisesbocchio.jasyptspringboot.configuration.EnableEncryptablePropertiesBeanFactoryPostProcessor:39 - Post-processing PropertySource instances
2022-12-23 19:57:29.928 [main] INFO  com.ulisesbocchio.jasyptspringboot.EncryptablePropertySourceConverter:56 - Converting PropertySource configurationProperties [org.springframework.boot.context.properties.source.ConfigurationPropertySourcesPropertySource] to AOP Proxy
2022-12-23 19:57:29.928 [main] INFO  com.ulisesbocchio.jasyptspringboot.EncryptablePropertySourceConverter:56 - Converting PropertySource commandLineArgs [org.springframework.core.env.SimpleCommandLinePropertySource] to EncryptableEnumerablePropertySourceWrapper
2022-12-23 19:57:29.929 [main] INFO  com.ulisesbocchio.jasyptspringboot.EncryptablePropertySourceConverter:56 - Converting PropertySource systemProperties [org.springframework.core.env.PropertiesPropertySource] to EncryptableMapPropertySourceWrapper
2022-12-23 19:57:29.930 [main] INFO  com.ulisesbocchio.jasyptspringboot.EncryptablePropertySourceConverter:56 - Converting PropertySource systemEnvironment [org.springframework.boot.env.SystemEnvironmentPropertySourceEnvironmentPostProcessor$OriginAwareSystemEnvironmentPropertySource] to EncryptableSystemEnvironmentPropertySourceWrapper
2022-12-23 19:57:29.930 [main] INFO  com.ulisesbocchio.jasyptspringboot.EncryptablePropertySourceConverter:56 - Converting PropertySource random [org.springframework.boot.env.RandomValuePropertySource] to EncryptablePropertySourceWrapper
2022-12-23 19:57:29.931 [main] INFO  com.ulisesbocchio.jasyptspringboot.EncryptablePropertySourceConverter:56 - Converting PropertySource applicationConfig: [file:./config/application.properties] [org.springframework.boot.env.OriginTrackedMapPropertySource] to EncryptableMapPropertySourceWrapper
2022-12-23 19:57:29.931 [main] INFO  com.ulisesbocchio.jasyptspringboot.EncryptablePropertySourceConverter:56 - Converting PropertySource applicationConfig: [classpath:/application.properties] [org.springframework.boot.env.OriginTrackedMapPropertySource] to EncryptableMapPropertySourceWrapper
2022-12-23 19:57:29.931 [main] INFO  com.ulisesbocchio.jasyptspringboot.EncryptablePropertySourceConverter:56 - Converting PropertySource DataMigrationProperties [org.springframework.core.env.MapPropertySource] to EncryptableMapPropertySourceWrapper
2022-12-23 19:57:30.043 [main] INFO  com.ulisesbocchio.jasyptspringboot.filter.DefaultLazyPropertyFilter:31 - Property Filter custom Bean not found with name 'encryptablePropertyFilter'. Initializing Default Property Filter
2022-12-23 19:57:30.146 [main] INFO  com.ulisesbocchio.jasyptspringboot.resolver.DefaultLazyPropertyResolver:35 - Property Resolver custom Bean not found with name 'encryptablePropertyResolver'. Initializing Default Property Resolver
2022-12-23 19:57:30.150 [main] INFO  com.ulisesbocchio.jasyptspringboot.detector.DefaultLazyPropertyDetector:35 - Property Detector custom Bean not found with name 'encryptablePropertyDetector'. Initializing Default Property Detector
2022-12-23 19:57:30.167 [main] INFO  com.ulisesbocchio.jasyptspringboot.encryptor.DefaultLazyEncryptor:37 - String Encryptor custom Bean not found with name 'jasyptStringEncryptor'. Initializing Default String Encryptor
2022-12-23 19:57:30.182 [main] INFO  com.ulisesbocchio.jasyptspringboot.configuration.StringEncryptorBuilder:81 - Encryptor config not found for property jasypt.encryptor.key-obtention-iterations, using default value: 1000
2022-12-23 19:57:30.183 [main] INFO  com.ulisesbocchio.jasyptspringboot.configuration.StringEncryptorBuilder:81 - Encryptor config not found for property jasypt.encryptor.pool-size, using default value: 1
2022-12-23 19:57:30.184 [main] INFO  com.ulisesbocchio.jasyptspringboot.configuration.StringEncryptorBuilder:81 - Encryptor config not found for property jasypt.encryptor.provider-name, using default value: null
2022-12-23 19:57:30.184 [main] INFO  com.ulisesbocchio.jasyptspringboot.configuration.StringEncryptorBuilder:81 - Encryptor config not found for property jasypt.encryptor.provider-class-name, using default value: null
2022-12-23 19:57:30.185 [main] INFO  com.ulisesbocchio.jasyptspringboot.configuration.StringEncryptorBuilder:81 - Encryptor config not found for property jasypt.encryptor.salt-generator-classname, using default value: org.jasypt.salt.RandomSaltGenerator
2022-12-23 19:57:30.187 [main] INFO  com.ulisesbocchio.jasyptspringboot.configuration.StringEncryptorBuilder:81 - Encryptor config not found for property jasypt.encryptor.string-output-type, using default value: base64
2022-12-23 19:57:30.377 [main] INFO  org.hibernate.jpa.internal.util.LogHelper:31 - HHH000204: Processing PersistenceUnitInfo [name: data]
2022-12-23 19:57:30.454 [main] INFO  org.hibernate.Version:44 - HHH000412: Hibernate ORM core version 5.4.15.Final
2022-12-23 19:57:30.633 [main] INFO  org.hibernate.annotations.common.Version:49 - HCANN000001: Hibernate Commons Annotations {5.1.0.Final}
2022-12-23 19:57:31.197 [main] INFO  com.zaxxer.hikari.HikariDataSource:110 - HikariPool-1 - Starting...
2022-12-23 19:57:32.224 [main] INFO  com.zaxxer.hikari.HikariDataSource:123 - HikariPool-1 - Start completed.
2022-12-23 19:57:32.300 [main] INFO  org.hibernate.dialect.Dialect:172 - HHH000400: Using dialect: org.hibernate.dialect.MySQL8Dialect
2022-12-23 19:57:32.500 [main] INFO  org.hibernate.envers.boot.internal.EnversServiceImpl:90 - Envers integration enabled? : true
2022-12-23 19:57:34.672 [main] INFO  org.hibernate.engine.transaction.jta.platform.internal.JtaPlatformInitiator:52 - HHH000490: Using JtaPlatform implementation: [org.hibernate.engine.transaction.jta.platform.internal.NoJtaPlatform]
2022-12-23 19:57:34.682 [main] INFO  org.springframework.orm.jpa.LocalContainerEntityManagerFactoryBean:416 - Initialized JPA EntityManagerFactory for persistence unit 'data'
2022-12-23 19:57:36.929 [main] INFO  scrips.datamigration.App:61 - Started App in 9.773 seconds (JVM running for 11.438)
2022-12-23 19:57:37.107 [main] INFO  scrips.datamigration.common.service.FkChecksEnableDisable:36 - disable FkChecks called
2022-12-23 19:57:37.155 [main] DEBUG org.hibernate.SQL:128 - SET FOREIGN_KEY_CHECKS = 0
2022-12-23 19:57:37.246 [main] INFO  scrips.datamigration.common.service.FkChecksEnableDisable:38 - disable FkChecks done
2022-12-23 19:57:37.460 [main] DEBUG org.hibernate.SQL:128 - SELECT @@GLOBAL.foreign_key_checks, @@SESSION.foreign_key_checks
2022-12-23 19:57:37.553 [main] INFO  scrips.datamigration.common.service.FkChecksEnableDisable:52 - foreign_key_checks status - 0
2022-12-23 19:57:37.556 [main] INFO  scrips.datamigration.controller.ScripsFileUploadController:159 - fileUploadCode - CBM_LIABILITIES_BASE_DETAIL_FILE_UPLOAD
2022-12-23 19:57:37.557 [main] INFO  scrips.datamigration.common.service.FileUploadService:115 - getFileHeaderByCode entered
2022-12-23 19:57:37.557 [main] INFO  scrips.datamigration.common.service.FileUploadService:121 - fileUpldHeaderOut - cbm_liabilities_base_detail
2022-12-23 19:57:37.558 [main] INFO  scrips.datamigration.controller.ScripsFileUploadController:163 - Live table name ->cbm_liabilities_base_detail
2022-12-23 19:57:37.558 [main] INFO  scrips.datamigration.common.service.FileUploadService:81 - ftp status n
2022-12-23 19:57:37.559 [main] INFO  scrips.datamigration.common.service.FileUploadService:96 - FTP Not Enabled,Reading files from MigrationFiles folder
2022-12-23 19:57:37.564 [main] INFO  scrips.datamigration.controller.ScripsFileUploadController:177 - fileRecords - MASGSGSG|2023-08-28 13:32:21|2022-04-14 12:25:01|12
2022-12-23 19:57:37.564 [main] INFO  scrips.datamigration.controller.ScripsFileUploadController:177 - fileRecords - MASGSGS1|2023-08-15 13:32:21|2022-04-14 12:25:01|110.00
2022-12-23 19:57:37.564 [main] INFO  scrips.datamigration.controller.ScripsFileUploadController:177 - fileRecords - GXSSSGS2|2024-08-15 13:32:21|2022-04-14 12:25:01|250.000
2022-12-23 19:57:37.565 [main] INFO  scrips.datamigration.controller.ScripsFileUploadController:177 - fileRecords - DBSSSGS3|2023-08-25 13:32:21|2022-04-14 12:25:01|12
2022-12-23 19:57:37.565 [main] INFO  scrips.datamigration.controller.ScripsFileUploadController:177 - fileRecords - MASGSGSC|2023-08-28 13:32:21|2022-04-14 12:25:01|-125
2022-12-23 19:57:37.565 [main] INFO  scrips.datamigration.controller.ScripsFileUploadController:177 - fileRecords - MASGSGS5|2023-08-15 13:32:21|2022-04-14 12:25:01|TEST
2022-12-23 19:57:37.565 [main] INFO  scrips.datamigration.controller.ScripsFileUploadController:177 - fileRecords - MASGSGS6|TEST|2022-04-14 12:25:01|120.00
2022-12-23 19:57:37.565 [main] INFO  scrips.datamigration.controller.ScripsFileUploadController:177 - fileRecords - MASGSGS7|2023-08-15 13:32:21|TEST|110.00
2022-12-23 19:57:37.565 [main] INFO  scrips.datamigration.controller.ScripsFileUploadController:177 - fileRecords - MASGSGS8|15/08/2023 13:32:21|2022-04-14 12:25:01|250.000
2022-12-23 19:57:37.566 [main] INFO  scrips.datamigration.controller.ScripsFileUploadController:179 - 1:member_code
2022-12-23 19:57:37.566 [main] INFO  scrips.datamigration.controller.ScripsFileUploadController:179 - 2:start_date
2022-12-23 19:57:37.566 [main] INFO  scrips.datamigration.controller.ScripsFileUploadController:179 - 3:end_date
2022-12-23 19:57:37.566 [main] INFO  scrips.datamigration.controller.ScripsFileUploadController:179 - 4:ql_lb
2022-12-23 19:57:37.579 [main] INFO  scrips.datamigration.rtgs.service.CbmLiabilitiesBaseDetailService:165 - Total records in File: {}9
2022-12-23 19:57:37.719 [main] DEBUG org.hibernate.SQL:128 - insert into cbm_liabilities_base_detail_source (end_date, id, member_id, ql_lb, remarks, start_date) values (?, ?, ?, ?, ?, ?)
2022-12-23 19:57:38.154 [main] DEBUG org.hibernate.SQL:128 - select jpamember0_.id as id1_37_, jpamember0_.action as action2_37_, jpamember0_.activation_date as activati3_37_, jpamember0_.approval_remark as approval4_37_, jpamember0_.approved_by as approved5_37_, jpamember0_.approved_date as approved6_37_, jpamember0_.bank_code as bank_cod7_37_, jpamember0_.billing_profile_id as billing_8_37_, jpamember0_.created_date as created_9_37_, jpamember0_.effective_date as effecti10_37_, jpamember0_.exempted_from_billing as exempte11_37_, jpamember0_.exempted_from_system_limit as exempte12_37_, jpamember0_.fi_group as fi_grou13_37_, jpamember0_.lei as lei14_37_, jpamember0_.location as locatio15_37_, jpamember0_.mcb_average as mcb_ave16_37_, jpamember0_.mcb_eod_maximum as mcb_eod17_37_, jpamember0_.mcb_eod_minimum as mcb_eod18_37_, jpamember0_.mcb_id as mcb_id19_37_, jpamember0_.mcb_intraday as mcb_int20_37_, jpamember0_.member_classification as member_21_37_, jpamember0_.member_code as member_22_37_, jpamember0_.member_status as member_23_37_, jpamember0_.member_type as member_24_37_, jpamember0_.modified_by as modifie25_37_, jpamember0_.modified_date as modifie26_37_, jpamember0_.name as name27_37_, jpamember0_.sector_id as sector_28_37_, jpamember0_.short_name as short_n29_37_, jpamember0_.status as status30_37_, jpamember0_.swift_bic as swift_b31_37_, jpamember0_.swift_member as swift_m32_37_, jpamember0_.tax_profile_id as tax_pro33_37_, jpamember0_.uen as uen34_37_, jpamember0_.verified_by as verifie35_37_, jpamember0_.verified_date as verifie36_37_, jpamember0_.workflow_status_id as workflo37_37_ from member jpamember0_ where jpamember0_.member_code=?
2022-12-23 19:57:38.390 [main] DEBUG org.hibernate.SQL:128 - select jpacbmliab0_.id as id1_21_0_, jpacbmliab0_.end_date as end_date2_21_0_, jpacbmliab0_.live_table_id as live_tab3_21_0_, jpacbmliab0_.member_id as member_i4_21_0_, jpacbmliab0_.ql_lb as ql_lb5_21_0_, jpacbmliab0_.remarks as remarks6_21_0_, jpacbmliab0_.start_date as start_da7_21_0_ from cbm_liabilities_base_detail_temp jpacbmliab0_ where jpacbmliab0_.id=?
2022-12-23 19:57:38.508 [main] DEBUG org.hibernate.SQL:128 - insert into cbm_liabilities_base_detail_temp (end_date, live_table_id, member_id, ql_lb, remarks, start_date, id) values (?, ?, ?, ?, ?, ?, ?)
2022-12-23 19:57:38.944 [main] DEBUG org.hibernate.SQL:128 - insert into cbm_liabilities_base_detail_source (end_date, id, member_id, ql_lb, remarks, start_date) values (?, ?, ?, ?, ?, ?)
2022-12-23 19:57:39.207 [main] DEBUG org.hibernate.SQL:128 - select jpamember0_.id as id1_37_, jpamember0_.action as action2_37_, jpamember0_.activation_date as activati3_37_, jpamember0_.approval_remark as approval4_37_, jpamember0_.approved_by as approved5_37_, jpamember0_.approved_date as approved6_37_, jpamember0_.bank_code as bank_cod7_37_, jpamember0_.billing_profile_id as billing_8_37_, jpamember0_.created_date as created_9_37_, jpamember0_.effective_date as effecti10_37_, jpamember0_.exempted_from_billing as exempte11_37_, jpamember0_.exempted_from_system_limit as exempte12_37_, jpamember0_.fi_group as fi_grou13_37_, jpamember0_.lei as lei14_37_, jpamember0_.location as locatio15_37_, jpamember0_.mcb_average as mcb_ave16_37_, jpamember0_.mcb_eod_maximum as mcb_eod17_37_, jpamember0_.mcb_eod_minimum as mcb_eod18_37_, jpamember0_.mcb_id as mcb_id19_37_, jpamember0_.mcb_intraday as mcb_int20_37_, jpamember0_.member_classification as member_21_37_, jpamember0_.member_code as member_22_37_, jpamember0_.member_status as member_23_37_, jpamember0_.member_type as member_24_37_, jpamember0_.modified_by as modifie25_37_, jpamember0_.modified_date as modifie26_37_, jpamember0_.name as name27_37_, jpamember0_.sector_id as sector_28_37_, jpamember0_.short_name as short_n29_37_, jpamember0_.status as status30_37_, jpamember0_.swift_bic as swift_b31_37_, jpamember0_.swift_member as swift_m32_37_, jpamember0_.tax_profile_id as tax_pro33_37_, jpamember0_.uen as uen34_37_, jpamember0_.verified_by as verifie35_37_, jpamember0_.verified_date as verifie36_37_, jpamember0_.workflow_status_id as workflo37_37_ from member jpamember0_ where jpamember0_.member_code=?
2022-12-23 19:57:39.388 [main] DEBUG org.hibernate.SQL:128 - select jpacbmliab0_.id as id1_21_0_, jpacbmliab0_.end_date as end_date2_21_0_, jpacbmliab0_.live_table_id as live_tab3_21_0_, jpacbmliab0_.member_id as member_i4_21_0_, jpacbmliab0_.ql_lb as ql_lb5_21_0_, jpacbmliab0_.remarks as remarks6_21_0_, jpacbmliab0_.start_date as start_da7_21_0_ from cbm_liabilities_base_detail_temp jpacbmliab0_ where jpacbmliab0_.id=?
2022-12-23 19:57:39.481 [main] DEBUG org.hibernate.SQL:128 - insert into cbm_liabilities_base_detail_temp (end_date, live_table_id, member_id, ql_lb, remarks, start_date, id) values (?, ?, ?, ?, ?, ?, ?)
2022-12-23 19:57:39.870 [main] DEBUG org.hibernate.SQL:128 - insert into cbm_liabilities_base_detail_source (end_date, id, member_id, ql_lb, remarks, start_date) values (?, ?, ?, ?, ?, ?)
2022-12-23 19:57:40.149 [main] DEBUG org.hibernate.SQL:128 - select jpamember0_.id as id1_37_, jpamember0_.action as action2_37_, jpamember0_.activation_date as activati3_37_, jpamember0_.approval_remark as approval4_37_, jpamember0_.approved_by as approved5_37_, jpamember0_.approved_date as approved6_37_, jpamember0_.bank_code as bank_cod7_37_, jpamember0_.billing_profile_id as billing_8_37_, jpamember0_.created_date as created_9_37_, jpamember0_.effective_date as effecti10_37_, jpamember0_.exempted_from_billing as exempte11_37_, jpamember0_.exempted_from_system_limit as exempte12_37_, jpamember0_.fi_group as fi_grou13_37_, jpamember0_.lei as lei14_37_, jpamember0_.location as locatio15_37_, jpamember0_.mcb_average as mcb_ave16_37_, jpamember0_.mcb_eod_maximum as mcb_eod17_37_, jpamember0_.mcb_eod_minimum as mcb_eod18_37_, jpamember0_.mcb_id as mcb_id19_37_, jpamember0_.mcb_intraday as mcb_int20_37_, jpamember0_.member_classification as member_21_37_, jpamember0_.member_code as member_22_37_, jpamember0_.member_status as member_23_37_, jpamember0_.member_type as member_24_37_, jpamember0_.modified_by as modifie25_37_, jpamember0_.modified_date as modifie26_37_, jpamember0_.name as name27_37_, jpamember0_.sector_id as sector_28_37_, jpamember0_.short_name as short_n29_37_, jpamember0_.status as status30_37_, jpamember0_.swift_bic as swift_b31_37_, jpamember0_.swift_member as swift_m32_37_, jpamember0_.tax_profile_id as tax_pro33_37_, jpamember0_.uen as uen34_37_, jpamember0_.verified_by as verifie35_37_, jpamember0_.verified_date as verifie36_37_, jpamember0_.workflow_status_id as workflo37_37_ from member jpamember0_ where jpamember0_.member_code=?
2022-12-23 19:57:40.341 [main] DEBUG org.hibernate.SQL:128 - select jpacbmliab0_.id as id1_21_0_, jpacbmliab0_.end_date as end_date2_21_0_, jpacbmliab0_.live_table_id as live_tab3_21_0_, jpacbmliab0_.member_id as member_i4_21_0_, jpacbmliab0_.ql_lb as ql_lb5_21_0_, jpacbmliab0_.remarks as remarks6_21_0_, jpacbmliab0_.start_date as start_da7_21_0_ from cbm_liabilities_base_detail_temp jpacbmliab0_ where jpacbmliab0_.id=?
2022-12-23 19:57:40.423 [main] DEBUG org.hibernate.SQL:128 - insert into cbm_liabilities_base_detail_temp (end_date, live_table_id, member_id, ql_lb, remarks, start_date, id) values (?, ?, ?, ?, ?, ?, ?)
2022-12-23 19:57:40.808 [main] DEBUG org.hibernate.SQL:128 - insert into cbm_liabilities_base_detail_source (end_date, id, member_id, ql_lb, remarks, start_date) values (?, ?, ?, ?, ?, ?)
2022-12-23 19:57:41.059 [main] DEBUG org.hibernate.SQL:128 - select jpamember0_.id as id1_37_, jpamember0_.action as action2_37_, jpamember0_.activation_date as activati3_37_, jpamember0_.approval_remark as approval4_37_, jpamember0_.approved_by as approved5_37_, jpamember0_.approved_date as approved6_37_, jpamember0_.bank_code as bank_cod7_37_, jpamember0_.billing_profile_id as billing_8_37_, jpamember0_.created_date as created_9_37_, jpamember0_.effective_date as effecti10_37_, jpamember0_.exempted_from_billing as exempte11_37_, jpamember0_.exempted_from_system_limit as exempte12_37_, jpamember0_.fi_group as fi_grou13_37_, jpamember0_.lei as lei14_37_, jpamember0_.location as locatio15_37_, jpamember0_.mcb_average as mcb_ave16_37_, jpamember0_.mcb_eod_maximum as mcb_eod17_37_, jpamember0_.mcb_eod_minimum as mcb_eod18_37_, jpamember0_.mcb_id as mcb_id19_37_, jpamember0_.mcb_intraday as mcb_int20_37_, jpamember0_.member_classification as member_21_37_, jpamember0_.member_code as member_22_37_, jpamember0_.member_status as member_23_37_, jpamember0_.member_type as member_24_37_, jpamember0_.modified_by as modifie25_37_, jpamember0_.modified_date as modifie26_37_, jpamember0_.name as name27_37_, jpamember0_.sector_id as sector_28_37_, jpamember0_.short_name as short_n29_37_, jpamember0_.status as status30_37_, jpamember0_.swift_bic as swift_b31_37_, jpamember0_.swift_member as swift_m32_37_, jpamember0_.tax_profile_id as tax_pro33_37_, jpamember0_.uen as uen34_37_, jpamember0_.verified_by as verifie35_37_, jpamember0_.verified_date as verifie36_37_, jpamember0_.workflow_status_id as workflo37_37_ from member jpamember0_ where jpamember0_.member_code=?
2022-12-23 19:57:41.239 [main] DEBUG org.hibernate.SQL:128 - select jpacbmliab0_.id as id1_21_0_, jpacbmliab0_.end_date as end_date2_21_0_, jpacbmliab0_.live_table_id as live_tab3_21_0_, jpacbmliab0_.member_id as member_i4_21_0_, jpacbmliab0_.ql_lb as ql_lb5_21_0_, jpacbmliab0_.remarks as remarks6_21_0_, jpacbmliab0_.start_date as start_da7_21_0_ from cbm_liabilities_base_detail_temp jpacbmliab0_ where jpacbmliab0_.id=?
2022-12-23 19:57:41.327 [main] DEBUG org.hibernate.SQL:128 - insert into cbm_liabilities_base_detail_temp (end_date, live_table_id, member_id, ql_lb, remarks, start_date, id) values (?, ?, ?, ?, ?, ?, ?)
2022-12-23 19:57:41.741 [main] DEBUG org.hibernate.SQL:128 - insert into cbm_liabilities_base_detail_source (end_date, id, member_id, ql_lb, remarks, start_date) values (?, ?, ?, ?, ?, ?)
2022-12-23 19:57:42.067 [main] DEBUG org.hibernate.SQL:128 - insert into cbm_liabilities_base_detail_source (end_date, id, member_id, ql_lb, remarks, start_date) values (?, ?, ?, ?, ?, ?)
2022-12-23 19:57:42.409 [main] DEBUG org.hibernate.SQL:128 - insert into cbm_liabilities_base_detail_source (end_date, id, member_id, ql_lb, remarks, start_date) values (?, ?, ?, ?, ?, ?)
2022-12-23 19:57:42.707 [main] DEBUG org.hibernate.SQL:128 - insert into cbm_liabilities_base_detail_source (end_date, id, member_id, ql_lb, remarks, start_date) values (?, ?, ?, ?, ?, ?)
2022-12-23 19:57:43.019 [main] DEBUG org.hibernate.SQL:128 - insert into cbm_liabilities_base_detail_source (end_date, id, member_id, ql_lb, remarks, start_date) values (?, ?, ?, ?, ?, ?)
2022-12-23 19:57:43.372 [main] DEBUG org.hibernate.SQL:128 - insert into cbm_liabilities_base_detail (end_date, member_id, ql_lb, start_date) values (?, ?, ?, ?)
2022-12-23 19:57:43.729 [main] DEBUG org.hibernate.SQL:128 - select jpacbmliab0_.id as id1_21_0_, jpacbmliab0_.end_date as end_date2_21_0_, jpacbmliab0_.live_table_id as live_tab3_21_0_, jpacbmliab0_.member_id as member_i4_21_0_, jpacbmliab0_.ql_lb as ql_lb5_21_0_, jpacbmliab0_.remarks as remarks6_21_0_, jpacbmliab0_.start_date as start_da7_21_0_ from cbm_liabilities_base_detail_temp jpacbmliab0_ where jpacbmliab0_.id=?
2022-12-23 19:57:43.827 [main] DEBUG org.hibernate.SQL:128 - update cbm_liabilities_base_detail_temp set end_date=?, live_table_id=?, member_id=?, ql_lb=?, remarks=?, start_date=? where id=?
2022-12-23 19:57:44.246 [main] INFO  scrips.datamigration.common.service.FkChecksEnableDisable:23 - enable FkChecks called
2022-12-23 19:57:44.247 [main] DEBUG org.hibernate.SQL:128 - SET FOREIGN_KEY_CHECKS = 1
2022-12-23 19:57:44.324 [main] INFO  scrips.datamigration.common.service.FkChecksEnableDisable:25 - enable FkChecks done
2022-12-23 19:57:44.477 [main] DEBUG org.hibernate.SQL:128 - SELECT @@GLOBAL.foreign_key_checks, @@SESSION.foreign_key_checks
2022-12-23 19:57:44.562 [main] INFO  scrips.datamigration.common.service.FkChecksEnableDisable:52 - foreign_key_checks status - 1
2022-12-23 19:57:44.612 [SpringContextShutdownHook] INFO  org.springframework.orm.jpa.LocalContainerEntityManagerFactoryBean:598 - Closing JPA EntityManagerFactory for persistence unit 'data'
2022-12-23 19:57:44.615 [SpringContextShutdownHook] INFO  com.zaxxer.hikari.HikariDataSource:350 - HikariPool-1 - Shutdown initiated...
2022-12-23 19:57:44.632 [SpringContextShutdownHook] INFO  com.zaxxer.hikari.HikariDataSource:352 - HikariPool-1 - Shutdown completed.
