2022-12-23 18:57:25.255 [main] INFO  scrips.datamigration.App:55 - Starting App on WSIN181 with PID 4468 (D:\DataMigrationNEW\DATA_MIGRATION_RTGS\DataMigrationAndExtract\DataMigration\target\classes started by SheikKhadeer in D:\DataMigrationNEW\DATA_MIGRATION_RTGS\DataMigrationAndExtract\DataMigration)
2022-12-23 18:57:25.262 [main] INFO  scrips.datamigration.App:651 - No active profile set, falling back to default profiles: app
2022-12-23 18:57:26.477 [main] INFO  org.springframework.data.repository.config.RepositoryConfigurationDelegate:127 - Bootstrapping Spring Data JPA repositories in DEFAULT mode.
2022-12-23 18:57:27.076 [main] INFO  org.springframework.data.repository.config.RepositoryConfigurationDelegate:187 - Finished Spring Data repository scanning in 584ms. Found 66 JPA repository interfaces.
2022-12-23 18:57:27.449 [main] INFO  com.ulisesbocchio.jasyptspringboot.configuration.EnableEncryptablePropertiesBeanFactoryPostProcessor:39 - Post-processing PropertySource instances
2022-12-23 18:57:27.481 [main] INFO  com.ulisesbocchio.jasyptspringboot.EncryptablePropertySourceConverter:56 - Converting PropertySource configurationProperties [org.springframework.boot.context.properties.source.ConfigurationPropertySourcesPropertySource] to AOP Proxy
2022-12-23 18:57:27.482 [main] INFO  com.ulisesbocchio.jasyptspringboot.EncryptablePropertySourceConverter:56 - Converting PropertySource commandLineArgs [org.springframework.core.env.SimpleCommandLinePropertySource] to EncryptableEnumerablePropertySourceWrapper
2022-12-23 18:57:27.482 [main] INFO  com.ulisesbocchio.jasyptspringboot.EncryptablePropertySourceConverter:56 - Converting PropertySource systemProperties [org.springframework.core.env.PropertiesPropertySource] to EncryptableMapPropertySourceWrapper
2022-12-23 18:57:27.482 [main] INFO  com.ulisesbocchio.jasyptspringboot.EncryptablePropertySourceConverter:56 - Converting PropertySource systemEnvironment [org.springframework.boot.env.SystemEnvironmentPropertySourceEnvironmentPostProcessor$OriginAwareSystemEnvironmentPropertySource] to EncryptableSystemEnvironmentPropertySourceWrapper
2022-12-23 18:57:27.483 [main] INFO  com.ulisesbocchio.jasyptspringboot.EncryptablePropertySourceConverter:56 - Converting PropertySource random [org.springframework.boot.env.RandomValuePropertySource] to EncryptablePropertySourceWrapper
2022-12-23 18:57:27.484 [main] INFO  com.ulisesbocchio.jasyptspringboot.EncryptablePropertySourceConverter:56 - Converting PropertySource applicationConfig: [file:./config/application.properties] [org.springframework.boot.env.OriginTrackedMapPropertySource] to EncryptableMapPropertySourceWrapper
2022-12-23 18:57:27.484 [main] INFO  com.ulisesbocchio.jasyptspringboot.EncryptablePropertySourceConverter:56 - Converting PropertySource applicationConfig: [classpath:/application.properties] [org.springframework.boot.env.OriginTrackedMapPropertySource] to EncryptableMapPropertySourceWrapper
2022-12-23 18:57:27.485 [main] INFO  com.ulisesbocchio.jasyptspringboot.EncryptablePropertySourceConverter:56 - Converting PropertySource DataMigrationProperties [org.springframework.core.env.MapPropertySource] to EncryptableMapPropertySourceWrapper
2022-12-23 18:57:27.645 [main] INFO  com.ulisesbocchio.jasyptspringboot.filter.DefaultLazyPropertyFilter:31 - Property Filter custom Bean not found with name 'encryptablePropertyFilter'. Initializing Default Property Filter
2022-12-23 18:57:27.786 [main] INFO  com.ulisesbocchio.jasyptspringboot.resolver.DefaultLazyPropertyResolver:35 - Property Resolver custom Bean not found with name 'encryptablePropertyResolver'. Initializing Default Property Resolver
2022-12-23 18:57:27.790 [main] INFO  com.ulisesbocchio.jasyptspringboot.detector.DefaultLazyPropertyDetector:35 - Property Detector custom Bean not found with name 'encryptablePropertyDetector'. Initializing Default Property Detector
2022-12-23 18:57:27.799 [main] INFO  com.ulisesbocchio.jasyptspringboot.encryptor.DefaultLazyEncryptor:37 - String Encryptor custom Bean not found with name 'jasyptStringEncryptor'. Initializing Default String Encryptor
2022-12-23 18:57:27.820 [main] INFO  com.ulisesbocchio.jasyptspringboot.configuration.StringEncryptorBuilder:81 - Encryptor config not found for property jasypt.encryptor.key-obtention-iterations, using default value: 1000
2022-12-23 18:57:27.821 [main] INFO  com.ulisesbocchio.jasyptspringboot.configuration.StringEncryptorBuilder:81 - Encryptor config not found for property jasypt.encryptor.pool-size, using default value: 1
2022-12-23 18:57:27.822 [main] INFO  com.ulisesbocchio.jasyptspringboot.configuration.StringEncryptorBuilder:81 - Encryptor config not found for property jasypt.encryptor.provider-name, using default value: null
2022-12-23 18:57:27.822 [main] INFO  com.ulisesbocchio.jasyptspringboot.configuration.StringEncryptorBuilder:81 - Encryptor config not found for property jasypt.encryptor.provider-class-name, using default value: null
2022-12-23 18:57:27.823 [main] INFO  com.ulisesbocchio.jasyptspringboot.configuration.StringEncryptorBuilder:81 - Encryptor config not found for property jasypt.encryptor.salt-generator-classname, using default value: org.jasypt.salt.RandomSaltGenerator
2022-12-23 18:57:27.825 [main] INFO  com.ulisesbocchio.jasyptspringboot.configuration.StringEncryptorBuilder:81 - Encryptor config not found for property jasypt.encryptor.string-output-type, using default value: base64
2022-12-23 18:57:28.074 [main] INFO  org.hibernate.jpa.internal.util.LogHelper:31 - HHH000204: Processing PersistenceUnitInfo [name: data]
2022-12-23 18:57:28.153 [main] INFO  org.hibernate.Version:44 - HHH000412: Hibernate ORM core version 5.4.15.Final
2022-12-23 18:57:28.314 [main] INFO  org.hibernate.annotations.common.Version:49 - HCANN000001: Hibernate Commons Annotations {5.1.0.Final}
2022-12-23 18:57:28.912 [main] INFO  com.zaxxer.hikari.HikariDataSource:110 - HikariPool-1 - Starting...
2022-12-23 18:57:29.966 [main] INFO  com.zaxxer.hikari.HikariDataSource:123 - HikariPool-1 - Start completed.
2022-12-23 18:57:30.025 [main] INFO  org.hibernate.dialect.Dialect:172 - HHH000400: Using dialect: org.hibernate.dialect.MySQL8Dialect
2022-12-23 18:57:30.192 [main] INFO  org.hibernate.envers.boot.internal.EnversServiceImpl:90 - Envers integration enabled? : true
2022-12-23 18:57:32.307 [main] INFO  org.hibernate.engine.transaction.jta.platform.internal.JtaPlatformInitiator:52 - HHH000490: Using JtaPlatform implementation: [org.hibernate.engine.transaction.jta.platform.internal.NoJtaPlatform]
2022-12-23 18:57:32.316 [main] INFO  org.springframework.orm.jpa.LocalContainerEntityManagerFactoryBean:416 - Initialized JPA EntityManagerFactory for persistence unit 'data'
2022-12-23 18:57:34.429 [main] INFO  scrips.datamigration.App:61 - Started App in 9.838 seconds (JVM running for 12.43)
2022-12-23 18:57:34.624 [main] INFO  scrips.datamigration.common.service.FkChecksEnableDisable:36 - disable FkChecks called
2022-12-23 18:57:34.692 [main] DEBUG org.hibernate.SQL:128 - SET FOREIGN_KEY_CHECKS = 0
2022-12-23 18:57:34.799 [main] INFO  scrips.datamigration.common.service.FkChecksEnableDisable:38 - disable FkChecks done
2022-12-23 18:57:34.998 [main] DEBUG org.hibernate.SQL:128 - SELECT @@GLOBAL.foreign_key_checks, @@SESSION.foreign_key_checks
2022-12-23 18:57:35.104 [main] INFO  scrips.datamigration.common.service.FkChecksEnableDisable:52 - foreign_key_checks status - 0
2022-12-23 18:57:35.115 [main] INFO  scrips.datamigration.controller.ScripsFileUploadController:159 - fileUploadCode - SSS_SECURITIES_CODE_FILE_UPLOAD
2022-12-23 18:57:35.116 [main] INFO  scrips.datamigration.common.service.FileUploadService:115 - getFileHeaderByCode entered
2022-12-23 18:57:35.118 [main] INFO  scrips.datamigration.common.service.FileUploadService:121 - fileUpldHeaderOut - securities_code
2022-12-23 18:57:35.119 [main] INFO  scrips.datamigration.controller.ScripsFileUploadController:163 - Live table name ->securities_code
2022-12-23 18:57:35.124 [main] INFO  scrips.datamigration.csv.service.SssSecuritiesFileDataService:43 - Live table name ->securities_file_data
2022-12-23 18:57:35.126 [main] INFO  scrips.datamigration.csv.service.SssSecuritiesFileDataService:44 - ftp status n
2022-12-23 18:57:35.174 [main] INFO  scrips.datamigration.csv.service.SssSecuritiesFileDataService:73 - fileSourceData - ISIN Code;Description;ISIN Type;Issue Code;ISIN Status;Taxable;Tradable;Credit Rating;Eligible for ILF;ILF Haircut Setting;Haircut Percentage for ILF;Maturity Date;Optional Maturity Date;Auction Date;First Issuance Date;First Issuance Amount;Re-Opening - Auction Date;Re-Opening - Allotment Date;Re-Opening - Total Allotment Amount;Total Issued Amount;Outstanding Nominal Amount;Amount Allocated to MAS;Amount Allocated to Others;MAS Applied Amount;Unit Size;Denomination;Currency Code;Redemption Price;Coupon Rate;Ex-date Period;Ex-date;Coupon Payment Frequency;Last Coupon Date;Next Coupon Date;Optional Coupon Date;Days of Accrued Interest;Tenure;Average Yield;Cutoff Yield;Average Yield Price;Cutoff Yield Price;Re-Opening - MAS Applied Amount;Total Redeemed Amount;ISIN Sub Type
2022-12-23 18:57:35.175 [main] INFO  scrips.datamigration.csv.service.SssSecuritiesFileDataService:73 - fileSourceData - AUTOSFNEWP99;99YR BOND 2017 DUE 010199 AUTOSFNP;BN;AUTOSFNP;A;Y;Y;AAA;Y;A;00300000;20990101; ;20171228;20171229;000001000000000;20221026;20221027;000900000000000;000902800000000;000902799998000;000001500000000;000901300000000;000001000000000;1000;000000000001000;SGD;10000000;00120000;3;20230529;S;20221201;20230601;20180601;182;050;00000000;00000000;00000000;00000000;000900000000000;000000000002000;NA
2022-12-23 18:57:35.175 [main] INFO  scrips.datamigration.csv.service.SssSecuritiesFileDataService:73 - fileSourceData - BCSISMBIL001;MAS Bill;MB;BN2005M;A;Y;Y;AAA;Y;Y;00100000;20251231; ;20210518;20210519;000000100000000; ; ;000000000000000;000000100000000;000000100000000;000000000900000;000000099100000;000000000100000;1000;000000000001000;SGD;10000000;00000000;0; ;N; ; ; ; ;241;00000000;00000000;00000000;00000000;000000000000000;000000000000000;NA
2022-12-23 18:57:35.175 [main] INFO  scrips.datamigration.csv.service.SssSecuritiesFileDataService:73 - fileSourceData - BCSISTEST012;15 YEARS BONDS;BN;N999012M;A;Y;Y;AAA;Y;A;00200000;20290801; ;20170122;20170201;000000630000000;20210428;20210429;000000000600000;000000630000000;000000630000000;000000000010000;000000629990000;000000080000000;1000;000000000001000;SGD;10000000;00125000;5;20170725;S; ; ;20170801;181;015;00000000;00000000;00000000;00000000;000000000200000;000000000000000;NA
2022-12-23 18:57:35.175 [main] INFO  scrips.datamigration.csv.service.SssSecuritiesFileDataService:73 - fileSourceData - MEPSUAT00016;10YR SBOND 2016 DUE220426 GX16501W;SB;GX16501W;A;Y;N;AAA;N;N;00000000;20260422; ;20160421;20160422;000000000287500; ; ;000000000000000;000000000287500;000000000242500;000000000000000;000000000287500;000000000000000;1000;000000000000500;SGD;10000000;00700000;3;20230419;S;20221022;20230422;20161022; ;010;00000000;00000000;00000000;00000000;000000000000000;000000000045000;NA
2022-12-23 18:57:35.175 [main] INFO  scrips.datamigration.csv.service.SssSecuritiesFileDataService:73 - fileSourceData - MEPSUAT00024;10YR SBOND 2016 DUE250426 GX16502N;SB;GX16502N;A;Y;N;AAA;N;N;00000000;20260425; ;20160422;20160425;000000000300000; ; ;000000000000000;000000000300000;000000000170000;000000000000000;000000000300000;000000000000000;1000;000000000000500;SGD;10000000;00293000;3;20230420;S;20221025;20230425;20161025; ;010;00000000;00000000;00000000;00000000;000000000000000;000000000130000;NA
2022-12-23 18:57:35.176 [main] INFO  scrips.datamigration.csv.service.SssSecuritiesFileDataService:73 - fileSourceData - MEPSUAT00032;10YR SBOND 2016 DUE 030526 GX16503V;SB;GX16503V;A;Y;N;AAA;N;N;00000000;20260503; ;20160429;20160503;000000000137500; ; ;000000000000000;000000000137500;000000000017500;000000000000000;000000000137500;000000000000000;1000;000000000000500;SGD;10000000;00354000;3;20230428;S;20221103;20230503;20161103; ;010;00000000;00000000;00000000;00000000;000000000000000;000000000120000;NA
2022-12-23 18:57:35.176 [main] INFO  scrips.datamigration.csv.service.SssSecuritiesFileDataService:73 - fileSourceData - NPTESTSCREEN;10YR BOND 2016 DUE 260531 NY15046C;BN;NY15046C;N;Y;Y;AAA;Y;A;00100000;20260531; ;20160528;20160531;000000000001000; ; ;000000000000000;000000000000000;000000000000000;000000000000000;000000000000000;000000000000000;1000;000000000001000;SGD;10000000;00000000;3;20161025;S; ; ;20161028;150;010;00000000;00000000;00000000;00000000;000000000000000;000000000000000;NA
2022-12-23 18:57:35.176 [main] INFO  scrips.datamigration.csv.service.SssSecuritiesFileDataService:73 - fileSourceData - NSBONDMAY002;NS BOND 3YR 2021 - 2024 NS21002A;BN;NS21002A;A;Y;Y;AAA;Y;A;00100000;20240531; ;20210505;20210506;000000000100000;20210514;20210517;000000000500000;000000000100000;000000000100000;000000000000000;000000000100000;000000000010000;1000;000000000001000;SGD;10000000;00215000;3;20230525;S;20221130;20230530;20210531;181;005;00000000;00000000;00000000;00000000;000000000250000;000000000000000;NA
2022-12-23 18:57:35.177 [main] INFO  scrips.datamigration.csv.service.SssSecuritiesFileDataService:75 - Headings - 1:ISIN_CODE
2022-12-23 18:57:35.177 [main] INFO  scrips.datamigration.csv.service.SssSecuritiesFileDataService:75 - Headings - 2:DESCRIPTION
2022-12-23 18:57:35.177 [main] INFO  scrips.datamigration.csv.service.SssSecuritiesFileDataService:75 - Headings - 3:ISIN_TYPE
2022-12-23 18:57:35.177 [main] INFO  scrips.datamigration.csv.service.SssSecuritiesFileDataService:75 - Headings - 4:ISSUE_CODE
2022-12-23 18:57:35.177 [main] INFO  scrips.datamigration.csv.service.SssSecuritiesFileDataService:75 - Headings - 5:ISIN_STATUS
2022-12-23 18:57:35.177 [main] INFO  scrips.datamigration.csv.service.SssSecuritiesFileDataService:75 - Headings - 6:TAXABLE
2022-12-23 18:57:35.177 [main] INFO  scrips.datamigration.csv.service.SssSecuritiesFileDataService:75 - Headings - 7:TRADABLE
2022-12-23 18:57:35.177 [main] INFO  scrips.datamigration.csv.service.SssSecuritiesFileDataService:75 - Headings - 8:CREDIT_RATING
2022-12-23 18:57:35.177 [main] INFO  scrips.datamigration.csv.service.SssSecuritiesFileDataService:75 - Headings - 9:ELIGIBLE_FOR_ILF
2022-12-23 18:57:35.178 [main] INFO  scrips.datamigration.csv.service.SssSecuritiesFileDataService:75 - Headings - 10:ILF_HAIRCUT_SETTING
2022-12-23 18:57:35.178 [main] INFO  scrips.datamigration.csv.service.SssSecuritiesFileDataService:75 - Headings - 11:HAIRCUT_PERCENTAGE_FOR_ILF
2022-12-23 18:57:35.178 [main] INFO  scrips.datamigration.csv.service.SssSecuritiesFileDataService:75 - Headings - 12:MATURITY_DATE
2022-12-23 18:57:35.179 [main] INFO  scrips.datamigration.csv.service.SssSecuritiesFileDataService:75 - Headings - 13:OPTIONAL_MATURITY_DATE
2022-12-23 18:57:35.179 [main] INFO  scrips.datamigration.csv.service.SssSecuritiesFileDataService:75 - Headings - 14:AUCTION_DATE
2022-12-23 18:57:35.179 [main] INFO  scrips.datamigration.csv.service.SssSecuritiesFileDataService:75 - Headings - 15:FIRST_ISSUANCE_DATE
2022-12-23 18:57:35.179 [main] INFO  scrips.datamigration.csv.service.SssSecuritiesFileDataService:75 - Headings - 16:FIRST_ISSUANCE_AMOUNT
2022-12-23 18:57:35.179 [main] INFO  scrips.datamigration.csv.service.SssSecuritiesFileDataService:75 - Headings - 17:RE_OPENING_AUCTION_DATE
2022-12-23 18:57:35.179 [main] INFO  scrips.datamigration.csv.service.SssSecuritiesFileDataService:75 - Headings - 18:RE_OPENING_ALLOTMENT_DATE
2022-12-23 18:57:35.180 [main] INFO  scrips.datamigration.csv.service.SssSecuritiesFileDataService:75 - Headings - 19:RE_OPENING_TOTAL_ALLOTMENT_AMOUNT
2022-12-23 18:57:35.180 [main] INFO  scrips.datamigration.csv.service.SssSecuritiesFileDataService:75 - Headings - 20:TOTAL_ISSUED_AMOUNT
2022-12-23 18:57:35.180 [main] INFO  scrips.datamigration.csv.service.SssSecuritiesFileDataService:75 - Headings - 21:OUTSTANDING_NOMINAL_AMOUNT
2022-12-23 18:57:35.180 [main] INFO  scrips.datamigration.csv.service.SssSecuritiesFileDataService:75 - Headings - 22:AMOUNT_ALLOCATED_TO_MAS
2022-12-23 18:57:35.180 [main] INFO  scrips.datamigration.csv.service.SssSecuritiesFileDataService:75 - Headings - 23:AMOUNT_ALLOCATED_TO_OTHERS
2022-12-23 18:57:35.180 [main] INFO  scrips.datamigration.csv.service.SssSecuritiesFileDataService:75 - Headings - 24:MAS_APPLIED_AMOUNT
2022-12-23 18:57:35.180 [main] INFO  scrips.datamigration.csv.service.SssSecuritiesFileDataService:75 - Headings - 25:UNIT_SIZE
2022-12-23 18:57:35.181 [main] INFO  scrips.datamigration.csv.service.SssSecuritiesFileDataService:75 - Headings - 26:DENOMINATION
2022-12-23 18:57:35.181 [main] INFO  scrips.datamigration.csv.service.SssSecuritiesFileDataService:75 - Headings - 27:CURRENCY_CODE
2022-12-23 18:57:35.181 [main] INFO  scrips.datamigration.csv.service.SssSecuritiesFileDataService:75 - Headings - 28:REDEMPTION_PRICE
2022-12-23 18:57:35.181 [main] INFO  scrips.datamigration.csv.service.SssSecuritiesFileDataService:75 - Headings - 29:COUPON_RATE
2022-12-23 18:57:35.181 [main] INFO  scrips.datamigration.csv.service.SssSecuritiesFileDataService:75 - Headings - 30:EX_DATE_PERIOD
2022-12-23 18:57:35.182 [main] INFO  scrips.datamigration.csv.service.SssSecuritiesFileDataService:75 - Headings - 31:EX_DATE
2022-12-23 18:57:35.182 [main] INFO  scrips.datamigration.csv.service.SssSecuritiesFileDataService:75 - Headings - 32:COUPON_PAYMENT_FREQUENCY
2022-12-23 18:57:35.182 [main] INFO  scrips.datamigration.csv.service.SssSecuritiesFileDataService:75 - Headings - 33:LAST_COUPON_DATE
2022-12-23 18:57:35.182 [main] INFO  scrips.datamigration.csv.service.SssSecuritiesFileDataService:75 - Headings - 34:NEXT_COUPON_DATE
2022-12-23 18:57:35.182 [main] INFO  scrips.datamigration.csv.service.SssSecuritiesFileDataService:75 - Headings - 35:OPTIONAL_COUPON_DATE
2022-12-23 18:57:35.183 [main] INFO  scrips.datamigration.csv.service.SssSecuritiesFileDataService:75 - Headings - 36:DAYS_OF_ACCRUED_INTEREST
2022-12-23 18:57:35.183 [main] INFO  scrips.datamigration.csv.service.SssSecuritiesFileDataService:75 - Headings - 37:TENURE
2022-12-23 18:57:35.183 [main] INFO  scrips.datamigration.csv.service.SssSecuritiesFileDataService:75 - Headings - 38:AVERAGE_YIELD
2022-12-23 18:57:35.183 [main] INFO  scrips.datamigration.csv.service.SssSecuritiesFileDataService:75 - Headings - 39:CUTOFF_YIELD
2022-12-23 18:57:35.183 [main] INFO  scrips.datamigration.csv.service.SssSecuritiesFileDataService:75 - Headings - 40:AVERAGE_YIELD_PRICE
2022-12-23 18:57:35.183 [main] INFO  scrips.datamigration.csv.service.SssSecuritiesFileDataService:75 - Headings - 41:CUTOFF_YIELD_PRICE
2022-12-23 18:57:35.184 [main] INFO  scrips.datamigration.csv.service.SssSecuritiesFileDataService:75 - Headings - 42:RE_OPENING_MAS_APPLIED_AMOUNT
2022-12-23 18:57:35.184 [main] INFO  scrips.datamigration.csv.service.SssSecuritiesFileDataService:75 - Headings - 43:TOTAL_REDEEMED_AMOUNT
2022-12-23 18:57:35.184 [main] INFO  scrips.datamigration.csv.service.SssSecuritiesFileDataService:75 - Headings - 44:ISIN_SUB_TYPE
2022-12-23 18:57:35.185 [main] INFO  scrips.datamigration.csv.service.SssSecuritiesFileDataService:202 - ISIN_CODE - AUTOSFNEWP99 -12
2022-12-23 18:57:35.185 [main] INFO  scrips.datamigration.csv.service.SssSecuritiesFileDataService:202 - DESCRIPTION - 99YR BOND 2017 DUE 010199 AUTOSFNP -34
2022-12-23 18:57:35.185 [main] INFO  scrips.datamigration.csv.service.SssSecuritiesFileDataService:202 - ISIN_TYPE - BN -2
2022-12-23 18:57:35.186 [main] INFO  scrips.datamigration.csv.service.SssSecuritiesFileDataService:202 - ISSUE_CODE - AUTOSFNP -8
2022-12-23 18:57:35.186 [main] INFO  scrips.datamigration.csv.service.SssSecuritiesFileDataService:202 - ISIN_STATUS - A -1
2022-12-23 18:57:35.186 [main] INFO  scrips.datamigration.csv.service.SssSecuritiesFileDataService:202 - TAXABLE - Y -1
2022-12-23 18:57:35.186 [main] INFO  scrips.datamigration.csv.service.SssSecuritiesFileDataService:202 - TRADABLE - Y -1
2022-12-23 18:57:35.186 [main] INFO  scrips.datamigration.csv.service.SssSecuritiesFileDataService:202 - CREDIT_RATING - AAA -3
2022-12-23 18:57:35.186 [main] INFO  scrips.datamigration.csv.service.SssSecuritiesFileDataService:202 - ELIGIBLE_FOR_ILF - Y -1
2022-12-23 18:57:35.186 [main] INFO  scrips.datamigration.csv.service.SssSecuritiesFileDataService:202 - ILF_HAIRCUT_SETTING - A -1
2022-12-23 18:57:35.187 [main] INFO  scrips.datamigration.csv.service.SssSecuritiesFileDataService:202 - HAIRCUT_PERCENTAGE_FOR_ILF - 00300000 -8
2022-12-23 18:57:35.187 [main] INFO  scrips.datamigration.csv.service.SssSecuritiesFileDataService:202 - MATURITY_DATE - 20990101 -8
2022-12-23 18:57:35.187 [main] INFO  scrips.datamigration.csv.service.SssSecuritiesFileDataService:202 - OPTIONAL_MATURITY_DATE -  -0
2022-12-23 18:57:35.187 [main] INFO  scrips.datamigration.csv.service.SssSecuritiesFileDataService:202 - AUCTION_DATE - 20171228 -8
2022-12-23 18:57:35.187 [main] INFO  scrips.datamigration.csv.service.SssSecuritiesFileDataService:202 - FIRST_ISSUANCE_DATE - 20171229 -8
2022-12-23 18:57:35.187 [main] INFO  scrips.datamigration.csv.service.SssSecuritiesFileDataService:202 - FIRST_ISSUANCE_AMOUNT - 000001000000000 -15
2022-12-23 18:57:35.187 [main] INFO  scrips.datamigration.csv.service.SssSecuritiesFileDataService:202 - RE_OPENING_AUCTION_DATE - 20221026 -8
2022-12-23 18:57:35.187 [main] INFO  scrips.datamigration.csv.service.SssSecuritiesFileDataService:202 - RE_OPENING_ALLOTMENT_DATE - 20221027 -8
2022-12-23 18:57:35.187 [main] INFO  scrips.datamigration.csv.service.SssSecuritiesFileDataService:202 - RE_OPENING_TOTAL_ALLOTMENT_AMOUNT - 000900000000000 -15
2022-12-23 18:57:35.188 [main] INFO  scrips.datamigration.csv.service.SssSecuritiesFileDataService:202 - TOTAL_ISSUED_AMOUNT - 000902800000000 -15
2022-12-23 18:57:35.188 [main] INFO  scrips.datamigration.csv.service.SssSecuritiesFileDataService:202 - OUTSTANDING_NOMINAL_AMOUNT - 000902799998000 -15
2022-12-23 18:57:35.188 [main] INFO  scrips.datamigration.csv.service.SssSecuritiesFileDataService:202 - AMOUNT_ALLOCATED_TO_MAS - 000001500000000 -15
2022-12-23 18:57:35.188 [main] INFO  scrips.datamigration.csv.service.SssSecuritiesFileDataService:202 - AMOUNT_ALLOCATED_TO_OTHERS - 000901300000000 -15
2022-12-23 18:57:35.188 [main] INFO  scrips.datamigration.csv.service.SssSecuritiesFileDataService:202 - MAS_APPLIED_AMOUNT - 000001000000000 -15
2022-12-23 18:57:35.188 [main] INFO  scrips.datamigration.csv.service.SssSecuritiesFileDataService:202 - UNIT_SIZE - 1000 -4
2022-12-23 18:57:35.188 [main] INFO  scrips.datamigration.csv.service.SssSecuritiesFileDataService:202 - DENOMINATION - 000000000001000 -15
2022-12-23 18:57:35.188 [main] INFO  scrips.datamigration.csv.service.SssSecuritiesFileDataService:202 - CURRENCY_CODE - SGD -3
2022-12-23 18:57:35.188 [main] INFO  scrips.datamigration.csv.service.SssSecuritiesFileDataService:202 - REDEMPTION_PRICE - 10000000 -8
2022-12-23 18:57:35.189 [main] INFO  scrips.datamigration.csv.service.SssSecuritiesFileDataService:202 - COUPON_RATE - 00120000 -8
2022-12-23 18:57:35.189 [main] INFO  scrips.datamigration.csv.service.SssSecuritiesFileDataService:202 - EX_DATE_PERIOD - 3 -1
2022-12-23 18:57:35.189 [main] INFO  scrips.datamigration.csv.service.SssSecuritiesFileDataService:202 - EX_DATE - 20230529 -8
2022-12-23 18:57:35.189 [main] INFO  scrips.datamigration.csv.service.SssSecuritiesFileDataService:202 - COUPON_PAYMENT_FREQUENCY - S -1
2022-12-23 18:57:35.190 [main] INFO  scrips.datamigration.csv.service.SssSecuritiesFileDataService:202 - LAST_COUPON_DATE - 20221201 -8
2022-12-23 18:57:35.190 [main] INFO  scrips.datamigration.csv.service.SssSecuritiesFileDataService:202 - NEXT_COUPON_DATE - 20230601 -8
2022-12-23 18:57:35.190 [main] INFO  scrips.datamigration.csv.service.SssSecuritiesFileDataService:202 - OPTIONAL_COUPON_DATE - 20180601 -8
2022-12-23 18:57:35.190 [main] INFO  scrips.datamigration.csv.service.SssSecuritiesFileDataService:202 - DAYS_OF_ACCRUED_INTEREST - 182 -3
2022-12-23 18:57:35.191 [main] INFO  scrips.datamigration.csv.service.SssSecuritiesFileDataService:202 - TENURE - 050 -3
2022-12-23 18:57:35.191 [main] INFO  scrips.datamigration.csv.service.SssSecuritiesFileDataService:202 - AVERAGE_YIELD - 00000000 -8
2022-12-23 18:57:35.191 [main] INFO  scrips.datamigration.csv.service.SssSecuritiesFileDataService:202 - CUTOFF_YIELD - 00000000 -8
2022-12-23 18:57:35.191 [main] INFO  scrips.datamigration.csv.service.SssSecuritiesFileDataService:202 - AVERAGE_YIELD_PRICE - 00000000 -8
2022-12-23 18:57:35.191 [main] INFO  scrips.datamigration.csv.service.SssSecuritiesFileDataService:202 - CUTOFF_YIELD_PRICE - 00000000 -8
2022-12-23 18:57:35.191 [main] INFO  scrips.datamigration.csv.service.SssSecuritiesFileDataService:202 - RE_OPENING_MAS_APPLIED_AMOUNT - 000900000000000 -15
2022-12-23 18:57:35.192 [main] INFO  scrips.datamigration.csv.service.SssSecuritiesFileDataService:202 - TOTAL_REDEEMED_AMOUNT - 000000000002000 -15
2022-12-23 18:57:35.192 [main] INFO  scrips.datamigration.csv.service.SssSecuritiesFileDataService:202 - ISIN_SUB_TYPE - NA -2
2022-12-23 18:57:35.327 [main] DEBUG org.hibernate.SQL:128 - insert into securities_file_data (ISIN_CODE, AMOUNT_ALLOCATED_TO_MAS, AMOUNT_ALLOCATED_TO_OTHERS, AUCTION_DATE, AVERAGE_YIELD, AVERAGE_YIELD_PRICE, COUPON_PAYMENT_FREQUENCY, COUPON_RATE, CREDIT_RATING, CURRENCY_CODE, CUTOFF_YIELD, CUTOFF_YIELD_PRICE, DAYS_OF_ACCRUED_INTEREST, DENOMINATION, DESCRIPTION, ELIGIBLE_FOR_ILF, EX_DATE, EX_DATE_PERIOD, FIRST_ISSUANCE_AMOUNT, FIRST_ISSUANCE_DATE, HAIRCUT_PERCENTAGE_FOR_ILF, ILF_HAIRCUT_SETTING, ISIN_STATUS, ISIN_SUB_TYPE, ISIN_TYPE, ISSUE_CODE, LAST_COUPON_DATE, MAS_APPLIED_AMOUNT, MATURITY_DATE, NEXT_COUPON_DATE, OPTIONAL_COUPON_DATE, OPTIONAL_MATURITY_DATE, OUTSTANDING_NOMINAL_AMOUNT, RE_OPENING_ALLOTMENT_DATE, RE_OPENING_AUCTION_DATE, RE_OPENING_MAS_APPLIED_AMOUNT, RE_OPENING_TOTAL_ALLOTMENT_AMOUNT, REDEMPTION_PRICE, TAXABLE, TENURE, TOTAL_ISSUED_AMOUNT, TOTAL_REDEEMED_AMOUNT, TRADABLE, UNIT_SIZE) values (?, ?, ?, ?, ?, ?, ?, ?, ?, ?, ?, ?, ?, ?, ?, ?, ?, ?, ?, ?, ?, ?, ?, ?, ?, ?, ?, ?, ?, ?, ?, ?, ?, ?, ?, ?, ?, ?, ?, ?, ?, ?, ?, ?)
2022-12-23 18:57:35.603 [main] INFO  scrips.datamigration.csv.service.SssSecuritiesFileDataService:202 - ISIN_CODE - BCSISMBIL001 -12
2022-12-23 18:57:35.604 [main] INFO  scrips.datamigration.csv.service.SssSecuritiesFileDataService:202 - DESCRIPTION - MAS Bill -8
2022-12-23 18:57:35.604 [main] INFO  scrips.datamigration.csv.service.SssSecuritiesFileDataService:202 - ISIN_TYPE - MB -2
2022-12-23 18:57:35.605 [main] INFO  scrips.datamigration.csv.service.SssSecuritiesFileDataService:202 - ISSUE_CODE - BN2005M -7
2022-12-23 18:57:35.605 [main] INFO  scrips.datamigration.csv.service.SssSecuritiesFileDataService:202 - ISIN_STATUS - A -1
2022-12-23 18:57:35.606 [main] INFO  scrips.datamigration.csv.service.SssSecuritiesFileDataService:202 - TAXABLE - Y -1
2022-12-23 18:57:35.606 [main] INFO  scrips.datamigration.csv.service.SssSecuritiesFileDataService:202 - TRADABLE - Y -1
2022-12-23 18:57:35.606 [main] INFO  scrips.datamigration.csv.service.SssSecuritiesFileDataService:202 - CREDIT_RATING - AAA -3
2022-12-23 18:57:35.607 [main] INFO  scrips.datamigration.csv.service.SssSecuritiesFileDataService:202 - ELIGIBLE_FOR_ILF - Y -1
2022-12-23 18:57:35.607 [main] INFO  scrips.datamigration.csv.service.SssSecuritiesFileDataService:202 - ILF_HAIRCUT_SETTING - Y -1
2022-12-23 18:57:35.608 [main] INFO  scrips.datamigration.csv.service.SssSecuritiesFileDataService:202 - HAIRCUT_PERCENTAGE_FOR_ILF - 00100000 -8
2022-12-23 18:57:35.608 [main] INFO  scrips.datamigration.csv.service.SssSecuritiesFileDataService:202 - MATURITY_DATE - 20251231 -8
2022-12-23 18:57:35.608 [main] INFO  scrips.datamigration.csv.service.SssSecuritiesFileDataService:202 - OPTIONAL_MATURITY_DATE -  -0
2022-12-23 18:57:35.609 [main] INFO  scrips.datamigration.csv.service.SssSecuritiesFileDataService:202 - AUCTION_DATE - 20210518 -8
2022-12-23 18:57:35.609 [main] INFO  scrips.datamigration.csv.service.SssSecuritiesFileDataService:202 - FIRST_ISSUANCE_DATE - 20210519 -8
2022-12-23 18:57:35.610 [main] INFO  scrips.datamigration.csv.service.SssSecuritiesFileDataService:202 - FIRST_ISSUANCE_AMOUNT - 000000100000000 -15
2022-12-23 18:57:35.610 [main] INFO  scrips.datamigration.csv.service.SssSecuritiesFileDataService:202 - RE_OPENING_AUCTION_DATE -  -0
2022-12-23 18:57:35.611 [main] INFO  scrips.datamigration.csv.service.SssSecuritiesFileDataService:202 - RE_OPENING_ALLOTMENT_DATE -  -0
2022-12-23 18:57:35.611 [main] INFO  scrips.datamigration.csv.service.SssSecuritiesFileDataService:202 - RE_OPENING_TOTAL_ALLOTMENT_AMOUNT - 000000000000000 -15
2022-12-23 18:57:35.612 [main] INFO  scrips.datamigration.csv.service.SssSecuritiesFileDataService:202 - TOTAL_ISSUED_AMOUNT - 000000100000000 -15
2022-12-23 18:57:35.612 [main] INFO  scrips.datamigration.csv.service.SssSecuritiesFileDataService:202 - OUTSTANDING_NOMINAL_AMOUNT - 000000100000000 -15
2022-12-23 18:57:35.613 [main] INFO  scrips.datamigration.csv.service.SssSecuritiesFileDataService:202 - AMOUNT_ALLOCATED_TO_MAS - 000000000900000 -15
2022-12-23 18:57:35.613 [main] INFO  scrips.datamigration.csv.service.SssSecuritiesFileDataService:202 - AMOUNT_ALLOCATED_TO_OTHERS - 000000099100000 -15
2022-12-23 18:57:35.614 [main] INFO  scrips.datamigration.csv.service.SssSecuritiesFileDataService:202 - MAS_APPLIED_AMOUNT - 000000000100000 -15
2022-12-23 18:57:35.614 [main] INFO  scrips.datamigration.csv.service.SssSecuritiesFileDataService:202 - UNIT_SIZE - 1000 -4
2022-12-23 18:57:35.615 [main] INFO  scrips.datamigration.csv.service.SssSecuritiesFileDataService:202 - DENOMINATION - 000000000001000 -15
2022-12-23 18:57:35.615 [main] INFO  scrips.datamigration.csv.service.SssSecuritiesFileDataService:202 - CURRENCY_CODE - SGD -3
2022-12-23 18:57:35.616 [main] INFO  scrips.datamigration.csv.service.SssSecuritiesFileDataService:202 - REDEMPTION_PRICE - 10000000 -8
2022-12-23 18:57:35.616 [main] INFO  scrips.datamigration.csv.service.SssSecuritiesFileDataService:202 - COUPON_RATE - 00000000 -8
2022-12-23 18:57:35.618 [main] INFO  scrips.datamigration.csv.service.SssSecuritiesFileDataService:202 - EX_DATE_PERIOD - 0 -1
2022-12-23 18:57:35.619 [main] INFO  scrips.datamigration.csv.service.SssSecuritiesFileDataService:202 - EX_DATE -  -0
2022-12-23 18:57:35.619 [main] INFO  scrips.datamigration.csv.service.SssSecuritiesFileDataService:202 - COUPON_PAYMENT_FREQUENCY - N -1
2022-12-23 18:57:35.620 [main] INFO  scrips.datamigration.csv.service.SssSecuritiesFileDataService:202 - LAST_COUPON_DATE -  -0
2022-12-23 18:57:35.620 [main] INFO  scrips.datamigration.csv.service.SssSecuritiesFileDataService:202 - NEXT_COUPON_DATE -  -0
2022-12-23 18:57:35.621 [main] INFO  scrips.datamigration.csv.service.SssSecuritiesFileDataService:202 - OPTIONAL_COUPON_DATE -  -0
2022-12-23 18:57:35.621 [main] INFO  scrips.datamigration.csv.service.SssSecuritiesFileDataService:202 - DAYS_OF_ACCRUED_INTEREST -  -0
2022-12-23 18:57:35.621 [main] INFO  scrips.datamigration.csv.service.SssSecuritiesFileDataService:202 - TENURE - 241 -3
2022-12-23 18:57:35.622 [main] INFO  scrips.datamigration.csv.service.SssSecuritiesFileDataService:202 - AVERAGE_YIELD - 00000000 -8
2022-12-23 18:57:35.622 [main] INFO  scrips.datamigration.csv.service.SssSecuritiesFileDataService:202 - CUTOFF_YIELD - 00000000 -8
2022-12-23 18:57:35.623 [main] INFO  scrips.datamigration.csv.service.SssSecuritiesFileDataService:202 - AVERAGE_YIELD_PRICE - 00000000 -8
2022-12-23 18:57:35.624 [main] INFO  scrips.datamigration.csv.service.SssSecuritiesFileDataService:202 - CUTOFF_YIELD_PRICE - 00000000 -8
2022-12-23 18:57:35.624 [main] INFO  scrips.datamigration.csv.service.SssSecuritiesFileDataService:202 - RE_OPENING_MAS_APPLIED_AMOUNT - 000000000000000 -15
2022-12-23 18:57:35.625 [main] INFO  scrips.datamigration.csv.service.SssSecuritiesFileDataService:202 - TOTAL_REDEEMED_AMOUNT - 000000000000000 -15
2022-12-23 18:57:35.625 [main] INFO  scrips.datamigration.csv.service.SssSecuritiesFileDataService:202 - ISIN_SUB_TYPE - NA -2
2022-12-23 18:57:35.705 [main] DEBUG org.hibernate.SQL:128 - insert into securities_file_data (ISIN_CODE, AMOUNT_ALLOCATED_TO_MAS, AMOUNT_ALLOCATED_TO_OTHERS, AUCTION_DATE, AVERAGE_YIELD, AVERAGE_YIELD_PRICE, COUPON_PAYMENT_FREQUENCY, COUPON_RATE, CREDIT_RATING, CURRENCY_CODE, CUTOFF_YIELD, CUTOFF_YIELD_PRICE, DAYS_OF_ACCRUED_INTEREST, DENOMINATION, DESCRIPTION, ELIGIBLE_FOR_ILF, EX_DATE, EX_DATE_PERIOD, FIRST_ISSUANCE_AMOUNT, FIRST_ISSUANCE_DATE, HAIRCUT_PERCENTAGE_FOR_ILF, ILF_HAIRCUT_SETTING, ISIN_STATUS, ISIN_SUB_TYPE, ISIN_TYPE, ISSUE_CODE, LAST_COUPON_DATE, MAS_APPLIED_AMOUNT, MATURITY_DATE, NEXT_COUPON_DATE, OPTIONAL_COUPON_DATE, OPTIONAL_MATURITY_DATE, OUTSTANDING_NOMINAL_AMOUNT, RE_OPENING_ALLOTMENT_DATE, RE_OPENING_AUCTION_DATE, RE_OPENING_MAS_APPLIED_AMOUNT, RE_OPENING_TOTAL_ALLOTMENT_AMOUNT, REDEMPTION_PRICE, TAXABLE, TENURE, TOTAL_ISSUED_AMOUNT, TOTAL_REDEEMED_AMOUNT, TRADABLE, UNIT_SIZE) values (?, ?, ?, ?, ?, ?, ?, ?, ?, ?, ?, ?, ?, ?, ?, ?, ?, ?, ?, ?, ?, ?, ?, ?, ?, ?, ?, ?, ?, ?, ?, ?, ?, ?, ?, ?, ?, ?, ?, ?, ?, ?, ?, ?)
2022-12-23 18:57:36.002 [main] INFO  scrips.datamigration.csv.service.SssSecuritiesFileDataService:202 - ISIN_CODE - BCSISTEST012 -12
2022-12-23 18:57:36.003 [main] INFO  scrips.datamigration.csv.service.SssSecuritiesFileDataService:202 - DESCRIPTION - 15 YEARS BONDS -14
2022-12-23 18:57:36.004 [main] INFO  scrips.datamigration.csv.service.SssSecuritiesFileDataService:202 - ISIN_TYPE - BN -2
2022-12-23 18:57:36.004 [main] INFO  scrips.datamigration.csv.service.SssSecuritiesFileDataService:202 - ISSUE_CODE - N999012M -8
2022-12-23 18:57:36.005 [main] INFO  scrips.datamigration.csv.service.SssSecuritiesFileDataService:202 - ISIN_STATUS - A -1
2022-12-23 18:57:36.006 [main] INFO  scrips.datamigration.csv.service.SssSecuritiesFileDataService:202 - TAXABLE - Y -1
2022-12-23 18:57:36.006 [main] INFO  scrips.datamigration.csv.service.SssSecuritiesFileDataService:202 - TRADABLE - Y -1
2022-12-23 18:57:36.007 [main] INFO  scrips.datamigration.csv.service.SssSecuritiesFileDataService:202 - CREDIT_RATING - AAA -3
2022-12-23 18:57:36.009 [main] INFO  scrips.datamigration.csv.service.SssSecuritiesFileDataService:202 - ELIGIBLE_FOR_ILF - Y -1
2022-12-23 18:57:36.015 [main] INFO  scrips.datamigration.csv.service.SssSecuritiesFileDataService:202 - ILF_HAIRCUT_SETTING - A -1
2022-12-23 18:57:36.016 [main] INFO  scrips.datamigration.csv.service.SssSecuritiesFileDataService:202 - HAIRCUT_PERCENTAGE_FOR_ILF - 00200000 -8
2022-12-23 18:57:36.018 [main] INFO  scrips.datamigration.csv.service.SssSecuritiesFileDataService:202 - MATURITY_DATE - 20290801 -8
2022-12-23 18:57:36.019 [main] INFO  scrips.datamigration.csv.service.SssSecuritiesFileDataService:202 - OPTIONAL_MATURITY_DATE -  -0
2022-12-23 18:57:36.020 [main] INFO  scrips.datamigration.csv.service.SssSecuritiesFileDataService:202 - AUCTION_DATE - 20170122 -8
2022-12-23 18:57:36.020 [main] INFO  scrips.datamigration.csv.service.SssSecuritiesFileDataService:202 - FIRST_ISSUANCE_DATE - 20170201 -8
2022-12-23 18:57:36.021 [main] INFO  scrips.datamigration.csv.service.SssSecuritiesFileDataService:202 - FIRST_ISSUANCE_AMOUNT - 000000630000000 -15
2022-12-23 18:57:36.021 [main] INFO  scrips.datamigration.csv.service.SssSecuritiesFileDataService:202 - RE_OPENING_AUCTION_DATE - 20210428 -8
2022-12-23 18:57:36.022 [main] INFO  scrips.datamigration.csv.service.SssSecuritiesFileDataService:202 - RE_OPENING_ALLOTMENT_DATE - 20210429 -8
2022-12-23 18:57:36.022 [main] INFO  scrips.datamigration.csv.service.SssSecuritiesFileDataService:202 - RE_OPENING_TOTAL_ALLOTMENT_AMOUNT - 000000000600000 -15
2022-12-23 18:57:36.022 [main] INFO  scrips.datamigration.csv.service.SssSecuritiesFileDataService:202 - TOTAL_ISSUED_AMOUNT - 000000630000000 -15
2022-12-23 18:57:36.022 [main] INFO  scrips.datamigration.csv.service.SssSecuritiesFileDataService:202 - OUTSTANDING_NOMINAL_AMOUNT - 000000630000000 -15
2022-12-23 18:57:36.023 [main] INFO  scrips.datamigration.csv.service.SssSecuritiesFileDataService:202 - AMOUNT_ALLOCATED_TO_MAS - 000000000010000 -15
2022-12-23 18:57:36.023 [main] INFO  scrips.datamigration.csv.service.SssSecuritiesFileDataService:202 - AMOUNT_ALLOCATED_TO_OTHERS - 000000629990000 -15
2022-12-23 18:57:36.023 [main] INFO  scrips.datamigration.csv.service.SssSecuritiesFileDataService:202 - MAS_APPLIED_AMOUNT - 000000080000000 -15
2022-12-23 18:57:36.023 [main] INFO  scrips.datamigration.csv.service.SssSecuritiesFileDataService:202 - UNIT_SIZE - 1000 -4
2022-12-23 18:57:36.023 [main] INFO  scrips.datamigration.csv.service.SssSecuritiesFileDataService:202 - DENOMINATION - 000000000001000 -15
2022-12-23 18:57:36.023 [main] INFO  scrips.datamigration.csv.service.SssSecuritiesFileDataService:202 - CURRENCY_CODE - SGD -3
2022-12-23 18:57:36.023 [main] INFO  scrips.datamigration.csv.service.SssSecuritiesFileDataService:202 - REDEMPTION_PRICE - 10000000 -8
2022-12-23 18:57:36.023 [main] INFO  scrips.datamigration.csv.service.SssSecuritiesFileDataService:202 - COUPON_RATE - 00125000 -8
2022-12-23 18:57:36.024 [main] INFO  scrips.datamigration.csv.service.SssSecuritiesFileDataService:202 - EX_DATE_PERIOD - 5 -1
2022-12-23 18:57:36.024 [main] INFO  scrips.datamigration.csv.service.SssSecuritiesFileDataService:202 - EX_DATE - 20170725 -8
2022-12-23 18:57:36.024 [main] INFO  scrips.datamigration.csv.service.SssSecuritiesFileDataService:202 - COUPON_PAYMENT_FREQUENCY - S -1
2022-12-23 18:57:36.024 [main] INFO  scrips.datamigration.csv.service.SssSecuritiesFileDataService:202 - LAST_COUPON_DATE -  -0
2022-12-23 18:57:36.025 [main] INFO  scrips.datamigration.csv.service.SssSecuritiesFileDataService:202 - NEXT_COUPON_DATE -  -0
2022-12-23 18:57:36.025 [main] INFO  scrips.datamigration.csv.service.SssSecuritiesFileDataService:202 - OPTIONAL_COUPON_DATE - 20170801 -8
2022-12-23 18:57:36.025 [main] INFO  scrips.datamigration.csv.service.SssSecuritiesFileDataService:202 - DAYS_OF_ACCRUED_INTEREST - 181 -3
2022-12-23 18:57:36.025 [main] INFO  scrips.datamigration.csv.service.SssSecuritiesFileDataService:202 - TENURE - 015 -3
2022-12-23 18:57:36.025 [main] INFO  scrips.datamigration.csv.service.SssSecuritiesFileDataService:202 - AVERAGE_YIELD - 00000000 -8
2022-12-23 18:57:36.026 [main] INFO  scrips.datamigration.csv.service.SssSecuritiesFileDataService:202 - CUTOFF_YIELD - 00000000 -8
2022-12-23 18:57:36.026 [main] INFO  scrips.datamigration.csv.service.SssSecuritiesFileDataService:202 - AVERAGE_YIELD_PRICE - 00000000 -8
2022-12-23 18:57:36.026 [main] INFO  scrips.datamigration.csv.service.SssSecuritiesFileDataService:202 - CUTOFF_YIELD_PRICE - 00000000 -8
2022-12-23 18:57:36.026 [main] INFO  scrips.datamigration.csv.service.SssSecuritiesFileDataService:202 - RE_OPENING_MAS_APPLIED_AMOUNT - 000000000200000 -15
2022-12-23 18:57:36.026 [main] INFO  scrips.datamigration.csv.service.SssSecuritiesFileDataService:202 - TOTAL_REDEEMED_AMOUNT - 000000000000000 -15
2022-12-23 18:57:36.027 [main] INFO  scrips.datamigration.csv.service.SssSecuritiesFileDataService:202 - ISIN_SUB_TYPE - NA -2
2022-12-23 18:57:36.102 [main] DEBUG org.hibernate.SQL:128 - insert into securities_file_data (ISIN_CODE, AMOUNT_ALLOCATED_TO_MAS, AMOUNT_ALLOCATED_TO_OTHERS, AUCTION_DATE, AVERAGE_YIELD, AVERAGE_YIELD_PRICE, COUPON_PAYMENT_FREQUENCY, COUPON_RATE, CREDIT_RATING, CURRENCY_CODE, CUTOFF_YIELD, CUTOFF_YIELD_PRICE, DAYS_OF_ACCRUED_INTEREST, DENOMINATION, DESCRIPTION, ELIGIBLE_FOR_ILF, EX_DATE, EX_DATE_PERIOD, FIRST_ISSUANCE_AMOUNT, FIRST_ISSUANCE_DATE, HAIRCUT_PERCENTAGE_FOR_ILF, ILF_HAIRCUT_SETTING, ISIN_STATUS, ISIN_SUB_TYPE, ISIN_TYPE, ISSUE_CODE, LAST_COUPON_DATE, MAS_APPLIED_AMOUNT, MATURITY_DATE, NEXT_COUPON_DATE, OPTIONAL_COUPON_DATE, OPTIONAL_MATURITY_DATE, OUTSTANDING_NOMINAL_AMOUNT, RE_OPENING_ALLOTMENT_DATE, RE_OPENING_AUCTION_DATE, RE_OPENING_MAS_APPLIED_AMOUNT, RE_OPENING_TOTAL_ALLOTMENT_AMOUNT, REDEMPTION_PRICE, TAXABLE, TENURE, TOTAL_ISSUED_AMOUNT, TOTAL_REDEEMED_AMOUNT, TRADABLE, UNIT_SIZE) values (?, ?, ?, ?, ?, ?, ?, ?, ?, ?, ?, ?, ?, ?, ?, ?, ?, ?, ?, ?, ?, ?, ?, ?, ?, ?, ?, ?, ?, ?, ?, ?, ?, ?, ?, ?, ?, ?, ?, ?, ?, ?, ?, ?)
2022-12-23 18:57:36.346 [main] INFO  scrips.datamigration.csv.service.SssSecuritiesFileDataService:202 - ISIN_CODE - MEPSUAT00016 -12
2022-12-23 18:57:36.347 [main] INFO  scrips.datamigration.csv.service.SssSecuritiesFileDataService:202 - DESCRIPTION - 10YR SBOND 2016 DUE220426 GX16501W -34
2022-12-23 18:57:36.348 [main] INFO  scrips.datamigration.csv.service.SssSecuritiesFileDataService:202 - ISIN_TYPE - SB -2
2022-12-23 18:57:36.348 [main] INFO  scrips.datamigration.csv.service.SssSecuritiesFileDataService:202 - ISSUE_CODE - GX16501W -8
2022-12-23 18:57:36.349 [main] INFO  scrips.datamigration.csv.service.SssSecuritiesFileDataService:202 - ISIN_STATUS - A -1
2022-12-23 18:57:36.349 [main] INFO  scrips.datamigration.csv.service.SssSecuritiesFileDataService:202 - TAXABLE - Y -1
2022-12-23 18:57:36.349 [main] INFO  scrips.datamigration.csv.service.SssSecuritiesFileDataService:202 - TRADABLE - N -1
2022-12-23 18:57:36.350 [main] INFO  scrips.datamigration.csv.service.SssSecuritiesFileDataService:202 - CREDIT_RATING - AAA -3
2022-12-23 18:57:36.351 [main] INFO  scrips.datamigration.csv.service.SssSecuritiesFileDataService:202 - ELIGIBLE_FOR_ILF - N -1
2022-12-23 18:57:36.351 [main] INFO  scrips.datamigration.csv.service.SssSecuritiesFileDataService:202 - ILF_HAIRCUT_SETTING - N -1
2022-12-23 18:57:36.352 [main] INFO  scrips.datamigration.csv.service.SssSecuritiesFileDataService:202 - HAIRCUT_PERCENTAGE_FOR_ILF - 00000000 -8
2022-12-23 18:57:36.353 [main] INFO  scrips.datamigration.csv.service.SssSecuritiesFileDataService:202 - MATURITY_DATE - 20260422 -8
2022-12-23 18:57:36.354 [main] INFO  scrips.datamigration.csv.service.SssSecuritiesFileDataService:202 - OPTIONAL_MATURITY_DATE -  -0
2022-12-23 18:57:36.354 [main] INFO  scrips.datamigration.csv.service.SssSecuritiesFileDataService:202 - AUCTION_DATE - 20160421 -8
2022-12-23 18:57:36.354 [main] INFO  scrips.datamigration.csv.service.SssSecuritiesFileDataService:202 - FIRST_ISSUANCE_DATE - 20160422 -8
2022-12-23 18:57:36.355 [main] INFO  scrips.datamigration.csv.service.SssSecuritiesFileDataService:202 - FIRST_ISSUANCE_AMOUNT - 000000000287500 -15
2022-12-23 18:57:36.355 [main] INFO  scrips.datamigration.csv.service.SssSecuritiesFileDataService:202 - RE_OPENING_AUCTION_DATE -  -0
2022-12-23 18:57:36.355 [main] INFO  scrips.datamigration.csv.service.SssSecuritiesFileDataService:202 - RE_OPENING_ALLOTMENT_DATE -  -0
2022-12-23 18:57:36.356 [main] INFO  scrips.datamigration.csv.service.SssSecuritiesFileDataService:202 - RE_OPENING_TOTAL_ALLOTMENT_AMOUNT - 000000000000000 -15
2022-12-23 18:57:36.356 [main] INFO  scrips.datamigration.csv.service.SssSecuritiesFileDataService:202 - TOTAL_ISSUED_AMOUNT - 000000000287500 -15
2022-12-23 18:57:36.357 [main] INFO  scrips.datamigration.csv.service.SssSecuritiesFileDataService:202 - OUTSTANDING_NOMINAL_AMOUNT - 000000000242500 -15
2022-12-23 18:57:36.357 [main] INFO  scrips.datamigration.csv.service.SssSecuritiesFileDataService:202 - AMOUNT_ALLOCATED_TO_MAS - 000000000000000 -15
2022-12-23 18:57:36.358 [main] INFO  scrips.datamigration.csv.service.SssSecuritiesFileDataService:202 - AMOUNT_ALLOCATED_TO_OTHERS - 000000000287500 -15
2022-12-23 18:57:36.359 [main] INFO  scrips.datamigration.csv.service.SssSecuritiesFileDataService:202 - MAS_APPLIED_AMOUNT - 000000000000000 -15
2022-12-23 18:57:36.360 [main] INFO  scrips.datamigration.csv.service.SssSecuritiesFileDataService:202 - UNIT_SIZE - 1000 -4
2022-12-23 18:57:36.372 [main] INFO  scrips.datamigration.csv.service.SssSecuritiesFileDataService:202 - DENOMINATION - 000000000000500 -15
2022-12-23 18:57:36.373 [main] INFO  scrips.datamigration.csv.service.SssSecuritiesFileDataService:202 - CURRENCY_CODE - SGD -3
2022-12-23 18:57:36.374 [main] INFO  scrips.datamigration.csv.service.SssSecuritiesFileDataService:202 - REDEMPTION_PRICE - 10000000 -8
2022-12-23 18:57:36.375 [main] INFO  scrips.datamigration.csv.service.SssSecuritiesFileDataService:202 - COUPON_RATE - 00700000 -8
2022-12-23 18:57:36.376 [main] INFO  scrips.datamigration.csv.service.SssSecuritiesFileDataService:202 - EX_DATE_PERIOD - 3 -1
2022-12-23 18:57:36.376 [main] INFO  scrips.datamigration.csv.service.SssSecuritiesFileDataService:202 - EX_DATE - 20230419 -8
2022-12-23 18:57:36.377 [main] INFO  scrips.datamigration.csv.service.SssSecuritiesFileDataService:202 - COUPON_PAYMENT_FREQUENCY - S -1
2022-12-23 18:57:36.377 [main] INFO  scrips.datamigration.csv.service.SssSecuritiesFileDataService:202 - LAST_COUPON_DATE - 20221022 -8
2022-12-23 18:57:36.378 [main] INFO  scrips.datamigration.csv.service.SssSecuritiesFileDataService:202 - NEXT_COUPON_DATE - 20230422 -8
2022-12-23 18:57:36.383 [main] INFO  scrips.datamigration.csv.service.SssSecuritiesFileDataService:202 - OPTIONAL_COUPON_DATE - 20161022 -8
2022-12-23 18:57:36.388 [main] INFO  scrips.datamigration.csv.service.SssSecuritiesFileDataService:202 - DAYS_OF_ACCRUED_INTEREST -  -0
2022-12-23 18:57:36.388 [main] INFO  scrips.datamigration.csv.service.SssSecuritiesFileDataService:202 - TENURE - 010 -3
2022-12-23 18:57:36.389 [main] INFO  scrips.datamigration.csv.service.SssSecuritiesFileDataService:202 - AVERAGE_YIELD - 00000000 -8
2022-12-23 18:57:36.389 [main] INFO  scrips.datamigration.csv.service.SssSecuritiesFileDataService:202 - CUTOFF_YIELD - 00000000 -8
2022-12-23 18:57:36.389 [main] INFO  scrips.datamigration.csv.service.SssSecuritiesFileDataService:202 - AVERAGE_YIELD_PRICE - 00000000 -8
2022-12-23 18:57:36.389 [main] INFO  scrips.datamigration.csv.service.SssSecuritiesFileDataService:202 - CUTOFF_YIELD_PRICE - 00000000 -8
2022-12-23 18:57:36.390 [main] INFO  scrips.datamigration.csv.service.SssSecuritiesFileDataService:202 - RE_OPENING_MAS_APPLIED_AMOUNT - 000000000000000 -15
2022-12-23 18:57:36.390 [main] INFO  scrips.datamigration.csv.service.SssSecuritiesFileDataService:202 - TOTAL_REDEEMED_AMOUNT - 000000000045000 -15
2022-12-23 18:57:36.390 [main] INFO  scrips.datamigration.csv.service.SssSecuritiesFileDataService:202 - ISIN_SUB_TYPE - NA -2
2022-12-23 18:57:36.471 [main] DEBUG org.hibernate.SQL:128 - insert into securities_file_data (ISIN_CODE, AMOUNT_ALLOCATED_TO_MAS, AMOUNT_ALLOCATED_TO_OTHERS, AUCTION_DATE, AVERAGE_YIELD, AVERAGE_YIELD_PRICE, COUPON_PAYMENT_FREQUENCY, COUPON_RATE, CREDIT_RATING, CURRENCY_CODE, CUTOFF_YIELD, CUTOFF_YIELD_PRICE, DAYS_OF_ACCRUED_INTEREST, DENOMINATION, DESCRIPTION, ELIGIBLE_FOR_ILF, EX_DATE, EX_DATE_PERIOD, FIRST_ISSUANCE_AMOUNT, FIRST_ISSUANCE_DATE, HAIRCUT_PERCENTAGE_FOR_ILF, ILF_HAIRCUT_SETTING, ISIN_STATUS, ISIN_SUB_TYPE, ISIN_TYPE, ISSUE_CODE, LAST_COUPON_DATE, MAS_APPLIED_AMOUNT, MATURITY_DATE, NEXT_COUPON_DATE, OPTIONAL_COUPON_DATE, OPTIONAL_MATURITY_DATE, OUTSTANDING_NOMINAL_AMOUNT, RE_OPENING_ALLOTMENT_DATE, RE_OPENING_AUCTION_DATE, RE_OPENING_MAS_APPLIED_AMOUNT, RE_OPENING_TOTAL_ALLOTMENT_AMOUNT, REDEMPTION_PRICE, TAXABLE, TENURE, TOTAL_ISSUED_AMOUNT, TOTAL_REDEEMED_AMOUNT, TRADABLE, UNIT_SIZE) values (?, ?, ?, ?, ?, ?, ?, ?, ?, ?, ?, ?, ?, ?, ?, ?, ?, ?, ?, ?, ?, ?, ?, ?, ?, ?, ?, ?, ?, ?, ?, ?, ?, ?, ?, ?, ?, ?, ?, ?, ?, ?, ?, ?)
2022-12-23 18:57:36.704 [main] INFO  scrips.datamigration.csv.service.SssSecuritiesFileDataService:202 - ISIN_CODE - MEPSUAT00024 -12
2022-12-23 18:57:36.704 [main] INFO  scrips.datamigration.csv.service.SssSecuritiesFileDataService:202 - DESCRIPTION - 10YR SBOND 2016 DUE250426 GX16502N -34
2022-12-23 18:57:36.705 [main] INFO  scrips.datamigration.csv.service.SssSecuritiesFileDataService:202 - ISIN_TYPE - SB -2
2022-12-23 18:57:36.705 [main] INFO  scrips.datamigration.csv.service.SssSecuritiesFileDataService:202 - ISSUE_CODE - GX16502N -8
2022-12-23 18:57:36.705 [main] INFO  scrips.datamigration.csv.service.SssSecuritiesFileDataService:202 - ISIN_STATUS - A -1
2022-12-23 18:57:36.705 [main] INFO  scrips.datamigration.csv.service.SssSecuritiesFileDataService:202 - TAXABLE - Y -1
2022-12-23 18:57:36.705 [main] INFO  scrips.datamigration.csv.service.SssSecuritiesFileDataService:202 - TRADABLE - N -1
2022-12-23 18:57:36.705 [main] INFO  scrips.datamigration.csv.service.SssSecuritiesFileDataService:202 - CREDIT_RATING - AAA -3
2022-12-23 18:57:36.705 [main] INFO  scrips.datamigration.csv.service.SssSecuritiesFileDataService:202 - ELIGIBLE_FOR_ILF - N -1
2022-12-23 18:57:36.706 [main] INFO  scrips.datamigration.csv.service.SssSecuritiesFileDataService:202 - ILF_HAIRCUT_SETTING - N -1
2022-12-23 18:57:36.706 [main] INFO  scrips.datamigration.csv.service.SssSecuritiesFileDataService:202 - HAIRCUT_PERCENTAGE_FOR_ILF - 00000000 -8
2022-12-23 18:57:36.706 [main] INFO  scrips.datamigration.csv.service.SssSecuritiesFileDataService:202 - MATURITY_DATE - 20260425 -8
2022-12-23 18:57:36.706 [main] INFO  scrips.datamigration.csv.service.SssSecuritiesFileDataService:202 - OPTIONAL_MATURITY_DATE -  -0
2022-12-23 18:57:36.706 [main] INFO  scrips.datamigration.csv.service.SssSecuritiesFileDataService:202 - AUCTION_DATE - 20160422 -8
2022-12-23 18:57:36.706 [main] INFO  scrips.datamigration.csv.service.SssSecuritiesFileDataService:202 - FIRST_ISSUANCE_DATE - 20160425 -8
2022-12-23 18:57:36.706 [main] INFO  scrips.datamigration.csv.service.SssSecuritiesFileDataService:202 - FIRST_ISSUANCE_AMOUNT - 000000000300000 -15
2022-12-23 18:57:36.706 [main] INFO  scrips.datamigration.csv.service.SssSecuritiesFileDataService:202 - RE_OPENING_AUCTION_DATE -  -0
2022-12-23 18:57:36.706 [main] INFO  scrips.datamigration.csv.service.SssSecuritiesFileDataService:202 - RE_OPENING_ALLOTMENT_DATE -  -0
2022-12-23 18:57:36.707 [main] INFO  scrips.datamigration.csv.service.SssSecuritiesFileDataService:202 - RE_OPENING_TOTAL_ALLOTMENT_AMOUNT - 000000000000000 -15
2022-12-23 18:57:36.707 [main] INFO  scrips.datamigration.csv.service.SssSecuritiesFileDataService:202 - TOTAL_ISSUED_AMOUNT - 000000000300000 -15
2022-12-23 18:57:36.707 [main] INFO  scrips.datamigration.csv.service.SssSecuritiesFileDataService:202 - OUTSTANDING_NOMINAL_AMOUNT - 000000000170000 -15
2022-12-23 18:57:36.707 [main] INFO  scrips.datamigration.csv.service.SssSecuritiesFileDataService:202 - AMOUNT_ALLOCATED_TO_MAS - 000000000000000 -15
2022-12-23 18:57:36.707 [main] INFO  scrips.datamigration.csv.service.SssSecuritiesFileDataService:202 - AMOUNT_ALLOCATED_TO_OTHERS - 000000000300000 -15
2022-12-23 18:57:36.708 [main] INFO  scrips.datamigration.csv.service.SssSecuritiesFileDataService:202 - MAS_APPLIED_AMOUNT - 000000000000000 -15
2022-12-23 18:57:36.708 [main] INFO  scrips.datamigration.csv.service.SssSecuritiesFileDataService:202 - UNIT_SIZE - 1000 -4
2022-12-23 18:57:36.708 [main] INFO  scrips.datamigration.csv.service.SssSecuritiesFileDataService:202 - DENOMINATION - 000000000000500 -15
2022-12-23 18:57:36.708 [main] INFO  scrips.datamigration.csv.service.SssSecuritiesFileDataService:202 - CURRENCY_CODE - SGD -3
2022-12-23 18:57:36.708 [main] INFO  scrips.datamigration.csv.service.SssSecuritiesFileDataService:202 - REDEMPTION_PRICE - 10000000 -8
2022-12-23 18:57:36.708 [main] INFO  scrips.datamigration.csv.service.SssSecuritiesFileDataService:202 - COUPON_RATE - 00293000 -8
2022-12-23 18:57:36.708 [main] INFO  scrips.datamigration.csv.service.SssSecuritiesFileDataService:202 - EX_DATE_PERIOD - 3 -1
2022-12-23 18:57:36.709 [main] INFO  scrips.datamigration.csv.service.SssSecuritiesFileDataService:202 - EX_DATE - 20230420 -8
2022-12-23 18:57:36.709 [main] INFO  scrips.datamigration.csv.service.SssSecuritiesFileDataService:202 - COUPON_PAYMENT_FREQUENCY - S -1
2022-12-23 18:57:36.709 [main] INFO  scrips.datamigration.csv.service.SssSecuritiesFileDataService:202 - LAST_COUPON_DATE - 20221025 -8
2022-12-23 18:57:36.709 [main] INFO  scrips.datamigration.csv.service.SssSecuritiesFileDataService:202 - NEXT_COUPON_DATE - 20230425 -8
2022-12-23 18:57:36.709 [main] INFO  scrips.datamigration.csv.service.SssSecuritiesFileDataService:202 - OPTIONAL_COUPON_DATE - 20161025 -8
2022-12-23 18:57:36.709 [main] INFO  scrips.datamigration.csv.service.SssSecuritiesFileDataService:202 - DAYS_OF_ACCRUED_INTEREST -  -0
2022-12-23 18:57:36.709 [main] INFO  scrips.datamigration.csv.service.SssSecuritiesFileDataService:202 - TENURE - 010 -3
2022-12-23 18:57:36.709 [main] INFO  scrips.datamigration.csv.service.SssSecuritiesFileDataService:202 - AVERAGE_YIELD - 00000000 -8
2022-12-23 18:57:36.709 [main] INFO  scrips.datamigration.csv.service.SssSecuritiesFileDataService:202 - CUTOFF_YIELD - 00000000 -8
2022-12-23 18:57:36.710 [main] INFO  scrips.datamigration.csv.service.SssSecuritiesFileDataService:202 - AVERAGE_YIELD_PRICE - 00000000 -8
2022-12-23 18:57:36.710 [main] INFO  scrips.datamigration.csv.service.SssSecuritiesFileDataService:202 - CUTOFF_YIELD_PRICE - 00000000 -8
2022-12-23 18:57:36.710 [main] INFO  scrips.datamigration.csv.service.SssSecuritiesFileDataService:202 - RE_OPENING_MAS_APPLIED_AMOUNT - 000000000000000 -15
2022-12-23 18:57:36.710 [main] INFO  scrips.datamigration.csv.service.SssSecuritiesFileDataService:202 - TOTAL_REDEEMED_AMOUNT - 000000000130000 -15
2022-12-23 18:57:36.710 [main] INFO  scrips.datamigration.csv.service.SssSecuritiesFileDataService:202 - ISIN_SUB_TYPE - NA -2
2022-12-23 18:57:36.795 [main] DEBUG org.hibernate.SQL:128 - insert into securities_file_data (ISIN_CODE, AMOUNT_ALLOCATED_TO_MAS, AMOUNT_ALLOCATED_TO_OTHERS, AUCTION_DATE, AVERAGE_YIELD, AVERAGE_YIELD_PRICE, COUPON_PAYMENT_FREQUENCY, COUPON_RATE, CREDIT_RATING, CURRENCY_CODE, CUTOFF_YIELD, CUTOFF_YIELD_PRICE, DAYS_OF_ACCRUED_INTEREST, DENOMINATION, DESCRIPTION, ELIGIBLE_FOR_ILF, EX_DATE, EX_DATE_PERIOD, FIRST_ISSUANCE_AMOUNT, FIRST_ISSUANCE_DATE, HAIRCUT_PERCENTAGE_FOR_ILF, ILF_HAIRCUT_SETTING, ISIN_STATUS, ISIN_SUB_TYPE, ISIN_TYPE, ISSUE_CODE, LAST_COUPON_DATE, MAS_APPLIED_AMOUNT, MATURITY_DATE, NEXT_COUPON_DATE, OPTIONAL_COUPON_DATE, OPTIONAL_MATURITY_DATE, OUTSTANDING_NOMINAL_AMOUNT, RE_OPENING_ALLOTMENT_DATE, RE_OPENING_AUCTION_DATE, RE_OPENING_MAS_APPLIED_AMOUNT, RE_OPENING_TOTAL_ALLOTMENT_AMOUNT, REDEMPTION_PRICE, TAXABLE, TENURE, TOTAL_ISSUED_AMOUNT, TOTAL_REDEEMED_AMOUNT, TRADABLE, UNIT_SIZE) values (?, ?, ?, ?, ?, ?, ?, ?, ?, ?, ?, ?, ?, ?, ?, ?, ?, ?, ?, ?, ?, ?, ?, ?, ?, ?, ?, ?, ?, ?, ?, ?, ?, ?, ?, ?, ?, ?, ?, ?, ?, ?, ?, ?)
2022-12-23 18:57:37.051 [main] INFO  scrips.datamigration.csv.service.SssSecuritiesFileDataService:202 - ISIN_CODE - MEPSUAT00032 -12
2022-12-23 18:57:37.051 [main] INFO  scrips.datamigration.csv.service.SssSecuritiesFileDataService:202 - DESCRIPTION - 10YR SBOND 2016 DUE 030526 GX16503V -35
2022-12-23 18:57:37.052 [main] INFO  scrips.datamigration.csv.service.SssSecuritiesFileDataService:202 - ISIN_TYPE - SB -2
2022-12-23 18:57:37.052 [main] INFO  scrips.datamigration.csv.service.SssSecuritiesFileDataService:202 - ISSUE_CODE - GX16503V -8
2022-12-23 18:57:37.052 [main] INFO  scrips.datamigration.csv.service.SssSecuritiesFileDataService:202 - ISIN_STATUS - A -1
2022-12-23 18:57:37.052 [main] INFO  scrips.datamigration.csv.service.SssSecuritiesFileDataService:202 - TAXABLE - Y -1
2022-12-23 18:57:37.052 [main] INFO  scrips.datamigration.csv.service.SssSecuritiesFileDataService:202 - TRADABLE - N -1
2022-12-23 18:57:37.055 [main] INFO  scrips.datamigration.csv.service.SssSecuritiesFileDataService:202 - CREDIT_RATING - AAA -3
2022-12-23 18:57:37.056 [main] INFO  scrips.datamigration.csv.service.SssSecuritiesFileDataService:202 - ELIGIBLE_FOR_ILF - N -1
2022-12-23 18:57:37.056 [main] INFO  scrips.datamigration.csv.service.SssSecuritiesFileDataService:202 - ILF_HAIRCUT_SETTING - N -1
2022-12-23 18:57:37.056 [main] INFO  scrips.datamigration.csv.service.SssSecuritiesFileDataService:202 - HAIRCUT_PERCENTAGE_FOR_ILF - 00000000 -8
2022-12-23 18:57:37.056 [main] INFO  scrips.datamigration.csv.service.SssSecuritiesFileDataService:202 - MATURITY_DATE - 20260503 -8
2022-12-23 18:57:37.057 [main] INFO  scrips.datamigration.csv.service.SssSecuritiesFileDataService:202 - OPTIONAL_MATURITY_DATE -  -0
2022-12-23 18:57:37.057 [main] INFO  scrips.datamigration.csv.service.SssSecuritiesFileDataService:202 - AUCTION_DATE - 20160429 -8
2022-12-23 18:57:37.057 [main] INFO  scrips.datamigration.csv.service.SssSecuritiesFileDataService:202 - FIRST_ISSUANCE_DATE - 20160503 -8
2022-12-23 18:57:37.058 [main] INFO  scrips.datamigration.csv.service.SssSecuritiesFileDataService:202 - FIRST_ISSUANCE_AMOUNT - 000000000137500 -15
2022-12-23 18:57:37.058 [main] INFO  scrips.datamigration.csv.service.SssSecuritiesFileDataService:202 - RE_OPENING_AUCTION_DATE -  -0
2022-12-23 18:57:37.058 [main] INFO  scrips.datamigration.csv.service.SssSecuritiesFileDataService:202 - RE_OPENING_ALLOTMENT_DATE -  -0
2022-12-23 18:57:37.058 [main] INFO  scrips.datamigration.csv.service.SssSecuritiesFileDataService:202 - RE_OPENING_TOTAL_ALLOTMENT_AMOUNT - 000000000000000 -15
2022-12-23 18:57:37.058 [main] INFO  scrips.datamigration.csv.service.SssSecuritiesFileDataService:202 - TOTAL_ISSUED_AMOUNT - 000000000137500 -15
2022-12-23 18:57:37.058 [main] INFO  scrips.datamigration.csv.service.SssSecuritiesFileDataService:202 - OUTSTANDING_NOMINAL_AMOUNT - 000000000017500 -15
2022-12-23 18:57:37.058 [main] INFO  scrips.datamigration.csv.service.SssSecuritiesFileDataService:202 - AMOUNT_ALLOCATED_TO_MAS - 000000000000000 -15
2022-12-23 18:57:37.059 [main] INFO  scrips.datamigration.csv.service.SssSecuritiesFileDataService:202 - AMOUNT_ALLOCATED_TO_OTHERS - 000000000137500 -15
2022-12-23 18:57:37.059 [main] INFO  scrips.datamigration.csv.service.SssSecuritiesFileDataService:202 - MAS_APPLIED_AMOUNT - 000000000000000 -15
2022-12-23 18:57:37.059 [main] INFO  scrips.datamigration.csv.service.SssSecuritiesFileDataService:202 - UNIT_SIZE - 1000 -4
2022-12-23 18:57:37.059 [main] INFO  scrips.datamigration.csv.service.SssSecuritiesFileDataService:202 - DENOMINATION - 000000000000500 -15
2022-12-23 18:57:37.059 [main] INFO  scrips.datamigration.csv.service.SssSecuritiesFileDataService:202 - CURRENCY_CODE - SGD -3
2022-12-23 18:57:37.059 [main] INFO  scrips.datamigration.csv.service.SssSecuritiesFileDataService:202 - REDEMPTION_PRICE - 10000000 -8
2022-12-23 18:57:37.059 [main] INFO  scrips.datamigration.csv.service.SssSecuritiesFileDataService:202 - COUPON_RATE - 00354000 -8
2022-12-23 18:57:37.060 [main] INFO  scrips.datamigration.csv.service.SssSecuritiesFileDataService:202 - EX_DATE_PERIOD - 3 -1
2022-12-23 18:57:37.060 [main] INFO  scrips.datamigration.csv.service.SssSecuritiesFileDataService:202 - EX_DATE - 20230428 -8
2022-12-23 18:57:37.060 [main] INFO  scrips.datamigration.csv.service.SssSecuritiesFileDataService:202 - COUPON_PAYMENT_FREQUENCY - S -1
2022-12-23 18:57:37.060 [main] INFO  scrips.datamigration.csv.service.SssSecuritiesFileDataService:202 - LAST_COUPON_DATE - 20221103 -8
2022-12-23 18:57:37.060 [main] INFO  scrips.datamigration.csv.service.SssSecuritiesFileDataService:202 - NEXT_COUPON_DATE - 20230503 -8
2022-12-23 18:57:37.061 [main] INFO  scrips.datamigration.csv.service.SssSecuritiesFileDataService:202 - OPTIONAL_COUPON_DATE - 20161103 -8
2022-12-23 18:57:37.062 [main] INFO  scrips.datamigration.csv.service.SssSecuritiesFileDataService:202 - DAYS_OF_ACCRUED_INTEREST -  -0
2022-12-23 18:57:37.062 [main] INFO  scrips.datamigration.csv.service.SssSecuritiesFileDataService:202 - TENURE - 010 -3
2022-12-23 18:57:37.063 [main] INFO  scrips.datamigration.csv.service.SssSecuritiesFileDataService:202 - AVERAGE_YIELD - 00000000 -8
2022-12-23 18:57:37.063 [main] INFO  scrips.datamigration.csv.service.SssSecuritiesFileDataService:202 - CUTOFF_YIELD - 00000000 -8
2022-12-23 18:57:37.063 [main] INFO  scrips.datamigration.csv.service.SssSecuritiesFileDataService:202 - AVERAGE_YIELD_PRICE - 00000000 -8
2022-12-23 18:57:37.064 [main] INFO  scrips.datamigration.csv.service.SssSecuritiesFileDataService:202 - CUTOFF_YIELD_PRICE - 00000000 -8
2022-12-23 18:57:37.064 [main] INFO  scrips.datamigration.csv.service.SssSecuritiesFileDataService:202 - RE_OPENING_MAS_APPLIED_AMOUNT - 000000000000000 -15
2022-12-23 18:57:37.064 [main] INFO  scrips.datamigration.csv.service.SssSecuritiesFileDataService:202 - TOTAL_REDEEMED_AMOUNT - 000000000120000 -15
2022-12-23 18:57:37.064 [main] INFO  scrips.datamigration.csv.service.SssSecuritiesFileDataService:202 - ISIN_SUB_TYPE - NA -2
2022-12-23 18:57:37.146 [main] DEBUG org.hibernate.SQL:128 - insert into securities_file_data (ISIN_CODE, AMOUNT_ALLOCATED_TO_MAS, AMOUNT_ALLOCATED_TO_OTHERS, AUCTION_DATE, AVERAGE_YIELD, AVERAGE_YIELD_PRICE, COUPON_PAYMENT_FREQUENCY, COUPON_RATE, CREDIT_RATING, CURRENCY_CODE, CUTOFF_YIELD, CUTOFF_YIELD_PRICE, DAYS_OF_ACCRUED_INTEREST, DENOMINATION, DESCRIPTION, ELIGIBLE_FOR_ILF, EX_DATE, EX_DATE_PERIOD, FIRST_ISSUANCE_AMOUNT, FIRST_ISSUANCE_DATE, HAIRCUT_PERCENTAGE_FOR_ILF, ILF_HAIRCUT_SETTING, ISIN_STATUS, ISIN_SUB_TYPE, ISIN_TYPE, ISSUE_CODE, LAST_COUPON_DATE, MAS_APPLIED_AMOUNT, MATURITY_DATE, NEXT_COUPON_DATE, OPTIONAL_COUPON_DATE, OPTIONAL_MATURITY_DATE, OUTSTANDING_NOMINAL_AMOUNT, RE_OPENING_ALLOTMENT_DATE, RE_OPENING_AUCTION_DATE, RE_OPENING_MAS_APPLIED_AMOUNT, RE_OPENING_TOTAL_ALLOTMENT_AMOUNT, REDEMPTION_PRICE, TAXABLE, TENURE, TOTAL_ISSUED_AMOUNT, TOTAL_REDEEMED_AMOUNT, TRADABLE, UNIT_SIZE) values (?, ?, ?, ?, ?, ?, ?, ?, ?, ?, ?, ?, ?, ?, ?, ?, ?, ?, ?, ?, ?, ?, ?, ?, ?, ?, ?, ?, ?, ?, ?, ?, ?, ?, ?, ?, ?, ?, ?, ?, ?, ?, ?, ?)
2022-12-23 18:57:37.439 [main] INFO  scrips.datamigration.csv.service.SssSecuritiesFileDataService:202 - ISIN_CODE - NPTESTSCREEN -12
2022-12-23 18:57:37.439 [main] INFO  scrips.datamigration.csv.service.SssSecuritiesFileDataService:202 - DESCRIPTION - 10YR BOND 2016 DUE 260531 NY15046C -34
2022-12-23 18:57:37.439 [main] INFO  scrips.datamigration.csv.service.SssSecuritiesFileDataService:202 - ISIN_TYPE - BN -2
2022-12-23 18:57:37.439 [main] INFO  scrips.datamigration.csv.service.SssSecuritiesFileDataService:202 - ISSUE_CODE - NY15046C -8
2022-12-23 18:57:37.440 [main] INFO  scrips.datamigration.csv.service.SssSecuritiesFileDataService:202 - ISIN_STATUS - N -1
2022-12-23 18:57:37.440 [main] INFO  scrips.datamigration.csv.service.SssSecuritiesFileDataService:202 - TAXABLE - Y -1
2022-12-23 18:57:37.440 [main] INFO  scrips.datamigration.csv.service.SssSecuritiesFileDataService:202 - TRADABLE - Y -1
2022-12-23 18:57:37.440 [main] INFO  scrips.datamigration.csv.service.SssSecuritiesFileDataService:202 - CREDIT_RATING - AAA -3
2022-12-23 18:57:37.441 [main] INFO  scrips.datamigration.csv.service.SssSecuritiesFileDataService:202 - ELIGIBLE_FOR_ILF - Y -1
2022-12-23 18:57:37.441 [main] INFO  scrips.datamigration.csv.service.SssSecuritiesFileDataService:202 - ILF_HAIRCUT_SETTING - A -1
2022-12-23 18:57:37.441 [main] INFO  scrips.datamigration.csv.service.SssSecuritiesFileDataService:202 - HAIRCUT_PERCENTAGE_FOR_ILF - 00100000 -8
2022-12-23 18:57:37.442 [main] INFO  scrips.datamigration.csv.service.SssSecuritiesFileDataService:202 - MATURITY_DATE - 20260531 -8
2022-12-23 18:57:37.442 [main] INFO  scrips.datamigration.csv.service.SssSecuritiesFileDataService:202 - OPTIONAL_MATURITY_DATE -  -0
2022-12-23 18:57:37.442 [main] INFO  scrips.datamigration.csv.service.SssSecuritiesFileDataService:202 - AUCTION_DATE - 20160528 -8
2022-12-23 18:57:37.442 [main] INFO  scrips.datamigration.csv.service.SssSecuritiesFileDataService:202 - FIRST_ISSUANCE_DATE - 20160531 -8
2022-12-23 18:57:37.442 [main] INFO  scrips.datamigration.csv.service.SssSecuritiesFileDataService:202 - FIRST_ISSUANCE_AMOUNT - 000000000001000 -15
2022-12-23 18:57:37.443 [main] INFO  scrips.datamigration.csv.service.SssSecuritiesFileDataService:202 - RE_OPENING_AUCTION_DATE -  -0
2022-12-23 18:57:37.443 [main] INFO  scrips.datamigration.csv.service.SssSecuritiesFileDataService:202 - RE_OPENING_ALLOTMENT_DATE -  -0
2022-12-23 18:57:37.443 [main] INFO  scrips.datamigration.csv.service.SssSecuritiesFileDataService:202 - RE_OPENING_TOTAL_ALLOTMENT_AMOUNT - 000000000000000 -15
2022-12-23 18:57:37.444 [main] INFO  scrips.datamigration.csv.service.SssSecuritiesFileDataService:202 - TOTAL_ISSUED_AMOUNT - 000000000000000 -15
2022-12-23 18:57:37.444 [main] INFO  scrips.datamigration.csv.service.SssSecuritiesFileDataService:202 - OUTSTANDING_NOMINAL_AMOUNT - 000000000000000 -15
2022-12-23 18:57:37.444 [main] INFO  scrips.datamigration.csv.service.SssSecuritiesFileDataService:202 - AMOUNT_ALLOCATED_TO_MAS - 000000000000000 -15
2022-12-23 18:57:37.444 [main] INFO  scrips.datamigration.csv.service.SssSecuritiesFileDataService:202 - AMOUNT_ALLOCATED_TO_OTHERS - 000000000000000 -15
2022-12-23 18:57:37.444 [main] INFO  scrips.datamigration.csv.service.SssSecuritiesFileDataService:202 - MAS_APPLIED_AMOUNT - 000000000000000 -15
2022-12-23 18:57:37.445 [main] INFO  scrips.datamigration.csv.service.SssSecuritiesFileDataService:202 - UNIT_SIZE - 1000 -4
2022-12-23 18:57:37.445 [main] INFO  scrips.datamigration.csv.service.SssSecuritiesFileDataService:202 - DENOMINATION - 000000000001000 -15
2022-12-23 18:57:37.445 [main] INFO  scrips.datamigration.csv.service.SssSecuritiesFileDataService:202 - CURRENCY_CODE - SGD -3
2022-12-23 18:57:37.445 [main] INFO  scrips.datamigration.csv.service.SssSecuritiesFileDataService:202 - REDEMPTION_PRICE - 10000000 -8
2022-12-23 18:57:37.446 [main] INFO  scrips.datamigration.csv.service.SssSecuritiesFileDataService:202 - COUPON_RATE - 00000000 -8
2022-12-23 18:57:37.446 [main] INFO  scrips.datamigration.csv.service.SssSecuritiesFileDataService:202 - EX_DATE_PERIOD - 3 -1
2022-12-23 18:57:37.446 [main] INFO  scrips.datamigration.csv.service.SssSecuritiesFileDataService:202 - EX_DATE - 20161025 -8
2022-12-23 18:57:37.446 [main] INFO  scrips.datamigration.csv.service.SssSecuritiesFileDataService:202 - COUPON_PAYMENT_FREQUENCY - S -1
2022-12-23 18:57:37.446 [main] INFO  scrips.datamigration.csv.service.SssSecuritiesFileDataService:202 - LAST_COUPON_DATE -  -0
2022-12-23 18:57:37.447 [main] INFO  scrips.datamigration.csv.service.SssSecuritiesFileDataService:202 - NEXT_COUPON_DATE -  -0
2022-12-23 18:57:37.447 [main] INFO  scrips.datamigration.csv.service.SssSecuritiesFileDataService:202 - OPTIONAL_COUPON_DATE - 20161028 -8
2022-12-23 18:57:37.447 [main] INFO  scrips.datamigration.csv.service.SssSecuritiesFileDataService:202 - DAYS_OF_ACCRUED_INTEREST - 150 -3
2022-12-23 18:57:37.447 [main] INFO  scrips.datamigration.csv.service.SssSecuritiesFileDataService:202 - TENURE - 010 -3
2022-12-23 18:57:37.447 [main] INFO  scrips.datamigration.csv.service.SssSecuritiesFileDataService:202 - AVERAGE_YIELD - 00000000 -8
2022-12-23 18:57:37.448 [main] INFO  scrips.datamigration.csv.service.SssSecuritiesFileDataService:202 - CUTOFF_YIELD - 00000000 -8
2022-12-23 18:57:37.449 [main] INFO  scrips.datamigration.csv.service.SssSecuritiesFileDataService:202 - AVERAGE_YIELD_PRICE - 00000000 -8
2022-12-23 18:57:37.449 [main] INFO  scrips.datamigration.csv.service.SssSecuritiesFileDataService:202 - CUTOFF_YIELD_PRICE - 00000000 -8
2022-12-23 18:57:37.449 [main] INFO  scrips.datamigration.csv.service.SssSecuritiesFileDataService:202 - RE_OPENING_MAS_APPLIED_AMOUNT - 000000000000000 -15
2022-12-23 18:57:37.449 [main] INFO  scrips.datamigration.csv.service.SssSecuritiesFileDataService:202 - TOTAL_REDEEMED_AMOUNT - 000000000000000 -15
2022-12-23 18:57:37.450 [main] INFO  scrips.datamigration.csv.service.SssSecuritiesFileDataService:202 - ISIN_SUB_TYPE - NA -2
2022-12-23 18:57:37.533 [main] DEBUG org.hibernate.SQL:128 - insert into securities_file_data (ISIN_CODE, AMOUNT_ALLOCATED_TO_MAS, AMOUNT_ALLOCATED_TO_OTHERS, AUCTION_DATE, AVERAGE_YIELD, AVERAGE_YIELD_PRICE, COUPON_PAYMENT_FREQUENCY, COUPON_RATE, CREDIT_RATING, CURRENCY_CODE, CUTOFF_YIELD, CUTOFF_YIELD_PRICE, DAYS_OF_ACCRUED_INTEREST, DENOMINATION, DESCRIPTION, ELIGIBLE_FOR_ILF, EX_DATE, EX_DATE_PERIOD, FIRST_ISSUANCE_AMOUNT, FIRST_ISSUANCE_DATE, HAIRCUT_PERCENTAGE_FOR_ILF, ILF_HAIRCUT_SETTING, ISIN_STATUS, ISIN_SUB_TYPE, ISIN_TYPE, ISSUE_CODE, LAST_COUPON_DATE, MAS_APPLIED_AMOUNT, MATURITY_DATE, NEXT_COUPON_DATE, OPTIONAL_COUPON_DATE, OPTIONAL_MATURITY_DATE, OUTSTANDING_NOMINAL_AMOUNT, RE_OPENING_ALLOTMENT_DATE, RE_OPENING_AUCTION_DATE, RE_OPENING_MAS_APPLIED_AMOUNT, RE_OPENING_TOTAL_ALLOTMENT_AMOUNT, REDEMPTION_PRICE, TAXABLE, TENURE, TOTAL_ISSUED_AMOUNT, TOTAL_REDEEMED_AMOUNT, TRADABLE, UNIT_SIZE) values (?, ?, ?, ?, ?, ?, ?, ?, ?, ?, ?, ?, ?, ?, ?, ?, ?, ?, ?, ?, ?, ?, ?, ?, ?, ?, ?, ?, ?, ?, ?, ?, ?, ?, ?, ?, ?, ?, ?, ?, ?, ?, ?, ?)
2022-12-23 18:57:37.781 [main] INFO  scrips.datamigration.csv.service.SssSecuritiesFileDataService:202 - ISIN_CODE - NSBONDMAY002 -12
2022-12-23 18:57:37.782 [main] INFO  scrips.datamigration.csv.service.SssSecuritiesFileDataService:202 - DESCRIPTION - NS BOND 3YR 2021 - 2024 NS21002A -32
2022-12-23 18:57:37.782 [main] INFO  scrips.datamigration.csv.service.SssSecuritiesFileDataService:202 - ISIN_TYPE - BN -2
2022-12-23 18:57:37.782 [main] INFO  scrips.datamigration.csv.service.SssSecuritiesFileDataService:202 - ISSUE_CODE - NS21002A -8
2022-12-23 18:57:37.783 [main] INFO  scrips.datamigration.csv.service.SssSecuritiesFileDataService:202 - ISIN_STATUS - A -1
2022-12-23 18:57:37.783 [main] INFO  scrips.datamigration.csv.service.SssSecuritiesFileDataService:202 - TAXABLE - Y -1
2022-12-23 18:57:37.783 [main] INFO  scrips.datamigration.csv.service.SssSecuritiesFileDataService:202 - TRADABLE - Y -1
2022-12-23 18:57:37.784 [main] INFO  scrips.datamigration.csv.service.SssSecuritiesFileDataService:202 - CREDIT_RATING - AAA -3
2022-12-23 18:57:37.784 [main] INFO  scrips.datamigration.csv.service.SssSecuritiesFileDataService:202 - ELIGIBLE_FOR_ILF - Y -1
2022-12-23 18:57:37.784 [main] INFO  scrips.datamigration.csv.service.SssSecuritiesFileDataService:202 - ILF_HAIRCUT_SETTING - A -1
2022-12-23 18:57:37.785 [main] INFO  scrips.datamigration.csv.service.SssSecuritiesFileDataService:202 - HAIRCUT_PERCENTAGE_FOR_ILF - 00100000 -8
2022-12-23 18:57:37.785 [main] INFO  scrips.datamigration.csv.service.SssSecuritiesFileDataService:202 - MATURITY_DATE - 20240531 -8
2022-12-23 18:57:37.785 [main] INFO  scrips.datamigration.csv.service.SssSecuritiesFileDataService:202 - OPTIONAL_MATURITY_DATE -  -0
2022-12-23 18:57:37.785 [main] INFO  scrips.datamigration.csv.service.SssSecuritiesFileDataService:202 - AUCTION_DATE - 20210505 -8
2022-12-23 18:57:37.786 [main] INFO  scrips.datamigration.csv.service.SssSecuritiesFileDataService:202 - FIRST_ISSUANCE_DATE - 20210506 -8
2022-12-23 18:57:37.786 [main] INFO  scrips.datamigration.csv.service.SssSecuritiesFileDataService:202 - FIRST_ISSUANCE_AMOUNT - 000000000100000 -15
2022-12-23 18:57:37.787 [main] INFO  scrips.datamigration.csv.service.SssSecuritiesFileDataService:202 - RE_OPENING_AUCTION_DATE - 20210514 -8
2022-12-23 18:57:37.787 [main] INFO  scrips.datamigration.csv.service.SssSecuritiesFileDataService:202 - RE_OPENING_ALLOTMENT_DATE - 20210517 -8
2022-12-23 18:57:37.788 [main] INFO  scrips.datamigration.csv.service.SssSecuritiesFileDataService:202 - RE_OPENING_TOTAL_ALLOTMENT_AMOUNT - 000000000500000 -15
2022-12-23 18:57:37.788 [main] INFO  scrips.datamigration.csv.service.SssSecuritiesFileDataService:202 - TOTAL_ISSUED_AMOUNT - 000000000100000 -15
2022-12-23 18:57:37.788 [main] INFO  scrips.datamigration.csv.service.SssSecuritiesFileDataService:202 - OUTSTANDING_NOMINAL_AMOUNT - 000000000100000 -15
2022-12-23 18:57:37.789 [main] INFO  scrips.datamigration.csv.service.SssSecuritiesFileDataService:202 - AMOUNT_ALLOCATED_TO_MAS - 000000000000000 -15
2022-12-23 18:57:37.789 [main] INFO  scrips.datamigration.csv.service.SssSecuritiesFileDataService:202 - AMOUNT_ALLOCATED_TO_OTHERS - 000000000100000 -15
2022-12-23 18:57:37.790 [main] INFO  scrips.datamigration.csv.service.SssSecuritiesFileDataService:202 - MAS_APPLIED_AMOUNT - 000000000010000 -15
2022-12-23 18:57:37.790 [main] INFO  scrips.datamigration.csv.service.SssSecuritiesFileDataService:202 - UNIT_SIZE - 1000 -4
2022-12-23 18:57:37.790 [main] INFO  scrips.datamigration.csv.service.SssSecuritiesFileDataService:202 - DENOMINATION - 000000000001000 -15
2022-12-23 18:57:37.791 [main] INFO  scrips.datamigration.csv.service.SssSecuritiesFileDataService:202 - CURRENCY_CODE - SGD -3
2022-12-23 18:57:37.791 [main] INFO  scrips.datamigration.csv.service.SssSecuritiesFileDataService:202 - REDEMPTION_PRICE - 10000000 -8
2022-12-23 18:57:37.792 [main] INFO  scrips.datamigration.csv.service.SssSecuritiesFileDataService:202 - COUPON_RATE - 00215000 -8
2022-12-23 18:57:37.792 [main] INFO  scrips.datamigration.csv.service.SssSecuritiesFileDataService:202 - EX_DATE_PERIOD - 3 -1
2022-12-23 18:57:37.792 [main] INFO  scrips.datamigration.csv.service.SssSecuritiesFileDataService:202 - EX_DATE - 20230525 -8
2022-12-23 18:57:37.792 [main] INFO  scrips.datamigration.csv.service.SssSecuritiesFileDataService:202 - COUPON_PAYMENT_FREQUENCY - S -1
2022-12-23 18:57:37.792 [main] INFO  scrips.datamigration.csv.service.SssSecuritiesFileDataService:202 - LAST_COUPON_DATE - 20221130 -8
2022-12-23 18:57:37.792 [main] INFO  scrips.datamigration.csv.service.SssSecuritiesFileDataService:202 - NEXT_COUPON_DATE - 20230530 -8
2022-12-23 18:57:37.792 [main] INFO  scrips.datamigration.csv.service.SssSecuritiesFileDataService:202 - OPTIONAL_COUPON_DATE - 20210531 -8
2022-12-23 18:57:37.793 [main] INFO  scrips.datamigration.csv.service.SssSecuritiesFileDataService:202 - DAYS_OF_ACCRUED_INTEREST - 181 -3
2022-12-23 18:57:37.793 [main] INFO  scrips.datamigration.csv.service.SssSecuritiesFileDataService:202 - TENURE - 005 -3
2022-12-23 18:57:37.793 [main] INFO  scrips.datamigration.csv.service.SssSecuritiesFileDataService:202 - AVERAGE_YIELD - 00000000 -8
2022-12-23 18:57:37.793 [main] INFO  scrips.datamigration.csv.service.SssSecuritiesFileDataService:202 - CUTOFF_YIELD - 00000000 -8
2022-12-23 18:57:37.793 [main] INFO  scrips.datamigration.csv.service.SssSecuritiesFileDataService:202 - AVERAGE_YIELD_PRICE - 00000000 -8
2022-12-23 18:57:37.793 [main] INFO  scrips.datamigration.csv.service.SssSecuritiesFileDataService:202 - CUTOFF_YIELD_PRICE - 00000000 -8
2022-12-23 18:57:37.793 [main] INFO  scrips.datamigration.csv.service.SssSecuritiesFileDataService:202 - RE_OPENING_MAS_APPLIED_AMOUNT - 000000000250000 -15
2022-12-23 18:57:37.794 [main] INFO  scrips.datamigration.csv.service.SssSecuritiesFileDataService:202 - TOTAL_REDEEMED_AMOUNT - 000000000000000 -15
2022-12-23 18:57:37.794 [main] INFO  scrips.datamigration.csv.service.SssSecuritiesFileDataService:202 - ISIN_SUB_TYPE - NA -2
2022-12-23 18:57:37.873 [main] DEBUG org.hibernate.SQL:128 - insert into securities_file_data (ISIN_CODE, AMOUNT_ALLOCATED_TO_MAS, AMOUNT_ALLOCATED_TO_OTHERS, AUCTION_DATE, AVERAGE_YIELD, AVERAGE_YIELD_PRICE, COUPON_PAYMENT_FREQUENCY, COUPON_RATE, CREDIT_RATING, CURRENCY_CODE, CUTOFF_YIELD, CUTOFF_YIELD_PRICE, DAYS_OF_ACCRUED_INTEREST, DENOMINATION, DESCRIPTION, ELIGIBLE_FOR_ILF, EX_DATE, EX_DATE_PERIOD, FIRST_ISSUANCE_AMOUNT, FIRST_ISSUANCE_DATE, HAIRCUT_PERCENTAGE_FOR_ILF, ILF_HAIRCUT_SETTING, ISIN_STATUS, ISIN_SUB_TYPE, ISIN_TYPE, ISSUE_CODE, LAST_COUPON_DATE, MAS_APPLIED_AMOUNT, MATURITY_DATE, NEXT_COUPON_DATE, OPTIONAL_COUPON_DATE, OPTIONAL_MATURITY_DATE, OUTSTANDING_NOMINAL_AMOUNT, RE_OPENING_ALLOTMENT_DATE, RE_OPENING_AUCTION_DATE, RE_OPENING_MAS_APPLIED_AMOUNT, RE_OPENING_TOTAL_ALLOTMENT_AMOUNT, REDEMPTION_PRICE, TAXABLE, TENURE, TOTAL_ISSUED_AMOUNT, TOTAL_REDEEMED_AMOUNT, TRADABLE, UNIT_SIZE) values (?, ?, ?, ?, ?, ?, ?, ?, ?, ?, ?, ?, ?, ?, ?, ?, ?, ?, ?, ?, ?, ?, ?, ?, ?, ?, ?, ?, ?, ?, ?, ?, ?, ?, ?, ?, ?, ?, ?, ?, ?, ?, ?, ?)
2022-12-23 18:57:38.132 [main] INFO  scrips.datamigration.csv.service.SssSecuritiesFileDataService:255 - Total records in File: {}9
2022-12-23 18:57:38.135 [main] INFO  scrips.datamigration.controller.ScripsFileUploadController:177 - fileRecords - AUTOSFNEWP99|AUTOSFNP|99YR BOND 2017 DUE 010199 AUTOSFNP|A|SGD|000000000001000|20171228|20171229|000001000000000|20990101||10000000|00000000|000902800000000|S|00120000|00000000|3|050|00000000|00000000|20221201
2022-12-23 18:57:38.135 [main] INFO  scrips.datamigration.controller.ScripsFileUploadController:177 - fileRecords - BCSISMBIL001|BN2005M|MAS Bill|A|SGD|000000000001000|20210518|20210519|000000100000000|20251231||10000000|00000000|000000100000000|N|00000000|00000000|0|241|00000000|00000000| 
2022-12-23 18:57:38.135 [main] INFO  scrips.datamigration.controller.ScripsFileUploadController:177 - fileRecords - BCSISTEST012|N999012M|15 YEARS BONDS|A|SGD|000000000001000|20170122|20170201|000000630000000|20290801||10000000|00000000|000000630000000|S|00125000|00000000|5|015|00000000|00000000| 
2022-12-23 18:57:38.135 [main] INFO  scrips.datamigration.controller.ScripsFileUploadController:177 - fileRecords - MEPSUAT00016|GX16501W|10YR SBOND 2016 DUE220426 GX16501W|A|SGD|000000000000500|20160421|20160422|000000000287500|20260422||10000000|00000000|000000000287500|S|00700000|00000000|3|010|00000000|00000000|20221022
2022-12-23 18:57:38.136 [main] INFO  scrips.datamigration.controller.ScripsFileUploadController:177 - fileRecords - MEPSUAT00024|GX16502N|10YR SBOND 2016 DUE250426 GX16502N|A|SGD|000000000000500|20160422|20160425|000000000300000|20260425||10000000|00000000|000000000300000|S|00293000|00000000|3|010|00000000|00000000|20221025
2022-12-23 18:57:38.136 [main] INFO  scrips.datamigration.controller.ScripsFileUploadController:177 - fileRecords - MEPSUAT00032|GX16503V|10YR SBOND 2016 DUE 030526 GX16503V|A|SGD|000000000000500|20160429|20160503|000000000137500|20260503||10000000|00000000|000000000137500|S|00354000|00000000|3|010|00000000|00000000|20221103
2022-12-23 18:57:38.136 [main] INFO  scrips.datamigration.controller.ScripsFileUploadController:177 - fileRecords - NPTESTSCREEN|NY15046C|10YR BOND 2016 DUE 260531 NY15046C|N|SGD|000000000001000|20160528|20160531|000000000001000|20260531||10000000|00000000|000000000000000|S|00000000|00000000|3|010|00000000|00000000| 
2022-12-23 18:57:38.136 [main] INFO  scrips.datamigration.controller.ScripsFileUploadController:177 - fileRecords - NSBONDMAY002|NS21002A|NS BOND 3YR 2021 - 2024 NS21002A|A|SGD|000000000001000|20210505|20210506|000000000100000|20240531||10000000|00000000|000000000100000|S|00215000|00000000|3|005|00000000|00000000|20221130
2022-12-23 18:57:38.137 [main] INFO  scrips.datamigration.controller.ScripsFileUploadController:179 - 1:securities_code
2022-12-23 18:57:38.137 [main] INFO  scrips.datamigration.controller.ScripsFileUploadController:179 - 2:issue_code
2022-12-23 18:57:38.137 [main] INFO  scrips.datamigration.controller.ScripsFileUploadController:179 - 3:description
2022-12-23 18:57:38.138 [main] INFO  scrips.datamigration.controller.ScripsFileUploadController:179 - 4:securities_status
2022-12-23 18:57:38.138 [main] INFO  scrips.datamigration.controller.ScripsFileUploadController:179 - 5:currency_code
2022-12-23 18:57:38.138 [main] INFO  scrips.datamigration.controller.ScripsFileUploadController:179 - 6:denomination
2022-12-23 18:57:38.138 [main] INFO  scrips.datamigration.controller.ScripsFileUploadController:179 - 7:first_auction_date
2022-12-23 18:57:38.138 [main] INFO  scrips.datamigration.controller.ScripsFileUploadController:179 - 8:first_issuance_date
2022-12-23 18:57:38.138 [main] INFO  scrips.datamigration.controller.ScripsFileUploadController:179 - 9:first_issuance_amount
2022-12-23 18:57:38.139 [main] INFO  scrips.datamigration.controller.ScripsFileUploadController:179 - 10:redemption_date
2022-12-23 18:57:38.139 [main] INFO  scrips.datamigration.controller.ScripsFileUploadController:179 - 11:optional_redemption_date
2022-12-23 18:57:38.139 [main] INFO  scrips.datamigration.controller.ScripsFileUploadController:179 - 12:redemption_price
2022-12-23 18:57:38.139 [main] INFO  scrips.datamigration.controller.ScripsFileUploadController:179 - 13:optional_redemption_price
2022-12-23 18:57:38.139 [main] INFO  scrips.datamigration.controller.ScripsFileUploadController:179 - 14:central_bank_applied_amount
2022-12-23 18:57:38.139 [main] INFO  scrips.datamigration.controller.ScripsFileUploadController:179 - 15:coupon_payment_frequency
2022-12-23 18:57:38.140 [main] INFO  scrips.datamigration.controller.ScripsFileUploadController:179 - 16:coupon_rate
2022-12-23 18:57:38.140 [main] INFO  scrips.datamigration.controller.ScripsFileUploadController:179 - 17:average_yield
2022-12-23 18:57:38.140 [main] INFO  scrips.datamigration.controller.ScripsFileUploadController:179 - 18:record_date_period
2022-12-23 18:57:38.140 [main] INFO  scrips.datamigration.controller.ScripsFileUploadController:179 - 19:tenor_period
2022-12-23 18:57:38.140 [main] INFO  scrips.datamigration.controller.ScripsFileUploadController:179 - 20:issue_price
2022-12-23 18:57:38.140 [main] INFO  scrips.datamigration.controller.ScripsFileUploadController:179 - 21:issue_yield
2022-12-23 18:57:38.141 [main] INFO  scrips.datamigration.controller.ScripsFileUploadController:179 - 22:first_coupon_date
2022-12-23 18:57:38.141 [main] INFO  scrips.datamigration.sss.service.SssSecuritiesCodeService:274 - ftp status n
