2022-12-28 09:45:08.831 [main] INFO  scrips.datamigration.App:55 - Starting App on WSIN181 with PID 8688 (D:\DataMigrationNEW\DATA_MIGRATION_RTGS\DataMigrationAndExtract\DataMigration\target\classes started by SheikKhadeer in D:\DataMigrationNEW\DATA_MIGRATION_RTGS\DataMigrationAndExtract\DataMigration)
2022-12-28 09:45:08.838 [main] INFO  scrips.datamigration.App:651 - No active profile set, falling back to default profiles: app
2022-12-28 09:45:09.742 [main] INFO  org.springframework.data.repository.config.RepositoryConfigurationDelegate:127 - Bootstrapping Spring Data JPA repositories in DEFAULT mode.
2022-12-28 09:45:10.344 [main] INFO  org.springframework.data.repository.config.RepositoryConfigurationDelegate:187 - Finished Spring Data repository scanning in 591ms. Found 61 JPA repository interfaces.
2022-12-28 09:45:10.753 [main] INFO  com.ulisesbocchio.jasyptspringboot.configuration.EnableEncryptablePropertiesBeanFactoryPostProcessor:39 - Post-processing PropertySource instances
2022-12-28 09:45:10.795 [main] INFO  com.ulisesbocchio.jasyptspringboot.EncryptablePropertySourceConverter:56 - Converting PropertySource configurationProperties [org.springframework.boot.context.properties.source.ConfigurationPropertySourcesPropertySource] to AOP Proxy
2022-12-28 09:45:10.796 [main] INFO  com.ulisesbocchio.jasyptspringboot.EncryptablePropertySourceConverter:56 - Converting PropertySource commandLineArgs [org.springframework.core.env.SimpleCommandLinePropertySource] to EncryptableEnumerablePropertySourceWrapper
2022-12-28 09:45:10.796 [main] INFO  com.ulisesbocchio.jasyptspringboot.EncryptablePropertySourceConverter:56 - Converting PropertySource systemProperties [org.springframework.core.env.PropertiesPropertySource] to EncryptableMapPropertySourceWrapper
2022-12-28 09:45:10.797 [main] INFO  com.ulisesbocchio.jasyptspringboot.EncryptablePropertySourceConverter:56 - Converting PropertySource systemEnvironment [org.springframework.boot.env.SystemEnvironmentPropertySourceEnvironmentPostProcessor$OriginAwareSystemEnvironmentPropertySource] to EncryptableSystemEnvironmentPropertySourceWrapper
2022-12-28 09:45:10.798 [main] INFO  com.ulisesbocchio.jasyptspringboot.EncryptablePropertySourceConverter:56 - Converting PropertySource random [org.springframework.boot.env.RandomValuePropertySource] to EncryptablePropertySourceWrapper
2022-12-28 09:45:10.798 [main] INFO  com.ulisesbocchio.jasyptspringboot.EncryptablePropertySourceConverter:56 - Converting PropertySource applicationConfig: [file:./config/application.properties] [org.springframework.boot.env.OriginTrackedMapPropertySource] to EncryptableMapPropertySourceWrapper
2022-12-28 09:45:10.799 [main] INFO  com.ulisesbocchio.jasyptspringboot.EncryptablePropertySourceConverter:56 - Converting PropertySource applicationConfig: [classpath:/application.properties] [org.springframework.boot.env.OriginTrackedMapPropertySource] to EncryptableMapPropertySourceWrapper
2022-12-28 09:45:10.799 [main] INFO  com.ulisesbocchio.jasyptspringboot.EncryptablePropertySourceConverter:56 - Converting PropertySource DataMigrationProperties [org.springframework.core.env.MapPropertySource] to EncryptableMapPropertySourceWrapper
2022-12-28 09:45:10.924 [main] INFO  com.ulisesbocchio.jasyptspringboot.filter.DefaultLazyPropertyFilter:31 - Property Filter custom Bean not found with name 'encryptablePropertyFilter'. Initializing Default Property Filter
2022-12-28 09:45:11.018 [main] INFO  com.ulisesbocchio.jasyptspringboot.resolver.DefaultLazyPropertyResolver:35 - Property Resolver custom Bean not found with name 'encryptablePropertyResolver'. Initializing Default Property Resolver
2022-12-28 09:45:11.021 [main] INFO  com.ulisesbocchio.jasyptspringboot.detector.DefaultLazyPropertyDetector:35 - Property Detector custom Bean not found with name 'encryptablePropertyDetector'. Initializing Default Property Detector
2022-12-28 09:45:11.045 [main] INFO  com.ulisesbocchio.jasyptspringboot.encryptor.DefaultLazyEncryptor:37 - String Encryptor custom Bean not found with name 'jasyptStringEncryptor'. Initializing Default String Encryptor
2022-12-28 09:45:11.064 [main] INFO  com.ulisesbocchio.jasyptspringboot.configuration.StringEncryptorBuilder:81 - Encryptor config not found for property jasypt.encryptor.key-obtention-iterations, using default value: 1000
2022-12-28 09:45:11.065 [main] INFO  com.ulisesbocchio.jasyptspringboot.configuration.StringEncryptorBuilder:81 - Encryptor config not found for property jasypt.encryptor.pool-size, using default value: 1
2022-12-28 09:45:11.066 [main] INFO  com.ulisesbocchio.jasyptspringboot.configuration.StringEncryptorBuilder:81 - Encryptor config not found for property jasypt.encryptor.provider-name, using default value: null
2022-12-28 09:45:11.066 [main] INFO  com.ulisesbocchio.jasyptspringboot.configuration.StringEncryptorBuilder:81 - Encryptor config not found for property jasypt.encryptor.provider-class-name, using default value: null
2022-12-28 09:45:11.067 [main] INFO  com.ulisesbocchio.jasyptspringboot.configuration.StringEncryptorBuilder:81 - Encryptor config not found for property jasypt.encryptor.salt-generator-classname, using default value: org.jasypt.salt.RandomSaltGenerator
2022-12-28 09:45:11.069 [main] INFO  com.ulisesbocchio.jasyptspringboot.configuration.StringEncryptorBuilder:81 - Encryptor config not found for property jasypt.encryptor.string-output-type, using default value: base64
2022-12-28 09:45:11.430 [main] INFO  org.hibernate.jpa.internal.util.LogHelper:31 - HHH000204: Processing PersistenceUnitInfo [name: data]
2022-12-28 09:45:11.519 [main] INFO  org.hibernate.Version:44 - HHH000412: Hibernate ORM core version 5.4.15.Final
2022-12-28 09:45:11.695 [main] INFO  org.hibernate.annotations.common.Version:49 - HCANN000001: Hibernate Commons Annotations {5.1.0.Final}
2022-12-28 09:45:12.158 [main] INFO  com.zaxxer.hikari.HikariDataSource:110 - HikariPool-1 - Starting...
2022-12-28 09:45:12.469 [main] INFO  com.zaxxer.hikari.HikariDataSource:123 - HikariPool-1 - Start completed.
2022-12-28 09:45:12.505 [main] INFO  org.hibernate.dialect.Dialect:172 - HHH000400: Using dialect: org.hibernate.dialect.MySQL8Dialect
2022-12-28 09:45:12.614 [main] INFO  org.hibernate.envers.boot.internal.EnversServiceImpl:90 - Envers integration enabled? : true
2022-12-28 09:45:15.389 [main] INFO  org.hibernate.engine.transaction.jta.platform.internal.JtaPlatformInitiator:52 - HHH000490: Using JtaPlatform implementation: [org.hibernate.engine.transaction.jta.platform.internal.NoJtaPlatform]
2022-12-28 09:45:15.399 [main] INFO  org.springframework.orm.jpa.LocalContainerEntityManagerFactoryBean:416 - Initialized JPA EntityManagerFactory for persistence unit 'data'
2022-12-28 09:45:17.573 [main] INFO  scrips.datamigration.App:61 - Started App in 9.328 seconds (JVM running for 11.228)
2022-12-28 09:45:17.649 [main] INFO  scrips.datamigration.common.service.FkChecksEnableDisable:36 - disable FkChecks called
2022-12-28 09:45:17.704 [main] DEBUG org.hibernate.SQL:128 - SET FOREIGN_KEY_CHECKS = 0
2022-12-28 09:45:17.736 [main] INFO  scrips.datamigration.common.service.FkChecksEnableDisable:38 - disable FkChecks done
2022-12-28 09:45:17.797 [main] DEBUG org.hibernate.SQL:128 - SELECT @@GLOBAL.foreign_key_checks, @@SESSION.foreign_key_checks
2022-12-28 09:45:17.830 [main] INFO  scrips.datamigration.common.service.FkChecksEnableDisable:52 - foreign_key_checks status - 0
2022-12-28 09:45:17.836 [main] INFO  scrips.datamigration.controller.ScripsFileUploadController:115 - fileUploadCode - CBM_SORA_RATE_FILE_UPLOAD
2022-12-28 09:45:17.837 [main] INFO  scrips.datamigration.common.service.FileUploadService:93 - getFileHeaderByCode entered
2022-12-28 09:45:17.838 [main] INFO  scrips.datamigration.common.service.FileUploadService:99 - fileUpldHeaderOut - cbm_sora_rate
2022-12-28 09:45:17.839 [main] INFO  scrips.datamigration.controller.ScripsFileUploadController:119 - Live table name ->cbm_sora_rate
2022-12-28 09:45:17.840 [main] INFO  scrips.datamigration.common.service.FileUploadService:62 - ftp status n
2022-12-28 09:45:17.841 [main] INFO  scrips.datamigration.common.service.FileUploadService:77 - FTP Not Enabled,Reading files from MigrationFiles folder
2022-12-28 09:45:17.845 [main] INFO  scrips.datamigration.controller.ScripsFileUploadController:133 - fileRecords - SORA INDEX|20220506|20220515|1.2000000000
2022-12-28 09:45:17.845 [main] INFO  scrips.datamigration.controller.ScripsFileUploadController:133 - fileRecords - SORA INDEX|20220506|20220515|1.3000000000
2022-12-28 09:45:17.846 [main] INFO  scrips.datamigration.controller.ScripsFileUploadController:133 - fileRecords - SORA RATE|20220508|20220508|0.0200000000
2022-12-28 09:45:17.846 [main] INFO  scrips.datamigration.controller.ScripsFileUploadController:133 - fileRecords - SORA RATE|20220506|20220510|0.0400000000
2022-12-28 09:45:17.847 [main] INFO  scrips.datamigration.controller.ScripsFileUploadController:133 - fileRecords - SORA RATE|20220508|20220508|-0.0200000000
2022-12-28 09:45:17.847 [main] INFO  scrips.datamigration.controller.ScripsFileUploadController:133 - fileRecords - SORA RATE|20220506|-0220510|0.0400000000
2022-12-28 09:45:17.847 [main] INFO  scrips.datamigration.controller.ScripsFileUploadController:133 - fileRecords - SORA INDEX|20220506|20220515|TEST
2022-12-28 09:45:17.848 [main] INFO  scrips.datamigration.controller.ScripsFileUploadController:133 - fileRecords - SORA INDEX|20220506|TEST|1.3000000000
2022-12-28 09:45:17.848 [main] INFO  scrips.datamigration.controller.ScripsFileUploadController:133 - fileRecords - SORA INDEX|TEST|20220519|1.3000000000
2022-12-28 09:45:17.849 [main] INFO  scrips.datamigration.controller.ScripsFileUploadController:135 - 1:reference_rate|publication_date|value_date|rate
2022-12-28 09:45:17.924 [main] DEBUG org.hibernate.SQL:128 - insert into cbm_sora_rate_source (action, approval_remark, approved_by, approved_date, created_date, effective_date, id, modified_by, modified_date, publication_date, rate, reference_rate, remarks, status, value_date, workflow_status_id) values (?, ?, ?, ?, ?, ?, ?, ?, ?, ?, ?, ?, ?, ?, ?, ?)
2022-12-28 09:45:18.035 [main] DEBUG org.hibernate.SQL:128 - insert into cbm_sora_rate_source (action, approval_remark, approved_by, approved_date, created_date, effective_date, id, modified_by, modified_date, publication_date, rate, reference_rate, remarks, status, value_date, workflow_status_id) values (?, ?, ?, ?, ?, ?, ?, ?, ?, ?, ?, ?, ?, ?, ?, ?)
2022-12-28 09:45:18.093 [main] DEBUG org.hibernate.SQL:128 - insert into cbm_sora_rate_source (action, approval_remark, approved_by, approved_date, created_date, effective_date, id, modified_by, modified_date, publication_date, rate, reference_rate, remarks, status, value_date, workflow_status_id) values (?, ?, ?, ?, ?, ?, ?, ?, ?, ?, ?, ?, ?, ?, ?, ?)
2022-12-28 09:45:18.159 [main] DEBUG org.hibernate.SQL:128 - insert into cbm_sora_rate_source (action, approval_remark, approved_by, approved_date, created_date, effective_date, id, modified_by, modified_date, publication_date, rate, reference_rate, remarks, status, value_date, workflow_status_id) values (?, ?, ?, ?, ?, ?, ?, ?, ?, ?, ?, ?, ?, ?, ?, ?)
2022-12-28 09:45:18.224 [main] DEBUG org.hibernate.SQL:128 - insert into cbm_sora_rate_source (action, approval_remark, approved_by, approved_date, created_date, effective_date, id, modified_by, modified_date, publication_date, rate, reference_rate, remarks, status, value_date, workflow_status_id) values (?, ?, ?, ?, ?, ?, ?, ?, ?, ?, ?, ?, ?, ?, ?, ?)
2022-12-28 09:45:18.290 [main] DEBUG org.hibernate.SQL:128 - insert into cbm_sora_rate_source (action, approval_remark, approved_by, approved_date, created_date, effective_date, id, modified_by, modified_date, publication_date, rate, reference_rate, remarks, status, value_date, workflow_status_id) values (?, ?, ?, ?, ?, ?, ?, ?, ?, ?, ?, ?, ?, ?, ?, ?)
2022-12-28 09:45:18.353 [main] DEBUG org.hibernate.SQL:128 - insert into cbm_sora_rate_source (action, approval_remark, approved_by, approved_date, created_date, effective_date, id, modified_by, modified_date, publication_date, rate, reference_rate, remarks, status, value_date, workflow_status_id) values (?, ?, ?, ?, ?, ?, ?, ?, ?, ?, ?, ?, ?, ?, ?, ?)
2022-12-28 09:45:18.414 [main] DEBUG org.hibernate.SQL:128 - insert into cbm_sora_rate_source (action, approval_remark, approved_by, approved_date, created_date, effective_date, id, modified_by, modified_date, publication_date, rate, reference_rate, remarks, status, value_date, workflow_status_id) values (?, ?, ?, ?, ?, ?, ?, ?, ?, ?, ?, ?, ?, ?, ?, ?)
2022-12-28 09:45:18.472 [main] DEBUG org.hibernate.SQL:128 - insert into cbm_sora_rate_source (action, approval_remark, approved_by, approved_date, created_date, effective_date, id, modified_by, modified_date, publication_date, rate, reference_rate, remarks, status, value_date, workflow_status_id) values (?, ?, ?, ?, ?, ?, ?, ?, ?, ?, ?, ?, ?, ?, ?, ?)
2022-12-28 09:45:18.526 [main] INFO  scrips.datamigration.rtgs.service.CbmSoraRateService:153 - Total records in File: {}9
2022-12-28 09:45:18.669 [main] DEBUG org.hibernate.SQL:128 - select jpauser0_.id as id1_60_, jpauser0_.access_level as access_l2_60_, jpauser0_.action as action3_60_, jpauser0_.approval_remark as approval4_60_, jpauser0_.approved_by as approved5_60_, jpauser0_.approved_date as approved6_60_, jpauser0_.created_date as created_7_60_, jpauser0_.currency_code as currency8_60_, jpauser0_.effective_date as effectiv9_60_, jpauser0_.email as email10_60_, jpauser0_.first_activation_date as first_a11_60_, jpauser0_.last_login_datetime as last_lo12_60_, jpauser0_.login_attempts as login_a13_60_, jpauser0_.member_id as member_14_60_, jpauser0_.modified_by as modifie15_60_, jpauser0_.modified_date as modifie16_60_, jpauser0_.name as name17_60_, jpauser0_.password as passwor18_60_, jpauser0_.password_expiry_date as passwor19_60_, jpauser0_.phone_no as phone_n20_60_, jpauser0_.status as status21_60_, jpauser0_.swift_net_id as swift_n22_60_, jpauser0_.user_id as user_id23_60_, jpauser0_.user_status as user_st24_60_, jpauser0_.workflow_status_id as workflo25_60_ from user jpauser0_ where jpauser0_.name=?
2022-12-28 09:45:18.704 [main] INFO  scrips.datamigration.common.service.FkChecksEnableDisable:23 - enable FkChecks called
2022-12-28 09:45:18.706 [main] DEBUG org.hibernate.SQL:128 - SET FOREIGN_KEY_CHECKS = 1
2022-12-28 09:45:18.719 [main] INFO  scrips.datamigration.common.service.FkChecksEnableDisable:25 - enable FkChecks done
2022-12-28 09:45:18.750 [main] DEBUG org.hibernate.SQL:128 - SELECT @@GLOBAL.foreign_key_checks, @@SESSION.foreign_key_checks
2022-12-28 09:45:18.767 [main] INFO  scrips.datamigration.common.service.FkChecksEnableDisable:52 - foreign_key_checks status - 1
2022-12-28 09:45:18.803 [SpringContextShutdownHook] INFO  org.springframework.orm.jpa.LocalContainerEntityManagerFactoryBean:598 - Closing JPA EntityManagerFactory for persistence unit 'data'
2022-12-28 09:45:18.806 [SpringContextShutdownHook] INFO  com.zaxxer.hikari.HikariDataSource:350 - HikariPool-1 - Shutdown initiated...
2022-12-28 09:45:18.891 [SpringContextShutdownHook] INFO  com.zaxxer.hikari.HikariDataSource:352 - HikariPool-1 - Shutdown completed.
