2022-12-23 20:08:38.733 [main] INFO  scrips.datamigration.App:55 - Starting App on WSIN181 with PID 15524 (D:\DataMigrationNEW\DATA_MIGRATION_RTGS\DataMigrationAndExtract\DataMigration\target\classes started by SheikKhadeer in D:\DataMigrationNEW\DATA_MIGRATION_RTGS\DataMigrationAndExtract\DataMigration)
2022-12-23 20:08:38.779 [main] INFO  scrips.datamigration.App:651 - No active profile set, falling back to default profiles: app
2022-12-23 20:08:39.826 [main] INFO  org.springframework.data.repository.config.RepositoryConfigurationDelegate:127 - Bootstrapping Spring Data JPA repositories in DEFAULT mode.
2022-12-23 20:08:40.316 [main] INFO  org.springframework.data.repository.config.RepositoryConfigurationDelegate:187 - Finished Spring Data repository scanning in 481ms. Found 65 JPA repository interfaces.
2022-12-23 20:08:40.672 [main] INFO  com.ulisesbocchio.jasyptspringboot.configuration.EnableEncryptablePropertiesBeanFactoryPostProcessor:39 - Post-processing PropertySource instances
2022-12-23 20:08:40.699 [main] INFO  com.ulisesbocchio.jasyptspringboot.EncryptablePropertySourceConverter:56 - Converting PropertySource configurationProperties [org.springframework.boot.context.properties.source.ConfigurationPropertySourcesPropertySource] to AOP Proxy
2022-12-23 20:08:40.700 [main] INFO  com.ulisesbocchio.jasyptspringboot.EncryptablePropertySourceConverter:56 - Converting PropertySource commandLineArgs [org.springframework.core.env.SimpleCommandLinePropertySource] to EncryptableEnumerablePropertySourceWrapper
2022-12-23 20:08:40.701 [main] INFO  com.ulisesbocchio.jasyptspringboot.EncryptablePropertySourceConverter:56 - Converting PropertySource systemProperties [org.springframework.core.env.PropertiesPropertySource] to EncryptableMapPropertySourceWrapper
2022-12-23 20:08:40.701 [main] INFO  com.ulisesbocchio.jasyptspringboot.EncryptablePropertySourceConverter:56 - Converting PropertySource systemEnvironment [org.springframework.boot.env.SystemEnvironmentPropertySourceEnvironmentPostProcessor$OriginAwareSystemEnvironmentPropertySource] to EncryptableSystemEnvironmentPropertySourceWrapper
2022-12-23 20:08:40.701 [main] INFO  com.ulisesbocchio.jasyptspringboot.EncryptablePropertySourceConverter:56 - Converting PropertySource random [org.springframework.boot.env.RandomValuePropertySource] to EncryptablePropertySourceWrapper
2022-12-23 20:08:40.701 [main] INFO  com.ulisesbocchio.jasyptspringboot.EncryptablePropertySourceConverter:56 - Converting PropertySource applicationConfig: [file:./config/application.properties] [org.springframework.boot.env.OriginTrackedMapPropertySource] to EncryptableMapPropertySourceWrapper
2022-12-23 20:08:40.702 [main] INFO  com.ulisesbocchio.jasyptspringboot.EncryptablePropertySourceConverter:56 - Converting PropertySource applicationConfig: [classpath:/application.properties] [org.springframework.boot.env.OriginTrackedMapPropertySource] to EncryptableMapPropertySourceWrapper
2022-12-23 20:08:40.702 [main] INFO  com.ulisesbocchio.jasyptspringboot.EncryptablePropertySourceConverter:56 - Converting PropertySource DataMigrationProperties [org.springframework.core.env.MapPropertySource] to EncryptableMapPropertySourceWrapper
2022-12-23 20:08:40.805 [main] INFO  com.ulisesbocchio.jasyptspringboot.filter.DefaultLazyPropertyFilter:31 - Property Filter custom Bean not found with name 'encryptablePropertyFilter'. Initializing Default Property Filter
2022-12-23 20:08:40.900 [main] INFO  com.ulisesbocchio.jasyptspringboot.resolver.DefaultLazyPropertyResolver:35 - Property Resolver custom Bean not found with name 'encryptablePropertyResolver'. Initializing Default Property Resolver
2022-12-23 20:08:40.903 [main] INFO  com.ulisesbocchio.jasyptspringboot.detector.DefaultLazyPropertyDetector:35 - Property Detector custom Bean not found with name 'encryptablePropertyDetector'. Initializing Default Property Detector
2022-12-23 20:08:40.919 [main] INFO  com.ulisesbocchio.jasyptspringboot.encryptor.DefaultLazyEncryptor:37 - String Encryptor custom Bean not found with name 'jasyptStringEncryptor'. Initializing Default String Encryptor
2022-12-23 20:08:40.934 [main] INFO  com.ulisesbocchio.jasyptspringboot.configuration.StringEncryptorBuilder:81 - Encryptor config not found for property jasypt.encryptor.key-obtention-iterations, using default value: 1000
2022-12-23 20:08:40.935 [main] INFO  com.ulisesbocchio.jasyptspringboot.configuration.StringEncryptorBuilder:81 - Encryptor config not found for property jasypt.encryptor.pool-size, using default value: 1
2022-12-23 20:08:40.936 [main] INFO  com.ulisesbocchio.jasyptspringboot.configuration.StringEncryptorBuilder:81 - Encryptor config not found for property jasypt.encryptor.provider-name, using default value: null
2022-12-23 20:08:40.936 [main] INFO  com.ulisesbocchio.jasyptspringboot.configuration.StringEncryptorBuilder:81 - Encryptor config not found for property jasypt.encryptor.provider-class-name, using default value: null
2022-12-23 20:08:40.937 [main] INFO  com.ulisesbocchio.jasyptspringboot.configuration.StringEncryptorBuilder:81 - Encryptor config not found for property jasypt.encryptor.salt-generator-classname, using default value: org.jasypt.salt.RandomSaltGenerator
2022-12-23 20:08:40.938 [main] INFO  com.ulisesbocchio.jasyptspringboot.configuration.StringEncryptorBuilder:81 - Encryptor config not found for property jasypt.encryptor.string-output-type, using default value: base64
2022-12-23 20:08:41.122 [main] INFO  org.hibernate.jpa.internal.util.LogHelper:31 - HHH000204: Processing PersistenceUnitInfo [name: data]
2022-12-23 20:08:41.181 [main] INFO  org.hibernate.Version:44 - HHH000412: Hibernate ORM core version 5.4.15.Final
2022-12-23 20:08:41.343 [main] INFO  org.hibernate.annotations.common.Version:49 - HCANN000001: Hibernate Commons Annotations {5.1.0.Final}
2022-12-23 20:08:41.974 [main] INFO  com.zaxxer.hikari.HikariDataSource:110 - HikariPool-1 - Starting...
2022-12-23 20:08:42.893 [main] INFO  com.zaxxer.hikari.HikariDataSource:123 - HikariPool-1 - Start completed.
2022-12-23 20:08:42.964 [main] INFO  org.hibernate.dialect.Dialect:172 - HHH000400: Using dialect: org.hibernate.dialect.MySQL8Dialect
2022-12-23 20:08:43.147 [main] INFO  org.hibernate.envers.boot.internal.EnversServiceImpl:90 - Envers integration enabled? : true
2022-12-23 20:08:44.993 [main] INFO  org.hibernate.engine.transaction.jta.platform.internal.JtaPlatformInitiator:52 - HHH000490: Using JtaPlatform implementation: [org.hibernate.engine.transaction.jta.platform.internal.NoJtaPlatform]
2022-12-23 20:08:45.001 [main] INFO  org.springframework.orm.jpa.LocalContainerEntityManagerFactoryBean:416 - Initialized JPA EntityManagerFactory for persistence unit 'data'
2022-12-23 20:08:46.819 [main] INFO  scrips.datamigration.App:61 - Started App in 8.75 seconds (JVM running for 10.249)
2022-12-23 20:08:47.004 [main] INFO  scrips.datamigration.common.service.FkChecksEnableDisable:36 - disable FkChecks called
2022-12-23 20:08:47.061 [main] DEBUG org.hibernate.SQL:128 - SET FOREIGN_KEY_CHECKS = 0
2022-12-23 20:08:47.143 [main] INFO  scrips.datamigration.common.service.FkChecksEnableDisable:38 - disable FkChecks done
2022-12-23 20:08:47.348 [main] DEBUG org.hibernate.SQL:128 - SELECT @@GLOBAL.foreign_key_checks, @@SESSION.foreign_key_checks
2022-12-23 20:08:47.436 [main] INFO  scrips.datamigration.common.service.FkChecksEnableDisable:52 - foreign_key_checks status - 0
2022-12-23 20:08:47.443 [main] INFO  scrips.datamigration.controller.ScripsFileUploadController:159 - fileUploadCode - SSS_SECURITIES_CODE_FILE_UPLOAD
2022-12-23 20:08:47.443 [main] INFO  scrips.datamigration.common.service.FileUploadService:116 - getFileHeaderByCode entered
2022-12-23 20:08:47.444 [main] INFO  scrips.datamigration.common.service.FileUploadService:122 - fileUpldHeaderOut - securities_code
2022-12-23 20:08:47.445 [main] INFO  scrips.datamigration.controller.ScripsFileUploadController:163 - Live table name ->securities_code
2022-12-23 20:08:47.446 [main] INFO  scrips.datamigration.sss.service.SssSecuritiesFileDataService:42 - Live table name ->securities_file_data
2022-12-23 20:08:47.447 [main] INFO  scrips.datamigration.sss.service.SssSecuritiesFileDataService:43 - ftp status n
2022-12-23 20:08:47.478 [main] INFO  scrips.datamigration.sss.service.SssSecuritiesFileDataService:72 - fileSourceData - ISIN Code;Description;ISIN Type;Issue Code;ISIN Status;Taxable;Tradable;Credit Rating;Eligible for ILF;ILF Haircut Setting;Haircut Percentage for ILF;Maturity Date;Optional Maturity Date;Auction Date;First Issuance Date;First Issuance Amount;Re-Opening - Auction Date;Re-Opening - Allotment Date;Re-Opening - Total Allotment Amount;Total Issued Amount;Outstanding Nominal Amount;Amount Allocated to MAS;Amount Allocated to Others;MAS Applied Amount;Unit Size;Denomination;Currency Code;Redemption Price;Coupon Rate;Ex-date Period;Ex-date;Coupon Payment Frequency;Last Coupon Date;Next Coupon Date;Optional Coupon Date;Days of Accrued Interest;Tenure;Average Yield;Cutoff Yield;Average Yield Price;Cutoff Yield Price;Re-Opening - MAS Applied Amount;Total Redeemed Amount;ISIN Sub Type
2022-12-23 20:08:47.479 [main] INFO  scrips.datamigration.sss.service.SssSecuritiesFileDataService:72 - fileSourceData - AUTOSFNEWP99;99YR BOND 2017 DUE 010199 AUTOSFNP;BN;AUTOSFNP;A;Y;Y;AAA;Y;A;00300000;20990101; ;20171228;20171229;000001000000000;20221026;20221027;000900000000000;000902800000000;000902799998000;000001500000000;000901300000000;000001000000000;1000;000000000001000;SGD;10000000;00120000;3;20230529;S;20221201;20230601;20180601;182;050;00000000;00000000;00000000;00000000;000900000000000;000000000002000;NA
2022-12-23 20:08:47.479 [main] INFO  scrips.datamigration.sss.service.SssSecuritiesFileDataService:72 - fileSourceData - BCSISMBIL001;MAS Bill;MB;BN2005M;A;Y;Y;AAA;Y;Y;00100000;20251231; ;20210518;20210519;000000100000000; ; ;000000000000000;000000100000000;000000100000000;000000000900000;000000099100000;000000000100000;1000;000000000001000;SGD;10000000;00000000;0; ;N; ; ; ; ;241;00000000;00000000;00000000;00000000;000000000000000;000000000000000;NA
2022-12-23 20:08:47.480 [main] INFO  scrips.datamigration.sss.service.SssSecuritiesFileDataService:72 - fileSourceData - BCSISTEST012;15 YEARS BONDS;BN;N999012M;A;Y;Y;AAA;Y;A;00200000;20290801; ;20170122;20170201;000000630000000;20210428;20210429;000000000600000;000000630000000;000000630000000;000000000010000;000000629990000;000000080000000;1000;000000000001000;SGD;10000000;00125000;5;20170725;S; ; ;20170801;181;015;00000000;00000000;00000000;00000000;000000000200000;000000000000000;NA
2022-12-23 20:08:47.480 [main] INFO  scrips.datamigration.sss.service.SssSecuritiesFileDataService:72 - fileSourceData - MEPSUAT00016;10YR SBOND 2016 DUE220426 GX16501W;SB;GX16501W;A;Y;N;AAA;N;N;00000000;20260422; ;20160421;20160422;000000000287500; ; ;000000000000000;000000000287500;000000000242500;000000000000000;000000000287500;000000000000000;1000;000000000000500;SGD;10000000;00700000;3;20230419;S;20221022;20230422;20161022; ;010;00000000;00000000;00000000;00000000;000000000000000;000000000045000;NA
2022-12-23 20:08:47.480 [main] INFO  scrips.datamigration.sss.service.SssSecuritiesFileDataService:72 - fileSourceData - MEPSUAT00024;10YR SBOND 2016 DUE250426 GX16502N;SB;GX16502N;A;Y;N;AAA;N;N;00000000;20260425; ;20160422;20160425;000000000300000; ; ;000000000000000;000000000300000;000000000170000;000000000000000;000000000300000;000000000000000;1000;000000000000500;SGD;10000000;00293000;3;20230420;S;20221025;20230425;20161025; ;010;00000000;00000000;00000000;00000000;000000000000000;000000000130000;NA
2022-12-23 20:08:47.481 [main] INFO  scrips.datamigration.sss.service.SssSecuritiesFileDataService:72 - fileSourceData - MEPSUAT00032;10YR SBOND 2016 DUE 030526 GX16503V;SB;GX16503V;A;Y;N;AAA;N;N;00000000;20260503; ;20160429;20160503;000000000137500; ; ;000000000000000;000000000137500;000000000017500;000000000000000;000000000137500;000000000000000;1000;000000000000500;SGD;10000000;00354000;3;20230428;S;20221103;20230503;20161103; ;010;00000000;00000000;00000000;00000000;000000000000000;000000000120000;NA
2022-12-23 20:08:47.481 [main] INFO  scrips.datamigration.sss.service.SssSecuritiesFileDataService:72 - fileSourceData - NPTESTSCREEN;10YR BOND 2016 DUE 260531 NY15046C;BN;NY15046C;N;Y;Y;AAA;Y;A;00100000;20260531; ;20160528;20160531;000000000001000; ; ;000000000000000;000000000000000;000000000000000;000000000000000;000000000000000;000000000000000;1000;000000000001000;SGD;10000000;00000000;3;20161025;S; ; ;20161028;150;010;00000000;00000000;00000000;00000000;000000000000000;000000000000000;NA
2022-12-23 20:08:47.481 [main] INFO  scrips.datamigration.sss.service.SssSecuritiesFileDataService:72 - fileSourceData - NSBONDMAY002;NS BOND 3YR 2021 - 2024 NS21002A;BN;NS21002A;A;Y;Y;AAA;Y;A;00100000;20240531; ;20210505;20210506;000000000100000;20210514;20210517;000000000500000;000000000100000;000000000100000;000000000000000;000000000100000;000000000010000;1000;000000000001000;SGD;10000000;00215000;3;20230525;S;20221130;20230530;20210531;181;005;00000000;00000000;00000000;00000000;000000000250000;000000000000000;NA
2022-12-23 20:08:47.482 [main] INFO  scrips.datamigration.sss.service.SssSecuritiesFileDataService:74 - Headings - 1:ISIN_CODE;DESCRIPTION;ISIN_TYPE;ISSUE_CODE;ISIN_STATUS;TAXABLE;TRADABLE;CREDIT_RATING;ELIGIBLE_FOR_ILF;ILF_HAIRCUT_SETTING;HAIRCUT_PERCENTAGE_FOR_ILF;MATURITY_DATE;OPTIONAL_MATURITY_DATE;AUCTION_DATE;FIRST_ISSUANCE_DATE;FIRST_ISSUANCE_AMOUNT;RE_OPENING_AUCTION_DATE;RE_OPENING_ALLOTMENT_DATE;RE_OPENING_TOTAL_ALLOTMENT_AMOUNT;TOTAL_ISSUED_AMOUNT;OUTSTANDING_NOMINAL_AMOUNT;AMOUNT_ALLOCATED_TO_MAS;AMOUNT_ALLOCATED_TO_OTHERS;MAS_APPLIED_AMOUNT;UNIT_SIZE;DENOMINATION;CURRENCY_CODE;REDEMPTION_PRICE;COUPON_RATE;EX_DATE_PERIOD;EX_DATE;COUPON_PAYMENT_FREQUENCY;LAST_COUPON_DATE;NEXT_COUPON_DATE;OPTIONAL_COUPON_DATE;DAYS_OF_ACCRUED_INTEREST;TENURE;AVERAGE_YIELD;CUTOFF_YIELD;AVERAGE_YIELD_PRICE;CUTOFF_YIELD_PRICE;RE_OPENING_MAS_APPLIED_AMOUNT;TOTAL_REDEEMED_AMOUNT;ISIN_SUB_TYPE
2022-12-23 20:08:47.484 [main] INFO  scrips.datamigration.sss.service.SssSecuritiesFileDataService:257 - Total records in File: {}9
2022-12-23 20:08:47.565 [main] INFO  scrips.datamigration.common.service.FkChecksEnableDisable:23 - enable FkChecks called
2022-12-23 20:08:47.566 [main] DEBUG org.hibernate.SQL:128 - SET FOREIGN_KEY_CHECKS = 1
2022-12-23 20:08:47.625 [main] INFO  scrips.datamigration.common.service.FkChecksEnableDisable:25 - enable FkChecks done
2022-12-23 20:08:47.770 [main] DEBUG org.hibernate.SQL:128 - SELECT @@GLOBAL.foreign_key_checks, @@SESSION.foreign_key_checks
2022-12-23 20:08:47.852 [main] INFO  scrips.datamigration.common.service.FkChecksEnableDisable:52 - foreign_key_checks status - 1
2022-12-23 20:08:47.909 [SpringContextShutdownHook] INFO  org.springframework.orm.jpa.LocalContainerEntityManagerFactoryBean:598 - Closing JPA EntityManagerFactory for persistence unit 'data'
2022-12-23 20:08:47.915 [SpringContextShutdownHook] INFO  com.zaxxer.hikari.HikariDataSource:350 - HikariPool-1 - Shutdown initiated...
2022-12-23 20:08:48.248 [SpringContextShutdownHook] INFO  com.zaxxer.hikari.HikariDataSource:352 - HikariPool-1 - Shutdown completed.
