2022-12-23 20:22:15.428 [main] INFO  scrips.datamigration.App:55 - Starting App on WSIN181 with PID 1764 (D:\DataMigrationNEW\DATA_MIGRATION_RTGS\DataMigrationAndExtract\DataMigration\target\classes started by SheikKhadeer in D:\DataMigrationNEW\DATA_MIGRATION_RTGS\DataMigrationAndExtract\DataMigration)
2022-12-23 20:22:15.434 [main] INFO  scrips.datamigration.App:651 - No active profile set, falling back to default profiles: app
2022-12-23 20:22:16.229 [main] INFO  org.springframework.data.repository.config.RepositoryConfigurationDelegate:127 - Bootstrapping Spring Data JPA repositories in DEFAULT mode.
2022-12-23 20:22:16.700 [main] INFO  org.springframework.data.repository.config.RepositoryConfigurationDelegate:187 - Finished Spring Data repository scanning in 463ms. Found 65 JPA repository interfaces.
2022-12-23 20:22:17.052 [main] INFO  com.ulisesbocchio.jasyptspringboot.configuration.EnableEncryptablePropertiesBeanFactoryPostProcessor:39 - Post-processing PropertySource instances
2022-12-23 20:22:17.079 [main] INFO  com.ulisesbocchio.jasyptspringboot.EncryptablePropertySourceConverter:56 - Converting PropertySource configurationProperties [org.springframework.boot.context.properties.source.ConfigurationPropertySourcesPropertySource] to AOP Proxy
2022-12-23 20:22:17.079 [main] INFO  com.ulisesbocchio.jasyptspringboot.EncryptablePropertySourceConverter:56 - Converting PropertySource commandLineArgs [org.springframework.core.env.SimpleCommandLinePropertySource] to EncryptableEnumerablePropertySourceWrapper
2022-12-23 20:22:17.080 [main] INFO  com.ulisesbocchio.jasyptspringboot.EncryptablePropertySourceConverter:56 - Converting PropertySource systemProperties [org.springframework.core.env.PropertiesPropertySource] to EncryptableMapPropertySourceWrapper
2022-12-23 20:22:17.080 [main] INFO  com.ulisesbocchio.jasyptspringboot.EncryptablePropertySourceConverter:56 - Converting PropertySource systemEnvironment [org.springframework.boot.env.SystemEnvironmentPropertySourceEnvironmentPostProcessor$OriginAwareSystemEnvironmentPropertySource] to EncryptableSystemEnvironmentPropertySourceWrapper
2022-12-23 20:22:17.080 [main] INFO  com.ulisesbocchio.jasyptspringboot.EncryptablePropertySourceConverter:56 - Converting PropertySource random [org.springframework.boot.env.RandomValuePropertySource] to EncryptablePropertySourceWrapper
2022-12-23 20:22:17.081 [main] INFO  com.ulisesbocchio.jasyptspringboot.EncryptablePropertySourceConverter:56 - Converting PropertySource applicationConfig: [file:./config/application.properties] [org.springframework.boot.env.OriginTrackedMapPropertySource] to EncryptableMapPropertySourceWrapper
2022-12-23 20:22:17.081 [main] INFO  com.ulisesbocchio.jasyptspringboot.EncryptablePropertySourceConverter:56 - Converting PropertySource applicationConfig: [classpath:/application.properties] [org.springframework.boot.env.OriginTrackedMapPropertySource] to EncryptableMapPropertySourceWrapper
2022-12-23 20:22:17.082 [main] INFO  com.ulisesbocchio.jasyptspringboot.EncryptablePropertySourceConverter:56 - Converting PropertySource DataMigrationProperties [org.springframework.core.env.MapPropertySource] to EncryptableMapPropertySourceWrapper
2022-12-23 20:22:17.196 [main] INFO  com.ulisesbocchio.jasyptspringboot.filter.DefaultLazyPropertyFilter:31 - Property Filter custom Bean not found with name 'encryptablePropertyFilter'. Initializing Default Property Filter
2022-12-23 20:22:17.288 [main] INFO  com.ulisesbocchio.jasyptspringboot.resolver.DefaultLazyPropertyResolver:35 - Property Resolver custom Bean not found with name 'encryptablePropertyResolver'. Initializing Default Property Resolver
2022-12-23 20:22:17.291 [main] INFO  com.ulisesbocchio.jasyptspringboot.detector.DefaultLazyPropertyDetector:35 - Property Detector custom Bean not found with name 'encryptablePropertyDetector'. Initializing Default Property Detector
2022-12-23 20:22:17.300 [main] INFO  com.ulisesbocchio.jasyptspringboot.encryptor.DefaultLazyEncryptor:37 - String Encryptor custom Bean not found with name 'jasyptStringEncryptor'. Initializing Default String Encryptor
2022-12-23 20:22:17.352 [main] INFO  com.ulisesbocchio.jasyptspringboot.configuration.StringEncryptorBuilder:81 - Encryptor config not found for property jasypt.encryptor.key-obtention-iterations, using default value: 1000
2022-12-23 20:22:17.353 [main] INFO  com.ulisesbocchio.jasyptspringboot.configuration.StringEncryptorBuilder:81 - Encryptor config not found for property jasypt.encryptor.pool-size, using default value: 1
2022-12-23 20:22:17.354 [main] INFO  com.ulisesbocchio.jasyptspringboot.configuration.StringEncryptorBuilder:81 - Encryptor config not found for property jasypt.encryptor.provider-name, using default value: null
2022-12-23 20:22:17.354 [main] INFO  com.ulisesbocchio.jasyptspringboot.configuration.StringEncryptorBuilder:81 - Encryptor config not found for property jasypt.encryptor.provider-class-name, using default value: null
2022-12-23 20:22:17.355 [main] INFO  com.ulisesbocchio.jasyptspringboot.configuration.StringEncryptorBuilder:81 - Encryptor config not found for property jasypt.encryptor.salt-generator-classname, using default value: org.jasypt.salt.RandomSaltGenerator
2022-12-23 20:22:17.357 [main] INFO  com.ulisesbocchio.jasyptspringboot.configuration.StringEncryptorBuilder:81 - Encryptor config not found for property jasypt.encryptor.string-output-type, using default value: base64
2022-12-23 20:22:17.549 [main] INFO  org.hibernate.jpa.internal.util.LogHelper:31 - HHH000204: Processing PersistenceUnitInfo [name: data]
2022-12-23 20:22:17.608 [main] INFO  org.hibernate.Version:44 - HHH000412: Hibernate ORM core version 5.4.15.Final
2022-12-23 20:22:17.772 [main] INFO  org.hibernate.annotations.common.Version:49 - HCANN000001: Hibernate Commons Annotations {5.1.0.Final}
2022-12-23 20:22:18.211 [main] INFO  com.zaxxer.hikari.HikariDataSource:110 - HikariPool-1 - Starting...
2022-12-23 20:22:19.247 [main] INFO  com.zaxxer.hikari.HikariDataSource:123 - HikariPool-1 - Start completed.
2022-12-23 20:22:19.284 [main] INFO  org.hibernate.dialect.Dialect:172 - HHH000400: Using dialect: org.hibernate.dialect.MySQL8Dialect
2022-12-23 20:22:19.445 [main] INFO  org.hibernate.envers.boot.internal.EnversServiceImpl:90 - Envers integration enabled? : true
2022-12-23 20:22:21.492 [main] INFO  org.hibernate.engine.transaction.jta.platform.internal.JtaPlatformInitiator:52 - HHH000490: Using JtaPlatform implementation: [org.hibernate.engine.transaction.jta.platform.internal.NoJtaPlatform]
2022-12-23 20:22:21.499 [main] INFO  org.springframework.orm.jpa.LocalContainerEntityManagerFactoryBean:416 - Initialized JPA EntityManagerFactory for persistence unit 'data'
2022-12-23 20:22:23.344 [main] INFO  scrips.datamigration.App:61 - Started App in 8.447 seconds (JVM running for 9.783)
2022-12-23 20:22:23.517 [main] INFO  scrips.datamigration.common.service.FkChecksEnableDisable:36 - disable FkChecks called
2022-12-23 20:22:23.565 [main] DEBUG org.hibernate.SQL:128 - SET FOREIGN_KEY_CHECKS = 0
2022-12-23 20:22:23.657 [main] INFO  scrips.datamigration.common.service.FkChecksEnableDisable:38 - disable FkChecks done
2022-12-23 20:22:23.807 [main] DEBUG org.hibernate.SQL:128 - SELECT @@GLOBAL.foreign_key_checks, @@SESSION.foreign_key_checks
2022-12-23 20:22:23.878 [main] INFO  scrips.datamigration.common.service.FkChecksEnableDisable:52 - foreign_key_checks status - 0
2022-12-23 20:22:23.881 [main] INFO  scrips.datamigration.controller.ScripsFileUploadController:159 - fileUploadCode - SSS_SECURITIES_CODE_STATISTICS_FILE_UPLOAD
2022-12-23 20:22:23.881 [main] INFO  scrips.datamigration.common.service.FileUploadService:116 - getFileHeaderByCode entered
2022-12-23 20:22:23.882 [main] INFO  scrips.datamigration.common.service.FileUploadService:122 - fileUpldHeaderOut - sss_securities_code_statistics
2022-12-23 20:22:23.883 [main] INFO  scrips.datamigration.controller.ScripsFileUploadController:163 - Live table name ->sss_securities_code_statistics
2022-12-23 20:22:23.885 [main] INFO  scrips.datamigration.sss.service.SssSecuritiesFileDataService:42 - Live table name ->securities_file_data
2022-12-23 20:22:23.885 [main] INFO  scrips.datamigration.sss.service.SssSecuritiesFileDataService:43 - ftp status n
2022-12-23 20:22:23.940 [main] INFO  scrips.datamigration.sss.service.SssSecuritiesFileDataService:72 - fileSourceData - ISIN Code;Description;ISIN Type;Issue Code;ISIN Status;Taxable;Tradable;Credit Rating;Eligible for ILF;ILF Haircut Setting;Haircut Percentage for ILF;Maturity Date;Optional Maturity Date;Auction Date;First Issuance Date;First Issuance Amount;Re-Opening - Auction Date;Re-Opening - Allotment Date;Re-Opening - Total Allotment Amount;Total Issued Amount;Outstanding Nominal Amount;Amount Allocated to MAS;Amount Allocated to Others;MAS Applied Amount;Unit Size;Denomination;Currency Code;Redemption Price;Coupon Rate;Ex-date Period;Ex-date;Coupon Payment Frequency;Last Coupon Date;Next Coupon Date;Optional Coupon Date;Days of Accrued Interest;Tenure;Average Yield;Cutoff Yield;Average Yield Price;Cutoff Yield Price;Re-Opening - MAS Applied Amount;Total Redeemed Amount;ISIN Sub Type
2022-12-23 20:22:23.941 [main] INFO  scrips.datamigration.sss.service.SssSecuritiesFileDataService:72 - fileSourceData - AUTOSFNEWP99;99YR BOND 2017 DUE 010199 AUTOSFNP;BN;AUTOSFNP;A;Y;Y;AAA;Y;A;00300000;20990101; ;20171228;20171229;000001000000000;20221026;20221027;000900000000000;000902800000000;000902799998000;000001500000000;000901300000000;000001000000000;1000;000000000001000;SGD;10000000;00120000;3;20230529;S;20221201;20230601;20180601;182;050;00000000;00000000;00000000;00000000;000900000000000;000000000002000;NA
2022-12-23 20:22:23.942 [main] INFO  scrips.datamigration.sss.service.SssSecuritiesFileDataService:72 - fileSourceData - BCSISMBIL001;MAS Bill;MB;BN2005M;A;Y;Y;AAA;Y;Y;00100000;20251231; ;20210518;20210519;000000100000000; ; ;000000000000000;000000100000000;000000100000000;000000000900000;000000099100000;000000000100000;1000;000000000001000;SGD;10000000;00000000;0; ;N; ; ; ; ;241;00000000;00000000;00000000;00000000;000000000000000;000000000000000;NA
2022-12-23 20:22:23.942 [main] INFO  scrips.datamigration.sss.service.SssSecuritiesFileDataService:72 - fileSourceData - BCSISTEST012;15 YEARS BONDS;BN;N999012M;A;Y;Y;AAA;Y;A;00200000;20290801; ;20170122;20170201;000000630000000;20210428;20210429;000000000600000;000000630000000;000000630000000;000000000010000;000000629990000;000000080000000;1000;000000000001000;SGD;10000000;00125000;5;20170725;S; ; ;20170801;181;015;00000000;00000000;00000000;00000000;000000000200000;000000000000000;NA
2022-12-23 20:22:23.942 [main] INFO  scrips.datamigration.sss.service.SssSecuritiesFileDataService:72 - fileSourceData - MEPSUAT00016;10YR SBOND 2016 DUE220426 GX16501W;SB;GX16501W;A;Y;N;AAA;N;N;00000000;20260422; ;20160421;20160422;000000000287500; ; ;000000000000000;000000000287500;000000000242500;000000000000000;000000000287500;000000000000000;1000;000000000000500;SGD;10000000;00700000;3;20230419;S;20221022;20230422;20161022; ;010;00000000;00000000;00000000;00000000;000000000000000;000000000045000;NA
2022-12-23 20:22:23.942 [main] INFO  scrips.datamigration.sss.service.SssSecuritiesFileDataService:72 - fileSourceData - MEPSUAT00024;10YR SBOND 2016 DUE250426 GX16502N;SB;GX16502N;A;Y;N;AAA;N;N;00000000;20260425; ;20160422;20160425;000000000300000; ; ;000000000000000;000000000300000;000000000170000;000000000000000;000000000300000;000000000000000;1000;000000000000500;SGD;10000000;00293000;3;20230420;S;20221025;20230425;20161025; ;010;00000000;00000000;00000000;00000000;000000000000000;000000000130000;NA
2022-12-23 20:22:23.943 [main] INFO  scrips.datamigration.sss.service.SssSecuritiesFileDataService:72 - fileSourceData - MEPSUAT00032;10YR SBOND 2016 DUE 030526 GX16503V;SB;GX16503V;A;Y;N;AAA;N;N;00000000;20260503; ;20160429;20160503;000000000137500; ; ;000000000000000;000000000137500;000000000017500;000000000000000;000000000137500;000000000000000;1000;000000000000500;SGD;10000000;00354000;3;20230428;S;20221103;20230503;20161103; ;010;00000000;00000000;00000000;00000000;000000000000000;000000000120000;NA
2022-12-23 20:22:23.943 [main] INFO  scrips.datamigration.sss.service.SssSecuritiesFileDataService:72 - fileSourceData - NPTESTSCREEN;10YR BOND 2016 DUE 260531 NY15046C;BN;NY15046C;N;Y;Y;AAA;Y;A;00100000;20260531; ;20160528;20160531;000000000001000; ; ;000000000000000;000000000000000;000000000000000;000000000000000;000000000000000;000000000000000;1000;000000000001000;SGD;10000000;00000000;3;20161025;S; ; ;20161028;150;010;00000000;00000000;00000000;00000000;000000000000000;000000000000000;NA
2022-12-23 20:22:23.943 [main] INFO  scrips.datamigration.sss.service.SssSecuritiesFileDataService:72 - fileSourceData - NSBONDMAY002;NS BOND 3YR 2021 - 2024 NS21002A;BN;NS21002A;A;Y;Y;AAA;Y;A;00100000;20240531; ;20210505;20210506;000000000100000;20210514;20210517;000000000500000;000000000100000;000000000100000;000000000000000;000000000100000;000000000010000;1000;000000000001000;SGD;10000000;00215000;3;20230525;S;20221130;20230530;20210531;181;005;00000000;00000000;00000000;00000000;000000000250000;000000000000000;NA
2022-12-23 20:22:23.944 [main] INFO  scrips.datamigration.sss.service.SssSecuritiesFileDataService:74 - Headings - 1:ISIN_CODE
2022-12-23 20:22:23.945 [main] INFO  scrips.datamigration.sss.service.SssSecuritiesFileDataService:74 - Headings - 2:DESCRIPTION
2022-12-23 20:22:23.945 [main] INFO  scrips.datamigration.sss.service.SssSecuritiesFileDataService:74 - Headings - 3:ISIN_TYPE
2022-12-23 20:22:23.945 [main] INFO  scrips.datamigration.sss.service.SssSecuritiesFileDataService:74 - Headings - 4:ISSUE_CODE
2022-12-23 20:22:23.945 [main] INFO  scrips.datamigration.sss.service.SssSecuritiesFileDataService:74 - Headings - 5:ISIN_STATUS
2022-12-23 20:22:23.945 [main] INFO  scrips.datamigration.sss.service.SssSecuritiesFileDataService:74 - Headings - 6:TAXABLE
2022-12-23 20:22:23.945 [main] INFO  scrips.datamigration.sss.service.SssSecuritiesFileDataService:74 - Headings - 7:TRADABLE
2022-12-23 20:22:23.946 [main] INFO  scrips.datamigration.sss.service.SssSecuritiesFileDataService:74 - Headings - 8:CREDIT_RATING
2022-12-23 20:22:23.946 [main] INFO  scrips.datamigration.sss.service.SssSecuritiesFileDataService:74 - Headings - 9:ELIGIBLE_FOR_ILF
2022-12-23 20:22:23.946 [main] INFO  scrips.datamigration.sss.service.SssSecuritiesFileDataService:74 - Headings - 10:ILF_HAIRCUT_SETTING
2022-12-23 20:22:23.946 [main] INFO  scrips.datamigration.sss.service.SssSecuritiesFileDataService:74 - Headings - 11:HAIRCUT_PERCENTAGE_FOR_ILF
2022-12-23 20:22:23.947 [main] INFO  scrips.datamigration.sss.service.SssSecuritiesFileDataService:74 - Headings - 12:MATURITY_DATE
2022-12-23 20:22:23.947 [main] INFO  scrips.datamigration.sss.service.SssSecuritiesFileDataService:74 - Headings - 13:OPTIONAL_MATURITY_DATE
2022-12-23 20:22:23.947 [main] INFO  scrips.datamigration.sss.service.SssSecuritiesFileDataService:74 - Headings - 14:AUCTION_DATE
2022-12-23 20:22:23.947 [main] INFO  scrips.datamigration.sss.service.SssSecuritiesFileDataService:74 - Headings - 15:FIRST_ISSUANCE_DATE
2022-12-23 20:22:23.948 [main] INFO  scrips.datamigration.sss.service.SssSecuritiesFileDataService:74 - Headings - 16:FIRST_ISSUANCE_AMOUNT
2022-12-23 20:22:23.948 [main] INFO  scrips.datamigration.sss.service.SssSecuritiesFileDataService:74 - Headings - 17:RE_OPENING_AUCTION_DATE
2022-12-23 20:22:23.948 [main] INFO  scrips.datamigration.sss.service.SssSecuritiesFileDataService:74 - Headings - 18:RE_OPENING_ALLOTMENT_DATE
2022-12-23 20:22:23.948 [main] INFO  scrips.datamigration.sss.service.SssSecuritiesFileDataService:74 - Headings - 19:RE_OPENING_TOTAL_ALLOTMENT_AMOUNT
2022-12-23 20:22:23.948 [main] INFO  scrips.datamigration.sss.service.SssSecuritiesFileDataService:74 - Headings - 20:TOTAL_ISSUED_AMOUNT
2022-12-23 20:22:23.948 [main] INFO  scrips.datamigration.sss.service.SssSecuritiesFileDataService:74 - Headings - 21:OUTSTANDING_NOMINAL_AMOUNT
2022-12-23 20:22:23.949 [main] INFO  scrips.datamigration.sss.service.SssSecuritiesFileDataService:74 - Headings - 22:AMOUNT_ALLOCATED_TO_MAS
2022-12-23 20:22:23.949 [main] INFO  scrips.datamigration.sss.service.SssSecuritiesFileDataService:74 - Headings - 23:AMOUNT_ALLOCATED_TO_OTHERS
2022-12-23 20:22:23.949 [main] INFO  scrips.datamigration.sss.service.SssSecuritiesFileDataService:74 - Headings - 24:MAS_APPLIED_AMOUNT
2022-12-23 20:22:23.949 [main] INFO  scrips.datamigration.sss.service.SssSecuritiesFileDataService:74 - Headings - 25:UNIT_SIZE
2022-12-23 20:22:23.949 [main] INFO  scrips.datamigration.sss.service.SssSecuritiesFileDataService:74 - Headings - 26:DENOMINATION
2022-12-23 20:22:23.949 [main] INFO  scrips.datamigration.sss.service.SssSecuritiesFileDataService:74 - Headings - 27:CURRENCY_CODE
2022-12-23 20:22:23.950 [main] INFO  scrips.datamigration.sss.service.SssSecuritiesFileDataService:74 - Headings - 28:REDEMPTION_PRICE
2022-12-23 20:22:23.950 [main] INFO  scrips.datamigration.sss.service.SssSecuritiesFileDataService:74 - Headings - 29:COUPON_RATE
2022-12-23 20:22:23.950 [main] INFO  scrips.datamigration.sss.service.SssSecuritiesFileDataService:74 - Headings - 30:EX_DATE_PERIOD
2022-12-23 20:22:23.950 [main] INFO  scrips.datamigration.sss.service.SssSecuritiesFileDataService:74 - Headings - 31:EX_DATE
2022-12-23 20:22:23.950 [main] INFO  scrips.datamigration.sss.service.SssSecuritiesFileDataService:74 - Headings - 32:COUPON_PAYMENT_FREQUENCY
2022-12-23 20:22:23.951 [main] INFO  scrips.datamigration.sss.service.SssSecuritiesFileDataService:74 - Headings - 33:LAST_COUPON_DATE
2022-12-23 20:22:23.952 [main] INFO  scrips.datamigration.sss.service.SssSecuritiesFileDataService:74 - Headings - 34:NEXT_COUPON_DATE
2022-12-23 20:22:23.952 [main] INFO  scrips.datamigration.sss.service.SssSecuritiesFileDataService:74 - Headings - 35:OPTIONAL_COUPON_DATE
2022-12-23 20:22:23.952 [main] INFO  scrips.datamigration.sss.service.SssSecuritiesFileDataService:74 - Headings - 36:DAYS_OF_ACCRUED_INTEREST
2022-12-23 20:22:23.952 [main] INFO  scrips.datamigration.sss.service.SssSecuritiesFileDataService:74 - Headings - 37:TENURE
2022-12-23 20:22:23.953 [main] INFO  scrips.datamigration.sss.service.SssSecuritiesFileDataService:74 - Headings - 38:AVERAGE_YIELD
2022-12-23 20:22:23.953 [main] INFO  scrips.datamigration.sss.service.SssSecuritiesFileDataService:74 - Headings - 39:CUTOFF_YIELD
2022-12-23 20:22:23.953 [main] INFO  scrips.datamigration.sss.service.SssSecuritiesFileDataService:74 - Headings - 40:AVERAGE_YIELD_PRICE
2022-12-23 20:22:23.953 [main] INFO  scrips.datamigration.sss.service.SssSecuritiesFileDataService:74 - Headings - 41:CUTOFF_YIELD_PRICE
2022-12-23 20:22:23.954 [main] INFO  scrips.datamigration.sss.service.SssSecuritiesFileDataService:74 - Headings - 42:RE_OPENING_MAS_APPLIED_AMOUNT
2022-12-23 20:22:23.954 [main] INFO  scrips.datamigration.sss.service.SssSecuritiesFileDataService:74 - Headings - 43:TOTAL_REDEEMED_AMOUNT
2022-12-23 20:22:23.954 [main] INFO  scrips.datamigration.sss.service.SssSecuritiesFileDataService:74 - Headings - 44:ISIN_SUB_TYPE
2022-12-23 20:22:23.965 [main] INFO  scrips.datamigration.sss.service.SssSecuritiesFileDataService:257 - Total records in File: {}9
2022-12-23 20:22:23.966 [main] INFO  scrips.datamigration.controller.ScripsFileUploadController:177 - fileRecords - AUTOSFNEWP99;000000000002000;000902799998000;000902799998000;20230601;20221201;20230601;000001500000000;000901300000000;000902799998000
2022-12-23 20:22:23.966 [main] INFO  scrips.datamigration.controller.ScripsFileUploadController:177 - fileRecords - BCSISMBIL001;000000000000000;000000100000000;000000100000000;;;;000000000900000;000000099100000;000000100000000
2022-12-23 20:22:23.967 [main] INFO  scrips.datamigration.controller.ScripsFileUploadController:177 - fileRecords - BCSISTEST012;000000000000000;000000630000000;000000630000000;;;;000000000010000;000000629990000;000000630000000
2022-12-23 20:22:23.967 [main] INFO  scrips.datamigration.controller.ScripsFileUploadController:177 - fileRecords - MEPSUAT00016;000000000045000;000000000242500;000000000242500;20230422;20221022;20230422;000000000000000;000000000287500;000000000242500
2022-12-23 20:22:23.967 [main] INFO  scrips.datamigration.controller.ScripsFileUploadController:177 - fileRecords - MEPSUAT00024;000000000130000;000000000170000;000000000170000;20230425;20221025;20230425;000000000000000;000000000300000;000000000170000
2022-12-23 20:22:23.967 [main] INFO  scrips.datamigration.controller.ScripsFileUploadController:177 - fileRecords - MEPSUAT00032;000000000120000;000000000017500;000000000017500;20230503;20221103;20230503;000000000000000;000000000137500;000000000017500
2022-12-23 20:22:23.967 [main] INFO  scrips.datamigration.controller.ScripsFileUploadController:177 - fileRecords - NPTESTSCREEN;000000000000000;000000000000000;000000000000000;;;;000000000000000;000000000000000;000000000000000
2022-12-23 20:22:23.968 [main] INFO  scrips.datamigration.controller.ScripsFileUploadController:177 - fileRecords - NSBONDMAY002;000000000000000;000000000100000;000000000100000;20230530;20221130;20230530;000000000000000;000000000100000;000000000100000
2022-12-23 20:22:23.968 [main] INFO  scrips.datamigration.controller.ScripsFileUploadController:179 - 1:securities_code
2022-12-23 20:22:23.969 [main] INFO  scrips.datamigration.controller.ScripsFileUploadController:179 - 2:total_redeemed_amount
2022-12-23 20:22:23.969 [main] INFO  scrips.datamigration.controller.ScripsFileUploadController:179 - 3:total_redeemed_amount_for_erf
2022-12-23 20:22:23.969 [main] INFO  scrips.datamigration.controller.ScripsFileUploadController:179 - 4:outstanding_nominal_amount
2022-12-23 20:22:23.969 [main] INFO  scrips.datamigration.controller.ScripsFileUploadController:179 - 5:next_coupon_date
2022-12-23 20:22:23.969 [main] INFO  scrips.datamigration.controller.ScripsFileUploadController:179 - 6:last_coupon_date
2022-12-23 20:22:23.969 [main] INFO  scrips.datamigration.controller.ScripsFileUploadController:179 - 7:next_index_end_date
2022-12-23 20:22:23.970 [main] INFO  scrips.datamigration.controller.ScripsFileUploadController:179 - 8:amount_alloted_to_central_bank
2022-12-23 20:22:23.970 [main] INFO  scrips.datamigration.controller.ScripsFileUploadController:179 - 9:amount_alloted_to_others
2022-12-23 20:22:23.970 [main] INFO  scrips.datamigration.controller.ScripsFileUploadController:179 - 10:total_nominal_amount_issued_for_erf
2022-12-23 20:22:23.981 [main] INFO  scrips.datamigration.sss.service.SssSecuritiesCodeStatisticsService:117 - Total records in File: {}8
2022-12-23 20:22:24.071 [main] DEBUG org.hibernate.SQL:128 - insert into securities_code_statistics_source (amount_allotted_to_central_bank, amount_allotted_to_others, id, last_coupon_date, next_coupon_date, next_index_end_date, outstanding_nominal_amount, remarks, securities_code, total_nominal_amount_issued_for_erf, total_redeemed_amount, total_redeemed_amount_for_erf) values (?, ?, ?, ?, ?, ?, ?, ?, ?, ?, ?, ?)
2022-12-23 20:22:24.391 [main] DEBUG org.hibernate.SQL:128 - select jpassssecu0_.id as id1_45_0_, jpassssecu0_.amount_allotted_to_central_bank as amount_a2_45_0_, jpassssecu0_.amount_allotted_to_others as amount_a3_45_0_, jpassssecu0_.last_coupon_date as last_cou4_45_0_, jpassssecu0_.next_coupon_date as next_cou5_45_0_, jpassssecu0_.next_index_end_date as next_ind6_45_0_, jpassssecu0_.outstanding_nominal_amount as outstand7_45_0_, jpassssecu0_.remarks as remarks8_45_0_, jpassssecu0_.securities_code as securiti9_45_0_, jpassssecu0_.total_nominal_amount_issued_for_erf as total_n10_45_0_, jpassssecu0_.total_redeemed_amount as total_r11_45_0_, jpassssecu0_.total_redeemed_amount_for_erf as total_r12_45_0_ from securities_code_statistics_temp jpassssecu0_ where jpassssecu0_.id=?
2022-12-23 20:22:24.514 [main] DEBUG org.hibernate.SQL:128 - insert into securities_code_statistics_temp (amount_allotted_to_central_bank, amount_allotted_to_others, last_coupon_date, next_coupon_date, next_index_end_date, outstanding_nominal_amount, remarks, securities_code, total_nominal_amount_issued_for_erf, total_redeemed_amount, total_redeemed_amount_for_erf, id) values (?, ?, ?, ?, ?, ?, ?, ?, ?, ?, ?, ?)
2022-12-23 20:22:24.890 [main] DEBUG org.hibernate.SQL:128 - insert into securities_code_statistics_source (amount_allotted_to_central_bank, amount_allotted_to_others, id, last_coupon_date, next_coupon_date, next_index_end_date, outstanding_nominal_amount, remarks, securities_code, total_nominal_amount_issued_for_erf, total_redeemed_amount, total_redeemed_amount_for_erf) values (?, ?, ?, ?, ?, ?, ?, ?, ?, ?, ?, ?)
2022-12-23 20:22:25.197 [main] DEBUG org.hibernate.SQL:128 - select jpassssecu0_.id as id1_45_0_, jpassssecu0_.amount_allotted_to_central_bank as amount_a2_45_0_, jpassssecu0_.amount_allotted_to_others as amount_a3_45_0_, jpassssecu0_.last_coupon_date as last_cou4_45_0_, jpassssecu0_.next_coupon_date as next_cou5_45_0_, jpassssecu0_.next_index_end_date as next_ind6_45_0_, jpassssecu0_.outstanding_nominal_amount as outstand7_45_0_, jpassssecu0_.remarks as remarks8_45_0_, jpassssecu0_.securities_code as securiti9_45_0_, jpassssecu0_.total_nominal_amount_issued_for_erf as total_n10_45_0_, jpassssecu0_.total_redeemed_amount as total_r11_45_0_, jpassssecu0_.total_redeemed_amount_for_erf as total_r12_45_0_ from securities_code_statistics_temp jpassssecu0_ where jpassssecu0_.id=?
2022-12-23 20:22:25.569 [main] DEBUG org.hibernate.SQL:128 - insert into securities_code_statistics_temp (amount_allotted_to_central_bank, amount_allotted_to_others, last_coupon_date, next_coupon_date, next_index_end_date, outstanding_nominal_amount, remarks, securities_code, total_nominal_amount_issued_for_erf, total_redeemed_amount, total_redeemed_amount_for_erf, id) values (?, ?, ?, ?, ?, ?, ?, ?, ?, ?, ?, ?)
2022-12-23 20:22:25.951 [main] DEBUG org.hibernate.SQL:128 - insert into securities_code_statistics_source (amount_allotted_to_central_bank, amount_allotted_to_others, id, last_coupon_date, next_coupon_date, next_index_end_date, outstanding_nominal_amount, remarks, securities_code, total_nominal_amount_issued_for_erf, total_redeemed_amount, total_redeemed_amount_for_erf) values (?, ?, ?, ?, ?, ?, ?, ?, ?, ?, ?, ?)
2022-12-23 20:22:26.290 [main] DEBUG org.hibernate.SQL:128 - select jpassssecu0_.id as id1_45_0_, jpassssecu0_.amount_allotted_to_central_bank as amount_a2_45_0_, jpassssecu0_.amount_allotted_to_others as amount_a3_45_0_, jpassssecu0_.last_coupon_date as last_cou4_45_0_, jpassssecu0_.next_coupon_date as next_cou5_45_0_, jpassssecu0_.next_index_end_date as next_ind6_45_0_, jpassssecu0_.outstanding_nominal_amount as outstand7_45_0_, jpassssecu0_.remarks as remarks8_45_0_, jpassssecu0_.securities_code as securiti9_45_0_, jpassssecu0_.total_nominal_amount_issued_for_erf as total_n10_45_0_, jpassssecu0_.total_redeemed_amount as total_r11_45_0_, jpassssecu0_.total_redeemed_amount_for_erf as total_r12_45_0_ from securities_code_statistics_temp jpassssecu0_ where jpassssecu0_.id=?
2022-12-23 20:22:26.876 [main] DEBUG org.hibernate.SQL:128 - insert into securities_code_statistics_temp (amount_allotted_to_central_bank, amount_allotted_to_others, last_coupon_date, next_coupon_date, next_index_end_date, outstanding_nominal_amount, remarks, securities_code, total_nominal_amount_issued_for_erf, total_redeemed_amount, total_redeemed_amount_for_erf, id) values (?, ?, ?, ?, ?, ?, ?, ?, ?, ?, ?, ?)
2022-12-23 20:22:27.302 [main] DEBUG org.hibernate.SQL:128 - insert into securities_code_statistics_source (amount_allotted_to_central_bank, amount_allotted_to_others, id, last_coupon_date, next_coupon_date, next_index_end_date, outstanding_nominal_amount, remarks, securities_code, total_nominal_amount_issued_for_erf, total_redeemed_amount, total_redeemed_amount_for_erf) values (?, ?, ?, ?, ?, ?, ?, ?, ?, ?, ?, ?)
2022-12-23 20:22:27.632 [main] DEBUG org.hibernate.SQL:128 - select jpassssecu0_.id as id1_45_0_, jpassssecu0_.amount_allotted_to_central_bank as amount_a2_45_0_, jpassssecu0_.amount_allotted_to_others as amount_a3_45_0_, jpassssecu0_.last_coupon_date as last_cou4_45_0_, jpassssecu0_.next_coupon_date as next_cou5_45_0_, jpassssecu0_.next_index_end_date as next_ind6_45_0_, jpassssecu0_.outstanding_nominal_amount as outstand7_45_0_, jpassssecu0_.remarks as remarks8_45_0_, jpassssecu0_.securities_code as securiti9_45_0_, jpassssecu0_.total_nominal_amount_issued_for_erf as total_n10_45_0_, jpassssecu0_.total_redeemed_amount as total_r11_45_0_, jpassssecu0_.total_redeemed_amount_for_erf as total_r12_45_0_ from securities_code_statistics_temp jpassssecu0_ where jpassssecu0_.id=?
2022-12-23 20:22:27.724 [main] DEBUG org.hibernate.SQL:128 - insert into securities_code_statistics_temp (amount_allotted_to_central_bank, amount_allotted_to_others, last_coupon_date, next_coupon_date, next_index_end_date, outstanding_nominal_amount, remarks, securities_code, total_nominal_amount_issued_for_erf, total_redeemed_amount, total_redeemed_amount_for_erf, id) values (?, ?, ?, ?, ?, ?, ?, ?, ?, ?, ?, ?)
2022-12-23 20:22:28.121 [main] DEBUG org.hibernate.SQL:128 - insert into securities_code_statistics_source (amount_allotted_to_central_bank, amount_allotted_to_others, id, last_coupon_date, next_coupon_date, next_index_end_date, outstanding_nominal_amount, remarks, securities_code, total_nominal_amount_issued_for_erf, total_redeemed_amount, total_redeemed_amount_for_erf) values (?, ?, ?, ?, ?, ?, ?, ?, ?, ?, ?, ?)
2022-12-23 20:22:28.446 [main] DEBUG org.hibernate.SQL:128 - select jpassssecu0_.id as id1_45_0_, jpassssecu0_.amount_allotted_to_central_bank as amount_a2_45_0_, jpassssecu0_.amount_allotted_to_others as amount_a3_45_0_, jpassssecu0_.last_coupon_date as last_cou4_45_0_, jpassssecu0_.next_coupon_date as next_cou5_45_0_, jpassssecu0_.next_index_end_date as next_ind6_45_0_, jpassssecu0_.outstanding_nominal_amount as outstand7_45_0_, jpassssecu0_.remarks as remarks8_45_0_, jpassssecu0_.securities_code as securiti9_45_0_, jpassssecu0_.total_nominal_amount_issued_for_erf as total_n10_45_0_, jpassssecu0_.total_redeemed_amount as total_r11_45_0_, jpassssecu0_.total_redeemed_amount_for_erf as total_r12_45_0_ from securities_code_statistics_temp jpassssecu0_ where jpassssecu0_.id=?
2022-12-23 20:22:28.531 [main] DEBUG org.hibernate.SQL:128 - insert into securities_code_statistics_temp (amount_allotted_to_central_bank, amount_allotted_to_others, last_coupon_date, next_coupon_date, next_index_end_date, outstanding_nominal_amount, remarks, securities_code, total_nominal_amount_issued_for_erf, total_redeemed_amount, total_redeemed_amount_for_erf, id) values (?, ?, ?, ?, ?, ?, ?, ?, ?, ?, ?, ?)
2022-12-23 20:22:28.938 [main] DEBUG org.hibernate.SQL:128 - insert into securities_code_statistics_source (amount_allotted_to_central_bank, amount_allotted_to_others, id, last_coupon_date, next_coupon_date, next_index_end_date, outstanding_nominal_amount, remarks, securities_code, total_nominal_amount_issued_for_erf, total_redeemed_amount, total_redeemed_amount_for_erf) values (?, ?, ?, ?, ?, ?, ?, ?, ?, ?, ?, ?)
2022-12-23 20:22:29.293 [main] DEBUG org.hibernate.SQL:128 - select jpassssecu0_.id as id1_45_0_, jpassssecu0_.amount_allotted_to_central_bank as amount_a2_45_0_, jpassssecu0_.amount_allotted_to_others as amount_a3_45_0_, jpassssecu0_.last_coupon_date as last_cou4_45_0_, jpassssecu0_.next_coupon_date as next_cou5_45_0_, jpassssecu0_.next_index_end_date as next_ind6_45_0_, jpassssecu0_.outstanding_nominal_amount as outstand7_45_0_, jpassssecu0_.remarks as remarks8_45_0_, jpassssecu0_.securities_code as securiti9_45_0_, jpassssecu0_.total_nominal_amount_issued_for_erf as total_n10_45_0_, jpassssecu0_.total_redeemed_amount as total_r11_45_0_, jpassssecu0_.total_redeemed_amount_for_erf as total_r12_45_0_ from securities_code_statistics_temp jpassssecu0_ where jpassssecu0_.id=?
2022-12-23 20:22:29.380 [main] DEBUG org.hibernate.SQL:128 - insert into securities_code_statistics_temp (amount_allotted_to_central_bank, amount_allotted_to_others, last_coupon_date, next_coupon_date, next_index_end_date, outstanding_nominal_amount, remarks, securities_code, total_nominal_amount_issued_for_erf, total_redeemed_amount, total_redeemed_amount_for_erf, id) values (?, ?, ?, ?, ?, ?, ?, ?, ?, ?, ?, ?)
2022-12-23 20:22:29.786 [main] DEBUG org.hibernate.SQL:128 - insert into securities_code_statistics_source (amount_allotted_to_central_bank, amount_allotted_to_others, id, last_coupon_date, next_coupon_date, next_index_end_date, outstanding_nominal_amount, remarks, securities_code, total_nominal_amount_issued_for_erf, total_redeemed_amount, total_redeemed_amount_for_erf) values (?, ?, ?, ?, ?, ?, ?, ?, ?, ?, ?, ?)
2022-12-23 20:22:30.149 [main] DEBUG org.hibernate.SQL:128 - select jpassssecu0_.id as id1_45_0_, jpassssecu0_.amount_allotted_to_central_bank as amount_a2_45_0_, jpassssecu0_.amount_allotted_to_others as amount_a3_45_0_, jpassssecu0_.last_coupon_date as last_cou4_45_0_, jpassssecu0_.next_coupon_date as next_cou5_45_0_, jpassssecu0_.next_index_end_date as next_ind6_45_0_, jpassssecu0_.outstanding_nominal_amount as outstand7_45_0_, jpassssecu0_.remarks as remarks8_45_0_, jpassssecu0_.securities_code as securiti9_45_0_, jpassssecu0_.total_nominal_amount_issued_for_erf as total_n10_45_0_, jpassssecu0_.total_redeemed_amount as total_r11_45_0_, jpassssecu0_.total_redeemed_amount_for_erf as total_r12_45_0_ from securities_code_statistics_temp jpassssecu0_ where jpassssecu0_.id=?
2022-12-23 20:22:30.233 [main] DEBUG org.hibernate.SQL:128 - insert into securities_code_statistics_temp (amount_allotted_to_central_bank, amount_allotted_to_others, last_coupon_date, next_coupon_date, next_index_end_date, outstanding_nominal_amount, remarks, securities_code, total_nominal_amount_issued_for_erf, total_redeemed_amount, total_redeemed_amount_for_erf, id) values (?, ?, ?, ?, ?, ?, ?, ?, ?, ?, ?, ?)
2022-12-23 20:22:30.680 [main] DEBUG org.hibernate.SQL:128 - insert into securities_code_statistics_source (amount_allotted_to_central_bank, amount_allotted_to_others, id, last_coupon_date, next_coupon_date, next_index_end_date, outstanding_nominal_amount, remarks, securities_code, total_nominal_amount_issued_for_erf, total_redeemed_amount, total_redeemed_amount_for_erf) values (?, ?, ?, ?, ?, ?, ?, ?, ?, ?, ?, ?)
2022-12-23 20:22:31.013 [main] DEBUG org.hibernate.SQL:128 - select jpassssecu0_.id as id1_45_0_, jpassssecu0_.amount_allotted_to_central_bank as amount_a2_45_0_, jpassssecu0_.amount_allotted_to_others as amount_a3_45_0_, jpassssecu0_.last_coupon_date as last_cou4_45_0_, jpassssecu0_.next_coupon_date as next_cou5_45_0_, jpassssecu0_.next_index_end_date as next_ind6_45_0_, jpassssecu0_.outstanding_nominal_amount as outstand7_45_0_, jpassssecu0_.remarks as remarks8_45_0_, jpassssecu0_.securities_code as securiti9_45_0_, jpassssecu0_.total_nominal_amount_issued_for_erf as total_n10_45_0_, jpassssecu0_.total_redeemed_amount as total_r11_45_0_, jpassssecu0_.total_redeemed_amount_for_erf as total_r12_45_0_ from securities_code_statistics_temp jpassssecu0_ where jpassssecu0_.id=?
2022-12-23 20:22:31.100 [main] DEBUG org.hibernate.SQL:128 - insert into securities_code_statistics_temp (amount_allotted_to_central_bank, amount_allotted_to_others, last_coupon_date, next_coupon_date, next_index_end_date, outstanding_nominal_amount, remarks, securities_code, total_nominal_amount_issued_for_erf, total_redeemed_amount, total_redeemed_amount_for_erf, id) values (?, ?, ?, ?, ?, ?, ?, ?, ?, ?, ?, ?)
2022-12-23 20:22:31.653 [main] DEBUG org.hibernate.SQL:128 - select jpassssecu0_.securities_code as securiti1_43_, jpassssecu0_.amount_allotted_to_central_bank as amount_a2_43_, jpassssecu0_.amount_allotted_to_others as amount_a3_43_, jpassssecu0_.last_coupon_date as last_cou4_43_, jpassssecu0_.next_coupon_date as next_cou5_43_, jpassssecu0_.next_index_end_date as next_ind6_43_, jpassssecu0_.outstanding_nominal_amount as outstand7_43_, jpassssecu0_.total_nominal_amount_issued_for_erf as total_no8_43_, jpassssecu0_.total_redeemed_amount as total_re9_43_, jpassssecu0_.total_redeemed_amount_for_erf as total_r10_43_ from securities_code_statistics jpassssecu0_ where jpassssecu0_.securities_code=?
2022-12-23 20:22:31.855 [main] DEBUG org.hibernate.SQL:128 - select jpassssecu0_.securities_code as securiti1_43_0_, jpassssecu0_.amount_allotted_to_central_bank as amount_a2_43_0_, jpassssecu0_.amount_allotted_to_others as amount_a3_43_0_, jpassssecu0_.last_coupon_date as last_cou4_43_0_, jpassssecu0_.next_coupon_date as next_cou5_43_0_, jpassssecu0_.next_index_end_date as next_ind6_43_0_, jpassssecu0_.outstanding_nominal_amount as outstand7_43_0_, jpassssecu0_.total_nominal_amount_issued_for_erf as total_no8_43_0_, jpassssecu0_.total_redeemed_amount as total_re9_43_0_, jpassssecu0_.total_redeemed_amount_for_erf as total_r10_43_0_ from securities_code_statistics jpassssecu0_ where jpassssecu0_.securities_code=?
2022-12-23 20:22:31.940 [main] DEBUG org.hibernate.SQL:128 - insert into securities_code_statistics (amount_allotted_to_central_bank, amount_allotted_to_others, last_coupon_date, next_coupon_date, next_index_end_date, outstanding_nominal_amount, total_nominal_amount_issued_for_erf, total_redeemed_amount, total_redeemed_amount_for_erf, securities_code) values (?, ?, ?, ?, ?, ?, ?, ?, ?, ?)
2022-12-23 20:22:32.338 [main] DEBUG org.hibernate.SQL:128 - select jpassssecu0_.securities_code as securiti1_43_, jpassssecu0_.amount_allotted_to_central_bank as amount_a2_43_, jpassssecu0_.amount_allotted_to_others as amount_a3_43_, jpassssecu0_.last_coupon_date as last_cou4_43_, jpassssecu0_.next_coupon_date as next_cou5_43_, jpassssecu0_.next_index_end_date as next_ind6_43_, jpassssecu0_.outstanding_nominal_amount as outstand7_43_, jpassssecu0_.total_nominal_amount_issued_for_erf as total_no8_43_, jpassssecu0_.total_redeemed_amount as total_re9_43_, jpassssecu0_.total_redeemed_amount_for_erf as total_r10_43_ from securities_code_statistics jpassssecu0_ where jpassssecu0_.securities_code=?
2022-12-23 20:22:32.499 [main] DEBUG org.hibernate.SQL:128 - select jpassssecu0_.securities_code as securiti1_43_0_, jpassssecu0_.amount_allotted_to_central_bank as amount_a2_43_0_, jpassssecu0_.amount_allotted_to_others as amount_a3_43_0_, jpassssecu0_.last_coupon_date as last_cou4_43_0_, jpassssecu0_.next_coupon_date as next_cou5_43_0_, jpassssecu0_.next_index_end_date as next_ind6_43_0_, jpassssecu0_.outstanding_nominal_amount as outstand7_43_0_, jpassssecu0_.total_nominal_amount_issued_for_erf as total_no8_43_0_, jpassssecu0_.total_redeemed_amount as total_re9_43_0_, jpassssecu0_.total_redeemed_amount_for_erf as total_r10_43_0_ from securities_code_statistics jpassssecu0_ where jpassssecu0_.securities_code=?
2022-12-23 20:22:32.588 [main] DEBUG org.hibernate.SQL:128 - insert into securities_code_statistics (amount_allotted_to_central_bank, amount_allotted_to_others, last_coupon_date, next_coupon_date, next_index_end_date, outstanding_nominal_amount, total_nominal_amount_issued_for_erf, total_redeemed_amount, total_redeemed_amount_for_erf, securities_code) values (?, ?, ?, ?, ?, ?, ?, ?, ?, ?)
2022-12-23 20:22:33.053 [main] DEBUG org.hibernate.SQL:128 - select jpassssecu0_.securities_code as securiti1_43_, jpassssecu0_.amount_allotted_to_central_bank as amount_a2_43_, jpassssecu0_.amount_allotted_to_others as amount_a3_43_, jpassssecu0_.last_coupon_date as last_cou4_43_, jpassssecu0_.next_coupon_date as next_cou5_43_, jpassssecu0_.next_index_end_date as next_ind6_43_, jpassssecu0_.outstanding_nominal_amount as outstand7_43_, jpassssecu0_.total_nominal_amount_issued_for_erf as total_no8_43_, jpassssecu0_.total_redeemed_amount as total_re9_43_, jpassssecu0_.total_redeemed_amount_for_erf as total_r10_43_ from securities_code_statistics jpassssecu0_ where jpassssecu0_.securities_code=?
2022-12-23 20:22:33.392 [main] DEBUG org.hibernate.SQL:128 - select jpassssecu0_.securities_code as securiti1_43_0_, jpassssecu0_.amount_allotted_to_central_bank as amount_a2_43_0_, jpassssecu0_.amount_allotted_to_others as amount_a3_43_0_, jpassssecu0_.last_coupon_date as last_cou4_43_0_, jpassssecu0_.next_coupon_date as next_cou5_43_0_, jpassssecu0_.next_index_end_date as next_ind6_43_0_, jpassssecu0_.outstanding_nominal_amount as outstand7_43_0_, jpassssecu0_.total_nominal_amount_issued_for_erf as total_no8_43_0_, jpassssecu0_.total_redeemed_amount as total_re9_43_0_, jpassssecu0_.total_redeemed_amount_for_erf as total_r10_43_0_ from securities_code_statistics jpassssecu0_ where jpassssecu0_.securities_code=?
2022-12-23 20:22:33.485 [main] DEBUG org.hibernate.SQL:128 - insert into securities_code_statistics (amount_allotted_to_central_bank, amount_allotted_to_others, last_coupon_date, next_coupon_date, next_index_end_date, outstanding_nominal_amount, total_nominal_amount_issued_for_erf, total_redeemed_amount, total_redeemed_amount_for_erf, securities_code) values (?, ?, ?, ?, ?, ?, ?, ?, ?, ?)
2022-12-23 20:22:34.161 [main] DEBUG org.hibernate.SQL:128 - select jpassssecu0_.securities_code as securiti1_43_, jpassssecu0_.amount_allotted_to_central_bank as amount_a2_43_, jpassssecu0_.amount_allotted_to_others as amount_a3_43_, jpassssecu0_.last_coupon_date as last_cou4_43_, jpassssecu0_.next_coupon_date as next_cou5_43_, jpassssecu0_.next_index_end_date as next_ind6_43_, jpassssecu0_.outstanding_nominal_amount as outstand7_43_, jpassssecu0_.total_nominal_amount_issued_for_erf as total_no8_43_, jpassssecu0_.total_redeemed_amount as total_re9_43_, jpassssecu0_.total_redeemed_amount_for_erf as total_r10_43_ from securities_code_statistics jpassssecu0_ where jpassssecu0_.securities_code=?
2022-12-23 20:22:34.357 [main] DEBUG org.hibernate.SQL:128 - select jpassssecu0_.securities_code as securiti1_43_0_, jpassssecu0_.amount_allotted_to_central_bank as amount_a2_43_0_, jpassssecu0_.amount_allotted_to_others as amount_a3_43_0_, jpassssecu0_.last_coupon_date as last_cou4_43_0_, jpassssecu0_.next_coupon_date as next_cou5_43_0_, jpassssecu0_.next_index_end_date as next_ind6_43_0_, jpassssecu0_.outstanding_nominal_amount as outstand7_43_0_, jpassssecu0_.total_nominal_amount_issued_for_erf as total_no8_43_0_, jpassssecu0_.total_redeemed_amount as total_re9_43_0_, jpassssecu0_.total_redeemed_amount_for_erf as total_r10_43_0_ from securities_code_statistics jpassssecu0_ where jpassssecu0_.securities_code=?
2022-12-23 20:22:34.438 [main] DEBUG org.hibernate.SQL:128 - insert into securities_code_statistics (amount_allotted_to_central_bank, amount_allotted_to_others, last_coupon_date, next_coupon_date, next_index_end_date, outstanding_nominal_amount, total_nominal_amount_issued_for_erf, total_redeemed_amount, total_redeemed_amount_for_erf, securities_code) values (?, ?, ?, ?, ?, ?, ?, ?, ?, ?)
2022-12-23 20:22:35.161 [main] DEBUG org.hibernate.SQL:128 - select jpassssecu0_.securities_code as securiti1_43_, jpassssecu0_.amount_allotted_to_central_bank as amount_a2_43_, jpassssecu0_.amount_allotted_to_others as amount_a3_43_, jpassssecu0_.last_coupon_date as last_cou4_43_, jpassssecu0_.next_coupon_date as next_cou5_43_, jpassssecu0_.next_index_end_date as next_ind6_43_, jpassssecu0_.outstanding_nominal_amount as outstand7_43_, jpassssecu0_.total_nominal_amount_issued_for_erf as total_no8_43_, jpassssecu0_.total_redeemed_amount as total_re9_43_, jpassssecu0_.total_redeemed_amount_for_erf as total_r10_43_ from securities_code_statistics jpassssecu0_ where jpassssecu0_.securities_code=?
2022-12-23 20:22:35.322 [main] DEBUG org.hibernate.SQL:128 - select jpassssecu0_.securities_code as securiti1_43_0_, jpassssecu0_.amount_allotted_to_central_bank as amount_a2_43_0_, jpassssecu0_.amount_allotted_to_others as amount_a3_43_0_, jpassssecu0_.last_coupon_date as last_cou4_43_0_, jpassssecu0_.next_coupon_date as next_cou5_43_0_, jpassssecu0_.next_index_end_date as next_ind6_43_0_, jpassssecu0_.outstanding_nominal_amount as outstand7_43_0_, jpassssecu0_.total_nominal_amount_issued_for_erf as total_no8_43_0_, jpassssecu0_.total_redeemed_amount as total_re9_43_0_, jpassssecu0_.total_redeemed_amount_for_erf as total_r10_43_0_ from securities_code_statistics jpassssecu0_ where jpassssecu0_.securities_code=?
2022-12-23 20:22:35.412 [main] DEBUG org.hibernate.SQL:128 - insert into securities_code_statistics (amount_allotted_to_central_bank, amount_allotted_to_others, last_coupon_date, next_coupon_date, next_index_end_date, outstanding_nominal_amount, total_nominal_amount_issued_for_erf, total_redeemed_amount, total_redeemed_amount_for_erf, securities_code) values (?, ?, ?, ?, ?, ?, ?, ?, ?, ?)
2022-12-23 20:22:35.789 [main] DEBUG org.hibernate.SQL:128 - select jpassssecu0_.securities_code as securiti1_43_, jpassssecu0_.amount_allotted_to_central_bank as amount_a2_43_, jpassssecu0_.amount_allotted_to_others as amount_a3_43_, jpassssecu0_.last_coupon_date as last_cou4_43_, jpassssecu0_.next_coupon_date as next_cou5_43_, jpassssecu0_.next_index_end_date as next_ind6_43_, jpassssecu0_.outstanding_nominal_amount as outstand7_43_, jpassssecu0_.total_nominal_amount_issued_for_erf as total_no8_43_, jpassssecu0_.total_redeemed_amount as total_re9_43_, jpassssecu0_.total_redeemed_amount_for_erf as total_r10_43_ from securities_code_statistics jpassssecu0_ where jpassssecu0_.securities_code=?
2022-12-23 20:22:35.948 [main] DEBUG org.hibernate.SQL:128 - select jpassssecu0_.securities_code as securiti1_43_0_, jpassssecu0_.amount_allotted_to_central_bank as amount_a2_43_0_, jpassssecu0_.amount_allotted_to_others as amount_a3_43_0_, jpassssecu0_.last_coupon_date as last_cou4_43_0_, jpassssecu0_.next_coupon_date as next_cou5_43_0_, jpassssecu0_.next_index_end_date as next_ind6_43_0_, jpassssecu0_.outstanding_nominal_amount as outstand7_43_0_, jpassssecu0_.total_nominal_amount_issued_for_erf as total_no8_43_0_, jpassssecu0_.total_redeemed_amount as total_re9_43_0_, jpassssecu0_.total_redeemed_amount_for_erf as total_r10_43_0_ from securities_code_statistics jpassssecu0_ where jpassssecu0_.securities_code=?
2022-12-23 20:22:36.039 [main] DEBUG org.hibernate.SQL:128 - insert into securities_code_statistics (amount_allotted_to_central_bank, amount_allotted_to_others, last_coupon_date, next_coupon_date, next_index_end_date, outstanding_nominal_amount, total_nominal_amount_issued_for_erf, total_redeemed_amount, total_redeemed_amount_for_erf, securities_code) values (?, ?, ?, ?, ?, ?, ?, ?, ?, ?)
2022-12-23 20:22:36.378 [main] DEBUG org.hibernate.SQL:128 - select jpassssecu0_.securities_code as securiti1_43_, jpassssecu0_.amount_allotted_to_central_bank as amount_a2_43_, jpassssecu0_.amount_allotted_to_others as amount_a3_43_, jpassssecu0_.last_coupon_date as last_cou4_43_, jpassssecu0_.next_coupon_date as next_cou5_43_, jpassssecu0_.next_index_end_date as next_ind6_43_, jpassssecu0_.outstanding_nominal_amount as outstand7_43_, jpassssecu0_.total_nominal_amount_issued_for_erf as total_no8_43_, jpassssecu0_.total_redeemed_amount as total_re9_43_, jpassssecu0_.total_redeemed_amount_for_erf as total_r10_43_ from securities_code_statistics jpassssecu0_ where jpassssecu0_.securities_code=?
2022-12-23 20:22:36.529 [main] DEBUG org.hibernate.SQL:128 - select jpassssecu0_.securities_code as securiti1_43_0_, jpassssecu0_.amount_allotted_to_central_bank as amount_a2_43_0_, jpassssecu0_.amount_allotted_to_others as amount_a3_43_0_, jpassssecu0_.last_coupon_date as last_cou4_43_0_, jpassssecu0_.next_coupon_date as next_cou5_43_0_, jpassssecu0_.next_index_end_date as next_ind6_43_0_, jpassssecu0_.outstanding_nominal_amount as outstand7_43_0_, jpassssecu0_.total_nominal_amount_issued_for_erf as total_no8_43_0_, jpassssecu0_.total_redeemed_amount as total_re9_43_0_, jpassssecu0_.total_redeemed_amount_for_erf as total_r10_43_0_ from securities_code_statistics jpassssecu0_ where jpassssecu0_.securities_code=?
2022-12-23 20:22:36.622 [main] DEBUG org.hibernate.SQL:128 - insert into securities_code_statistics (amount_allotted_to_central_bank, amount_allotted_to_others, last_coupon_date, next_coupon_date, next_index_end_date, outstanding_nominal_amount, total_nominal_amount_issued_for_erf, total_redeemed_amount, total_redeemed_amount_for_erf, securities_code) values (?, ?, ?, ?, ?, ?, ?, ?, ?, ?)
2022-12-23 20:22:37.031 [main] DEBUG org.hibernate.SQL:128 - select jpassssecu0_.securities_code as securiti1_43_, jpassssecu0_.amount_allotted_to_central_bank as amount_a2_43_, jpassssecu0_.amount_allotted_to_others as amount_a3_43_, jpassssecu0_.last_coupon_date as last_cou4_43_, jpassssecu0_.next_coupon_date as next_cou5_43_, jpassssecu0_.next_index_end_date as next_ind6_43_, jpassssecu0_.outstanding_nominal_amount as outstand7_43_, jpassssecu0_.total_nominal_amount_issued_for_erf as total_no8_43_, jpassssecu0_.total_redeemed_amount as total_re9_43_, jpassssecu0_.total_redeemed_amount_for_erf as total_r10_43_ from securities_code_statistics jpassssecu0_ where jpassssecu0_.securities_code=?
2022-12-23 20:22:37.200 [main] DEBUG org.hibernate.SQL:128 - select jpassssecu0_.securities_code as securiti1_43_0_, jpassssecu0_.amount_allotted_to_central_bank as amount_a2_43_0_, jpassssecu0_.amount_allotted_to_others as amount_a3_43_0_, jpassssecu0_.last_coupon_date as last_cou4_43_0_, jpassssecu0_.next_coupon_date as next_cou5_43_0_, jpassssecu0_.next_index_end_date as next_ind6_43_0_, jpassssecu0_.outstanding_nominal_amount as outstand7_43_0_, jpassssecu0_.total_nominal_amount_issued_for_erf as total_no8_43_0_, jpassssecu0_.total_redeemed_amount as total_re9_43_0_, jpassssecu0_.total_redeemed_amount_for_erf as total_r10_43_0_ from securities_code_statistics jpassssecu0_ where jpassssecu0_.securities_code=?
2022-12-23 20:22:37.291 [main] DEBUG org.hibernate.SQL:128 - insert into securities_code_statistics (amount_allotted_to_central_bank, amount_allotted_to_others, last_coupon_date, next_coupon_date, next_index_end_date, outstanding_nominal_amount, total_nominal_amount_issued_for_erf, total_redeemed_amount, total_redeemed_amount_for_erf, securities_code) values (?, ?, ?, ?, ?, ?, ?, ?, ?, ?)
2022-12-23 20:22:37.660 [main] INFO  scrips.datamigration.common.service.FkChecksEnableDisable:23 - enable FkChecks called
2022-12-23 20:22:37.661 [main] DEBUG org.hibernate.SQL:128 - SET FOREIGN_KEY_CHECKS = 1
2022-12-23 20:22:37.750 [main] INFO  scrips.datamigration.common.service.FkChecksEnableDisable:25 - enable FkChecks done
2022-12-23 20:22:37.918 [main] DEBUG org.hibernate.SQL:128 - SELECT @@GLOBAL.foreign_key_checks, @@SESSION.foreign_key_checks
2022-12-23 20:22:37.992 [main] INFO  scrips.datamigration.common.service.FkChecksEnableDisable:52 - foreign_key_checks status - 1
2022-12-23 20:22:38.022 [SpringContextShutdownHook] INFO  org.springframework.orm.jpa.LocalContainerEntityManagerFactoryBean:598 - Closing JPA EntityManagerFactory for persistence unit 'data'
2022-12-23 20:22:38.027 [SpringContextShutdownHook] INFO  com.zaxxer.hikari.HikariDataSource:350 - HikariPool-1 - Shutdown initiated...
2022-12-23 20:22:38.042 [SpringContextShutdownHook] INFO  com.zaxxer.hikari.HikariDataSource:352 - HikariPool-1 - Shutdown completed.
