2022-12-23 14:34:48.149 [main] INFO  scrips.datamigration.App:55 - Starting App on WSIN181 with PID 4392 (D:\DataMigrationNEW\DATA_MIGRATION_RTGS\DataMigrationAndExtract\DataMigration\target\classes started by SheikKhadeer in D:\DataMigrationNEW\DATA_MIGRATION_RTGS\DataMigrationAndExtract\DataMigration)
2022-12-23 14:34:48.160 [main] INFO  scrips.datamigration.App:651 - No active profile set, falling back to default profiles: app
2022-12-23 14:34:49.214 [main] INFO  org.springframework.data.repository.config.RepositoryConfigurationDelegate:127 - Bootstrapping Spring Data JPA repositories in DEFAULT mode.
2022-12-23 14:34:49.752 [main] INFO  org.springframework.data.repository.config.RepositoryConfigurationDelegate:187 - Finished Spring Data repository scanning in 523ms. Found 66 JPA repository interfaces.
2022-12-23 14:34:50.118 [main] INFO  com.ulisesbocchio.jasyptspringboot.configuration.EnableEncryptablePropertiesBeanFactoryPostProcessor:39 - Post-processing PropertySource instances
2022-12-23 14:34:50.145 [main] INFO  com.ulisesbocchio.jasyptspringboot.EncryptablePropertySourceConverter:56 - Converting PropertySource configurationProperties [org.springframework.boot.context.properties.source.ConfigurationPropertySourcesPropertySource] to AOP Proxy
2022-12-23 14:34:50.146 [main] INFO  com.ulisesbocchio.jasyptspringboot.EncryptablePropertySourceConverter:56 - Converting PropertySource commandLineArgs [org.springframework.core.env.SimpleCommandLinePropertySource] to EncryptableEnumerablePropertySourceWrapper
2022-12-23 14:34:50.146 [main] INFO  com.ulisesbocchio.jasyptspringboot.EncryptablePropertySourceConverter:56 - Converting PropertySource systemProperties [org.springframework.core.env.PropertiesPropertySource] to EncryptableMapPropertySourceWrapper
2022-12-23 14:34:50.147 [main] INFO  com.ulisesbocchio.jasyptspringboot.EncryptablePropertySourceConverter:56 - Converting PropertySource systemEnvironment [org.springframework.boot.env.SystemEnvironmentPropertySourceEnvironmentPostProcessor$OriginAwareSystemEnvironmentPropertySource] to EncryptableSystemEnvironmentPropertySourceWrapper
2022-12-23 14:34:50.147 [main] INFO  com.ulisesbocchio.jasyptspringboot.EncryptablePropertySourceConverter:56 - Converting PropertySource random [org.springframework.boot.env.RandomValuePropertySource] to EncryptablePropertySourceWrapper
2022-12-23 14:34:50.147 [main] INFO  com.ulisesbocchio.jasyptspringboot.EncryptablePropertySourceConverter:56 - Converting PropertySource applicationConfig: [file:./config/application.properties] [org.springframework.boot.env.OriginTrackedMapPropertySource] to EncryptableMapPropertySourceWrapper
2022-12-23 14:34:50.148 [main] INFO  com.ulisesbocchio.jasyptspringboot.EncryptablePropertySourceConverter:56 - Converting PropertySource applicationConfig: [classpath:/application.properties] [org.springframework.boot.env.OriginTrackedMapPropertySource] to EncryptableMapPropertySourceWrapper
2022-12-23 14:34:50.148 [main] INFO  com.ulisesbocchio.jasyptspringboot.EncryptablePropertySourceConverter:56 - Converting PropertySource DataMigrationProperties [org.springframework.core.env.MapPropertySource] to EncryptableMapPropertySourceWrapper
2022-12-23 14:34:50.290 [main] INFO  com.ulisesbocchio.jasyptspringboot.filter.DefaultLazyPropertyFilter:31 - Property Filter custom Bean not found with name 'encryptablePropertyFilter'. Initializing Default Property Filter
2022-12-23 14:34:50.394 [main] INFO  com.ulisesbocchio.jasyptspringboot.resolver.DefaultLazyPropertyResolver:35 - Property Resolver custom Bean not found with name 'encryptablePropertyResolver'. Initializing Default Property Resolver
2022-12-23 14:34:50.398 [main] INFO  com.ulisesbocchio.jasyptspringboot.detector.DefaultLazyPropertyDetector:35 - Property Detector custom Bean not found with name 'encryptablePropertyDetector'. Initializing Default Property Detector
2022-12-23 14:34:50.406 [main] INFO  com.ulisesbocchio.jasyptspringboot.encryptor.DefaultLazyEncryptor:37 - String Encryptor custom Bean not found with name 'jasyptStringEncryptor'. Initializing Default String Encryptor
2022-12-23 14:34:50.426 [main] INFO  com.ulisesbocchio.jasyptspringboot.configuration.StringEncryptorBuilder:81 - Encryptor config not found for property jasypt.encryptor.key-obtention-iterations, using default value: 1000
2022-12-23 14:34:50.426 [main] INFO  com.ulisesbocchio.jasyptspringboot.configuration.StringEncryptorBuilder:81 - Encryptor config not found for property jasypt.encryptor.pool-size, using default value: 1
2022-12-23 14:34:50.427 [main] INFO  com.ulisesbocchio.jasyptspringboot.configuration.StringEncryptorBuilder:81 - Encryptor config not found for property jasypt.encryptor.provider-name, using default value: null
2022-12-23 14:34:50.427 [main] INFO  com.ulisesbocchio.jasyptspringboot.configuration.StringEncryptorBuilder:81 - Encryptor config not found for property jasypt.encryptor.provider-class-name, using default value: null
2022-12-23 14:34:50.428 [main] INFO  com.ulisesbocchio.jasyptspringboot.configuration.StringEncryptorBuilder:81 - Encryptor config not found for property jasypt.encryptor.salt-generator-classname, using default value: org.jasypt.salt.RandomSaltGenerator
2022-12-23 14:34:50.430 [main] INFO  com.ulisesbocchio.jasyptspringboot.configuration.StringEncryptorBuilder:81 - Encryptor config not found for property jasypt.encryptor.string-output-type, using default value: base64
2022-12-23 14:34:50.644 [main] INFO  org.hibernate.jpa.internal.util.LogHelper:31 - HHH000204: Processing PersistenceUnitInfo [name: data]
2022-12-23 14:34:50.711 [main] INFO  org.hibernate.Version:44 - HHH000412: Hibernate ORM core version 5.4.15.Final
2022-12-23 14:34:50.846 [main] INFO  org.hibernate.annotations.common.Version:49 - HCANN000001: Hibernate Commons Annotations {5.1.0.Final}
2022-12-23 14:34:51.344 [main] INFO  com.zaxxer.hikari.HikariDataSource:110 - HikariPool-1 - Starting...
2022-12-23 14:34:52.351 [main] INFO  com.zaxxer.hikari.HikariDataSource:123 - HikariPool-1 - Start completed.
2022-12-23 14:34:52.410 [main] INFO  org.hibernate.dialect.Dialect:172 - HHH000400: Using dialect: org.hibernate.dialect.MySQL8Dialect
2022-12-23 14:34:52.537 [main] INFO  org.hibernate.envers.boot.internal.EnversServiceImpl:90 - Envers integration enabled? : true
2022-12-23 14:34:54.556 [main] INFO  org.hibernate.engine.transaction.jta.platform.internal.JtaPlatformInitiator:52 - HHH000490: Using JtaPlatform implementation: [org.hibernate.engine.transaction.jta.platform.internal.NoJtaPlatform]
2022-12-23 14:34:54.564 [main] INFO  org.springframework.orm.jpa.LocalContainerEntityManagerFactoryBean:416 - Initialized JPA EntityManagerFactory for persistence unit 'data'
2022-12-23 14:34:56.321 [main] INFO  scrips.datamigration.App:61 - Started App in 8.86 seconds (JVM running for 10.489)
2022-12-23 14:34:56.375 [main] INFO  scrips.datamigration.common.service.FkChecksEnableDisable:36 - disable FkChecks called
2022-12-23 14:34:56.421 [main] DEBUG org.hibernate.SQL:128 - SET FOREIGN_KEY_CHECKS = 0
2022-12-23 14:34:56.461 [main] INFO  scrips.datamigration.common.service.FkChecksEnableDisable:38 - disable FkChecks done
2022-12-23 14:34:56.527 [main] DEBUG org.hibernate.SQL:128 - SELECT @@GLOBAL.foreign_key_checks, @@SESSION.foreign_key_checks
2022-12-23 14:34:56.552 [main] INFO  scrips.datamigration.common.service.FkChecksEnableDisable:52 - foreign_key_checks status - 0
2022-12-23 14:34:56.556 [main] INFO  scrips.datamigration.controller.ScripsFileUploadController:159 - fileUploadCode - SSS_SECURITIES_PRICE_FILE_UPLOAD
2022-12-23 14:34:56.556 [main] INFO  scrips.datamigration.common.service.FileUploadService:115 - getFileHeaderByCode entered
2022-12-23 14:34:56.556 [main] INFO  scrips.datamigration.common.service.FileUploadService:121 - fileUpldHeaderOut - sss_securities_price
2022-12-23 14:34:56.557 [main] INFO  scrips.datamigration.controller.ScripsFileUploadController:163 - Live table name ->sss_securities_price
2022-12-23 14:34:56.557 [main] INFO  scrips.datamigration.csv.service.SssSecuritiesFileDataService:43 - Live table name ->securities_file_data
2022-12-23 14:34:56.558 [main] INFO  scrips.datamigration.csv.service.SssSecuritiesFileDataService:44 - ftp status n
2022-12-23 14:34:56.576 [main] INFO  scrips.datamigration.csv.service.SssSecuritiesFileDataService:73 - fileSourceData - ISIN Code;Description;ISIN Type;Issue Code;ISIN Status;Taxable;Tradable;Credit Rating;Eligible for ILF;ILF Haircut Setting;Haircut Percentage for ILF;Maturity Date;Optional Maturity Date;Auction Date;First Issuance Date;First Issuance Amount;Re-Opening - Auction Date;Re-Opening - Allotment Date;Re-Opening - Total Allotment Amount;Total Issued Amount;Outstanding Nominal Amount;Amount Allocated to MAS;Amount Allocated to Others;MAS Applied Amount;Unit Size;Denomination;Currency Code;Redemption Price;Coupon Rate;Ex-date Period;Ex-date;Coupon Payment Frequency;Last Coupon Date;Next Coupon Date;Optional Coupon Date;Days of Accrued Interest;Tenure;Average Yield;Cutoff Yield;Average Yield Price;Cutoff Yield Price;Re-Opening - MAS Applied Amount;Total Redeemed Amount;ISIN Sub Type
2022-12-23 14:34:56.577 [main] INFO  scrips.datamigration.csv.service.SssSecuritiesFileDataService:73 - fileSourceData - AUTOSFNEWP99;99YR BOND 2017 DUE 010199 AUTOSFNP;BN;AUTOSFNP;A;Y;Y;AAA;Y;A;00300000;20990101; ;20171228;20171229;000001000000000;20221026;20221027;000900000000000;000902800000000;000902799998000;000001500000000;000901300000000;000001000000000;1000;000000000001000;SGD;10000000;00120000;3;20230529;S;20221201;20230601;20180601;182;050;00000000;00000000;00000000;00000000;000900000000000;000000000002000;NA
2022-12-23 14:34:56.577 [main] INFO  scrips.datamigration.csv.service.SssSecuritiesFileDataService:73 - fileSourceData - BCSISMBIL001;MAS Bill;MB;BN2005M;A;Y;Y;AAA;Y;Y;00100000;20251231; ;20210518;20210519;000000100000000; ; ;000000000000000;000000100000000;000000100000000;000000000900000;000000099100000;000000000100000;1000;000000000001000;SGD;10000000;00000000;0; ;N; ; ; ; ;241;00000000;00000000;00000000;00000000;000000000000000;000000000000000;NA
2022-12-23 14:34:56.577 [main] INFO  scrips.datamigration.csv.service.SssSecuritiesFileDataService:73 - fileSourceData - BCSISTEST012;15 YEARS BONDS;BN;N999012M;A;Y;Y;AAA;Y;A;00200000;20290801; ;20170122;20170201;000000630000000;20210428;20210429;000000000600000;000000630000000;000000630000000;000000000010000;000000629990000;000000080000000;1000;000000000001000;SGD;10000000;00125000;5;20170725;S; ; ;20170801;181;015;00000000;00000000;00000000;00000000;000000000200000;000000000000000;NA
2022-12-23 14:34:56.577 [main] INFO  scrips.datamigration.csv.service.SssSecuritiesFileDataService:73 - fileSourceData - MEPSUAT00016;10YR SBOND 2016 DUE220426 GX16501W;SB;GX16501W;A;Y;N;AAA;N;N;00000000;20260422; ;20160421;20160422;000000000287500; ; ;000000000000000;000000000287500;000000000242500;000000000000000;000000000287500;000000000000000;1000;000000000000500;SGD;10000000;00700000;3;20230419;S;20221022;20230422;20161022; ;010;00000000;00000000;00000000;00000000;000000000000000;000000000045000;NA
2022-12-23 14:34:56.577 [main] INFO  scrips.datamigration.csv.service.SssSecuritiesFileDataService:73 - fileSourceData - MEPSUAT00024;10YR SBOND 2016 DUE250426 GX16502N;SB;GX16502N;A;Y;N;AAA;N;N;00000000;20260425; ;20160422;20160425;000000000300000; ; ;000000000000000;000000000300000;000000000170000;000000000000000;000000000300000;000000000000000;1000;000000000000500;SGD;10000000;00293000;3;20230420;S;20221025;20230425;20161025; ;010;00000000;00000000;00000000;00000000;000000000000000;000000000130000;NA
2022-12-23 14:34:56.578 [main] INFO  scrips.datamigration.csv.service.SssSecuritiesFileDataService:73 - fileSourceData - MEPSUAT00032;10YR SBOND 2016 DUE 030526 GX16503V;SB;GX16503V;A;Y;N;AAA;N;N;00000000;20260503; ;20160429;20160503;000000000137500; ; ;000000000000000;000000000137500;000000000017500;000000000000000;000000000137500;000000000000000;1000;000000000000500;SGD;10000000;00354000;3;20230428;S;20221103;20230503;20161103; ;010;00000000;00000000;00000000;00000000;000000000000000;000000000120000;NA
2022-12-23 14:34:56.578 [main] INFO  scrips.datamigration.csv.service.SssSecuritiesFileDataService:73 - fileSourceData - NPTESTSCREEN;10YR BOND 2016 DUE 260531 NY15046C;BN;NY15046C;N;Y;Y;AAA;Y;A;00100000;20260531; ;20160528;20160531;000000000001000; ; ;000000000000000;000000000000000;000000000000000;000000000000000;000000000000000;000000000000000;1000;000000000001000;SGD;10000000;00000000;3;20161025;S; ; ;20161028;150;010;00000000;00000000;00000000;00000000;000000000000000;000000000000000;NA
2022-12-23 14:34:56.578 [main] INFO  scrips.datamigration.csv.service.SssSecuritiesFileDataService:73 - fileSourceData - NSBONDMAY002;NS BOND 3YR 2021 - 2024 NS21002A;BN;NS21002A;A;Y;Y;AAA;Y;A;00100000;20240531; ;20210505;20210506;000000000100000;20210514;20210517;000000000500000;000000000100000;000000000100000;000000000000000;000000000100000;000000000010000;1000;000000000001000;SGD;10000000;00215000;3;20230525;S;20221130;20230530;20210531;181;005;00000000;00000000;00000000;00000000;000000000250000;000000000000000;NA
2022-12-23 14:34:56.579 [main] INFO  scrips.datamigration.csv.service.SssSecuritiesFileDataService:75 - Headings - 1:ISIN_CODE
2022-12-23 14:34:56.579 [main] INFO  scrips.datamigration.csv.service.SssSecuritiesFileDataService:75 - Headings - 2:DESCRIPTION
2022-12-23 14:34:56.579 [main] INFO  scrips.datamigration.csv.service.SssSecuritiesFileDataService:75 - Headings - 3:ISIN_TYPE
2022-12-23 14:34:56.579 [main] INFO  scrips.datamigration.csv.service.SssSecuritiesFileDataService:75 - Headings - 4:ISSUE_CODE
2022-12-23 14:34:56.579 [main] INFO  scrips.datamigration.csv.service.SssSecuritiesFileDataService:75 - Headings - 5:ISIN_STATUS
2022-12-23 14:34:56.580 [main] INFO  scrips.datamigration.csv.service.SssSecuritiesFileDataService:75 - Headings - 6:TAXABLE
2022-12-23 14:34:56.580 [main] INFO  scrips.datamigration.csv.service.SssSecuritiesFileDataService:75 - Headings - 7:TRADABLE
2022-12-23 14:34:56.580 [main] INFO  scrips.datamigration.csv.service.SssSecuritiesFileDataService:75 - Headings - 8:CREDIT_RATING
2022-12-23 14:34:56.580 [main] INFO  scrips.datamigration.csv.service.SssSecuritiesFileDataService:75 - Headings - 9:ELIGIBLE_FOR_ILF
2022-12-23 14:34:56.580 [main] INFO  scrips.datamigration.csv.service.SssSecuritiesFileDataService:75 - Headings - 10:ILF_HAIRCUT_SETTING
2022-12-23 14:34:56.580 [main] INFO  scrips.datamigration.csv.service.SssSecuritiesFileDataService:75 - Headings - 11:HAIRCUT_PERCENTAGE_FOR_ILF
2022-12-23 14:34:56.581 [main] INFO  scrips.datamigration.csv.service.SssSecuritiesFileDataService:75 - Headings - 12:MATURITY_DATE
2022-12-23 14:34:56.581 [main] INFO  scrips.datamigration.csv.service.SssSecuritiesFileDataService:75 - Headings - 13:OPTIONAL_MATURITY_DATE
2022-12-23 14:34:56.581 [main] INFO  scrips.datamigration.csv.service.SssSecuritiesFileDataService:75 - Headings - 14:AUCTION_DATE
2022-12-23 14:34:56.581 [main] INFO  scrips.datamigration.csv.service.SssSecuritiesFileDataService:75 - Headings - 15:FIRST_ISSUANCE_DATE
2022-12-23 14:34:56.582 [main] INFO  scrips.datamigration.csv.service.SssSecuritiesFileDataService:75 - Headings - 16:FIRST_ISSUANCE_AMOUNT
2022-12-23 14:34:56.582 [main] INFO  scrips.datamigration.csv.service.SssSecuritiesFileDataService:75 - Headings - 17:RE_OPENING_AUCTION_DATE
2022-12-23 14:34:56.582 [main] INFO  scrips.datamigration.csv.service.SssSecuritiesFileDataService:75 - Headings - 18:RE_OPENING_ALLOTMENT_DATE
2022-12-23 14:34:56.582 [main] INFO  scrips.datamigration.csv.service.SssSecuritiesFileDataService:75 - Headings - 19:RE_OPENING_TOTAL_ALLOTMENT_AMOUNT
2022-12-23 14:34:56.582 [main] INFO  scrips.datamigration.csv.service.SssSecuritiesFileDataService:75 - Headings - 20:TOTAL_ISSUED_AMOUNT
2022-12-23 14:34:56.582 [main] INFO  scrips.datamigration.csv.service.SssSecuritiesFileDataService:75 - Headings - 21:OUTSTANDING_NOMINAL_AMOUNT
2022-12-23 14:34:56.582 [main] INFO  scrips.datamigration.csv.service.SssSecuritiesFileDataService:75 - Headings - 22:AMOUNT_ALLOCATED_TO_MAS
2022-12-23 14:34:56.582 [main] INFO  scrips.datamigration.csv.service.SssSecuritiesFileDataService:75 - Headings - 23:AMOUNT_ALLOCATED_TO_OTHERS
2022-12-23 14:34:56.583 [main] INFO  scrips.datamigration.csv.service.SssSecuritiesFileDataService:75 - Headings - 24:MAS_APPLIED_AMOUNT
2022-12-23 14:34:56.583 [main] INFO  scrips.datamigration.csv.service.SssSecuritiesFileDataService:75 - Headings - 25:UNIT_SIZE
2022-12-23 14:34:56.583 [main] INFO  scrips.datamigration.csv.service.SssSecuritiesFileDataService:75 - Headings - 26:DENOMINATION
2022-12-23 14:34:56.583 [main] INFO  scrips.datamigration.csv.service.SssSecuritiesFileDataService:75 - Headings - 27:CURRENCY_CODE
2022-12-23 14:34:56.583 [main] INFO  scrips.datamigration.csv.service.SssSecuritiesFileDataService:75 - Headings - 28:REDEMPTION_PRICE
2022-12-23 14:34:56.583 [main] INFO  scrips.datamigration.csv.service.SssSecuritiesFileDataService:75 - Headings - 29:COUPON_RATE
2022-12-23 14:34:56.584 [main] INFO  scrips.datamigration.csv.service.SssSecuritiesFileDataService:75 - Headings - 30:EX_DATE_PERIOD
2022-12-23 14:34:56.584 [main] INFO  scrips.datamigration.csv.service.SssSecuritiesFileDataService:75 - Headings - 31:EX_DATE
2022-12-23 14:34:56.584 [main] INFO  scrips.datamigration.csv.service.SssSecuritiesFileDataService:75 - Headings - 32:COUPON_PAYMENT_FREQUENCY
2022-12-23 14:34:56.584 [main] INFO  scrips.datamigration.csv.service.SssSecuritiesFileDataService:75 - Headings - 33:LAST_COUPON_DATE
2022-12-23 14:34:56.584 [main] INFO  scrips.datamigration.csv.service.SssSecuritiesFileDataService:75 - Headings - 34:NEXT_COUPON_DATE
2022-12-23 14:34:56.584 [main] INFO  scrips.datamigration.csv.service.SssSecuritiesFileDataService:75 - Headings - 35:OPTIONAL_COUPON_DATE
2022-12-23 14:34:56.585 [main] INFO  scrips.datamigration.csv.service.SssSecuritiesFileDataService:75 - Headings - 36:DAYS_OF_ACCRUED_INTEREST
2022-12-23 14:34:56.585 [main] INFO  scrips.datamigration.csv.service.SssSecuritiesFileDataService:75 - Headings - 37:TENURE
2022-12-23 14:34:56.585 [main] INFO  scrips.datamigration.csv.service.SssSecuritiesFileDataService:75 - Headings - 38:AVERAGE_YIELD
2022-12-23 14:34:56.585 [main] INFO  scrips.datamigration.csv.service.SssSecuritiesFileDataService:75 - Headings - 39:CUTOFF_YIELD
2022-12-23 14:34:56.585 [main] INFO  scrips.datamigration.csv.service.SssSecuritiesFileDataService:75 - Headings - 40:AVERAGE_YIELD_PRICE
2022-12-23 14:34:56.585 [main] INFO  scrips.datamigration.csv.service.SssSecuritiesFileDataService:75 - Headings - 41:CUTOFF_YIELD_PRICE
2022-12-23 14:34:56.585 [main] INFO  scrips.datamigration.csv.service.SssSecuritiesFileDataService:75 - Headings - 42:RE_OPENING_MAS_APPLIED_AMOUNT
2022-12-23 14:34:56.585 [main] INFO  scrips.datamigration.csv.service.SssSecuritiesFileDataService:75 - Headings - 43:TOTAL_REDEEMED_AMOUNT
2022-12-23 14:34:56.586 [main] INFO  scrips.datamigration.csv.service.SssSecuritiesFileDataService:75 - Headings - 44:ISIN_SUB_TYPE
2022-12-23 14:34:56.586 [main] INFO  scrips.datamigration.csv.service.SssSecuritiesFileDataService:205 - ISIN_CODE - AUTOSFNEWP99 -12
2022-12-23 14:34:56.587 [main] INFO  scrips.datamigration.csv.service.SssSecuritiesFileDataService:205 - DESCRIPTION - 99YR BOND 2017 DUE 010199 AUTOSFNP -34
2022-12-23 14:34:56.587 [main] INFO  scrips.datamigration.csv.service.SssSecuritiesFileDataService:205 - ISIN_TYPE - BN -2
2022-12-23 14:34:56.587 [main] INFO  scrips.datamigration.csv.service.SssSecuritiesFileDataService:205 - ISSUE_CODE - AUTOSFNP -8
2022-12-23 14:34:56.587 [main] INFO  scrips.datamigration.csv.service.SssSecuritiesFileDataService:205 - ISIN_STATUS - A -1
2022-12-23 14:34:56.587 [main] INFO  scrips.datamigration.csv.service.SssSecuritiesFileDataService:205 - TAXABLE - Y -1
2022-12-23 14:34:56.587 [main] INFO  scrips.datamigration.csv.service.SssSecuritiesFileDataService:205 - TRADABLE - Y -1
2022-12-23 14:34:56.587 [main] INFO  scrips.datamigration.csv.service.SssSecuritiesFileDataService:205 - CREDIT_RATING - AAA -3
2022-12-23 14:34:56.588 [main] INFO  scrips.datamigration.csv.service.SssSecuritiesFileDataService:205 - ELIGIBLE_FOR_ILF - Y -1
2022-12-23 14:34:56.588 [main] INFO  scrips.datamigration.csv.service.SssSecuritiesFileDataService:205 - ILF_HAIRCUT_SETTING - A -1
2022-12-23 14:34:56.588 [main] INFO  scrips.datamigration.csv.service.SssSecuritiesFileDataService:205 - HAIRCUT_PERCENTAGE_FOR_ILF - 00300000 -8
2022-12-23 14:34:56.588 [main] INFO  scrips.datamigration.csv.service.SssSecuritiesFileDataService:205 - MATURITY_DATE - 20990101 -8
2022-12-23 14:34:56.588 [main] INFO  scrips.datamigration.csv.service.SssSecuritiesFileDataService:205 - OPTIONAL_MATURITY_DATE -  -0
2022-12-23 14:34:56.588 [main] INFO  scrips.datamigration.csv.service.SssSecuritiesFileDataService:205 - AUCTION_DATE - 20171228 -8
2022-12-23 14:34:56.588 [main] INFO  scrips.datamigration.csv.service.SssSecuritiesFileDataService:205 - FIRST_ISSUANCE_DATE - 20171229 -8
2022-12-23 14:34:56.589 [main] INFO  scrips.datamigration.csv.service.SssSecuritiesFileDataService:205 - FIRST_ISSUANCE_AMOUNT - 000001000000000 -15
2022-12-23 14:34:56.589 [main] INFO  scrips.datamigration.csv.service.SssSecuritiesFileDataService:205 - RE_OPENING_AUCTION_DATE - 20221026 -8
2022-12-23 14:34:56.589 [main] INFO  scrips.datamigration.csv.service.SssSecuritiesFileDataService:205 - RE_OPENING_ALLOTMENT_DATE - 20221027 -8
2022-12-23 14:34:56.589 [main] INFO  scrips.datamigration.csv.service.SssSecuritiesFileDataService:205 - RE_OPENING_TOTAL_ALLOTMENT_AMOUNT - 000900000000000 -15
2022-12-23 14:34:56.589 [main] INFO  scrips.datamigration.csv.service.SssSecuritiesFileDataService:205 - TOTAL_ISSUED_AMOUNT - 000902800000000 -15
2022-12-23 14:34:56.589 [main] INFO  scrips.datamigration.csv.service.SssSecuritiesFileDataService:205 - OUTSTANDING_NOMINAL_AMOUNT - 000902799998000 -15
2022-12-23 14:34:56.589 [main] INFO  scrips.datamigration.csv.service.SssSecuritiesFileDataService:205 - AMOUNT_ALLOCATED_TO_MAS - 000001500000000 -15
2022-12-23 14:34:56.589 [main] INFO  scrips.datamigration.csv.service.SssSecuritiesFileDataService:205 - AMOUNT_ALLOCATED_TO_OTHERS - 000901300000000 -15
2022-12-23 14:34:56.589 [main] INFO  scrips.datamigration.csv.service.SssSecuritiesFileDataService:205 - MAS_APPLIED_AMOUNT - 000001000000000 -15
2022-12-23 14:34:56.589 [main] INFO  scrips.datamigration.csv.service.SssSecuritiesFileDataService:205 - UNIT_SIZE - 1000 -4
2022-12-23 14:34:56.590 [main] INFO  scrips.datamigration.csv.service.SssSecuritiesFileDataService:205 - DENOMINATION - 000000000001000 -15
2022-12-23 14:34:56.590 [main] INFO  scrips.datamigration.csv.service.SssSecuritiesFileDataService:205 - CURRENCY_CODE - SGD -3
2022-12-23 14:34:56.590 [main] INFO  scrips.datamigration.csv.service.SssSecuritiesFileDataService:205 - REDEMPTION_PRICE - 10000000 -8
2022-12-23 14:34:56.590 [main] INFO  scrips.datamigration.csv.service.SssSecuritiesFileDataService:205 - COUPON_RATE - 00120000 -8
2022-12-23 14:34:56.590 [main] INFO  scrips.datamigration.csv.service.SssSecuritiesFileDataService:205 - EX_DATE_PERIOD - 3 -1
2022-12-23 14:34:56.591 [main] INFO  scrips.datamigration.csv.service.SssSecuritiesFileDataService:205 - EX_DATE - 20230529 -8
2022-12-23 14:34:56.591 [main] INFO  scrips.datamigration.csv.service.SssSecuritiesFileDataService:205 - COUPON_PAYMENT_FREQUENCY - S -1
2022-12-23 14:34:56.591 [main] INFO  scrips.datamigration.csv.service.SssSecuritiesFileDataService:205 - LAST_COUPON_DATE - 20221201 -8
2022-12-23 14:34:56.592 [main] INFO  scrips.datamigration.csv.service.SssSecuritiesFileDataService:205 - NEXT_COUPON_DATE - 20230601 -8
2022-12-23 14:34:56.592 [main] INFO  scrips.datamigration.csv.service.SssSecuritiesFileDataService:205 - OPTIONAL_COUPON_DATE - 20180601 -8
2022-12-23 14:34:56.592 [main] INFO  scrips.datamigration.csv.service.SssSecuritiesFileDataService:205 - DAYS_OF_ACCRUED_INTEREST - 182 -3
2022-12-23 14:34:56.592 [main] INFO  scrips.datamigration.csv.service.SssSecuritiesFileDataService:205 - TENURE - 050 -3
2022-12-23 14:34:56.592 [main] INFO  scrips.datamigration.csv.service.SssSecuritiesFileDataService:205 - AVERAGE_YIELD - 00000000 -8
2022-12-23 14:34:56.593 [main] INFO  scrips.datamigration.csv.service.SssSecuritiesFileDataService:205 - CUTOFF_YIELD - 00000000 -8
2022-12-23 14:34:56.593 [main] INFO  scrips.datamigration.csv.service.SssSecuritiesFileDataService:205 - AVERAGE_YIELD_PRICE - 00000000 -8
2022-12-23 14:34:56.593 [main] INFO  scrips.datamigration.csv.service.SssSecuritiesFileDataService:205 - CUTOFF_YIELD_PRICE - 00000000 -8
2022-12-23 14:34:56.593 [main] INFO  scrips.datamigration.csv.service.SssSecuritiesFileDataService:205 - RE_OPENING_MAS_APPLIED_AMOUNT - 000900000000000 -15
2022-12-23 14:34:56.593 [main] INFO  scrips.datamigration.csv.service.SssSecuritiesFileDataService:205 - TOTAL_REDEEMED_AMOUNT - 000000000002000 -15
2022-12-23 14:34:56.593 [main] INFO  scrips.datamigration.csv.service.SssSecuritiesFileDataService:205 - ISIN_SUB_TYPE - NA -2
2022-12-23 14:34:56.635 [main] DEBUG org.hibernate.SQL:128 - insert into securities_file_data (ISIN_CODE, AMOUNT_ALLOCATED_TO_MAS, AMOUNT_ALLOCATED_TO_OTHERS, AUCTION_DATE, AVERAGE_YIELD, AVERAGE_YIELD_PRICE, COUPON_PAYMENT_FREQUENCY, COUPON_RATE, CREDIT_RATING, CURRENCY_CODE, CUTOFF_YIELD, CUTOFF_YIELD_PRICE, DAYS_OF_ACCRUED_INTEREST, DENOMINATION, DESCRIPTION, ELIGIBLE_FOR_ILF, EX_DATE, EX_DATE_PERIOD, FIRST_ISSUANCE_AMOUNT, FIRST_ISSUANCE_DATE, HAIRCUT_PERCENTAGE_FOR_ILF, ILF_HAIRCUT_SETTING, ISIN_STATUS, ISIN_SUB_TYPE, ISIN_TYPE, ISSUE_CODE, LAST_COUPON_DATE, MAS_APPLIED_AMOUNT, MATURITY_DATE, NEXT_COUPON_DATE, OPTIONAL_COUPON_DATE, OPTIONAL_MATURITY_DATE, OUTSTANDING_NOMINAL_AMOUNT, RE_OPENING_ALLOTMENT_DATE, RE_OPENING_AUCTION_DATE, RE_OPENING_MAS_APPLIED_AMOUNT, RE_OPENING_TOTAL_ALLOTMENT_AMOUNT, REDEMPTION_PRICE, TAXABLE, TENURE, TOTAL_ISSUED_AMOUNT, TOTAL_REDEEMED_AMOUNT, TRADABLE, UNIT_SIZE) values (?, ?, ?, ?, ?, ?, ?, ?, ?, ?, ?, ?, ?, ?, ?, ?, ?, ?, ?, ?, ?, ?, ?, ?, ?, ?, ?, ?, ?, ?, ?, ?, ?, ?, ?, ?, ?, ?, ?, ?, ?, ?, ?, ?)
2022-12-23 14:34:56.714 [main] INFO  scrips.datamigration.csv.service.SssSecuritiesFileDataService:205 - ISIN_CODE - BCSISMBIL001 -12
2022-12-23 14:34:56.715 [main] INFO  scrips.datamigration.csv.service.SssSecuritiesFileDataService:205 - DESCRIPTION - MAS Bill -8
2022-12-23 14:34:56.715 [main] INFO  scrips.datamigration.csv.service.SssSecuritiesFileDataService:205 - ISIN_TYPE - MB -2
2022-12-23 14:34:56.715 [main] INFO  scrips.datamigration.csv.service.SssSecuritiesFileDataService:205 - ISSUE_CODE - BN2005M -7
2022-12-23 14:34:56.715 [main] INFO  scrips.datamigration.csv.service.SssSecuritiesFileDataService:205 - ISIN_STATUS - A -1
2022-12-23 14:34:56.716 [main] INFO  scrips.datamigration.csv.service.SssSecuritiesFileDataService:205 - TAXABLE - Y -1
2022-12-23 14:34:56.716 [main] INFO  scrips.datamigration.csv.service.SssSecuritiesFileDataService:205 - TRADABLE - Y -1
2022-12-23 14:34:56.716 [main] INFO  scrips.datamigration.csv.service.SssSecuritiesFileDataService:205 - CREDIT_RATING - AAA -3
2022-12-23 14:34:56.716 [main] INFO  scrips.datamigration.csv.service.SssSecuritiesFileDataService:205 - ELIGIBLE_FOR_ILF - Y -1
2022-12-23 14:34:56.717 [main] INFO  scrips.datamigration.csv.service.SssSecuritiesFileDataService:205 - ILF_HAIRCUT_SETTING - Y -1
2022-12-23 14:34:56.717 [main] INFO  scrips.datamigration.csv.service.SssSecuritiesFileDataService:205 - HAIRCUT_PERCENTAGE_FOR_ILF - 00100000 -8
2022-12-23 14:34:56.717 [main] INFO  scrips.datamigration.csv.service.SssSecuritiesFileDataService:205 - MATURITY_DATE - 20251231 -8
2022-12-23 14:34:56.718 [main] INFO  scrips.datamigration.csv.service.SssSecuritiesFileDataService:205 - OPTIONAL_MATURITY_DATE -  -0
2022-12-23 14:34:56.718 [main] INFO  scrips.datamigration.csv.service.SssSecuritiesFileDataService:205 - AUCTION_DATE - 20210518 -8
2022-12-23 14:34:56.718 [main] INFO  scrips.datamigration.csv.service.SssSecuritiesFileDataService:205 - FIRST_ISSUANCE_DATE - 20210519 -8
2022-12-23 14:34:56.719 [main] INFO  scrips.datamigration.csv.service.SssSecuritiesFileDataService:205 - FIRST_ISSUANCE_AMOUNT - 000000100000000 -15
2022-12-23 14:34:56.719 [main] INFO  scrips.datamigration.csv.service.SssSecuritiesFileDataService:205 - RE_OPENING_AUCTION_DATE -  -0
2022-12-23 14:34:56.719 [main] INFO  scrips.datamigration.csv.service.SssSecuritiesFileDataService:205 - RE_OPENING_ALLOTMENT_DATE -  -0
2022-12-23 14:34:56.720 [main] INFO  scrips.datamigration.csv.service.SssSecuritiesFileDataService:205 - RE_OPENING_TOTAL_ALLOTMENT_AMOUNT - 000000000000000 -15
2022-12-23 14:34:56.720 [main] INFO  scrips.datamigration.csv.service.SssSecuritiesFileDataService:205 - TOTAL_ISSUED_AMOUNT - 000000100000000 -15
2022-12-23 14:34:56.721 [main] INFO  scrips.datamigration.csv.service.SssSecuritiesFileDataService:205 - OUTSTANDING_NOMINAL_AMOUNT - 000000100000000 -15
2022-12-23 14:34:56.721 [main] INFO  scrips.datamigration.csv.service.SssSecuritiesFileDataService:205 - AMOUNT_ALLOCATED_TO_MAS - 000000000900000 -15
2022-12-23 14:34:56.721 [main] INFO  scrips.datamigration.csv.service.SssSecuritiesFileDataService:205 - AMOUNT_ALLOCATED_TO_OTHERS - 000000099100000 -15
2022-12-23 14:34:56.722 [main] INFO  scrips.datamigration.csv.service.SssSecuritiesFileDataService:205 - MAS_APPLIED_AMOUNT - 000000000100000 -15
2022-12-23 14:34:56.722 [main] INFO  scrips.datamigration.csv.service.SssSecuritiesFileDataService:205 - UNIT_SIZE - 1000 -4
2022-12-23 14:34:56.723 [main] INFO  scrips.datamigration.csv.service.SssSecuritiesFileDataService:205 - DENOMINATION - 000000000001000 -15
2022-12-23 14:34:56.723 [main] INFO  scrips.datamigration.csv.service.SssSecuritiesFileDataService:205 - CURRENCY_CODE - SGD -3
2022-12-23 14:34:56.724 [main] INFO  scrips.datamigration.csv.service.SssSecuritiesFileDataService:205 - REDEMPTION_PRICE - 10000000 -8
2022-12-23 14:34:56.724 [main] INFO  scrips.datamigration.csv.service.SssSecuritiesFileDataService:205 - COUPON_RATE - 00000000 -8
2022-12-23 14:34:56.724 [main] INFO  scrips.datamigration.csv.service.SssSecuritiesFileDataService:205 - EX_DATE_PERIOD - 0 -1
2022-12-23 14:34:56.725 [main] INFO  scrips.datamigration.csv.service.SssSecuritiesFileDataService:205 - EX_DATE -  -0
2022-12-23 14:34:56.725 [main] INFO  scrips.datamigration.csv.service.SssSecuritiesFileDataService:205 - COUPON_PAYMENT_FREQUENCY - N -1
2022-12-23 14:34:56.725 [main] INFO  scrips.datamigration.csv.service.SssSecuritiesFileDataService:205 - LAST_COUPON_DATE -  -0
2022-12-23 14:34:56.725 [main] INFO  scrips.datamigration.csv.service.SssSecuritiesFileDataService:205 - NEXT_COUPON_DATE -  -0
2022-12-23 14:34:56.726 [main] INFO  scrips.datamigration.csv.service.SssSecuritiesFileDataService:205 - OPTIONAL_COUPON_DATE -  -0
2022-12-23 14:34:56.726 [main] INFO  scrips.datamigration.csv.service.SssSecuritiesFileDataService:205 - DAYS_OF_ACCRUED_INTEREST -  -0
2022-12-23 14:34:56.726 [main] INFO  scrips.datamigration.csv.service.SssSecuritiesFileDataService:205 - TENURE - 241 -3
2022-12-23 14:34:56.727 [main] INFO  scrips.datamigration.csv.service.SssSecuritiesFileDataService:205 - AVERAGE_YIELD - 00000000 -8
2022-12-23 14:34:56.727 [main] INFO  scrips.datamigration.csv.service.SssSecuritiesFileDataService:205 - CUTOFF_YIELD - 00000000 -8
2022-12-23 14:34:56.727 [main] INFO  scrips.datamigration.csv.service.SssSecuritiesFileDataService:205 - AVERAGE_YIELD_PRICE - 00000000 -8
2022-12-23 14:34:56.727 [main] INFO  scrips.datamigration.csv.service.SssSecuritiesFileDataService:205 - CUTOFF_YIELD_PRICE - 00000000 -8
2022-12-23 14:34:56.728 [main] INFO  scrips.datamigration.csv.service.SssSecuritiesFileDataService:205 - RE_OPENING_MAS_APPLIED_AMOUNT - 000000000000000 -15
2022-12-23 14:34:56.728 [main] INFO  scrips.datamigration.csv.service.SssSecuritiesFileDataService:205 - TOTAL_REDEEMED_AMOUNT - 000000000000000 -15
2022-12-23 14:34:56.728 [main] INFO  scrips.datamigration.csv.service.SssSecuritiesFileDataService:205 - ISIN_SUB_TYPE - NA -2
2022-12-23 14:34:56.749 [main] DEBUG org.hibernate.SQL:128 - insert into securities_file_data (ISIN_CODE, AMOUNT_ALLOCATED_TO_MAS, AMOUNT_ALLOCATED_TO_OTHERS, AUCTION_DATE, AVERAGE_YIELD, AVERAGE_YIELD_PRICE, COUPON_PAYMENT_FREQUENCY, COUPON_RATE, CREDIT_RATING, CURRENCY_CODE, CUTOFF_YIELD, CUTOFF_YIELD_PRICE, DAYS_OF_ACCRUED_INTEREST, DENOMINATION, DESCRIPTION, ELIGIBLE_FOR_ILF, EX_DATE, EX_DATE_PERIOD, FIRST_ISSUANCE_AMOUNT, FIRST_ISSUANCE_DATE, HAIRCUT_PERCENTAGE_FOR_ILF, ILF_HAIRCUT_SETTING, ISIN_STATUS, ISIN_SUB_TYPE, ISIN_TYPE, ISSUE_CODE, LAST_COUPON_DATE, MAS_APPLIED_AMOUNT, MATURITY_DATE, NEXT_COUPON_DATE, OPTIONAL_COUPON_DATE, OPTIONAL_MATURITY_DATE, OUTSTANDING_NOMINAL_AMOUNT, RE_OPENING_ALLOTMENT_DATE, RE_OPENING_AUCTION_DATE, RE_OPENING_MAS_APPLIED_AMOUNT, RE_OPENING_TOTAL_ALLOTMENT_AMOUNT, REDEMPTION_PRICE, TAXABLE, TENURE, TOTAL_ISSUED_AMOUNT, TOTAL_REDEEMED_AMOUNT, TRADABLE, UNIT_SIZE) values (?, ?, ?, ?, ?, ?, ?, ?, ?, ?, ?, ?, ?, ?, ?, ?, ?, ?, ?, ?, ?, ?, ?, ?, ?, ?, ?, ?, ?, ?, ?, ?, ?, ?, ?, ?, ?, ?, ?, ?, ?, ?, ?, ?)
2022-12-23 14:34:56.825 [main] INFO  scrips.datamigration.csv.service.SssSecuritiesFileDataService:205 - ISIN_CODE - BCSISTEST012 -12
2022-12-23 14:34:56.826 [main] INFO  scrips.datamigration.csv.service.SssSecuritiesFileDataService:205 - DESCRIPTION - 15 YEARS BONDS -14
2022-12-23 14:34:56.827 [main] INFO  scrips.datamigration.csv.service.SssSecuritiesFileDataService:205 - ISIN_TYPE - BN -2
2022-12-23 14:34:56.828 [main] INFO  scrips.datamigration.csv.service.SssSecuritiesFileDataService:205 - ISSUE_CODE - N999012M -8
2022-12-23 14:34:56.829 [main] INFO  scrips.datamigration.csv.service.SssSecuritiesFileDataService:205 - ISIN_STATUS - A -1
2022-12-23 14:34:56.830 [main] INFO  scrips.datamigration.csv.service.SssSecuritiesFileDataService:205 - TAXABLE - Y -1
2022-12-23 14:34:56.830 [main] INFO  scrips.datamigration.csv.service.SssSecuritiesFileDataService:205 - TRADABLE - Y -1
2022-12-23 14:34:56.831 [main] INFO  scrips.datamigration.csv.service.SssSecuritiesFileDataService:205 - CREDIT_RATING - AAA -3
2022-12-23 14:34:56.831 [main] INFO  scrips.datamigration.csv.service.SssSecuritiesFileDataService:205 - ELIGIBLE_FOR_ILF - Y -1
2022-12-23 14:34:56.831 [main] INFO  scrips.datamigration.csv.service.SssSecuritiesFileDataService:205 - ILF_HAIRCUT_SETTING - A -1
2022-12-23 14:34:56.832 [main] INFO  scrips.datamigration.csv.service.SssSecuritiesFileDataService:205 - HAIRCUT_PERCENTAGE_FOR_ILF - 00200000 -8
2022-12-23 14:34:56.832 [main] INFO  scrips.datamigration.csv.service.SssSecuritiesFileDataService:205 - MATURITY_DATE - 20290801 -8
2022-12-23 14:34:56.832 [main] INFO  scrips.datamigration.csv.service.SssSecuritiesFileDataService:205 - OPTIONAL_MATURITY_DATE -  -0
2022-12-23 14:34:56.832 [main] INFO  scrips.datamigration.csv.service.SssSecuritiesFileDataService:205 - AUCTION_DATE - 20170122 -8
2022-12-23 14:34:56.833 [main] INFO  scrips.datamigration.csv.service.SssSecuritiesFileDataService:205 - FIRST_ISSUANCE_DATE - 20170201 -8
2022-12-23 14:34:56.833 [main] INFO  scrips.datamigration.csv.service.SssSecuritiesFileDataService:205 - FIRST_ISSUANCE_AMOUNT - 000000630000000 -15
2022-12-23 14:34:56.833 [main] INFO  scrips.datamigration.csv.service.SssSecuritiesFileDataService:205 - RE_OPENING_AUCTION_DATE - 20210428 -8
2022-12-23 14:34:56.833 [main] INFO  scrips.datamigration.csv.service.SssSecuritiesFileDataService:205 - RE_OPENING_ALLOTMENT_DATE - 20210429 -8
2022-12-23 14:34:56.834 [main] INFO  scrips.datamigration.csv.service.SssSecuritiesFileDataService:205 - RE_OPENING_TOTAL_ALLOTMENT_AMOUNT - 000000000600000 -15
2022-12-23 14:34:56.834 [main] INFO  scrips.datamigration.csv.service.SssSecuritiesFileDataService:205 - TOTAL_ISSUED_AMOUNT - 000000630000000 -15
2022-12-23 14:34:56.834 [main] INFO  scrips.datamigration.csv.service.SssSecuritiesFileDataService:205 - OUTSTANDING_NOMINAL_AMOUNT - 000000630000000 -15
2022-12-23 14:34:56.834 [main] INFO  scrips.datamigration.csv.service.SssSecuritiesFileDataService:205 - AMOUNT_ALLOCATED_TO_MAS - 000000000010000 -15
2022-12-23 14:34:56.835 [main] INFO  scrips.datamigration.csv.service.SssSecuritiesFileDataService:205 - AMOUNT_ALLOCATED_TO_OTHERS - 000000629990000 -15
2022-12-23 14:34:56.835 [main] INFO  scrips.datamigration.csv.service.SssSecuritiesFileDataService:205 - MAS_APPLIED_AMOUNT - 000000080000000 -15
2022-12-23 14:34:56.835 [main] INFO  scrips.datamigration.csv.service.SssSecuritiesFileDataService:205 - UNIT_SIZE - 1000 -4
2022-12-23 14:34:56.836 [main] INFO  scrips.datamigration.csv.service.SssSecuritiesFileDataService:205 - DENOMINATION - 000000000001000 -15
2022-12-23 14:34:56.836 [main] INFO  scrips.datamigration.csv.service.SssSecuritiesFileDataService:205 - CURRENCY_CODE - SGD -3
2022-12-23 14:34:56.836 [main] INFO  scrips.datamigration.csv.service.SssSecuritiesFileDataService:205 - REDEMPTION_PRICE - 10000000 -8
2022-12-23 14:34:56.837 [main] INFO  scrips.datamigration.csv.service.SssSecuritiesFileDataService:205 - COUPON_RATE - 00125000 -8
2022-12-23 14:34:56.837 [main] INFO  scrips.datamigration.csv.service.SssSecuritiesFileDataService:205 - EX_DATE_PERIOD - 5 -1
2022-12-23 14:34:56.837 [main] INFO  scrips.datamigration.csv.service.SssSecuritiesFileDataService:205 - EX_DATE - 20170725 -8
2022-12-23 14:34:56.837 [main] INFO  scrips.datamigration.csv.service.SssSecuritiesFileDataService:205 - COUPON_PAYMENT_FREQUENCY - S -1
2022-12-23 14:34:56.838 [main] INFO  scrips.datamigration.csv.service.SssSecuritiesFileDataService:205 - LAST_COUPON_DATE -  -0
2022-12-23 14:34:56.838 [main] INFO  scrips.datamigration.csv.service.SssSecuritiesFileDataService:205 - NEXT_COUPON_DATE -  -0
2022-12-23 14:34:56.838 [main] INFO  scrips.datamigration.csv.service.SssSecuritiesFileDataService:205 - OPTIONAL_COUPON_DATE - 20170801 -8
2022-12-23 14:34:56.838 [main] INFO  scrips.datamigration.csv.service.SssSecuritiesFileDataService:205 - DAYS_OF_ACCRUED_INTEREST - 181 -3
2022-12-23 14:34:56.839 [main] INFO  scrips.datamigration.csv.service.SssSecuritiesFileDataService:205 - TENURE - 015 -3
2022-12-23 14:34:56.839 [main] INFO  scrips.datamigration.csv.service.SssSecuritiesFileDataService:205 - AVERAGE_YIELD - 00000000 -8
2022-12-23 14:34:56.839 [main] INFO  scrips.datamigration.csv.service.SssSecuritiesFileDataService:205 - CUTOFF_YIELD - 00000000 -8
2022-12-23 14:34:56.839 [main] INFO  scrips.datamigration.csv.service.SssSecuritiesFileDataService:205 - AVERAGE_YIELD_PRICE - 00000000 -8
2022-12-23 14:34:56.840 [main] INFO  scrips.datamigration.csv.service.SssSecuritiesFileDataService:205 - CUTOFF_YIELD_PRICE - 00000000 -8
2022-12-23 14:34:56.840 [main] INFO  scrips.datamigration.csv.service.SssSecuritiesFileDataService:205 - RE_OPENING_MAS_APPLIED_AMOUNT - 000000000200000 -15
2022-12-23 14:34:56.840 [main] INFO  scrips.datamigration.csv.service.SssSecuritiesFileDataService:205 - TOTAL_REDEEMED_AMOUNT - 000000000000000 -15
2022-12-23 14:34:56.841 [main] INFO  scrips.datamigration.csv.service.SssSecuritiesFileDataService:205 - ISIN_SUB_TYPE - NA -2
2022-12-23 14:34:56.860 [main] DEBUG org.hibernate.SQL:128 - insert into securities_file_data (ISIN_CODE, AMOUNT_ALLOCATED_TO_MAS, AMOUNT_ALLOCATED_TO_OTHERS, AUCTION_DATE, AVERAGE_YIELD, AVERAGE_YIELD_PRICE, COUPON_PAYMENT_FREQUENCY, COUPON_RATE, CREDIT_RATING, CURRENCY_CODE, CUTOFF_YIELD, CUTOFF_YIELD_PRICE, DAYS_OF_ACCRUED_INTEREST, DENOMINATION, DESCRIPTION, ELIGIBLE_FOR_ILF, EX_DATE, EX_DATE_PERIOD, FIRST_ISSUANCE_AMOUNT, FIRST_ISSUANCE_DATE, HAIRCUT_PERCENTAGE_FOR_ILF, ILF_HAIRCUT_SETTING, ISIN_STATUS, ISIN_SUB_TYPE, ISIN_TYPE, ISSUE_CODE, LAST_COUPON_DATE, MAS_APPLIED_AMOUNT, MATURITY_DATE, NEXT_COUPON_DATE, OPTIONAL_COUPON_DATE, OPTIONAL_MATURITY_DATE, OUTSTANDING_NOMINAL_AMOUNT, RE_OPENING_ALLOTMENT_DATE, RE_OPENING_AUCTION_DATE, RE_OPENING_MAS_APPLIED_AMOUNT, RE_OPENING_TOTAL_ALLOTMENT_AMOUNT, REDEMPTION_PRICE, TAXABLE, TENURE, TOTAL_ISSUED_AMOUNT, TOTAL_REDEEMED_AMOUNT, TRADABLE, UNIT_SIZE) values (?, ?, ?, ?, ?, ?, ?, ?, ?, ?, ?, ?, ?, ?, ?, ?, ?, ?, ?, ?, ?, ?, ?, ?, ?, ?, ?, ?, ?, ?, ?, ?, ?, ?, ?, ?, ?, ?, ?, ?, ?, ?, ?, ?)
2022-12-23 14:34:56.929 [main] INFO  scrips.datamigration.csv.service.SssSecuritiesFileDataService:205 - ISIN_CODE - MEPSUAT00016 -12
2022-12-23 14:34:56.930 [main] INFO  scrips.datamigration.csv.service.SssSecuritiesFileDataService:205 - DESCRIPTION - 10YR SBOND 2016 DUE220426 GX16501W -34
2022-12-23 14:34:56.930 [main] INFO  scrips.datamigration.csv.service.SssSecuritiesFileDataService:205 - ISIN_TYPE - SB -2
2022-12-23 14:34:56.931 [main] INFO  scrips.datamigration.csv.service.SssSecuritiesFileDataService:205 - ISSUE_CODE - GX16501W -8
2022-12-23 14:34:56.932 [main] INFO  scrips.datamigration.csv.service.SssSecuritiesFileDataService:205 - ISIN_STATUS - A -1
2022-12-23 14:34:56.932 [main] INFO  scrips.datamigration.csv.service.SssSecuritiesFileDataService:205 - TAXABLE - Y -1
2022-12-23 14:34:56.933 [main] INFO  scrips.datamigration.csv.service.SssSecuritiesFileDataService:205 - TRADABLE - N -1
2022-12-23 14:34:56.933 [main] INFO  scrips.datamigration.csv.service.SssSecuritiesFileDataService:205 - CREDIT_RATING - AAA -3
2022-12-23 14:34:56.934 [main] INFO  scrips.datamigration.csv.service.SssSecuritiesFileDataService:205 - ELIGIBLE_FOR_ILF - N -1
2022-12-23 14:34:56.935 [main] INFO  scrips.datamigration.csv.service.SssSecuritiesFileDataService:205 - ILF_HAIRCUT_SETTING - N -1
2022-12-23 14:34:56.935 [main] INFO  scrips.datamigration.csv.service.SssSecuritiesFileDataService:205 - HAIRCUT_PERCENTAGE_FOR_ILF - 00000000 -8
2022-12-23 14:34:56.936 [main] INFO  scrips.datamigration.csv.service.SssSecuritiesFileDataService:205 - MATURITY_DATE - 20260422 -8
2022-12-23 14:34:56.936 [main] INFO  scrips.datamigration.csv.service.SssSecuritiesFileDataService:205 - OPTIONAL_MATURITY_DATE -  -0
2022-12-23 14:34:56.937 [main] INFO  scrips.datamigration.csv.service.SssSecuritiesFileDataService:205 - AUCTION_DATE - 20160421 -8
2022-12-23 14:34:56.937 [main] INFO  scrips.datamigration.csv.service.SssSecuritiesFileDataService:205 - FIRST_ISSUANCE_DATE - 20160422 -8
2022-12-23 14:34:56.938 [main] INFO  scrips.datamigration.csv.service.SssSecuritiesFileDataService:205 - FIRST_ISSUANCE_AMOUNT - 000000000287500 -15
2022-12-23 14:34:56.938 [main] INFO  scrips.datamigration.csv.service.SssSecuritiesFileDataService:205 - RE_OPENING_AUCTION_DATE -  -0
2022-12-23 14:34:56.939 [main] INFO  scrips.datamigration.csv.service.SssSecuritiesFileDataService:205 - RE_OPENING_ALLOTMENT_DATE -  -0
2022-12-23 14:34:56.939 [main] INFO  scrips.datamigration.csv.service.SssSecuritiesFileDataService:205 - RE_OPENING_TOTAL_ALLOTMENT_AMOUNT - 000000000000000 -15
2022-12-23 14:34:56.943 [main] INFO  scrips.datamigration.csv.service.SssSecuritiesFileDataService:205 - TOTAL_ISSUED_AMOUNT - 000000000287500 -15
2022-12-23 14:34:56.943 [main] INFO  scrips.datamigration.csv.service.SssSecuritiesFileDataService:205 - OUTSTANDING_NOMINAL_AMOUNT - 000000000242500 -15
2022-12-23 14:34:56.944 [main] INFO  scrips.datamigration.csv.service.SssSecuritiesFileDataService:205 - AMOUNT_ALLOCATED_TO_MAS - 000000000000000 -15
2022-12-23 14:34:56.945 [main] INFO  scrips.datamigration.csv.service.SssSecuritiesFileDataService:205 - AMOUNT_ALLOCATED_TO_OTHERS - 000000000287500 -15
2022-12-23 14:34:56.946 [main] INFO  scrips.datamigration.csv.service.SssSecuritiesFileDataService:205 - MAS_APPLIED_AMOUNT - 000000000000000 -15
2022-12-23 14:34:56.948 [main] INFO  scrips.datamigration.csv.service.SssSecuritiesFileDataService:205 - UNIT_SIZE - 1000 -4
2022-12-23 14:34:56.949 [main] INFO  scrips.datamigration.csv.service.SssSecuritiesFileDataService:205 - DENOMINATION - 000000000000500 -15
2022-12-23 14:34:56.949 [main] INFO  scrips.datamigration.csv.service.SssSecuritiesFileDataService:205 - CURRENCY_CODE - SGD -3
2022-12-23 14:34:56.950 [main] INFO  scrips.datamigration.csv.service.SssSecuritiesFileDataService:205 - REDEMPTION_PRICE - 10000000 -8
2022-12-23 14:34:56.950 [main] INFO  scrips.datamigration.csv.service.SssSecuritiesFileDataService:205 - COUPON_RATE - 00700000 -8
2022-12-23 14:34:56.950 [main] INFO  scrips.datamigration.csv.service.SssSecuritiesFileDataService:205 - EX_DATE_PERIOD - 3 -1
2022-12-23 14:34:56.951 [main] INFO  scrips.datamigration.csv.service.SssSecuritiesFileDataService:205 - EX_DATE - 20230419 -8
2022-12-23 14:34:56.951 [main] INFO  scrips.datamigration.csv.service.SssSecuritiesFileDataService:205 - COUPON_PAYMENT_FREQUENCY - S -1
2022-12-23 14:34:56.951 [main] INFO  scrips.datamigration.csv.service.SssSecuritiesFileDataService:205 - LAST_COUPON_DATE - 20221022 -8
2022-12-23 14:34:56.952 [main] INFO  scrips.datamigration.csv.service.SssSecuritiesFileDataService:205 - NEXT_COUPON_DATE - 20230422 -8
2022-12-23 14:34:56.952 [main] INFO  scrips.datamigration.csv.service.SssSecuritiesFileDataService:205 - OPTIONAL_COUPON_DATE - 20161022 -8
2022-12-23 14:34:56.952 [main] INFO  scrips.datamigration.csv.service.SssSecuritiesFileDataService:205 - DAYS_OF_ACCRUED_INTEREST -  -0
2022-12-23 14:34:56.953 [main] INFO  scrips.datamigration.csv.service.SssSecuritiesFileDataService:205 - TENURE - 010 -3
2022-12-23 14:34:56.953 [main] INFO  scrips.datamigration.csv.service.SssSecuritiesFileDataService:205 - AVERAGE_YIELD - 00000000 -8
2022-12-23 14:34:56.953 [main] INFO  scrips.datamigration.csv.service.SssSecuritiesFileDataService:205 - CUTOFF_YIELD - 00000000 -8
2022-12-23 14:34:56.954 [main] INFO  scrips.datamigration.csv.service.SssSecuritiesFileDataService:205 - AVERAGE_YIELD_PRICE - 00000000 -8
2022-12-23 14:34:56.954 [main] INFO  scrips.datamigration.csv.service.SssSecuritiesFileDataService:205 - CUTOFF_YIELD_PRICE - 00000000 -8
2022-12-23 14:34:56.954 [main] INFO  scrips.datamigration.csv.service.SssSecuritiesFileDataService:205 - RE_OPENING_MAS_APPLIED_AMOUNT - 000000000000000 -15
2022-12-23 14:34:56.955 [main] INFO  scrips.datamigration.csv.service.SssSecuritiesFileDataService:205 - TOTAL_REDEEMED_AMOUNT - 000000000045000 -15
2022-12-23 14:34:56.955 [main] INFO  scrips.datamigration.csv.service.SssSecuritiesFileDataService:205 - ISIN_SUB_TYPE - NA -2
2022-12-23 14:34:56.976 [main] DEBUG org.hibernate.SQL:128 - insert into securities_file_data (ISIN_CODE, AMOUNT_ALLOCATED_TO_MAS, AMOUNT_ALLOCATED_TO_OTHERS, AUCTION_DATE, AVERAGE_YIELD, AVERAGE_YIELD_PRICE, COUPON_PAYMENT_FREQUENCY, COUPON_RATE, CREDIT_RATING, CURRENCY_CODE, CUTOFF_YIELD, CUTOFF_YIELD_PRICE, DAYS_OF_ACCRUED_INTEREST, DENOMINATION, DESCRIPTION, ELIGIBLE_FOR_ILF, EX_DATE, EX_DATE_PERIOD, FIRST_ISSUANCE_AMOUNT, FIRST_ISSUANCE_DATE, HAIRCUT_PERCENTAGE_FOR_ILF, ILF_HAIRCUT_SETTING, ISIN_STATUS, ISIN_SUB_TYPE, ISIN_TYPE, ISSUE_CODE, LAST_COUPON_DATE, MAS_APPLIED_AMOUNT, MATURITY_DATE, NEXT_COUPON_DATE, OPTIONAL_COUPON_DATE, OPTIONAL_MATURITY_DATE, OUTSTANDING_NOMINAL_AMOUNT, RE_OPENING_ALLOTMENT_DATE, RE_OPENING_AUCTION_DATE, RE_OPENING_MAS_APPLIED_AMOUNT, RE_OPENING_TOTAL_ALLOTMENT_AMOUNT, REDEMPTION_PRICE, TAXABLE, TENURE, TOTAL_ISSUED_AMOUNT, TOTAL_REDEEMED_AMOUNT, TRADABLE, UNIT_SIZE) values (?, ?, ?, ?, ?, ?, ?, ?, ?, ?, ?, ?, ?, ?, ?, ?, ?, ?, ?, ?, ?, ?, ?, ?, ?, ?, ?, ?, ?, ?, ?, ?, ?, ?, ?, ?, ?, ?, ?, ?, ?, ?, ?, ?)
2022-12-23 14:34:57.043 [main] INFO  scrips.datamigration.csv.service.SssSecuritiesFileDataService:205 - ISIN_CODE - MEPSUAT00024 -12
2022-12-23 14:34:57.043 [main] INFO  scrips.datamigration.csv.service.SssSecuritiesFileDataService:205 - DESCRIPTION - 10YR SBOND 2016 DUE250426 GX16502N -34
2022-12-23 14:34:57.044 [main] INFO  scrips.datamigration.csv.service.SssSecuritiesFileDataService:205 - ISIN_TYPE - SB -2
2022-12-23 14:34:57.044 [main] INFO  scrips.datamigration.csv.service.SssSecuritiesFileDataService:205 - ISSUE_CODE - GX16502N -8
2022-12-23 14:34:57.045 [main] INFO  scrips.datamigration.csv.service.SssSecuritiesFileDataService:205 - ISIN_STATUS - A -1
2022-12-23 14:34:57.046 [main] INFO  scrips.datamigration.csv.service.SssSecuritiesFileDataService:205 - TAXABLE - Y -1
2022-12-23 14:34:57.046 [main] INFO  scrips.datamigration.csv.service.SssSecuritiesFileDataService:205 - TRADABLE - N -1
2022-12-23 14:34:57.047 [main] INFO  scrips.datamigration.csv.service.SssSecuritiesFileDataService:205 - CREDIT_RATING - AAA -3
2022-12-23 14:34:57.047 [main] INFO  scrips.datamigration.csv.service.SssSecuritiesFileDataService:205 - ELIGIBLE_FOR_ILF - N -1
2022-12-23 14:34:57.048 [main] INFO  scrips.datamigration.csv.service.SssSecuritiesFileDataService:205 - ILF_HAIRCUT_SETTING - N -1
2022-12-23 14:34:57.048 [main] INFO  scrips.datamigration.csv.service.SssSecuritiesFileDataService:205 - HAIRCUT_PERCENTAGE_FOR_ILF - 00000000 -8
2022-12-23 14:34:57.048 [main] INFO  scrips.datamigration.csv.service.SssSecuritiesFileDataService:205 - MATURITY_DATE - 20260425 -8
2022-12-23 14:34:57.049 [main] INFO  scrips.datamigration.csv.service.SssSecuritiesFileDataService:205 - OPTIONAL_MATURITY_DATE -  -0
2022-12-23 14:34:57.049 [main] INFO  scrips.datamigration.csv.service.SssSecuritiesFileDataService:205 - AUCTION_DATE - 20160422 -8
2022-12-23 14:34:57.050 [main] INFO  scrips.datamigration.csv.service.SssSecuritiesFileDataService:205 - FIRST_ISSUANCE_DATE - 20160425 -8
2022-12-23 14:34:57.050 [main] INFO  scrips.datamigration.csv.service.SssSecuritiesFileDataService:205 - FIRST_ISSUANCE_AMOUNT - 000000000300000 -15
2022-12-23 14:34:57.051 [main] INFO  scrips.datamigration.csv.service.SssSecuritiesFileDataService:205 - RE_OPENING_AUCTION_DATE -  -0
2022-12-23 14:34:57.051 [main] INFO  scrips.datamigration.csv.service.SssSecuritiesFileDataService:205 - RE_OPENING_ALLOTMENT_DATE -  -0
2022-12-23 14:34:57.051 [main] INFO  scrips.datamigration.csv.service.SssSecuritiesFileDataService:205 - RE_OPENING_TOTAL_ALLOTMENT_AMOUNT - 000000000000000 -15
2022-12-23 14:34:57.052 [main] INFO  scrips.datamigration.csv.service.SssSecuritiesFileDataService:205 - TOTAL_ISSUED_AMOUNT - 000000000300000 -15
2022-12-23 14:34:57.052 [main] INFO  scrips.datamigration.csv.service.SssSecuritiesFileDataService:205 - OUTSTANDING_NOMINAL_AMOUNT - 000000000170000 -15
2022-12-23 14:34:57.052 [main] INFO  scrips.datamigration.csv.service.SssSecuritiesFileDataService:205 - AMOUNT_ALLOCATED_TO_MAS - 000000000000000 -15
2022-12-23 14:34:57.053 [main] INFO  scrips.datamigration.csv.service.SssSecuritiesFileDataService:205 - AMOUNT_ALLOCATED_TO_OTHERS - 000000000300000 -15
2022-12-23 14:34:57.053 [main] INFO  scrips.datamigration.csv.service.SssSecuritiesFileDataService:205 - MAS_APPLIED_AMOUNT - 000000000000000 -15
2022-12-23 14:34:57.054 [main] INFO  scrips.datamigration.csv.service.SssSecuritiesFileDataService:205 - UNIT_SIZE - 1000 -4
2022-12-23 14:34:57.054 [main] INFO  scrips.datamigration.csv.service.SssSecuritiesFileDataService:205 - DENOMINATION - 000000000000500 -15
2022-12-23 14:34:57.055 [main] INFO  scrips.datamigration.csv.service.SssSecuritiesFileDataService:205 - CURRENCY_CODE - SGD -3
2022-12-23 14:34:57.055 [main] INFO  scrips.datamigration.csv.service.SssSecuritiesFileDataService:205 - REDEMPTION_PRICE - 10000000 -8
2022-12-23 14:34:57.055 [main] INFO  scrips.datamigration.csv.service.SssSecuritiesFileDataService:205 - COUPON_RATE - 00293000 -8
2022-12-23 14:34:57.056 [main] INFO  scrips.datamigration.csv.service.SssSecuritiesFileDataService:205 - EX_DATE_PERIOD - 3 -1
2022-12-23 14:34:57.058 [main] INFO  scrips.datamigration.csv.service.SssSecuritiesFileDataService:205 - EX_DATE - 20230420 -8
2022-12-23 14:34:57.058 [main] INFO  scrips.datamigration.csv.service.SssSecuritiesFileDataService:205 - COUPON_PAYMENT_FREQUENCY - S -1
2022-12-23 14:34:57.059 [main] INFO  scrips.datamigration.csv.service.SssSecuritiesFileDataService:205 - LAST_COUPON_DATE - 20221025 -8
2022-12-23 14:34:57.060 [main] INFO  scrips.datamigration.csv.service.SssSecuritiesFileDataService:205 - NEXT_COUPON_DATE - 20230425 -8
2022-12-23 14:34:57.061 [main] INFO  scrips.datamigration.csv.service.SssSecuritiesFileDataService:205 - OPTIONAL_COUPON_DATE - 20161025 -8
2022-12-23 14:34:57.062 [main] INFO  scrips.datamigration.csv.service.SssSecuritiesFileDataService:205 - DAYS_OF_ACCRUED_INTEREST -  -0
2022-12-23 14:34:57.063 [main] INFO  scrips.datamigration.csv.service.SssSecuritiesFileDataService:205 - TENURE - 010 -3
2022-12-23 14:34:57.066 [main] INFO  scrips.datamigration.csv.service.SssSecuritiesFileDataService:205 - AVERAGE_YIELD - 00000000 -8
2022-12-23 14:34:57.067 [main] INFO  scrips.datamigration.csv.service.SssSecuritiesFileDataService:205 - CUTOFF_YIELD - 00000000 -8
2022-12-23 14:34:57.067 [main] INFO  scrips.datamigration.csv.service.SssSecuritiesFileDataService:205 - AVERAGE_YIELD_PRICE - 00000000 -8
2022-12-23 14:34:57.068 [main] INFO  scrips.datamigration.csv.service.SssSecuritiesFileDataService:205 - CUTOFF_YIELD_PRICE - 00000000 -8
2022-12-23 14:34:57.068 [main] INFO  scrips.datamigration.csv.service.SssSecuritiesFileDataService:205 - RE_OPENING_MAS_APPLIED_AMOUNT - 000000000000000 -15
2022-12-23 14:34:57.068 [main] INFO  scrips.datamigration.csv.service.SssSecuritiesFileDataService:205 - TOTAL_REDEEMED_AMOUNT - 000000000130000 -15
2022-12-23 14:34:57.069 [main] INFO  scrips.datamigration.csv.service.SssSecuritiesFileDataService:205 - ISIN_SUB_TYPE - NA -2
2022-12-23 14:34:57.090 [main] DEBUG org.hibernate.SQL:128 - insert into securities_file_data (ISIN_CODE, AMOUNT_ALLOCATED_TO_MAS, AMOUNT_ALLOCATED_TO_OTHERS, AUCTION_DATE, AVERAGE_YIELD, AVERAGE_YIELD_PRICE, COUPON_PAYMENT_FREQUENCY, COUPON_RATE, CREDIT_RATING, CURRENCY_CODE, CUTOFF_YIELD, CUTOFF_YIELD_PRICE, DAYS_OF_ACCRUED_INTEREST, DENOMINATION, DESCRIPTION, ELIGIBLE_FOR_ILF, EX_DATE, EX_DATE_PERIOD, FIRST_ISSUANCE_AMOUNT, FIRST_ISSUANCE_DATE, HAIRCUT_PERCENTAGE_FOR_ILF, ILF_HAIRCUT_SETTING, ISIN_STATUS, ISIN_SUB_TYPE, ISIN_TYPE, ISSUE_CODE, LAST_COUPON_DATE, MAS_APPLIED_AMOUNT, MATURITY_DATE, NEXT_COUPON_DATE, OPTIONAL_COUPON_DATE, OPTIONAL_MATURITY_DATE, OUTSTANDING_NOMINAL_AMOUNT, RE_OPENING_ALLOTMENT_DATE, RE_OPENING_AUCTION_DATE, RE_OPENING_MAS_APPLIED_AMOUNT, RE_OPENING_TOTAL_ALLOTMENT_AMOUNT, REDEMPTION_PRICE, TAXABLE, TENURE, TOTAL_ISSUED_AMOUNT, TOTAL_REDEEMED_AMOUNT, TRADABLE, UNIT_SIZE) values (?, ?, ?, ?, ?, ?, ?, ?, ?, ?, ?, ?, ?, ?, ?, ?, ?, ?, ?, ?, ?, ?, ?, ?, ?, ?, ?, ?, ?, ?, ?, ?, ?, ?, ?, ?, ?, ?, ?, ?, ?, ?, ?, ?)
2022-12-23 14:34:57.161 [main] INFO  scrips.datamigration.csv.service.SssSecuritiesFileDataService:205 - ISIN_CODE - MEPSUAT00032 -12
2022-12-23 14:34:57.162 [main] INFO  scrips.datamigration.csv.service.SssSecuritiesFileDataService:205 - DESCRIPTION - 10YR SBOND 2016 DUE 030526 GX16503V -35
2022-12-23 14:34:57.162 [main] INFO  scrips.datamigration.csv.service.SssSecuritiesFileDataService:205 - ISIN_TYPE - SB -2
2022-12-23 14:34:57.162 [main] INFO  scrips.datamigration.csv.service.SssSecuritiesFileDataService:205 - ISSUE_CODE - GX16503V -8
2022-12-23 14:34:57.162 [main] INFO  scrips.datamigration.csv.service.SssSecuritiesFileDataService:205 - ISIN_STATUS - A -1
2022-12-23 14:34:57.162 [main] INFO  scrips.datamigration.csv.service.SssSecuritiesFileDataService:205 - TAXABLE - Y -1
2022-12-23 14:34:57.163 [main] INFO  scrips.datamigration.csv.service.SssSecuritiesFileDataService:205 - TRADABLE - N -1
2022-12-23 14:34:57.165 [main] INFO  scrips.datamigration.csv.service.SssSecuritiesFileDataService:205 - CREDIT_RATING - AAA -3
2022-12-23 14:34:57.165 [main] INFO  scrips.datamigration.csv.service.SssSecuritiesFileDataService:205 - ELIGIBLE_FOR_ILF - N -1
2022-12-23 14:34:57.165 [main] INFO  scrips.datamigration.csv.service.SssSecuritiesFileDataService:205 - ILF_HAIRCUT_SETTING - N -1
2022-12-23 14:34:57.165 [main] INFO  scrips.datamigration.csv.service.SssSecuritiesFileDataService:205 - HAIRCUT_PERCENTAGE_FOR_ILF - 00000000 -8
2022-12-23 14:34:57.165 [main] INFO  scrips.datamigration.csv.service.SssSecuritiesFileDataService:205 - MATURITY_DATE - 20260503 -8
2022-12-23 14:34:57.166 [main] INFO  scrips.datamigration.csv.service.SssSecuritiesFileDataService:205 - OPTIONAL_MATURITY_DATE -  -0
2022-12-23 14:34:57.166 [main] INFO  scrips.datamigration.csv.service.SssSecuritiesFileDataService:205 - AUCTION_DATE - 20160429 -8
2022-12-23 14:34:57.166 [main] INFO  scrips.datamigration.csv.service.SssSecuritiesFileDataService:205 - FIRST_ISSUANCE_DATE - 20160503 -8
2022-12-23 14:34:57.166 [main] INFO  scrips.datamigration.csv.service.SssSecuritiesFileDataService:205 - FIRST_ISSUANCE_AMOUNT - 000000000137500 -15
2022-12-23 14:34:57.166 [main] INFO  scrips.datamigration.csv.service.SssSecuritiesFileDataService:205 - RE_OPENING_AUCTION_DATE -  -0
2022-12-23 14:34:57.166 [main] INFO  scrips.datamigration.csv.service.SssSecuritiesFileDataService:205 - RE_OPENING_ALLOTMENT_DATE -  -0
2022-12-23 14:34:57.167 [main] INFO  scrips.datamigration.csv.service.SssSecuritiesFileDataService:205 - RE_OPENING_TOTAL_ALLOTMENT_AMOUNT - 000000000000000 -15
2022-12-23 14:34:57.167 [main] INFO  scrips.datamigration.csv.service.SssSecuritiesFileDataService:205 - TOTAL_ISSUED_AMOUNT - 000000000137500 -15
2022-12-23 14:34:57.167 [main] INFO  scrips.datamigration.csv.service.SssSecuritiesFileDataService:205 - OUTSTANDING_NOMINAL_AMOUNT - 000000000017500 -15
2022-12-23 14:34:57.167 [main] INFO  scrips.datamigration.csv.service.SssSecuritiesFileDataService:205 - AMOUNT_ALLOCATED_TO_MAS - 000000000000000 -15
2022-12-23 14:34:57.167 [main] INFO  scrips.datamigration.csv.service.SssSecuritiesFileDataService:205 - AMOUNT_ALLOCATED_TO_OTHERS - 000000000137500 -15
2022-12-23 14:34:57.167 [main] INFO  scrips.datamigration.csv.service.SssSecuritiesFileDataService:205 - MAS_APPLIED_AMOUNT - 000000000000000 -15
2022-12-23 14:34:57.168 [main] INFO  scrips.datamigration.csv.service.SssSecuritiesFileDataService:205 - UNIT_SIZE - 1000 -4
2022-12-23 14:34:57.168 [main] INFO  scrips.datamigration.csv.service.SssSecuritiesFileDataService:205 - DENOMINATION - 000000000000500 -15
2022-12-23 14:34:57.168 [main] INFO  scrips.datamigration.csv.service.SssSecuritiesFileDataService:205 - CURRENCY_CODE - SGD -3
2022-12-23 14:34:57.168 [main] INFO  scrips.datamigration.csv.service.SssSecuritiesFileDataService:205 - REDEMPTION_PRICE - 10000000 -8
2022-12-23 14:34:57.168 [main] INFO  scrips.datamigration.csv.service.SssSecuritiesFileDataService:205 - COUPON_RATE - 00354000 -8
2022-12-23 14:34:57.168 [main] INFO  scrips.datamigration.csv.service.SssSecuritiesFileDataService:205 - EX_DATE_PERIOD - 3 -1
2022-12-23 14:34:57.169 [main] INFO  scrips.datamigration.csv.service.SssSecuritiesFileDataService:205 - EX_DATE - 20230428 -8
2022-12-23 14:34:57.169 [main] INFO  scrips.datamigration.csv.service.SssSecuritiesFileDataService:205 - COUPON_PAYMENT_FREQUENCY - S -1
2022-12-23 14:34:57.169 [main] INFO  scrips.datamigration.csv.service.SssSecuritiesFileDataService:205 - LAST_COUPON_DATE - 20221103 -8
2022-12-23 14:34:57.169 [main] INFO  scrips.datamigration.csv.service.SssSecuritiesFileDataService:205 - NEXT_COUPON_DATE - 20230503 -8
2022-12-23 14:34:57.169 [main] INFO  scrips.datamigration.csv.service.SssSecuritiesFileDataService:205 - OPTIONAL_COUPON_DATE - 20161103 -8
2022-12-23 14:34:57.171 [main] INFO  scrips.datamigration.csv.service.SssSecuritiesFileDataService:205 - DAYS_OF_ACCRUED_INTEREST -  -0
2022-12-23 14:34:57.171 [main] INFO  scrips.datamigration.csv.service.SssSecuritiesFileDataService:205 - TENURE - 010 -3
2022-12-23 14:34:57.171 [main] INFO  scrips.datamigration.csv.service.SssSecuritiesFileDataService:205 - AVERAGE_YIELD - 00000000 -8
2022-12-23 14:34:57.172 [main] INFO  scrips.datamigration.csv.service.SssSecuritiesFileDataService:205 - CUTOFF_YIELD - 00000000 -8
2022-12-23 14:34:57.172 [main] INFO  scrips.datamigration.csv.service.SssSecuritiesFileDataService:205 - AVERAGE_YIELD_PRICE - 00000000 -8
2022-12-23 14:34:57.172 [main] INFO  scrips.datamigration.csv.service.SssSecuritiesFileDataService:205 - CUTOFF_YIELD_PRICE - 00000000 -8
2022-12-23 14:34:57.172 [main] INFO  scrips.datamigration.csv.service.SssSecuritiesFileDataService:205 - RE_OPENING_MAS_APPLIED_AMOUNT - 000000000000000 -15
2022-12-23 14:34:57.172 [main] INFO  scrips.datamigration.csv.service.SssSecuritiesFileDataService:205 - TOTAL_REDEEMED_AMOUNT - 000000000120000 -15
2022-12-23 14:34:57.172 [main] INFO  scrips.datamigration.csv.service.SssSecuritiesFileDataService:205 - ISIN_SUB_TYPE - NA -2
2022-12-23 14:34:57.194 [main] DEBUG org.hibernate.SQL:128 - insert into securities_file_data (ISIN_CODE, AMOUNT_ALLOCATED_TO_MAS, AMOUNT_ALLOCATED_TO_OTHERS, AUCTION_DATE, AVERAGE_YIELD, AVERAGE_YIELD_PRICE, COUPON_PAYMENT_FREQUENCY, COUPON_RATE, CREDIT_RATING, CURRENCY_CODE, CUTOFF_YIELD, CUTOFF_YIELD_PRICE, DAYS_OF_ACCRUED_INTEREST, DENOMINATION, DESCRIPTION, ELIGIBLE_FOR_ILF, EX_DATE, EX_DATE_PERIOD, FIRST_ISSUANCE_AMOUNT, FIRST_ISSUANCE_DATE, HAIRCUT_PERCENTAGE_FOR_ILF, ILF_HAIRCUT_SETTING, ISIN_STATUS, ISIN_SUB_TYPE, ISIN_TYPE, ISSUE_CODE, LAST_COUPON_DATE, MAS_APPLIED_AMOUNT, MATURITY_DATE, NEXT_COUPON_DATE, OPTIONAL_COUPON_DATE, OPTIONAL_MATURITY_DATE, OUTSTANDING_NOMINAL_AMOUNT, RE_OPENING_ALLOTMENT_DATE, RE_OPENING_AUCTION_DATE, RE_OPENING_MAS_APPLIED_AMOUNT, RE_OPENING_TOTAL_ALLOTMENT_AMOUNT, REDEMPTION_PRICE, TAXABLE, TENURE, TOTAL_ISSUED_AMOUNT, TOTAL_REDEEMED_AMOUNT, TRADABLE, UNIT_SIZE) values (?, ?, ?, ?, ?, ?, ?, ?, ?, ?, ?, ?, ?, ?, ?, ?, ?, ?, ?, ?, ?, ?, ?, ?, ?, ?, ?, ?, ?, ?, ?, ?, ?, ?, ?, ?, ?, ?, ?, ?, ?, ?, ?, ?)
2022-12-23 14:34:57.273 [main] INFO  scrips.datamigration.csv.service.SssSecuritiesFileDataService:205 - ISIN_CODE - NPTESTSCREEN -12
2022-12-23 14:34:57.273 [main] INFO  scrips.datamigration.csv.service.SssSecuritiesFileDataService:205 - DESCRIPTION - 10YR BOND 2016 DUE 260531 NY15046C -34
2022-12-23 14:34:57.273 [main] INFO  scrips.datamigration.csv.service.SssSecuritiesFileDataService:205 - ISIN_TYPE - BN -2
2022-12-23 14:34:57.274 [main] INFO  scrips.datamigration.csv.service.SssSecuritiesFileDataService:205 - ISSUE_CODE - NY15046C -8
2022-12-23 14:34:57.274 [main] INFO  scrips.datamigration.csv.service.SssSecuritiesFileDataService:205 - ISIN_STATUS - N -1
2022-12-23 14:34:57.274 [main] INFO  scrips.datamigration.csv.service.SssSecuritiesFileDataService:205 - TAXABLE - Y -1
2022-12-23 14:34:57.274 [main] INFO  scrips.datamigration.csv.service.SssSecuritiesFileDataService:205 - TRADABLE - Y -1
2022-12-23 14:34:57.274 [main] INFO  scrips.datamigration.csv.service.SssSecuritiesFileDataService:205 - CREDIT_RATING - AAA -3
2022-12-23 14:34:57.274 [main] INFO  scrips.datamigration.csv.service.SssSecuritiesFileDataService:205 - ELIGIBLE_FOR_ILF - Y -1
2022-12-23 14:34:57.274 [main] INFO  scrips.datamigration.csv.service.SssSecuritiesFileDataService:205 - ILF_HAIRCUT_SETTING - A -1
2022-12-23 14:34:57.274 [main] INFO  scrips.datamigration.csv.service.SssSecuritiesFileDataService:205 - HAIRCUT_PERCENTAGE_FOR_ILF - 00100000 -8
2022-12-23 14:34:57.274 [main] INFO  scrips.datamigration.csv.service.SssSecuritiesFileDataService:205 - MATURITY_DATE - 20260531 -8
2022-12-23 14:34:57.274 [main] INFO  scrips.datamigration.csv.service.SssSecuritiesFileDataService:205 - OPTIONAL_MATURITY_DATE -  -0
2022-12-23 14:34:57.275 [main] INFO  scrips.datamigration.csv.service.SssSecuritiesFileDataService:205 - AUCTION_DATE - 20160528 -8
2022-12-23 14:34:57.275 [main] INFO  scrips.datamigration.csv.service.SssSecuritiesFileDataService:205 - FIRST_ISSUANCE_DATE - 20160531 -8
2022-12-23 14:34:57.275 [main] INFO  scrips.datamigration.csv.service.SssSecuritiesFileDataService:205 - FIRST_ISSUANCE_AMOUNT - 000000000001000 -15
2022-12-23 14:34:57.275 [main] INFO  scrips.datamigration.csv.service.SssSecuritiesFileDataService:205 - RE_OPENING_AUCTION_DATE -  -0
2022-12-23 14:34:57.275 [main] INFO  scrips.datamigration.csv.service.SssSecuritiesFileDataService:205 - RE_OPENING_ALLOTMENT_DATE -  -0
2022-12-23 14:34:57.275 [main] INFO  scrips.datamigration.csv.service.SssSecuritiesFileDataService:205 - RE_OPENING_TOTAL_ALLOTMENT_AMOUNT - 000000000000000 -15
2022-12-23 14:34:57.275 [main] INFO  scrips.datamigration.csv.service.SssSecuritiesFileDataService:205 - TOTAL_ISSUED_AMOUNT - 000000000000000 -15
2022-12-23 14:34:57.275 [main] INFO  scrips.datamigration.csv.service.SssSecuritiesFileDataService:205 - OUTSTANDING_NOMINAL_AMOUNT - 000000000000000 -15
2022-12-23 14:34:57.275 [main] INFO  scrips.datamigration.csv.service.SssSecuritiesFileDataService:205 - AMOUNT_ALLOCATED_TO_MAS - 000000000000000 -15
2022-12-23 14:34:57.276 [main] INFO  scrips.datamigration.csv.service.SssSecuritiesFileDataService:205 - AMOUNT_ALLOCATED_TO_OTHERS - 000000000000000 -15
2022-12-23 14:34:57.276 [main] INFO  scrips.datamigration.csv.service.SssSecuritiesFileDataService:205 - MAS_APPLIED_AMOUNT - 000000000000000 -15
2022-12-23 14:34:57.276 [main] INFO  scrips.datamigration.csv.service.SssSecuritiesFileDataService:205 - UNIT_SIZE - 1000 -4
2022-12-23 14:34:57.276 [main] INFO  scrips.datamigration.csv.service.SssSecuritiesFileDataService:205 - DENOMINATION - 000000000001000 -15
2022-12-23 14:34:57.276 [main] INFO  scrips.datamigration.csv.service.SssSecuritiesFileDataService:205 - CURRENCY_CODE - SGD -3
2022-12-23 14:34:57.276 [main] INFO  scrips.datamigration.csv.service.SssSecuritiesFileDataService:205 - REDEMPTION_PRICE - 10000000 -8
2022-12-23 14:34:57.276 [main] INFO  scrips.datamigration.csv.service.SssSecuritiesFileDataService:205 - COUPON_RATE - 00000000 -8
2022-12-23 14:34:57.276 [main] INFO  scrips.datamigration.csv.service.SssSecuritiesFileDataService:205 - EX_DATE_PERIOD - 3 -1
2022-12-23 14:34:57.277 [main] INFO  scrips.datamigration.csv.service.SssSecuritiesFileDataService:205 - EX_DATE - 20161025 -8
2022-12-23 14:34:57.277 [main] INFO  scrips.datamigration.csv.service.SssSecuritiesFileDataService:205 - COUPON_PAYMENT_FREQUENCY - S -1
2022-12-23 14:34:57.277 [main] INFO  scrips.datamigration.csv.service.SssSecuritiesFileDataService:205 - LAST_COUPON_DATE -  -0
2022-12-23 14:34:57.277 [main] INFO  scrips.datamigration.csv.service.SssSecuritiesFileDataService:205 - NEXT_COUPON_DATE -  -0
2022-12-23 14:34:57.277 [main] INFO  scrips.datamigration.csv.service.SssSecuritiesFileDataService:205 - OPTIONAL_COUPON_DATE - 20161028 -8
2022-12-23 14:34:57.278 [main] INFO  scrips.datamigration.csv.service.SssSecuritiesFileDataService:205 - DAYS_OF_ACCRUED_INTEREST - 150 -3
2022-12-23 14:34:57.278 [main] INFO  scrips.datamigration.csv.service.SssSecuritiesFileDataService:205 - TENURE - 010 -3
2022-12-23 14:34:57.278 [main] INFO  scrips.datamigration.csv.service.SssSecuritiesFileDataService:205 - AVERAGE_YIELD - 00000000 -8
2022-12-23 14:34:57.278 [main] INFO  scrips.datamigration.csv.service.SssSecuritiesFileDataService:205 - CUTOFF_YIELD - 00000000 -8
2022-12-23 14:34:57.278 [main] INFO  scrips.datamigration.csv.service.SssSecuritiesFileDataService:205 - AVERAGE_YIELD_PRICE - 00000000 -8
2022-12-23 14:34:57.278 [main] INFO  scrips.datamigration.csv.service.SssSecuritiesFileDataService:205 - CUTOFF_YIELD_PRICE - 00000000 -8
2022-12-23 14:34:57.278 [main] INFO  scrips.datamigration.csv.service.SssSecuritiesFileDataService:205 - RE_OPENING_MAS_APPLIED_AMOUNT - 000000000000000 -15
2022-12-23 14:34:57.278 [main] INFO  scrips.datamigration.csv.service.SssSecuritiesFileDataService:205 - TOTAL_REDEEMED_AMOUNT - 000000000000000 -15
2022-12-23 14:34:57.278 [main] INFO  scrips.datamigration.csv.service.SssSecuritiesFileDataService:205 - ISIN_SUB_TYPE - NA -2
2022-12-23 14:34:57.304 [main] DEBUG org.hibernate.SQL:128 - insert into securities_file_data (ISIN_CODE, AMOUNT_ALLOCATED_TO_MAS, AMOUNT_ALLOCATED_TO_OTHERS, AUCTION_DATE, AVERAGE_YIELD, AVERAGE_YIELD_PRICE, COUPON_PAYMENT_FREQUENCY, COUPON_RATE, CREDIT_RATING, CURRENCY_CODE, CUTOFF_YIELD, CUTOFF_YIELD_PRICE, DAYS_OF_ACCRUED_INTEREST, DENOMINATION, DESCRIPTION, ELIGIBLE_FOR_ILF, EX_DATE, EX_DATE_PERIOD, FIRST_ISSUANCE_AMOUNT, FIRST_ISSUANCE_DATE, HAIRCUT_PERCENTAGE_FOR_ILF, ILF_HAIRCUT_SETTING, ISIN_STATUS, ISIN_SUB_TYPE, ISIN_TYPE, ISSUE_CODE, LAST_COUPON_DATE, MAS_APPLIED_AMOUNT, MATURITY_DATE, NEXT_COUPON_DATE, OPTIONAL_COUPON_DATE, OPTIONAL_MATURITY_DATE, OUTSTANDING_NOMINAL_AMOUNT, RE_OPENING_ALLOTMENT_DATE, RE_OPENING_AUCTION_DATE, RE_OPENING_MAS_APPLIED_AMOUNT, RE_OPENING_TOTAL_ALLOTMENT_AMOUNT, REDEMPTION_PRICE, TAXABLE, TENURE, TOTAL_ISSUED_AMOUNT, TOTAL_REDEEMED_AMOUNT, TRADABLE, UNIT_SIZE) values (?, ?, ?, ?, ?, ?, ?, ?, ?, ?, ?, ?, ?, ?, ?, ?, ?, ?, ?, ?, ?, ?, ?, ?, ?, ?, ?, ?, ?, ?, ?, ?, ?, ?, ?, ?, ?, ?, ?, ?, ?, ?, ?, ?)
2022-12-23 14:34:57.395 [main] INFO  scrips.datamigration.csv.service.SssSecuritiesFileDataService:205 - ISIN_CODE - NSBONDMAY002 -12
2022-12-23 14:34:57.395 [main] INFO  scrips.datamigration.csv.service.SssSecuritiesFileDataService:205 - DESCRIPTION - NS BOND 3YR 2021 - 2024 NS21002A -32
2022-12-23 14:34:57.395 [main] INFO  scrips.datamigration.csv.service.SssSecuritiesFileDataService:205 - ISIN_TYPE - BN -2
2022-12-23 14:34:57.396 [main] INFO  scrips.datamigration.csv.service.SssSecuritiesFileDataService:205 - ISSUE_CODE - NS21002A -8
2022-12-23 14:34:57.396 [main] INFO  scrips.datamigration.csv.service.SssSecuritiesFileDataService:205 - ISIN_STATUS - A -1
2022-12-23 14:34:57.396 [main] INFO  scrips.datamigration.csv.service.SssSecuritiesFileDataService:205 - TAXABLE - Y -1
2022-12-23 14:34:57.396 [main] INFO  scrips.datamigration.csv.service.SssSecuritiesFileDataService:205 - TRADABLE - Y -1
2022-12-23 14:34:57.396 [main] INFO  scrips.datamigration.csv.service.SssSecuritiesFileDataService:205 - CREDIT_RATING - AAA -3
2022-12-23 14:34:57.396 [main] INFO  scrips.datamigration.csv.service.SssSecuritiesFileDataService:205 - ELIGIBLE_FOR_ILF - Y -1
2022-12-23 14:34:57.396 [main] INFO  scrips.datamigration.csv.service.SssSecuritiesFileDataService:205 - ILF_HAIRCUT_SETTING - A -1
2022-12-23 14:34:57.396 [main] INFO  scrips.datamigration.csv.service.SssSecuritiesFileDataService:205 - HAIRCUT_PERCENTAGE_FOR_ILF - 00100000 -8
2022-12-23 14:34:57.396 [main] INFO  scrips.datamigration.csv.service.SssSecuritiesFileDataService:205 - MATURITY_DATE - 20240531 -8
2022-12-23 14:34:57.396 [main] INFO  scrips.datamigration.csv.service.SssSecuritiesFileDataService:205 - OPTIONAL_MATURITY_DATE -  -0
2022-12-23 14:34:57.396 [main] INFO  scrips.datamigration.csv.service.SssSecuritiesFileDataService:205 - AUCTION_DATE - 20210505 -8
2022-12-23 14:34:57.396 [main] INFO  scrips.datamigration.csv.service.SssSecuritiesFileDataService:205 - FIRST_ISSUANCE_DATE - 20210506 -8
2022-12-23 14:34:57.396 [main] INFO  scrips.datamigration.csv.service.SssSecuritiesFileDataService:205 - FIRST_ISSUANCE_AMOUNT - 000000000100000 -15
2022-12-23 14:34:57.396 [main] INFO  scrips.datamigration.csv.service.SssSecuritiesFileDataService:205 - RE_OPENING_AUCTION_DATE - 20210514 -8
2022-12-23 14:34:57.397 [main] INFO  scrips.datamigration.csv.service.SssSecuritiesFileDataService:205 - RE_OPENING_ALLOTMENT_DATE - 20210517 -8
2022-12-23 14:34:57.397 [main] INFO  scrips.datamigration.csv.service.SssSecuritiesFileDataService:205 - RE_OPENING_TOTAL_ALLOTMENT_AMOUNT - 000000000500000 -15
2022-12-23 14:34:57.397 [main] INFO  scrips.datamigration.csv.service.SssSecuritiesFileDataService:205 - TOTAL_ISSUED_AMOUNT - 000000000100000 -15
2022-12-23 14:34:57.397 [main] INFO  scrips.datamigration.csv.service.SssSecuritiesFileDataService:205 - OUTSTANDING_NOMINAL_AMOUNT - 000000000100000 -15
2022-12-23 14:34:57.397 [main] INFO  scrips.datamigration.csv.service.SssSecuritiesFileDataService:205 - AMOUNT_ALLOCATED_TO_MAS - 000000000000000 -15
2022-12-23 14:34:57.397 [main] INFO  scrips.datamigration.csv.service.SssSecuritiesFileDataService:205 - AMOUNT_ALLOCATED_TO_OTHERS - 000000000100000 -15
2022-12-23 14:34:57.397 [main] INFO  scrips.datamigration.csv.service.SssSecuritiesFileDataService:205 - MAS_APPLIED_AMOUNT - 000000000010000 -15
2022-12-23 14:34:57.397 [main] INFO  scrips.datamigration.csv.service.SssSecuritiesFileDataService:205 - UNIT_SIZE - 1000 -4
2022-12-23 14:34:57.397 [main] INFO  scrips.datamigration.csv.service.SssSecuritiesFileDataService:205 - DENOMINATION - 000000000001000 -15
2022-12-23 14:34:57.397 [main] INFO  scrips.datamigration.csv.service.SssSecuritiesFileDataService:205 - CURRENCY_CODE - SGD -3
2022-12-23 14:34:57.398 [main] INFO  scrips.datamigration.csv.service.SssSecuritiesFileDataService:205 - REDEMPTION_PRICE - 10000000 -8
2022-12-23 14:34:57.398 [main] INFO  scrips.datamigration.csv.service.SssSecuritiesFileDataService:205 - COUPON_RATE - 00215000 -8
2022-12-23 14:34:57.398 [main] INFO  scrips.datamigration.csv.service.SssSecuritiesFileDataService:205 - EX_DATE_PERIOD - 3 -1
2022-12-23 14:34:57.398 [main] INFO  scrips.datamigration.csv.service.SssSecuritiesFileDataService:205 - EX_DATE - 20230525 -8
2022-12-23 14:34:57.398 [main] INFO  scrips.datamigration.csv.service.SssSecuritiesFileDataService:205 - COUPON_PAYMENT_FREQUENCY - S -1
2022-12-23 14:34:57.398 [main] INFO  scrips.datamigration.csv.service.SssSecuritiesFileDataService:205 - LAST_COUPON_DATE - 20221130 -8
2022-12-23 14:34:57.398 [main] INFO  scrips.datamigration.csv.service.SssSecuritiesFileDataService:205 - NEXT_COUPON_DATE - 20230530 -8
2022-12-23 14:34:57.398 [main] INFO  scrips.datamigration.csv.service.SssSecuritiesFileDataService:205 - OPTIONAL_COUPON_DATE - 20210531 -8
2022-12-23 14:34:57.398 [main] INFO  scrips.datamigration.csv.service.SssSecuritiesFileDataService:205 - DAYS_OF_ACCRUED_INTEREST - 181 -3
2022-12-23 14:34:57.398 [main] INFO  scrips.datamigration.csv.service.SssSecuritiesFileDataService:205 - TENURE - 005 -3
2022-12-23 14:34:57.399 [main] INFO  scrips.datamigration.csv.service.SssSecuritiesFileDataService:205 - AVERAGE_YIELD - 00000000 -8
2022-12-23 14:34:57.399 [main] INFO  scrips.datamigration.csv.service.SssSecuritiesFileDataService:205 - CUTOFF_YIELD - 00000000 -8
2022-12-23 14:34:57.399 [main] INFO  scrips.datamigration.csv.service.SssSecuritiesFileDataService:205 - AVERAGE_YIELD_PRICE - 00000000 -8
2022-12-23 14:34:57.399 [main] INFO  scrips.datamigration.csv.service.SssSecuritiesFileDataService:205 - CUTOFF_YIELD_PRICE - 00000000 -8
2022-12-23 14:34:57.399 [main] INFO  scrips.datamigration.csv.service.SssSecuritiesFileDataService:205 - RE_OPENING_MAS_APPLIED_AMOUNT - 000000000250000 -15
2022-12-23 14:34:57.399 [main] INFO  scrips.datamigration.csv.service.SssSecuritiesFileDataService:205 - TOTAL_REDEEMED_AMOUNT - 000000000000000 -15
2022-12-23 14:34:57.399 [main] INFO  scrips.datamigration.csv.service.SssSecuritiesFileDataService:205 - ISIN_SUB_TYPE - NA -2
2022-12-23 14:34:57.420 [main] DEBUG org.hibernate.SQL:128 - insert into securities_file_data (ISIN_CODE, AMOUNT_ALLOCATED_TO_MAS, AMOUNT_ALLOCATED_TO_OTHERS, AUCTION_DATE, AVERAGE_YIELD, AVERAGE_YIELD_PRICE, COUPON_PAYMENT_FREQUENCY, COUPON_RATE, CREDIT_RATING, CURRENCY_CODE, CUTOFF_YIELD, CUTOFF_YIELD_PRICE, DAYS_OF_ACCRUED_INTEREST, DENOMINATION, DESCRIPTION, ELIGIBLE_FOR_ILF, EX_DATE, EX_DATE_PERIOD, FIRST_ISSUANCE_AMOUNT, FIRST_ISSUANCE_DATE, HAIRCUT_PERCENTAGE_FOR_ILF, ILF_HAIRCUT_SETTING, ISIN_STATUS, ISIN_SUB_TYPE, ISIN_TYPE, ISSUE_CODE, LAST_COUPON_DATE, MAS_APPLIED_AMOUNT, MATURITY_DATE, NEXT_COUPON_DATE, OPTIONAL_COUPON_DATE, OPTIONAL_MATURITY_DATE, OUTSTANDING_NOMINAL_AMOUNT, RE_OPENING_ALLOTMENT_DATE, RE_OPENING_AUCTION_DATE, RE_OPENING_MAS_APPLIED_AMOUNT, RE_OPENING_TOTAL_ALLOTMENT_AMOUNT, REDEMPTION_PRICE, TAXABLE, TENURE, TOTAL_ISSUED_AMOUNT, TOTAL_REDEEMED_AMOUNT, TRADABLE, UNIT_SIZE) values (?, ?, ?, ?, ?, ?, ?, ?, ?, ?, ?, ?, ?, ?, ?, ?, ?, ?, ?, ?, ?, ?, ?, ?, ?, ?, ?, ?, ?, ?, ?, ?, ?, ?, ?, ?, ?, ?, ?, ?, ?, ?, ?, ?)
2022-12-23 14:34:57.488 [main] INFO  scrips.datamigration.csv.service.SssSecuritiesFileDataService:258 - Total records in File: {}9
2022-12-23 14:34:57.488 [main] INFO  scrips.datamigration.controller.ScripsFileUploadController:177 - fileRecords - AUTOSFNEWP99|20221201|10000000|AUTOSFNP
2022-12-23 14:34:57.489 [main] INFO  scrips.datamigration.controller.ScripsFileUploadController:177 - fileRecords - BCSISMBIL001||10000000|BN2005M
2022-12-23 14:34:57.489 [main] INFO  scrips.datamigration.controller.ScripsFileUploadController:177 - fileRecords - BCSISTEST012||10000000|N999012M
2022-12-23 14:34:57.489 [main] INFO  scrips.datamigration.controller.ScripsFileUploadController:177 - fileRecords - MEPSUAT00016|20221022|10000000|GX16501W
2022-12-23 14:34:57.489 [main] INFO  scrips.datamigration.controller.ScripsFileUploadController:177 - fileRecords - MEPSUAT00024|20221025|10000000|GX16502N
2022-12-23 14:34:57.489 [main] INFO  scrips.datamigration.controller.ScripsFileUploadController:177 - fileRecords - MEPSUAT00032|20221103|10000000|GX16503V
2022-12-23 14:34:57.490 [main] INFO  scrips.datamigration.controller.ScripsFileUploadController:177 - fileRecords - NPTESTSCREEN||10000000|NY15046C
2022-12-23 14:34:57.490 [main] INFO  scrips.datamigration.controller.ScripsFileUploadController:177 - fileRecords - NSBONDMAY002|20221130|10000000|NS21002A
2022-12-23 14:34:57.491 [main] INFO  scrips.datamigration.controller.ScripsFileUploadController:179 - 1:securities_code
2022-12-23 14:34:57.491 [main] INFO  scrips.datamigration.controller.ScripsFileUploadController:179 - 2:pricing_date
2022-12-23 14:34:57.491 [main] INFO  scrips.datamigration.controller.ScripsFileUploadController:179 - 3:price
2022-12-23 14:34:57.491 [main] INFO  scrips.datamigration.controller.ScripsFileUploadController:179 - 4:issue_code
2022-12-23 14:35:14.450 [main] INFO  scrips.datamigration.rtgs.service.AccountPositionService:130 - Total records in File: {}8
2022-12-23 14:35:14.617 [main] DEBUG org.hibernate.SQL:128 - select jpauser0_.id as id1_64_, jpauser0_.access_level as access_l2_64_, jpauser0_.action as action3_64_, jpauser0_.approval_remark as approval4_64_, jpauser0_.approved_by as approved5_64_, jpauser0_.approved_date as approved6_64_, jpauser0_.created_date as created_7_64_, jpauser0_.currency_code as currency8_64_, jpauser0_.effective_date as effectiv9_64_, jpauser0_.email as email10_64_, jpauser0_.first_activation_date as first_a11_64_, jpauser0_.last_login_datetime as last_lo12_64_, jpauser0_.login_attempts as login_a13_64_, jpauser0_.member_id as member_14_64_, jpauser0_.modified_by as modifie15_64_, jpauser0_.modified_date as modifie16_64_, jpauser0_.name as name17_64_, jpauser0_.password as passwor18_64_, jpauser0_.password_expiry_date as passwor19_64_, jpauser0_.phone_no as phone_n20_64_, jpauser0_.status as status21_64_, jpauser0_.swift_net_id as swift_n22_64_, jpauser0_.user_id as user_id23_64_, jpauser0_.user_status as user_st24_64_, jpauser0_.workflow_status_id as workflo25_64_ from user jpauser0_ where jpauser0_.name=?
2022-12-23 14:35:14.761 [main] DEBUG org.hibernate.SQL:128 - insert into securities_price_source (action, approval_remark, approved_by, approved_date, created_date, description, effective_date, id, issue_code, modified_by, modified_date, price, pricing_date, pricing_type, remarks, securities_code, status, workflow_status_id) values (?, ?, ?, ?, ?, ?, ?, ?, ?, ?, ?, ?, ?, ?, ?, ?, ?, ?)
2022-12-23 14:35:14.836 [main] DEBUG org.hibernate.SQL:128 - select jpassssecu0_.securities_code as securiti1_41_, jpassssecu0_.action as action2_41_, jpassssecu0_.approval_remark as approval3_41_, jpassssecu0_.approved_by as approved4_41_, jpassssecu0_.approved_date as approved5_41_, jpassssecu0_.average_yield as average_6_41_, jpassssecu0_.benchmark_indicator as benchmar7_41_, jpassssecu0_.central_bank_applied_amount as central_8_41_, jpassssecu0_.coupon_payment_frequency as coupon_p9_41_, jpassssecu0_.coupon_rate as coupon_10_41_, jpassssecu0_.coupon_structure as coupon_11_41_, jpassssecu0_.created_date as created12_41_, jpassssecu0_.currency_code as currenc13_41_, jpassssecu0_.day_count_convention as day_cou14_41_, jpassssecu0_.denomination as denomin15_41_, jpassssecu0_.description as descrip16_41_, jpassssecu0_.effective_date as effecti17_41_, jpassssecu0_.facility_eligibility_id as facilit18_41_, jpassssecu0_.first_auction_date as first_a19_41_, jpassssecu0_.first_coupon_date as first_c20_41_, jpassssecu0_.first_issuance_amount as first_i21_41_, jpassssecu0_.first_issuance_date as first_i22_41_, jpassssecu0_.haircut_id as haircut23_41_, jpassssecu0_.ipa as ipa24_41_, jpassssecu0_.issue_code as issue_c25_41_, jpassssecu0_.issue_price as issue_p26_41_, jpassssecu0_.issue_yield as issue_y27_41_, jpassssecu0_.issuer_id as issuer_28_41_, jpassssecu0_.modified_by as modifie29_41_, jpassssecu0_.modified_date as modifie30_41_, jpassssecu0_.optional_redemption_date as optiona31_41_, jpassssecu0_.optional_redemption_price as optiona32_41_, jpassssecu0_.record_date_period as record_33_41_, jpassssecu0_.redemption_date as redempt34_41_, jpassssecu0_.redemption_price as redempt35_41_, jpassssecu0_.redemption_reimburse as redempt36_41_, jpassssecu0_.rounding_option as roundin37_41_, jpassssecu0_.securities_status as securit38_41_, jpassssecu0_.securities_tenor_period_unit as securit39_41_, jpassssecu0_.securities_type_id as securit40_41_, jpassssecu0_.status as status41_41_, jpassssecu0_.tax_scheme_id as tax_sch42_41_, jpassssecu0_.tenor_period as tenor_p43_41_, jpassssecu0_.tradable as tradabl44_41_, jpassssecu0_.workflow_status_id as workflo45_41_ from securities_code jpassssecu0_ where jpassssecu0_.securities_code=?
2022-12-23 14:35:14.897 [main] DEBUG org.hibernate.SQL:128 - select jpassssecu0_.id as id1_55_0_, jpassssecu0_.action as action2_55_0_, jpassssecu0_.approval_remark as approval3_55_0_, jpassssecu0_.approved_by as approved4_55_0_, jpassssecu0_.approved_date as approved5_55_0_, jpassssecu0_.created_date as created_6_55_0_, jpassssecu0_.description as descript7_55_0_, jpassssecu0_.effective_date as effectiv8_55_0_, jpassssecu0_.issue_code as issue_co9_55_0_, jpassssecu0_.modified_by as modifie10_55_0_, jpassssecu0_.modified_date as modifie11_55_0_, jpassssecu0_.price as price12_55_0_, jpassssecu0_.pricing_date as pricing13_55_0_, jpassssecu0_.pricing_type as pricing14_55_0_, jpassssecu0_.remarks as remarks15_55_0_, jpassssecu0_.securities_code as securit16_55_0_, jpassssecu0_.status as status17_55_0_, jpassssecu0_.workflow_status_id as workflo18_55_0_ from securities_price_temp jpassssecu0_ where jpassssecu0_.id=?
2022-12-23 14:35:14.945 [main] DEBUG org.hibernate.SQL:128 - insert into securities_price_temp (action, approval_remark, approved_by, approved_date, created_date, description, effective_date, issue_code, modified_by, modified_date, price, pricing_date, pricing_type, remarks, securities_code, status, workflow_status_id, id) values (?, ?, ?, ?, ?, ?, ?, ?, ?, ?, ?, ?, ?, ?, ?, ?, ?, ?)
2022-12-23 14:35:15.004 [main] INFO  org.hibernate.engine.jdbc.batch.internal.AbstractBatchImpl:208 - HHH000010: On release of batch it still contained JDBC statements
2022-12-23 14:35:15.004 [main] ERROR org.hibernate.engine.jdbc.batch.internal.BatchingBatch:128 - HHH000315: Exception executing batch [java.sql.BatchUpdateException: Data truncation: Out of range value for column 'price' at row 1], SQL: insert into securities_price_temp (action, approval_remark, approved_by, approved_date, created_date, description, effective_date, issue_code, modified_by, modified_date, price, pricing_date, pricing_type, remarks, securities_code, status, workflow_status_id, id) values (?, ?, ?, ?, ?, ?, ?, ?, ?, ?, ?, ?, ?, ?, ?, ?, ?, ?)
2022-12-23 14:35:15.005 [main] WARN  org.hibernate.engine.jdbc.spi.SqlExceptionHelper:137 - SQL Error: 1264, SQLState: 22001
2022-12-23 14:35:15.005 [main] ERROR org.hibernate.engine.jdbc.spi.SqlExceptionHelper:142 - Data truncation: Out of range value for column 'price' at row 1
2022-12-23 14:35:15.048 [main] ERROR scrips.datamigration.rtgs.service.AccountPositionService:186 - Error in temp could not execute batch; SQL [insert into securities_price_temp (action, approval_remark, approved_by, approved_date, created_date, description, effective_date, issue_code, modified_by, modified_date, price, pricing_date, pricing_type, remarks, securities_code, status, workflow_status_id, id) values (?, ?, ?, ?, ?, ?, ?, ?, ?, ?, ?, ?, ?, ?, ?, ?, ?, ?)]; nested exception is org.hibernate.exception.DataException: could not execute batch
2022-12-23 14:35:15.072 [main] DEBUG org.hibernate.SQL:128 - select jpassssecu0_.seq as seq1_54_0_, jpassssecu0_.action as action2_54_0_, jpassssecu0_.approval_remark as approval3_54_0_, jpassssecu0_.approved_by as approved4_54_0_, jpassssecu0_.approved_date as approved5_54_0_, jpassssecu0_.created_date as created_6_54_0_, jpassssecu0_.description as descript7_54_0_, jpassssecu0_.effective_date as effectiv8_54_0_, jpassssecu0_.id as id9_54_0_, jpassssecu0_.issue_code as issue_c10_54_0_, jpassssecu0_.modified_by as modifie11_54_0_, jpassssecu0_.modified_date as modifie12_54_0_, jpassssecu0_.price as price13_54_0_, jpassssecu0_.pricing_date as pricing14_54_0_, jpassssecu0_.pricing_type as pricing15_54_0_, jpassssecu0_.remarks as remarks16_54_0_, jpassssecu0_.securities_code as securit17_54_0_, jpassssecu0_.status as status18_54_0_, jpassssecu0_.workflow_status_id as workflo19_54_0_ from securities_price_source jpassssecu0_ where jpassssecu0_.seq=?
2022-12-23 14:35:15.095 [main] DEBUG org.hibernate.SQL:128 - update securities_price_source set action=?, approval_remark=?, approved_by=?, approved_date=?, created_date=?, description=?, effective_date=?, id=?, issue_code=?, modified_by=?, modified_date=?, price=?, pricing_date=?, pricing_type=?, remarks=?, securities_code=?, status=?, workflow_status_id=? where seq=?
