2022-12-28 10:07:33.262 [main] INFO  scrips.datamigration.App:55 - Starting App on WSIN181 with PID 11212 (D:\DataMigrationNEW\DATA_MIGRATION_RTGS\DataMigrationAndExtract\DataMigration\target\classes started by SheikKhadeer in D:\DataMigrationNEW\DATA_MIGRATION_RTGS\DataMigrationAndExtract\DataMigration)
2022-12-28 10:07:33.270 [main] INFO  scrips.datamigration.App:651 - No active profile set, falling back to default profiles: app
2022-12-28 10:07:34.047 [main] INFO  org.springframework.data.repository.config.RepositoryConfigurationDelegate:127 - Bootstrapping Spring Data JPA repositories in DEFAULT mode.
2022-12-28 10:07:34.509 [main] INFO  org.springframework.data.repository.config.RepositoryConfigurationDelegate:187 - Finished Spring Data repository scanning in 452ms. Found 61 JPA repository interfaces.
2022-12-28 10:07:34.811 [main] INFO  com.ulisesbocchio.jasyptspringboot.configuration.EnableEncryptablePropertiesBeanFactoryPostProcessor:39 - Post-processing PropertySource instances
2022-12-28 10:07:34.836 [main] INFO  com.ulisesbocchio.jasyptspringboot.EncryptablePropertySourceConverter:56 - Converting PropertySource configurationProperties [org.springframework.boot.context.properties.source.ConfigurationPropertySourcesPropertySource] to AOP Proxy
2022-12-28 10:07:34.837 [main] INFO  com.ulisesbocchio.jasyptspringboot.EncryptablePropertySourceConverter:56 - Converting PropertySource commandLineArgs [org.springframework.core.env.SimpleCommandLinePropertySource] to EncryptableEnumerablePropertySourceWrapper
2022-12-28 10:07:34.837 [main] INFO  com.ulisesbocchio.jasyptspringboot.EncryptablePropertySourceConverter:56 - Converting PropertySource systemProperties [org.springframework.core.env.PropertiesPropertySource] to EncryptableMapPropertySourceWrapper
2022-12-28 10:07:34.837 [main] INFO  com.ulisesbocchio.jasyptspringboot.EncryptablePropertySourceConverter:56 - Converting PropertySource systemEnvironment [org.springframework.boot.env.SystemEnvironmentPropertySourceEnvironmentPostProcessor$OriginAwareSystemEnvironmentPropertySource] to EncryptableSystemEnvironmentPropertySourceWrapper
2022-12-28 10:07:34.838 [main] INFO  com.ulisesbocchio.jasyptspringboot.EncryptablePropertySourceConverter:56 - Converting PropertySource random [org.springframework.boot.env.RandomValuePropertySource] to EncryptablePropertySourceWrapper
2022-12-28 10:07:34.838 [main] INFO  com.ulisesbocchio.jasyptspringboot.EncryptablePropertySourceConverter:56 - Converting PropertySource applicationConfig: [file:./config/application.properties] [org.springframework.boot.env.OriginTrackedMapPropertySource] to EncryptableMapPropertySourceWrapper
2022-12-28 10:07:34.839 [main] INFO  com.ulisesbocchio.jasyptspringboot.EncryptablePropertySourceConverter:56 - Converting PropertySource applicationConfig: [classpath:/application.properties] [org.springframework.boot.env.OriginTrackedMapPropertySource] to EncryptableMapPropertySourceWrapper
2022-12-28 10:07:34.839 [main] INFO  com.ulisesbocchio.jasyptspringboot.EncryptablePropertySourceConverter:56 - Converting PropertySource DataMigrationProperties [org.springframework.core.env.MapPropertySource] to EncryptableMapPropertySourceWrapper
2022-12-28 10:07:34.944 [main] INFO  com.ulisesbocchio.jasyptspringboot.filter.DefaultLazyPropertyFilter:31 - Property Filter custom Bean not found with name 'encryptablePropertyFilter'. Initializing Default Property Filter
2022-12-28 10:07:35.035 [main] INFO  com.ulisesbocchio.jasyptspringboot.resolver.DefaultLazyPropertyResolver:35 - Property Resolver custom Bean not found with name 'encryptablePropertyResolver'. Initializing Default Property Resolver
2022-12-28 10:07:35.039 [main] INFO  com.ulisesbocchio.jasyptspringboot.detector.DefaultLazyPropertyDetector:35 - Property Detector custom Bean not found with name 'encryptablePropertyDetector'. Initializing Default Property Detector
2022-12-28 10:07:35.046 [main] INFO  com.ulisesbocchio.jasyptspringboot.encryptor.DefaultLazyEncryptor:37 - String Encryptor custom Bean not found with name 'jasyptStringEncryptor'. Initializing Default String Encryptor
2022-12-28 10:07:35.062 [main] INFO  com.ulisesbocchio.jasyptspringboot.configuration.StringEncryptorBuilder:81 - Encryptor config not found for property jasypt.encryptor.key-obtention-iterations, using default value: 1000
2022-12-28 10:07:35.063 [main] INFO  com.ulisesbocchio.jasyptspringboot.configuration.StringEncryptorBuilder:81 - Encryptor config not found for property jasypt.encryptor.pool-size, using default value: 1
2022-12-28 10:07:35.063 [main] INFO  com.ulisesbocchio.jasyptspringboot.configuration.StringEncryptorBuilder:81 - Encryptor config not found for property jasypt.encryptor.provider-name, using default value: null
2022-12-28 10:07:35.064 [main] INFO  com.ulisesbocchio.jasyptspringboot.configuration.StringEncryptorBuilder:81 - Encryptor config not found for property jasypt.encryptor.provider-class-name, using default value: null
2022-12-28 10:07:35.064 [main] INFO  com.ulisesbocchio.jasyptspringboot.configuration.StringEncryptorBuilder:81 - Encryptor config not found for property jasypt.encryptor.salt-generator-classname, using default value: org.jasypt.salt.RandomSaltGenerator
2022-12-28 10:07:35.066 [main] INFO  com.ulisesbocchio.jasyptspringboot.configuration.StringEncryptorBuilder:81 - Encryptor config not found for property jasypt.encryptor.string-output-type, using default value: base64
2022-12-28 10:07:35.279 [main] INFO  org.hibernate.jpa.internal.util.LogHelper:31 - HHH000204: Processing PersistenceUnitInfo [name: data]
2022-12-28 10:07:35.357 [main] INFO  org.hibernate.Version:44 - HHH000412: Hibernate ORM core version 5.4.15.Final
2022-12-28 10:07:35.512 [main] INFO  org.hibernate.annotations.common.Version:49 - HCANN000001: Hibernate Commons Annotations {5.1.0.Final}
2022-12-28 10:07:35.975 [main] INFO  com.zaxxer.hikari.HikariDataSource:110 - HikariPool-1 - Starting...
2022-12-28 10:07:36.249 [main] INFO  com.zaxxer.hikari.HikariDataSource:123 - HikariPool-1 - Start completed.
2022-12-28 10:07:36.280 [main] INFO  org.hibernate.dialect.Dialect:172 - HHH000400: Using dialect: org.hibernate.dialect.MySQL8Dialect
2022-12-28 10:07:36.378 [main] INFO  org.hibernate.envers.boot.internal.EnversServiceImpl:90 - Envers integration enabled? : true
2022-12-28 10:07:38.409 [main] INFO  org.hibernate.engine.transaction.jta.platform.internal.JtaPlatformInitiator:52 - HHH000490: Using JtaPlatform implementation: [org.hibernate.engine.transaction.jta.platform.internal.NoJtaPlatform]
2022-12-28 10:07:38.417 [main] INFO  org.springframework.orm.jpa.LocalContainerEntityManagerFactoryBean:416 - Initialized JPA EntityManagerFactory for persistence unit 'data'
2022-12-28 10:07:40.076 [main] INFO  scrips.datamigration.App:61 - Started App in 7.38 seconds (JVM running for 9.537)
2022-12-28 10:07:40.112 [main] INFO  scrips.datamigration.controller.ReportController:44 -   - ACCOUNT_POSITION_DETAIL_REPORT
2022-12-28 10:07:40.112 [main] INFO  scrips.datamigration.common.service.GenerateReportService:35 - process started for :ACCOUNT_POSITION_DETAIL_REPORT
2022-12-28 10:07:40.113 [main] INFO  scrips.datamigration.common.service.GenerateReportService:38 - Path -> D:/DataMigrationNEW/DATA_MIGRATION_RTGS/DataMigrationAndExtract/DataMigration/reports/
2022-12-28 10:07:42.140 [main] WARN  net.sf.jasperreports.engine.export.PdfGlyphRenderer:68 - Unpatched iText found, cannot use glyph rendering
2022-12-28 10:07:42.477 [SpringContextShutdownHook] INFO  org.springframework.orm.jpa.LocalContainerEntityManagerFactoryBean:598 - Closing JPA EntityManagerFactory for persistence unit 'data'
2022-12-28 10:07:42.480 [SpringContextShutdownHook] INFO  com.zaxxer.hikari.HikariDataSource:350 - HikariPool-1 - Shutdown initiated...
2022-12-28 10:07:42.495 [SpringContextShutdownHook] INFO  com.zaxxer.hikari.HikariDataSource:352 - HikariPool-1 - Shutdown completed.
