2022-12-26 12:33:27.816 [main] INFO  scrips.datamigration.App:55 - Starting App on WSIN181 with PID 12680 (D:\DataMigrationNEW\DATA_MIGRATION_RTGS\DataMigrationAndExtract\DataMigration\target\classes started by SheikKhadeer in D:\DataMigrationNEW\DATA_MIGRATION_RTGS\DataMigrationAndExtract\DataMigration)
2022-12-26 12:33:27.823 [main] INFO  scrips.datamigration.App:651 - No active profile set, falling back to default profiles: app
2022-12-26 12:33:28.940 [main] INFO  org.springframework.data.repository.config.RepositoryConfigurationDelegate:127 - Bootstrapping Spring Data JPA repositories in DEFAULT mode.
2022-12-26 12:33:29.502 [main] INFO  org.springframework.data.repository.config.RepositoryConfigurationDelegate:187 - Finished Spring Data repository scanning in 541ms. Found 65 JPA repository interfaces.
2022-12-26 12:33:29.885 [main] INFO  com.ulisesbocchio.jasyptspringboot.configuration.EnableEncryptablePropertiesBeanFactoryPostProcessor:39 - Post-processing PropertySource instances
2022-12-26 12:33:29.915 [main] INFO  com.ulisesbocchio.jasyptspringboot.EncryptablePropertySourceConverter:56 - Converting PropertySource configurationProperties [org.springframework.boot.context.properties.source.ConfigurationPropertySourcesPropertySource] to AOP Proxy
2022-12-26 12:33:29.916 [main] INFO  com.ulisesbocchio.jasyptspringboot.EncryptablePropertySourceConverter:56 - Converting PropertySource commandLineArgs [org.springframework.core.env.SimpleCommandLinePropertySource] to EncryptableEnumerablePropertySourceWrapper
2022-12-26 12:33:29.916 [main] INFO  com.ulisesbocchio.jasyptspringboot.EncryptablePropertySourceConverter:56 - Converting PropertySource systemProperties [org.springframework.core.env.PropertiesPropertySource] to EncryptableMapPropertySourceWrapper
2022-12-26 12:33:29.917 [main] INFO  com.ulisesbocchio.jasyptspringboot.EncryptablePropertySourceConverter:56 - Converting PropertySource systemEnvironment [org.springframework.boot.env.SystemEnvironmentPropertySourceEnvironmentPostProcessor$OriginAwareSystemEnvironmentPropertySource] to EncryptableSystemEnvironmentPropertySourceWrapper
2022-12-26 12:33:29.917 [main] INFO  com.ulisesbocchio.jasyptspringboot.EncryptablePropertySourceConverter:56 - Converting PropertySource random [org.springframework.boot.env.RandomValuePropertySource] to EncryptablePropertySourceWrapper
2022-12-26 12:33:29.917 [main] INFO  com.ulisesbocchio.jasyptspringboot.EncryptablePropertySourceConverter:56 - Converting PropertySource applicationConfig: [file:./config/application.properties] [org.springframework.boot.env.OriginTrackedMapPropertySource] to EncryptableMapPropertySourceWrapper
2022-12-26 12:33:29.918 [main] INFO  com.ulisesbocchio.jasyptspringboot.EncryptablePropertySourceConverter:56 - Converting PropertySource applicationConfig: [classpath:/application.properties] [org.springframework.boot.env.OriginTrackedMapPropertySource] to EncryptableMapPropertySourceWrapper
2022-12-26 12:33:29.918 [main] INFO  com.ulisesbocchio.jasyptspringboot.EncryptablePropertySourceConverter:56 - Converting PropertySource DataMigrationProperties [org.springframework.core.env.MapPropertySource] to EncryptableMapPropertySourceWrapper
2022-12-26 12:33:30.065 [main] INFO  com.ulisesbocchio.jasyptspringboot.filter.DefaultLazyPropertyFilter:31 - Property Filter custom Bean not found with name 'encryptablePropertyFilter'. Initializing Default Property Filter
2022-12-26 12:33:30.166 [main] INFO  com.ulisesbocchio.jasyptspringboot.resolver.DefaultLazyPropertyResolver:35 - Property Resolver custom Bean not found with name 'encryptablePropertyResolver'. Initializing Default Property Resolver
2022-12-26 12:33:30.170 [main] INFO  com.ulisesbocchio.jasyptspringboot.detector.DefaultLazyPropertyDetector:35 - Property Detector custom Bean not found with name 'encryptablePropertyDetector'. Initializing Default Property Detector
2022-12-26 12:33:30.178 [main] INFO  com.ulisesbocchio.jasyptspringboot.encryptor.DefaultLazyEncryptor:37 - String Encryptor custom Bean not found with name 'jasyptStringEncryptor'. Initializing Default String Encryptor
2022-12-26 12:33:30.195 [main] INFO  com.ulisesbocchio.jasyptspringboot.configuration.StringEncryptorBuilder:81 - Encryptor config not found for property jasypt.encryptor.key-obtention-iterations, using default value: 1000
2022-12-26 12:33:30.196 [main] INFO  com.ulisesbocchio.jasyptspringboot.configuration.StringEncryptorBuilder:81 - Encryptor config not found for property jasypt.encryptor.pool-size, using default value: 1
2022-12-26 12:33:30.196 [main] INFO  com.ulisesbocchio.jasyptspringboot.configuration.StringEncryptorBuilder:81 - Encryptor config not found for property jasypt.encryptor.provider-name, using default value: null
2022-12-26 12:33:30.197 [main] INFO  com.ulisesbocchio.jasyptspringboot.configuration.StringEncryptorBuilder:81 - Encryptor config not found for property jasypt.encryptor.provider-class-name, using default value: null
2022-12-26 12:33:30.198 [main] INFO  com.ulisesbocchio.jasyptspringboot.configuration.StringEncryptorBuilder:81 - Encryptor config not found for property jasypt.encryptor.salt-generator-classname, using default value: org.jasypt.salt.RandomSaltGenerator
2022-12-26 12:33:30.200 [main] INFO  com.ulisesbocchio.jasyptspringboot.configuration.StringEncryptorBuilder:81 - Encryptor config not found for property jasypt.encryptor.string-output-type, using default value: base64
2022-12-26 12:33:30.411 [main] INFO  org.hibernate.jpa.internal.util.LogHelper:31 - HHH000204: Processing PersistenceUnitInfo [name: data]
2022-12-26 12:33:30.478 [main] INFO  org.hibernate.Version:44 - HHH000412: Hibernate ORM core version 5.4.15.Final
2022-12-26 12:33:30.629 [main] INFO  org.hibernate.annotations.common.Version:49 - HCANN000001: Hibernate Commons Annotations {5.1.0.Final}
2022-12-26 12:33:31.130 [main] INFO  com.zaxxer.hikari.HikariDataSource:110 - HikariPool-1 - Starting...
2022-12-26 12:33:31.448 [main] INFO  com.zaxxer.hikari.HikariDataSource:123 - HikariPool-1 - Start completed.
2022-12-26 12:33:31.517 [main] INFO  org.hibernate.dialect.Dialect:172 - HHH000400: Using dialect: org.hibernate.dialect.MySQL8Dialect
2022-12-26 12:33:31.630 [main] INFO  org.hibernate.envers.boot.internal.EnversServiceImpl:90 - Envers integration enabled? : true
2022-12-26 12:33:33.699 [main] INFO  org.hibernate.engine.transaction.jta.platform.internal.JtaPlatformInitiator:52 - HHH000490: Using JtaPlatform implementation: [org.hibernate.engine.transaction.jta.platform.internal.NoJtaPlatform]
2022-12-26 12:33:33.708 [main] INFO  org.springframework.orm.jpa.LocalContainerEntityManagerFactoryBean:416 - Initialized JPA EntityManagerFactory for persistence unit 'data'
2022-12-26 12:33:35.422 [main] INFO  scrips.datamigration.App:61 - Started App in 8.193 seconds (JVM running for 10.203)
2022-12-26 12:33:35.444 [main] INFO  scrips.datamigration.controller.ReportController:35 -   - CBM_LIABILITIES_BASE_REPORT
2022-12-26 12:33:38.271 [main] INFO  scrips.datamigration.common.service.GenerateReportService:51 - List of files and directories in the specified directory:
2022-12-26 12:33:38.283 [main] INFO  scrips.datamigration.common.service.GenerateReportService:56 - process started for :CBM_DEPOSIT_RATE_DETAIL_REPORT
2022-12-26 12:33:38.290 [main] INFO  scrips.datamigration.common.service.GenerateReportService:59 - Path -> D:/DataMigrationNEW/DATA_MIGRATION_RTGS/DataMigrationAndExtract/DataMigration/reports/
