2022-12-27 15:06:07.822 [main] INFO  scrips.datamigration.App:55 - Starting App on WSIN181 with PID 5236 (D:\DataMigrationNEW\DATA_MIGRATION_RTGS\DataMigrationAndExtract\DataMigration\target\classes started by SheikKhadeer in D:\DataMigrationNEW\DATA_MIGRATION_RTGS\DataMigrationAndExtract\DataMigration)
2022-12-27 15:06:07.828 [main] INFO  scrips.datamigration.App:651 - No active profile set, falling back to default profiles: app
2022-12-27 15:06:08.579 [main] INFO  org.springframework.data.repository.config.RepositoryConfigurationDelegate:127 - Bootstrapping Spring Data JPA repositories in DEFAULT mode.
2022-12-27 15:06:09.089 [main] INFO  org.springframework.data.repository.config.RepositoryConfigurationDelegate:187 - Finished Spring Data repository scanning in 501ms. Found 61 JPA repository interfaces.
2022-12-27 15:06:09.518 [main] INFO  com.ulisesbocchio.jasyptspringboot.configuration.EnableEncryptablePropertiesBeanFactoryPostProcessor:39 - Post-processing PropertySource instances
2022-12-27 15:06:09.541 [main] INFO  com.ulisesbocchio.jasyptspringboot.EncryptablePropertySourceConverter:56 - Converting PropertySource configurationProperties [org.springframework.boot.context.properties.source.ConfigurationPropertySourcesPropertySource] to AOP Proxy
2022-12-27 15:06:09.542 [main] INFO  com.ulisesbocchio.jasyptspringboot.EncryptablePropertySourceConverter:56 - Converting PropertySource commandLineArgs [org.springframework.core.env.SimpleCommandLinePropertySource] to EncryptableEnumerablePropertySourceWrapper
2022-12-27 15:06:09.542 [main] INFO  com.ulisesbocchio.jasyptspringboot.EncryptablePropertySourceConverter:56 - Converting PropertySource systemProperties [org.springframework.core.env.PropertiesPropertySource] to EncryptableMapPropertySourceWrapper
2022-12-27 15:06:09.543 [main] INFO  com.ulisesbocchio.jasyptspringboot.EncryptablePropertySourceConverter:56 - Converting PropertySource systemEnvironment [org.springframework.boot.env.SystemEnvironmentPropertySourceEnvironmentPostProcessor$OriginAwareSystemEnvironmentPropertySource] to EncryptableSystemEnvironmentPropertySourceWrapper
2022-12-27 15:06:09.544 [main] INFO  com.ulisesbocchio.jasyptspringboot.EncryptablePropertySourceConverter:56 - Converting PropertySource random [org.springframework.boot.env.RandomValuePropertySource] to EncryptablePropertySourceWrapper
2022-12-27 15:06:09.544 [main] INFO  com.ulisesbocchio.jasyptspringboot.EncryptablePropertySourceConverter:56 - Converting PropertySource applicationConfig: [file:./config/application.properties] [org.springframework.boot.env.OriginTrackedMapPropertySource] to EncryptableMapPropertySourceWrapper
2022-12-27 15:06:09.544 [main] INFO  com.ulisesbocchio.jasyptspringboot.EncryptablePropertySourceConverter:56 - Converting PropertySource applicationConfig: [classpath:/application.properties] [org.springframework.boot.env.OriginTrackedMapPropertySource] to EncryptableMapPropertySourceWrapper
2022-12-27 15:06:09.545 [main] INFO  com.ulisesbocchio.jasyptspringboot.EncryptablePropertySourceConverter:56 - Converting PropertySource DataMigrationProperties [org.springframework.core.env.MapPropertySource] to EncryptableMapPropertySourceWrapper
2022-12-27 15:06:09.640 [main] INFO  com.ulisesbocchio.jasyptspringboot.filter.DefaultLazyPropertyFilter:31 - Property Filter custom Bean not found with name 'encryptablePropertyFilter'. Initializing Default Property Filter
2022-12-27 15:06:09.725 [main] INFO  com.ulisesbocchio.jasyptspringboot.resolver.DefaultLazyPropertyResolver:35 - Property Resolver custom Bean not found with name 'encryptablePropertyResolver'. Initializing Default Property Resolver
2022-12-27 15:06:09.728 [main] INFO  com.ulisesbocchio.jasyptspringboot.detector.DefaultLazyPropertyDetector:35 - Property Detector custom Bean not found with name 'encryptablePropertyDetector'. Initializing Default Property Detector
2022-12-27 15:06:09.763 [main] INFO  com.ulisesbocchio.jasyptspringboot.encryptor.DefaultLazyEncryptor:37 - String Encryptor custom Bean not found with name 'jasyptStringEncryptor'. Initializing Default String Encryptor
2022-12-27 15:06:09.776 [main] INFO  com.ulisesbocchio.jasyptspringboot.configuration.StringEncryptorBuilder:81 - Encryptor config not found for property jasypt.encryptor.key-obtention-iterations, using default value: 1000
2022-12-27 15:06:09.777 [main] INFO  com.ulisesbocchio.jasyptspringboot.configuration.StringEncryptorBuilder:81 - Encryptor config not found for property jasypt.encryptor.pool-size, using default value: 1
2022-12-27 15:06:09.778 [main] INFO  com.ulisesbocchio.jasyptspringboot.configuration.StringEncryptorBuilder:81 - Encryptor config not found for property jasypt.encryptor.provider-name, using default value: null
2022-12-27 15:06:09.779 [main] INFO  com.ulisesbocchio.jasyptspringboot.configuration.StringEncryptorBuilder:81 - Encryptor config not found for property jasypt.encryptor.provider-class-name, using default value: null
2022-12-27 15:06:09.780 [main] INFO  com.ulisesbocchio.jasyptspringboot.configuration.StringEncryptorBuilder:81 - Encryptor config not found for property jasypt.encryptor.salt-generator-classname, using default value: org.jasypt.salt.RandomSaltGenerator
2022-12-27 15:06:09.782 [main] INFO  com.ulisesbocchio.jasyptspringboot.configuration.StringEncryptorBuilder:81 - Encryptor config not found for property jasypt.encryptor.string-output-type, using default value: base64
2022-12-27 15:06:09.950 [main] INFO  org.hibernate.jpa.internal.util.LogHelper:31 - HHH000204: Processing PersistenceUnitInfo [name: data]
2022-12-27 15:06:10.031 [main] INFO  org.hibernate.Version:44 - HHH000412: Hibernate ORM core version 5.4.15.Final
2022-12-27 15:06:10.190 [main] INFO  org.hibernate.annotations.common.Version:49 - HCANN000001: Hibernate Commons Annotations {5.1.0.Final}
2022-12-27 15:06:10.645 [main] INFO  com.zaxxer.hikari.HikariDataSource:110 - HikariPool-1 - Starting...
2022-12-27 15:06:10.925 [main] INFO  com.zaxxer.hikari.HikariDataSource:123 - HikariPool-1 - Start completed.
2022-12-27 15:06:11.035 [main] INFO  org.hibernate.dialect.Dialect:172 - HHH000400: Using dialect: org.hibernate.dialect.MySQL8Dialect
2022-12-27 15:06:11.235 [main] INFO  org.hibernate.envers.boot.internal.EnversServiceImpl:90 - Envers integration enabled? : true
2022-12-27 15:06:12.961 [main] INFO  org.hibernate.engine.transaction.jta.platform.internal.JtaPlatformInitiator:52 - HHH000490: Using JtaPlatform implementation: [org.hibernate.engine.transaction.jta.platform.internal.NoJtaPlatform]
2022-12-27 15:06:12.968 [main] INFO  org.springframework.orm.jpa.LocalContainerEntityManagerFactoryBean:416 - Initialized JPA EntityManagerFactory for persistence unit 'data'
2022-12-27 15:06:14.497 [main] INFO  scrips.datamigration.App:61 - Started App in 7.181 seconds (JVM running for 8.686)
2022-12-27 15:06:14.542 [main] INFO  scrips.datamigration.common.service.FkChecksEnableDisable:36 - disable FkChecks called
2022-12-27 15:06:14.577 [main] DEBUG org.hibernate.SQL:128 - SET FOREIGN_KEY_CHECKS = 0
2022-12-27 15:06:14.603 [main] INFO  scrips.datamigration.common.service.FkChecksEnableDisable:38 - disable FkChecks done
2022-12-27 15:06:14.713 [main] DEBUG org.hibernate.SQL:128 - SELECT @@GLOBAL.foreign_key_checks, @@SESSION.foreign_key_checks
2022-12-27 15:06:14.751 [main] INFO  scrips.datamigration.common.service.FkChecksEnableDisable:52 - foreign_key_checks status - 0
2022-12-27 15:06:14.761 [main] INFO  scrips.datamigration.controller.ScripsFileUploadController:115 - fileUploadCode - SSS_SECURITIES_POSITION_STATS_FILE_UPLOAD
2022-12-27 15:06:14.762 [main] INFO  scrips.datamigration.common.service.FileUploadService:93 - getFileHeaderByCode entered
2022-12-27 15:06:14.764 [main] INFO  scrips.datamigration.common.service.FileUploadService:99 - fileUpldHeaderOut - sss_securities_position_stats
2022-12-27 15:06:14.765 [main] INFO  scrips.datamigration.controller.ScripsFileUploadController:119 - Live table name ->sss_securities_position_stats
2022-12-27 15:06:14.769 [main] INFO  scrips.datamigration.sss.service.SssSecuritiesFileDataService:37 - Live table name ->securities_file_data
2022-12-27 15:06:14.772 [main] INFO  scrips.datamigration.sss.service.SssSecuritiesFileDataService:38 - ftp status n
2022-12-27 15:06:14.786 [main] INFO  scrips.datamigration.sss.service.SssSecuritiesFileDataService:67 - fileSourceData - ISIN Code;Description;ISIN Type;Issue Code;ISIN Status;Taxable;Tradable;Credit Rating;Eligible for ILF;ILF Haircut Setting;Haircut Percentage for ILF;Maturity Date;Optional Maturity Date;Auction Date;First Issuance Date;First Issuance Amount;Re-Opening - Auction Date;Re-Opening - Allotment Date;Re-Opening - Total Allotment Amount;Total Issued Amount;Outstanding Nominal Amount;Amount Allocated to MAS;Amount Allocated to Others;MAS Applied Amount;Unit Size;Denomination;Currency Code;Redemption Price;Coupon Rate;Ex-date Period;Ex-date;Coupon Payment Frequency;Last Coupon Date;Next Coupon Date;Optional Coupon Date;Days of Accrued Interest;Tenure;Average Yield;Cutoff Yield;Average Yield Price;Cutoff Yield Price;Re-Opening - MAS Applied Amount;Total Redeemed Amount;ISIN Sub Type
2022-12-27 15:06:14.787 [main] INFO  scrips.datamigration.sss.service.SssSecuritiesFileDataService:67 - fileSourceData - BCSISMBIL001;99YR BOND 2017 DUE 010199 AUTOSFNP;BN;AUTOSFNP;A;Y;Y;AAA;Y;A;00300000;20990101; ;20171228;20171229;000001000000000;20221026;20221027;000900000000000;000902800000000;000902799998000;000001500000000;000901300000000;000001000000000;1000;000000000001000;SGD;10000000;00120000;3;20230529;S;20221201;20230601;20180601;182;050;00000000;00000000;00000000;00000000;000900000000000;000000000002000;NA
2022-12-27 15:06:14.787 [main] INFO  scrips.datamigration.sss.service.SssSecuritiesFileDataService:67 - fileSourceData - BCSISMBIL012;MAS Bill;MB;BN2005M;A;Y;Y;AAA;Y;Y;00100000;20251231; ;20210518;20210519;000000100000000; ; ;000000000000000;000000100000000;000000100000000;000000000900000;000000099100000;000000000100000;1000;000000000001000;SGD;10000000;00000000;0; ;N; ; ; ; ;241;00000000;00000000;00000000;00000000;000000000000000;000000000000000;NA
2022-12-27 15:06:14.788 [main] INFO  scrips.datamigration.sss.service.SssSecuritiesFileDataService:69 - Headings - 1:ISIN_CODE
2022-12-27 15:06:14.788 [main] INFO  scrips.datamigration.sss.service.SssSecuritiesFileDataService:69 - Headings - 2:DESCRIPTION
2022-12-27 15:06:14.788 [main] INFO  scrips.datamigration.sss.service.SssSecuritiesFileDataService:69 - Headings - 3:ISIN_TYPE
2022-12-27 15:06:14.788 [main] INFO  scrips.datamigration.sss.service.SssSecuritiesFileDataService:69 - Headings - 4:ISSUE_CODE
2022-12-27 15:06:14.789 [main] INFO  scrips.datamigration.sss.service.SssSecuritiesFileDataService:69 - Headings - 5:ISIN_STATUS
2022-12-27 15:06:14.789 [main] INFO  scrips.datamigration.sss.service.SssSecuritiesFileDataService:69 - Headings - 6:TAXABLE
2022-12-27 15:06:14.789 [main] INFO  scrips.datamigration.sss.service.SssSecuritiesFileDataService:69 - Headings - 7:TRADABLE
2022-12-27 15:06:14.789 [main] INFO  scrips.datamigration.sss.service.SssSecuritiesFileDataService:69 - Headings - 8:CREDIT_RATING
2022-12-27 15:06:14.790 [main] INFO  scrips.datamigration.sss.service.SssSecuritiesFileDataService:69 - Headings - 9:ELIGIBLE_FOR_ILF
2022-12-27 15:06:14.790 [main] INFO  scrips.datamigration.sss.service.SssSecuritiesFileDataService:69 - Headings - 10:ILF_HAIRCUT_SETTING
2022-12-27 15:06:14.790 [main] INFO  scrips.datamigration.sss.service.SssSecuritiesFileDataService:69 - Headings - 11:HAIRCUT_PERCENTAGE_FOR_ILF
2022-12-27 15:06:14.790 [main] INFO  scrips.datamigration.sss.service.SssSecuritiesFileDataService:69 - Headings - 12:MATURITY_DATE
2022-12-27 15:06:14.791 [main] INFO  scrips.datamigration.sss.service.SssSecuritiesFileDataService:69 - Headings - 13:OPTIONAL_MATURITY_DATE
2022-12-27 15:06:14.791 [main] INFO  scrips.datamigration.sss.service.SssSecuritiesFileDataService:69 - Headings - 14:AUCTION_DATE
2022-12-27 15:06:14.791 [main] INFO  scrips.datamigration.sss.service.SssSecuritiesFileDataService:69 - Headings - 15:FIRST_ISSUANCE_DATE
2022-12-27 15:06:14.791 [main] INFO  scrips.datamigration.sss.service.SssSecuritiesFileDataService:69 - Headings - 16:FIRST_ISSUANCE_AMOUNT
2022-12-27 15:06:14.792 [main] INFO  scrips.datamigration.sss.service.SssSecuritiesFileDataService:69 - Headings - 17:RE_OPENING_AUCTION_DATE
2022-12-27 15:06:14.792 [main] INFO  scrips.datamigration.sss.service.SssSecuritiesFileDataService:69 - Headings - 18:RE_OPENING_ALLOTMENT_DATE
2022-12-27 15:06:14.792 [main] INFO  scrips.datamigration.sss.service.SssSecuritiesFileDataService:69 - Headings - 19:RE_OPENING_TOTAL_ALLOTMENT_AMOUNT
2022-12-27 15:06:14.792 [main] INFO  scrips.datamigration.sss.service.SssSecuritiesFileDataService:69 - Headings - 20:TOTAL_ISSUED_AMOUNT
2022-12-27 15:06:14.793 [main] INFO  scrips.datamigration.sss.service.SssSecuritiesFileDataService:69 - Headings - 21:OUTSTANDING_NOMINAL_AMOUNT
2022-12-27 15:06:14.793 [main] INFO  scrips.datamigration.sss.service.SssSecuritiesFileDataService:69 - Headings - 22:AMOUNT_ALLOCATED_TO_MAS
2022-12-27 15:06:14.793 [main] INFO  scrips.datamigration.sss.service.SssSecuritiesFileDataService:69 - Headings - 23:AMOUNT_ALLOCATED_TO_OTHERS
2022-12-27 15:06:14.793 [main] INFO  scrips.datamigration.sss.service.SssSecuritiesFileDataService:69 - Headings - 24:MAS_APPLIED_AMOUNT
2022-12-27 15:06:14.794 [main] INFO  scrips.datamigration.sss.service.SssSecuritiesFileDataService:69 - Headings - 25:UNIT_SIZE
2022-12-27 15:06:14.794 [main] INFO  scrips.datamigration.sss.service.SssSecuritiesFileDataService:69 - Headings - 26:DENOMINATION
2022-12-27 15:06:14.794 [main] INFO  scrips.datamigration.sss.service.SssSecuritiesFileDataService:69 - Headings - 27:CURRENCY_CODE
2022-12-27 15:06:14.794 [main] INFO  scrips.datamigration.sss.service.SssSecuritiesFileDataService:69 - Headings - 28:REDEMPTION_PRICE
2022-12-27 15:06:14.795 [main] INFO  scrips.datamigration.sss.service.SssSecuritiesFileDataService:69 - Headings - 29:COUPON_RATE
2022-12-27 15:06:14.795 [main] INFO  scrips.datamigration.sss.service.SssSecuritiesFileDataService:69 - Headings - 30:EX_DATE_PERIOD
2022-12-27 15:06:14.795 [main] INFO  scrips.datamigration.sss.service.SssSecuritiesFileDataService:69 - Headings - 31:EX_DATE
2022-12-27 15:06:14.795 [main] INFO  scrips.datamigration.sss.service.SssSecuritiesFileDataService:69 - Headings - 32:COUPON_PAYMENT_FREQUENCY
2022-12-27 15:06:14.795 [main] INFO  scrips.datamigration.sss.service.SssSecuritiesFileDataService:69 - Headings - 33:LAST_COUPON_DATE
2022-12-27 15:06:14.796 [main] INFO  scrips.datamigration.sss.service.SssSecuritiesFileDataService:69 - Headings - 34:NEXT_COUPON_DATE
2022-12-27 15:06:14.796 [main] INFO  scrips.datamigration.sss.service.SssSecuritiesFileDataService:69 - Headings - 35:OPTIONAL_COUPON_DATE
2022-12-27 15:06:14.797 [main] INFO  scrips.datamigration.sss.service.SssSecuritiesFileDataService:69 - Headings - 36:DAYS_OF_ACCRUED_INTEREST
2022-12-27 15:06:14.797 [main] INFO  scrips.datamigration.sss.service.SssSecuritiesFileDataService:69 - Headings - 37:TENURE
2022-12-27 15:06:14.797 [main] INFO  scrips.datamigration.sss.service.SssSecuritiesFileDataService:69 - Headings - 38:AVERAGE_YIELD
2022-12-27 15:06:14.798 [main] INFO  scrips.datamigration.sss.service.SssSecuritiesFileDataService:69 - Headings - 39:CUTOFF_YIELD
2022-12-27 15:06:14.798 [main] INFO  scrips.datamigration.sss.service.SssSecuritiesFileDataService:69 - Headings - 40:AVERAGE_YIELD_PRICE
2022-12-27 15:06:14.798 [main] INFO  scrips.datamigration.sss.service.SssSecuritiesFileDataService:69 - Headings - 41:CUTOFF_YIELD_PRICE
2022-12-27 15:06:14.798 [main] INFO  scrips.datamigration.sss.service.SssSecuritiesFileDataService:69 - Headings - 42:RE_OPENING_MAS_APPLIED_AMOUNT
2022-12-27 15:06:14.798 [main] INFO  scrips.datamigration.sss.service.SssSecuritiesFileDataService:69 - Headings - 43:TOTAL_REDEEMED_AMOUNT
2022-12-27 15:06:14.799 [main] INFO  scrips.datamigration.sss.service.SssSecuritiesFileDataService:69 - Headings - 44:ISIN_SUB_TYPE
2022-12-27 15:06:14.808 [main] INFO  scrips.datamigration.sss.service.SssSecuritiesFileDataService:227 - Total records in File: {}3
2022-12-27 15:06:14.809 [main] INFO  scrips.datamigration.controller.ScripsFileUploadController:133 - fileRecords - BCSISMBIL001;000902799998000;000902799998000;ALLOTEST1
2022-12-27 15:06:14.809 [main] INFO  scrips.datamigration.controller.ScripsFileUploadController:133 - fileRecords - BCSISMBIL012;000000100000000;000000100000000;ALLOTEST1
2022-12-27 15:06:14.810 [main] INFO  scrips.datamigration.controller.ScripsFileUploadController:135 - 1:securities_code
2022-12-27 15:06:14.810 [main] INFO  scrips.datamigration.controller.ScripsFileUploadController:135 - 2:opening_nominal_amount
2022-12-27 15:06:14.811 [main] INFO  scrips.datamigration.controller.ScripsFileUploadController:135 - 3:closing_nominal_amount
2022-12-27 15:06:14.811 [main] INFO  scrips.datamigration.controller.ScripsFileUploadController:135 - 4:account_id
2022-12-27 15:06:14.818 [main] INFO  scrips.datamigration.sss.service.SssSecuritesPositionStatsService:102 - Total records in File: {}2
2022-12-27 15:06:14.891 [main] DEBUG org.hibernate.SQL:128 - insert into securities_position_stats_source (account_id, cancelled_amount, cancelled_count, closing_nominal_amount, id, opening_nominal_amount, queued_amount, queued_count, receipt_amount, receipt_count, rejected_amount, rejected_count, remarks, securities_code, settled_amount, settled_count, value_date) values (?, ?, ?, ?, ?, ?, ?, ?, ?, ?, ?, ?, ?, ?, ?, ?, ?)
2022-12-27 15:06:15.183 [main] DEBUG org.hibernate.SQL:128 - select jpassssecu0_.securities_code as securiti1_38_, jpassssecu0_.action as action2_38_, jpassssecu0_.approval_remark as approval3_38_, jpassssecu0_.approved_by as approved4_38_, jpassssecu0_.approved_date as approved5_38_, jpassssecu0_.average_yield as average_6_38_, jpassssecu0_.benchmark_indicator as benchmar7_38_, jpassssecu0_.central_bank_applied_amount as central_8_38_, jpassssecu0_.coupon_payment_frequency as coupon_p9_38_, jpassssecu0_.coupon_rate as coupon_10_38_, jpassssecu0_.coupon_structure as coupon_11_38_, jpassssecu0_.created_date as created12_38_, jpassssecu0_.currency_code as currenc13_38_, jpassssecu0_.day_count_convention as day_cou14_38_, jpassssecu0_.denomination as denomin15_38_, jpassssecu0_.description as descrip16_38_, jpassssecu0_.effective_date as effecti17_38_, jpassssecu0_.facility_eligibility_id as facilit18_38_, jpassssecu0_.first_auction_date as first_a19_38_, jpassssecu0_.first_coupon_date as first_c20_38_, jpassssecu0_.first_issuance_amount as first_i21_38_, jpassssecu0_.first_issuance_date as first_i22_38_, jpassssecu0_.haircut_id as haircut23_38_, jpassssecu0_.ipa as ipa24_38_, jpassssecu0_.issue_code as issue_c25_38_, jpassssecu0_.issue_price as issue_p26_38_, jpassssecu0_.issue_yield as issue_y27_38_, jpassssecu0_.issuer_id as issuer_28_38_, jpassssecu0_.modified_by as modifie29_38_, jpassssecu0_.modified_date as modifie30_38_, jpassssecu0_.optional_redemption_date as optiona31_38_, jpassssecu0_.optional_redemption_price as optiona32_38_, jpassssecu0_.record_date_period as record_33_38_, jpassssecu0_.redemption_date as redempt34_38_, jpassssecu0_.redemption_price as redempt35_38_, jpassssecu0_.redemption_reimburse as redempt36_38_, jpassssecu0_.rounding_option as roundin37_38_, jpassssecu0_.securities_status as securit38_38_, jpassssecu0_.securities_tenor_period_unit as securit39_38_, jpassssecu0_.securities_type_id as securit40_38_, jpassssecu0_.status as status41_38_, jpassssecu0_.tax_scheme_id as tax_sch42_38_, jpassssecu0_.tenor_period as tenor_p43_38_, jpassssecu0_.tradable as tradabl44_38_, jpassssecu0_.workflow_status_id as workflo45_38_ from securities_code jpassssecu0_ where jpassssecu0_.securities_code=?
2022-12-27 15:06:15.207 [main] DEBUG org.hibernate.SQL:128 - select jpasssacco0_.id as id1_0_, jpasssacco0_.account_id as account_2_0_, jpasssacco0_.account_status as account_3_0_, jpasssacco0_.action as action4_0_, jpasssacco0_.approval_remark as approval5_0_, jpasssacco0_.approved_by as approved6_0_, jpasssacco0_.approved_date as approved7_0_, jpasssacco0_.corporate_investor as corporat8_0_, jpasssacco0_.created_date as created_9_0_, jpasssacco0_.custody_account_type_id as custody10_0_, jpasssacco0_.description as descrip11_0_, jpasssacco0_.effective_date as effecti12_0_, jpasssacco0_.member_id as member_13_0_, jpasssacco0_.modified_by as modifie14_0_, jpasssacco0_.modified_date as modifie15_0_, jpasssacco0_.statement_delivery_bic as stateme16_0_, jpasssacco0_.status as status17_0_, jpasssacco0_.tax_profile_id as tax_pro18_0_, jpasssacco0_.workflow_status_id as workflo19_0_ from account jpasssacco0_ where jpasssacco0_.account_id=?
2022-12-27 15:06:15.261 [main] DEBUG org.hibernate.SQL:128 - select jpassssecu0_.id as id1_48_0_, jpassssecu0_.account_id as account_2_48_0_, jpassssecu0_.cancelled_amount as cancelle3_48_0_, jpassssecu0_.cancelled_count as cancelle4_48_0_, jpassssecu0_.closing_nominal_amount as closing_5_48_0_, jpassssecu0_.opening_nominal_amount as opening_6_48_0_, jpassssecu0_.queued_amount as queued_a7_48_0_, jpassssecu0_.queued_count as queued_c8_48_0_, jpassssecu0_.receipt_amount as receipt_9_48_0_, jpassssecu0_.receipt_count as receipt10_48_0_, jpassssecu0_.rejected_amount as rejecte11_48_0_, jpassssecu0_.rejected_count as rejecte12_48_0_, jpassssecu0_.remarks as remarks13_48_0_, jpassssecu0_.securities_code as securit14_48_0_, jpassssecu0_.settled_amount as settled15_48_0_, jpassssecu0_.settled_count as settled16_48_0_, jpassssecu0_.value_date as value_d17_48_0_ from securities_position_stats_temp jpassssecu0_ where jpassssecu0_.id=?
2022-12-27 15:06:15.308 [main] DEBUG org.hibernate.SQL:128 - insert into securities_position_stats_temp (account_id, cancelled_amount, cancelled_count, closing_nominal_amount, opening_nominal_amount, queued_amount, queued_count, receipt_amount, receipt_count, rejected_amount, rejected_count, remarks, securities_code, settled_amount, settled_count, value_date, id) values (?, ?, ?, ?, ?, ?, ?, ?, ?, ?, ?, ?, ?, ?, ?, ?, ?)
2022-12-27 15:06:15.392 [main] DEBUG org.hibernate.SQL:128 - insert into securities_position_stats_source (account_id, cancelled_amount, cancelled_count, closing_nominal_amount, id, opening_nominal_amount, queued_amount, queued_count, receipt_amount, receipt_count, rejected_amount, rejected_count, remarks, securities_code, settled_amount, settled_count, value_date) values (?, ?, ?, ?, ?, ?, ?, ?, ?, ?, ?, ?, ?, ?, ?, ?, ?)
2022-12-27 15:06:15.449 [main] DEBUG org.hibernate.SQL:128 - select jpassssecu0_.securities_code as securiti1_38_, jpassssecu0_.action as action2_38_, jpassssecu0_.approval_remark as approval3_38_, jpassssecu0_.approved_by as approved4_38_, jpassssecu0_.approved_date as approved5_38_, jpassssecu0_.average_yield as average_6_38_, jpassssecu0_.benchmark_indicator as benchmar7_38_, jpassssecu0_.central_bank_applied_amount as central_8_38_, jpassssecu0_.coupon_payment_frequency as coupon_p9_38_, jpassssecu0_.coupon_rate as coupon_10_38_, jpassssecu0_.coupon_structure as coupon_11_38_, jpassssecu0_.created_date as created12_38_, jpassssecu0_.currency_code as currenc13_38_, jpassssecu0_.day_count_convention as day_cou14_38_, jpassssecu0_.denomination as denomin15_38_, jpassssecu0_.description as descrip16_38_, jpassssecu0_.effective_date as effecti17_38_, jpassssecu0_.facility_eligibility_id as facilit18_38_, jpassssecu0_.first_auction_date as first_a19_38_, jpassssecu0_.first_coupon_date as first_c20_38_, jpassssecu0_.first_issuance_amount as first_i21_38_, jpassssecu0_.first_issuance_date as first_i22_38_, jpassssecu0_.haircut_id as haircut23_38_, jpassssecu0_.ipa as ipa24_38_, jpassssecu0_.issue_code as issue_c25_38_, jpassssecu0_.issue_price as issue_p26_38_, jpassssecu0_.issue_yield as issue_y27_38_, jpassssecu0_.issuer_id as issuer_28_38_, jpassssecu0_.modified_by as modifie29_38_, jpassssecu0_.modified_date as modifie30_38_, jpassssecu0_.optional_redemption_date as optiona31_38_, jpassssecu0_.optional_redemption_price as optiona32_38_, jpassssecu0_.record_date_period as record_33_38_, jpassssecu0_.redemption_date as redempt34_38_, jpassssecu0_.redemption_price as redempt35_38_, jpassssecu0_.redemption_reimburse as redempt36_38_, jpassssecu0_.rounding_option as roundin37_38_, jpassssecu0_.securities_status as securit38_38_, jpassssecu0_.securities_tenor_period_unit as securit39_38_, jpassssecu0_.securities_type_id as securit40_38_, jpassssecu0_.status as status41_38_, jpassssecu0_.tax_scheme_id as tax_sch42_38_, jpassssecu0_.tenor_period as tenor_p43_38_, jpassssecu0_.tradable as tradabl44_38_, jpassssecu0_.workflow_status_id as workflo45_38_ from securities_code jpassssecu0_ where jpassssecu0_.securities_code=?
2022-12-27 15:06:15.473 [main] DEBUG org.hibernate.SQL:128 - select jpasssacco0_.id as id1_0_, jpasssacco0_.account_id as account_2_0_, jpasssacco0_.account_status as account_3_0_, jpasssacco0_.action as action4_0_, jpasssacco0_.approval_remark as approval5_0_, jpasssacco0_.approved_by as approved6_0_, jpasssacco0_.approved_date as approved7_0_, jpasssacco0_.corporate_investor as corporat8_0_, jpasssacco0_.created_date as created_9_0_, jpasssacco0_.custody_account_type_id as custody10_0_, jpasssacco0_.description as descrip11_0_, jpasssacco0_.effective_date as effecti12_0_, jpasssacco0_.member_id as member_13_0_, jpasssacco0_.modified_by as modifie14_0_, jpasssacco0_.modified_date as modifie15_0_, jpasssacco0_.statement_delivery_bic as stateme16_0_, jpasssacco0_.status as status17_0_, jpasssacco0_.tax_profile_id as tax_pro18_0_, jpasssacco0_.workflow_status_id as workflo19_0_ from account jpasssacco0_ where jpasssacco0_.account_id=?
2022-12-27 15:06:15.508 [main] DEBUG org.hibernate.SQL:128 - select jpassssecu0_.id as id1_48_0_, jpassssecu0_.account_id as account_2_48_0_, jpassssecu0_.cancelled_amount as cancelle3_48_0_, jpassssecu0_.cancelled_count as cancelle4_48_0_, jpassssecu0_.closing_nominal_amount as closing_5_48_0_, jpassssecu0_.opening_nominal_amount as opening_6_48_0_, jpassssecu0_.queued_amount as queued_a7_48_0_, jpassssecu0_.queued_count as queued_c8_48_0_, jpassssecu0_.receipt_amount as receipt_9_48_0_, jpassssecu0_.receipt_count as receipt10_48_0_, jpassssecu0_.rejected_amount as rejecte11_48_0_, jpassssecu0_.rejected_count as rejecte12_48_0_, jpassssecu0_.remarks as remarks13_48_0_, jpassssecu0_.securities_code as securit14_48_0_, jpassssecu0_.settled_amount as settled15_48_0_, jpassssecu0_.settled_count as settled16_48_0_, jpassssecu0_.value_date as value_d17_48_0_ from securities_position_stats_temp jpassssecu0_ where jpassssecu0_.id=?
2022-12-27 15:06:15.531 [main] DEBUG org.hibernate.SQL:128 - insert into securities_position_stats_temp (account_id, cancelled_amount, cancelled_count, closing_nominal_amount, opening_nominal_amount, queued_amount, queued_count, receipt_amount, receipt_count, rejected_amount, rejected_count, remarks, securities_code, settled_amount, settled_count, value_date, id) values (?, ?, ?, ?, ?, ?, ?, ?, ?, ?, ?, ?, ?, ?, ?, ?, ?)
2022-12-27 15:06:15.737 [main] DEBUG org.hibernate.SQL:128 - select jpassssecu0_.account_id as account_1_46_0_, jpassssecu0_.securities_code as securiti2_46_0_, jpassssecu0_.value_date as value_da3_46_0_, jpassssecu0_.cancelled_amount as cancelle4_46_0_, jpassssecu0_.cancelled_count as cancelle5_46_0_, jpassssecu0_.closing_nominal_amount as closing_6_46_0_, jpassssecu0_.opening_nominal_amount as opening_7_46_0_, jpassssecu0_.queued_amount as queued_a8_46_0_, jpassssecu0_.queued_count as queued_c9_46_0_, jpassssecu0_.receipt_amount as receipt10_46_0_, jpassssecu0_.receipt_count as receipt11_46_0_, jpassssecu0_.rejected_amount as rejecte12_46_0_, jpassssecu0_.rejected_count as rejecte13_46_0_, jpassssecu0_.settled_amount as settled14_46_0_, jpassssecu0_.settled_count as settled15_46_0_ from securities_position_stats jpassssecu0_ where jpassssecu0_.account_id=? and jpassssecu0_.securities_code=? and jpassssecu0_.value_date=?
2022-12-27 15:06:15.754 [main] DEBUG org.hibernate.SQL:128 - insert into securities_position_stats (cancelled_amount, cancelled_count, closing_nominal_amount, opening_nominal_amount, queued_amount, queued_count, receipt_amount, receipt_count, rejected_amount, rejected_count, settled_amount, settled_count, account_id, securities_code, value_date) values (?, ?, ?, ?, ?, ?, ?, ?, ?, ?, ?, ?, ?, ?, ?)
2022-12-27 15:06:15.827 [main] INFO  scrips.datamigration.common.service.FkChecksEnableDisable:23 - enable FkChecks called
2022-12-27 15:06:15.828 [main] DEBUG org.hibernate.SQL:128 - SET FOREIGN_KEY_CHECKS = 1
2022-12-27 15:06:15.843 [main] INFO  scrips.datamigration.common.service.FkChecksEnableDisable:25 - enable FkChecks done
2022-12-27 15:06:15.874 [main] DEBUG org.hibernate.SQL:128 - SELECT @@GLOBAL.foreign_key_checks, @@SESSION.foreign_key_checks
2022-12-27 15:06:15.893 [main] INFO  scrips.datamigration.common.service.FkChecksEnableDisable:52 - foreign_key_checks status - 1
2022-12-27 15:06:15.948 [SpringContextShutdownHook] INFO  org.springframework.orm.jpa.LocalContainerEntityManagerFactoryBean:598 - Closing JPA EntityManagerFactory for persistence unit 'data'
2022-12-27 15:06:15.953 [SpringContextShutdownHook] INFO  com.zaxxer.hikari.HikariDataSource:350 - HikariPool-1 - Shutdown initiated...
2022-12-27 15:06:15.979 [SpringContextShutdownHook] INFO  com.zaxxer.hikari.HikariDataSource:352 - HikariPool-1 - Shutdown completed.
