2022-12-22 16:45:44.950 [main] INFO  scrips.datamigration.App:55 - Starting App on WSIN181 with PID 2928 (D:\DataMigrationNEW\DATA_MIGRATION_RTGS\DataMigrationAndExtract\DataMigration\target\classes started by SheikKhadeer in D:\DataMigrationNEW\DATA_MIGRATION_RTGS\DataMigrationAndExtract\DataMigration)
2022-12-22 16:45:44.957 [main] INFO  scrips.datamigration.App:651 - No active profile set, falling back to default profiles: app
2022-12-22 16:45:46.084 [main] INFO  org.springframework.data.repository.config.RepositoryConfigurationDelegate:127 - Bootstrapping Spring Data JPA repositories in DEFAULT mode.
2022-12-22 16:45:46.708 [main] INFO  org.springframework.data.repository.config.RepositoryConfigurationDelegate:187 - Finished Spring Data repository scanning in 606ms. Found 66 JPA repository interfaces.
2022-12-22 16:45:47.114 [main] INFO  com.ulisesbocchio.jasyptspringboot.configuration.EnableEncryptablePropertiesBeanFactoryPostProcessor:39 - Post-processing PropertySource instances
2022-12-22 16:45:47.140 [main] INFO  com.ulisesbocchio.jasyptspringboot.EncryptablePropertySourceConverter:56 - Converting PropertySource configurationProperties [org.springframework.boot.context.properties.source.ConfigurationPropertySourcesPropertySource] to AOP Proxy
2022-12-22 16:45:47.141 [main] INFO  com.ulisesbocchio.jasyptspringboot.EncryptablePropertySourceConverter:56 - Converting PropertySource commandLineArgs [org.springframework.core.env.SimpleCommandLinePropertySource] to EncryptableEnumerablePropertySourceWrapper
2022-12-22 16:45:47.141 [main] INFO  com.ulisesbocchio.jasyptspringboot.EncryptablePropertySourceConverter:56 - Converting PropertySource systemProperties [org.springframework.core.env.PropertiesPropertySource] to EncryptableMapPropertySourceWrapper
2022-12-22 16:45:47.142 [main] INFO  com.ulisesbocchio.jasyptspringboot.EncryptablePropertySourceConverter:56 - Converting PropertySource systemEnvironment [org.springframework.boot.env.SystemEnvironmentPropertySourceEnvironmentPostProcessor$OriginAwareSystemEnvironmentPropertySource] to EncryptableSystemEnvironmentPropertySourceWrapper
2022-12-22 16:45:47.142 [main] INFO  com.ulisesbocchio.jasyptspringboot.EncryptablePropertySourceConverter:56 - Converting PropertySource random [org.springframework.boot.env.RandomValuePropertySource] to EncryptablePropertySourceWrapper
2022-12-22 16:45:47.142 [main] INFO  com.ulisesbocchio.jasyptspringboot.EncryptablePropertySourceConverter:56 - Converting PropertySource applicationConfig: [file:./config/application.properties] [org.springframework.boot.env.OriginTrackedMapPropertySource] to EncryptableMapPropertySourceWrapper
2022-12-22 16:45:47.143 [main] INFO  com.ulisesbocchio.jasyptspringboot.EncryptablePropertySourceConverter:56 - Converting PropertySource applicationConfig: [classpath:/application.properties] [org.springframework.boot.env.OriginTrackedMapPropertySource] to EncryptableMapPropertySourceWrapper
2022-12-22 16:45:47.143 [main] INFO  com.ulisesbocchio.jasyptspringboot.EncryptablePropertySourceConverter:56 - Converting PropertySource DataMigrationProperties [org.springframework.core.env.MapPropertySource] to EncryptableMapPropertySourceWrapper
2022-12-22 16:45:47.282 [main] INFO  com.ulisesbocchio.jasyptspringboot.filter.DefaultLazyPropertyFilter:31 - Property Filter custom Bean not found with name 'encryptablePropertyFilter'. Initializing Default Property Filter
2022-12-22 16:45:47.395 [main] INFO  com.ulisesbocchio.jasyptspringboot.resolver.DefaultLazyPropertyResolver:35 - Property Resolver custom Bean not found with name 'encryptablePropertyResolver'. Initializing Default Property Resolver
2022-12-22 16:45:47.398 [main] INFO  com.ulisesbocchio.jasyptspringboot.detector.DefaultLazyPropertyDetector:35 - Property Detector custom Bean not found with name 'encryptablePropertyDetector'. Initializing Default Property Detector
2022-12-22 16:45:47.406 [main] INFO  com.ulisesbocchio.jasyptspringboot.encryptor.DefaultLazyEncryptor:37 - String Encryptor custom Bean not found with name 'jasyptStringEncryptor'. Initializing Default String Encryptor
2022-12-22 16:45:47.421 [main] INFO  com.ulisesbocchio.jasyptspringboot.configuration.StringEncryptorBuilder:81 - Encryptor config not found for property jasypt.encryptor.key-obtention-iterations, using default value: 1000
2022-12-22 16:45:47.421 [main] INFO  com.ulisesbocchio.jasyptspringboot.configuration.StringEncryptorBuilder:81 - Encryptor config not found for property jasypt.encryptor.pool-size, using default value: 1
2022-12-22 16:45:47.422 [main] INFO  com.ulisesbocchio.jasyptspringboot.configuration.StringEncryptorBuilder:81 - Encryptor config not found for property jasypt.encryptor.provider-name, using default value: null
2022-12-22 16:45:47.422 [main] INFO  com.ulisesbocchio.jasyptspringboot.configuration.StringEncryptorBuilder:81 - Encryptor config not found for property jasypt.encryptor.provider-class-name, using default value: null
2022-12-22 16:45:47.423 [main] INFO  com.ulisesbocchio.jasyptspringboot.configuration.StringEncryptorBuilder:81 - Encryptor config not found for property jasypt.encryptor.salt-generator-classname, using default value: org.jasypt.salt.RandomSaltGenerator
2022-12-22 16:45:47.425 [main] INFO  com.ulisesbocchio.jasyptspringboot.configuration.StringEncryptorBuilder:81 - Encryptor config not found for property jasypt.encryptor.string-output-type, using default value: base64
2022-12-22 16:45:47.621 [main] INFO  org.hibernate.jpa.internal.util.LogHelper:31 - HHH000204: Processing PersistenceUnitInfo [name: data]
2022-12-22 16:45:47.682 [main] INFO  org.hibernate.Version:44 - HHH000412: Hibernate ORM core version 5.4.15.Final
2022-12-22 16:45:47.834 [main] INFO  org.hibernate.annotations.common.Version:49 - HCANN000001: Hibernate Commons Annotations {5.1.0.Final}
2022-12-22 16:45:48.363 [main] INFO  com.zaxxer.hikari.HikariDataSource:110 - HikariPool-1 - Starting...
2022-12-22 16:45:48.765 [main] INFO  com.zaxxer.hikari.HikariDataSource:123 - HikariPool-1 - Start completed.
2022-12-22 16:45:48.886 [main] INFO  org.hibernate.dialect.Dialect:172 - HHH000400: Using dialect: org.hibernate.dialect.MySQL8Dialect
2022-12-22 16:45:49.166 [main] INFO  org.hibernate.envers.boot.internal.EnversServiceImpl:90 - Envers integration enabled? : true
2022-12-22 16:45:51.161 [main] INFO  org.hibernate.engine.transaction.jta.platform.internal.JtaPlatformInitiator:52 - HHH000490: Using JtaPlatform implementation: [org.hibernate.engine.transaction.jta.platform.internal.NoJtaPlatform]
2022-12-22 16:45:51.169 [main] INFO  org.springframework.orm.jpa.LocalContainerEntityManagerFactoryBean:416 - Initialized JPA EntityManagerFactory for persistence unit 'data'
2022-12-22 16:45:52.941 [main] INFO  scrips.datamigration.App:61 - Started App in 8.613 seconds (JVM running for 10.317)
2022-12-22 16:45:52.995 [main] INFO  scrips.datamigration.common.service.FkChecksEnableDisable:36 - disable FkChecks called
2022-12-22 16:45:53.020 [main] DEBUG org.hibernate.SQL:128 - SET FOREIGN_KEY_CHECKS = 0
2022-12-22 16:45:53.050 [main] INFO  scrips.datamigration.common.service.FkChecksEnableDisable:38 - disable FkChecks done
2022-12-22 16:45:53.169 [main] DEBUG org.hibernate.SQL:128 - SELECT @@GLOBAL.foreign_key_checks, @@SESSION.foreign_key_checks
2022-12-22 16:45:53.216 [main] INFO  scrips.datamigration.common.service.FkChecksEnableDisable:52 - foreign_key_checks status - 0
2022-12-22 16:45:53.270 [main] INFO  scrips.datamigration.controller.ScripsFileUploadController:159 - fileUploadCode - SSS_TRANSACTION_FILE_UPLOAD
2022-12-22 16:45:53.271 [main] INFO  scrips.datamigration.common.service.FileUploadService:115 - getFileHeaderByCode entered
2022-12-22 16:45:53.274 [main] INFO  scrips.datamigration.common.service.FileUploadService:121 - fileUpldHeaderOut - sss_transaction
2022-12-22 16:45:53.275 [main] INFO  scrips.datamigration.controller.ScripsFileUploadController:163 - Live table name ->sss_transaction
2022-12-22 16:45:53.278 [main] INFO  scrips.datamigration.common.service.FileUploadService:81 - ftp status n
2022-12-22 16:45:53.280 [main] INFO  scrips.datamigration.common.service.FileUploadService:96 - FTP Not Enabled,Reading files from MigrationFiles folder
2022-12-22 16:45:53.307 [main] INFO  scrips.datamigration.controller.ScripsFileUploadController:177 - fileRecords - ST2022060210472597906325|SGSITSE04051|RPC|20220601|20220601|SGD|100.00000|4000.00000|10.00000|ZYSHSGS0|MASGSGSG|transaction1|2022-06-02 02:47:26|2022-06-02 02:47:29|1|sese.023.001.09|ZYSASGS0|MASGSGSG|ALLOTEST1|FLL00001|ERF|1|55.00
2022-12-22 16:45:53.308 [main] INFO  scrips.datamigration.controller.ScripsFileUploadController:177 - fileRecords - ST2022061005005110298446|SGCANCELSHA7|RPC|20220310|20220310|SGD|0.00000|80000.00000|3000.00|MASGSGSG|ZYSASGS0|transaction2|2022-06-09 21:00:51|2022-06-10 10:30:02|2|sese.023.001.09|MAS00001|MASGSGSC|CTR00002|ALO00001|MRF|2|120.00
2022-12-22 16:45:53.309 [main] INFO  scrips.datamigration.controller.ScripsFileUploadController:179 - 1:sss_reference
2022-12-22 16:45:53.310 [main] INFO  scrips.datamigration.controller.ScripsFileUploadController:179 - 2:securities_code
2022-12-22 16:45:53.311 [main] INFO  scrips.datamigration.controller.ScripsFileUploadController:179 - 3:transaction_type
2022-12-22 16:45:53.311 [main] INFO  scrips.datamigration.controller.ScripsFileUploadController:179 - 4:settlement_date
2022-12-22 16:45:53.312 [main] INFO  scrips.datamigration.controller.ScripsFileUploadController:179 - 5:trade_date
2022-12-22 16:45:53.312 [main] INFO  scrips.datamigration.controller.ScripsFileUploadController:179 - 6:currency_code
2022-12-22 16:45:53.313 [main] INFO  scrips.datamigration.controller.ScripsFileUploadController:179 - 7:settlement_amount
2022-12-22 16:45:53.314 [main] INFO  scrips.datamigration.controller.ScripsFileUploadController:179 - 8:nominal_amount
2022-12-22 16:45:53.314 [main] INFO  scrips.datamigration.controller.ScripsFileUploadController:179 - 9:deal_price
2022-12-22 16:45:53.315 [main] INFO  scrips.datamigration.controller.ScripsFileUploadController:179 - 10:deliverer_member_code
2022-12-22 16:45:53.315 [main] INFO  scrips.datamigration.controller.ScripsFileUploadController:179 - 11:receiver_member_code
2022-12-22 16:45:53.316 [main] INFO  scrips.datamigration.controller.ScripsFileUploadController:179 - 12:transaction_reference
2022-12-22 16:45:53.317 [main] INFO  scrips.datamigration.controller.ScripsFileUploadController:179 - 13:created_date
2022-12-22 16:45:53.318 [main] INFO  scrips.datamigration.controller.ScripsFileUploadController:179 - 14:modified_date
2022-12-22 16:45:53.320 [main] INFO  scrips.datamigration.controller.ScripsFileUploadController:179 - 15:receiver_member_swift_code
2022-12-22 16:45:53.321 [main] INFO  scrips.datamigration.controller.ScripsFileUploadController:179 - 16:message_type
2022-12-22 16:45:53.325 [main] INFO  scrips.datamigration.controller.ScripsFileUploadController:179 - 17:receiver_rtgs_member_code
2022-12-22 16:45:53.326 [main] INFO  scrips.datamigration.controller.ScripsFileUploadController:179 - 18:deliverer_rtgs_member_code
2022-12-22 16:45:53.330 [main] INFO  scrips.datamigration.controller.ScripsFileUploadController:179 - 19:deliverer_account_no
2022-12-22 16:45:53.331 [main] INFO  scrips.datamigration.controller.ScripsFileUploadController:179 - 20:receiver_account_no
2022-12-22 16:45:53.331 [main] INFO  scrips.datamigration.controller.ScripsFileUploadController:179 - 21:receiver_sender_id
2022-12-22 16:45:53.332 [main] INFO  scrips.datamigration.controller.ScripsFileUploadController:179 - 22:deliverer_sender_id
2022-12-22 16:45:53.332 [main] INFO  scrips.datamigration.controller.ScripsFileUploadController:179 - 23:accured_interest_amount
